0:0:0:0:0:0:0:1 - - [18/Jan/2021:00:01:32 -0800] "GET /login HTTP/1.1" 200 5962
0:0:0:0:0:0:0:1 - - [18/Jan/2021:00:01:32 -0800] "GET /js/action.js HTTP/1.1" 200 -
0:0:0:0:0:0:0:1 - - [18/Jan/2021:00:01:32 -0800] "GET /css/main.css HTTP/1.1" 302 -
0:0:0:0:0:0:0:1 - - [18/Jan/2021:00:01:32 -0800] "GET /login HTTP/1.1" 200 5962
0:0:0:0:0:0:0:1 - - [18/Jan/2021:00:01:39 -0800] "POST /doLogin HTTP/1.1" 302 -
0:0:0:0:0:0:0:1 - - [18/Jan/2021:00:01:39 -0800] "GET /loginFailed HTTP/1.1" 302 -
0:0:0:0:0:0:0:1 - - [18/Jan/2021:00:01:39 -0800] "GET /login HTTP/1.1" 200 6031
0:0:0:0:0:0:0:1 - - [18/Jan/2021:00:01:39 -0800] "GET /css/main.css HTTP/1.1" 302 -
0:0:0:0:0:0:0:1 - - [18/Jan/2021:00:01:39 -0800] "GET /js/action.js HTTP/1.1" 200 -
0:0:0:0:0:0:0:1 - - [18/Jan/2021:00:01:39 -0800] "GET /login HTTP/1.1" 200 5962
0:0:0:0:0:0:0:1 - - [18/Jan/2021:00:04:18 -0800] "GET /login HTTP/1.1" 200 5962
0:0:0:0:0:0:0:1 - - [18/Jan/2021:00:04:18 -0800] "GET /js/action.js HTTP/1.1" 200 -
0:0:0:0:0:0:0:1 - - [18/Jan/2021:00:04:18 -0800] "GET /css/main.css HTTP/1.1" 302 -
0:0:0:0:0:0:0:1 - - [18/Jan/2021:00:04:18 -0800] "GET /login HTTP/1.1" 200 5962
0:0:0:0:0:0:0:1 - - [18/Jan/2021:00:04:20 -0800] "GET /signup HTTP/1.1" 200 5168
0:0:0:0:0:0:0:1 - - [18/Jan/2021:00:04:20 -0800] "GET /css/main.css HTTP/1.1" 302 -
0:0:0:0:0:0:0:1 - - [18/Jan/2021:00:04:20 -0800] "GET /js/action.js HTTP/1.1" 200 -
0:0:0:0:0:0:0:1 - - [18/Jan/2021:00:04:20 -0800] "GET /login HTTP/1.1" 200 5962
0:0:0:0:0:0:0:1 - - [18/Jan/2021:00:04:33 -0800] "GET /al HTTP/1.1" 302 -
0:0:0:0:0:0:0:1 - - [18/Jan/2021:00:04:33 -0800] "GET /login HTTP/1.1" 200 5962
0:0:0:0:0:0:0:1 - - [18/Jan/2021:00:04:33 -0800] "GET /css/main.css HTTP/1.1" 302 -
0:0:0:0:0:0:0:1 - - [18/Jan/2021:00:04:33 -0800] "GET /js/action.js HTTP/1.1" 200 -
0:0:0:0:0:0:0:1 - - [18/Jan/2021:00:04:33 -0800] "GET /login HTTP/1.1" 200 5962
0:0:0:0:0:0:0:1 - - [18/Jan/2021:00:04:36 -0800] "GET /signup HTTP/1.1" 200 5168
0:0:0:0:0:0:0:1 - - [18/Jan/2021:00:04:37 -0800] "GET /css/main.css HTTP/1.1" 302 -
0:0:0:0:0:0:0:1 - - [18/Jan/2021:00:04:37 -0800] "GET /js/action.js HTTP/1.1" 200 -
0:0:0:0:0:0:0:1 - - [18/Jan/2021:00:04:37 -0800] "GET /login HTTP/1.1" 200 5962
0:0:0:0:0:0:0:1 - - [18/Jan/2021:00:04:51 -0800] "POST /signup HTTP/1.1" 302 -
0:0:0:0:0:0:0:1 - - [18/Jan/2021:00:04:51 -0800] "GET /login HTTP/1.1" 200 6045
0:0:0:0:0:0:0:1 - - [18/Jan/2021:00:04:51 -0800] "GET /css/main.css HTTP/1.1" 302 -
0:0:0:0:0:0:0:1 - - [18/Jan/2021:00:04:51 -0800] "GET /js/action.js HTTP/1.1" 200 -
0:0:0:0:0:0:0:1 - - [18/Jan/2021:00:04:51 -0800] "GET /login HTTP/1.1" 200 5962
0:0:0:0:0:0:0:1 - - [18/Jan/2021:00:04:54 -0800] "GET /registrationConfirm?token=66e03d18-0eb5-4c94-933b-f51f8bd64836 HTTP/1.1" 302 -
0:0:0:0:0:0:0:1 - - [18/Jan/2021:00:04:54 -0800] "GET /login HTTP/1.1" 200 6035
0:0:0:0:0:0:0:1 - - [18/Jan/2021:00:04:54 -0800] "GET /css/main.css HTTP/1.1" 302 -
0:0:0:0:0:0:0:1 - - [18/Jan/2021:00:04:54 -0800] "GET /js/action.js HTTP/1.1" 200 -
0:0:0:0:0:0:0:1 - - [18/Jan/2021:00:04:54 -0800] "GET /login HTTP/1.1" 200 5962
0:0:0:0:0:0:0:1 - - [18/Jan/2021:00:05:03 -0800] "POST /doLogin HTTP/1.1" 302 -
0:0:0:0:0:0:0:1 - - [18/Jan/2021:00:05:03 -0800] "GET /loginFailed HTTP/1.1" 302 -
0:0:0:0:0:0:0:1 - - [18/Jan/2021:00:05:03 -0800] "GET /login HTTP/1.1" 200 6031
0:0:0:0:0:0:0:1 - - [18/Jan/2021:00:05:03 -0800] "GET /css/main.css HTTP/1.1" 302 -
0:0:0:0:0:0:0:1 - - [18/Jan/2021:00:05:03 -0800] "GET /js/action.js HTTP/1.1" 200 -
0:0:0:0:0:0:0:1 - - [18/Jan/2021:00:05:03 -0800] "GET /login HTTP/1.1" 200 5962
0:0:0:0:0:0:0:1 - - [18/Jan/2021:01:19:03 -0800] "GET /login HTTP/1.1" 200 5962
0:0:0:0:0:0:0:1 - - [18/Jan/2021:01:19:03 -0800] "GET /js/action.js HTTP/1.1" 200 -
0:0:0:0:0:0:0:1 - - [18/Jan/2021:01:19:03 -0800] "GET /css/main.css HTTP/1.1" 302 -
0:0:0:0:0:0:0:1 - - [18/Jan/2021:01:19:03 -0800] "GET /login HTTP/1.1" 200 5962
0:0:0:0:0:0:0:1 - - [18/Jan/2021:01:19:06 -0800] "GET /signup HTTP/1.1" 200 5168
0:0:0:0:0:0:0:1 - - [18/Jan/2021:01:19:06 -0800] "GET /css/main.css HTTP/1.1" 302 -
0:0:0:0:0:0:0:1 - - [18/Jan/2021:01:19:06 -0800] "GET /js/action.js HTTP/1.1" 200 -
0:0:0:0:0:0:0:1 - - [18/Jan/2021:01:19:06 -0800] "GET /login HTTP/1.1" 200 5962
0:0:0:0:0:0:0:1 - - [18/Jan/2021:01:19:16 -0800] "POST /signup HTTP/1.1" 302 -
0:0:0:0:0:0:0:1 - - [18/Jan/2021:01:19:16 -0800] "GET /login HTTP/1.1" 200 6045
0:0:0:0:0:0:0:1 - - [18/Jan/2021:01:19:17 -0800] "GET /css/main.css HTTP/1.1" 302 -
0:0:0:0:0:0:0:1 - - [18/Jan/2021:01:19:17 -0800] "GET /js/action.js HTTP/1.1" 200 -
0:0:0:0:0:0:0:1 - - [18/Jan/2021:01:19:17 -0800] "GET /login HTTP/1.1" 200 5962
0:0:0:0:0:0:0:1 - - [18/Jan/2021:01:19:19 -0800] "GET /registrationConfirm?token=c562e810-d2bc-46c5-b66f-3c1273dd18f0 HTTP/1.1" 302 -
0:0:0:0:0:0:0:1 - - [18/Jan/2021:01:19:19 -0800] "GET /login HTTP/1.1" 200 6035
0:0:0:0:0:0:0:1 - - [18/Jan/2021:01:19:20 -0800] "GET /css/main.css HTTP/1.1" 302 -
0:0:0:0:0:0:0:1 - - [18/Jan/2021:01:19:20 -0800] "GET /js/action.js HTTP/1.1" 200 -
0:0:0:0:0:0:0:1 - - [18/Jan/2021:01:19:20 -0800] "GET /login HTTP/1.1" 200 5962
0:0:0:0:0:0:0:1 - - [18/Jan/2021:01:19:25 -0800] "POST /doLogin HTTP/1.1" 302 -
0:0:0:0:0:0:0:1 - - [18/Jan/2021:01:19:25 -0800] "GET /loginFailed HTTP/1.1" 302 -
0:0:0:0:0:0:0:1 - - [18/Jan/2021:01:19:25 -0800] "GET /login HTTP/1.1" 200 6031
0:0:0:0:0:0:0:1 - - [18/Jan/2021:01:19:25 -0800] "GET /css/main.css HTTP/1.1" 302 -
0:0:0:0:0:0:0:1 - - [18/Jan/2021:01:19:25 -0800] "GET /js/action.js HTTP/1.1" 200 -
0:0:0:0:0:0:0:1 - - [18/Jan/2021:01:19:25 -0800] "GET /login HTTP/1.1" 200 5962
0:0:0:0:0:0:0:1 - - [18/Jan/2021:02:12:35 -0800] "GET /login HTTP/1.1" 200 5962
0:0:0:0:0:0:0:1 - - [18/Jan/2021:02:12:35 -0800] "GET /js/action.js HTTP/1.1" 200 -
0:0:0:0:0:0:0:1 - - [18/Jan/2021:02:12:35 -0800] "GET /css/main.css HTTP/1.1" 302 -
0:0:0:0:0:0:0:1 - - [18/Jan/2021:02:12:35 -0800] "GET /login HTTP/1.1" 200 5962
0:0:0:0:0:0:0:1 - - [18/Jan/2021:02:12:42 -0800] "GET /loginSuccessful HTTP/1.1" 302 -
0:0:0:0:0:0:0:1 - - [18/Jan/2021:02:12:42 -0800] "GET /login HTTP/1.1" 200 5962
0:0:0:0:0:0:0:1 - - [18/Jan/2021:02:12:42 -0800] "GET /css/main.css HTTP/1.1" 302 -
0:0:0:0:0:0:0:1 - - [18/Jan/2021:02:12:42 -0800] "GET /js/action.js HTTP/1.1" 200 -
0:0:0:0:0:0:0:1 - - [18/Jan/2021:02:12:42 -0800] "GET /login HTTP/1.1" 200 5962
0:0:0:0:0:0:0:1 - - [18/Jan/2021:02:13:23 -0800] "POST /doLogin HTTP/1.1" 302 -
0:0:0:0:0:0:0:1 - - [18/Jan/2021:02:13:23 -0800] "GET /loginFailed HTTP/1.1" 302 -
0:0:0:0:0:0:0:1 - - [18/Jan/2021:02:13:23 -0800] "GET /login HTTP/1.1" 200 6031
0:0:0:0:0:0:0:1 - - [18/Jan/2021:02:13:23 -0800] "GET /css/main.css HTTP/1.1" 302 -
0:0:0:0:0:0:0:1 - - [18/Jan/2021:02:13:23 -0800] "GET /js/action.js HTTP/1.1" 200 -
0:0:0:0:0:0:0:1 - - [18/Jan/2021:02:13:23 -0800] "GET /login HTTP/1.1" 200 5962
0:0:0:0:0:0:0:1 - - [18/Jan/2021:02:14:14 -0800] "GET /signup HTTP/1.1" 200 5168
0:0:0:0:0:0:0:1 - - [18/Jan/2021:02:14:14 -0800] "GET /css/main.css HTTP/1.1" 302 -
0:0:0:0:0:0:0:1 - - [18/Jan/2021:02:14:14 -0800] "GET /js/action.js HTTP/1.1" 200 -
0:0:0:0:0:0:0:1 - - [18/Jan/2021:02:14:14 -0800] "GET /login HTTP/1.1" 200 5962
0:0:0:0:0:0:0:1 - - [18/Jan/2021:02:14:34 -0800] "POST /signup HTTP/1.1" 302 -
0:0:0:0:0:0:0:1 - - [18/Jan/2021:02:14:34 -0800] "GET /login HTTP/1.1" 200 6045
0:0:0:0:0:0:0:1 - - [18/Jan/2021:02:14:34 -0800] "GET /css/main.css HTTP/1.1" 302 -
0:0:0:0:0:0:0:1 - - [18/Jan/2021:02:14:34 -0800] "GET /js/action.js HTTP/1.1" 200 -
0:0:0:0:0:0:0:1 - - [18/Jan/2021:02:14:34 -0800] "GET /login HTTP/1.1" 200 5962
0:0:0:0:0:0:0:1 - - [18/Jan/2021:02:14:54 -0800] "GET /registrationConfirm?token=ee34062f-0272-4421-8cc4-bc8b5e652cfd HTTP/1.1" 302 -
0:0:0:0:0:0:0:1 - - [18/Jan/2021:02:14:54 -0800] "GET /login HTTP/1.1" 200 6035
0:0:0:0:0:0:0:1 - - [18/Jan/2021:02:14:54 -0800] "GET /css/main.css HTTP/1.1" 302 -
0:0:0:0:0:0:0:1 - - [18/Jan/2021:02:14:54 -0800] "GET /js/action.js HTTP/1.1" 200 -
0:0:0:0:0:0:0:1 - - [18/Jan/2021:02:14:55 -0800] "GET /login HTTP/1.1" 200 5962
0:0:0:0:0:0:0:1 - - [18/Jan/2021:02:15:12 -0800] "POST /doLogin HTTP/1.1" 302 -
0:0:0:0:0:0:0:1 - - [18/Jan/2021:02:15:12 -0800] "GET /loginFailed HTTP/1.1" 302 -
0:0:0:0:0:0:0:1 - - [18/Jan/2021:02:15:12 -0800] "GET /login HTTP/1.1" 200 6031
0:0:0:0:0:0:0:1 - - [18/Jan/2021:02:15:12 -0800] "GET /css/main.css HTTP/1.1" 302 -
0:0:0:0:0:0:0:1 - - [18/Jan/2021:02:15:12 -0800] "GET /js/action.js HTTP/1.1" 200 -
0:0:0:0:0:0:0:1 - - [18/Jan/2021:02:15:12 -0800] "GET /login HTTP/1.1" 200 5962
0:0:0:0:0:0:0:1 - - [18/Jan/2021:02:17:22 -0800] "POST /doLogin HTTP/1.1" 302 -
0:0:0:0:0:0:0:1 - - [18/Jan/2021:02:17:22 -0800] "GET /loginFailed HTTP/1.1" 302 -
0:0:0:0:0:0:0:1 - - [18/Jan/2021:02:17:22 -0800] "GET /login HTTP/1.1" 200 6031
0:0:0:0:0:0:0:1 - - [18/Jan/2021:02:17:51 -0800] "POST /login HTTP/1.1" 405 8568
0:0:0:0:0:0:0:1 - - [18/Jan/2021:02:18:02 -0800] "GET /login HTTP/1.1" 200 5962
0:0:0:0:0:0:0:1 - - [18/Jan/2021:02:19:24 -0800] "GET /doLogin HTTP/1.1" 404 139
0:0:0:0:0:0:0:1 - - [18/Jan/2021:02:22:15 -0800] "POST /doLogin HTTP/1.1" 302 -
0:0:0:0:0:0:0:1 - - [18/Jan/2021:02:22:15 -0800] "GET /login?error HTTP/1.1" 200 6015
0:0:0:0:0:0:0:1 - - [18/Jan/2021:02:23:41 -0800] "POST /doLogin HTTP/1.1" 302 -
0:0:0:0:0:0:0:1 - - [18/Jan/2021:02:23:41 -0800] "GET /login?error HTTP/1.1" 200 6015
0:0:0:0:0:0:0:1 - - [18/Jan/2021:02:23:41 -0800] "GET /css/main.css HTTP/1.1" 302 -
0:0:0:0:0:0:0:1 - - [18/Jan/2021:02:23:41 -0800] "GET /js/action.js HTTP/1.1" 200 -
0:0:0:0:0:0:0:1 - - [18/Jan/2021:02:23:41 -0800] "GET /login HTTP/1.1" 200 5962
0:0:0:0:0:0:0:1 - - [18/Jan/2021:02:23:42 -0800] "POST /doLogin HTTP/1.1" 302 -
0:0:0:0:0:0:0:1 - - [18/Jan/2021:02:23:42 -0800] "GET /login?error HTTP/1.1" 200 6015
0:0:0:0:0:0:0:1 - - [18/Jan/2021:02:23:42 -0800] "GET /css/main.css HTTP/1.1" 302 -
0:0:0:0:0:0:0:1 - - [18/Jan/2021:02:23:42 -0800] "GET /js/action.js HTTP/1.1" 200 -
0:0:0:0:0:0:0:1 - - [18/Jan/2021:02:23:42 -0800] "GET /login HTTP/1.1" 200 5962
0:0:0:0:0:0:0:1 - - [18/Jan/2021:02:23:48 -0800] "POST /doLogin HTTP/1.1" 302 -
0:0:0:0:0:0:0:1 - - [18/Jan/2021:02:23:48 -0800] "GET /login?error HTTP/1.1" 200 6015
0:0:0:0:0:0:0:1 - - [18/Jan/2021:02:23:48 -0800] "GET /css/main.css HTTP/1.1" 302 -
0:0:0:0:0:0:0:1 - - [18/Jan/2021:02:23:48 -0800] "GET /js/action.js HTTP/1.1" 200 -
0:0:0:0:0:0:0:1 - - [18/Jan/2021:02:23:48 -0800] "GET /login HTTP/1.1" 200 5962
0:0:0:0:0:0:0:1 - - [18/Jan/2021:02:23:55 -0800] "POST /doLogin HTTP/1.1" 302 -
0:0:0:0:0:0:0:1 - - [18/Jan/2021:02:23:55 -0800] "GET /login?error HTTP/1.1" 200 6015
0:0:0:0:0:0:0:1 - - [18/Jan/2021:02:23:55 -0800] "GET /css/main.css HTTP/1.1" 302 -
0:0:0:0:0:0:0:1 - - [18/Jan/2021:02:23:55 -0800] "GET /js/action.js HTTP/1.1" 200 -
0:0:0:0:0:0:0:1 - - [18/Jan/2021:02:23:55 -0800] "GET /login HTTP/1.1" 200 5962
0:0:0:0:0:0:0:1 - - [18/Jan/2021:02:24:01 -0800] "POST /doLogin HTTP/1.1" 302 -
0:0:0:0:0:0:0:1 - - [18/Jan/2021:02:24:01 -0800] "GET /login?error HTTP/1.1" 200 6015
0:0:0:0:0:0:0:1 - - [18/Jan/2021:02:24:01 -0800] "GET /css/main.css HTTP/1.1" 302 -
0:0:0:0:0:0:0:1 - - [18/Jan/2021:02:24:01 -0800] "GET /js/action.js HTTP/1.1" 200 -
0:0:0:0:0:0:0:1 - - [18/Jan/2021:02:24:01 -0800] "GET /login HTTP/1.1" 200 5962
0:0:0:0:0:0:0:1 - - [18/Jan/2021:02:24:10 -0800] "POST /doLogin HTTP/1.1" 302 -
0:0:0:0:0:0:0:1 - - [18/Jan/2021:02:24:10 -0800] "GET /login?error HTTP/1.1" 200 6015
0:0:0:0:0:0:0:1 - - [18/Jan/2021:02:24:10 -0800] "GET /css/main.css HTTP/1.1" 302 -
0:0:0:0:0:0:0:1 - - [18/Jan/2021:02:24:10 -0800] "GET /js/action.js HTTP/1.1" 200 -
0:0:0:0:0:0:0:1 - - [18/Jan/2021:02:24:10 -0800] "GET /login HTTP/1.1" 200 5962
0:0:0:0:0:0:0:1 - - [18/Jan/2021:02:26:09 -0800] "GET /login?error HTTP/1.1" 302 -
0:0:0:0:0:0:0:1 - - [18/Jan/2021:02:26:09 -0800] "GET /login HTTP/1.1" 200 5962
0:0:0:0:0:0:0:1 - - [18/Jan/2021:02:26:09 -0800] "GET /css/main.css HTTP/1.1" 302 -
0:0:0:0:0:0:0:1 - - [18/Jan/2021:02:26:09 -0800] "GET /js/action.js HTTP/1.1" 200 -
0:0:0:0:0:0:0:1 - - [18/Jan/2021:02:26:09 -0800] "GET /login HTTP/1.1" 200 5962
0:0:0:0:0:0:0:1 - - [18/Jan/2021:02:26:13 -0800] "POST /doLogin HTTP/1.1" 302 -
0:0:0:0:0:0:0:1 - - [18/Jan/2021:02:26:13 -0800] "GET /loginFailed HTTP/1.1" 302 -
0:0:0:0:0:0:0:1 - - [18/Jan/2021:02:26:13 -0800] "GET /login HTTP/1.1" 200 6031
0:0:0:0:0:0:0:1 - - [18/Jan/2021:02:26:13 -0800] "GET /css/main.css HTTP/1.1" 302 -
0:0:0:0:0:0:0:1 - - [18/Jan/2021:02:26:13 -0800] "GET /js/action.js HTTP/1.1" 200 -
0:0:0:0:0:0:0:1 - - [18/Jan/2021:02:26:13 -0800] "GET /login HTTP/1.1" 200 5962
0:0:0:0:0:0:0:1 - - [18/Jan/2021:02:26:20 -0800] "POST /doLogin HTTP/1.1" 302 -
0:0:0:0:0:0:0:1 - - [18/Jan/2021:02:26:20 -0800] "GET /loginFailed HTTP/1.1" 302 -
0:0:0:0:0:0:0:1 - - [18/Jan/2021:02:26:20 -0800] "GET /login HTTP/1.1" 200 6031
0:0:0:0:0:0:0:1 - - [18/Jan/2021:02:26:20 -0800] "GET /css/main.css HTTP/1.1" 302 -
0:0:0:0:0:0:0:1 - - [18/Jan/2021:02:26:20 -0800] "GET /js/action.js HTTP/1.1" 200 -
0:0:0:0:0:0:0:1 - - [18/Jan/2021:02:26:21 -0800] "GET /login HTTP/1.1" 200 5962
0:0:0:0:0:0:0:1 - - [18/Jan/2021:02:26:23 -0800] "GET /loginSuccessful HTTP/1.1" 302 -
0:0:0:0:0:0:0:1 - - [18/Jan/2021:02:26:23 -0800] "GET /login HTTP/1.1" 200 5962
0:0:0:0:0:0:0:1 - - [18/Jan/2021:02:26:23 -0800] "GET /css/main.css HTTP/1.1" 302 -
0:0:0:0:0:0:0:1 - - [18/Jan/2021:02:26:23 -0800] "GET /js/action.js HTTP/1.1" 200 -
0:0:0:0:0:0:0:1 - - [18/Jan/2021:02:26:23 -0800] "GET /login HTTP/1.1" 200 5962
0:0:0:0:0:0:0:1 - - [18/Jan/2021:02:26:25 -0800] "GET /loginSuccessful HTTP/1.1" 302 -
0:0:0:0:0:0:0:1 - - [18/Jan/2021:02:26:25 -0800] "GET /login HTTP/1.1" 200 5962
0:0:0:0:0:0:0:1 - - [18/Jan/2021:02:26:25 -0800] "GET /css/main.css HTTP/1.1" 302 -
0:0:0:0:0:0:0:1 - - [18/Jan/2021:02:26:25 -0800] "GET /js/action.js HTTP/1.1" 200 -
0:0:0:0:0:0:0:1 - - [18/Jan/2021:02:26:25 -0800] "GET /login HTTP/1.1" 200 5962
0:0:0:0:0:0:0:1 - - [18/Jan/2021:02:26:42 -0800] "GET /login HTTP/1.1" 200 5962
0:0:0:0:0:0:0:1 - - [18/Jan/2021:02:26:42 -0800] "GET /css/main.css HTTP/1.1" 302 -
0:0:0:0:0:0:0:1 - - [18/Jan/2021:02:26:42 -0800] "GET /js/action.js HTTP/1.1" 200 -
0:0:0:0:0:0:0:1 - - [18/Jan/2021:02:26:43 -0800] "GET /login HTTP/1.1" 200 5962
0:0:0:0:0:0:0:1 - - [18/Jan/2021:02:26:57 -0800] "GET /signup HTTP/1.1" 200 5168
0:0:0:0:0:0:0:1 - - [18/Jan/2021:02:26:57 -0800] "GET /css/main.css HTTP/1.1" 302 -
0:0:0:0:0:0:0:1 - - [18/Jan/2021:02:26:57 -0800] "GET /js/action.js HTTP/1.1" 200 -
0:0:0:0:0:0:0:1 - - [18/Jan/2021:02:26:57 -0800] "GET /login HTTP/1.1" 200 5962
0:0:0:0:0:0:0:1 - - [18/Jan/2021:02:27:15 -0800] "POST /signup HTTP/1.1" 302 -
0:0:0:0:0:0:0:1 - - [18/Jan/2021:02:27:15 -0800] "GET /login HTTP/1.1" 200 6045
0:0:0:0:0:0:0:1 - - [18/Jan/2021:02:27:15 -0800] "GET /css/main.css HTTP/1.1" 302 -
0:0:0:0:0:0:0:1 - - [18/Jan/2021:02:27:15 -0800] "GET /js/action.js HTTP/1.1" 200 -
0:0:0:0:0:0:0:1 - - [18/Jan/2021:02:27:15 -0800] "GET /login HTTP/1.1" 200 5962
0:0:0:0:0:0:0:1 - - [18/Jan/2021:02:27:20 -0800] "GET /registrationConfirm?token=c40a0c85-c477-4dd9-a699-edb781aa99d2 HTTP/1.1" 302 -
0:0:0:0:0:0:0:1 - - [18/Jan/2021:02:27:20 -0800] "GET /login HTTP/1.1" 200 6035
0:0:0:0:0:0:0:1 - - [18/Jan/2021:02:27:20 -0800] "GET /css/main.css HTTP/1.1" 302 -
0:0:0:0:0:0:0:1 - - [18/Jan/2021:02:27:20 -0800] "GET /js/action.js HTTP/1.1" 200 -
0:0:0:0:0:0:0:1 - - [18/Jan/2021:02:27:20 -0800] "GET /login HTTP/1.1" 200 5962
0:0:0:0:0:0:0:1 - - [18/Jan/2021:02:27:31 -0800] "POST /doLogin HTTP/1.1" 302 -
0:0:0:0:0:0:0:1 - - [18/Jan/2021:02:27:31 -0800] "GET /loginFailed HTTP/1.1" 302 -
0:0:0:0:0:0:0:1 - - [18/Jan/2021:02:27:31 -0800] "GET /login HTTP/1.1" 200 6031
0:0:0:0:0:0:0:1 - - [18/Jan/2021:02:27:31 -0800] "GET /css/main.css HTTP/1.1" 302 -
0:0:0:0:0:0:0:1 - - [18/Jan/2021:02:27:31 -0800] "GET /js/action.js HTTP/1.1" 200 -
0:0:0:0:0:0:0:1 - - [18/Jan/2021:02:27:31 -0800] "GET /login HTTP/1.1" 200 5962
0:0:0:0:0:0:0:1 - - [18/Jan/2021:02:27:57 -0800] "GET /loginSuccessful HTTP/1.1" 302 -
0:0:0:0:0:0:0:1 - - [18/Jan/2021:02:27:57 -0800] "GET /login HTTP/1.1" 200 5962
0:0:0:0:0:0:0:1 - - [18/Jan/2021:02:27:57 -0800] "GET /css/main.css HTTP/1.1" 302 -
0:0:0:0:0:0:0:1 - - [18/Jan/2021:02:27:57 -0800] "GET /js/action.js HTTP/1.1" 200 -
0:0:0:0:0:0:0:1 - - [18/Jan/2021:02:27:57 -0800] "GET /login HTTP/1.1" 200 5962
0:0:0:0:0:0:0:1 - - [18/Jan/2021:02:30:45 -0800] "POST /doLogin HTTP/1.1" 302 -
0:0:0:0:0:0:0:1 - - [18/Jan/2021:02:30:45 -0800] "GET /loginFailed HTTP/1.1" 302 -
0:0:0:0:0:0:0:1 - - [18/Jan/2021:02:30:45 -0800] "GET /login HTTP/1.1" 200 6031
0:0:0:0:0:0:0:1 - - [18/Jan/2021:02:30:45 -0800] "GET /css/main.css HTTP/1.1" 302 -
0:0:0:0:0:0:0:1 - - [18/Jan/2021:02:30:45 -0800] "GET /js/action.js HTTP/1.1" 200 -
0:0:0:0:0:0:0:1 - - [18/Jan/2021:02:30:45 -0800] "GET /login HTTP/1.1" 200 5962
0:0:0:0:0:0:0:1 - - [18/Jan/2021:02:31:19 -0800] "POST /doLogin HTTP/1.1" 302 -
0:0:0:0:0:0:0:1 - - [18/Jan/2021:02:31:19 -0800] "GET /loginFailed HTTP/1.1" 302 -
0:0:0:0:0:0:0:1 - - [18/Jan/2021:02:31:19 -0800] "GET /login HTTP/1.1" 200 6031
0:0:0:0:0:0:0:1 - - [18/Jan/2021:02:31:19 -0800] "GET /css/main.css HTTP/1.1" 302 -
0:0:0:0:0:0:0:1 - - [18/Jan/2021:02:31:19 -0800] "GET /js/action.js HTTP/1.1" 200 -
0:0:0:0:0:0:0:1 - - [18/Jan/2021:02:31:19 -0800] "GET /login HTTP/1.1" 200 5962
0:0:0:0:0:0:0:1 - - [18/Jan/2021:02:32:49 -0800] "POST /doLogin HTTP/1.1" 302 -
0:0:0:0:0:0:0:1 - - [18/Jan/2021:02:32:49 -0800] "GET /loginFailed HTTP/1.1" 302 -
0:0:0:0:0:0:0:1 - - [18/Jan/2021:02:32:49 -0800] "GET /login HTTP/1.1" 200 6031
0:0:0:0:0:0:0:1 - - [18/Jan/2021:02:32:49 -0800] "GET /css/main.css HTTP/1.1" 302 -
0:0:0:0:0:0:0:1 - - [18/Jan/2021:02:32:49 -0800] "GET /js/action.js HTTP/1.1" 200 -
0:0:0:0:0:0:0:1 - - [18/Jan/2021:02:32:49 -0800] "GET /login HTTP/1.1" 200 5962
0:0:0:0:0:0:0:1 - - [18/Jan/2021:02:32:51 -0800] "POST /doLogin HTTP/1.1" 302 -
0:0:0:0:0:0:0:1 - - [18/Jan/2021:02:32:51 -0800] "GET /loginFailed HTTP/1.1" 302 -
0:0:0:0:0:0:0:1 - - [18/Jan/2021:02:32:51 -0800] "GET /login HTTP/1.1" 200 6031
0:0:0:0:0:0:0:1 - - [18/Jan/2021:02:32:51 -0800] "GET /css/main.css HTTP/1.1" 302 -
0:0:0:0:0:0:0:1 - - [18/Jan/2021:02:32:51 -0800] "GET /js/action.js HTTP/1.1" 200 -
0:0:0:0:0:0:0:1 - - [18/Jan/2021:02:32:51 -0800] "GET /login HTTP/1.1" 200 5962
0:0:0:0:0:0:0:1 - - [18/Jan/2021:02:32:54 -0800] "POST /doLogin HTTP/1.1" 302 -
0:0:0:0:0:0:0:1 - - [18/Jan/2021:02:32:54 -0800] "GET /loginFailed HTTP/1.1" 302 -
0:0:0:0:0:0:0:1 - - [18/Jan/2021:02:32:54 -0800] "GET /login HTTP/1.1" 200 6031
0:0:0:0:0:0:0:1 - - [18/Jan/2021:02:32:54 -0800] "GET /css/main.css HTTP/1.1" 302 -
0:0:0:0:0:0:0:1 - - [18/Jan/2021:02:32:54 -0800] "GET /js/action.js HTTP/1.1" 200 -
0:0:0:0:0:0:0:1 - - [18/Jan/2021:02:32:54 -0800] "GET /login HTTP/1.1" 200 5962
0:0:0:0:0:0:0:1 - - [18/Jan/2021:02:33:19 -0800] "POST /doLogin HTTP/1.1" 302 -
0:0:0:0:0:0:0:1 - - [18/Jan/2021:02:33:19 -0800] "GET /loginFailed HTTP/1.1" 302 -
0:0:0:0:0:0:0:1 - - [18/Jan/2021:02:33:19 -0800] "GET /login HTTP/1.1" 200 6031
0:0:0:0:0:0:0:1 - - [18/Jan/2021:02:33:19 -0800] "GET /css/main.css HTTP/1.1" 302 -
0:0:0:0:0:0:0:1 - - [18/Jan/2021:02:33:19 -0800] "GET /js/action.js HTTP/1.1" 200 -
0:0:0:0:0:0:0:1 - - [18/Jan/2021:02:33:19 -0800] "GET /login HTTP/1.1" 200 5962
0:0:0:0:0:0:0:1 - - [18/Jan/2021:03:02:23 -0800] "GET /loginSuccessful HTTP/1.1" 302 -
0:0:0:0:0:0:0:1 - - [18/Jan/2021:03:02:24 -0800] "GET /login HTTP/1.1" 200 5962
0:0:0:0:0:0:0:1 - - [18/Jan/2021:03:02:24 -0800] "GET /css/main.css HTTP/1.1" 302 -
0:0:0:0:0:0:0:1 - - [18/Jan/2021:03:02:24 -0800] "GET /js/action.js HTTP/1.1" 200 -
0:0:0:0:0:0:0:1 - - [18/Jan/2021:03:02:24 -0800] "GET /login HTTP/1.1" 200 5962
0:0:0:0:0:0:0:1 - - [18/Jan/2021:03:02:26 -0800] "GET /signup HTTP/1.1" 200 5168
0:0:0:0:0:0:0:1 - - [18/Jan/2021:03:02:26 -0800] "GET /css/main.css HTTP/1.1" 302 -
0:0:0:0:0:0:0:1 - - [18/Jan/2021:03:02:26 -0800] "GET /js/action.js HTTP/1.1" 200 -
0:0:0:0:0:0:0:1 - - [18/Jan/2021:03:02:26 -0800] "GET /login HTTP/1.1" 200 5962
0:0:0:0:0:0:0:1 - - [18/Jan/2021:03:02:41 -0800] "POST /signup HTTP/1.1" 302 -
0:0:0:0:0:0:0:1 - - [18/Jan/2021:03:02:41 -0800] "GET /login HTTP/1.1" 200 6045
0:0:0:0:0:0:0:1 - - [18/Jan/2021:03:02:41 -0800] "GET /css/main.css HTTP/1.1" 302 -
0:0:0:0:0:0:0:1 - - [18/Jan/2021:03:02:41 -0800] "GET /js/action.js HTTP/1.1" 200 -
0:0:0:0:0:0:0:1 - - [18/Jan/2021:03:02:41 -0800] "GET /login HTTP/1.1" 200 5962
0:0:0:0:0:0:0:1 - - [18/Jan/2021:03:02:44 -0800] "GET /registrationConfirm?token=be303d24-9b61-4e86-b709-6eb2b9445d51 HTTP/1.1" 302 -
0:0:0:0:0:0:0:1 - - [18/Jan/2021:03:02:44 -0800] "GET /login HTTP/1.1" 200 6035
0:0:0:0:0:0:0:1 - - [18/Jan/2021:03:02:44 -0800] "GET /css/main.css HTTP/1.1" 302 -
0:0:0:0:0:0:0:1 - - [18/Jan/2021:03:02:44 -0800] "GET /js/action.js HTTP/1.1" 200 -
0:0:0:0:0:0:0:1 - - [18/Jan/2021:03:02:44 -0800] "GET /login HTTP/1.1" 200 5962
0:0:0:0:0:0:0:1 - - [18/Jan/2021:03:02:50 -0800] "POST /doLogin HTTP/1.1" 302 -
0:0:0:0:0:0:0:1 - - [18/Jan/2021:03:02:50 -0800] "GET /loginSuccessful HTTP/1.1" 200 7571
0:0:0:0:0:0:0:1 - - [18/Jan/2021:03:02:56 -0800] "GET /loginSuccessful HTTP/1.1" 200 7571
0:0:0:0:0:0:0:1 - - [18/Jan/2021:03:02:58 -0800] "GET /loginSuccessful HTTP/1.1" 200 7571
0:0:0:0:0:0:0:1 - - [18/Jan/2021:03:03:00 -0800] "GET /studentPage HTTP/1.1" 200 940
0:0:0:0:0:0:0:1 - - [18/Jan/2021:03:03:00 -0800] "GET /js/action.js HTTP/1.1" 200 -
0:0:0:0:0:0:0:1 - - [18/Jan/2021:03:03:00 -0800] "GET /css/main.css HTTP/1.1" 200 2764
0:0:0:0:0:0:0:1 - - [18/Jan/2021:03:03:46 -0800] "GET /searchCourses HTTP/1.1" 302 -
0:0:0:0:0:0:0:1 - - [18/Jan/2021:03:03:46 -0800] "GET /login HTTP/1.1" 200 5962
0:0:0:0:0:0:0:1 - - [18/Jan/2021:03:03:46 -0800] "GET /css/main.css HTTP/1.1" 302 -
0:0:0:0:0:0:0:1 - - [18/Jan/2021:03:03:46 -0800] "GET /js/action.js HTTP/1.1" 200 -
0:0:0:0:0:0:0:1 - - [18/Jan/2021:03:03:46 -0800] "GET /login HTTP/1.1" 200 5962
0:0:0:0:0:0:0:1 - - [18/Jan/2021:03:03:53 -0800] "POST /doLogin HTTP/1.1" 302 -
0:0:0:0:0:0:0:1 - - [18/Jan/2021:03:03:53 -0800] "GET /loginSuccessful HTTP/1.1" 200 7571
0:0:0:0:0:0:0:1 - - [18/Jan/2021:03:04:12 -0800] "GET /studentPage HTTP/1.1" 200 940
0:0:0:0:0:0:0:1 - - [18/Jan/2021:03:04:12 -0800] "GET /js/action.js HTTP/1.1" 200 -
0:0:0:0:0:0:0:1 - - [18/Jan/2021:03:04:12 -0800] "GET /css/main.css HTTP/1.1" 200 2764
0:0:0:0:0:0:0:1 - - [18/Jan/2021:03:04:22 -0800] "GET /searchCourses HTTP/1.1" 200 966
0:0:0:0:0:0:0:1 - - [18/Jan/2021:03:04:22 -0800] "GET /js/action.js HTTP/1.1" 200 -
0:0:0:0:0:0:0:1 - - [18/Jan/2021:03:04:22 -0800] "GET /css/main.css HTTP/1.1" 200 2764
0:0:0:0:0:0:0:1 - - [18/Jan/2021:03:04:24 -0800] "GET /searchCoursesByTitle?title=COMSC_75 HTTP/1.1" 200 2303
0:0:0:0:0:0:0:1 - - [18/Jan/2021:03:04:24 -0800] "GET /js/action.js HTTP/1.1" 200 -
0:0:0:0:0:0:0:1 - - [18/Jan/2021:03:04:24 -0800] "GET /css/main.css HTTP/1.1" 200 2764
0:0:0:0:0:0:0:1 - - [18/Jan/2021:03:04:33 -0800] "GET /searchCourses HTTP/1.1" 200 966
0:0:0:0:0:0:0:1 - - [18/Jan/2021:03:04:33 -0800] "GET /css/main.css HTTP/1.1" 200 2764
0:0:0:0:0:0:0:1 - - [18/Jan/2021:03:04:35 -0800] "GET /searchCoursesBySubject?subject=Computer_Science HTTP/1.1" 200 3391
0:0:0:0:0:0:0:1 - - [18/Jan/2021:03:04:35 -0800] "GET /css/main.css HTTP/1.1" 200 2764
0:0:0:0:0:0:0:1 - - [18/Jan/2021:03:04:35 -0800] "GET /js/action.js HTTP/1.1" 200 -
0:0:0:0:0:0:0:1 - - [18/Jan/2021:03:04:43 -0800] "POST /registerForClassess HTTP/1.1" 302 -
0:0:0:0:0:0:0:1 - - [18/Jan/2021:03:04:43 -0800] "GET /searchCourses HTTP/1.1" 200 1034
0:0:0:0:0:0:0:1 - - [18/Jan/2021:03:04:43 -0800] "GET /js/action.js HTTP/1.1" 200 -
0:0:0:0:0:0:0:1 - - [18/Jan/2021:03:04:43 -0800] "GET /css/main.css HTTP/1.1" 200 2764
0:0:0:0:0:0:0:1 - - [18/Jan/2021:03:04:46 -0800] "GET /searchCoursesBySubject?subject=Computer_Science HTTP/1.1" 200 3391
0:0:0:0:0:0:0:1 - - [18/Jan/2021:03:04:46 -0800] "GET /js/action.js HTTP/1.1" 200 -
0:0:0:0:0:0:0:1 - - [18/Jan/2021:03:04:46 -0800] "GET /css/main.css HTTP/1.1" 200 2764
0:0:0:0:0:0:0:1 - - [18/Jan/2021:03:04:50 -0800] "POST /registerForClassess HTTP/1.1" 302 -
0:0:0:0:0:0:0:1 - - [18/Jan/2021:03:04:51 -0800] "GET /searchCourses HTTP/1.1" 200 1055
0:0:0:0:0:0:0:1 - - [18/Jan/2021:03:04:51 -0800] "GET /css/main.css HTTP/1.1" 200 2764
0:0:0:0:0:0:0:1 - - [18/Jan/2021:03:04:51 -0800] "GET /js/action.js HTTP/1.1" 200 -
0:0:0:0:0:0:0:1 - - [18/Jan/2021:03:05:08 -0800] "GET /searchCoursesBySubject?subject=Computer_Science HTTP/1.1" 200 3391
0:0:0:0:0:0:0:1 - - [18/Jan/2021:03:05:08 -0800] "GET /js/action.js HTTP/1.1" 200 -
0:0:0:0:0:0:0:1 - - [18/Jan/2021:03:05:08 -0800] "GET /css/main.css HTTP/1.1" 200 2764
0:0:0:0:0:0:0:1 - - [18/Jan/2021:03:05:19 -0800] "POST /registerForClassess HTTP/1.1" 500 9884
0:0:0:0:0:0:0:1 - - [18/Jan/2021:03:08:18 -0800] "GET /login HTTP/1.1" 200 5962
0:0:0:0:0:0:0:1 - - [18/Jan/2021:03:08:18 -0800] "GET /js/action.js HTTP/1.1" 200 -
0:0:0:0:0:0:0:1 - - [18/Jan/2021:03:08:18 -0800] "GET /css/main.css HTTP/1.1" 302 -
0:0:0:0:0:0:0:1 - - [18/Jan/2021:03:08:18 -0800] "GET /login HTTP/1.1" 200 5962
0:0:0:0:0:0:0:1 - - [18/Jan/2021:03:08:27 -0800] "POST /doLogin HTTP/1.1" 302 -
0:0:0:0:0:0:0:1 - - [18/Jan/2021:03:08:27 -0800] "GET /loginSuccessful HTTP/1.1" 200 7571
0:0:0:0:0:0:0:1 - - [18/Jan/2021:03:08:30 -0800] "GET /studentPage HTTP/1.1" 200 940
0:0:0:0:0:0:0:1 - - [18/Jan/2021:03:08:30 -0800] "GET /js/action.js HTTP/1.1" 200 -
0:0:0:0:0:0:0:1 - - [18/Jan/2021:03:08:30 -0800] "GET /css/main.css HTTP/1.1" 200 2764
0:0:0:0:0:0:0:1 - - [18/Jan/2021:03:08:33 -0800] "GET /searchCourses HTTP/1.1" 200 966
0:0:0:0:0:0:0:1 - - [18/Jan/2021:03:08:33 -0800] "GET /js/action.js HTTP/1.1" 200 -
0:0:0:0:0:0:0:1 - - [18/Jan/2021:03:08:33 -0800] "GET /css/main.css HTTP/1.1" 200 2764
0:0:0:0:0:0:0:1 - - [18/Jan/2021:03:08:34 -0800] "GET /searchCoursesBySubject?subject=Computer_Science HTTP/1.1" 200 3391
0:0:0:0:0:0:0:1 - - [18/Jan/2021:03:08:34 -0800] "GET /css/main.css HTTP/1.1" 200 2764
0:0:0:0:0:0:0:1 - - [18/Jan/2021:03:08:34 -0800] "GET /js/action.js HTTP/1.1" 200 -
0:0:0:0:0:0:0:1 - - [18/Jan/2021:03:08:45 -0800] "POST /registerForClassess HTTP/1.1" 302 -
0:0:0:0:0:0:0:1 - - [18/Jan/2021:03:08:45 -0800] "GET /searchCourses HTTP/1.1" 200 1027
0:0:0:0:0:0:0:1 - - [18/Jan/2021:03:08:45 -0800] "GET /css/main.css HTTP/1.1" 200 2764
0:0:0:0:0:0:0:1 - - [18/Jan/2021:03:08:45 -0800] "GET /js/action.js HTTP/1.1" 200 -
0:0:0:0:0:0:0:1 - - [18/Jan/2021:03:08:50 -0800] "GET /searchCoursesBySubject?subject=Computer_Science HTTP/1.1" 200 3391
0:0:0:0:0:0:0:1 - - [18/Jan/2021:03:08:50 -0800] "GET /css/main.css HTTP/1.1" 200 2764
0:0:0:0:0:0:0:1 - - [18/Jan/2021:03:08:50 -0800] "GET /js/action.js HTTP/1.1" 200 -
0:0:0:0:0:0:0:1 - - [18/Jan/2021:03:09:07 -0800] "POST /registerForClassess HTTP/1.1" 302 -
0:0:0:0:0:0:0:1 - - [18/Jan/2021:03:09:07 -0800] "GET /searchCourses HTTP/1.1" 200 1023
0:0:0:0:0:0:0:1 - - [18/Jan/2021:03:09:07 -0800] "GET /css/main.css HTTP/1.1" 200 2764
0:0:0:0:0:0:0:1 - - [18/Jan/2021:03:09:07 -0800] "GET /js/action.js HTTP/1.1" 200 -
0:0:0:0:0:0:0:1 - - [18/Jan/2021:03:09:14 -0800] "GET /searchCoursesBySubject?subject=Computer_Science HTTP/1.1" 200 3391
0:0:0:0:0:0:0:1 - - [18/Jan/2021:03:09:14 -0800] "GET /js/action.js HTTP/1.1" 200 -
0:0:0:0:0:0:0:1 - - [18/Jan/2021:03:09:14 -0800] "GET /css/main.css HTTP/1.1" 200 2764
0:0:0:0:0:0:0:1 - - [18/Jan/2021:03:09:28 -0800] "GET /loginSuccessful HTTP/1.1" 200 7571
0:0:0:0:0:0:0:1 - - [18/Jan/2021:03:09:31 -0800] "GET /studentPage HTTP/1.1" 200 940
0:0:0:0:0:0:0:1 - - [18/Jan/2021:03:09:31 -0800] "GET /js/action.js HTTP/1.1" 200 -
0:0:0:0:0:0:0:1 - - [18/Jan/2021:03:09:31 -0800] "GET /css/main.css HTTP/1.1" 200 2764
0:0:0:0:0:0:0:1 - - [18/Jan/2021:03:09:34 -0800] "GET /dropClasses HTTP/1.1" 200 1594
0:0:0:0:0:0:0:1 - - [18/Jan/2021:03:09:34 -0800] "GET /css/main.css HTTP/1.1" 200 2764
0:0:0:0:0:0:0:1 - - [18/Jan/2021:03:09:34 -0800] "GET /js/action.js HTTP/1.1" 200 -
0:0:0:0:0:0:0:1 - - [18/Jan/2021:03:11:22 -0800] "GET /studentPage HTTP/1.1" 200 940
0:0:0:0:0:0:0:1 - - [18/Jan/2021:03:11:22 -0800] "GET /css/main.css HTTP/1.1" 200 2764
0:0:0:0:0:0:0:1 - - [18/Jan/2021:03:11:23 -0800] "GET /searchCourses HTTP/1.1" 200 966
0:0:0:0:0:0:0:1 - - [18/Jan/2021:03:11:23 -0800] "GET /js/action.js HTTP/1.1" 200 -
0:0:0:0:0:0:0:1 - - [18/Jan/2021:03:11:23 -0800] "GET /css/main.css HTTP/1.1" 200 2764
0:0:0:0:0:0:0:1 - - [18/Jan/2021:03:11:24 -0800] "GET /searchCoursesBySubject?subject=Computer_Science HTTP/1.1" 200 3391
0:0:0:0:0:0:0:1 - - [18/Jan/2021:03:11:24 -0800] "GET /css/main.css HTTP/1.1" 200 2764
0:0:0:0:0:0:0:1 - - [18/Jan/2021:03:11:24 -0800] "GET /js/action.js HTTP/1.1" 200 -
0:0:0:0:0:0:0:1 - - [18/Jan/2021:03:11:54 -0800] "POST /registerForClassess HTTP/1.1" 302 -
0:0:0:0:0:0:0:1 - - [18/Jan/2021:03:11:54 -0800] "GET /searchCourses HTTP/1.1" 200 1034
0:0:0:0:0:0:0:1 - - [18/Jan/2021:03:11:54 -0800] "GET /js/action.js HTTP/1.1" 200 -
0:0:0:0:0:0:0:1 - - [18/Jan/2021:03:11:54 -0800] "GET /css/main.css HTTP/1.1" 200 2764
0:0:0:0:0:0:0:1 - - [18/Jan/2021:03:11:59 -0800] "GET /searchCoursesBySubject?subject=Computer_Science HTTP/1.1" 200 3391
0:0:0:0:0:0:0:1 - - [18/Jan/2021:03:12:01 -0800] "GET /loginSuccessful HTTP/1.1" 200 7571
0:0:0:0:0:0:0:1 - - [18/Jan/2021:03:12:02 -0800] "GET /loginSuccessful HTTP/1.1" 200 7571
0:0:0:0:0:0:0:1 - - [18/Jan/2021:03:12:03 -0800] "GET /studentPage HTTP/1.1" 200 940
0:0:0:0:0:0:0:1 - - [18/Jan/2021:03:12:03 -0800] "GET /js/action.js HTTP/1.1" 200 -
0:0:0:0:0:0:0:1 - - [18/Jan/2021:03:12:03 -0800] "GET /css/main.css HTTP/1.1" 200 2764
0:0:0:0:0:0:0:1 - - [18/Jan/2021:03:12:05 -0800] "GET /dropClasses HTTP/1.1" 200 1900
0:0:0:0:0:0:0:1 - - [18/Jan/2021:03:12:05 -0800] "GET /css/main.css HTTP/1.1" 200 2764
0:0:0:0:0:0:0:1 - - [18/Jan/2021:03:12:05 -0800] "GET /js/action.js HTTP/1.1" 200 -
0:0:0:0:0:0:0:1 - - [18/Jan/2021:03:15:23 -0800] "GET /studentPage HTTP/1.1" 200 940
0:0:0:0:0:0:0:1 - - [18/Jan/2021:03:15:23 -0800] "GET /css/main.css HTTP/1.1" 200 2764
0:0:0:0:0:0:0:1 - - [18/Jan/2021:03:15:25 -0800] "GET /searchCourses HTTP/1.1" 200 966
0:0:0:0:0:0:0:1 - - [18/Jan/2021:03:15:25 -0800] "GET /js/action.js HTTP/1.1" 200 -
0:0:0:0:0:0:0:1 - - [18/Jan/2021:03:15:25 -0800] "GET /css/main.css HTTP/1.1" 200 2764
0:0:0:0:0:0:0:1 - - [18/Jan/2021:03:15:26 -0800] "GET /searchCoursesBySubject?subject=Computer_Science HTTP/1.1" 200 3391
0:0:0:0:0:0:0:1 - - [18/Jan/2021:03:15:26 -0800] "GET /css/main.css HTTP/1.1" 200 2764
0:0:0:0:0:0:0:1 - - [18/Jan/2021:03:15:26 -0800] "GET /js/action.js HTTP/1.1" 200 -
0:0:0:0:0:0:0:1 - - [18/Jan/2021:03:15:39 -0800] "POST /registerForClassess HTTP/1.1" 302 -
0:0:0:0:0:0:0:1 - - [18/Jan/2021:03:15:39 -0800] "GET /searchCourses HTTP/1.1" 200 1034
0:0:0:0:0:0:0:1 - - [18/Jan/2021:03:15:39 -0800] "GET /css/main.css HTTP/1.1" 200 2764
0:0:0:0:0:0:0:1 - - [18/Jan/2021:03:15:39 -0800] "GET /js/action.js HTTP/1.1" 200 -
0:0:0:0:0:0:0:1 - - [18/Jan/2021:03:15:42 -0800] "GET /searchCoursesBySubject?subject=Computer_Science HTTP/1.1" 200 3391
0:0:0:0:0:0:0:1 - - [18/Jan/2021:03:15:44 -0800] "GET /loginSuccessful HTTP/1.1" 200 7571
0:0:0:0:0:0:0:1 - - [18/Jan/2021:03:15:47 -0800] "GET /studentPage HTTP/1.1" 200 940
0:0:0:0:0:0:0:1 - - [18/Jan/2021:03:15:47 -0800] "GET /css/main.css HTTP/1.1" 200 2764
0:0:0:0:0:0:0:1 - - [18/Jan/2021:03:15:47 -0800] "GET /js/action.js HTTP/1.1" 200 -
0:0:0:0:0:0:0:1 - - [18/Jan/2021:03:15:48 -0800] "GET /dropClasses HTTP/1.1" 200 2206
0:0:0:0:0:0:0:1 - - [18/Jan/2021:03:15:48 -0800] "GET /css/main.css HTTP/1.1" 200 2764
0:0:0:0:0:0:0:1 - - [18/Jan/2021:03:15:48 -0800] "GET /js/action.js HTTP/1.1" 200 -
0:0:0:0:0:0:0:1 - - [18/Jan/2021:03:17:11 -0800] "POST /dropClasses HTTP/1.1" 302 -
0:0:0:0:0:0:0:1 - - [18/Jan/2021:03:17:11 -0800] "GET /loginSuccessful HTTP/1.1" 200 7571
0:0:0:0:0:0:0:1 - - [18/Jan/2021:03:17:14 -0800] "GET /studentPage HTTP/1.1" 200 940
0:0:0:0:0:0:0:1 - - [18/Jan/2021:03:17:14 -0800] "GET /js/action.js HTTP/1.1" 200 -
0:0:0:0:0:0:0:1 - - [18/Jan/2021:03:17:14 -0800] "GET /css/main.css HTTP/1.1" 200 2764
0:0:0:0:0:0:0:1 - - [18/Jan/2021:03:17:16 -0800] "GET /dropClasses HTTP/1.1" 200 1900
0:0:0:0:0:0:0:1 - - [18/Jan/2021:03:17:16 -0800] "GET /css/main.css HTTP/1.1" 200 2764
0:0:0:0:0:0:0:1 - - [18/Jan/2021:03:17:16 -0800] "GET /js/action.js HTTP/1.1" 200 -
0:0:0:0:0:0:0:1 - - [18/Jan/2021:03:17:17 -0800] "GET /studentPage HTTP/1.1" 200 940
0:0:0:0:0:0:0:1 - - [18/Jan/2021:03:17:17 -0800] "GET /css/main.css HTTP/1.1" 200 2764
0:0:0:0:0:0:0:1 - - [18/Jan/2021:03:17:19 -0800] "GET /searchCourses HTTP/1.1" 200 966
0:0:0:0:0:0:0:1 - - [18/Jan/2021:03:17:19 -0800] "GET /css/main.css HTTP/1.1" 200 2764
0:0:0:0:0:0:0:1 - - [18/Jan/2021:03:17:19 -0800] "GET /js/action.js HTTP/1.1" 200 -
0:0:0:0:0:0:0:1 - - [18/Jan/2021:03:17:20 -0800] "GET /searchCoursesBySubject?subject=Computer_Science HTTP/1.1" 200 3391
0:0:0:0:0:0:0:1 - - [18/Jan/2021:03:17:20 -0800] "GET /js/action.js HTTP/1.1" 200 -
0:0:0:0:0:0:0:1 - - [18/Jan/2021:03:17:20 -0800] "GET /css/main.css HTTP/1.1" 200 2764
0:0:0:0:0:0:0:1 - - [18/Jan/2021:03:17:27 -0800] "POST /registerForClassess HTTP/1.1" 302 -
0:0:0:0:0:0:0:1 - - [18/Jan/2021:03:17:27 -0800] "GET /searchCourses HTTP/1.1" 200 1027
0:0:0:0:0:0:0:1 - - [18/Jan/2021:03:17:27 -0800] "GET /css/main.css HTTP/1.1" 200 2764
0:0:0:0:0:0:0:1 - - [18/Jan/2021:03:17:27 -0800] "GET /js/action.js HTTP/1.1" 200 -
0:0:0:0:0:0:0:1 - - [18/Jan/2021:03:17:30 -0800] "GET /searchCoursesBySubject?subject=Computer_Science HTTP/1.1" 200 3391
0:0:0:0:0:0:0:1 - - [18/Jan/2021:03:17:30 -0800] "GET /css/main.css HTTP/1.1" 200 2764
0:0:0:0:0:0:0:1 - - [18/Jan/2021:03:17:33 -0800] "GET /loginSuccessful HTTP/1.1" 200 7571
0:0:0:0:0:0:0:1 - - [18/Jan/2021:03:17:35 -0800] "GET /studentPage HTTP/1.1" 200 940
0:0:0:0:0:0:0:1 - - [18/Jan/2021:03:17:35 -0800] "GET /css/main.css HTTP/1.1" 200 2764
0:0:0:0:0:0:0:1 - - [18/Jan/2021:03:17:35 -0800] "GET /js/action.js HTTP/1.1" 200 -
0:0:0:0:0:0:0:1 - - [18/Jan/2021:03:17:36 -0800] "GET /dropClasses HTTP/1.1" 200 1900
0:0:0:0:0:0:0:1 - - [18/Jan/2021:03:17:36 -0800] "GET /css/main.css HTTP/1.1" 200 2764
0:0:0:0:0:0:0:1 - - [18/Jan/2021:03:17:36 -0800] "GET /js/action.js HTTP/1.1" 200 -
0:0:0:0:0:0:0:1 - - [18/Jan/2021:03:17:38 -0800] "GET /studentPage HTTP/1.1" 200 940
0:0:0:0:0:0:0:1 - - [18/Jan/2021:03:19:41 -0800] "GET /searchCourses HTTP/1.1" 200 966
0:0:0:0:0:0:0:1 - - [18/Jan/2021:03:19:41 -0800] "GET /css/main.css HTTP/1.1" 200 2764
0:0:0:0:0:0:0:1 - - [18/Jan/2021:03:19:41 -0800] "GET /js/action.js HTTP/1.1" 200 -
0:0:0:0:0:0:0:1 - - [18/Jan/2021:03:19:43 -0800] "GET /searchCoursesBySubject?subject=Computer_Science HTTP/1.1" 200 3391
0:0:0:0:0:0:0:1 - - [18/Jan/2021:03:19:43 -0800] "GET /css/main.css HTTP/1.1" 200 2764
0:0:0:0:0:0:0:1 - - [18/Jan/2021:03:19:43 -0800] "GET /js/action.js HTTP/1.1" 200 -
0:0:0:0:0:0:0:1 - - [18/Jan/2021:03:19:50 -0800] "POST /registerForClassess HTTP/1.1" 302 -
0:0:0:0:0:0:0:1 - - [18/Jan/2021:03:19:50 -0800] "GET /searchCourses HTTP/1.1" 200 1027
0:0:0:0:0:0:0:1 - - [18/Jan/2021:03:19:50 -0800] "GET /js/action.js HTTP/1.1" 200 -
0:0:0:0:0:0:0:1 - - [18/Jan/2021:03:19:50 -0800] "GET /css/main.css HTTP/1.1" 200 2764
0:0:0:0:0:0:0:1 - - [18/Jan/2021:03:19:59 -0800] "GET /searchCoursesBySubject?subject=Computer_Science HTTP/1.1" 200 3391
0:0:0:0:0:0:0:1 - - [18/Jan/2021:03:19:59 -0800] "GET /css/main.css HTTP/1.1" 200 2764
0:0:0:0:0:0:0:1 - - [18/Jan/2021:03:19:59 -0800] "GET /js/action.js HTTP/1.1" 200 -
0:0:0:0:0:0:0:1 - - [18/Jan/2021:03:20:12 -0800] "GET /loginSuccessful HTTP/1.1" 200 7571
0:0:0:0:0:0:0:1 - - [18/Jan/2021:03:20:13 -0800] "GET /studentPage HTTP/1.1" 200 940
0:0:0:0:0:0:0:1 - - [18/Jan/2021:03:20:13 -0800] "GET /js/action.js HTTP/1.1" 200 -
0:0:0:0:0:0:0:1 - - [18/Jan/2021:03:20:13 -0800] "GET /css/main.css HTTP/1.1" 200 2764
0:0:0:0:0:0:0:1 - - [18/Jan/2021:03:20:16 -0800] "GET /dropClasses HTTP/1.1" 200 1900
0:0:0:0:0:0:0:1 - - [18/Jan/2021:03:20:16 -0800] "GET /js/action.js HTTP/1.1" 200 -
0:0:0:0:0:0:0:1 - - [18/Jan/2021:03:20:16 -0800] "GET /css/main.css HTTP/1.1" 200 2764
0:0:0:0:0:0:0:1 - - [18/Jan/2021:03:20:17 -0800] "GET /studentPage HTTP/1.1" 200 940
0:0:0:0:0:0:0:1 - - [18/Jan/2021:03:20:17 -0800] "GET /css/main.css HTTP/1.1" 200 2764
0:0:0:0:0:0:0:1 - - [18/Jan/2021:03:20:20 -0800] "GET /searchCourses HTTP/1.1" 200 966
0:0:0:0:0:0:0:1 - - [18/Jan/2021:03:20:20 -0800] "GET /js/action.js HTTP/1.1" 200 -
0:0:0:0:0:0:0:1 - - [18/Jan/2021:03:20:20 -0800] "GET /css/main.css HTTP/1.1" 200 2764
0:0:0:0:0:0:0:1 - - [18/Jan/2021:03:20:21 -0800] "GET /searchCoursesBySubject?subject=Computer_Science HTTP/1.1" 200 3391
0:0:0:0:0:0:0:1 - - [18/Jan/2021:03:20:21 -0800] "GET /js/action.js HTTP/1.1" 200 -
0:0:0:0:0:0:0:1 - - [18/Jan/2021:03:20:21 -0800] "GET /css/main.css HTTP/1.1" 200 2764
0:0:0:0:0:0:0:1 - - [18/Jan/2021:03:20:34 -0800] "POST /registerForClassess HTTP/1.1" 302 -
0:0:0:0:0:0:0:1 - - [18/Jan/2021:03:20:34 -0800] "GET /searchCourses HTTP/1.1" 200 1027
0:0:0:0:0:0:0:1 - - [18/Jan/2021:03:20:34 -0800] "GET /js/action.js HTTP/1.1" 200 -
0:0:0:0:0:0:0:1 - - [18/Jan/2021:03:20:34 -0800] "GET /css/main.css HTTP/1.1" 200 2764
0:0:0:0:0:0:0:1 - - [18/Jan/2021:05:04:52 -0800] "GET /searchCoursesBySubject?subject=Computer_Science HTTP/1.1" 302 -
0:0:0:0:0:0:0:1 - - [18/Jan/2021:05:04:52 -0800] "GET /login HTTP/1.1" 200 5962
0:0:0:0:0:0:0:1 - - [18/Jan/2021:05:04:52 -0800] "GET /css/main.css HTTP/1.1" 302 -
0:0:0:0:0:0:0:1 - - [18/Jan/2021:05:04:52 -0800] "GET /login HTTP/1.1" 200 5962
0:0:0:0:0:0:0:1 - - [18/Jan/2021:05:04:57 -0800] "POST /doLogin HTTP/1.1" 302 -
0:0:0:0:0:0:0:1 - - [18/Jan/2021:05:04:57 -0800] "GET /loginSuccessful HTTP/1.1" 200 7571
0:0:0:0:0:0:0:1 - - [18/Jan/2021:05:05:01 -0800] "GET /studentPage HTTP/1.1" 200 940
0:0:0:0:0:0:0:1 - - [18/Jan/2021:05:05:01 -0800] "GET /css/main.css HTTP/1.1" 200 2764
0:0:0:0:0:0:0:1 - - [18/Jan/2021:05:05:01 -0800] "GET /js/action.js HTTP/1.1" 200 -
0:0:0:0:0:0:0:1 - - [18/Jan/2021:05:05:25 -0800] "GET /getAllRequiredBooks HTTP/1.1" 500 15585
