0:0:0:0:0:0:0:1 - - [02/Oct/2020:16:13:26 -0700] "GET /login HTTP/1.1" 200 1655
0:0:0:0:0:0:0:1 - - [02/Oct/2020:16:13:26 -0700] "GET /login HTTP/1.1" 200 1655
0:0:0:0:0:0:0:1 - - [02/Oct/2020:16:13:28 -0700] "GET /signup HTTP/1.1" 200 4862
0:0:0:0:0:0:0:1 - - [02/Oct/2020:16:13:28 -0700] "GET /js/pwstrength.js HTTP/1.1" 200 -
0:0:0:0:0:0:0:1 - - [02/Oct/2020:16:13:28 -0700] "GET /js/jquery-1.7.2.js HTTP/1.1" 200 293292
0:0:0:0:0:0:0:1 - - [02/Oct/2020:16:13:37 -0700] "POST /signup HTTP/1.1" 500 12611
0:0:0:0:0:0:0:1 - - [02/Oct/2020:16:16:13 -0700] "GET /signup HTTP/1.1" 200 4862
0:0:0:0:0:0:0:1 - - [02/Oct/2020:16:16:13 -0700] "GET /js/pwstrength.js HTTP/1.1" 200 -
0:0:0:0:0:0:0:1 - - [02/Oct/2020:16:16:13 -0700] "GET /js/jquery-1.7.2.js HTTP/1.1" 200 293292
0:0:0:0:0:0:0:1 - - [02/Oct/2020:16:16:25 -0700] "POST /signup HTTP/1.1" 302 -
0:0:0:0:0:0:0:1 - - [02/Oct/2020:16:16:25 -0700] "GET /login HTTP/1.1" 200 1655
0:0:0:0:0:0:0:1 - - [02/Oct/2020:16:16:33 -0700] "GET /registrationConfirm?token=134e2618-8fb6-49e5-9b90-a882f1c899c0 HTTP/1.1" 302 -
0:0:0:0:0:0:0:1 - - [02/Oct/2020:16:16:33 -0700] "GET /login HTTP/1.1" 200 1655
0:0:0:0:0:0:0:1 - - [02/Oct/2020:16:18:34 -0700] "GET /test?email=bonguyens2001@gmail.com HTTP/1.1" 500 9045
0:0:0:0:0:0:0:1 - - [02/Oct/2020:16:19:23 -0700] "GET /login HTTP/1.1" 200 1655
0:0:0:0:0:0:0:1 - - [02/Oct/2020:16:19:23 -0700] "GET /login HTTP/1.1" 200 1655
0:0:0:0:0:0:0:1 - - [02/Oct/2020:16:19:25 -0700] "GET /signup HTTP/1.1" 200 4862
0:0:0:0:0:0:0:1 - - [02/Oct/2020:16:19:25 -0700] "GET /js/pwstrength.js HTTP/1.1" 200 -
0:0:0:0:0:0:0:1 - - [02/Oct/2020:16:19:25 -0700] "GET /js/jquery-1.7.2.js HTTP/1.1" 200 293292
0:0:0:0:0:0:0:1 - - [02/Oct/2020:16:19:34 -0700] "POST /signup HTTP/1.1" 302 -
0:0:0:0:0:0:0:1 - - [02/Oct/2020:16:19:34 -0700] "GET /login HTTP/1.1" 200 1655
0:0:0:0:0:0:0:1 - - [02/Oct/2020:16:19:40 -0700] "GET /registrationConfirm?token=9ac56108-3946-4ebf-898f-11af82a207ad HTTP/1.1" 302 -
0:0:0:0:0:0:0:1 - - [02/Oct/2020:16:19:40 -0700] "GET /login HTTP/1.1" 200 1655
0:0:0:0:0:0:0:1 - - [02/Oct/2020:16:19:44 -0700] "GET /test?email=bonguyens2001@gmail.com HTTP/1.1" 200 390
0:0:0:0:0:0:0:1 - - [02/Oct/2020:16:21:15 -0700] "GET /test?email=bonguyens2001@gmail.com HTTP/1.1" 200 390
0:0:0:0:0:0:0:1 - - [02/Oct/2020:17:23:11 -0700] "GET /login HTTP/1.1" 200 1655
0:0:0:0:0:0:0:1 - - [02/Oct/2020:17:23:11 -0700] "GET /login HTTP/1.1" 200 1655
0:0:0:0:0:0:0:1 - - [02/Oct/2020:17:23:23 -0700] "GET /signup HTTP/1.1" 200 4862
0:0:0:0:0:0:0:1 - - [02/Oct/2020:17:23:23 -0700] "GET /js/pwstrength.js HTTP/1.1" 200 -
0:0:0:0:0:0:0:1 - - [02/Oct/2020:17:23:23 -0700] "GET /js/jquery-1.7.2.js HTTP/1.1" 200 293292
0:0:0:0:0:0:0:1 - - [02/Oct/2020:17:23:32 -0700] "POST /signup HTTP/1.1" 200 5038
0:0:0:0:0:0:0:1 - - [02/Oct/2020:17:23:32 -0700] "GET /js/pwstrength.js HTTP/1.1" 200 -
0:0:0:0:0:0:0:1 - - [02/Oct/2020:17:23:32 -0700] "GET /js/jquery-1.7.2.js HTTP/1.1" 200 293292
0:0:0:0:0:0:0:1 - - [02/Oct/2020:17:23:52 -0700] "GET /test?email=bonguyens2001@gmail.com HTTP/1.1" 200 390
0:0:0:0:0:0:0:1 - - [02/Oct/2020:17:23:59 -0700] "GET /test?email=bonguyens2001@gmail.com HTTP/1.1" 200 390
0:0:0:0:0:0:0:1 - - [02/Oct/2020:17:26:08 -0700] "GET /test?email=bonguyens2001@gmail.com HTTP/1.1" 200 390
0:0:0:0:0:0:0:1 - - [02/Oct/2020:17:26:24 -0700] "GET /test?email=bonguyens2001@gmail.com HTTP/1.1" 200 390
0:0:0:0:0:0:0:1 - - [02/Oct/2020:17:30:55 -0700] "GET /test?email=bonguyens2001@gmail.com HTTP/1.1" 500 11242
0:0:0:0:0:0:0:1 - - [02/Oct/2020:21:12:09 -0700] "GET /login HTTP/1.1" 200 1655
0:0:0:0:0:0:0:1 - - [02/Oct/2020:21:12:09 -0700] "GET /login HTTP/1.1" 200 1655
0:0:0:0:0:0:0:1 - - [02/Oct/2020:21:12:17 -0700] "GET /login HTTP/1.1" 200 1655
0:0:0:0:0:0:0:1 - - [02/Oct/2020:21:12:25 -0700] "GET /test?email=bonguyens2001@gmail.com HTTP/1.1" 500 11177
0:0:0:0:0:0:0:1 - - [02/Oct/2020:21:13:31 -0700] "GET /login HTTP/1.1" 200 1655
0:0:0:0:0:0:0:1 - - [02/Oct/2020:21:13:31 -0700] "GET /login HTTP/1.1" 200 1655
0:0:0:0:0:0:0:1 - - [02/Oct/2020:21:13:36 -0700] "GET /test?email=bonguyens2001@gmail.com HTTP/1.1" 500 11177
0:0:0:0:0:0:0:1 - - [02/Oct/2020:21:46:20 -0700] "GET /login HTTP/1.1" 200 1655
0:0:0:0:0:0:0:1 - - [02/Oct/2020:21:46:20 -0700] "GET /login HTTP/1.1" 200 1655
0:0:0:0:0:0:0:1 - - [02/Oct/2020:21:46:33 -0700] "GET /signup HTTP/1.1" 200 4862
0:0:0:0:0:0:0:1 - - [02/Oct/2020:21:46:33 -0700] "GET /js/pwstrength.js HTTP/1.1" 200 -
0:0:0:0:0:0:0:1 - - [02/Oct/2020:21:46:33 -0700] "GET /js/jquery-1.7.2.js HTTP/1.1" 200 293292
0:0:0:0:0:0:0:1 - - [02/Oct/2020:21:46:46 -0700] "POST /signup HTTP/1.1" 302 -
0:0:0:0:0:0:0:1 - - [02/Oct/2020:21:46:46 -0700] "GET /login HTTP/1.1" 200 1655
0:0:0:0:0:0:0:1 - - [02/Oct/2020:21:46:53 -0700] "GET /registrationConfirm?token=05399190-0752-4958-a97d-3af9d72a81a3 HTTP/1.1" 302 -
0:0:0:0:0:0:0:1 - - [02/Oct/2020:21:46:53 -0700] "GET /login HTTP/1.1" 200 1655
192.168.1.200 - - [02/Oct/2020:21:47:02 -0700] "GET / HTTP/1.1" 302 -
192.168.1.200 - - [02/Oct/2020:21:47:02 -0700] "GET /login HTTP/1.1" 200 1655
0:0:0:0:0:0:0:1 - - [02/Oct/2020:21:47:03 -0700] "GET /test?email=bonguyens2001@gmail.com HTTP/1.1" 500 11022
192.168.1.200 - - [02/Oct/2020:21:47:26 -0700] "GET /HNAP1/ HTTP/1.1" 302 -
0:0:0:0:0:0:0:1 - - [02/Oct/2020:21:48:48 -0700] "GET /test?email=bonguyens2001@gmail.com HTTP/1.1" 500 11025
0:0:0:0:0:0:0:1 - - [02/Oct/2020:21:50:25 -0700] "GET /test?email=bonguyens2001@gmail.com HTTP/1.1" 200 390
0:0:0:0:0:0:0:1 - - [02/Oct/2020:21:50:32 -0700] "GET /test?email=bonguyens2001@gmail.com HTTP/1.1" 200 390
0:0:0:0:0:0:0:1 - - [02/Oct/2020:21:58:00 -0700] "GET /login HTTP/1.1" 200 1655
0:0:0:0:0:0:0:1 - - [02/Oct/2020:21:58:02 -0700] "GET /test?email=bonguyens2001@gmail.com HTTP/1.1" 500 11021
0:0:0:0:0:0:0:1 - - [02/Oct/2020:21:58:02 -0700] "GET /test?email=bonguyens2001@gmail.com HTTP/1.1" 500 11021
0:0:0:0:0:0:0:1 - - [02/Oct/2020:21:58:28 -0700] "GET /registrationConfirm?token=05399190-0752-4958-a97d-3af9d72a81a3 HTTP/1.1" 302 -
0:0:0:0:0:0:0:1 - - [02/Oct/2020:21:58:28 -0700] "GET /login HTTP/1.1" 200 1655
0:0:0:0:0:0:0:1 - - [02/Oct/2020:21:58:48 -0700] "GET /test?email=bonguyens2001@gmail.com HTTP/1.1" 200 390
0:0:0:0:0:0:0:1 - - [02/Oct/2020:22:22:15 -0700] "GET /login HTTP/1.1" 200 1655
0:0:0:0:0:0:0:1 - - [02/Oct/2020:22:22:15 -0700] "GET /login HTTP/1.1" 200 1655
0:0:0:0:0:0:0:1 - - [02/Oct/2020:22:22:16 -0700] "GET /signup HTTP/1.1" 200 4862
0:0:0:0:0:0:0:1 - - [02/Oct/2020:22:22:16 -0700] "GET /js/pwstrength.js HTTP/1.1" 200 -
0:0:0:0:0:0:0:1 - - [02/Oct/2020:22:22:16 -0700] "GET /js/jquery-1.7.2.js HTTP/1.1" 200 293292
0:0:0:0:0:0:0:1 - - [02/Oct/2020:22:23:41 -0700] "POST /signup HTTP/1.1" 302 -
0:0:0:0:0:0:0:1 - - [02/Oct/2020:22:23:41 -0700] "GET /login HTTP/1.1" 200 1655
0:0:0:0:0:0:0:1 - - [02/Oct/2020:22:23:58 -0700] "GET /registrationConfirm?token=edff1cd0-044e-4dcc-a55c-230e6515bfe2 HTTP/1.1" 302 -
0:0:0:0:0:0:0:1 - - [02/Oct/2020:22:23:58 -0700] "GET /login HTTP/1.1" 200 1655
0:0:0:0:0:0:0:1 - - [02/Oct/2020:23:24:04 -0700] "GET /login HTTP/1.1" 200 1655
0:0:0:0:0:0:0:1 - - [02/Oct/2020:23:24:05 -0700] "GET /signup HTTP/1.1" 200 4862
0:0:0:0:0:0:0:1 - - [02/Oct/2020:23:24:05 -0700] "GET /js/pwstrength.js HTTP/1.1" 200 -
0:0:0:0:0:0:0:1 - - [02/Oct/2020:23:24:05 -0700] "GET /js/jquery-1.7.2.js HTTP/1.1" 200 293292
0:0:0:0:0:0:0:1 - - [02/Oct/2020:23:24:19 -0700] "POST /signup HTTP/1.1" 302 -
0:0:0:0:0:0:0:1 - - [02/Oct/2020:23:24:19 -0700] "GET /login HTTP/1.1" 200 1655
0:0:0:0:0:0:0:1 - - [02/Oct/2020:23:24:41 -0700] "GET /registrationConfirm?token=913eef4c-e2d5-48fb-adfc-3b1e6378305f HTTP/1.1" 302 -
0:0:0:0:0:0:0:1 - - [02/Oct/2020:23:24:41 -0700] "GET /login HTTP/1.1" 200 1655
0:0:0:0:0:0:0:1 - - [02/Oct/2020:23:25:14 -0700] "GET /forgetPassword HTTP/1.1" 200 1885
0:0:0:0:0:0:0:1 - - [02/Oct/2020:23:25:15 -0700] "GET /js/pwstrength.js HTTP/1.1" 200 -
0:0:0:0:0:0:0:1 - - [02/Oct/2020:23:25:15 -0700] "GET /js/jquery-1.7.2.js HTTP/1.1" 200 293292
0:0:0:0:0:0:0:1 - - [02/Oct/2020:23:25:30 -0700] "POST /changePassword HTTP/1.1" 302 -
0:0:0:0:0:0:0:1 - - [02/Oct/2020:23:25:30 -0700] "GET /login HTTP/1.1" 200 1655
0:0:0:0:0:0:0:1 - - [02/Oct/2020:23:25:36 -0700] "GET /resetPasswordConfirm?token=a8908c13-6d5b-42d5-8597-c03df86d8035 HTTP/1.1" 302 -
0:0:0:0:0:0:0:1 - - [02/Oct/2020:23:25:37 -0700] "GET /login HTTP/1.1" 200 1655
0:0:0:0:0:0:0:1 - - [02/Oct/2020:23:25:55 -0700] "GET /login HTTP/1.1" 200 1655
0:0:0:0:0:0:0:1 - - [02/Oct/2020:23:25:57 -0700] "GET /forgetPassword HTTP/1.1" 200 1885
0:0:0:0:0:0:0:1 - - [02/Oct/2020:23:25:57 -0700] "GET /js/pwstrength.js HTTP/1.1" 200 -
0:0:0:0:0:0:0:1 - - [02/Oct/2020:23:25:57 -0700] "GET /js/jquery-1.7.2.js HTTP/1.1" 200 293292
0:0:0:0:0:0:0:1 - - [02/Oct/2020:23:26:06 -0700] "POST /changePassword HTTP/1.1" 302 -
0:0:0:0:0:0:0:1 - - [02/Oct/2020:23:26:06 -0700] "GET /login HTTP/1.1" 200 1655
0:0:0:0:0:0:0:1 - - [02/Oct/2020:23:26:11 -0700] "GET /resetPasswordConfirm?token=09362a30-6c32-45fb-9442-c9985144190d HTTP/1.1" 302 -
0:0:0:0:0:0:0:1 - - [02/Oct/2020:23:26:11 -0700] "GET /login HTTP/1.1" 200 1655
0:0:0:0:0:0:0:1 - - [02/Oct/2020:23:31:31 -0700] "GET /login HTTP/1.1" 200 1655
0:0:0:0:0:0:0:1 - - [02/Oct/2020:23:31:33 -0700] "GET /signup HTTP/1.1" 200 4862
0:0:0:0:0:0:0:1 - - [02/Oct/2020:23:31:33 -0700] "GET /js/pwstrength.js HTTP/1.1" 200 -
0:0:0:0:0:0:0:1 - - [02/Oct/2020:23:31:33 -0700] "GET /js/jquery-1.7.2.js HTTP/1.1" 200 293292
0:0:0:0:0:0:0:1 - - [02/Oct/2020:23:31:51 -0700] "POST /signup HTTP/1.1" 302 -
0:0:0:0:0:0:0:1 - - [02/Oct/2020:23:31:51 -0700] "GET /login HTTP/1.1" 200 1655
0:0:0:0:0:0:0:1 - - [02/Oct/2020:23:31:55 -0700] "GET /registrationConfirm?token=c5c074b0-e16e-4aee-9dbc-8e4259bded32 HTTP/1.1" 302 -
0:0:0:0:0:0:0:1 - - [02/Oct/2020:23:31:55 -0700] "GET /login HTTP/1.1" 200 1655
0:0:0:0:0:0:0:1 - - [02/Oct/2020:23:35:28 -0700] "GET /login HTTP/1.1" 200 1655
0:0:0:0:0:0:0:1 - - [02/Oct/2020:23:35:29 -0700] "GET /signup HTTP/1.1" 200 4862
0:0:0:0:0:0:0:1 - - [02/Oct/2020:23:35:29 -0700] "GET /js/pwstrength.js HTTP/1.1" 200 -
0:0:0:0:0:0:0:1 - - [02/Oct/2020:23:35:29 -0700] "GET /js/jquery-1.7.2.js HTTP/1.1" 200 293292
0:0:0:0:0:0:0:1 - - [02/Oct/2020:23:35:47 -0700] "POST /signup HTTP/1.1" 302 -
0:0:0:0:0:0:0:1 - - [02/Oct/2020:23:35:47 -0700] "GET /login HTTP/1.1" 200 1655
0:0:0:0:0:0:0:1 - - [02/Oct/2020:23:35:50 -0700] "GET /registrationConfirm?token=a1639eaf-aede-4b73-9189-4e9d984e54ea HTTP/1.1" 302 -
0:0:0:0:0:0:0:1 - - [02/Oct/2020:23:35:50 -0700] "GET /login HTTP/1.1" 200 1655
0:0:0:0:0:0:0:1 - - [02/Oct/2020:23:35:56 -0700] "POST /doLogin HTTP/1.1" 302 -
0:0:0:0:0:0:0:1 - - [02/Oct/2020:23:35:56 -0700] "GET /loginFailed HTTP/1.1" 302 -
0:0:0:0:0:0:0:1 - - [02/Oct/2020:23:35:56 -0700] "GET /login HTTP/1.1" 200 1655
0:0:0:0:0:0:0:1 - - [02/Oct/2020:23:36:12 -0700] "GET /forgetPassword HTTP/1.1" 200 1885
0:0:0:0:0:0:0:1 - - [02/Oct/2020:23:36:12 -0700] "GET /js/pwstrength.js HTTP/1.1" 200 -
0:0:0:0:0:0:0:1 - - [02/Oct/2020:23:36:12 -0700] "GET /js/jquery-1.7.2.js HTTP/1.1" 200 293292
0:0:0:0:0:0:0:1 - - [02/Oct/2020:23:36:17 -0700] "POST /changePassword HTTP/1.1" 200 1985
0:0:0:0:0:0:0:1 - - [02/Oct/2020:23:36:17 -0700] "GET /js/pwstrength.js HTTP/1.1" 200 -
0:0:0:0:0:0:0:1 - - [02/Oct/2020:23:36:17 -0700] "GET /js/jquery-1.7.2.js HTTP/1.1" 200 293292
0:0:0:0:0:0:0:1 - - [02/Oct/2020:23:36:26 -0700] "POST /changePassword HTTP/1.1" 302 -
0:0:0:0:0:0:0:1 - - [02/Oct/2020:23:36:26 -0700] "GET /login HTTP/1.1" 200 1655
0:0:0:0:0:0:0:1 - - [02/Oct/2020:23:36:29 -0700] "GET /resetPasswordConfirm?token=9d727fc9-b5bb-4f16-89b2-4165ddaafff1 HTTP/1.1" 302 -
0:0:0:0:0:0:0:1 - - [02/Oct/2020:23:36:29 -0700] "GET /login HTTP/1.1" 200 1655
0:0:0:0:0:0:0:1 - - [02/Oct/2020:23:36:34 -0700] "POST /doLogin HTTP/1.1" 302 -
0:0:0:0:0:0:0:1 - - [02/Oct/2020:23:36:34 -0700] "GET /loginFailed HTTP/1.1" 302 -
0:0:0:0:0:0:0:1 - - [02/Oct/2020:23:36:34 -0700] "GET /login HTTP/1.1" 200 1655
0:0:0:0:0:0:0:1 - - [02/Oct/2020:23:39:36 -0700] "GET /login HTTP/1.1" 200 1655
0:0:0:0:0:0:0:1 - - [02/Oct/2020:23:39:47 -0700] "GET /signup HTTP/1.1" 200 4862
0:0:0:0:0:0:0:1 - - [02/Oct/2020:23:39:47 -0700] "GET /js/pwstrength.js HTTP/1.1" 200 -
0:0:0:0:0:0:0:1 - - [02/Oct/2020:23:39:47 -0700] "GET /js/jquery-1.7.2.js HTTP/1.1" 200 293292
0:0:0:0:0:0:0:1 - - [02/Oct/2020:23:40:06 -0700] "POST /signup HTTP/1.1" 302 -
0:0:0:0:0:0:0:1 - - [02/Oct/2020:23:40:06 -0700] "GET /login HTTP/1.1" 200 1655
0:0:0:0:0:0:0:1 - - [02/Oct/2020:23:40:09 -0700] "GET /registrationConfirm?token=962d8d13-10f8-4344-ae33-fd5d9e0644bc HTTP/1.1" 302 -
0:0:0:0:0:0:0:1 - - [02/Oct/2020:23:40:09 -0700] "GET /login HTTP/1.1" 200 1655
0:0:0:0:0:0:0:1 - - [02/Oct/2020:23:44:30 -0700] "GET /login HTTP/1.1" 200 1655
0:0:0:0:0:0:0:1 - - [02/Oct/2020:23:47:06 -0700] "GET /login HTTP/1.1" 200 1655
0:0:0:0:0:0:0:1 - - [02/Oct/2020:23:47:07 -0700] "GET /signup HTTP/1.1" 200 4862
0:0:0:0:0:0:0:1 - - [02/Oct/2020:23:47:07 -0700] "GET /js/pwstrength.js HTTP/1.1" 200 -
0:0:0:0:0:0:0:1 - - [02/Oct/2020:23:47:07 -0700] "GET /js/jquery-1.7.2.js HTTP/1.1" 200 293292
0:0:0:0:0:0:0:1 - - [02/Oct/2020:23:47:08 -0700] "POST /signup HTTP/1.1" 200 5644
0:0:0:0:0:0:0:1 - - [02/Oct/2020:23:47:09 -0700] "GET /js/pwstrength.js HTTP/1.1" 200 -
0:0:0:0:0:0:0:1 - - [02/Oct/2020:23:47:09 -0700] "GET /js/jquery-1.7.2.js HTTP/1.1" 200 293292
0:0:0:0:0:0:0:1 - - [02/Oct/2020:23:47:25 -0700] "POST /signup HTTP/1.1" 302 -
0:0:0:0:0:0:0:1 - - [02/Oct/2020:23:47:25 -0700] "GET /login HTTP/1.1" 200 1655
0:0:0:0:0:0:0:1 - - [02/Oct/2020:23:47:31 -0700] "POST /doLogin HTTP/1.1" 302 -
0:0:0:0:0:0:0:1 - - [02/Oct/2020:23:47:31 -0700] "GET /loginFailed HTTP/1.1" 302 -
0:0:0:0:0:0:0:1 - - [02/Oct/2020:23:47:31 -0700] "GET /login HTTP/1.1" 200 1655
192.168.1.86 - - [02/Oct/2020:23:54:43 -0700] "GET / HTTP/1.1" 302 -
192.168.1.86 - - [02/Oct/2020:23:54:48 -0700] "GET /login HTTP/1.1" 200 1655
0:0:0:0:0:0:0:1 - - [02/Oct/2020:23:57:42 -0700] "GET /login HTTP/1.1" 200 1655
0:0:0:0:0:0:0:1 - - [02/Oct/2020:23:57:44 -0700] "GET /login HTTP/1.1" 200 1655
0:0:0:0:0:0:0:1 - - [02/Oct/2020:23:57:50 -0700] "GET /signup HTTP/1.1" 200 4862
0:0:0:0:0:0:0:1 - - [02/Oct/2020:23:57:50 -0700] "GET /js/pwstrength.js HTTP/1.1" 200 -
0:0:0:0:0:0:0:1 - - [02/Oct/2020:23:57:50 -0700] "GET /js/jquery-1.7.2.js HTTP/1.1" 200 293292
0:0:0:0:0:0:0:1 - - [02/Oct/2020:23:58:05 -0700] "POST /signup HTTP/1.1" 302 -
0:0:0:0:0:0:0:1 - - [02/Oct/2020:23:58:05 -0700] "GET /login HTTP/1.1" 200 1655
0:0:0:0:0:0:0:1 - - [02/Oct/2020:23:58:37 -0700] "GET /registrationConfirm?token=00e1bfbb-62f7-4bec-84b7-494a41e0b295 HTTP/1.1" 302 -
0:0:0:0:0:0:0:1 - - [02/Oct/2020:23:58:37 -0700] "GET /login HTTP/1.1" 200 1655
0:0:0:0:0:0:0:1 - - [02/Oct/2020:23:59:41 -0700] "GET /login HTTP/1.1" 200 1655
0:0:0:0:0:0:0:1 - - [02/Oct/2020:23:59:42 -0700] "GET /signup HTTP/1.1" 200 4862
0:0:0:0:0:0:0:1 - - [02/Oct/2020:23:59:42 -0700] "GET /js/pwstrength.js HTTP/1.1" 200 -
0:0:0:0:0:0:0:1 - - [02/Oct/2020:23:59:42 -0700] "GET /js/jquery-1.7.2.js HTTP/1.1" 200 293292
