0:0:0:0:0:0:0:1 - - [12/Oct/2020:01:39:49 -0700] "GET /login HTTP/1.1" 200 1655
0:0:0:0:0:0:0:1 - - [12/Oct/2020:01:39:49 -0700] "GET /login HTTP/1.1" 200 1655
0:0:0:0:0:0:0:1 - - [12/Oct/2020:01:39:55 -0700] "GET /signup HTTP/1.1" 200 4862
0:0:0:0:0:0:0:1 - - [12/Oct/2020:01:39:55 -0700] "GET /js/pwstrength.js HTTP/1.1" 200 -
0:0:0:0:0:0:0:1 - - [12/Oct/2020:01:39:55 -0700] "GET /js/jquery-1.7.2.js HTTP/1.1" 200 293292
0:0:0:0:0:0:0:1 - - [12/Oct/2020:01:40:07 -0700] "POST /signup HTTP/1.1" 302 -
0:0:0:0:0:0:0:1 - - [12/Oct/2020:01:40:07 -0700] "GET /login HTTP/1.1" 200 1738
0:0:0:0:0:0:0:1 - - [12/Oct/2020:01:40:19 -0700] "GET /registrationConfirm?token=b5676f12-9ce2-4848-af56-b98a2ae98be5 HTTP/1.1" 302 -
0:0:0:0:0:0:0:1 - - [12/Oct/2020:01:40:19 -0700] "GET /login HTTP/1.1" 200 1728
0:0:0:0:0:0:0:1 - - [12/Oct/2020:01:40:26 -0700] "GET /signup HTTP/1.1" 200 4862
0:0:0:0:0:0:0:1 - - [12/Oct/2020:01:40:26 -0700] "GET /js/pwstrength.js HTTP/1.1" 200 -
0:0:0:0:0:0:0:1 - - [12/Oct/2020:01:40:26 -0700] "GET /js/jquery-1.7.2.js HTTP/1.1" 200 293292
0:0:0:0:0:0:0:1 - - [12/Oct/2020:01:40:40 -0700] "POST /signup HTTP/1.1" 302 -
0:0:0:0:0:0:0:1 - - [12/Oct/2020:01:40:40 -0700] "GET /login HTTP/1.1" 200 1738
0:0:0:0:0:0:0:1 - - [12/Oct/2020:01:40:47 -0700] "GET /registrationConfirm?token=3389b9df-73f6-49f0-a3b7-093489ef687b HTTP/1.1" 302 -
0:0:0:0:0:0:0:1 - - [12/Oct/2020:01:40:47 -0700] "GET /login HTTP/1.1" 200 1728
0:0:0:0:0:0:0:1 - - [12/Oct/2020:02:10:06 -0700] "GET /login HTTP/1.1" 200 1655
0:0:0:0:0:0:0:1 - - [12/Oct/2020:02:10:07 -0700] "GET /login HTTP/1.1" 200 1655
0:0:0:0:0:0:0:1 - - [12/Oct/2020:02:10:09 -0700] "GET /signup HTTP/1.1" 200 4862
0:0:0:0:0:0:0:1 - - [12/Oct/2020:02:10:09 -0700] "GET /js/pwstrength.js HTTP/1.1" 200 -
0:0:0:0:0:0:0:1 - - [12/Oct/2020:02:10:09 -0700] "GET /js/jquery-1.7.2.js HTTP/1.1" 200 293292
0:0:0:0:0:0:0:1 - - [12/Oct/2020:02:10:22 -0700] "POST /signup HTTP/1.1" 302 -
0:0:0:0:0:0:0:1 - - [12/Oct/2020:02:10:22 -0700] "GET /login HTTP/1.1" 200 1738
0:0:0:0:0:0:0:1 - - [12/Oct/2020:02:10:31 -0700] "GET /registrationConfirm?token=cb5feb1e-7317-4dd7-952d-fd177959476e HTTP/1.1" 302 -
0:0:0:0:0:0:0:1 - - [12/Oct/2020:02:10:31 -0700] "GET /login HTTP/1.1" 200 1728
0:0:0:0:0:0:0:1 - - [12/Oct/2020:02:10:33 -0700] "GET /signup HTTP/1.1" 200 4862
0:0:0:0:0:0:0:1 - - [12/Oct/2020:02:10:33 -0700] "GET /js/pwstrength.js HTTP/1.1" 200 -
0:0:0:0:0:0:0:1 - - [12/Oct/2020:02:10:33 -0700] "GET /js/jquery-1.7.2.js HTTP/1.1" 200 293292
0:0:0:0:0:0:0:1 - - [12/Oct/2020:02:10:43 -0700] "POST /signup HTTP/1.1" 302 -
0:0:0:0:0:0:0:1 - - [12/Oct/2020:02:10:43 -0700] "GET /login HTTP/1.1" 200 1738
0:0:0:0:0:0:0:1 - - [12/Oct/2020:02:10:48 -0700] "GET /registrationConfirm?token=2890c977-2d22-4438-8f16-049d867f9b32 HTTP/1.1" 302 -
0:0:0:0:0:0:0:1 - - [12/Oct/2020:02:10:48 -0700] "GET /login HTTP/1.1" 200 1728
0:0:0:0:0:0:0:1 - - [12/Oct/2020:16:08:08 -0700] "GET /login HTTP/1.1" 200 1655
0:0:0:0:0:0:0:1 - - [12/Oct/2020:16:08:08 -0700] "GET /login HTTP/1.1" 200 1655
0:0:0:0:0:0:0:1 - - [12/Oct/2020:16:08:09 -0700] "GET /signup HTTP/1.1" 200 4862
0:0:0:0:0:0:0:1 - - [12/Oct/2020:16:08:09 -0700] "GET /js/pwstrength.js HTTP/1.1" 200 -
0:0:0:0:0:0:0:1 - - [12/Oct/2020:16:08:09 -0700] "GET /js/jquery-1.7.2.js HTTP/1.1" 200 293292
0:0:0:0:0:0:0:1 - - [12/Oct/2020:16:08:23 -0700] "POST /signup HTTP/1.1" 302 -
0:0:0:0:0:0:0:1 - - [12/Oct/2020:16:08:23 -0700] "GET /login HTTP/1.1" 200 1738
0:0:0:0:0:0:0:1 - - [12/Oct/2020:16:08:31 -0700] "GET /registrationConfirm?token=4589ceda-19b6-406d-8560-b90d113b260e HTTP/1.1" 302 -
0:0:0:0:0:0:0:1 - - [12/Oct/2020:16:08:31 -0700] "GET /login HTTP/1.1" 200 1728
0:0:0:0:0:0:0:1 - - [12/Oct/2020:16:08:32 -0700] "GET /signup HTTP/1.1" 200 4862
0:0:0:0:0:0:0:1 - - [12/Oct/2020:16:08:32 -0700] "GET /js/pwstrength.js HTTP/1.1" 200 -
0:0:0:0:0:0:0:1 - - [12/Oct/2020:16:08:32 -0700] "GET /js/jquery-1.7.2.js HTTP/1.1" 200 293292
0:0:0:0:0:0:0:1 - - [12/Oct/2020:16:08:55 -0700] "POST /signup HTTP/1.1" 302 -
0:0:0:0:0:0:0:1 - - [12/Oct/2020:16:08:55 -0700] "GET /login HTTP/1.1" 200 1738
0:0:0:0:0:0:0:1 - - [12/Oct/2020:16:09:04 -0700] "GET /registrationConfirm?token=0a473084-fb64-4510-a252-96998965800a HTTP/1.1" 302 -
0:0:0:0:0:0:0:1 - - [12/Oct/2020:16:09:04 -0700] "GET /login HTTP/1.1" 200 1728
0:0:0:0:0:0:0:1 - - [12/Oct/2020:16:26:50 -0700] "GET /login HTTP/1.1" 200 1655
0:0:0:0:0:0:0:1 - - [12/Oct/2020:16:26:50 -0700] "GET /login HTTP/1.1" 200 1655
0:0:0:0:0:0:0:1 - - [12/Oct/2020:16:26:51 -0700] "GET /signup HTTP/1.1" 200 4862
0:0:0:0:0:0:0:1 - - [12/Oct/2020:16:26:51 -0700] "GET /js/pwstrength.js HTTP/1.1" 200 -
0:0:0:0:0:0:0:1 - - [12/Oct/2020:16:26:51 -0700] "GET /js/jquery-1.7.2.js HTTP/1.1" 200 293292
0:0:0:0:0:0:0:1 - - [12/Oct/2020:16:27:03 -0700] "POST /signup HTTP/1.1" 302 -
0:0:0:0:0:0:0:1 - - [12/Oct/2020:16:27:03 -0700] "GET /login HTTP/1.1" 200 1738
0:0:0:0:0:0:0:1 - - [12/Oct/2020:16:27:04 -0700] "GET /signup HTTP/1.1" 200 4862
0:0:0:0:0:0:0:1 - - [12/Oct/2020:16:27:04 -0700] "GET /js/pwstrength.js HTTP/1.1" 200 -
0:0:0:0:0:0:0:1 - - [12/Oct/2020:16:27:04 -0700] "GET /js/jquery-1.7.2.js HTTP/1.1" 200 293292
0:0:0:0:0:0:0:1 - - [12/Oct/2020:16:27:14 -0700] "POST /signup HTTP/1.1" 302 -
0:0:0:0:0:0:0:1 - - [12/Oct/2020:16:27:14 -0700] "GET /login HTTP/1.1" 200 1738
0:0:0:0:0:0:0:1 - - [12/Oct/2020:16:27:20 -0700] "GET /registrationConfirm?token=83fac44f-6afc-43e4-9bb5-fcdca896ea65 HTTP/1.1" 302 -
0:0:0:0:0:0:0:1 - - [12/Oct/2020:16:27:20 -0700] "GET /login HTTP/1.1" 200 1728
0:0:0:0:0:0:0:1 - - [12/Oct/2020:16:27:28 -0700] "GET /registrationConfirm?token=7077f9d9-4526-4b01-b162-25c41f5dce64 HTTP/1.1" 302 -
0:0:0:0:0:0:0:1 - - [12/Oct/2020:16:27:28 -0700] "GET /login HTTP/1.1" 200 1728
0:0:0:0:0:0:0:1 - - [12/Oct/2020:16:31:52 -0700] "GET /login HTTP/1.1" 200 1655
0:0:0:0:0:0:0:1 - - [12/Oct/2020:16:31:53 -0700] "GET /signup HTTP/1.1" 200 4862
0:0:0:0:0:0:0:1 - - [12/Oct/2020:16:31:53 -0700] "GET /js/pwstrength.js HTTP/1.1" 200 -
0:0:0:0:0:0:0:1 - - [12/Oct/2020:16:31:53 -0700] "GET /js/jquery-1.7.2.js HTTP/1.1" 200 293292
0:0:0:0:0:0:0:1 - - [12/Oct/2020:16:32:03 -0700] "POST /signup HTTP/1.1" 302 -
0:0:0:0:0:0:0:1 - - [12/Oct/2020:16:32:03 -0700] "GET /login HTTP/1.1" 200 1738
0:0:0:0:0:0:0:1 - - [12/Oct/2020:16:32:06 -0700] "GET /signup HTTP/1.1" 200 4862
0:0:0:0:0:0:0:1 - - [12/Oct/2020:16:32:06 -0700] "GET /js/pwstrength.js HTTP/1.1" 200 -
0:0:0:0:0:0:0:1 - - [12/Oct/2020:16:32:06 -0700] "GET /js/jquery-1.7.2.js HTTP/1.1" 200 293292
0:0:0:0:0:0:0:1 - - [12/Oct/2020:16:32:19 -0700] "POST /signup HTTP/1.1" 302 -
0:0:0:0:0:0:0:1 - - [12/Oct/2020:16:32:19 -0700] "GET /login HTTP/1.1" 200 1738
0:0:0:0:0:0:0:1 - - [12/Oct/2020:16:32:24 -0700] "GET /registrationConfirm?token=8f7b19f9-8cad-4dec-8d74-3fc1cd3d9c70 HTTP/1.1" 302 -
0:0:0:0:0:0:0:1 - - [12/Oct/2020:16:32:24 -0700] "GET /login HTTP/1.1" 200 1728
0:0:0:0:0:0:0:1 - - [12/Oct/2020:16:32:33 -0700] "GET /registrationConfirm?token=b880c5b6-290b-4582-a2fb-658a0f9246d7 HTTP/1.1" 302 -
0:0:0:0:0:0:0:1 - - [12/Oct/2020:16:32:33 -0700] "GET /login HTTP/1.1" 200 1728
0:0:0:0:0:0:0:1 - - [12/Oct/2020:16:40:42 -0700] "GET /login HTTP/1.1" 200 1655
0:0:0:0:0:0:0:1 - - [12/Oct/2020:16:40:43 -0700] "GET /signup HTTP/1.1" 200 4862
0:0:0:0:0:0:0:1 - - [12/Oct/2020:16:40:43 -0700] "GET /js/pwstrength.js HTTP/1.1" 200 -
0:0:0:0:0:0:0:1 - - [12/Oct/2020:16:40:43 -0700] "GET /js/jquery-1.7.2.js HTTP/1.1" 200 293292
0:0:0:0:0:0:0:1 - - [12/Oct/2020:16:40:53 -0700] "POST /signup HTTP/1.1" 302 -
0:0:0:0:0:0:0:1 - - [12/Oct/2020:16:40:53 -0700] "GET /login HTTP/1.1" 200 1738
0:0:0:0:0:0:0:1 - - [12/Oct/2020:16:40:55 -0700] "GET /signup HTTP/1.1" 200 4862
0:0:0:0:0:0:0:1 - - [12/Oct/2020:16:40:55 -0700] "GET /js/pwstrength.js HTTP/1.1" 200 -
0:0:0:0:0:0:0:1 - - [12/Oct/2020:16:40:55 -0700] "GET /js/jquery-1.7.2.js HTTP/1.1" 200 293292
0:0:0:0:0:0:0:1 - - [12/Oct/2020:16:41:10 -0700] "POST /signup HTTP/1.1" 302 -
0:0:0:0:0:0:0:1 - - [12/Oct/2020:16:41:10 -0700] "GET /login HTTP/1.1" 200 1738
0:0:0:0:0:0:0:1 - - [12/Oct/2020:16:41:22 -0700] "GET /registrationConfirm?token=ba2075b8-a428-4e30-9c4d-55ca0250185a HTTP/1.1" 302 -
0:0:0:0:0:0:0:1 - - [12/Oct/2020:16:41:22 -0700] "GET /login HTTP/1.1" 200 1728
0:0:0:0:0:0:0:1 - - [12/Oct/2020:16:41:39 -0700] "GET /registrationConfirm?token=7ec60201-b9e9-448f-9fd4-d918eedae371 HTTP/1.1" 302 -
0:0:0:0:0:0:0:1 - - [12/Oct/2020:16:41:39 -0700] "GET /login HTTP/1.1" 200 1728
0:0:0:0:0:0:0:1 - - [12/Oct/2020:16:50:08 -0700] "GET /login HTTP/1.1" 200 1655
0:0:0:0:0:0:0:1 - - [12/Oct/2020:16:50:09 -0700] "GET /signup HTTP/1.1" 200 4862
0:0:0:0:0:0:0:1 - - [12/Oct/2020:16:50:09 -0700] "GET /js/pwstrength.js HTTP/1.1" 200 -
0:0:0:0:0:0:0:1 - - [12/Oct/2020:16:50:09 -0700] "GET /js/jquery-1.7.2.js HTTP/1.1" 200 293292
0:0:0:0:0:0:0:1 - - [12/Oct/2020:16:50:20 -0700] "POST /signup HTTP/1.1" 302 -
0:0:0:0:0:0:0:1 - - [12/Oct/2020:16:50:20 -0700] "GET /login HTTP/1.1" 200 1738
0:0:0:0:0:0:0:1 - - [12/Oct/2020:16:50:24 -0700] "GET /signup HTTP/1.1" 200 4862
0:0:0:0:0:0:0:1 - - [12/Oct/2020:16:50:24 -0700] "GET /js/pwstrength.js HTTP/1.1" 200 -
0:0:0:0:0:0:0:1 - - [12/Oct/2020:16:50:24 -0700] "GET /js/jquery-1.7.2.js HTTP/1.1" 200 293292
0:0:0:0:0:0:0:1 - - [12/Oct/2020:16:50:34 -0700] "POST /signup HTTP/1.1" 302 -
0:0:0:0:0:0:0:1 - - [12/Oct/2020:16:50:34 -0700] "GET /login HTTP/1.1" 200 1738
0:0:0:0:0:0:0:1 - - [12/Oct/2020:16:50:35 -0700] "GET /registrationConfirm?token=1c87e0ad-87e2-4eac-8ee3-2341da0568b1 HTTP/1.1" 302 -
0:0:0:0:0:0:0:1 - - [12/Oct/2020:16:50:35 -0700] "GET /login HTTP/1.1" 200 1728
0:0:0:0:0:0:0:1 - - [12/Oct/2020:16:50:43 -0700] "GET /registrationConfirm?token=48dd9441-6d81-49fd-9b17-4af6d18f61a5 HTTP/1.1" 302 -
0:0:0:0:0:0:0:1 - - [12/Oct/2020:16:50:43 -0700] "GET /login HTTP/1.1" 200 1728
0:0:0:0:0:0:0:1 - - [12/Oct/2020:19:07:40 -0700] "GET /login HTTP/1.1" 200 1655
0:0:0:0:0:0:0:1 - - [12/Oct/2020:19:07:41 -0700] "GET /login HTTP/1.1" 200 1655
0:0:0:0:0:0:0:1 - - [12/Oct/2020:19:07:46 -0700] "POST /doLogin HTTP/1.1" 302 -
0:0:0:0:0:0:0:1 - - [12/Oct/2020:19:07:46 -0700] "GET /loginSuccessful HTTP/1.1" 200 622
0:0:0:0:0:0:0:1 - - [12/Oct/2020:19:08:16 -0700] "GET /searchCourses HTTP/1.1" 200 5
0:0:0:0:0:0:0:1 - - [12/Oct/2020:19:08:30 -0700] "GET /login HTTP/1.1" 200 1655
0:0:0:0:0:0:0:1 - - [12/Oct/2020:19:08:30 -0700] "GET /login HTTP/1.1" 200 1655
0:0:0:0:0:0:0:1 - - [12/Oct/2020:19:08:35 -0700] "POST /doLogin HTTP/1.1" 302 -
0:0:0:0:0:0:0:1 - - [12/Oct/2020:19:08:35 -0700] "GET /loginFailed HTTP/1.1" 302 -
0:0:0:0:0:0:0:1 - - [12/Oct/2020:19:08:35 -0700] "GET /login HTTP/1.1" 200 1655
0:0:0:0:0:0:0:1 - - [12/Oct/2020:19:08:41 -0700] "POST /doLogin HTTP/1.1" 302 -
0:0:0:0:0:0:0:1 - - [12/Oct/2020:19:08:41 -0700] "GET /loginSuccessful HTTP/1.1" 200 622
0:0:0:0:0:0:0:1 - - [12/Oct/2020:19:08:42 -0700] "GET /searchCourses HTTP/1.1" 500 12444
0:0:0:0:0:0:0:1 - - [12/Oct/2020:19:09:39 -0700] "GET /login HTTP/1.1" 200 1655
0:0:0:0:0:0:0:1 - - [12/Oct/2020:19:09:39 -0700] "GET /login HTTP/1.1" 200 1655
0:0:0:0:0:0:0:1 - - [12/Oct/2020:19:09:44 -0700] "POST /doLogin HTTP/1.1" 302 -
0:0:0:0:0:0:0:1 - - [12/Oct/2020:19:09:44 -0700] "GET /loginFailed HTTP/1.1" 302 -
0:0:0:0:0:0:0:1 - - [12/Oct/2020:19:09:44 -0700] "GET /login HTTP/1.1" 200 1655
0:0:0:0:0:0:0:1 - - [12/Oct/2020:19:09:59 -0700] "GET /login HTTP/1.1" 200 1655
0:0:0:0:0:0:0:1 - - [12/Oct/2020:19:10:04 -0700] "POST /doLogin HTTP/1.1" 302 -
0:0:0:0:0:0:0:1 - - [12/Oct/2020:19:10:04 -0700] "GET /loginFailed HTTP/1.1" 302 -
0:0:0:0:0:0:0:1 - - [12/Oct/2020:19:10:04 -0700] "GET /login HTTP/1.1" 200 1655
0:0:0:0:0:0:0:1 - - [12/Oct/2020:19:10:07 -0700] "POST /doLogin HTTP/1.1" 302 -
0:0:0:0:0:0:0:1 - - [12/Oct/2020:19:10:07 -0700] "GET /loginSuccessful HTTP/1.1" 200 622
0:0:0:0:0:0:0:1 - - [12/Oct/2020:19:10:09 -0700] "GET /searchCourses HTTP/1.1" 500 9836
0:0:0:0:0:0:0:1 - - [12/Oct/2020:19:10:35 -0700] "GET /login HTTP/1.1" 200 1655
0:0:0:0:0:0:0:1 - - [12/Oct/2020:19:10:35 -0700] "GET /login HTTP/1.1" 200 1655
0:0:0:0:0:0:0:1 - - [12/Oct/2020:19:10:39 -0700] "POST /doLogin HTTP/1.1" 302 -
0:0:0:0:0:0:0:1 - - [12/Oct/2020:19:10:39 -0700] "GET /loginSuccessful HTTP/1.1" 200 622
0:0:0:0:0:0:0:1 - - [12/Oct/2020:19:10:40 -0700] "GET /searchCourses HTTP/1.1" 200 354
0:0:0:0:0:0:0:1 - - [12/Oct/2020:19:53:32 -0700] "GET /login HTTP/1.1" 200 1655
0:0:0:0:0:0:0:1 - - [12/Oct/2020:19:53:32 -0700] "GET /login HTTP/1.1" 200 1655
0:0:0:0:0:0:0:1 - - [12/Oct/2020:19:53:39 -0700] "POST /doLogin HTTP/1.1" 302 -
0:0:0:0:0:0:0:1 - - [12/Oct/2020:19:53:39 -0700] "GET /loginSuccessful HTTP/1.1" 200 622
0:0:0:0:0:0:0:1 - - [12/Oct/2020:19:53:41 -0700] "GET /searchCourses HTTP/1.1" 500 12056
0:0:0:0:0:0:0:1 - - [12/Oct/2020:19:54:44 -0700] "GET /login HTTP/1.1" 200 1655
0:0:0:0:0:0:0:1 - - [12/Oct/2020:19:55:01 -0700] "POST /doLogin HTTP/1.1" 302 -
0:0:0:0:0:0:0:1 - - [12/Oct/2020:19:55:01 -0700] "GET /loginSuccessful HTTP/1.1" 200 622
0:0:0:0:0:0:0:1 - - [12/Oct/2020:19:55:03 -0700] "GET /searchCourses HTTP/1.1" 200 381
0:0:0:0:0:0:0:1 - - [12/Oct/2020:20:29:23 -0700] "GET /login HTTP/1.1" 200 1655
0:0:0:0:0:0:0:1 - - [12/Oct/2020:20:29:23 -0700] "GET /login HTTP/1.1" 200 1655
0:0:0:0:0:0:0:1 - - [12/Oct/2020:20:29:30 -0700] "POST /doLogin HTTP/1.1" 302 -
0:0:0:0:0:0:0:1 - - [12/Oct/2020:20:29:30 -0700] "GET /loginSuccessful HTTP/1.1" 200 622
0:0:0:0:0:0:0:1 - - [12/Oct/2020:20:29:40 -0700] "GET /searchBook HTTP/1.1" 200 654
0:0:0:0:0:0:0:1 - - [12/Oct/2020:20:29:43 -0700] "GET /loginSuccessful HTTP/1.1" 200 622
0:0:0:0:0:0:0:1 - - [12/Oct/2020:20:36:33 -0700] "GET /loginSuccessful HTTP/1.1" 200 634
0:0:0:0:0:0:0:1 - - [12/Oct/2020:20:36:35 -0700] "GET /searchCourses HTTP/1.1" 200 465
0:0:0:0:0:0:0:1 - - [12/Oct/2020:20:47:00 -0700] "GET /login HTTP/1.1" 200 1655
0:0:0:0:0:0:0:1 - - [12/Oct/2020:20:47:01 -0700] "GET /login HTTP/1.1" 200 1655
0:0:0:0:0:0:0:1 - - [12/Oct/2020:20:47:05 -0700] "POST /doLogin HTTP/1.1" 302 -
0:0:0:0:0:0:0:1 - - [12/Oct/2020:20:47:05 -0700] "GET /loginFailed HTTP/1.1" 302 -
0:0:0:0:0:0:0:1 - - [12/Oct/2020:20:47:05 -0700] "GET /login HTTP/1.1" 200 1655
0:0:0:0:0:0:0:1 - - [12/Oct/2020:20:47:11 -0700] "POST /doLogin HTTP/1.1" 302 -
0:0:0:0:0:0:0:1 - - [12/Oct/2020:20:47:11 -0700] "GET /loginSuccessful HTTP/1.1" 200 634
0:0:0:0:0:0:0:1 - - [12/Oct/2020:20:47:12 -0700] "GET /searchCourses HTTP/1.1" 200 523
0:0:0:0:0:0:0:1 - - [12/Oct/2020:21:03:08 -0700] "GET /login HTTP/1.1" 200 1655
0:0:0:0:0:0:0:1 - - [12/Oct/2020:21:03:08 -0700] "GET /login HTTP/1.1" 200 1655
0:0:0:0:0:0:0:1 - - [12/Oct/2020:21:03:08 -0700] "GET /favicon.ico HTTP/1.1" 200 1150
0:0:0:0:0:0:0:1 - - [12/Oct/2020:21:03:15 -0700] "POST /doLogin HTTP/1.1" 302 -
0:0:0:0:0:0:0:1 - - [12/Oct/2020:21:03:15 -0700] "GET /loginSuccessful HTTP/1.1" 200 634
0:0:0:0:0:0:0:1 - - [12/Oct/2020:21:03:16 -0700] "GET /searchCourses HTTP/1.1" 200 534
0:0:0:0:0:0:0:1 - - [12/Oct/2020:21:04:21 -0700] "GET /login HTTP/1.1" 200 1655
0:0:0:0:0:0:0:1 - - [12/Oct/2020:21:04:25 -0700] "POST /doLogin HTTP/1.1" 302 -
0:0:0:0:0:0:0:1 - - [12/Oct/2020:21:04:25 -0700] "GET /loginSuccessful HTTP/1.1" 200 634
0:0:0:0:0:0:0:1 - - [12/Oct/2020:21:04:28 -0700] "GET /searchCourses HTTP/1.1" 200 534
0:0:0:0:0:0:0:1 - - [12/Oct/2020:22:03:23 -0700] "GET /login HTTP/1.1" 200 1655
0:0:0:0:0:0:0:1 - - [12/Oct/2020:22:03:23 -0700] "GET /login HTTP/1.1" 200 1655
0:0:0:0:0:0:0:1 - - [12/Oct/2020:22:03:25 -0700] "GET /signup HTTP/1.1" 200 4862
0:0:0:0:0:0:0:1 - - [12/Oct/2020:22:03:25 -0700] "GET /js/pwstrength.js HTTP/1.1" 200 -
0:0:0:0:0:0:0:1 - - [12/Oct/2020:22:03:25 -0700] "GET /js/jquery-1.7.2.js HTTP/1.1" 200 293292
0:0:0:0:0:0:0:1 - - [12/Oct/2020:22:03:45 -0700] "POST /signup HTTP/1.1" 302 -
0:0:0:0:0:0:0:1 - - [12/Oct/2020:22:03:45 -0700] "GET /login HTTP/1.1" 200 1738
0:0:0:0:0:0:0:1 - - [12/Oct/2020:22:05:42 -0700] "GET /registrationConfirm?token=25f538c4-aad2-471f-bde0-603edf59accc HTTP/1.1" 302 -
0:0:0:0:0:0:0:1 - - [12/Oct/2020:22:05:42 -0700] "GET /login HTTP/1.1" 200 1728
0:0:0:0:0:0:0:1 - - [12/Oct/2020:22:05:50 -0700] "GET /signup HTTP/1.1" 200 4862
0:0:0:0:0:0:0:1 - - [12/Oct/2020:22:05:51 -0700] "GET /js/pwstrength.js HTTP/1.1" 200 -
0:0:0:0:0:0:0:1 - - [12/Oct/2020:22:05:51 -0700] "GET /js/jquery-1.7.2.js HTTP/1.1" 200 293292
0:0:0:0:0:0:0:1 - - [12/Oct/2020:22:06:04 -0700] "POST /signup HTTP/1.1" 302 -
0:0:0:0:0:0:0:1 - - [12/Oct/2020:22:06:04 -0700] "GET /login HTTP/1.1" 200 1738
0:0:0:0:0:0:0:1 - - [12/Oct/2020:22:09:18 -0700] "GET /registrationConfirm?token=48dd9441-6d81-49fd-9b17-4af6d18f61a5 HTTP/1.1" 302 -
0:0:0:0:0:0:0:1 - - [12/Oct/2020:22:09:18 -0700] "GET /login HTTP/1.1" 200 1728
0:0:0:0:0:0:0:1 - - [12/Oct/2020:22:09:50 -0700] "GET /registrationConfirm?token=18a8dc4d-7af5-4d69-9d47-bc8425ab7a9e HTTP/1.1" 302 -
0:0:0:0:0:0:0:1 - - [12/Oct/2020:22:09:50 -0700] "GET /login HTTP/1.1" 200 1728
192.168.1.200 - - [12/Oct/2020:22:17:57 -0700] "GET / HTTP/1.1" 302 -
192.168.1.200 - - [12/Oct/2020:22:17:57 -0700] "GET /login HTTP/1.1" 200 1655
192.168.1.200 - - [12/Oct/2020:22:18:17 -0700] "GET /HNAP1/ HTTP/1.1" 302 -
0:0:0:0:0:0:0:1 - - [12/Oct/2020:22:29:01 -0700] "GET /login HTTP/1.1" 200 1655
0:0:0:0:0:0:0:1 - - [12/Oct/2020:22:29:01 -0700] "GET /login HTTP/1.1" 200 1655
0:0:0:0:0:0:0:1 - - [12/Oct/2020:22:29:04 -0700] "GET /signup HTTP/1.1" 200 4862
0:0:0:0:0:0:0:1 - - [12/Oct/2020:22:29:04 -0700] "GET /js/pwstrength.js HTTP/1.1" 200 -
0:0:0:0:0:0:0:1 - - [12/Oct/2020:22:29:04 -0700] "GET /js/jquery-1.7.2.js HTTP/1.1" 200 293292
0:0:0:0:0:0:0:1 - - [12/Oct/2020:22:29:19 -0700] "POST /signup HTTP/1.1" 302 -
0:0:0:0:0:0:0:1 - - [12/Oct/2020:22:29:19 -0700] "GET /login HTTP/1.1" 200 1738
0:0:0:0:0:0:0:1 - - [12/Oct/2020:22:29:22 -0700] "GET /signup HTTP/1.1" 200 4862
0:0:0:0:0:0:0:1 - - [12/Oct/2020:22:29:22 -0700] "GET /js/pwstrength.js HTTP/1.1" 200 -
0:0:0:0:0:0:0:1 - - [12/Oct/2020:22:29:22 -0700] "GET /js/jquery-1.7.2.js HTTP/1.1" 200 293292
0:0:0:0:0:0:0:1 - - [12/Oct/2020:22:29:31 -0700] "POST /signup HTTP/1.1" 302 -
0:0:0:0:0:0:0:1 - - [12/Oct/2020:22:29:31 -0700] "GET /login HTTP/1.1" 200 1738
0:0:0:0:0:0:0:1 - - [12/Oct/2020:22:29:38 -0700] "GET /registrationConfirm?token=07ad5efb-462d-4295-91ac-786255330b7e HTTP/1.1" 302 -
0:0:0:0:0:0:0:1 - - [12/Oct/2020:22:29:38 -0700] "GET /login HTTP/1.1" 200 1728
0:0:0:0:0:0:0:1 - - [12/Oct/2020:22:29:47 -0700] "GET /registrationConfirm?token=3a85da32-713d-40b6-b109-ce4411cfd187 HTTP/1.1" 302 -
0:0:0:0:0:0:0:1 - - [12/Oct/2020:22:29:47 -0700] "GET /login HTTP/1.1" 200 1728
0:0:0:0:0:0:0:1 - - [12/Oct/2020:22:54:41 -0700] "GET /login HTTP/1.1" 200 1655
0:0:0:0:0:0:0:1 - - [12/Oct/2020:22:54:43 -0700] "GET /signup HTTP/1.1" 200 4862
0:0:0:0:0:0:0:1 - - [12/Oct/2020:22:54:43 -0700] "GET /js/pwstrength.js HTTP/1.1" 200 -
0:0:0:0:0:0:0:1 - - [12/Oct/2020:22:54:43 -0700] "GET /js/jquery-1.7.2.js HTTP/1.1" 200 293292
0:0:0:0:0:0:0:1 - - [12/Oct/2020:22:54:55 -0700] "POST /signup HTTP/1.1" 302 -
0:0:0:0:0:0:0:1 - - [12/Oct/2020:22:54:55 -0700] "GET /login HTTP/1.1" 200 1738
0:0:0:0:0:0:0:1 - - [12/Oct/2020:22:54:59 -0700] "GET /signup HTTP/1.1" 200 4862
0:0:0:0:0:0:0:1 - - [12/Oct/2020:22:54:59 -0700] "GET /js/pwstrength.js HTTP/1.1" 200 -
0:0:0:0:0:0:0:1 - - [12/Oct/2020:22:54:59 -0700] "GET /js/jquery-1.7.2.js HTTP/1.1" 200 293292
0:0:0:0:0:0:0:1 - - [12/Oct/2020:22:55:11 -0700] "POST /signup HTTP/1.1" 302 -
0:0:0:0:0:0:0:1 - - [12/Oct/2020:22:55:11 -0700] "GET /login HTTP/1.1" 200 1738
0:0:0:0:0:0:0:1 - - [12/Oct/2020:22:55:19 -0700] "GET /registrationConfirm?token=68138830-f8a7-4087-8a39-bb1ff1c28bb3 HTTP/1.1" 302 -
0:0:0:0:0:0:0:1 - - [12/Oct/2020:22:55:19 -0700] "GET /login HTTP/1.1" 200 1728
0:0:0:0:0:0:0:1 - - [12/Oct/2020:22:55:29 -0700] "GET /registrationConfirm?token=872bbbf3-2f86-4b88-9114-6e2fb577e87b HTTP/1.1" 302 -
0:0:0:0:0:0:0:1 - - [12/Oct/2020:22:55:29 -0700] "GET /login HTTP/1.1" 200 1728
0:0:0:0:0:0:0:1 - - [12/Oct/2020:22:57:39 -0700] "GET /login HTTP/1.1" 200 1655
0:0:0:0:0:0:0:1 - - [12/Oct/2020:22:57:40 -0700] "GET /signup HTTP/1.1" 200 4862
0:0:0:0:0:0:0:1 - - [12/Oct/2020:22:57:40 -0700] "GET /js/pwstrength.js HTTP/1.1" 200 -
0:0:0:0:0:0:0:1 - - [12/Oct/2020:22:57:40 -0700] "GET /js/jquery-1.7.2.js HTTP/1.1" 200 293292
0:0:0:0:0:0:0:1 - - [12/Oct/2020:22:57:51 -0700] "POST /signup HTTP/1.1" 302 -
0:0:0:0:0:0:0:1 - - [12/Oct/2020:22:57:51 -0700] "GET /login HTTP/1.1" 200 1738
0:0:0:0:0:0:0:1 - - [12/Oct/2020:22:57:58 -0700] "GET /registrationConfirm?token=40536605-74c3-475d-8948-b410574d76d3 HTTP/1.1" 302 -
0:0:0:0:0:0:0:1 - - [12/Oct/2020:22:57:58 -0700] "GET /login HTTP/1.1" 200 1728
0:0:0:0:0:0:0:1 - - [12/Oct/2020:22:57:59 -0700] "GET /signup HTTP/1.1" 200 4862
0:0:0:0:0:0:0:1 - - [12/Oct/2020:22:57:59 -0700] "GET /js/pwstrength.js HTTP/1.1" 200 -
0:0:0:0:0:0:0:1 - - [12/Oct/2020:22:57:59 -0700] "GET /js/jquery-1.7.2.js HTTP/1.1" 200 293292
0:0:0:0:0:0:0:1 - - [12/Oct/2020:22:58:08 -0700] "POST /signup HTTP/1.1" 302 -
0:0:0:0:0:0:0:1 - - [12/Oct/2020:22:58:08 -0700] "GET /login HTTP/1.1" 200 1738
0:0:0:0:0:0:0:1 - - [12/Oct/2020:22:58:20 -0700] "GET /registrationConfirm?token=5ddf31ce-cfc5-481b-a7f8-ebdb03be070e HTTP/1.1" 302 -
0:0:0:0:0:0:0:1 - - [12/Oct/2020:22:58:20 -0700] "GET /login HTTP/1.1" 200 1728
