192.168.1.200 - - [16/Oct/2020:03:36:23 -0700] "GET / HTTP/1.1" 302 -
192.168.1.200 - - [16/Oct/2020:03:36:23 -0700] "GET /login HTTP/1.1" 200 1655
192.168.1.200 - - [16/Oct/2020:03:36:49 -0700] "GET /HNAP1/ HTTP/1.1" 302 -
0:0:0:0:0:0:0:1 - - [16/Oct/2020:03:52:20 -0700] "GET /login HTTP/1.1" 200 1655
0:0:0:0:0:0:0:1 - - [16/Oct/2020:03:52:20 -0700] "GET /login HTTP/1.1" 200 1655
0:0:0:0:0:0:0:1 - - [16/Oct/2020:03:52:24 -0700] "POST /doLogin HTTP/1.1" 302 -
0:0:0:0:0:0:0:1 - - [16/Oct/2020:03:52:24 -0700] "GET /loginSuccessful HTTP/1.1" 200 645
0:0:0:0:0:0:0:1 - - [16/Oct/2020:03:52:28 -0700] "GET /searchCourses HTTP/1.1" 200 547
0:0:0:0:0:0:0:1 - - [16/Oct/2020:03:52:29 -0700] "GET /searchCoursesByTitle?title=COMSC-75 HTTP/1.1" 200 1641
0:0:0:0:0:0:0:1 - - [16/Oct/2020:03:52:32 -0700] "GET /registerForClassess?regIdClasses=10101 HTTP/1.1" 200 645
0:0:0:0:0:0:0:1 - - [16/Oct/2020:03:53:20 -0700] "GET /login HTTP/1.1" 200 1655
0:0:0:0:0:0:0:1 - - [16/Oct/2020:03:53:23 -0700] "POST /doLogin HTTP/1.1" 302 -
0:0:0:0:0:0:0:1 - - [16/Oct/2020:03:53:23 -0700] "GET /loginSuccessful HTTP/1.1" 200 645
0:0:0:0:0:0:0:1 - - [16/Oct/2020:03:53:25 -0700] "GET /searchCourses HTTP/1.1" 200 547
0:0:0:0:0:0:0:1 - - [16/Oct/2020:03:53:26 -0700] "GET /searchCoursesByTitle?title=COMSC-75 HTTP/1.1" 200 1641
0:0:0:0:0:0:0:1 - - [16/Oct/2020:03:53:28 -0700] "GET /registerForClassess?regIdClasses=10101 HTTP/1.1" 200 645
0:0:0:0:0:0:0:1 - - [16/Oct/2020:04:01:56 -0700] "GET /login HTTP/1.1" 200 1655
0:0:0:0:0:0:0:1 - - [16/Oct/2020:04:01:56 -0700] "GET /login HTTP/1.1" 200 1655
0:0:0:0:0:0:0:1 - - [16/Oct/2020:04:01:59 -0700] "POST /doLogin HTTP/1.1" 302 -
0:0:0:0:0:0:0:1 - - [16/Oct/2020:04:01:59 -0700] "GET /loginSuccessful HTTP/1.1" 200 645
0:0:0:0:0:0:0:1 - - [16/Oct/2020:04:02:01 -0700] "GET /searchCourses HTTP/1.1" 200 547
0:0:0:0:0:0:0:1 - - [16/Oct/2020:04:02:02 -0700] "GET /searchCoursesByTitle?title=COMSC-75 HTTP/1.1" 200 1641
0:0:0:0:0:0:0:1 - - [16/Oct/2020:04:02:05 -0700] "GET /registerForClassess?regIdClasses=10101 HTTP/1.1" 200 645
0:0:0:0:0:0:0:1 - - [16/Oct/2020:04:02:13 -0700] "GET /searchCourses HTTP/1.1" 200 547
0:0:0:0:0:0:0:1 - - [16/Oct/2020:04:02:14 -0700] "GET /searchCoursesByTitle?title=COMSC-75 HTTP/1.1" 200 1641
0:0:0:0:0:0:0:1 - - [16/Oct/2020:04:02:16 -0700] "GET /registerForClassess?regIdClasses=10102 HTTP/1.1" 200 645
0:0:0:0:0:0:0:1 - - [16/Oct/2020:04:02:20 -0700] "GET /login HTTP/1.1" 200 1655
0:0:0:0:0:0:0:1 - - [16/Oct/2020:04:02:25 -0700] "POST /doLogin HTTP/1.1" 302 -
0:0:0:0:0:0:0:1 - - [16/Oct/2020:04:02:25 -0700] "GET /loginSuccessful HTTP/1.1" 200 645
0:0:0:0:0:0:0:1 - - [16/Oct/2020:04:02:26 -0700] "GET /searchCourses HTTP/1.1" 200 547
0:0:0:0:0:0:0:1 - - [16/Oct/2020:04:02:27 -0700] "GET /searchCoursesByTitle?title=COMSC-75 HTTP/1.1" 200 1641
0:0:0:0:0:0:0:1 - - [16/Oct/2020:04:02:30 -0700] "GET /registerForClassess?regIdClasses=10101 HTTP/1.1" 200 645
0:0:0:0:0:0:0:1 - - [16/Oct/2020:04:03:02 -0700] "GET /searchCourses HTTP/1.1" 200 547
0:0:0:0:0:0:0:1 - - [16/Oct/2020:04:03:03 -0700] "GET /searchCoursesByTitle?title=COMSC-75 HTTP/1.1" 200 1641
0:0:0:0:0:0:0:1 - - [16/Oct/2020:04:05:06 -0700] "GET /searchCoursesByTitle?title=COMSC-75 HTTP/1.1" 200 1660
0:0:0:0:0:0:0:1 - - [16/Oct/2020:04:06:18 -0700] "GET /searchCoursesByTitle?title=COMSC-75 HTTP/1.1" 200 1662
0:0:0:0:0:0:0:1 - - [16/Oct/2020:04:07:18 -0700] "GET /searchCoursesByTitle?title=COMSC-75 HTTP/1.1" 200 1662
0:0:0:0:0:0:0:1 - - [16/Oct/2020:04:07:20 -0700] "GET /login HTTP/1.1" 200 1655
0:0:0:0:0:0:0:1 - - [16/Oct/2020:04:07:21 -0700] "GET /login HTTP/1.1" 200 1655
0:0:0:0:0:0:0:1 - - [16/Oct/2020:04:07:25 -0700] "POST /doLogin HTTP/1.1" 302 -
0:0:0:0:0:0:0:1 - - [16/Oct/2020:04:07:25 -0700] "GET /loginSuccessful HTTP/1.1" 200 645
0:0:0:0:0:0:0:1 - - [16/Oct/2020:04:07:26 -0700] "GET /searchCourses HTTP/1.1" 200 547
0:0:0:0:0:0:0:1 - - [16/Oct/2020:04:07:27 -0700] "GET /searchCoursesByTitle?title=COMSC-75 HTTP/1.1" 200 1662
0:0:0:0:0:0:0:1 - - [16/Oct/2020:04:08:13 -0700] "GET /searchCoursesByTitle?title=COMSC-75 HTTP/1.1" 200 1663
0:0:0:0:0:0:0:1 - - [16/Oct/2020:04:08:14 -0700] "GET /searchCoursesByTitle?title=COMSC-75 HTTP/1.1" 200 1663
0:0:0:0:0:0:0:1 - - [16/Oct/2020:04:09:44 -0700] "GET /login HTTP/1.1" 200 1655
0:0:0:0:0:0:0:1 - - [16/Oct/2020:04:09:47 -0700] "POST /doLogin HTTP/1.1" 302 -
0:0:0:0:0:0:0:1 - - [16/Oct/2020:04:09:47 -0700] "GET /loginSuccessful HTTP/1.1" 200 645
0:0:0:0:0:0:0:1 - - [16/Oct/2020:04:09:48 -0700] "GET /searchCourses HTTP/1.1" 200 547
0:0:0:0:0:0:0:1 - - [16/Oct/2020:04:09:50 -0700] "GET /searchCoursesByTitle?title=COMSC-75 HTTP/1.1" 200 1662
0:0:0:0:0:0:0:1 - - [16/Oct/2020:04:10:11 -0700] "GET /searchCoursesByTitle?title=COMSC-75 HTTP/1.1" 200 1636
0:0:0:0:0:0:0:1 - - [16/Oct/2020:04:10:21 -0700] "GET /searchCoursesByTitle?title=COMSC-75 HTTP/1.1" 200 1623
0:0:0:0:0:0:0:1 - - [16/Oct/2020:04:10:47 -0700] "GET /searchCoursesByTitle?title=COMSC-75 HTTP/1.1" 200 1622
0:0:0:0:0:0:0:1 - - [16/Oct/2020:04:12:46 -0700] "GET /searchCoursesByTitle?title=COMSC-75 HTTP/1.1" 200 1616
0:0:0:0:0:0:0:1 - - [16/Oct/2020:04:30:43 -0700] "GET /login HTTP/1.1" 200 1655
0:0:0:0:0:0:0:1 - - [16/Oct/2020:04:30:43 -0700] "GET /login HTTP/1.1" 200 1655
0:0:0:0:0:0:0:1 - - [16/Oct/2020:04:30:45 -0700] "GET /signup HTTP/1.1" 200 4862
0:0:0:0:0:0:0:1 - - [16/Oct/2020:04:30:45 -0700] "GET /js/pwstrength.js HTTP/1.1" 200 -
0:0:0:0:0:0:0:1 - - [16/Oct/2020:04:30:45 -0700] "GET /js/jquery-1.7.2.js HTTP/1.1" 200 293292
0:0:0:0:0:0:0:1 - - [16/Oct/2020:04:30:59 -0700] "POST /signup HTTP/1.1" 302 -
0:0:0:0:0:0:0:1 - - [16/Oct/2020:04:30:59 -0700] "GET /login HTTP/1.1" 200 1738
0:0:0:0:0:0:0:1 - - [16/Oct/2020:04:31:02 -0700] "GET /signup HTTP/1.1" 200 4862
0:0:0:0:0:0:0:1 - - [16/Oct/2020:04:31:02 -0700] "GET /js/pwstrength.js HTTP/1.1" 200 -
0:0:0:0:0:0:0:1 - - [16/Oct/2020:04:31:02 -0700] "GET /js/jquery-1.7.2.js HTTP/1.1" 200 293292
0:0:0:0:0:0:0:1 - - [16/Oct/2020:04:31:17 -0700] "POST /signup HTTP/1.1" 302 -
0:0:0:0:0:0:0:1 - - [16/Oct/2020:04:31:17 -0700] "GET /login HTTP/1.1" 200 1738
0:0:0:0:0:0:0:1 - - [16/Oct/2020:04:31:28 -0700] "GET /registrationConfirm?token=07595931-3f62-439a-a70e-0da79fee455f HTTP/1.1" 302 -
0:0:0:0:0:0:0:1 - - [16/Oct/2020:04:31:28 -0700] "GET /login HTTP/1.1" 200 1728
0:0:0:0:0:0:0:1 - - [16/Oct/2020:04:31:39 -0700] "GET /registrationConfirm?token=6540da0b-d6e8-4104-9a86-7695c768a6ae HTTP/1.1" 302 -
0:0:0:0:0:0:0:1 - - [16/Oct/2020:04:31:39 -0700] "GET /login HTTP/1.1" 200 1728
0:0:0:0:0:0:0:1 - - [16/Oct/2020:04:38:54 -0700] "GET /login HTTP/1.1" 200 1655
0:0:0:0:0:0:0:1 - - [16/Oct/2020:04:39:37 -0700] "GET /login HTTP/1.1" 200 1655
0:0:0:0:0:0:0:1 - - [16/Oct/2020:04:39:37 -0700] "GET /favicon.ico HTTP/1.1" 200 1150
0:0:0:0:0:0:0:1 - - [16/Oct/2020:04:40:54 -0700] "GET /login HTTP/1.1" 200 1655
0:0:0:0:0:0:0:1 - - [16/Oct/2020:04:40:56 -0700] "GET /signup HTTP/1.1" 200 4862
0:0:0:0:0:0:0:1 - - [16/Oct/2020:04:40:56 -0700] "GET /js/pwstrength.js HTTP/1.1" 200 -
0:0:0:0:0:0:0:1 - - [16/Oct/2020:04:40:56 -0700] "GET /js/jquery-1.7.2.js HTTP/1.1" 200 293292
0:0:0:0:0:0:0:1 - - [16/Oct/2020:04:41:08 -0700] "POST /signup HTTP/1.1" 302 -
0:0:0:0:0:0:0:1 - - [16/Oct/2020:04:41:08 -0700] "GET /login HTTP/1.1" 200 1738
0:0:0:0:0:0:0:1 - - [16/Oct/2020:04:41:11 -0700] "GET /signup HTTP/1.1" 200 4862
0:0:0:0:0:0:0:1 - - [16/Oct/2020:04:41:11 -0700] "GET /js/pwstrength.js HTTP/1.1" 200 -
0:0:0:0:0:0:0:1 - - [16/Oct/2020:04:41:11 -0700] "GET /js/jquery-1.7.2.js HTTP/1.1" 200 293292
0:0:0:0:0:0:0:1 - - [16/Oct/2020:04:41:23 -0700] "POST /signup HTTP/1.1" 302 -
0:0:0:0:0:0:0:1 - - [16/Oct/2020:04:41:23 -0700] "GET /login HTTP/1.1" 200 1738
0:0:0:0:0:0:0:1 - - [16/Oct/2020:04:41:27 -0700] "GET /registrationConfirm?token=88858b73-317e-420b-b085-eb667640b3ad HTTP/1.1" 302 -
0:0:0:0:0:0:0:1 - - [16/Oct/2020:04:41:27 -0700] "GET /login HTTP/1.1" 200 1728
0:0:0:0:0:0:0:1 - - [16/Oct/2020:04:41:40 -0700] "GET /registrationConfirm?token=2f8dba4f-8c07-49aa-b14c-17891b731363 HTTP/1.1" 302 -
0:0:0:0:0:0:0:1 - - [16/Oct/2020:04:41:40 -0700] "GET /login HTTP/1.1" 200 1728
0:0:0:0:0:0:0:1 - - [16/Oct/2020:04:43:38 -0700] "POST /doLogin HTTP/1.1" 302 -
0:0:0:0:0:0:0:1 - - [16/Oct/2020:04:43:38 -0700] "GET /loginSuccessful HTTP/1.1" 200 645
0:0:0:0:0:0:0:1 - - [16/Oct/2020:04:43:42 -0700] "GET /searchCourses HTTP/1.1" 200 547
0:0:0:0:0:0:0:1 - - [16/Oct/2020:04:43:47 -0700] "GET /searchCoursesByTitle?title=COMSC-75 HTTP/1.1" 200 1616
0:0:0:0:0:0:0:1 - - [16/Oct/2020:04:43:50 -0700] "GET /registerForClassess?regIdClasses=10101&regIdClasses=10102 HTTP/1.1" 200 645
0:0:0:0:0:0:0:1 - - [16/Oct/2020:04:44:01 -0700] "GET /login HTTP/1.1" 200 1655
0:0:0:0:0:0:0:1 - - [16/Oct/2020:04:44:12 -0700] "POST /doLogin HTTP/1.1" 302 -
0:0:0:0:0:0:0:1 - - [16/Oct/2020:04:44:12 -0700] "GET /loginSuccessful HTTP/1.1" 200 645
0:0:0:0:0:0:0:1 - - [16/Oct/2020:04:44:16 -0700] "GET /searchCourses HTTP/1.1" 200 547
0:0:0:0:0:0:0:1 - - [16/Oct/2020:04:44:17 -0700] "GET /searchCoursesByTitle?title=COMSC-75 HTTP/1.1" 200 1616
0:0:0:0:0:0:0:1 - - [16/Oct/2020:04:44:19 -0700] "GET /registerForClassess?regIdClasses=10101 HTTP/1.1" 200 645
0:0:0:0:0:0:0:1 - - [16/Oct/2020:04:47:09 -0700] "GET /login HTTP/1.1" 200 1655
0:0:0:0:0:0:0:1 - - [16/Oct/2020:04:47:11 -0700] "POST /doLogin HTTP/1.1" 302 -
0:0:0:0:0:0:0:1 - - [16/Oct/2020:04:47:11 -0700] "GET /loginSuccessful HTTP/1.1" 200 660
0:0:0:0:0:0:0:1 - - [16/Oct/2020:04:47:12 -0700] "GET /searchCourses HTTP/1.1" 200 547
0:0:0:0:0:0:0:1 - - [16/Oct/2020:04:47:13 -0700] "GET /searchCoursesByTitle?title=COMSC-75 HTTP/1.1" 200 1616
0:0:0:0:0:0:0:1 - - [16/Oct/2020:04:47:17 -0700] "GET /registerForClassess?regIdClasses=10101 HTTP/1.1" 302 -
0:0:0:0:0:0:0:1 - - [16/Oct/2020:04:47:17 -0700] "GET /loginSuccessful HTTP/1.1" 200 660
0:0:0:0:0:0:0:1 - - [16/Oct/2020:04:50:17 -0700] "GET /searchCourses HTTP/1.1" 200 547
0:0:0:0:0:0:0:1 - - [16/Oct/2020:04:50:20 -0700] "GET /searchCoursesByTitle?title=COMSC-76 HTTP/1.1" 302 -
0:0:0:0:0:0:0:1 - - [16/Oct/2020:04:50:20 -0700] "GET /searchCourses HTTP/1.1" 200 547
0:0:0:0:0:0:0:1 - - [16/Oct/2020:04:50:26 -0700] "GET /searchCoursesByTitle?title=COMSC-75 HTTP/1.1" 200 1616
0:0:0:0:0:0:0:1 - - [16/Oct/2020:15:45:20 -0700] "GET /login HTTP/1.1" 200 1655
0:0:0:0:0:0:0:1 - - [16/Oct/2020:15:45:20 -0700] "GET /login HTTP/1.1" 200 1655
0:0:0:0:0:0:0:1 - - [16/Oct/2020:15:45:22 -0700] "GET /signup HTTP/1.1" 200 4862
0:0:0:0:0:0:0:1 - - [16/Oct/2020:15:45:22 -0700] "GET /js/pwstrength.js HTTP/1.1" 200 -
0:0:0:0:0:0:0:1 - - [16/Oct/2020:15:45:22 -0700] "GET /js/jquery-1.7.2.js HTTP/1.1" 200 293292
0:0:0:0:0:0:0:1 - - [16/Oct/2020:15:45:50 -0700] "POST /signup HTTP/1.1" 302 -
0:0:0:0:0:0:0:1 - - [16/Oct/2020:15:45:50 -0700] "GET /login HTTP/1.1" 200 1738
0:0:0:0:0:0:0:1 - - [16/Oct/2020:15:45:58 -0700] "GET /signup HTTP/1.1" 200 4862
0:0:0:0:0:0:0:1 - - [16/Oct/2020:15:45:58 -0700] "GET /js/pwstrength.js HTTP/1.1" 200 -
0:0:0:0:0:0:0:1 - - [16/Oct/2020:15:45:58 -0700] "GET /js/jquery-1.7.2.js HTTP/1.1" 200 293292
0:0:0:0:0:0:0:1 - - [16/Oct/2020:15:46:13 -0700] "POST /signup HTTP/1.1" 200 5038
0:0:0:0:0:0:0:1 - - [16/Oct/2020:15:46:13 -0700] "GET /js/pwstrength.js HTTP/1.1" 200 -
0:0:0:0:0:0:0:1 - - [16/Oct/2020:15:46:13 -0700] "GET /js/jquery-1.7.2.js HTTP/1.1" 200 293292
0:0:0:0:0:0:0:1 - - [16/Oct/2020:15:46:14 -0700] "POST /signup HTTP/1.1" 302 -
0:0:0:0:0:0:0:1 - - [16/Oct/2020:15:46:53 -0700] "GET /signup HTTP/1.1" 200 4862
0:0:0:0:0:0:0:1 - - [16/Oct/2020:15:46:53 -0700] "GET /js/pwstrength.js HTTP/1.1" 200 -
0:0:0:0:0:0:0:1 - - [16/Oct/2020:15:46:53 -0700] "GET /js/jquery-1.7.2.js HTTP/1.1" 200 293292
0:0:0:0:0:0:0:1 - - [16/Oct/2020:15:47:06 -0700] "POST /signup HTTP/1.1" 302 -
0:0:0:0:0:0:0:1 - - [16/Oct/2020:15:47:06 -0700] "GET /login HTTP/1.1" 200 1738
0:0:0:0:0:0:0:1 - - [16/Oct/2020:15:47:07 -0700] "GET /signup HTTP/1.1" 200 4862
0:0:0:0:0:0:0:1 - - [16/Oct/2020:15:47:07 -0700] "GET /js/pwstrength.js HTTP/1.1" 200 -
0:0:0:0:0:0:0:1 - - [16/Oct/2020:15:47:07 -0700] "GET /js/jquery-1.7.2.js HTTP/1.1" 200 293292
0:0:0:0:0:0:0:1 - - [16/Oct/2020:15:47:35 -0700] "POST /signup HTTP/1.1" 302 -
0:0:0:0:0:0:0:1 - - [16/Oct/2020:15:47:35 -0700] "GET /login HTTP/1.1" 200 1738
0:0:0:0:0:0:0:1 - - [16/Oct/2020:15:47:47 -0700] "GET /registrationConfirm?token=3267eead-92dc-4e3f-9086-05369992be0b HTTP/1.1" 302 -
0:0:0:0:0:0:0:1 - - [16/Oct/2020:15:47:47 -0700] "GET /login HTTP/1.1" 200 1728
0:0:0:0:0:0:0:1 - - [16/Oct/2020:15:48:04 -0700] "GET /registrationConfirm?token=a1b9a955-58ca-49c5-b376-5ed6a2094d87 HTTP/1.1" 302 -
0:0:0:0:0:0:0:1 - - [16/Oct/2020:15:48:04 -0700] "GET /login HTTP/1.1" 200 1728
0:0:0:0:0:0:0:1 - - [16/Oct/2020:16:12:32 -0700] "GET /login HTTP/1.1" 200 1655
0:0:0:0:0:0:0:1 - - [16/Oct/2020:16:12:33 -0700] "GET /login HTTP/1.1" 200 1655
0:0:0:0:0:0:0:1 - - [16/Oct/2020:16:12:35 -0700] "GET /signup HTTP/1.1" 200 4862
0:0:0:0:0:0:0:1 - - [16/Oct/2020:16:12:35 -0700] "GET /js/pwstrength.js HTTP/1.1" 200 -
0:0:0:0:0:0:0:1 - - [16/Oct/2020:16:12:35 -0700] "GET /js/jquery-1.7.2.js HTTP/1.1" 200 293292
0:0:0:0:0:0:0:1 - - [16/Oct/2020:16:12:37 -0700] "GET /login HTTP/1.1" 200 1655
0:0:0:0:0:0:0:1 - - [16/Oct/2020:16:12:38 -0700] "POST /doLogin HTTP/1.1" 302 -
0:0:0:0:0:0:0:1 - - [16/Oct/2020:16:12:38 -0700] "GET /loginSuccessful HTTP/1.1" 200 660
0:0:0:0:0:0:0:1 - - [16/Oct/2020:16:12:40 -0700] "GET /searchBook HTTP/1.1" 200 657
0:0:0:0:0:0:0:1 - - [16/Oct/2020:16:12:46 -0700] "GET /searchBookByField?field=Phan HTTP/1.1" 200 1007
0:0:0:0:0:0:0:1 - - [16/Oct/2020:16:13:03 -0700] "GET /searchBook HTTP/1.1" 200 657
0:0:0:0:0:0:0:1 - - [16/Oct/2020:16:13:07 -0700] "GET /searchBookByField?field=Java HTTP/1.1" 200 1153
0:0:0:0:0:0:0:1 - - [16/Oct/2020:16:13:25 -0700] "GET /searchBookByField?field=Java HTTP/1.1" 200 1153
0:0:0:0:0:0:0:1 - - [16/Oct/2020:16:13:28 -0700] "GET /searchBook HTTP/1.1" 200 657
0:0:0:0:0:0:0:1 - - [16/Oct/2020:16:13:30 -0700] "GET /searchBookByField?field=Java+1 HTTP/1.1" 200 1009
0:0:0:0:0:0:0:1 - - [16/Oct/2020:16:14:09 -0700] "GET /searchBookByField?field=Java+1 HTTP/1.1" 302 -
0:0:0:0:0:0:0:1 - - [16/Oct/2020:16:14:09 -0700] "GET /loginSuccessful HTTP/1.1" 200 660
0:0:0:0:0:0:0:1 - - [16/Oct/2020:16:14:11 -0700] "GET /searchBook HTTP/1.1" 200 657
0:0:0:0:0:0:0:1 - - [16/Oct/2020:16:14:14 -0700] "GET /searchBookByField?field=Java HTTP/1.1" 200 1151
0:0:0:0:0:0:0:1 - - [16/Oct/2020:16:15:03 -0700] "GET /searchBookByField?field=Java HTTP/1.1" 200 1153
0:0:0:0:0:0:0:1 - - [16/Oct/2020:16:15:06 -0700] "GET /searchBook HTTP/1.1" 200 657
0:0:0:0:0:0:0:1 - - [16/Oct/2020:16:15:06 -0700] "GET /loginSuccessful HTTP/1.1" 200 660
0:0:0:0:0:0:0:1 - - [16/Oct/2020:16:15:07 -0700] "GET /searchBook HTTP/1.1" 200 657
0:0:0:0:0:0:0:1 - - [16/Oct/2020:16:15:09 -0700] "GET /login HTTP/1.1" 200 1655
0:0:0:0:0:0:0:1 - - [16/Oct/2020:16:15:10 -0700] "POST /doLogin HTTP/1.1" 302 -
0:0:0:0:0:0:0:1 - - [16/Oct/2020:16:15:10 -0700] "GET /loginSuccessful HTTP/1.1" 200 660
0:0:0:0:0:0:0:1 - - [16/Oct/2020:16:15:13 -0700] "GET /searchBook HTTP/1.1" 200 657
0:0:0:0:0:0:0:1 - - [16/Oct/2020:16:15:17 -0700] "GET /searchBookByField?field=Phan HTTP/1.1" 200 1007
0:0:0:0:0:0:0:1 - - [16/Oct/2020:16:15:25 -0700] "GET /searchBook HTTP/1.1" 200 657
0:0:0:0:0:0:0:1 - - [16/Oct/2020:16:15:27 -0700] "GET /searchBookByField?field=Phan HTTP/1.1" 200 1007
0:0:0:0:0:0:0:1 - - [16/Oct/2020:16:15:38 -0700] "GET /searchBook HTTP/1.1" 200 657
0:0:0:0:0:0:0:1 - - [16/Oct/2020:16:15:47 -0700] "GET /searchBookByField?field=J HTTP/1.1" 200 1153
0:0:0:0:0:0:0:1 - - [16/Oct/2020:16:17:12 -0700] "GET /searchBookByField?field=J HTTP/1.1" 200 1153
0:0:0:0:0:0:0:1 - - [16/Oct/2020:17:43:44 -0700] "GET /searchBook HTTP/1.1" 302 -
0:0:0:0:0:0:0:1 - - [16/Oct/2020:17:43:44 -0700] "GET /login HTTP/1.1" 200 1655
0:0:0:0:0:0:0:1 - - [16/Oct/2020:17:50:49 -0700] "GET /login HTTP/1.1" 200 1655
0:0:0:0:0:0:0:1 - - [16/Oct/2020:17:50:51 -0700] "POST /doLogin HTTP/1.1" 302 -
0:0:0:0:0:0:0:1 - - [16/Oct/2020:17:50:51 -0700] "GET /loginSuccessful HTTP/1.1" 200 660
0:0:0:0:0:0:0:1 - - [16/Oct/2020:17:50:54 -0700] "GET /searchBook HTTP/1.1" 200 657
0:0:0:0:0:0:0:1 - - [16/Oct/2020:17:50:58 -0700] "GET /searchBookByField?field=Java HTTP/1.1" 302 -
0:0:0:0:0:0:0:1 - - [16/Oct/2020:17:50:58 -0700] "GET /loginSuccessful HTTP/1.1" 200 660
0:0:0:0:0:0:0:1 - - [16/Oct/2020:17:51:00 -0700] "GET /searchBook HTTP/1.1" 200 657
0:0:0:0:0:0:0:1 - - [16/Oct/2020:17:51:04 -0700] "GET /searchBookByField?field=Effective HTTP/1.1" 200 1035
0:0:0:0:0:0:0:1 - - [16/Oct/2020:17:51:07 -0700] "GET /searchBook HTTP/1.1" 200 657
0:0:0:0:0:0:0:1 - - [16/Oct/2020:17:53:56 -0700] "GET /searchBookByField?field=Effective+Human+Relationship HTTP/1.1" 200 1035
0:0:0:0:0:0:0:1 - - [16/Oct/2020:21:08:39 -0700] "GET /login HTTP/1.1" 200 1655
0:0:0:0:0:0:0:1 - - [16/Oct/2020:21:08:39 -0700] "GET /login HTTP/1.1" 200 1655
0:0:0:0:0:0:0:1 - - [16/Oct/2020:21:08:42 -0700] "POST /doLogin HTTP/1.1" 302 -
0:0:0:0:0:0:0:1 - - [16/Oct/2020:21:08:42 -0700] "GET /loginSuccessful HTTP/1.1" 200 660
0:0:0:0:0:0:0:1 - - [16/Oct/2020:21:08:42 -0700] "GET /searchCourses HTTP/1.1" 200 547
0:0:0:0:0:0:0:1 - - [16/Oct/2020:21:08:43 -0700] "GET /searchCoursesByTitle?title=COMSC-75 HTTP/1.1" 200 1616
0:0:0:0:0:0:0:1 - - [16/Oct/2020:21:08:45 -0700] "GET /searchCourses HTTP/1.1" 200 547
0:0:0:0:0:0:0:1 - - [16/Oct/2020:21:08:47 -0700] "GET /loginSuccessful HTTP/1.1" 200 660
0:0:0:0:0:0:0:1 - - [16/Oct/2020:21:08:47 -0700] "GET /searchBook HTTP/1.1" 200 657
0:0:0:0:0:0:0:1 - - [16/Oct/2020:21:08:50 -0700] "GET /searchBookByField?field=Effective HTTP/1.1" 200 876
0:0:0:0:0:0:0:1 - - [16/Oct/2020:21:09:48 -0700] "GET /searchBook HTTP/1.1" 200 657
0:0:0:0:0:0:0:1 - - [16/Oct/2020:21:09:53 -0700] "GET /searchBookByField?field=Phan HTTP/1.1" 200 1010
0:0:0:0:0:0:0:1 - - [16/Oct/2020:21:13:02 -0700] "GET /login HTTP/1.1" 200 1655
0:0:0:0:0:0:0:1 - - [16/Oct/2020:21:13:03 -0700] "POST /doLogin HTTP/1.1" 302 -
0:0:0:0:0:0:0:1 - - [16/Oct/2020:21:13:03 -0700] "GET /loginSuccessful HTTP/1.1" 200 660
0:0:0:0:0:0:0:1 - - [16/Oct/2020:21:13:04 -0700] "GET /searchBook HTTP/1.1" 200 657
0:0:0:0:0:0:0:1 - - [16/Oct/2020:21:13:08 -0700] "GET /searchBookByField?field=Java HTTP/1.1" 200 1017
0:0:0:0:0:0:0:1 - - [16/Oct/2020:21:23:42 -0700] "GET /login HTTP/1.1" 200 1655
0:0:0:0:0:0:0:1 - - [16/Oct/2020:21:23:42 -0700] "GET /login HTTP/1.1" 200 1655
0:0:0:0:0:0:0:1 - - [16/Oct/2020:21:23:44 -0700] "POST /doLogin HTTP/1.1" 302 -
0:0:0:0:0:0:0:1 - - [16/Oct/2020:21:23:44 -0700] "GET /loginSuccessful HTTP/1.1" 200 660
0:0:0:0:0:0:0:1 - - [16/Oct/2020:21:23:46 -0700] "GET /searchBook HTTP/1.1" 200 657
0:0:0:0:0:0:0:1 - - [16/Oct/2020:21:23:48 -0700] "GET /searchBookByField?field=Java HTTP/1.1" 200 1017
0:0:0:0:0:0:0:1 - - [16/Oct/2020:23:10:36 -0700] "GET /login HTTP/1.1" 200 1655
0:0:0:0:0:0:0:1 - - [16/Oct/2020:23:10:36 -0700] "GET /login HTTP/1.1" 200 1655
0:0:0:0:0:0:0:1 - - [16/Oct/2020:23:10:37 -0700] "POST /doLogin HTTP/1.1" 302 -
0:0:0:0:0:0:0:1 - - [16/Oct/2020:23:10:37 -0700] "GET /loginSuccessful HTTP/1.1" 200 792
0:0:0:0:0:0:0:1 - - [16/Oct/2020:23:10:39 -0700] "GET /getBookByCourses HTTP/1.1" 200 976
0:0:0:0:0:0:0:1 - - [16/Oct/2020:23:10:45 -0700] "GET /loginSuccessful HTTP/1.1" 200 792
0:0:0:0:0:0:0:1 - - [16/Oct/2020:23:10:56 -0700] "GET /getBookByCourses HTTP/1.1" 200 976
0:0:0:0:0:0:0:1 - - [16/Oct/2020:23:10:58 -0700] "GET /loginSuccessful HTTP/1.1" 200 792
0:0:0:0:0:0:0:1 - - [16/Oct/2020:23:11:19 -0700] "GET /loginSuccessful HTTP/1.1" 200 792
0:0:0:0:0:0:0:1 - - [16/Oct/2020:23:11:21 -0700] "GET /getBookByCourses HTTP/1.1" 200 726
127.0.0.1 - - [16/Oct/2020:23:12:41 -0700] "GET /login HTTP/1.1" 200 1655
127.0.0.1 - - [16/Oct/2020:23:12:44 -0700] "POST /doLogin HTTP/1.1" 302 -
127.0.0.1 - - [16/Oct/2020:23:12:44 -0700] "GET /loginSuccessful HTTP/1.1" 200 792
127.0.0.1 - - [16/Oct/2020:23:12:44 -0700] "GET /getBookByCourses HTTP/1.1" 500 9794
0:0:0:0:0:0:0:1 - - [16/Oct/2020:23:13:09 -0700] "GET /getBookByCourses HTTP/1.1" 200 726
0:0:0:0:0:0:0:1 - - [16/Oct/2020:23:13:46 -0700] "GET /login HTTP/1.1" 200 1655
0:0:0:0:0:0:0:1 - - [16/Oct/2020:23:13:47 -0700] "POST /doLogin HTTP/1.1" 302 -
0:0:0:0:0:0:0:1 - - [16/Oct/2020:23:13:47 -0700] "POST /doLogin HTTP/1.1" 302 -
0:0:0:0:0:0:0:1 - - [16/Oct/2020:23:13:47 -0700] "GET /loginSuccessful HTTP/1.1" 302 -
0:0:0:0:0:0:0:1 - - [16/Oct/2020:23:13:47 -0700] "GET /login HTTP/1.1" 200 1655
0:0:0:0:0:0:0:1 - - [16/Oct/2020:23:13:48 -0700] "POST /doLogin HTTP/1.1" 302 -
0:0:0:0:0:0:0:1 - - [16/Oct/2020:23:13:48 -0700] "POST /doLogin HTTP/1.1" 302 -
0:0:0:0:0:0:0:1 - - [16/Oct/2020:23:13:49 -0700] "GET /loginSuccessful HTTP/1.1" 302 -
0:0:0:0:0:0:0:1 - - [16/Oct/2020:23:13:49 -0700] "GET /login HTTP/1.1" 200 1655
0:0:0:0:0:0:0:1 - - [16/Oct/2020:23:13:50 -0700] "GET /login HTTP/1.1" 200 1655
0:0:0:0:0:0:0:1 - - [16/Oct/2020:23:13:51 -0700] "POST /doLogin HTTP/1.1" 302 -
0:0:0:0:0:0:0:1 - - [16/Oct/2020:23:13:51 -0700] "POST /doLogin HTTP/1.1" 302 -
0:0:0:0:0:0:0:1 - - [16/Oct/2020:23:13:51 -0700] "GET /loginSuccessful HTTP/1.1" 302 -
0:0:0:0:0:0:0:1 - - [16/Oct/2020:23:13:51 -0700] "GET /login HTTP/1.1" 200 1655
0:0:0:0:0:0:0:1 - - [16/Oct/2020:23:14:21 -0700] "GET /login HTTP/1.1" 200 1655
0:0:0:0:0:0:0:1 - - [16/Oct/2020:23:14:22 -0700] "POST /doLogin HTTP/1.1" 302 -
0:0:0:0:0:0:0:1 - - [16/Oct/2020:23:14:22 -0700] "GET /loginSuccessful HTTP/1.1" 200 792
0:0:0:0:0:0:0:1 - - [16/Oct/2020:23:14:23 -0700] "GET /getBookByCourses HTTP/1.1" 200 726
0:0:0:0:0:0:0:1 - - [16/Oct/2020:23:15:08 -0700] "GET /login HTTP/1.1" 200 1655
0:0:0:0:0:0:0:1 - - [16/Oct/2020:23:15:09 -0700] "POST /doLogin HTTP/1.1" 302 -
0:0:0:0:0:0:0:1 - - [16/Oct/2020:23:15:09 -0700] "GET /loginSuccessful HTTP/1.1" 200 792
0:0:0:0:0:0:0:1 - - [16/Oct/2020:23:15:10 -0700] "GET /getBookByCourses HTTP/1.1" 500 9875
0:0:0:0:0:0:0:1 - - [16/Oct/2020:23:15:54 -0700] "GET /login HTTP/1.1" 200 1655
0:0:0:0:0:0:0:1 - - [16/Oct/2020:23:15:54 -0700] "GET /login HTTP/1.1" 200 1655
0:0:0:0:0:0:0:1 - - [16/Oct/2020:23:15:56 -0700] "POST /doLogin HTTP/1.1" 302 -
0:0:0:0:0:0:0:1 - - [16/Oct/2020:23:15:56 -0700] "GET /loginSuccessful HTTP/1.1" 200 792
0:0:0:0:0:0:0:1 - - [16/Oct/2020:23:16:01 -0700] "GET /login HTTP/1.1" 200 1655
0:0:0:0:0:0:0:1 - - [16/Oct/2020:23:16:02 -0700] "POST /doLogin HTTP/1.1" 302 -
0:0:0:0:0:0:0:1 - - [16/Oct/2020:23:16:02 -0700] "GET /loginSuccessful HTTP/1.1" 200 792
0:0:0:0:0:0:0:1 - - [16/Oct/2020:23:16:12 -0700] "GET /searchCourses HTTP/1.1" 200 547
0:0:0:0:0:0:0:1 - - [16/Oct/2020:23:16:15 -0700] "GET /searchCoursesByTitle?title=COMSC-75 HTTP/1.1" 200 1622
0:0:0:0:0:0:0:1 - - [16/Oct/2020:23:16:21 -0700] "GET /registerForClassess?regIdClasses=10101&regIdClasses=10102 HTTP/1.1" 302 -
0:0:0:0:0:0:0:1 - - [16/Oct/2020:23:16:21 -0700] "GET /loginSuccessful HTTP/1.1" 200 792
0:0:0:0:0:0:0:1 - - [16/Oct/2020:23:16:51 -0700] "GET /login HTTP/1.1" 200 1655
0:0:0:0:0:0:0:1 - - [16/Oct/2020:23:16:58 -0700] "POST /doLogin HTTP/1.1" 302 -
0:0:0:0:0:0:0:1 - - [16/Oct/2020:23:16:58 -0700] "GET /loginSuccessful HTTP/1.1" 200 792
0:0:0:0:0:0:0:1 - - [16/Oct/2020:23:16:59 -0700] "GET /searchCourses HTTP/1.1" 200 547
0:0:0:0:0:0:0:1 - - [16/Oct/2020:23:17:00 -0700] "GET /searchCoursesByTitle?title=COMSC-75 HTTP/1.1" 200 1622
0:0:0:0:0:0:0:1 - - [16/Oct/2020:23:17:02 -0700] "GET /registerForClassess?regIdClasses=10101 HTTP/1.1" 302 -
0:0:0:0:0:0:0:1 - - [16/Oct/2020:23:17:02 -0700] "GET /loginSuccessful HTTP/1.1" 200 792
0:0:0:0:0:0:0:1 - - [16/Oct/2020:23:17:06 -0700] "GET /login HTTP/1.1" 200 1655
0:0:0:0:0:0:0:1 - - [16/Oct/2020:23:17:10 -0700] "POST /doLogin HTTP/1.1" 302 -
0:0:0:0:0:0:0:1 - - [16/Oct/2020:23:17:10 -0700] "GET /loginSuccessful HTTP/1.1" 200 792
0:0:0:0:0:0:0:1 - - [16/Oct/2020:23:17:21 -0700] "GET /getBookByCourses HTTP/1.1" 200 1021
0:0:0:0:0:0:0:1 - - [16/Oct/2020:23:23:05 -0700] "GET /login HTTP/1.1" 200 1655
0:0:0:0:0:0:0:1 - - [16/Oct/2020:23:23:06 -0700] "GET /login HTTP/1.1" 200 1655
0:0:0:0:0:0:0:1 - - [16/Oct/2020:23:23:07 -0700] "POST /doLogin HTTP/1.1" 302 -
0:0:0:0:0:0:0:1 - - [16/Oct/2020:23:23:07 -0700] "GET /loginSuccessful HTTP/1.1" 200 792
0:0:0:0:0:0:0:1 - - [16/Oct/2020:23:23:08 -0700] "GET /getBookByCourses HTTP/1.1" 302 -
0:0:0:0:0:0:0:1 - - [16/Oct/2020:23:23:08 -0700] "GET /loginSuccessful HTTP/1.1" 200 792
0:0:0:0:0:0:0:1 - - [16/Oct/2020:23:23:10 -0700] "GET /getBookByCourses HTTP/1.1" 302 -
0:0:0:0:0:0:0:1 - - [16/Oct/2020:23:23:10 -0700] "GET /loginSuccessful HTTP/1.1" 200 792
0:0:0:0:0:0:0:1 - - [16/Oct/2020:23:23:49 -0700] "GET /login HTTP/1.1" 200 1655
0:0:0:0:0:0:0:1 - - [16/Oct/2020:23:23:50 -0700] "POST /doLogin HTTP/1.1" 302 -
0:0:0:0:0:0:0:1 - - [16/Oct/2020:23:23:50 -0700] "GET /loginSuccessful HTTP/1.1" 200 799
0:0:0:0:0:0:0:1 - - [16/Oct/2020:23:23:51 -0700] "GET /getBookByCourses HTTP/1.1" 302 -
0:0:0:0:0:0:0:1 - - [16/Oct/2020:23:23:51 -0700] "GET /loginSuccessful HTTP/1.1" 200 799
0:0:0:0:0:0:0:1 - - [16/Oct/2020:23:23:52 -0700] "GET /getBookByCourses HTTP/1.1" 302 -
0:0:0:0:0:0:0:1 - - [16/Oct/2020:23:23:52 -0700] "GET /loginSuccessful HTTP/1.1" 200 799
0:0:0:0:0:0:0:1 - - [16/Oct/2020:23:23:53 -0700] "GET /getBookByCourses HTTP/1.1" 302 -
0:0:0:0:0:0:0:1 - - [16/Oct/2020:23:23:53 -0700] "GET /loginSuccessful HTTP/1.1" 200 799
0:0:0:0:0:0:0:1 - - [16/Oct/2020:23:23:53 -0700] "GET /getBookByCourses HTTP/1.1" 302 -
0:0:0:0:0:0:0:1 - - [16/Oct/2020:23:23:53 -0700] "GET /loginSuccessful HTTP/1.1" 200 799
0:0:0:0:0:0:0:1 - - [16/Oct/2020:23:23:53 -0700] "GET /getBookByCourses HTTP/1.1" 302 -
0:0:0:0:0:0:0:1 - - [16/Oct/2020:23:23:53 -0700] "GET /loginSuccessful HTTP/1.1" 200 799
0:0:0:0:0:0:0:1 - - [16/Oct/2020:23:25:34 -0700] "GET /loginSuccessful HTTP/1.1" 200 799
0:0:0:0:0:0:0:1 - - [16/Oct/2020:23:25:35 -0700] "GET /getBookByCourses HTTP/1.1" 200 799
0:0:0:0:0:0:0:1 - - [16/Oct/2020:23:25:36 -0700] "GET /getBookByCourses HTTP/1.1" 200 799
0:0:0:0:0:0:0:1 - - [16/Oct/2020:23:25:37 -0700] "GET /getBookByCourses HTTP/1.1" 200 799
0:0:0:0:0:0:0:1 - - [16/Oct/2020:23:25:37 -0700] "GET /getBookByCourses HTTP/1.1" 200 799
0:0:0:0:0:0:0:1 - - [16/Oct/2020:23:25:37 -0700] "GET /getBookByCourses HTTP/1.1" 200 799
0:0:0:0:0:0:0:1 - - [16/Oct/2020:23:25:37 -0700] "GET /getBookByCourses HTTP/1.1" 200 799
0:0:0:0:0:0:0:1 - - [16/Oct/2020:23:25:37 -0700] "GET /getBookByCourses HTTP/1.1" 200 799
0:0:0:0:0:0:0:1 - - [16/Oct/2020:23:25:38 -0700] "GET /getBookByCourses HTTP/1.1" 200 799
0:0:0:0:0:0:0:1 - - [16/Oct/2020:23:25:38 -0700] "GET /getBookByCourses HTTP/1.1" 200 799
0:0:0:0:0:0:0:1 - - [16/Oct/2020:23:25:44 -0700] "GET /login HTTP/1.1" 200 1655
0:0:0:0:0:0:0:1 - - [16/Oct/2020:23:25:45 -0700] "POST /doLogin HTTP/1.1" 302 -
0:0:0:0:0:0:0:1 - - [16/Oct/2020:23:25:45 -0700] "GET /loginSuccessful HTTP/1.1" 200 799
0:0:0:0:0:0:0:1 - - [16/Oct/2020:23:25:46 -0700] "GET /getBookByCourses HTTP/1.1" 200 799
0:0:0:0:0:0:0:1 - - [16/Oct/2020:23:25:46 -0700] "GET /getBookByCourses HTTP/1.1" 200 799
0:0:0:0:0:0:0:1 - - [16/Oct/2020:23:25:48 -0700] "GET /getBookByCourses HTTP/1.1" 200 799
0:0:0:0:0:0:0:1 - - [16/Oct/2020:23:28:51 -0700] "GET /login HTTP/1.1" 200 1655
0:0:0:0:0:0:0:1 - - [16/Oct/2020:23:28:52 -0700] "GET /login HTTP/1.1" 200 1655
0:0:0:0:0:0:0:1 - - [16/Oct/2020:23:28:56 -0700] "POST /doLogin HTTP/1.1" 302 -
0:0:0:0:0:0:0:1 - - [16/Oct/2020:23:28:56 -0700] "GET /loginSuccessful HTTP/1.1" 200 799
0:0:0:0:0:0:0:1 - - [16/Oct/2020:23:28:56 -0700] "GET /getBookByCourses HTTP/1.1" 302 -
0:0:0:0:0:0:0:1 - - [16/Oct/2020:23:28:56 -0700] "GET /loginSuccessful HTTP/1.1" 200 799
0:0:0:0:0:0:0:1 - - [16/Oct/2020:23:29:24 -0700] "GET /login HTTP/1.1" 200 1655
0:0:0:0:0:0:0:1 - - [16/Oct/2020:23:29:25 -0700] "POST /doLogin HTTP/1.1" 302 -
0:0:0:0:0:0:0:1 - - [16/Oct/2020:23:29:25 -0700] "GET /loginSuccessful HTTP/1.1" 200 799
0:0:0:0:0:0:0:1 - - [16/Oct/2020:23:29:27 -0700] "GET /getBookByCourses HTTP/1.1" 302 -
0:0:0:0:0:0:0:1 - - [16/Oct/2020:23:29:27 -0700] "GET /loginSuccessful HTTP/1.1" 200 799
0:0:0:0:0:0:0:1 - - [16/Oct/2020:23:29:27 -0700] "GET /getBookByCourses HTTP/1.1" 302 -
0:0:0:0:0:0:0:1 - - [16/Oct/2020:23:29:27 -0700] "GET /loginSuccessful HTTP/1.1" 200 799
0:0:0:0:0:0:0:1 - - [16/Oct/2020:23:29:28 -0700] "GET /getBookByCourses HTTP/1.1" 302 -
0:0:0:0:0:0:0:1 - - [16/Oct/2020:23:29:28 -0700] "GET /loginSuccessful HTTP/1.1" 200 799
0:0:0:0:0:0:0:1 - - [16/Oct/2020:23:29:28 -0700] "GET /getBookByCourses HTTP/1.1" 302 -
0:0:0:0:0:0:0:1 - - [16/Oct/2020:23:29:28 -0700] "GET /loginSuccessful HTTP/1.1" 200 799
0:0:0:0:0:0:0:1 - - [16/Oct/2020:23:29:28 -0700] "GET /getBookByCourses HTTP/1.1" 302 -
0:0:0:0:0:0:0:1 - - [16/Oct/2020:23:29:28 -0700] "GET /loginSuccessful HTTP/1.1" 200 799
0:0:0:0:0:0:0:1 - - [16/Oct/2020:23:29:28 -0700] "GET /getBookByCourses HTTP/1.1" 302 -
0:0:0:0:0:0:0:1 - - [16/Oct/2020:23:29:28 -0700] "GET /loginSuccessful HTTP/1.1" 200 799
0:0:0:0:0:0:0:1 - - [16/Oct/2020:23:34:28 -0700] "GET /login HTTP/1.1" 200 1655
0:0:0:0:0:0:0:1 - - [16/Oct/2020:23:34:28 -0700] "GET /login HTTP/1.1" 200 1655
0:0:0:0:0:0:0:1 - - [16/Oct/2020:23:34:30 -0700] "POST /doLogin HTTP/1.1" 302 -
0:0:0:0:0:0:0:1 - - [16/Oct/2020:23:34:30 -0700] "GET /loginSuccessful HTTP/1.1" 200 799
0:0:0:0:0:0:0:1 - - [16/Oct/2020:23:34:31 -0700] "GET /getBookByCourses HTTP/1.1" 302 -
0:0:0:0:0:0:0:1 - - [16/Oct/2020:23:34:31 -0700] "GET /login HTTP/1.1" 200 1655
0:0:0:0:0:0:0:1 - - [16/Oct/2020:23:37:47 -0700] "GET /login HTTP/1.1" 200 1694
0:0:0:0:0:0:0:1 - - [16/Oct/2020:23:37:57 -0700] "POST /doLogin HTTP/1.1" 302 -
0:0:0:0:0:0:0:1 - - [16/Oct/2020:23:37:57 -0700] "GET /loginSuccessful HTTP/1.1" 200 799
0:0:0:0:0:0:0:1 - - [16/Oct/2020:23:37:59 -0700] "GET /getBookByCourses HTTP/1.1" 302 -
0:0:0:0:0:0:0:1 - - [16/Oct/2020:23:37:59 -0700] "GET /login HTTP/1.1" 200 1694
0:0:0:0:0:0:0:1 - - [16/Oct/2020:23:38:22 -0700] "GET /login HTTP/1.1" 200 1694
0:0:0:0:0:0:0:1 - - [16/Oct/2020:23:38:24 -0700] "POST /doLogin HTTP/1.1" 302 -
0:0:0:0:0:0:0:1 - - [16/Oct/2020:23:38:24 -0700] "GET /loginSuccessful HTTP/1.1" 200 799
0:0:0:0:0:0:0:1 - - [16/Oct/2020:23:38:25 -0700] "GET /getBookByCourses HTTP/1.1" 302 -
0:0:0:0:0:0:0:1 - - [16/Oct/2020:23:38:25 -0700] "GET /login HTTP/1.1" 200 1694
0:0:0:0:0:0:0:1 - - [16/Oct/2020:23:43:27 -0700] "GET /login HTTP/1.1" 200 1657
0:0:0:0:0:0:0:1 - - [16/Oct/2020:23:43:29 -0700] "POST /doLogin HTTP/1.1" 302 -
0:0:0:0:0:0:0:1 - - [16/Oct/2020:23:43:29 -0700] "GET /loginSuccessful HTTP/1.1" 200 803
0:0:0:0:0:0:0:1 - - [16/Oct/2020:23:43:30 -0700] "GET /getBookByCourses HTTP/1.1" 302 -
0:0:0:0:0:0:0:1 - - [16/Oct/2020:23:43:30 -0700] "GET /loginSuccessful HTTP/1.1" 200 803
0:0:0:0:0:0:0:1 - - [16/Oct/2020:23:43:30 -0700] "GET /getBookByCourses HTTP/1.1" 302 -
0:0:0:0:0:0:0:1 - - [16/Oct/2020:23:43:30 -0700] "GET /loginSuccessful HTTP/1.1" 200 803
0:0:0:0:0:0:0:1 - - [16/Oct/2020:23:43:30 -0700] "GET /getBookByCourses HTTP/1.1" 302 -
0:0:0:0:0:0:0:1 - - [16/Oct/2020:23:43:30 -0700] "GET /loginSuccessful HTTP/1.1" 200 803
0:0:0:0:0:0:0:1 - - [16/Oct/2020:23:43:31 -0700] "GET /getBookByCourses HTTP/1.1" 302 -
0:0:0:0:0:0:0:1 - - [16/Oct/2020:23:43:31 -0700] "GET /loginSuccessful HTTP/1.1" 200 803
0:0:0:0:0:0:0:1 - - [16/Oct/2020:23:46:10 -0700] "GET /loginSuccessful HTTP/1.1" 200 842
0:0:0:0:0:0:0:1 - - [16/Oct/2020:23:46:12 -0700] "GET /getBookByCourses HTTP/1.1" 302 -
0:0:0:0:0:0:0:1 - - [16/Oct/2020:23:46:12 -0700] "GET /loginSuccessful HTTP/1.1" 200 842
0:0:0:0:0:0:0:1 - - [16/Oct/2020:23:46:12 -0700] "GET /getBookByCourses HTTP/1.1" 302 -
0:0:0:0:0:0:0:1 - - [16/Oct/2020:23:46:12 -0700] "GET /loginSuccessful HTTP/1.1" 200 842
0:0:0:0:0:0:0:1 - - [16/Oct/2020:23:46:13 -0700] "GET /getBookByCourses HTTP/1.1" 302 -
0:0:0:0:0:0:0:1 - - [16/Oct/2020:23:46:13 -0700] "GET /loginSuccessful HTTP/1.1" 200 842
