0:0:0:0:0:0:0:1 - - [19/Dec/2020:01:08:05 -0800] "GET /login HTTP/1.1" 200 5962
0:0:0:0:0:0:0:1 - - [19/Dec/2020:01:08:05 -0800] "GET /css/main.css HTTP/1.1" 302 -
0:0:0:0:0:0:0:1 - - [19/Dec/2020:01:08:05 -0800] "GET /login HTTP/1.1" 200 5962
0:0:0:0:0:0:0:1 - - [19/Dec/2020:01:08:05 -0800] "GET /js/action.js HTTP/1.1" 200 -
0:0:0:0:0:0:0:1 - - [19/Dec/2020:01:08:05 -0800] "GET /login HTTP/1.1" 200 5962
0:0:0:0:0:0:0:1 - - [19/Dec/2020:01:08:05 -0800] "GET /css/main.css HTTP/1.1" 302 -
0:0:0:0:0:0:0:1 - - [19/Dec/2020:01:08:05 -0800] "GET /js/action.js HTTP/1.1" 200 -
0:0:0:0:0:0:0:1 - - [19/Dec/2020:01:08:05 -0800] "GET /login HTTP/1.1" 200 5962
0:0:0:0:0:0:0:1 - - [19/Dec/2020:01:08:49 -0800] "POST /doLogin HTTP/1.1" 302 -
0:0:0:0:0:0:0:1 - - [19/Dec/2020:01:08:49 -0800] "GET /loginSuccessful HTTP/1.1" 200 7333
192.168.1.200 - - [19/Dec/2020:12:58:44 -0800] "GET / HTTP/1.1" 302 -
192.168.1.200 - - [19/Dec/2020:12:58:44 -0800] "GET /login HTTP/1.1" 200 5962
0:0:0:0:0:0:0:1 - - [19/Dec/2020:14:00:33 -0800] "GET /login HTTP/1.1" 200 5962
0:0:0:0:0:0:0:1 - - [19/Dec/2020:14:00:33 -0800] "GET /css/main.css HTTP/1.1" 302 -
0:0:0:0:0:0:0:1 - - [19/Dec/2020:14:00:33 -0800] "GET /js/action.js HTTP/1.1" 200 -
0:0:0:0:0:0:0:1 - - [19/Dec/2020:14:00:33 -0800] "GET /login HTTP/1.1" 200 5962
0:0:0:0:0:0:0:1 - - [19/Dec/2020:14:00:38 -0800] "POST /doLogin HTTP/1.1" 302 -
0:0:0:0:0:0:0:1 - - [19/Dec/2020:14:00:38 -0800] "GET /loginSuccessful HTTP/1.1" 200 7333
0:0:0:0:0:0:0:1 - - [19/Dec/2020:14:03:59 -0800] "GET /loginSuccessful HTTP/1.1" 200 7240
0:0:0:0:0:0:0:1 - - [19/Dec/2020:14:04:58 -0800] "GET /loginSuccessful HTTP/1.1" 200 7241
0:0:0:0:0:0:0:1 - - [19/Dec/2020:14:05:17 -0800] "GET /loginSuccessful HTTP/1.1" 200 7254
0:0:0:0:0:0:0:1 - - [19/Dec/2020:14:06:25 -0800] "GET /loginSuccessful HTTP/1.1" 200 13288
0:0:0:0:0:0:0:1 - - [19/Dec/2020:14:07:26 -0800] "GET /loginSuccessful HTTP/1.1" 200 7234
0:0:0:0:0:0:0:1 - - [19/Dec/2020:14:08:29 -0800] "GET /loginSuccessful HTTP/1.1" 200 7208
0:0:0:0:0:0:0:1 - - [19/Dec/2020:14:09:29 -0800] "GET /loginSuccessful HTTP/1.1" 200 7208
0:0:0:0:0:0:0:1 - - [19/Dec/2020:14:09:58 -0800] "GET /loginSuccessful HTTP/1.1" 200 7173
0:0:0:0:0:0:0:1 - - [19/Dec/2020:14:10:29 -0800] "GET /loginSuccessful HTTP/1.1" 200 7179
0:0:0:0:0:0:0:1 - - [19/Dec/2020:14:10:58 -0800] "GET /loginSuccessful HTTP/1.1" 200 7177
0:0:0:0:0:0:0:1 - - [19/Dec/2020:14:11:13 -0800] "GET /loginSuccessful HTTP/1.1" 200 7179
0:0:0:0:0:0:0:1 - - [19/Dec/2020:14:11:38 -0800] "GET /loginSuccessful HTTP/1.1" 200 7175
0:0:0:0:0:0:0:1 - - [19/Dec/2020:14:12:01 -0800] "GET /loginSuccessful HTTP/1.1" 200 7175
0:0:0:0:0:0:0:1 - - [19/Dec/2020:14:12:45 -0800] "GET /loginSuccessful HTTP/1.1" 200 7198
0:0:0:0:0:0:0:1 - - [19/Dec/2020:14:13:30 -0800] "GET /loginSuccessful HTTP/1.1" 200 7199
0:0:0:0:0:0:0:1 - - [19/Dec/2020:14:14:16 -0800] "GET /loginSuccessful HTTP/1.1" 200 7178
0:0:0:0:0:0:0:1 - - [19/Dec/2020:14:14:59 -0800] "GET /loginSuccessful HTTP/1.1" 200 7182
0:0:0:0:0:0:0:1 - - [19/Dec/2020:14:17:36 -0800] "GET /loginSuccessful HTTP/1.1" 200 7210
0:0:0:0:0:0:0:1 - - [19/Dec/2020:14:18:18 -0800] "GET /loginSuccessful HTTP/1.1" 200 7210
0:0:0:0:0:0:0:1 - - [19/Dec/2020:14:18:49 -0800] "GET /loginSuccessful HTTP/1.1" 200 7210
0:0:0:0:0:0:0:1 - - [19/Dec/2020:14:20:27 -0800] "GET /loginSuccessful HTTP/1.1" 200 7217
0:0:0:0:0:0:0:1 - - [19/Dec/2020:14:21:33 -0800] "GET /loginSuccessful HTTP/1.1" 200 7212
0:0:0:0:0:0:0:1 - - [19/Dec/2020:14:22:09 -0800] "GET /loginSuccessful HTTP/1.1" 200 7210
0:0:0:0:0:0:0:1 - - [19/Dec/2020:14:22:28 -0800] "GET /loginSuccessful HTTP/1.1" 200 7217
0:0:0:0:0:0:0:1 - - [19/Dec/2020:14:25:40 -0800] "GET /loginSuccessful HTTP/1.1" 200 7349
0:0:0:0:0:0:0:1 - - [19/Dec/2020:14:26:00 -0800] "GET /loginSuccessful HTTP/1.1" 200 7320
0:0:0:0:0:0:0:1 - - [19/Dec/2020:14:26:10 -0800] "GET /loginSuccessful HTTP/1.1" 200 7292
0:0:0:0:0:0:0:1 - - [19/Dec/2020:14:26:22 -0800] "GET /loginSuccessful HTTP/1.1" 200 7325
0:0:0:0:0:0:0:1 - - [19/Dec/2020:14:26:54 -0800] "GET /loginSuccessful HTTP/1.1" 200 7249
0:0:0:0:0:0:0:1 - - [19/Dec/2020:14:27:47 -0800] "GET /loginSuccessful HTTP/1.1" 200 7217
0:0:0:0:0:0:0:1 - - [19/Dec/2020:14:28:05 -0800] "GET /loginSuccessful HTTP/1.1" 200 7216
0:0:0:0:0:0:0:1 - - [19/Dec/2020:14:28:37 -0800] "GET /loginSuccessful HTTP/1.1" 200 18015
0:0:0:0:0:0:0:1 - - [19/Dec/2020:14:29:58 -0800] "GET /loginSuccessful HTTP/1.1" 200 7275
0:0:0:0:0:0:0:1 - - [19/Dec/2020:14:31:05 -0800] "GET /loginSuccessful HTTP/1.1" 200 7238
0:0:0:0:0:0:0:1 - - [19/Dec/2020:14:31:33 -0800] "GET /loginSuccessful HTTP/1.1" 200 7216
0:0:0:0:0:0:0:1 - - [19/Dec/2020:14:32:06 -0800] "GET /loginSuccessful HTTP/1.1" 200 7333
0:0:0:0:0:0:0:1 - - [19/Dec/2020:14:32:15 -0800] "GET /loginSuccessful HTTP/1.1" 200 7208
0:0:0:0:0:0:0:1 - - [19/Dec/2020:14:32:57 -0800] "GET /loginSuccessful HTTP/1.1" 200 7208
0:0:0:0:0:0:0:1 - - [19/Dec/2020:14:33:12 -0800] "GET /loginSuccessful HTTP/1.1" 200 7208
0:0:0:0:0:0:0:1 - - [19/Dec/2020:14:33:51 -0800] "GET /loginSuccessful HTTP/1.1" 200 7206
0:0:0:0:0:0:0:1 - - [19/Dec/2020:14:34:27 -0800] "GET /loginSuccessful HTTP/1.1" 200 7206
0:0:0:0:0:0:0:1 - - [19/Dec/2020:14:34:43 -0800] "GET /loginSuccessful HTTP/1.1" 200 7204
0:0:0:0:0:0:0:1 - - [19/Dec/2020:14:35:01 -0800] "GET /loginSuccessful HTTP/1.1" 200 7204
0:0:0:0:0:0:0:1 - - [19/Dec/2020:14:35:12 -0800] "GET /loginSuccessful HTTP/1.1" 200 7202
0:0:0:0:0:0:0:1 - - [19/Dec/2020:14:36:57 -0800] "GET /loginSuccessful HTTP/1.1" 200 7203
0:0:0:0:0:0:0:1 - - [19/Dec/2020:14:39:17 -0800] "GET /loginSuccessful HTTP/1.1" 200 7302
0:0:0:0:0:0:0:1 - - [19/Dec/2020:14:39:32 -0800] "GET /loginSuccessful HTTP/1.1" 200 7204
0:0:0:0:0:0:0:1 - - [19/Dec/2020:14:41:18 -0800] "GET /loginSuccessful HTTP/1.1" 200 7333
0:0:0:0:0:0:0:1 - - [19/Dec/2020:14:41:40 -0800] "GET /loginSuccessful HTTP/1.1" 200 7293
0:0:0:0:0:0:0:1 - - [19/Dec/2020:14:42:08 -0800] "GET /loginSuccessful HTTP/1.1" 200 7291
0:0:0:0:0:0:0:1 - - [19/Dec/2020:14:42:12 -0800] "GET /loginSuccessful HTTP/1.1" 200 7291
0:0:0:0:0:0:0:1 - - [19/Dec/2020:14:42:29 -0800] "GET /loginSuccessful HTTP/1.1" 200 7293
0:0:0:0:0:0:0:1 - - [19/Dec/2020:14:47:03 -0800] "GET /loginSuccessful HTTP/1.1" 200 7333
0:0:0:0:0:0:0:1 - - [19/Dec/2020:14:48:10 -0800] "GET /loginSuccessful HTTP/1.1" 200 7370
0:0:0:0:0:0:0:1 - - [19/Dec/2020:14:48:47 -0800] "GET /loginSuccessful HTTP/1.1" 200 7372
0:0:0:0:0:0:0:1 - - [19/Dec/2020:14:49:10 -0800] "GET /loginSuccessful HTTP/1.1" 200 7374
0:0:0:0:0:0:0:1 - - [19/Dec/2020:14:49:42 -0800] "GET /loginSuccessful HTTP/1.1" 200 7380
0:0:0:0:0:0:0:1 - - [19/Dec/2020:14:51:50 -0800] "GET /loginSuccessful HTTP/1.1" 200 7431
0:0:0:0:0:0:0:1 - - [19/Dec/2020:14:52:22 -0800] "GET /loginSuccessful HTTP/1.1" 200 7414
0:0:0:0:0:0:0:1 - - [19/Dec/2020:14:52:34 -0800] "GET /loginSuccessful HTTP/1.1" 200 7414
0:0:0:0:0:0:0:1 - - [19/Dec/2020:14:53:54 -0800] "GET /loginSuccessful HTTP/1.1" 200 7431
0:0:0:0:0:0:0:1 - - [19/Dec/2020:14:54:12 -0800] "GET /loginSuccessful HTTP/1.1" 200 7431
0:0:0:0:0:0:0:1 - - [19/Dec/2020:15:00:17 -0800] "GET /loginSuccessful HTTP/1.1" 200 7441
0:0:0:0:0:0:0:1 - - [19/Dec/2020:15:00:32 -0800] "GET /loginSuccessful HTTP/1.1" 200 7441
0:0:0:0:0:0:0:1 - - [19/Dec/2020:15:01:02 -0800] "GET /loginSuccessful HTTP/1.1" 200 7437
0:0:0:0:0:0:0:1 - - [19/Dec/2020:15:01:24 -0800] "GET /loginSuccessful HTTP/1.1" 200 7442
0:0:0:0:0:0:0:1 - - [19/Dec/2020:15:01:57 -0800] "GET /loginSuccessful HTTP/1.1" 200 7442
0:0:0:0:0:0:0:1 - - [19/Dec/2020:15:03:58 -0800] "GET /loginSuccessful HTTP/1.1" 200 7459
0:0:0:0:0:0:0:1 - - [19/Dec/2020:15:05:12 -0800] "GET /loginSuccessful HTTP/1.1" 200 7460
0:0:0:0:0:0:0:1 - - [19/Dec/2020:15:06:56 -0800] "GET /loginSuccessful HTTP/1.1" 200 7564
0:0:0:0:0:0:0:1 - - [19/Dec/2020:15:07:07 -0800] "GET /loginSuccessful HTTP/1.1" 200 7564
0:0:0:0:0:0:0:1 - - [19/Dec/2020:15:07:29 -0800] "GET /doLogout? HTTP/1.1" 302 -
0:0:0:0:0:0:0:1 - - [19/Dec/2020:15:07:29 -0800] "GET /login HTTP/1.1" 200 5962
0:0:0:0:0:0:0:1 - - [19/Dec/2020:15:07:29 -0800] "GET /css/main.css HTTP/1.1" 302 -
0:0:0:0:0:0:0:1 - - [19/Dec/2020:15:07:29 -0800] "GET /js/action.js HTTP/1.1" 200 -
0:0:0:0:0:0:0:1 - - [19/Dec/2020:15:07:29 -0800] "GET /login HTTP/1.1" 200 5962
0:0:0:0:0:0:0:1 - - [19/Dec/2020:15:07:38 -0800] "POST /doLogin HTTP/1.1" 302 -
0:0:0:0:0:0:0:1 - - [19/Dec/2020:15:07:38 -0800] "GET /loginSuccessful HTTP/1.1" 200 7564
0:0:0:0:0:0:0:1 - - [19/Dec/2020:15:07:41 -0800] "GET /doLogout? HTTP/1.1" 302 -
0:0:0:0:0:0:0:1 - - [19/Dec/2020:15:07:41 -0800] "GET /login HTTP/1.1" 200 5962
0:0:0:0:0:0:0:1 - - [19/Dec/2020:15:07:41 -0800] "GET /css/main.css HTTP/1.1" 302 -
0:0:0:0:0:0:0:1 - - [19/Dec/2020:15:07:41 -0800] "GET /js/action.js HTTP/1.1" 200 -
0:0:0:0:0:0:0:1 - - [19/Dec/2020:15:07:41 -0800] "GET /login HTTP/1.1" 200 5962
0:0:0:0:0:0:0:1 - - [19/Dec/2020:15:07:47 -0800] "POST /doLogin HTTP/1.1" 302 -
0:0:0:0:0:0:0:1 - - [19/Dec/2020:15:07:47 -0800] "GET /loginFailed HTTP/1.1" 302 -
0:0:0:0:0:0:0:1 - - [19/Dec/2020:15:07:47 -0800] "GET /login HTTP/1.1" 200 6031
0:0:0:0:0:0:0:1 - - [19/Dec/2020:15:07:47 -0800] "GET /css/main.css HTTP/1.1" 302 -
0:0:0:0:0:0:0:1 - - [19/Dec/2020:15:07:47 -0800] "GET /js/action.js HTTP/1.1" 200 -
0:0:0:0:0:0:0:1 - - [19/Dec/2020:15:07:47 -0800] "GET /login HTTP/1.1" 200 5962
0:0:0:0:0:0:0:1 - - [19/Dec/2020:15:08:22 -0800] "POST /doLogin HTTP/1.1" 302 -
0:0:0:0:0:0:0:1 - - [19/Dec/2020:15:08:22 -0800] "GET /loginSuccessful HTTP/1.1" 200 7564
0:0:0:0:0:0:0:1 - - [19/Dec/2020:15:14:09 -0800] "GET /loginSuccessful HTTP/1.1" 200 7614
0:0:0:0:0:0:0:1 - - [19/Dec/2020:15:14:11 -0800] "GET /searchBook HTTP/1.1" 200 678
0:0:0:0:0:0:0:1 - - [19/Dec/2020:15:14:14 -0800] "GET /loginSuccessful HTTP/1.1" 200 7614
0:0:0:0:0:0:0:1 - - [19/Dec/2020:15:14:16 -0800] "GET /searchCourses HTTP/1.1" 200 1001
0:0:0:0:0:0:0:1 - - [19/Dec/2020:15:14:16 -0800] "GET /js/action.js HTTP/1.1" 200 -
0:0:0:0:0:0:0:1 - - [19/Dec/2020:15:14:16 -0800] "GET /css/main.css HTTP/1.1" 200 2929
0:0:0:0:0:0:0:1 - - [19/Dec/2020:15:14:18 -0800] "GET /loginSuccessful HTTP/1.1" 200 7614
0:0:0:0:0:0:0:1 - - [19/Dec/2020:15:14:20 -0800] "GET /getAllRequiredBooks HTTP/1.1" 302 -
0:0:0:0:0:0:0:1 - - [19/Dec/2020:15:14:20 -0800] "GET /loginSuccessful HTTP/1.1" 200 7614
0:0:0:0:0:0:0:1 - - [19/Dec/2020:15:14:24 -0800] "GET /getAllRequiredBooks HTTP/1.1" 302 -
0:0:0:0:0:0:0:1 - - [19/Dec/2020:15:14:24 -0800] "GET /loginSuccessful HTTP/1.1" 200 7614
0:0:0:0:0:0:0:1 - - [19/Dec/2020:15:16:24 -0800] "GET /dropClasses HTTP/1.1" 302 -
0:0:0:0:0:0:0:1 - - [19/Dec/2020:15:16:24 -0800] "GET /loginSuccessful?error=You+have+no+class+to+drop HTTP/1.1" 200 7614
0:0:0:0:0:0:0:1 - - [19/Dec/2020:15:16:30 -0800] "GET /searchCourses HTTP/1.1" 200 1001
0:0:0:0:0:0:0:1 - - [19/Dec/2020:15:16:30 -0800] "GET /css/main.css HTTP/1.1" 200 2929
0:0:0:0:0:0:0:1 - - [19/Dec/2020:15:16:30 -0800] "GET /js/action.js HTTP/1.1" 200 -
0:0:0:0:0:0:0:1 - - [19/Dec/2020:15:16:33 -0800] "GET /loginSuccessful?error=You+have+no+class+to+drop HTTP/1.1" 200 7614
0:0:0:0:0:0:0:1 - - [19/Dec/2020:15:23:11 -0800] "GET /searchBook HTTP/1.1" 200 678
0:0:0:0:0:0:0:1 - - [19/Dec/2020:15:23:15 -0800] "GET /searchBookByTitleOrAuthor?argument=Java HTTP/1.1" 200 2252
0:0:0:0:0:0:0:1 - - [19/Dec/2020:15:23:15 -0800] "GET /css/main.css HTTP/1.1" 200 2929
0:0:0:0:0:0:0:1 - - [19/Dec/2020:15:23:15 -0800] "GET /js/action.js HTTP/1.1" 200 -
0:0:0:0:0:0:0:1 - - [19/Dec/2020:15:23:20 -0800] "GET /moreDetails?bookItem=2 HTTP/1.1" 200 1261
0:0:0:0:0:0:0:1 - - [19/Dec/2020:15:23:20 -0800] "GET /css/main.css HTTP/1.1" 200 2929
0:0:0:0:0:0:0:1 - - [19/Dec/2020:15:23:20 -0800] "GET /js/action.js HTTP/1.1" 200 -
0:0:0:0:0:0:0:1 - - [19/Dec/2020:15:23:22 -0800] "GET /searchBookByTitleOrAuthor?argument=Java HTTP/1.1" 200 2252
0:0:0:0:0:0:0:1 - - [19/Dec/2020:15:23:22 -0800] "GET /css/main.css HTTP/1.1" 200 2929
0:0:0:0:0:0:0:1 - - [19/Dec/2020:15:23:24 -0800] "GET /moreDetails?bookItem=1 HTTP/1.1" 200 2423
0:0:0:0:0:0:0:1 - - [19/Dec/2020:15:23:24 -0800] "GET /css/main.css HTTP/1.1" 200 2929
0:0:0:0:0:0:0:1 - - [19/Dec/2020:15:23:24 -0800] "GET /js/action.js HTTP/1.1" 200 -
0:0:0:0:0:0:0:1 - - [19/Dec/2020:15:23:34 -0800] "GET /searchBookByTitleOrAuthor?argument=Java HTTP/1.1" 200 2252
0:0:0:0:0:0:0:1 - - [19/Dec/2020:15:23:34 -0800] "GET /css/main.css HTTP/1.1" 200 2929
0:0:0:0:0:0:0:1 - - [19/Dec/2020:15:23:35 -0800] "GET /searchBook HTTP/1.1" 200 678
0:0:0:0:0:0:0:1 - - [19/Dec/2020:15:23:37 -0800] "GET /loginSuccessful?error=You+have+no+class+to+drop HTTP/1.1" 200 7614
0:0:0:0:0:0:0:1 - - [19/Dec/2020:15:24:24 -0800] "GET /loginSuccessful?error=You+have+no+class+to+drop HTTP/1.1" 200 7632
0:0:0:0:0:0:0:1 - - [19/Dec/2020:15:24:27 -0800] "GET /dropClasses HTTP/1.1" 302 -
0:0:0:0:0:0:0:1 - - [19/Dec/2020:15:24:27 -0800] "GET /loginSuccessful?error=You+have+no+class+to+drop HTTP/1.1" 200 7632
0:0:0:0:0:0:0:1 - - [19/Dec/2020:15:24:30 -0800] "GET /getAllRequiredBooks HTTP/1.1" 302 -
0:0:0:0:0:0:0:1 - - [19/Dec/2020:15:24:30 -0800] "GET /loginSuccessful HTTP/1.1" 200 7701
0:0:0:0:0:0:0:1 - - [19/Dec/2020:15:24:45 -0800] "GET /loginSuccessful HTTP/1.1" 200 7632
0:0:0:0:0:0:0:1 - - [19/Dec/2020:15:24:47 -0800] "GET /getAllRequiredBooks HTTP/1.1" 302 -
0:0:0:0:0:0:0:1 - - [19/Dec/2020:15:24:47 -0800] "GET /loginSuccessful HTTP/1.1" 200 7692
0:0:0:0:0:0:0:1 - - [19/Dec/2020:15:24:58 -0800] "GET /loginSuccessful HTTP/1.1" 200 7632
0:0:0:0:0:0:0:1 - - [19/Dec/2020:15:25:00 -0800] "GET /getAllRequiredBooks HTTP/1.1" 302 -
0:0:0:0:0:0:0:1 - - [19/Dec/2020:15:25:00 -0800] "GET /loginSuccessful HTTP/1.1" 200 7692
0:0:0:0:0:0:0:1 - - [19/Dec/2020:15:25:07 -0800] "GET /dropClasses HTTP/1.1" 302 -
0:0:0:0:0:0:0:1 - - [19/Dec/2020:15:25:07 -0800] "GET /loginSuccessful?error=You+have+no+class+to+drop HTTP/1.1" 200 7632
0:0:0:0:0:0:0:1 - - [19/Dec/2020:15:27:25 -0800] "GET /loginSuccessful?error=You+have+no+class+to+drop HTTP/1.1" 200 7704
0:0:0:0:0:0:0:1 - - [19/Dec/2020:15:27:27 -0800] "GET /getAllRequiredBooks HTTP/1.1" 302 -
0:0:0:0:0:0:0:1 - - [19/Dec/2020:15:27:27 -0800] "GET /loginSuccessful HTTP/1.1" 200 7764
0:0:0:0:0:0:0:1 - - [19/Dec/2020:15:28:36 -0800] "GET /loginSuccessful HTTP/1.1" 200 7685
0:0:0:0:0:0:0:1 - - [19/Dec/2020:15:28:38 -0800] "GET /getAllRequiredBooks HTTP/1.1" 302 -
0:0:0:0:0:0:0:1 - - [19/Dec/2020:15:28:38 -0800] "GET /loginSuccessful HTTP/1.1" 200 7745
0:0:0:0:0:0:0:1 - - [19/Dec/2020:15:28:55 -0800] "GET /loginSuccessful HTTP/1.1" 200 7685
0:0:0:0:0:0:0:1 - - [19/Dec/2020:15:28:56 -0800] "GET /getAllRequiredBooks HTTP/1.1" 302 -
0:0:0:0:0:0:0:1 - - [19/Dec/2020:15:28:56 -0800] "GET /loginSuccessful HTTP/1.1" 200 7756
0:0:0:0:0:0:0:1 - - [19/Dec/2020:15:29:37 -0800] "GET /loginSuccessful HTTP/1.1" 200 7671
0:0:0:0:0:0:0:1 - - [19/Dec/2020:15:29:39 -0800] "GET /getAllRequiredBooks HTTP/1.1" 302 -
0:0:0:0:0:0:0:1 - - [19/Dec/2020:15:29:39 -0800] "GET /loginSuccessful HTTP/1.1" 200 7742
0:0:0:0:0:0:0:1 - - [19/Dec/2020:15:29:54 -0800] "GET /loginSuccessful HTTP/1.1" 200 7670
0:0:0:0:0:0:0:1 - - [19/Dec/2020:15:29:56 -0800] "GET /getAllRequiredBooks HTTP/1.1" 302 -
0:0:0:0:0:0:0:1 - - [19/Dec/2020:15:29:56 -0800] "GET /loginSuccessful HTTP/1.1" 200 7741
0:0:0:0:0:0:0:1 - - [19/Dec/2020:15:34:56 -0800] "GET /loginSuccessful HTTP/1.1" 302 -
0:0:0:0:0:0:0:1 - - [19/Dec/2020:15:34:56 -0800] "GET /login HTTP/1.1" 200 5962
0:0:0:0:0:0:0:1 - - [19/Dec/2020:15:34:56 -0800] "GET /css/main.css HTTP/1.1" 302 -
0:0:0:0:0:0:0:1 - - [19/Dec/2020:15:34:56 -0800] "GET /js/action.js HTTP/1.1" 200 -
0:0:0:0:0:0:0:1 - - [19/Dec/2020:15:34:56 -0800] "GET /login HTTP/1.1" 200 5962
0:0:0:0:0:0:0:1 - - [19/Dec/2020:15:34:59 -0800] "POST /doLogin HTTP/1.1" 302 -
0:0:0:0:0:0:0:1 - - [19/Dec/2020:15:34:59 -0800] "GET /loginSuccessful HTTP/1.1" 200 7670
0:0:0:0:0:0:0:1 - - [19/Dec/2020:15:35:03 -0800] "GET /dropClasses HTTP/1.1" 302 -
0:0:0:0:0:0:0:1 - - [19/Dec/2020:15:35:04 -0800] "GET /loginSuccessful?error=You+have+no+class+to+drop HTTP/1.1" 200 7670
0:0:0:0:0:0:0:1 - - [19/Dec/2020:15:35:07 -0800] "GET /getAllRequiredBooks HTTP/1.1" 302 -
0:0:0:0:0:0:0:1 - - [19/Dec/2020:15:35:07 -0800] "GET /loginSuccessful HTTP/1.1" 200 7741
0:0:0:0:0:0:0:1 - - [19/Dec/2020:15:36:07 -0800] "GET /loginSuccessful HTTP/1.1" 302 -
0:0:0:0:0:0:0:1 - - [19/Dec/2020:15:36:07 -0800] "GET /login HTTP/1.1" 200 5962
0:0:0:0:0:0:0:1 - - [19/Dec/2020:15:36:07 -0800] "GET /css/main.css HTTP/1.1" 302 -
0:0:0:0:0:0:0:1 - - [19/Dec/2020:15:36:07 -0800] "GET /js/action.js HTTP/1.1" 200 -
0:0:0:0:0:0:0:1 - - [19/Dec/2020:15:36:07 -0800] "GET /login HTTP/1.1" 200 5962
0:0:0:0:0:0:0:1 - - [19/Dec/2020:15:36:12 -0800] "POST /doLogin HTTP/1.1" 302 -
0:0:0:0:0:0:0:1 - - [19/Dec/2020:15:36:12 -0800] "GET /loginSuccessful HTTP/1.1" 200 7670
0:0:0:0:0:0:0:1 - - [19/Dec/2020:15:36:13 -0800] "GET /loginSuccessful HTTP/1.1" 200 7670
0:0:0:0:0:0:0:1 - - [19/Dec/2020:15:36:15 -0800] "GET /loginSuccessful HTTP/1.1" 200 7670
0:0:0:0:0:0:0:1 - - [19/Dec/2020:15:36:16 -0800] "GET /loginSuccessful HTTP/1.1" 200 7670
0:0:0:0:0:0:0:1 - - [19/Dec/2020:15:42:13 -0800] "GET /loginSuccessful HTTP/1.1" 302 -
0:0:0:0:0:0:0:1 - - [19/Dec/2020:15:42:13 -0800] "GET /login HTTP/1.1" 200 5962
0:0:0:0:0:0:0:1 - - [19/Dec/2020:15:42:13 -0800] "GET /css/main.css HTTP/1.1" 302 -
0:0:0:0:0:0:0:1 - - [19/Dec/2020:15:42:13 -0800] "GET /js/action.js HTTP/1.1" 200 -
0:0:0:0:0:0:0:1 - - [19/Dec/2020:15:42:13 -0800] "GET /login HTTP/1.1" 200 5962
0:0:0:0:0:0:0:1 - - [19/Dec/2020:15:42:18 -0800] "POST /doLogin HTTP/1.1" 302 -
0:0:0:0:0:0:0:1 - - [19/Dec/2020:15:42:18 -0800] "GET /loginSuccessful HTTP/1.1" 200 7670
0:0:0:0:0:0:0:1 - - [19/Dec/2020:15:42:21 -0800] "GET /dropClasses HTTP/1.1" 302 -
0:0:0:0:0:0:0:1 - - [19/Dec/2020:15:42:21 -0800] "GET /loginSuccessful?error=You+have+no+class+to+drop HTTP/1.1" 200 7670
0:0:0:0:0:0:0:1 - - [19/Dec/2020:15:42:23 -0800] "GET /dropClasses HTTP/1.1" 302 -
0:0:0:0:0:0:0:1 - - [19/Dec/2020:15:42:23 -0800] "GET /loginSuccessful?error=You+have+no+class+to+drop HTTP/1.1" 200 7670
0:0:0:0:0:0:0:1 - - [19/Dec/2020:15:43:46 -0800] "GET /loginSuccessful?error=You+have+no+class+to+drop HTTP/1.1" 302 -
0:0:0:0:0:0:0:1 - - [19/Dec/2020:15:43:46 -0800] "GET /login HTTP/1.1" 200 5962
0:0:0:0:0:0:0:1 - - [19/Dec/2020:15:43:46 -0800] "GET /css/main.css HTTP/1.1" 302 -
0:0:0:0:0:0:0:1 - - [19/Dec/2020:15:43:46 -0800] "GET /js/action.js HTTP/1.1" 200 -
0:0:0:0:0:0:0:1 - - [19/Dec/2020:15:43:46 -0800] "GET /login HTTP/1.1" 200 5962
0:0:0:0:0:0:0:1 - - [19/Dec/2020:15:43:49 -0800] "POST /doLogin HTTP/1.1" 302 -
0:0:0:0:0:0:0:1 - - [19/Dec/2020:15:43:49 -0800] "GET /loginSuccessful HTTP/1.1" 200 7670
0:0:0:0:0:0:0:1 - - [19/Dec/2020:15:43:51 -0800] "GET /dropClasses HTTP/1.1" 200 7670
0:0:0:0:0:0:0:1 - - [19/Dec/2020:15:43:53 -0800] "GET /dropClasses HTTP/1.1" 200 7670
0:0:0:0:0:0:0:1 - - [19/Dec/2020:15:44:51 -0800] "GET /dropClasses HTTP/1.1" 302 -
0:0:0:0:0:0:0:1 - - [19/Dec/2020:15:44:51 -0800] "GET /login HTTP/1.1" 200 5962
0:0:0:0:0:0:0:1 - - [19/Dec/2020:15:44:51 -0800] "GET /css/main.css HTTP/1.1" 302 -
0:0:0:0:0:0:0:1 - - [19/Dec/2020:15:44:51 -0800] "GET /js/action.js HTTP/1.1" 200 -
0:0:0:0:0:0:0:1 - - [19/Dec/2020:15:44:51 -0800] "GET /login HTTP/1.1" 200 5962
0:0:0:0:0:0:0:1 - - [19/Dec/2020:15:44:54 -0800] "POST /doLogin HTTP/1.1" 302 -
0:0:0:0:0:0:0:1 - - [19/Dec/2020:15:44:54 -0800] "GET /loginSuccessful HTTP/1.1" 200 7670
0:0:0:0:0:0:0:1 - - [19/Dec/2020:15:44:57 -0800] "GET /dropClasses HTTP/1.1" 302 -
0:0:0:0:0:0:0:1 - - [19/Dec/2020:15:44:57 -0800] "GET /loginSuccessful HTTP/1.1" 200 7741
0:0:0:0:0:0:0:1 - - [19/Dec/2020:15:45:18 -0800] "GET /loginSuccessful HTTP/1.1" 302 -
0:0:0:0:0:0:0:1 - - [19/Dec/2020:15:45:18 -0800] "GET /login HTTP/1.1" 200 5962
0:0:0:0:0:0:0:1 - - [19/Dec/2020:15:45:18 -0800] "GET /css/main.css HTTP/1.1" 302 -
0:0:0:0:0:0:0:1 - - [19/Dec/2020:15:45:18 -0800] "GET /js/action.js HTTP/1.1" 200 -
0:0:0:0:0:0:0:1 - - [19/Dec/2020:15:45:18 -0800] "GET /login HTTP/1.1" 200 5962
0:0:0:0:0:0:0:1 - - [19/Dec/2020:15:45:23 -0800] "POST /doLogin HTTP/1.1" 302 -
0:0:0:0:0:0:0:1 - - [19/Dec/2020:15:45:23 -0800] "GET /loginSuccessful HTTP/1.1" 200 7670
0:0:0:0:0:0:0:1 - - [19/Dec/2020:15:45:24 -0800] "GET /dropClasses HTTP/1.1" 302 -
0:0:0:0:0:0:0:1 - - [19/Dec/2020:15:45:24 -0800] "GET /loginSuccessful HTTP/1.1" 200 7736
0:0:0:0:0:0:0:1 - - [19/Dec/2020:15:45:32 -0800] "GET /loginSuccessful HTTP/1.1" 200 7670
0:0:0:0:0:0:0:1 - - [19/Dec/2020:15:46:08 -0800] "GET /loginSuccessful HTTP/1.1" 200 7689
0:0:0:0:0:0:0:1 - - [19/Dec/2020:15:46:10 -0800] "GET /dropClasses HTTP/1.1" 302 -
0:0:0:0:0:0:0:1 - - [19/Dec/2020:15:46:10 -0800] "GET /loginSuccessful HTTP/1.1" 200 7755
0:0:0:0:0:0:0:1 - - [19/Dec/2020:15:46:36 -0800] "GET /loginSuccessful HTTP/1.1" 200 7689
0:0:0:0:0:0:0:1 - - [19/Dec/2020:15:46:38 -0800] "GET /dropClasses HTTP/1.1" 302 -
0:0:0:0:0:0:0:1 - - [19/Dec/2020:15:46:38 -0800] "GET /loginSuccessful HTTP/1.1" 200 7755
0:0:0:0:0:0:0:1 - - [19/Dec/2020:15:48:06 -0800] "GET /loginSuccessful HTTP/1.1" 200 7687
0:0:0:0:0:0:0:1 - - [19/Dec/2020:15:48:08 -0800] "GET /dropClasses HTTP/1.1" 302 -
0:0:0:0:0:0:0:1 - - [19/Dec/2020:15:48:08 -0800] "GET /loginSuccessful HTTP/1.1" 200 7753
0:0:0:0:0:0:0:1 - - [19/Dec/2020:15:48:28 -0800] "GET /loginSuccessful HTTP/1.1" 200 7697
0:0:0:0:0:0:0:1 - - [19/Dec/2020:15:48:30 -0800] "GET /dropClasses HTTP/1.1" 302 -
0:0:0:0:0:0:0:1 - - [19/Dec/2020:15:48:30 -0800] "GET /loginSuccessful HTTP/1.1" 200 7763
0:0:0:0:0:0:0:1 - - [19/Dec/2020:15:48:38 -0800] "GET /loginSuccessful HTTP/1.1" 200 7696
0:0:0:0:0:0:0:1 - - [19/Dec/2020:15:48:40 -0800] "GET /dropClasses HTTP/1.1" 302 -
0:0:0:0:0:0:0:1 - - [19/Dec/2020:15:48:40 -0800] "GET /loginSuccessful HTTP/1.1" 200 7762
0:0:0:0:0:0:0:1 - - [19/Dec/2020:15:48:52 -0800] "GET /loginSuccessful HTTP/1.1" 200 7696
0:0:0:0:0:0:0:1 - - [19/Dec/2020:15:48:54 -0800] "GET /dropClasses HTTP/1.1" 302 -
0:0:0:0:0:0:0:1 - - [19/Dec/2020:15:48:54 -0800] "GET /loginSuccessful HTTP/1.1" 200 7762
0:0:0:0:0:0:0:1 - - [19/Dec/2020:15:49:46 -0800] "GET /loginSuccessful HTTP/1.1" 200 7731
0:0:0:0:0:0:0:1 - - [19/Dec/2020:15:49:47 -0800] "GET /dropClasses HTTP/1.1" 302 -
0:0:0:0:0:0:0:1 - - [19/Dec/2020:15:49:47 -0800] "GET /loginSuccessful HTTP/1.1" 200 7796
0:0:0:0:0:0:0:1 - - [19/Dec/2020:15:50:16 -0800] "GET /loginSuccessful HTTP/1.1" 200 7731
0:0:0:0:0:0:0:1 - - [19/Dec/2020:15:50:17 -0800] "GET /dropClasses HTTP/1.1" 302 -
0:0:0:0:0:0:0:1 - - [19/Dec/2020:15:50:17 -0800] "GET /loginSuccessful HTTP/1.1" 200 7796
0:0:0:0:0:0:0:1 - - [19/Dec/2020:15:51:03 -0800] "GET /loginSuccessful HTTP/1.1" 200 7700
0:0:0:0:0:0:0:1 - - [19/Dec/2020:15:51:05 -0800] "GET /dropClasses HTTP/1.1" 302 -
0:0:0:0:0:0:0:1 - - [19/Dec/2020:15:51:05 -0800] "GET /loginSuccessful HTTP/1.1" 200 7766
0:0:0:0:0:0:0:1 - - [19/Dec/2020:15:51:16 -0800] "GET /loginSuccessful HTTP/1.1" 200 7711
0:0:0:0:0:0:0:1 - - [19/Dec/2020:15:51:18 -0800] "GET /dropClasses HTTP/1.1" 302 -
0:0:0:0:0:0:0:1 - - [19/Dec/2020:15:51:18 -0800] "GET /loginSuccessful HTTP/1.1" 200 7777
0:0:0:0:0:0:0:1 - - [19/Dec/2020:15:52:36 -0800] "GET /loginSuccessful HTTP/1.1" 200 7731
0:0:0:0:0:0:0:1 - - [19/Dec/2020:15:52:37 -0800] "GET /dropClasses HTTP/1.1" 302 -
0:0:0:0:0:0:0:1 - - [19/Dec/2020:15:52:37 -0800] "GET /loginSuccessful HTTP/1.1" 200 7796
0:0:0:0:0:0:0:1 - - [19/Dec/2020:15:52:55 -0800] "GET /loginSuccessful HTTP/1.1" 200 7731
0:0:0:0:0:0:0:1 - - [19/Dec/2020:15:52:57 -0800] "GET /dropClasses HTTP/1.1" 302 -
0:0:0:0:0:0:0:1 - - [19/Dec/2020:15:52:57 -0800] "GET /loginSuccessful HTTP/1.1" 200 7796
0:0:0:0:0:0:0:1 - - [19/Dec/2020:15:53:15 -0800] "GET /loginSuccessful HTTP/1.1" 200 7696
0:0:0:0:0:0:0:1 - - [19/Dec/2020:15:53:17 -0800] "GET /dropClasses HTTP/1.1" 302 -
0:0:0:0:0:0:0:1 - - [19/Dec/2020:15:53:17 -0800] "GET /loginSuccessful HTTP/1.1" 200 7762
0:0:0:0:0:0:0:1 - - [19/Dec/2020:15:54:06 -0800] "GET /loginSuccessful HTTP/1.1" 200 7670
0:0:0:0:0:0:0:1 - - [19/Dec/2020:15:54:08 -0800] "GET /dropClasses HTTP/1.1" 302 -
0:0:0:0:0:0:0:1 - - [19/Dec/2020:15:54:08 -0800] "GET /loginSuccessful HTTP/1.1" 200 7736
0:0:0:0:0:0:0:1 - - [19/Dec/2020:15:58:09 -0800] "GET /loginSuccessful HTTP/1.1" 200 7843
0:0:0:0:0:0:0:1 - - [19/Dec/2020:16:00:51 -0800] "GET /loginSuccessful HTTP/1.1" 302 -
0:0:0:0:0:0:0:1 - - [19/Dec/2020:16:00:51 -0800] "GET /login HTTP/1.1" 200 5962
0:0:0:0:0:0:0:1 - - [19/Dec/2020:16:00:51 -0800] "GET /css/main.css HTTP/1.1" 302 -
0:0:0:0:0:0:0:1 - - [19/Dec/2020:16:00:51 -0800] "GET /js/action.js HTTP/1.1" 200 -
0:0:0:0:0:0:0:1 - - [19/Dec/2020:16:00:51 -0800] "GET /login HTTP/1.1" 200 5962
0:0:0:0:0:0:0:1 - - [19/Dec/2020:16:00:55 -0800] "POST /doLogin HTTP/1.1" 302 -
0:0:0:0:0:0:0:1 - - [19/Dec/2020:16:00:55 -0800] "GET /loginSuccessful HTTP/1.1" 200 7855
0:0:0:0:0:0:0:1 - - [19/Dec/2020:16:01:02 -0800] "GET /studentPage HTTP/1.1" 302 -
0:0:0:0:0:0:0:1 - - [19/Dec/2020:16:01:02 -0800] "GET /successfullLoginPage.html HTTP/1.1" 404 306
0:0:0:0:0:0:0:1 - - [19/Dec/2020:16:01:32 -0800] "GET /successfullLoginPage.html HTTP/1.1" 302 -
0:0:0:0:0:0:0:1 - - [19/Dec/2020:16:01:32 -0800] "GET /login HTTP/1.1" 200 5962
0:0:0:0:0:0:0:1 - - [19/Dec/2020:16:01:32 -0800] "GET /css/main.css HTTP/1.1" 302 -
0:0:0:0:0:0:0:1 - - [19/Dec/2020:16:01:32 -0800] "GET /js/action.js HTTP/1.1" 200 -
0:0:0:0:0:0:0:1 - - [19/Dec/2020:16:01:32 -0800] "GET /login HTTP/1.1" 200 5962
0:0:0:0:0:0:0:1 - - [19/Dec/2020:16:01:35 -0800] "POST /doLogin HTTP/1.1" 302 -
0:0:0:0:0:0:0:1 - - [19/Dec/2020:16:01:35 -0800] "GET /loginSuccessful HTTP/1.1" 200 7855
0:0:0:0:0:0:0:1 - - [19/Dec/2020:16:01:37 -0800] "GET /studentPage HTTP/1.1" 200 940
0:0:0:0:0:0:0:1 - - [19/Dec/2020:16:01:37 -0800] "GET /css/main.css HTTP/1.1" 200 2929
0:0:0:0:0:0:0:1 - - [19/Dec/2020:16:01:37 -0800] "GET /js/action.js HTTP/1.1" 200 -
0:0:0:0:0:0:0:1 - - [19/Dec/2020:16:01:40 -0800] "GET /loginSuccessful HTTP/1.1" 200 7855
0:0:0:0:0:0:0:1 - - [19/Dec/2020:16:01:43 -0800] "GET /studentPage HTTP/1.1" 200 940
0:0:0:0:0:0:0:1 - - [19/Dec/2020:16:01:43 -0800] "GET /css/main.css HTTP/1.1" 200 2929
0:0:0:0:0:0:0:1 - - [19/Dec/2020:16:01:43 -0800] "GET /js/action.js HTTP/1.1" 200 -
0:0:0:0:0:0:0:1 - - [19/Dec/2020:16:01:45 -0800] "GET /loginSuccessful HTTP/1.1" 200 7855
0:0:0:0:0:0:0:1 - - [19/Dec/2020:16:01:46 -0800] "GET /studentPage HTTP/1.1" 200 940
0:0:0:0:0:0:0:1 - - [19/Dec/2020:16:01:46 -0800] "GET /css/main.css HTTP/1.1" 200 2929
0:0:0:0:0:0:0:1 - - [19/Dec/2020:16:01:46 -0800] "GET /js/action.js HTTP/1.1" 200 -
0:0:0:0:0:0:0:1 - - [19/Dec/2020:16:01:49 -0800] "GET /searchBook HTTP/1.1" 200 678
0:0:0:0:0:0:0:1 - - [19/Dec/2020:16:01:51 -0800] "GET /studentPage HTTP/1.1" 200 940
0:0:0:0:0:0:0:1 - - [19/Dec/2020:16:01:52 -0800] "GET /dropClasses HTTP/1.1" 302 -
0:0:0:0:0:0:0:1 - - [19/Dec/2020:16:01:52 -0800] "GET /loginSuccessful HTTP/1.1" 200 7921
0:0:0:0:0:0:0:1 - - [19/Dec/2020:16:03:29 -0800] "GET /loginSuccessful HTTP/1.1" 302 -
0:0:0:0:0:0:0:1 - - [19/Dec/2020:16:03:29 -0800] "GET /login HTTP/1.1" 200 5962
0:0:0:0:0:0:0:1 - - [19/Dec/2020:16:03:29 -0800] "GET /css/main.css HTTP/1.1" 302 -
0:0:0:0:0:0:0:1 - - [19/Dec/2020:16:03:29 -0800] "GET /js/action.js HTTP/1.1" 200 -
0:0:0:0:0:0:0:1 - - [19/Dec/2020:16:03:29 -0800] "GET /login HTTP/1.1" 200 5962
0:0:0:0:0:0:0:1 - - [19/Dec/2020:16:03:32 -0800] "POST /doLogin HTTP/1.1" 302 -
0:0:0:0:0:0:0:1 - - [19/Dec/2020:16:03:32 -0800] "GET /loginSuccessful HTTP/1.1" 200 7854
0:0:0:0:0:0:0:1 - - [19/Dec/2020:16:03:33 -0800] "GET /studentPage HTTP/1.1" 200 940
0:0:0:0:0:0:0:1 - - [19/Dec/2020:16:03:33 -0800] "GET /css/main.css HTTP/1.1" 200 2929
0:0:0:0:0:0:0:1 - - [19/Dec/2020:16:03:33 -0800] "GET /js/action.js HTTP/1.1" 200 -
0:0:0:0:0:0:0:1 - - [19/Dec/2020:16:03:35 -0800] "GET /dropClasses HTTP/1.1" 302 -
0:0:0:0:0:0:0:1 - - [19/Dec/2020:16:03:35 -0800] "GET /studentPage HTTP/1.1" 200 1004
0:0:0:0:0:0:0:1 - - [19/Dec/2020:16:03:35 -0800] "GET /js/action.js HTTP/1.1" 200 -
0:0:0:0:0:0:0:1 - - [19/Dec/2020:16:03:35 -0800] "GET /css/main.css HTTP/1.1" 200 2929
0:0:0:0:0:0:0:1 - - [19/Dec/2020:16:03:37 -0800] "GET /getAllRequiredBooks HTTP/1.1" 302 -
0:0:0:0:0:0:0:1 - - [19/Dec/2020:16:03:37 -0800] "GET /studentPage HTTP/1.1" 200 1009
0:0:0:0:0:0:0:1 - - [19/Dec/2020:16:03:37 -0800] "GET /js/action.js HTTP/1.1" 200 -
0:0:0:0:0:0:0:1 - - [19/Dec/2020:16:03:37 -0800] "GET /css/main.css HTTP/1.1" 200 2929
0:0:0:0:0:0:0:1 - - [19/Dec/2020:16:03:44 -0800] "GET /doLogout? HTTP/1.1" 302 -
0:0:0:0:0:0:0:1 - - [19/Dec/2020:16:03:44 -0800] "GET /login HTTP/1.1" 200 5962
0:0:0:0:0:0:0:1 - - [19/Dec/2020:16:03:44 -0800] "GET /css/main.css HTTP/1.1" 302 -
0:0:0:0:0:0:0:1 - - [19/Dec/2020:16:03:44 -0800] "GET /js/action.js HTTP/1.1" 200 -
0:0:0:0:0:0:0:1 - - [19/Dec/2020:16:03:44 -0800] "GET /login HTTP/1.1" 200 5962
0:0:0:0:0:0:0:1 - - [19/Dec/2020:16:03:48 -0800] "POST /doLogin HTTP/1.1" 302 -
0:0:0:0:0:0:0:1 - - [19/Dec/2020:16:03:48 -0800] "GET /loginSuccessful HTTP/1.1" 200 7854
0:0:0:0:0:0:0:1 - - [19/Dec/2020:16:04:04 -0800] "GET /studentPage HTTP/1.1" 200 940
0:0:0:0:0:0:0:1 - - [19/Dec/2020:16:04:04 -0800] "GET /js/action.js HTTP/1.1" 200 -
0:0:0:0:0:0:0:1 - - [19/Dec/2020:16:04:04 -0800] "GET /css/main.css HTTP/1.1" 200 2929
0:0:0:0:0:0:0:1 - - [19/Dec/2020:16:04:05 -0800] "GET /searchBook HTTP/1.1" 200 678
0:0:0:0:0:0:0:1 - - [19/Dec/2020:16:04:09 -0800] "GET /searchBookByTitleOrAuthor?argument=Java HTTP/1.1" 200 2252
0:0:0:0:0:0:0:1 - - [19/Dec/2020:16:04:09 -0800] "GET /css/main.css HTTP/1.1" 200 2929
0:0:0:0:0:0:0:1 - - [19/Dec/2020:16:04:09 -0800] "GET /js/action.js HTTP/1.1" 200 -
0:0:0:0:0:0:0:1 - - [19/Dec/2020:16:04:11 -0800] "GET /moreDetails?bookItem=1 HTTP/1.1" 200 2423
0:0:0:0:0:0:0:1 - - [19/Dec/2020:16:04:11 -0800] "GET /css/main.css HTTP/1.1" 200 2929
0:0:0:0:0:0:0:1 - - [19/Dec/2020:16:04:11 -0800] "GET /js/action.js HTTP/1.1" 200 -
0:0:0:0:0:0:0:1 - - [19/Dec/2020:16:14:04 -0800] "GET /login HTTP/1.1" 200 5962
0:0:0:0:0:0:0:1 - - [19/Dec/2020:16:14:04 -0800] "GET /css/main.css HTTP/1.1" 302 -
0:0:0:0:0:0:0:1 - - [19/Dec/2020:16:14:04 -0800] "GET /js/action.js HTTP/1.1" 200 -
0:0:0:0:0:0:0:1 - - [19/Dec/2020:16:14:04 -0800] "GET /login HTTP/1.1" 200 5962
0:0:0:0:0:0:0:1 - - [19/Dec/2020:16:14:08 -0800] "POST /doLogin HTTP/1.1" 302 -
0:0:0:0:0:0:0:1 - - [19/Dec/2020:16:14:08 -0800] "GET /loginSuccessful HTTP/1.1" 200 7854
0:0:0:0:0:0:0:1 - - [19/Dec/2020:16:14:10 -0800] "GET /studentPage HTTP/1.1" 200 940
0:0:0:0:0:0:0:1 - - [19/Dec/2020:16:14:10 -0800] "GET /js/action.js HTTP/1.1" 200 -
0:0:0:0:0:0:0:1 - - [19/Dec/2020:16:14:10 -0800] "GET /css/main.css HTTP/1.1" 200 2929
0:0:0:0:0:0:0:1 - - [19/Dec/2020:16:14:12 -0800] "GET /loginSuccessful HTTP/1.1" 200 7854
0:0:0:0:0:0:0:1 - - [19/Dec/2020:16:14:37 -0800] "GET /login HTTP/1.1" 200 5962
0:0:0:0:0:0:0:1 - - [19/Dec/2020:16:14:37 -0800] "GET /css/main.css HTTP/1.1" 302 -
0:0:0:0:0:0:0:1 - - [19/Dec/2020:16:14:37 -0800] "GET /js/action.js HTTP/1.1" 200 -
0:0:0:0:0:0:0:1 - - [19/Dec/2020:16:14:37 -0800] "GET /login HTTP/1.1" 200 5962
0:0:0:0:0:0:0:1 - - [19/Dec/2020:16:14:40 -0800] "POST /doLogin HTTP/1.1" 302 -
0:0:0:0:0:0:0:1 - - [19/Dec/2020:16:14:40 -0800] "GET /loginFailed HTTP/1.1" 302 -
0:0:0:0:0:0:0:1 - - [19/Dec/2020:16:14:40 -0800] "GET /login HTTP/1.1" 200 6031
0:0:0:0:0:0:0:1 - - [19/Dec/2020:16:14:41 -0800] "GET /css/main.css HTTP/1.1" 302 -
0:0:0:0:0:0:0:1 - - [19/Dec/2020:16:14:41 -0800] "GET /js/action.js HTTP/1.1" 200 -
0:0:0:0:0:0:0:1 - - [19/Dec/2020:16:14:41 -0800] "GET /login HTTP/1.1" 200 5962
0:0:0:0:0:0:0:1 - - [19/Dec/2020:16:14:44 -0800] "POST /doLogin HTTP/1.1" 302 -
0:0:0:0:0:0:0:1 - - [19/Dec/2020:16:14:44 -0800] "GET /loginSuccessful HTTP/1.1" 200 7811
0:0:0:0:0:0:0:1 - - [19/Dec/2020:16:14:48 -0800] "GET /loginSuccessful HTTP/1.1" 200 7811
0:0:0:0:0:0:0:1 - - [19/Dec/2020:16:14:49 -0800] "GET /studentPage HTTP/1.1" 200 940
0:0:0:0:0:0:0:1 - - [19/Dec/2020:16:14:49 -0800] "GET /js/action.js HTTP/1.1" 200 -
0:0:0:0:0:0:0:1 - - [19/Dec/2020:16:14:49 -0800] "GET /css/main.css HTTP/1.1" 200 2929
0:0:0:0:0:0:0:1 - - [19/Dec/2020:16:15:59 -0800] "GET /loginSuccessful HTTP/1.1" 200 7811
0:0:0:0:0:0:0:1 - - [19/Dec/2020:16:19:41 -0800] "GET /loginSuccessful HTTP/1.1" 200 7812
0:0:0:0:0:0:0:1 - - [19/Dec/2020:16:19:44 -0800] "GET /loginSuccessful HTTP/1.1" 200 7812
0:0:0:0:0:0:0:1 - - [19/Dec/2020:16:22:04 -0800] "GET /loginSuccessful HTTP/1.1" 200 7812
0:0:0:0:0:0:0:1 - - [19/Dec/2020:16:22:07 -0800] "GET /studentPage HTTP/1.1" 200 940
0:0:0:0:0:0:0:1 - - [19/Dec/2020:16:22:07 -0800] "GET /css/main.css HTTP/1.1" 200 2929
0:0:0:0:0:0:0:1 - - [19/Dec/2020:16:22:07 -0800] "GET /js/action.js HTTP/1.1" 200 -
0:0:0:0:0:0:0:1 - - [19/Dec/2020:16:23:06 -0800] "GET /loginSuccessful HTTP/1.1" 200 7812
0:0:0:0:0:0:0:1 - - [19/Dec/2020:16:24:43 -0800] "GET /studentPage HTTP/1.1" 200 940
0:0:0:0:0:0:0:1 - - [19/Dec/2020:16:24:43 -0800] "GET /js/action.js HTTP/1.1" 200 -
0:0:0:0:0:0:0:1 - - [19/Dec/2020:16:24:43 -0800] "GET /css/main.css HTTP/1.1" 200 2929
0:0:0:0:0:0:0:1 - - [19/Dec/2020:16:24:45 -0800] "GET /searchBook HTTP/1.1" 200 678
0:0:0:0:0:0:0:1 - - [19/Dec/2020:16:24:47 -0800] "GET /studentPage HTTP/1.1" 200 940
0:0:0:0:0:0:0:1 - - [19/Dec/2020:16:26:41 -0800] "GET /loginSuccessful HTTP/1.1" 200 7812
0:0:0:0:0:0:0:1 - - [19/Dec/2020:16:26:43 -0800] "GET /studentPage HTTP/1.1" 200 940
0:0:0:0:0:0:0:1 - - [19/Dec/2020:16:26:43 -0800] "GET /js/action.js HTTP/1.1" 200 -
0:0:0:0:0:0:0:1 - - [19/Dec/2020:16:26:43 -0800] "GET /css/main.css HTTP/1.1" 200 2929
0:0:0:0:0:0:0:1 - - [19/Dec/2020:16:26:59 -0800] "GET /loginSuccessful HTTP/1.1" 200 7812
0:0:0:0:0:0:0:1 - - [19/Dec/2020:16:29:13 -0800] "GET /studentPage HTTP/1.1" 200 940
0:0:0:0:0:0:0:1 - - [19/Dec/2020:16:29:13 -0800] "GET /js/action.js HTTP/1.1" 200 -
0:0:0:0:0:0:0:1 - - [19/Dec/2020:16:29:13 -0800] "GET /css/main.css HTTP/1.1" 200 2929
0:0:0:0:0:0:0:1 - - [19/Dec/2020:16:32:10 -0800] "GET /loginSuccessful HTTP/1.1" 200 7812
0:0:0:0:0:0:0:1 - - [19/Dec/2020:16:32:18 -0800] "GET /studentPage HTTP/1.1" 200 940
0:0:0:0:0:0:0:1 - - [19/Dec/2020:16:32:18 -0800] "GET /css/main.css HTTP/1.1" 200 2929
0:0:0:0:0:0:0:1 - - [19/Dec/2020:16:32:18 -0800] "GET /js/action.js HTTP/1.1" 200 -
0:0:0:0:0:0:0:1 - - [19/Dec/2020:16:32:26 -0800] "GET /searchCourses HTTP/1.1" 200 1001
0:0:0:0:0:0:0:1 - - [19/Dec/2020:16:32:26 -0800] "GET /css/main.css HTTP/1.1" 200 2929
0:0:0:0:0:0:0:1 - - [19/Dec/2020:16:32:26 -0800] "GET /js/action.js HTTP/1.1" 200 -
0:0:0:0:0:0:0:1 - - [19/Dec/2020:16:32:35 -0800] "GET /searchCoursesBySubject?subject=Computer_Science HTTP/1.1" 200 3627
0:0:0:0:0:0:0:1 - - [19/Dec/2020:16:32:35 -0800] "GET /js/action.js HTTP/1.1" 200 -
0:0:0:0:0:0:0:1 - - [19/Dec/2020:16:32:35 -0800] "GET /css/main.css HTTP/1.1" 200 2929
0:0:0:0:0:0:0:1 - - [19/Dec/2020:16:32:59 -0800] "GET /loginSuccessful HTTP/1.1" 200 7812
0:0:0:0:0:0:0:1 - - [19/Dec/2020:16:33:09 -0800] "GET /loginSuccessful HTTP/1.1" 200 7812
0:0:0:0:0:0:0:1 - - [19/Dec/2020:16:33:28 -0800] "GET /searchCoursesBySubject?subject=Computer_Science HTTP/1.1" 200 3627
0:0:0:0:0:0:0:1 - - [19/Dec/2020:16:33:28 -0800] "GET /css/main.css HTTP/1.1" 200 2929
0:0:0:0:0:0:0:1 - - [19/Dec/2020:16:33:28 -0800] "GET /js/action.js HTTP/1.1" 200 -
0:0:0:0:0:0:0:1 - - [19/Dec/2020:16:35:30 -0800] "GET /loginSuccessful HTTP/1.1" 200 7812
0:0:0:0:0:0:0:1 - - [19/Dec/2020:16:45:22 -0800] "GET /studentPage HTTP/1.1" 200 940
0:0:0:0:0:0:0:1 - - [19/Dec/2020:16:45:22 -0800] "GET /css/main.css HTTP/1.1" 200 2929
0:0:0:0:0:0:0:1 - - [19/Dec/2020:16:45:22 -0800] "GET /js/action.js HTTP/1.1" 200 -
0:0:0:0:0:0:0:1 - - [19/Dec/2020:16:45:25 -0800] "GET /searchCourses HTTP/1.1" 200 1001
0:0:0:0:0:0:0:1 - - [19/Dec/2020:16:45:25 -0800] "GET /css/main.css HTTP/1.1" 200 2929
0:0:0:0:0:0:0:1 - - [19/Dec/2020:16:45:25 -0800] "GET /js/action.js HTTP/1.1" 200 -
0:0:0:0:0:0:0:1 - - [19/Dec/2020:16:45:26 -0800] "GET /searchCoursesBySubject?subject=Computer_Science HTTP/1.1" 200 3627
0:0:0:0:0:0:0:1 - - [19/Dec/2020:16:45:26 -0800] "GET /css/main.css HTTP/1.1" 200 2929
0:0:0:0:0:0:0:1 - - [19/Dec/2020:16:45:26 -0800] "GET /js/action.js HTTP/1.1" 200 -
0:0:0:0:0:0:0:1 - - [19/Dec/2020:16:50:28 -0800] "GET /loginSuccessful HTTP/1.1" 200 7812
0:0:0:0:0:0:0:1 - - [19/Dec/2020:16:52:06 -0800] "GET /loginSuccessful HTTP/1.1" 200 7839
0:0:0:0:0:0:0:1 - - [19/Dec/2020:16:52:20 -0800] "GET /loginSuccessful HTTP/1.1" 200 7853
0:0:0:0:0:0:0:1 - - [19/Dec/2020:16:52:43 -0800] "GET /loginSuccessful HTTP/1.1" 200 7848
0:0:0:0:0:0:0:1 - - [19/Dec/2020:16:52:45 -0800] "GET /studentPage HTTP/1.1" 200 940
0:0:0:0:0:0:0:1 - - [19/Dec/2020:16:52:45 -0800] "GET /js/action.js HTTP/1.1" 200 -
0:0:0:0:0:0:0:1 - - [19/Dec/2020:16:52:45 -0800] "GET /css/main.css HTTP/1.1" 200 2929
0:0:0:0:0:0:0:1 - - [19/Dec/2020:16:52:47 -0800] "GET /loginSuccessful HTTP/1.1" 200 7848
0:0:0:0:0:0:0:1 - - [19/Dec/2020:18:57:25 -0800] "GET /login HTTP/1.1" 200 5962
0:0:0:0:0:0:0:1 - - [19/Dec/2020:18:57:25 -0800] "GET /css/main.css HTTP/1.1" 302 -
0:0:0:0:0:0:0:1 - - [19/Dec/2020:18:57:25 -0800] "GET /js/action.js HTTP/1.1" 200 -
0:0:0:0:0:0:0:1 - - [19/Dec/2020:18:57:25 -0800] "GET /login HTTP/1.1" 200 5962
0:0:0:0:0:0:0:1 - - [19/Dec/2020:18:57:29 -0800] "POST /doLogin HTTP/1.1" 302 -
0:0:0:0:0:0:0:1 - - [19/Dec/2020:18:57:29 -0800] "GET /loginSuccessful HTTP/1.1" 200 7848
0:0:0:0:0:0:0:1 - - [19/Dec/2020:18:57:35 -0800] "GET /studentPage HTTP/1.1" 200 940
0:0:0:0:0:0:0:1 - - [19/Dec/2020:18:57:35 -0800] "GET /js/action.js HTTP/1.1" 200 -
0:0:0:0:0:0:0:1 - - [19/Dec/2020:18:57:35 -0800] "GET /css/main.css HTTP/1.1" 200 2929
0:0:0:0:0:0:0:1 - - [19/Dec/2020:19:32:05 -0800] "GET /login HTTP/1.1" 200 5962
0:0:0:0:0:0:0:1 - - [19/Dec/2020:19:32:05 -0800] "GET /css/main.css HTTP/1.1" 302 -
0:0:0:0:0:0:0:1 - - [19/Dec/2020:19:32:05 -0800] "GET /js/action.js HTTP/1.1" 200 -
0:0:0:0:0:0:0:1 - - [19/Dec/2020:19:32:05 -0800] "GET /login HTTP/1.1" 200 5962
0:0:0:0:0:0:0:1 - - [19/Dec/2020:19:32:09 -0800] "POST /doLogin HTTP/1.1" 302 -
0:0:0:0:0:0:0:1 - - [19/Dec/2020:19:32:09 -0800] "GET /loginSuccessful HTTP/1.1" 200 7848
