0:0:0:0:0:0:0:1 - - [14/Oct/2020:03:01:12 -0700] "GET /login HTTP/1.1" 200 1655
0:0:0:0:0:0:0:1 - - [14/Oct/2020:03:01:12 -0700] "GET /login HTTP/1.1" 200 1655
0:0:0:0:0:0:0:1 - - [14/Oct/2020:03:02:09 -0700] "GET /signup HTTP/1.1" 200 4862
0:0:0:0:0:0:0:1 - - [14/Oct/2020:03:02:09 -0700] "GET /js/pwstrength.js HTTP/1.1" 200 -
0:0:0:0:0:0:0:1 - - [14/Oct/2020:03:02:10 -0700] "GET /js/jquery-1.7.2.js HTTP/1.1" 200 293292
0:0:0:0:0:0:0:1 - - [14/Oct/2020:03:02:25 -0700] "POST /signup HTTP/1.1" 302 -
0:0:0:0:0:0:0:1 - - [14/Oct/2020:03:02:25 -0700] "GET /login HTTP/1.1" 200 1738
0:0:0:0:0:0:0:1 - - [14/Oct/2020:03:02:35 -0700] "GET /signup HTTP/1.1" 200 4862
0:0:0:0:0:0:0:1 - - [14/Oct/2020:03:02:35 -0700] "GET /js/pwstrength.js HTTP/1.1" 200 -
0:0:0:0:0:0:0:1 - - [14/Oct/2020:03:02:35 -0700] "GET /js/jquery-1.7.2.js HTTP/1.1" 200 293292
0:0:0:0:0:0:0:1 - - [14/Oct/2020:03:02:52 -0700] "POST /signup HTTP/1.1" 302 -
0:0:0:0:0:0:0:1 - - [14/Oct/2020:03:02:52 -0700] "GET /login HTTP/1.1" 200 1738
0:0:0:0:0:0:0:1 - - [14/Oct/2020:03:02:56 -0700] "GET /registrationConfirm?token=8cb7458f-b1ba-42b0-8556-1d8df193f7a4 HTTP/1.1" 302 -
0:0:0:0:0:0:0:1 - - [14/Oct/2020:03:02:56 -0700] "GET /login HTTP/1.1" 200 1728
0:0:0:0:0:0:0:1 - - [14/Oct/2020:03:03:18 -0700] "GET /registrationConfirm?token=b6152cac-7fe9-4887-84ae-9aedeb9ad172 HTTP/1.1" 302 -
0:0:0:0:0:0:0:1 - - [14/Oct/2020:03:03:18 -0700] "GET /login HTTP/1.1" 200 1728
0:0:0:0:0:0:0:1 - - [14/Oct/2020:06:53:04 -0700] "GET /login HTTP/1.1" 200 1655
0:0:0:0:0:0:0:1 - - [14/Oct/2020:06:53:04 -0700] "GET /login HTTP/1.1" 200 1655
0:0:0:0:0:0:0:1 - - [14/Oct/2020:06:53:05 -0700] "GET /signup HTTP/1.1" 200 4862
0:0:0:0:0:0:0:1 - - [14/Oct/2020:06:53:05 -0700] "GET /js/pwstrength.js HTTP/1.1" 200 -
0:0:0:0:0:0:0:1 - - [14/Oct/2020:06:53:05 -0700] "GET /js/jquery-1.7.2.js HTTP/1.1" 200 293292
0:0:0:0:0:0:0:1 - - [14/Oct/2020:06:53:16 -0700] "POST /signup HTTP/1.1" 302 -
0:0:0:0:0:0:0:1 - - [14/Oct/2020:06:53:16 -0700] "GET /login HTTP/1.1" 200 1738
0:0:0:0:0:0:0:1 - - [14/Oct/2020:06:53:22 -0700] "GET /registrationConfirm?token=03c6927f-35cc-4620-a517-d26289b62266 HTTP/1.1" 302 -
0:0:0:0:0:0:0:1 - - [14/Oct/2020:06:53:22 -0700] "GET /login HTTP/1.1" 200 1728
0:0:0:0:0:0:0:1 - - [14/Oct/2020:06:53:27 -0700] "GET /signup HTTP/1.1" 200 4862
0:0:0:0:0:0:0:1 - - [14/Oct/2020:06:53:27 -0700] "GET /js/pwstrength.js HTTP/1.1" 200 -
0:0:0:0:0:0:0:1 - - [14/Oct/2020:06:53:27 -0700] "GET /js/jquery-1.7.2.js HTTP/1.1" 200 293292
0:0:0:0:0:0:0:1 - - [14/Oct/2020:06:53:39 -0700] "POST /signup HTTP/1.1" 302 -
0:0:0:0:0:0:0:1 - - [14/Oct/2020:06:53:39 -0700] "GET /login HTTP/1.1" 200 1738
0:0:0:0:0:0:0:1 - - [14/Oct/2020:06:53:42 -0700] "GET /registrationConfirm?token=b6152cac-7fe9-4887-84ae-9aedeb9ad172 HTTP/1.1" 302 -
0:0:0:0:0:0:0:1 - - [14/Oct/2020:06:53:42 -0700] "GET /login HTTP/1.1" 200 1728
0:0:0:0:0:0:0:1 - - [14/Oct/2020:06:53:45 -0700] "GET /registrationConfirm?token=b6152cac-7fe9-4887-84ae-9aedeb9ad172 HTTP/1.1" 302 -
0:0:0:0:0:0:0:1 - - [14/Oct/2020:06:53:45 -0700] "GET /login HTTP/1.1" 200 1728
0:0:0:0:0:0:0:1 - - [14/Oct/2020:06:53:51 -0700] "GET /registrationConfirm?token=ac7ffcdd-5804-4324-9c11-2a8a8634d8ec HTTP/1.1" 302 -
0:0:0:0:0:0:0:1 - - [14/Oct/2020:06:53:51 -0700] "GET /login HTTP/1.1" 200 1728
0:0:0:0:0:0:0:1 - - [14/Oct/2020:15:33:48 -0700] "GET /login HTTP/1.1" 200 1655
0:0:0:0:0:0:0:1 - - [14/Oct/2020:15:33:49 -0700] "GET /login HTTP/1.1" 200 1655
0:0:0:0:0:0:0:1 - - [14/Oct/2020:15:33:54 -0700] "POST /doLogin HTTP/1.1" 302 -
0:0:0:0:0:0:0:1 - - [14/Oct/2020:15:33:54 -0700] "GET /loginSuccessful HTTP/1.1" 200 645
0:0:0:0:0:0:0:1 - - [14/Oct/2020:15:33:55 -0700] "GET /searchCourses HTTP/1.1" 200 547
0:0:0:0:0:0:0:1 - - [14/Oct/2020:15:33:56 -0700] "GET /searchCoursesByTitle?title=COMSC-75 HTTP/1.1" 500 13693
0:0:0:0:0:0:0:1 - - [14/Oct/2020:15:50:17 -0700] "GET /login HTTP/1.1" 200 1655
0:0:0:0:0:0:0:1 - - [14/Oct/2020:15:50:17 -0700] "GET /login HTTP/1.1" 200 1655
0:0:0:0:0:0:0:1 - - [14/Oct/2020:15:50:22 -0700] "POST /doLogin HTTP/1.1" 302 -
0:0:0:0:0:0:0:1 - - [14/Oct/2020:15:50:22 -0700] "GET /loginSuccessful HTTP/1.1" 200 645
0:0:0:0:0:0:0:1 - - [14/Oct/2020:15:50:24 -0700] "GET /searchCourses HTTP/1.1" 200 547
0:0:0:0:0:0:0:1 - - [14/Oct/2020:15:50:25 -0700] "GET /searchCoursesByTitle?title=COMSC-75 HTTP/1.1" 500 13693
0:0:0:0:0:0:0:1 - - [14/Oct/2020:15:50:37 -0700] "GET /login HTTP/1.1" 200 1655
0:0:0:0:0:0:0:1 - - [14/Oct/2020:15:50:41 -0700] "POST /doLogin HTTP/1.1" 302 -
0:0:0:0:0:0:0:1 - - [14/Oct/2020:15:50:41 -0700] "GET /loginSuccessful HTTP/1.1" 200 645
0:0:0:0:0:0:0:1 - - [14/Oct/2020:15:50:42 -0700] "GET /searchCourses HTTP/1.1" 200 547
0:0:0:0:0:0:0:1 - - [14/Oct/2020:15:50:44 -0700] "GET /searchCoursesByTitle?title=COMSC-75 HTTP/1.1" 200 884
0:0:0:0:0:0:0:1 - - [14/Oct/2020:16:07:04 -0700] "GET /login HTTP/1.1" 200 1655
0:0:0:0:0:0:0:1 - - [14/Oct/2020:16:07:04 -0700] "GET /login HTTP/1.1" 200 1655
0:0:0:0:0:0:0:1 - - [14/Oct/2020:16:07:08 -0700] "POST /doLogin HTTP/1.1" 302 -
0:0:0:0:0:0:0:1 - - [14/Oct/2020:16:07:08 -0700] "GET /loginSuccessful HTTP/1.1" 200 645
0:0:0:0:0:0:0:1 - - [14/Oct/2020:16:07:09 -0700] "GET /searchCourses HTTP/1.1" 200 547
0:0:0:0:0:0:0:1 - - [14/Oct/2020:16:07:10 -0700] "GET /searchCoursesByTitle?title=COMSC-75 HTTP/1.1" 200 1054
0:0:0:0:0:0:0:1 - - [14/Oct/2020:17:45:04 -0700] "GET /login HTTP/1.1" 200 1655
0:0:0:0:0:0:0:1 - - [14/Oct/2020:17:45:04 -0700] "GET /login HTTP/1.1" 200 1655
0:0:0:0:0:0:0:1 - - [14/Oct/2020:17:45:16 -0700] "POST /doLogin HTTP/1.1" 302 -
0:0:0:0:0:0:0:1 - - [14/Oct/2020:17:45:16 -0700] "GET /loginSuccessful HTTP/1.1" 200 645
0:0:0:0:0:0:0:1 - - [14/Oct/2020:17:45:17 -0700] "GET /searchCourses HTTP/1.1" 200 547
0:0:0:0:0:0:0:1 - - [14/Oct/2020:17:45:17 -0700] "GET /searchCoursesByTitle?title=COMSC-75 HTTP/1.1" 200 884
0:0:0:0:0:0:0:1 - - [14/Oct/2020:17:48:56 -0700] "GET /searchCoursesByTitle?title=COMSC-75 HTTP/1.1" 500 9996
0:0:0:0:0:0:0:1 - - [14/Oct/2020:17:48:59 -0700] "GET /login HTTP/1.1" 200 1655
0:0:0:0:0:0:0:1 - - [14/Oct/2020:17:49:03 -0700] "POST /doLogin HTTP/1.1" 302 -
0:0:0:0:0:0:0:1 - - [14/Oct/2020:17:49:03 -0700] "GET /loginSuccessful HTTP/1.1" 200 645
0:0:0:0:0:0:0:1 - - [14/Oct/2020:17:49:08 -0700] "GET /searchCourses HTTP/1.1" 200 547
0:0:0:0:0:0:0:1 - - [14/Oct/2020:17:49:09 -0700] "GET /searchCoursesByTitle?title=COMSC-75 HTTP/1.1" 500 9996
0:0:0:0:0:0:0:1 - - [14/Oct/2020:17:54:20 -0700] "GET /login HTTP/1.1" 200 1655
0:0:0:0:0:0:0:1 - - [14/Oct/2020:17:54:21 -0700] "GET /login HTTP/1.1" 200 1655
0:0:0:0:0:0:0:1 - - [14/Oct/2020:17:54:26 -0700] "POST /doLogin HTTP/1.1" 302 -
0:0:0:0:0:0:0:1 - - [14/Oct/2020:17:54:26 -0700] "GET /loginSuccessful HTTP/1.1" 200 645
0:0:0:0:0:0:0:1 - - [14/Oct/2020:17:54:27 -0700] "GET /searchCourses HTTP/1.1" 200 547
0:0:0:0:0:0:0:1 - - [14/Oct/2020:17:54:29 -0700] "GET /searchCoursesByTitle?title=COMSC-75 HTTP/1.1" 200 901
0:0:0:0:0:0:0:1 - - [14/Oct/2020:17:55:31 -0700] "GET /login HTTP/1.1" 200 1655
0:0:0:0:0:0:0:1 - - [14/Oct/2020:17:55:36 -0700] "POST /doLogin HTTP/1.1" 302 -
0:0:0:0:0:0:0:1 - - [14/Oct/2020:17:55:36 -0700] "GET /loginSuccessful HTTP/1.1" 200 645
0:0:0:0:0:0:0:1 - - [14/Oct/2020:17:55:38 -0700] "GET /searchCourses HTTP/1.1" 200 547
0:0:0:0:0:0:0:1 - - [14/Oct/2020:17:55:39 -0700] "GET /searchCoursesByTitle?title=COMSC-75 HTTP/1.1" 500 13611
0:0:0:0:0:0:0:1 - - [14/Oct/2020:18:05:37 -0700] "GET /login HTTP/1.1" 200 1655
0:0:0:0:0:0:0:1 - - [14/Oct/2020:18:05:37 -0700] "GET /login HTTP/1.1" 200 1655
0:0:0:0:0:0:0:1 - - [14/Oct/2020:18:05:42 -0700] "POST /doLogin HTTP/1.1" 302 -
0:0:0:0:0:0:0:1 - - [14/Oct/2020:18:05:42 -0700] "GET /loginSuccessful HTTP/1.1" 200 645
0:0:0:0:0:0:0:1 - - [14/Oct/2020:18:05:43 -0700] "GET /searchCourses HTTP/1.1" 200 547
0:0:0:0:0:0:0:1 - - [14/Oct/2020:18:05:44 -0700] "GET /searchCoursesByTitle?title=COMSC-75 HTTP/1.1" 200 6254
0:0:0:0:0:0:0:1 - - [14/Oct/2020:19:10:19 -0700] "GET /login HTTP/1.1" 200 1655
0:0:0:0:0:0:0:1 - - [14/Oct/2020:19:10:20 -0700] "GET /login HTTP/1.1" 200 1655
0:0:0:0:0:0:0:1 - - [14/Oct/2020:19:10:23 -0700] "POST /doLogin HTTP/1.1" 302 -
0:0:0:0:0:0:0:1 - - [14/Oct/2020:19:10:23 -0700] "GET /loginSuccessful HTTP/1.1" 200 645
0:0:0:0:0:0:0:1 - - [14/Oct/2020:19:10:24 -0700] "GET /searchCourses HTTP/1.1" 200 547
0:0:0:0:0:0:0:1 - - [14/Oct/2020:19:10:25 -0700] "GET /searchCoursesByTitle?title=COMSC-75 HTTP/1.1" 200 6254
0:0:0:0:0:0:0:1 - - [14/Oct/2020:19:32:49 -0700] "GET /searchCoursesByTitle?title=COMSC-75 HTTP/1.1" 500 13731
0:0:0:0:0:0:0:1 - - [14/Oct/2020:19:32:50 -0700] "GET /login HTTP/1.1" 200 1655
0:0:0:0:0:0:0:1 - - [14/Oct/2020:19:32:51 -0700] "GET /login HTTP/1.1" 200 1655
0:0:0:0:0:0:0:1 - - [14/Oct/2020:19:32:54 -0700] "POST /doLogin HTTP/1.1" 302 -
0:0:0:0:0:0:0:1 - - [14/Oct/2020:19:32:54 -0700] "GET /loginSuccessful HTTP/1.1" 200 645
0:0:0:0:0:0:0:1 - - [14/Oct/2020:19:32:56 -0700] "GET /searchCourses HTTP/1.1" 200 547
0:0:0:0:0:0:0:1 - - [14/Oct/2020:19:32:56 -0700] "GET /searchCoursesByTitle?title=COMSC-75 HTTP/1.1" 500 13731
0:0:0:0:0:0:0:1 - - [14/Oct/2020:19:34:58 -0700] "GET /login HTTP/1.1" 200 1655
0:0:0:0:0:0:0:1 - - [14/Oct/2020:19:35:01 -0700] "POST /doLogin HTTP/1.1" 302 -
0:0:0:0:0:0:0:1 - - [14/Oct/2020:19:35:01 -0700] "GET /loginSuccessful HTTP/1.1" 200 645
0:0:0:0:0:0:0:1 - - [14/Oct/2020:19:35:02 -0700] "GET /searchCourses HTTP/1.1" 200 547
0:0:0:0:0:0:0:1 - - [14/Oct/2020:19:35:03 -0700] "GET /searchCoursesByTitle?title=COMSC-75 HTTP/1.1" 500 13732
0:0:0:0:0:0:0:1 - - [14/Oct/2020:19:36:09 -0700] "GET /login HTTP/1.1" 200 1655
0:0:0:0:0:0:0:1 - - [14/Oct/2020:19:36:13 -0700] "POST /doLogin HTTP/1.1" 302 -
0:0:0:0:0:0:0:1 - - [14/Oct/2020:19:36:13 -0700] "GET /loginSuccessful HTTP/1.1" 200 645
0:0:0:0:0:0:0:1 - - [14/Oct/2020:19:36:13 -0700] "GET /searchCourses HTTP/1.1" 200 547
0:0:0:0:0:0:0:1 - - [14/Oct/2020:19:36:14 -0700] "GET /searchCoursesByTitle?title=COMSC-75 HTTP/1.1" 500 13731
0:0:0:0:0:0:0:1 - - [14/Oct/2020:19:44:17 -0700] "GET /searchCoursesByTitle?title=COMSC-75 HTTP/1.1" 200 2116
0:0:0:0:0:0:0:1 - - [14/Oct/2020:19:44:31 -0700] "GET /login HTTP/1.1" 200 1655
0:0:0:0:0:0:0:1 - - [14/Oct/2020:19:44:31 -0700] "GET /login HTTP/1.1" 200 1655
0:0:0:0:0:0:0:1 - - [14/Oct/2020:19:44:35 -0700] "POST /doLogin HTTP/1.1" 302 -
0:0:0:0:0:0:0:1 - - [14/Oct/2020:19:44:35 -0700] "GET /loginSuccessful HTTP/1.1" 200 645
0:0:0:0:0:0:0:1 - - [14/Oct/2020:19:44:36 -0700] "GET /searchCourses HTTP/1.1" 200 547
0:0:0:0:0:0:0:1 - - [14/Oct/2020:19:44:36 -0700] "GET /searchCoursesByTitle?title=COMSC-75 HTTP/1.1" 200 2112
0:0:0:0:0:0:0:1 - - [14/Oct/2020:19:58:03 -0700] "GET /login HTTP/1.1" 200 1655
0:0:0:0:0:0:0:1 - - [14/Oct/2020:19:58:03 -0700] "GET /login HTTP/1.1" 200 1655
0:0:0:0:0:0:0:1 - - [14/Oct/2020:19:58:07 -0700] "POST /doLogin HTTP/1.1" 302 -
0:0:0:0:0:0:0:1 - - [14/Oct/2020:19:58:07 -0700] "GET /loginSuccessful HTTP/1.1" 200 645
0:0:0:0:0:0:0:1 - - [14/Oct/2020:19:58:08 -0700] "GET /searchCourses HTTP/1.1" 200 547
0:0:0:0:0:0:0:1 - - [14/Oct/2020:19:58:09 -0700] "GET /searchCoursesByTitle?title=COMSC-75 HTTP/1.1" 500 13744
0:0:0:0:0:0:0:1 - - [14/Oct/2020:20:30:04 -0700] "GET /login HTTP/1.1" 200 1655
0:0:0:0:0:0:0:1 - - [14/Oct/2020:20:30:05 -0700] "GET /login HTTP/1.1" 200 1655
0:0:0:0:0:0:0:1 - - [14/Oct/2020:20:30:08 -0700] "POST /doLogin HTTP/1.1" 302 -
0:0:0:0:0:0:0:1 - - [14/Oct/2020:20:30:08 -0700] "GET /loginSuccessful HTTP/1.1" 200 645
0:0:0:0:0:0:0:1 - - [14/Oct/2020:20:30:09 -0700] "GET /searchCourses HTTP/1.1" 200 547
0:0:0:0:0:0:0:1 - - [14/Oct/2020:20:30:10 -0700] "GET /searchCoursesByTitle?title=COMSC-75 HTTP/1.1" 200 2112
0:0:0:0:0:0:0:1 - - [14/Oct/2020:20:31:55 -0700] "GET /searchCoursesByTitle?title=COMSC-75 HTTP/1.1" 200 2384
0:0:0:0:0:0:0:1 - - [14/Oct/2020:20:32:04 -0700] "GET /login HTTP/1.1" 200 1655
0:0:0:0:0:0:0:1 - - [14/Oct/2020:20:32:10 -0700] "POST /doLogin HTTP/1.1" 302 -
0:0:0:0:0:0:0:1 - - [14/Oct/2020:20:32:10 -0700] "GET /loginSuccessful HTTP/1.1" 200 645
0:0:0:0:0:0:0:1 - - [14/Oct/2020:20:32:11 -0700] "GET /searchCourses HTTP/1.1" 200 547
0:0:0:0:0:0:0:1 - - [14/Oct/2020:20:32:11 -0700] "GET /searchCoursesByTitle?title=COMSC-75 HTTP/1.1" 200 2380
0:0:0:0:0:0:0:1 - - [14/Oct/2020:23:32:14 -0700] "GET /login HTTP/1.1" 200 1655
0:0:0:0:0:0:0:1 - - [14/Oct/2020:23:32:14 -0700] "GET /login HTTP/1.1" 200 1655
0:0:0:0:0:0:0:1 - - [14/Oct/2020:23:32:18 -0700] "POST /doLogin HTTP/1.1" 302 -
0:0:0:0:0:0:0:1 - - [14/Oct/2020:23:32:18 -0700] "GET /loginSuccessful HTTP/1.1" 200 645
0:0:0:0:0:0:0:1 - - [14/Oct/2020:23:32:19 -0700] "GET /searchCourses HTTP/1.1" 200 547
0:0:0:0:0:0:0:1 - - [14/Oct/2020:23:32:20 -0700] "GET /searchCoursesByTitle?title=COMSC-75 HTTP/1.1" 200 2385
192.168.1.200 - - [14/Oct/2020:23:43:30 -0700] "GET / HTTP/1.1" 302 -
192.168.1.200 - - [14/Oct/2020:23:43:30 -0700] "GET /login HTTP/1.1" 200 1655
192.168.1.200 - - [14/Oct/2020:23:43:46 -0700] "GET /HNAP1/ HTTP/1.1" 302 -
