0:0:0:0:0:0:0:1 - - [21/Oct/2020:03:13:01 -0700] "GET /searchBookByTitleOrAuthor?argument=Java HTTP/1.1" 302 -
0:0:0:0:0:0:0:1 - - [21/Oct/2020:03:13:01 -0700] "GET /login HTTP/1.1" 200 1657
0:0:0:0:0:0:0:1 - - [21/Oct/2020:03:59:38 -0700] "GET /login HTTP/1.1" 200 1657
0:0:0:0:0:0:0:1 - - [21/Oct/2020:03:59:40 -0700] "POST /doLogin HTTP/1.1" 302 -
0:0:0:0:0:0:0:1 - - [21/Oct/2020:03:59:40 -0700] "GET /loginSuccessful HTTP/1.1" 200 650
0:0:0:0:0:0:0:1 - - [21/Oct/2020:03:59:41 -0700] "GET /searchCourses HTTP/1.1" 200 547
0:0:0:0:0:0:0:1 - - [21/Oct/2020:03:59:42 -0700] "GET /searchCoursesByTitle?title=COMSC-75 HTTP/1.1" 200 1621
0:0:0:0:0:0:0:1 - - [21/Oct/2020:03:59:45 -0700] "GET /registerForClassess?regIdClasses=10101 HTTP/1.1" 302 -
0:0:0:0:0:0:0:1 - - [21/Oct/2020:03:59:45 -0700] "GET /loginSuccessful HTTP/1.1" 200 650
0:0:0:0:0:0:0:1 - - [21/Oct/2020:04:02:48 -0700] "GET /login HTTP/1.1" 200 1657
0:0:0:0:0:0:0:1 - - [21/Oct/2020:04:02:49 -0700] "GET /login HTTP/1.1" 200 1657
0:0:0:0:0:0:0:1 - - [21/Oct/2020:04:02:52 -0700] "POST /doLogin HTTP/1.1" 302 -
0:0:0:0:0:0:0:1 - - [21/Oct/2020:04:02:52 -0700] "GET /loginSuccessful HTTP/1.1" 200 650
0:0:0:0:0:0:0:1 - - [21/Oct/2020:04:02:53 -0700] "GET /searchCourses HTTP/1.1" 200 547
0:0:0:0:0:0:0:1 - - [21/Oct/2020:04:02:55 -0700] "GET /searchCoursesByTitle?title=COMSC-75 HTTP/1.1" 200 1621
0:0:0:0:0:0:0:1 - - [21/Oct/2020:04:02:56 -0700] "GET /registerForClassess?regIdClasses=10101 HTTP/1.1" 302 -
0:0:0:0:0:0:0:1 - - [21/Oct/2020:04:02:56 -0700] "GET /loginSuccessful HTTP/1.1" 200 650
0:0:0:0:0:0:0:1 - - [21/Oct/2020:04:07:34 -0700] "GET /login HTTP/1.1" 200 1657
0:0:0:0:0:0:0:1 - - [21/Oct/2020:04:07:37 -0700] "POST /doLogin HTTP/1.1" 302 -
0:0:0:0:0:0:0:1 - - [21/Oct/2020:04:07:37 -0700] "GET /loginSuccessful HTTP/1.1" 200 650
0:0:0:0:0:0:0:1 - - [21/Oct/2020:04:07:38 -0700] "GET /searchCourses HTTP/1.1" 200 547
0:0:0:0:0:0:0:1 - - [21/Oct/2020:04:07:39 -0700] "GET /searchCoursesByTitle?title=COMSC-75 HTTP/1.1" 200 1621
0:0:0:0:0:0:0:1 - - [21/Oct/2020:04:07:41 -0700] "GET /registerForClassess?regIdClasses=10101 HTTP/1.1" 302 -
0:0:0:0:0:0:0:1 - - [21/Oct/2020:04:07:41 -0700] "GET /loginSuccessful HTTP/1.1" 200 650
0:0:0:0:0:0:0:1 - - [21/Oct/2020:04:07:44 -0700] "GET /dropClasses HTTP/1.1" 200 1194
0:0:0:0:0:0:0:1 - - [21/Oct/2020:04:07:46 -0700] "POST /dropClasses HTTP/1.1" 302 -
0:0:0:0:0:0:0:1 - - [21/Oct/2020:04:07:46 -0700] "GET /loginSuccessful HTTP/1.1" 200 650
0:0:0:0:0:0:0:1 - - [21/Oct/2020:04:08:02 -0700] "GET /searchCourses HTTP/1.1" 200 547
0:0:0:0:0:0:0:1 - - [21/Oct/2020:04:08:03 -0700] "GET /searchCoursesByTitle?title=COMSC-75 HTTP/1.1" 200 1621
0:0:0:0:0:0:0:1 - - [21/Oct/2020:04:08:05 -0700] "GET /registerForClassess?regIdClasses=10101 HTTP/1.1" 302 -
0:0:0:0:0:0:0:1 - - [21/Oct/2020:04:08:05 -0700] "GET /loginSuccessful HTTP/1.1" 200 650
0:0:0:0:0:0:0:1 - - [21/Oct/2020:04:08:13 -0700] "GET /dropClasses HTTP/1.1" 200 1194
0:0:0:0:0:0:0:1 - - [21/Oct/2020:04:08:15 -0700] "POST /dropClasses HTTP/1.1" 302 -
0:0:0:0:0:0:0:1 - - [21/Oct/2020:04:08:15 -0700] "GET /loginSuccessful HTTP/1.1" 200 650
0:0:0:0:0:0:0:1 - - [21/Oct/2020:04:08:39 -0700] "GET /searchCourses HTTP/1.1" 200 547
0:0:0:0:0:0:0:1 - - [21/Oct/2020:04:08:41 -0700] "GET /searchCoursesByTitle?title=COMSC-75 HTTP/1.1" 200 1621
0:0:0:0:0:0:0:1 - - [21/Oct/2020:04:08:45 -0700] "GET /registerForClassess?regIdClasses=10101 HTTP/1.1" 302 -
0:0:0:0:0:0:0:1 - - [21/Oct/2020:04:08:45 -0700] "GET /loginSuccessful HTTP/1.1" 200 650
0:0:0:0:0:0:0:1 - - [21/Oct/2020:04:09:04 -0700] "GET /loginSuccessful HTTP/1.1" 200 650
0:0:0:0:0:0:0:1 - - [21/Oct/2020:04:09:06 -0700] "GET /login HTTP/1.1" 200 1657
0:0:0:0:0:0:0:1 - - [21/Oct/2020:04:09:06 -0700] "GET /login HTTP/1.1" 200 1657
0:0:0:0:0:0:0:1 - - [21/Oct/2020:04:09:11 -0700] "POST /doLogin HTTP/1.1" 302 -
0:0:0:0:0:0:0:1 - - [21/Oct/2020:04:09:11 -0700] "GET /loginSuccessful HTTP/1.1" 200 650
0:0:0:0:0:0:0:1 - - [21/Oct/2020:04:09:12 -0700] "GET /searchCourses HTTP/1.1" 200 547
0:0:0:0:0:0:0:1 - - [21/Oct/2020:04:09:13 -0700] "GET /searchCoursesByTitle?title=COMSC-75 HTTP/1.1" 200 1621
0:0:0:0:0:0:0:1 - - [21/Oct/2020:04:09:14 -0700] "GET /registerForClassess?regIdClasses=10101 HTTP/1.1" 302 -
0:0:0:0:0:0:0:1 - - [21/Oct/2020:04:09:14 -0700] "GET /loginSuccessful HTTP/1.1" 200 650
0:0:0:0:0:0:0:1 - - [21/Oct/2020:04:13:30 -0700] "GET /searchCourses HTTP/1.1" 200 547
0:0:0:0:0:0:0:1 - - [21/Oct/2020:04:13:31 -0700] "GET /searchCoursesByTitle?title=COMSC-75 HTTP/1.1" 200 1621
0:0:0:0:0:0:0:1 - - [21/Oct/2020:04:13:33 -0700] "GET /registerForClassess?regIdClasses=10101 HTTP/1.1" 302 -
0:0:0:0:0:0:0:1 - - [21/Oct/2020:04:13:33 -0700] "GET /loginSuccessful HTTP/1.1" 200 650
0:0:0:0:0:0:0:1 - - [21/Oct/2020:04:13:43 -0700] "GET /searchCourses HTTP/1.1" 200 547
0:0:0:0:0:0:0:1 - - [21/Oct/2020:04:13:44 -0700] "GET /searchCoursesByTitle?title=COMSC-75 HTTP/1.1" 200 1621
0:0:0:0:0:0:0:1 - - [21/Oct/2020:04:13:46 -0700] "GET /registerForClassess?regIdClasses=10101 HTTP/1.1" 302 -
0:0:0:0:0:0:0:1 - - [21/Oct/2020:04:13:46 -0700] "GET /loginSuccessful HTTP/1.1" 200 650
0:0:0:0:0:0:0:1 - - [21/Oct/2020:04:14:12 -0700] "GET /getAllRequiredBooks HTTP/1.1" 200 2003
0:0:0:0:0:0:0:1 - - [21/Oct/2020:04:14:14 -0700] "GET /moreDetails?bookItem=1 HTTP/1.1" 200 841
0:0:0:0:0:0:0:1 - - [21/Oct/2020:04:14:15 -0700] "GET /getAllRequiredBooks HTTP/1.1" 200 2003
0:0:0:0:0:0:0:1 - - [21/Oct/2020:04:14:16 -0700] "GET /moreDetails?bookItem=2 HTTP/1.1" 200 652
0:0:0:0:0:0:0:1 - - [21/Oct/2020:04:14:17 -0700] "GET /getAllRequiredBooks HTTP/1.1" 200 2003
0:0:0:0:0:0:0:1 - - [21/Oct/2020:04:14:27 -0700] "GET /moreDetails?bookItem=1 HTTP/1.1" 200 841
0:0:0:0:0:0:0:1 - - [21/Oct/2020:04:14:30 -0700] "GET /getAllRequiredBooks HTTP/1.1" 200 2003
0:0:0:0:0:0:0:1 - - [21/Oct/2020:04:14:37 -0700] "GET /moreDetails?bookItem=1 HTTP/1.1" 200 841
0:0:0:0:0:0:0:1 - - [21/Oct/2020:04:15:09 -0700] "GET /getAllRequiredBooks HTTP/1.1" 200 2003
0:0:0:0:0:0:0:1 - - [21/Oct/2020:04:15:10 -0700] "GET /loginSuccessful HTTP/1.1" 200 650
0:0:0:0:0:0:0:1 - - [21/Oct/2020:04:15:12 -0700] "GET /searchBook HTTP/1.1" 200 678
0:0:0:0:0:0:0:1 - - [21/Oct/2020:04:15:14 -0700] "GET /searchBookByTitleOrAuthor?argument=Java HTTP/1.1" 200 2003
0:0:0:0:0:0:0:1 - - [21/Oct/2020:04:15:15 -0700] "GET /searchBook HTTP/1.1" 200 678
0:0:0:0:0:0:0:1 - - [21/Oct/2020:04:15:16 -0700] "GET /loginSuccessful HTTP/1.1" 200 650
0:0:0:0:0:0:0:1 - - [21/Oct/2020:04:15:18 -0700] "GET /getAllRequiredBooks HTTP/1.1" 200 2003
0:0:0:0:0:0:0:1 - - [21/Oct/2020:04:15:21 -0700] "GET /loginSuccessful HTTP/1.1" 200 650
0:0:0:0:0:0:0:1 - - [21/Oct/2020:04:23:10 -0700] "GET /searchBook HTTP/1.1" 200 678
0:0:0:0:0:0:0:1 - - [21/Oct/2020:04:23:12 -0700] "GET /searchBookByTitleOrAuthor?argument=Java HTTP/1.1" 200 2003
0:0:0:0:0:0:0:1 - - [21/Oct/2020:04:23:15 -0700] "GET /moreDetails?bookItem=1 HTTP/1.1" 200 841
0:0:0:0:0:0:0:1 - - [21/Oct/2020:04:23:21 -0700] "GET /searchBookByTitleOrAuthor?argument=Java HTTP/1.1" 200 2003
0:0:0:0:0:0:0:1 - - [21/Oct/2020:14:45:31 -0700] "GET /moreDetails?bookItem=1 HTTP/1.1" 302 -
0:0:0:0:0:0:0:1 - - [21/Oct/2020:14:45:31 -0700] "GET /login HTTP/1.1" 200 1657
0:0:0:0:0:0:0:1 - - [21/Oct/2020:15:10:55 -0700] "POST /doLogin HTTP/1.1" 302 -
0:0:0:0:0:0:0:1 - - [21/Oct/2020:15:10:55 -0700] "GET /loginSuccessful HTTP/1.1" 200 650
0:0:0:0:0:0:0:1 - - [21/Oct/2020:15:10:57 -0700] "GET /searchBook HTTP/1.1" 200 678
0:0:0:0:0:0:0:1 - - [21/Oct/2020:15:29:43 -0700] "GET /login HTTP/1.1" 200 1657
0:0:0:0:0:0:0:1 - - [21/Oct/2020:15:29:43 -0700] "GET /login HTTP/1.1" 200 1657
0:0:0:0:0:0:0:1 - - [21/Oct/2020:15:29:46 -0700] "POST /doLogin HTTP/1.1" 302 -
0:0:0:0:0:0:0:1 - - [21/Oct/2020:15:29:46 -0700] "GET /loginSuccessful HTTP/1.1" 200 650
0:0:0:0:0:0:0:1 - - [21/Oct/2020:15:29:48 -0700] "GET /searchCourses HTTP/1.1" 200 547
0:0:0:0:0:0:0:1 - - [21/Oct/2020:15:29:50 -0700] "GET /searchCoursesByTitle?title=COMSC-75 HTTP/1.1" 200 1621
0:0:0:0:0:0:0:1 - - [21/Oct/2020:15:29:54 -0700] "GET /registerForClassess?regIdClasses=10101&regIdClasses=10102 HTTP/1.1" 302 -
0:0:0:0:0:0:0:1 - - [21/Oct/2020:15:29:54 -0700] "GET /loginSuccessful HTTP/1.1" 200 650
0:0:0:0:0:0:0:1 - - [21/Oct/2020:15:29:55 -0700] "GET /dropClasses HTTP/1.1" 200 1526
0:0:0:0:0:0:0:1 - - [21/Oct/2020:15:30:01 -0700] "POST /dropClasses HTTP/1.1" 302 -
0:0:0:0:0:0:0:1 - - [21/Oct/2020:15:30:01 -0700] "GET /loginSuccessful HTTP/1.1" 200 650
0:0:0:0:0:0:0:1 - - [21/Oct/2020:15:33:23 -0700] "GET /login HTTP/1.1" 200 1657
0:0:0:0:0:0:0:1 - - [21/Oct/2020:15:33:26 -0700] "POST /doLogin HTTP/1.1" 302 -
0:0:0:0:0:0:0:1 - - [21/Oct/2020:15:33:26 -0700] "GET /loginSuccessful HTTP/1.1" 200 650
0:0:0:0:0:0:0:1 - - [21/Oct/2020:15:33:28 -0700] "GET /searchCourses HTTP/1.1" 200 547
0:0:0:0:0:0:0:1 - - [21/Oct/2020:15:33:29 -0700] "GET /searchCoursesByTitle?title=COMSC-75 HTTP/1.1" 200 1621
0:0:0:0:0:0:0:1 - - [21/Oct/2020:15:33:33 -0700] "GET /registerForClassess?regIdClasses=10101&regIdClasses=10102 HTTP/1.1" 302 -
0:0:0:0:0:0:0:1 - - [21/Oct/2020:15:33:33 -0700] "GET /loginSuccessful HTTP/1.1" 200 650
0:0:0:0:0:0:0:1 - - [21/Oct/2020:15:33:44 -0700] "GET /dropClasses HTTP/1.1" 200 1526
0:0:0:0:0:0:0:1 - - [21/Oct/2020:15:33:48 -0700] "POST /dropClasses HTTP/1.1" 302 -
0:0:0:0:0:0:0:1 - - [21/Oct/2020:15:33:48 -0700] "GET /loginSuccessful HTTP/1.1" 200 650
0:0:0:0:0:0:0:1 - - [21/Oct/2020:17:30:21 -0700] "GET /login HTTP/1.1" 200 1657
0:0:0:0:0:0:0:1 - - [21/Oct/2020:17:30:24 -0700] "POST /doLogin HTTP/1.1" 302 -
0:0:0:0:0:0:0:1 - - [21/Oct/2020:17:30:24 -0700] "GET /loginSuccessful HTTP/1.1" 200 650
0:0:0:0:0:0:0:1 - - [21/Oct/2020:17:30:26 -0700] "GET /searchCourses HTTP/1.1" 200 547
0:0:0:0:0:0:0:1 - - [21/Oct/2020:17:30:28 -0700] "GET /searchCoursesByTitle?title=COMSC-75 HTTP/1.1" 200 1621
0:0:0:0:0:0:0:1 - - [21/Oct/2020:17:30:30 -0700] "GET /registerForClassess?regIdClasses=10101 HTTP/1.1" 302 -
0:0:0:0:0:0:0:1 - - [21/Oct/2020:17:30:30 -0700] "GET /loginSuccessful HTTP/1.1" 200 650
0:0:0:0:0:0:0:1 - - [21/Oct/2020:17:30:58 -0700] "GET /searchCourses HTTP/1.1" 200 547
0:0:0:0:0:0:0:1 - - [21/Oct/2020:17:31:00 -0700] "GET /searchCoursesByTitle?title=COMSC-75 HTTP/1.1" 200 1621
0:0:0:0:0:0:0:1 - - [21/Oct/2020:17:31:02 -0700] "GET /registerForClassess?regIdClasses=10101 HTTP/1.1" 302 -
0:0:0:0:0:0:0:1 - - [21/Oct/2020:17:31:02 -0700] "GET /registerForClassess HTTP/1.1" 400 9505
0:0:0:0:0:0:0:1 - - [21/Oct/2020:17:32:35 -0700] "GET /login HTTP/1.1" 200 1657
0:0:0:0:0:0:0:1 - - [21/Oct/2020:17:32:35 -0700] "GET /login HTTP/1.1" 200 1657
0:0:0:0:0:0:0:1 - - [21/Oct/2020:17:32:39 -0700] "POST /doLogin HTTP/1.1" 302 -
0:0:0:0:0:0:0:1 - - [21/Oct/2020:17:32:39 -0700] "GET /loginSuccessful HTTP/1.1" 200 650
0:0:0:0:0:0:0:1 - - [21/Oct/2020:17:32:40 -0700] "GET /searchCourses HTTP/1.1" 200 547
0:0:0:0:0:0:0:1 - - [21/Oct/2020:17:32:42 -0700] "GET /searchCoursesByTitle?title=COMSC-75 HTTP/1.1" 200 1621
0:0:0:0:0:0:0:1 - - [21/Oct/2020:17:32:44 -0700] "GET /registerForClassess?regIdClasses=10101 HTTP/1.1" 302 -
0:0:0:0:0:0:0:1 - - [21/Oct/2020:17:32:44 -0700] "GET /loginSuccessful HTTP/1.1" 200 650
0:0:0:0:0:0:0:1 - - [21/Oct/2020:17:32:47 -0700] "GET /searchCourses HTTP/1.1" 200 547
0:0:0:0:0:0:0:1 - - [21/Oct/2020:17:32:48 -0700] "GET /searchCoursesByTitle?title=COMSC-75 HTTP/1.1" 200 1621
0:0:0:0:0:0:0:1 - - [21/Oct/2020:17:32:50 -0700] "GET /registerForClassess?regIdClasses=10101 HTTP/1.1" 302 -
0:0:0:0:0:0:0:1 - - [21/Oct/2020:17:32:50 -0700] "GET /registerForClassess HTTP/1.1" 400 9505
0:0:0:0:0:0:0:1 - - [21/Oct/2020:17:33:25 -0700] "GET /login HTTP/1.1" 200 1657
0:0:0:0:0:0:0:1 - - [21/Oct/2020:17:33:28 -0700] "POST /doLogin HTTP/1.1" 302 -
0:0:0:0:0:0:0:1 - - [21/Oct/2020:17:33:28 -0700] "GET /loginSuccessful HTTP/1.1" 200 650
0:0:0:0:0:0:0:1 - - [21/Oct/2020:17:33:29 -0700] "GET /searchCourses HTTP/1.1" 200 547
0:0:0:0:0:0:0:1 - - [21/Oct/2020:17:33:31 -0700] "GET /searchCoursesByTitle?title=COMSC-75 HTTP/1.1" 200 1621
0:0:0:0:0:0:0:1 - - [21/Oct/2020:17:33:33 -0700] "GET /registerForClassess?regIdClasses=10101 HTTP/1.1" 302 -
0:0:0:0:0:0:0:1 - - [21/Oct/2020:17:33:33 -0700] "GET /loginSuccessful HTTP/1.1" 200 650
0:0:0:0:0:0:0:1 - - [21/Oct/2020:17:33:35 -0700] "GET /searchCourses HTTP/1.1" 200 547
0:0:0:0:0:0:0:1 - - [21/Oct/2020:17:33:36 -0700] "GET /searchCoursesByTitle?title=COMSC-75 HTTP/1.1" 200 1621
0:0:0:0:0:0:0:1 - - [21/Oct/2020:17:33:39 -0700] "GET /registerForClassess?regIdClasses=10101 HTTP/1.1" 302 -
0:0:0:0:0:0:0:1 - - [21/Oct/2020:17:33:39 -0700] "GET /registerForClassess HTTP/1.1" 400 9505
0:0:0:0:0:0:0:1 - - [21/Oct/2020:17:43:12 -0700] "GET /login HTTP/1.1" 200 1657
0:0:0:0:0:0:0:1 - - [21/Oct/2020:17:43:12 -0700] "GET /login HTTP/1.1" 200 1657
0:0:0:0:0:0:0:1 - - [21/Oct/2020:17:43:15 -0700] "POST /doLogin HTTP/1.1" 302 -
0:0:0:0:0:0:0:1 - - [21/Oct/2020:17:43:15 -0700] "GET /loginSuccessful HTTP/1.1" 200 650
0:0:0:0:0:0:0:1 - - [21/Oct/2020:17:43:34 -0700] "GET /searchCourses HTTP/1.1" 200 547
0:0:0:0:0:0:0:1 - - [21/Oct/2020:17:43:36 -0700] "GET /searchCoursesByTitle?title=COMSC-75 HTTP/1.1" 200 1621
0:0:0:0:0:0:0:1 - - [21/Oct/2020:17:43:38 -0700] "GET /registerForClassess?regIdClasses=10101 HTTP/1.1" 302 -
0:0:0:0:0:0:0:1 - - [21/Oct/2020:17:43:38 -0700] "GET /loginSuccessful HTTP/1.1" 200 650
0:0:0:0:0:0:0:1 - - [21/Oct/2020:17:43:43 -0700] "GET /dropClasses HTTP/1.1" 200 1194
0:0:0:0:0:0:0:1 - - [21/Oct/2020:17:43:45 -0700] "GET /loginSuccessful HTTP/1.1" 200 650
0:0:0:0:0:0:0:1 - - [21/Oct/2020:17:43:47 -0700] "GET /searchCourses HTTP/1.1" 200 547
0:0:0:0:0:0:0:1 - - [21/Oct/2020:17:43:49 -0700] "GET /searchCoursesByTitle?title=COMSC-75 HTTP/1.1" 200 1621
0:0:0:0:0:0:0:1 - - [21/Oct/2020:17:43:52 -0700] "GET /registerForClassess?regIdClasses=10101 HTTP/1.1" 200 975
0:0:0:0:0:0:0:1 - - [21/Oct/2020:17:47:43 -0700] "GET /searchCoursesByTitle?title=COMSC-75 HTTP/1.1" 200 1621
0:0:0:0:0:0:0:1 - - [21/Oct/2020:17:47:46 -0700] "GET /searchCourses HTTP/1.1" 200 547
0:0:0:0:0:0:0:1 - - [21/Oct/2020:17:47:48 -0700] "GET /login HTTP/1.1" 200 1657
0:0:0:0:0:0:0:1 - - [21/Oct/2020:17:47:51 -0700] "POST /doLogin HTTP/1.1" 302 -
0:0:0:0:0:0:0:1 - - [21/Oct/2020:17:47:51 -0700] "GET /loginSuccessful HTTP/1.1" 200 650
0:0:0:0:0:0:0:1 - - [21/Oct/2020:17:47:52 -0700] "GET /searchCourses HTTP/1.1" 200 547
0:0:0:0:0:0:0:1 - - [21/Oct/2020:17:47:53 -0700] "GET /searchCoursesByTitle?title=COMSC-75 HTTP/1.1" 200 1621
0:0:0:0:0:0:0:1 - - [21/Oct/2020:17:47:55 -0700] "GET /registerForClassess?regIdClasses=10101 HTTP/1.1" 302 -
0:0:0:0:0:0:0:1 - - [21/Oct/2020:17:47:55 -0700] "GET /loginSuccessful HTTP/1.1" 200 650
0:0:0:0:0:0:0:1 - - [21/Oct/2020:17:47:57 -0700] "GET /searchCourses HTTP/1.1" 200 547
0:0:0:0:0:0:0:1 - - [21/Oct/2020:17:47:58 -0700] "GET /searchCoursesByTitle?title=COMSC-75 HTTP/1.1" 200 1621
0:0:0:0:0:0:0:1 - - [21/Oct/2020:17:47:59 -0700] "GET /registerForClassess?regIdClasses=10101 HTTP/1.1" 302 -
0:0:0:0:0:0:0:1 - - [21/Oct/2020:17:47:59 -0700] "GET /searchCoursesByTitle HTTP/1.1" 400 9495
0:0:0:0:0:0:0:1 - - [21/Oct/2020:18:02:07 -0700] "GET /login HTTP/1.1" 200 1657
0:0:0:0:0:0:0:1 - - [21/Oct/2020:18:02:10 -0700] "POST /doLogin HTTP/1.1" 302 -
0:0:0:0:0:0:0:1 - - [21/Oct/2020:18:02:10 -0700] "GET /loginSuccessful HTTP/1.1" 200 650
0:0:0:0:0:0:0:1 - - [21/Oct/2020:18:02:12 -0700] "GET /searchCourses HTTP/1.1" 200 549
0:0:0:0:0:0:0:1 - - [21/Oct/2020:18:02:13 -0700] "GET /searchCoursesByTitle?title=COMSC-75 HTTP/1.1" 200 549
0:0:0:0:0:0:0:1 - - [21/Oct/2020:18:02:15 -0700] "GET /searchCoursesByTitle?title=COMSC-75 HTTP/1.1" 200 549
0:0:0:0:0:0:0:1 - - [21/Oct/2020:18:05:33 -0700] "GET /login HTTP/1.1" 200 1657
0:0:0:0:0:0:0:1 - - [21/Oct/2020:18:05:34 -0700] "GET /login HTTP/1.1" 200 1657
0:0:0:0:0:0:0:1 - - [21/Oct/2020:18:05:37 -0700] "POST /doLogin HTTP/1.1" 302 -
0:0:0:0:0:0:0:1 - - [21/Oct/2020:18:05:37 -0700] "GET /loginSuccessful HTTP/1.1" 200 650
0:0:0:0:0:0:0:1 - - [21/Oct/2020:18:05:38 -0700] "GET /searchCourses HTTP/1.1" 200 549
0:0:0:0:0:0:0:1 - - [21/Oct/2020:18:05:39 -0700] "GET /searchCoursesByTitle?title=COMSC-75 HTTP/1.1" 200 1621
0:0:0:0:0:0:0:1 - - [21/Oct/2020:18:05:41 -0700] "GET /registerForClassess?regIdClasses=10101 HTTP/1.1" 302 -
0:0:0:0:0:0:0:1 - - [21/Oct/2020:18:05:41 -0700] "GET /loginSuccessful HTTP/1.1" 200 650
0:0:0:0:0:0:0:1 - - [21/Oct/2020:18:05:42 -0700] "GET /searchCourses HTTP/1.1" 200 549
0:0:0:0:0:0:0:1 - - [21/Oct/2020:18:05:43 -0700] "GET /loginSuccessful HTTP/1.1" 200 650
0:0:0:0:0:0:0:1 - - [21/Oct/2020:18:05:44 -0700] "GET /dropClasses HTTP/1.1" 200 1194
0:0:0:0:0:0:0:1 - - [21/Oct/2020:18:05:46 -0700] "GET /loginSuccessful HTTP/1.1" 200 650
0:0:0:0:0:0:0:1 - - [21/Oct/2020:18:05:50 -0700] "GET /dropClasses HTTP/1.1" 200 1194
0:0:0:0:0:0:0:1 - - [21/Oct/2020:18:05:51 -0700] "POST /dropClasses HTTP/1.1" 302 -
0:0:0:0:0:0:0:1 - - [21/Oct/2020:18:05:51 -0700] "GET /loginSuccessful HTTP/1.1" 200 650
0:0:0:0:0:0:0:1 - - [21/Oct/2020:18:05:56 -0700] "GET /searchCourses HTTP/1.1" 200 549
0:0:0:0:0:0:0:1 - - [21/Oct/2020:18:05:57 -0700] "GET /searchCoursesByTitle?title=COMSC-75 HTTP/1.1" 200 1621
0:0:0:0:0:0:0:1 - - [21/Oct/2020:18:05:59 -0700] "GET /registerForClassess?regIdClasses=10101 HTTP/1.1" 302 -
0:0:0:0:0:0:0:1 - - [21/Oct/2020:18:05:59 -0700] "GET /loginSuccessful HTTP/1.1" 200 650
0:0:0:0:0:0:0:1 - - [21/Oct/2020:18:06:01 -0700] "GET /searchCourses HTTP/1.1" 200 549
0:0:0:0:0:0:0:1 - - [21/Oct/2020:18:06:02 -0700] "GET /searchCoursesByTitle?title=COMSC-75 HTTP/1.1" 200 1621
0:0:0:0:0:0:0:1 - - [21/Oct/2020:18:06:03 -0700] "GET /registerForClassess?regIdClasses=10101 HTTP/1.1" 302 -
0:0:0:0:0:0:0:1 - - [21/Oct/2020:18:06:03 -0700] "GET /registerFailed HTTP/1.1" 200 629
0:0:0:0:0:0:0:1 - - [21/Oct/2020:18:06:08 -0700] "GET /searchCoursesByTitle?title=COMSC-75 HTTP/1.1" 200 1621
0:0:0:0:0:0:0:1 - - [21/Oct/2020:18:06:13 -0700] "GET /registerForClassess?regIdClasses=10101&regIdClasses=10102 HTTP/1.1" 302 -
0:0:0:0:0:0:0:1 - - [21/Oct/2020:18:06:13 -0700] "GET /registerFailed HTTP/1.1" 200 629
0:0:0:0:0:0:0:1 - - [21/Oct/2020:18:07:15 -0700] "GET /login HTTP/1.1" 200 1657
0:0:0:0:0:0:0:1 - - [21/Oct/2020:18:07:19 -0700] "POST /doLogin HTTP/1.1" 302 -
0:0:0:0:0:0:0:1 - - [21/Oct/2020:18:07:19 -0700] "GET /loginSuccessful HTTP/1.1" 200 650
0:0:0:0:0:0:0:1 - - [21/Oct/2020:18:07:21 -0700] "GET /searchCourses HTTP/1.1" 200 549
0:0:0:0:0:0:0:1 - - [21/Oct/2020:18:07:22 -0700] "GET /searchCoursesByTitle?title=COMSC-75 HTTP/1.1" 200 1621
0:0:0:0:0:0:0:1 - - [21/Oct/2020:18:07:23 -0700] "GET /registerForClassess?regIdClasses=10101 HTTP/1.1" 302 -
0:0:0:0:0:0:0:1 - - [21/Oct/2020:18:07:23 -0700] "GET /loginSuccessful HTTP/1.1" 200 650
0:0:0:0:0:0:0:1 - - [21/Oct/2020:18:07:26 -0700] "GET /searchCourses HTTP/1.1" 200 549
0:0:0:0:0:0:0:1 - - [21/Oct/2020:18:07:28 -0700] "GET /searchCoursesByTitle?title=COMSC-75 HTTP/1.1" 200 1621
0:0:0:0:0:0:0:1 - - [21/Oct/2020:18:07:44 -0700] "GET /searchCourses HTTP/1.1" 200 549
0:0:0:0:0:0:0:1 - - [21/Oct/2020:18:07:46 -0700] "GET /loginSuccessful HTTP/1.1" 200 650
0:0:0:0:0:0:0:1 - - [21/Oct/2020:18:07:47 -0700] "GET /dropClasses HTTP/1.1" 200 1194
0:0:0:0:0:0:0:1 - - [21/Oct/2020:18:07:51 -0700] "POST /dropClasses HTTP/1.1" 302 -
0:0:0:0:0:0:0:1 - - [21/Oct/2020:18:07:51 -0700] "GET /loginSuccessful HTTP/1.1" 200 650
0:0:0:0:0:0:0:1 - - [21/Oct/2020:18:08:09 -0700] "GET /searchCourses HTTP/1.1" 200 549
0:0:0:0:0:0:0:1 - - [21/Oct/2020:18:08:10 -0700] "GET /searchCoursesByTitle?title=COMSC-75 HTTP/1.1" 200 1621
0:0:0:0:0:0:0:1 - - [21/Oct/2020:18:08:13 -0700] "GET /registerForClassess?regIdClasses=10101 HTTP/1.1" 302 -
0:0:0:0:0:0:0:1 - - [21/Oct/2020:18:08:13 -0700] "GET /loginSuccessful HTTP/1.1" 200 650
0:0:0:0:0:0:0:1 - - [21/Oct/2020:18:15:05 -0700] "GET /login HTTP/1.1" 200 1657
0:0:0:0:0:0:0:1 - - [21/Oct/2020:18:15:06 -0700] "GET /login HTTP/1.1" 200 1657
0:0:0:0:0:0:0:1 - - [21/Oct/2020:18:15:09 -0700] "POST /doLogin HTTP/1.1" 302 -
0:0:0:0:0:0:0:1 - - [21/Oct/2020:18:15:09 -0700] "GET /loginSuccessful HTTP/1.1" 200 650
0:0:0:0:0:0:0:1 - - [21/Oct/2020:18:15:11 -0700] "GET /searchCourses HTTP/1.1" 200 549
0:0:0:0:0:0:0:1 - - [21/Oct/2020:18:15:14 -0700] "GET /searchCoursesByTitle?title=COMSC-75 HTTP/1.1" 200 1621
0:0:0:0:0:0:0:1 - - [21/Oct/2020:18:15:15 -0700] "GET /registerForClassess?regIdClasses=10101 HTTP/1.1" 302 -
0:0:0:0:0:0:0:1 - - [21/Oct/2020:18:15:15 -0700] "GET /loginSuccessful HTTP/1.1" 200 650
0:0:0:0:0:0:0:1 - - [21/Oct/2020:18:15:17 -0700] "GET /dropClasses HTTP/1.1" 200 1194
0:0:0:0:0:0:0:1 - - [21/Oct/2020:18:15:19 -0700] "POST /dropClasses HTTP/1.1" 302 -
0:0:0:0:0:0:0:1 - - [21/Oct/2020:18:15:19 -0700] "GET /loginSuccessful HTTP/1.1" 200 650
0:0:0:0:0:0:0:1 - - [21/Oct/2020:18:15:20 -0700] "GET /searchCourses HTTP/1.1" 200 549
0:0:0:0:0:0:0:1 - - [21/Oct/2020:18:15:21 -0700] "GET /searchCoursesByTitle?title=COMSC-75 HTTP/1.1" 200 1621
0:0:0:0:0:0:0:1 - - [21/Oct/2020:18:15:22 -0700] "GET /registerForClassess?regIdClasses=10101 HTTP/1.1" 302 -
0:0:0:0:0:0:0:1 - - [21/Oct/2020:18:15:22 -0700] "GET /loginSuccessful HTTP/1.1" 200 650
0:0:0:0:0:0:0:1 - - [21/Oct/2020:18:15:23 -0700] "GET /searchCourses HTTP/1.1" 200 549
0:0:0:0:0:0:0:1 - - [21/Oct/2020:18:15:25 -0700] "GET /searchCoursesByTitle?title=COMSC-75 HTTP/1.1" 200 1621
0:0:0:0:0:0:0:1 - - [21/Oct/2020:18:15:26 -0700] "GET /registerForClassess?regIdClasses=10101 HTTP/1.1" 302 -
0:0:0:0:0:0:0:1 - - [21/Oct/2020:18:15:26 -0700] "GET /registerFailed HTTP/1.1" 200 629
0:0:0:0:0:0:0:1 - - [21/Oct/2020:18:17:08 -0700] "GET /login HTTP/1.1" 200 1657
0:0:0:0:0:0:0:1 - - [21/Oct/2020:18:17:14 -0700] "POST /doLogin HTTP/1.1" 302 -
0:0:0:0:0:0:0:1 - - [21/Oct/2020:18:17:14 -0700] "GET /loginSuccessful HTTP/1.1" 200 650
0:0:0:0:0:0:0:1 - - [21/Oct/2020:18:17:15 -0700] "GET /searchCourses HTTP/1.1" 200 549
0:0:0:0:0:0:0:1 - - [21/Oct/2020:18:17:16 -0700] "GET /searchCoursesByTitle?title=COMSC-75 HTTP/1.1" 200 1621
0:0:0:0:0:0:0:1 - - [21/Oct/2020:18:17:17 -0700] "GET /registerForClassess?regIdClasses=10101 HTTP/1.1" 302 -
0:0:0:0:0:0:0:1 - - [21/Oct/2020:18:17:17 -0700] "GET /loginSuccessful HTTP/1.1" 200 650
0:0:0:0:0:0:0:1 - - [21/Oct/2020:18:17:55 -0700] "GET /login HTTP/1.1" 200 1657
0:0:0:0:0:0:0:1 - - [21/Oct/2020:18:17:59 -0700] "POST /doLogin HTTP/1.1" 302 -
0:0:0:0:0:0:0:1 - - [21/Oct/2020:18:17:59 -0700] "GET /loginSuccessful HTTP/1.1" 200 650
0:0:0:0:0:0:0:1 - - [21/Oct/2020:18:18:00 -0700] "GET /searchCourses HTTP/1.1" 200 549
0:0:0:0:0:0:0:1 - - [21/Oct/2020:18:18:01 -0700] "GET /searchCoursesByTitle?title=COMSC-75 HTTP/1.1" 200 1621
0:0:0:0:0:0:0:1 - - [21/Oct/2020:18:18:02 -0700] "GET /registerForClassess?regIdClasses=10101 HTTP/1.1" 302 -
0:0:0:0:0:0:0:1 - - [21/Oct/2020:18:18:02 -0700] "GET /loginSuccessful HTTP/1.1" 200 650
0:0:0:0:0:0:0:1 - - [21/Oct/2020:18:18:20 -0700] "GET /searchCourses HTTP/1.1" 200 549
0:0:0:0:0:0:0:1 - - [21/Oct/2020:18:18:21 -0700] "GET /searchCoursesByTitle?title=COMSC-75 HTTP/1.1" 200 1621
0:0:0:0:0:0:0:1 - - [21/Oct/2020:18:18:22 -0700] "GET /registerForClassess?regIdClasses=10101 HTTP/1.1" 302 -
0:0:0:0:0:0:0:1 - - [21/Oct/2020:18:18:22 -0700] "GET /registerFailed HTTP/1.1" 200 629
0:0:0:0:0:0:0:1 - - [21/Oct/2020:18:18:36 -0700] "GET /searchCoursesByTitle?title=COMSC-75 HTTP/1.1" 200 1621
0:0:0:0:0:0:0:1 - - [21/Oct/2020:18:18:40 -0700] "GET /searchCourses HTTP/1.1" 200 549
0:0:0:0:0:0:0:1 - - [21/Oct/2020:18:18:41 -0700] "GET /loginSuccessful HTTP/1.1" 200 650
0:0:0:0:0:0:0:1 - - [21/Oct/2020:18:18:42 -0700] "GET /dropClasses HTTP/1.1" 200 1194
0:0:0:0:0:0:0:1 - - [21/Oct/2020:18:18:45 -0700] "POST /dropClasses HTTP/1.1" 302 -
0:0:0:0:0:0:0:1 - - [21/Oct/2020:18:18:45 -0700] "GET /loginSuccessful HTTP/1.1" 200 650
0:0:0:0:0:0:0:1 - - [21/Oct/2020:18:19:24 -0700] "GET /searchCourses HTTP/1.1" 200 549
0:0:0:0:0:0:0:1 - - [21/Oct/2020:18:19:25 -0700] "GET /searchCoursesByTitle?title=COMSC-75 HTTP/1.1" 200 1621
0:0:0:0:0:0:0:1 - - [21/Oct/2020:18:19:28 -0700] "GET /registerForClassess?regIdClasses=10101 HTTP/1.1" 302 -
0:0:0:0:0:0:0:1 - - [21/Oct/2020:18:19:28 -0700] "GET /loginSuccessful HTTP/1.1" 200 650
0:0:0:0:0:0:0:1 - - [21/Oct/2020:19:06:42 -0700] "GET /login HTTP/1.1" 200 1657
0:0:0:0:0:0:0:1 - - [21/Oct/2020:19:06:42 -0700] "GET /login HTTP/1.1" 200 1657
0:0:0:0:0:0:0:1 - - [21/Oct/2020:19:06:46 -0700] "POST /doLogin HTTP/1.1" 302 -
0:0:0:0:0:0:0:1 - - [21/Oct/2020:19:06:46 -0700] "GET /loginSuccessful HTTP/1.1" 200 650
0:0:0:0:0:0:0:1 - - [21/Oct/2020:19:06:48 -0700] "GET /searchCourses HTTP/1.1" 200 549
0:0:0:0:0:0:0:1 - - [21/Oct/2020:19:06:49 -0700] "GET /searchCoursesByTitle?title=COMSC-75 HTTP/1.1" 200 1621
0:0:0:0:0:0:0:1 - - [21/Oct/2020:19:06:50 -0700] "GET /registerForClassess?regIdClasses=10101 HTTP/1.1" 302 -
0:0:0:0:0:0:0:1 - - [21/Oct/2020:19:06:50 -0700] "GET /registerFailed HTTP/1.1" 200 629
0:0:0:0:0:0:0:1 - - [21/Oct/2020:19:07:14 -0700] "GET /login HTTP/1.1" 200 1657
0:0:0:0:0:0:0:1 - - [21/Oct/2020:19:07:17 -0700] "POST /doLogin HTTP/1.1" 302 -
0:0:0:0:0:0:0:1 - - [21/Oct/2020:19:07:17 -0700] "GET /loginSuccessful HTTP/1.1" 200 650
0:0:0:0:0:0:0:1 - - [21/Oct/2020:19:07:18 -0700] "GET /searchCourses HTTP/1.1" 200 549
0:0:0:0:0:0:0:1 - - [21/Oct/2020:19:07:19 -0700] "GET /searchCoursesByTitle?title=COMSC-75 HTTP/1.1" 200 1621
0:0:0:0:0:0:0:1 - - [21/Oct/2020:19:07:20 -0700] "GET /registerForClassess?regIdClasses=10101 HTTP/1.1" 302 -
0:0:0:0:0:0:0:1 - - [21/Oct/2020:19:07:20 -0700] "GET /loginSuccessful HTTP/1.1" 200 650
0:0:0:0:0:0:0:1 - - [21/Oct/2020:19:07:22 -0700] "GET /searchCourses HTTP/1.1" 200 549
0:0:0:0:0:0:0:1 - - [21/Oct/2020:19:07:23 -0700] "GET /searchCoursesByTitle?title=COMSC-75 HTTP/1.1" 200 1621
0:0:0:0:0:0:0:1 - - [21/Oct/2020:19:07:27 -0700] "GET /registerForClassess?regIdClasses=10101 HTTP/1.1" 302 -
0:0:0:0:0:0:0:1 - - [21/Oct/2020:19:07:27 -0700] "GET /registerFailed HTTP/1.1" 200 629
0:0:0:0:0:0:0:1 - - [21/Oct/2020:19:07:42 -0700] "GET /searchCoursesByTitle?title=COMSC-75 HTTP/1.1" 200 1621
0:0:0:0:0:0:0:1 - - [21/Oct/2020:19:07:45 -0700] "GET /registerForClassess?regIdClasses=10101 HTTP/1.1" 302 -
0:0:0:0:0:0:0:1 - - [21/Oct/2020:19:07:45 -0700] "GET /registerFailed HTTP/1.1" 200 629
0:0:0:0:0:0:0:1 - - [21/Oct/2020:19:09:34 -0700] "GET /login HTTP/1.1" 200 1657
0:0:0:0:0:0:0:1 - - [21/Oct/2020:19:09:37 -0700] "POST /doLogin HTTP/1.1" 302 -
0:0:0:0:0:0:0:1 - - [21/Oct/2020:19:09:37 -0700] "GET /loginSuccessful HTTP/1.1" 200 650
0:0:0:0:0:0:0:1 - - [21/Oct/2020:19:09:38 -0700] "GET /searchCourses HTTP/1.1" 200 549
0:0:0:0:0:0:0:1 - - [21/Oct/2020:19:09:39 -0700] "GET /searchCoursesByTitle?title=COMSC-75 HTTP/1.1" 200 1621
0:0:0:0:0:0:0:1 - - [21/Oct/2020:19:09:41 -0700] "GET /registerForClassess?regIdClasses=10101 HTTP/1.1" 302 -
0:0:0:0:0:0:0:1 - - [21/Oct/2020:19:09:41 -0700] "GET /loginSuccessful HTTP/1.1" 200 650
0:0:0:0:0:0:0:1 - - [21/Oct/2020:19:09:42 -0700] "GET /searchCourses HTTP/1.1" 200 549
0:0:0:0:0:0:0:1 - - [21/Oct/2020:19:09:43 -0700] "GET /searchCoursesByTitle?title=COMSC-75 HTTP/1.1" 200 1621
0:0:0:0:0:0:0:1 - - [21/Oct/2020:19:09:45 -0700] "GET /registerForClassess?regIdClasses=10101 HTTP/1.1" 302 -
0:0:0:0:0:0:0:1 - - [21/Oct/2020:19:09:45 -0700] "GET /registerFailed HTTP/1.1" 200 637
0:0:0:0:0:0:0:1 - - [21/Oct/2020:19:10:40 -0700] "GET /login HTTP/1.1" 200 1657
0:0:0:0:0:0:0:1 - - [21/Oct/2020:19:11:33 -0700] "POST /doLogin HTTP/1.1" 302 -
0:0:0:0:0:0:0:1 - - [21/Oct/2020:19:11:33 -0700] "GET /loginSuccessful HTTP/1.1" 200 650
0:0:0:0:0:0:0:1 - - [21/Oct/2020:19:11:35 -0700] "GET /searchCourses HTTP/1.1" 200 549
0:0:0:0:0:0:0:1 - - [21/Oct/2020:19:11:36 -0700] "GET /searchCoursesByTitle?title=COMSC-75 HTTP/1.1" 200 1621
0:0:0:0:0:0:0:1 - - [21/Oct/2020:19:11:37 -0700] "GET /registerForClassess?regIdClasses=10101 HTTP/1.1" 302 -
0:0:0:0:0:0:0:1 - - [21/Oct/2020:19:11:37 -0700] "GET /registerFailed HTTP/1.1" 200 637
0:0:0:0:0:0:0:1 - - [21/Oct/2020:19:12:12 -0700] "GET /login HTTP/1.1" 200 1657
0:0:0:0:0:0:0:1 - - [21/Oct/2020:19:12:12 -0700] "GET /login HTTP/1.1" 200 1657
0:0:0:0:0:0:0:1 - - [21/Oct/2020:19:12:16 -0700] "POST /doLogin HTTP/1.1" 302 -
0:0:0:0:0:0:0:1 - - [21/Oct/2020:19:12:16 -0700] "GET /loginSuccessful HTTP/1.1" 200 650
0:0:0:0:0:0:0:1 - - [21/Oct/2020:19:12:17 -0700] "GET /searchCourses HTTP/1.1" 200 549
0:0:0:0:0:0:0:1 - - [21/Oct/2020:19:12:18 -0700] "GET /searchCoursesByTitle?title=COMSC-75 HTTP/1.1" 200 1621
0:0:0:0:0:0:0:1 - - [21/Oct/2020:19:12:19 -0700] "GET /registerForClassess?regIdClasses=10101 HTTP/1.1" 302 -
0:0:0:0:0:0:0:1 - - [21/Oct/2020:19:12:19 -0700] "GET /loginSuccessful HTTP/1.1" 200 650
0:0:0:0:0:0:0:1 - - [21/Oct/2020:19:12:20 -0700] "GET /searchCourses HTTP/1.1" 200 549
0:0:0:0:0:0:0:1 - - [21/Oct/2020:19:12:22 -0700] "GET /searchCoursesByTitle?title=COMSC-75 HTTP/1.1" 200 1621
0:0:0:0:0:0:0:1 - - [21/Oct/2020:19:12:24 -0700] "GET /registerForClassess?regIdClasses=10101 HTTP/1.1" 302 -
0:0:0:0:0:0:0:1 - - [21/Oct/2020:19:12:24 -0700] "GET /registerFailed HTTP/1.1" 200 637
0:0:0:0:0:0:0:1 - - [21/Oct/2020:19:13:39 -0700] "GET /login HTTP/1.1" 200 1657
0:0:0:0:0:0:0:1 - - [21/Oct/2020:19:13:42 -0700] "POST /doLogin HTTP/1.1" 302 -
0:0:0:0:0:0:0:1 - - [21/Oct/2020:19:13:42 -0700] "GET /loginSuccessful HTTP/1.1" 200 650
0:0:0:0:0:0:0:1 - - [21/Oct/2020:19:13:44 -0700] "GET /searchCourses HTTP/1.1" 200 549
0:0:0:0:0:0:0:1 - - [21/Oct/2020:19:13:45 -0700] "GET /searchCoursesByTitle?title=COMSC-75 HTTP/1.1" 200 1621
0:0:0:0:0:0:0:1 - - [21/Oct/2020:19:13:46 -0700] "GET /registerForClassess?regIdClasses=10101 HTTP/1.1" 302 -
0:0:0:0:0:0:0:1 - - [21/Oct/2020:19:13:46 -0700] "GET /loginSuccessful HTTP/1.1" 200 650
0:0:0:0:0:0:0:1 - - [21/Oct/2020:19:13:56 -0700] "GET /searchCourses HTTP/1.1" 200 549
0:0:0:0:0:0:0:1 - - [21/Oct/2020:19:13:57 -0700] "GET /searchCoursesByTitle?title=COMSC-75 HTTP/1.1" 200 1621
0:0:0:0:0:0:0:1 - - [21/Oct/2020:19:13:59 -0700] "GET /registerForClassess?regIdClasses=10101 HTTP/1.1" 302 -
0:0:0:0:0:0:0:1 - - [21/Oct/2020:19:13:59 -0700] "GET /registerFailed HTTP/1.1" 200 637
0:0:0:0:0:0:0:1 - - [21/Oct/2020:19:14:14 -0700] "GET /searchCoursesByTitle?title=COMSC-75 HTTP/1.1" 200 1621
0:0:0:0:0:0:0:1 - - [21/Oct/2020:19:14:15 -0700] "GET /searchCourses HTTP/1.1" 200 549
0:0:0:0:0:0:0:1 - - [21/Oct/2020:19:14:16 -0700] "GET /loginSuccessful HTTP/1.1" 200 650
0:0:0:0:0:0:0:1 - - [21/Oct/2020:19:14:19 -0700] "GET /dropClasses HTTP/1.1" 200 1194
0:0:0:0:0:0:0:1 - - [21/Oct/2020:19:14:22 -0700] "POST /dropClasses HTTP/1.1" 302 -
0:0:0:0:0:0:0:1 - - [21/Oct/2020:19:14:22 -0700] "GET /loginSuccessful HTTP/1.1" 200 650
0:0:0:0:0:0:0:1 - - [21/Oct/2020:19:14:38 -0700] "GET /searchCourses HTTP/1.1" 200 549
0:0:0:0:0:0:0:1 - - [21/Oct/2020:19:14:39 -0700] "GET /searchCoursesByTitle?title=COMSC-75 HTTP/1.1" 200 1621
0:0:0:0:0:0:0:1 - - [21/Oct/2020:19:14:44 -0700] "GET /registerForClassess?regIdClasses=10101 HTTP/1.1" 302 -
0:0:0:0:0:0:0:1 - - [21/Oct/2020:19:14:44 -0700] "GET /loginSuccessful HTTP/1.1" 200 650
0:0:0:0:0:0:0:1 - - [21/Oct/2020:19:15:01 -0700] "GET /dropClasses HTTP/1.1" 200 1194
0:0:0:0:0:0:0:1 - - [21/Oct/2020:19:15:02 -0700] "POST /dropClasses HTTP/1.1" 302 -
0:0:0:0:0:0:0:1 - - [21/Oct/2020:19:15:02 -0700] "GET /loginSuccessful HTTP/1.1" 200 650
192.168.43.225 - - [21/Oct/2020:20:53:53 -0700] "GET / HTTP/1.1" 302 -
192.168.43.225 - - [21/Oct/2020:20:53:53 -0700] "GET /login HTTP/1.1" 200 1657
0:0:0:0:0:0:0:1 - - [21/Oct/2020:21:16:01 -0700] "GET /login HTTP/1.1" 200 1657
0:0:0:0:0:0:0:1 - - [21/Oct/2020:21:16:01 -0700] "GET /login HTTP/1.1" 200 1657
0:0:0:0:0:0:0:1 - - [21/Oct/2020:21:16:04 -0700] "POST /doLogin HTTP/1.1" 302 -
0:0:0:0:0:0:0:1 - - [21/Oct/2020:21:16:04 -0700] "GET /loginSuccessful HTTP/1.1" 200 650
0:0:0:0:0:0:0:1 - - [21/Oct/2020:21:16:06 -0700] "GET /searchCourses HTTP/1.1" 200 549
0:0:0:0:0:0:0:1 - - [21/Oct/2020:21:16:07 -0700] "GET /searchCoursesByTitle?title=COMSC-75 HTTP/1.1" 200 1621
0:0:0:0:0:0:0:1 - - [21/Oct/2020:21:16:08 -0700] "GET /registerForClassess?regIdClasses=10101 HTTP/1.1" 302 -
0:0:0:0:0:0:0:1 - - [21/Oct/2020:21:16:08 -0700] "GET /loginSuccessful HTTP/1.1" 200 650
0:0:0:0:0:0:0:1 - - [21/Oct/2020:21:16:19 -0700] "GET /searchCourses HTTP/1.1" 200 549
0:0:0:0:0:0:0:1 - - [21/Oct/2020:21:16:20 -0700] "GET /searchCoursesByTitle?title=COMSC-75 HTTP/1.1" 200 1621
0:0:0:0:0:0:0:1 - - [21/Oct/2020:21:16:21 -0700] "GET /registerForClassess?regIdClasses=10101 HTTP/1.1" 302 -
0:0:0:0:0:0:0:1 - - [21/Oct/2020:21:16:21 -0700] "GET /registerFailed HTTP/1.1" 200 637
0:0:0:0:0:0:0:1 - - [21/Oct/2020:21:22:10 -0700] "GET /login HTTP/1.1" 200 1657
0:0:0:0:0:0:0:1 - - [21/Oct/2020:21:22:10 -0700] "GET /login HTTP/1.1" 200 1657
0:0:0:0:0:0:0:1 - - [21/Oct/2020:21:22:14 -0700] "POST /doLogin HTTP/1.1" 302 -
0:0:0:0:0:0:0:1 - - [21/Oct/2020:21:22:14 -0700] "GET /loginSuccessful HTTP/1.1" 200 650
0:0:0:0:0:0:0:1 - - [21/Oct/2020:21:22:15 -0700] "GET /searchCourses HTTP/1.1" 200 549
0:0:0:0:0:0:0:1 - - [21/Oct/2020:21:22:16 -0700] "GET /searchCoursesByTitle?title=COMSC-75 HTTP/1.1" 200 1621
0:0:0:0:0:0:0:1 - - [21/Oct/2020:21:22:17 -0700] "GET /registerForClassess?regIdClasses=10101 HTTP/1.1" 302 -
0:0:0:0:0:0:0:1 - - [21/Oct/2020:21:22:17 -0700] "GET /loginSuccessful HTTP/1.1" 200 650
0:0:0:0:0:0:0:1 - - [21/Oct/2020:21:23:01 -0700] "GET /login HTTP/1.1" 200 1657
0:0:0:0:0:0:0:1 - - [21/Oct/2020:21:23:04 -0700] "POST /doLogin HTTP/1.1" 302 -
0:0:0:0:0:0:0:1 - - [21/Oct/2020:21:23:04 -0700] "GET /loginSuccessful HTTP/1.1" 200 650
0:0:0:0:0:0:0:1 - - [21/Oct/2020:21:23:05 -0700] "GET /searchCourses HTTP/1.1" 200 549
0:0:0:0:0:0:0:1 - - [21/Oct/2020:21:23:06 -0700] "GET /searchCoursesByTitle?title=COMSC-75 HTTP/1.1" 200 1621
0:0:0:0:0:0:0:1 - - [21/Oct/2020:21:23:08 -0700] "GET /registerForClassess?regIdClasses=10101 HTTP/1.1" 302 -
0:0:0:0:0:0:0:1 - - [21/Oct/2020:21:23:08 -0700] "GET /loginSuccessful HTTP/1.1" 200 650
0:0:0:0:0:0:0:1 - - [21/Oct/2020:21:23:26 -0700] "GET /dropClasses HTTP/1.1" 200 1194
0:0:0:0:0:0:0:1 - - [21/Oct/2020:21:23:29 -0700] "POST /dropClasses HTTP/1.1" 302 -
0:0:0:0:0:0:0:1 - - [21/Oct/2020:21:23:29 -0700] "GET /loginSuccessful HTTP/1.1" 200 650
0:0:0:0:0:0:0:1 - - [21/Oct/2020:21:27:09 -0700] "GET /searchCourses HTTP/1.1" 200 549
0:0:0:0:0:0:0:1 - - [21/Oct/2020:21:27:10 -0700] "GET /searchCoursesByTitle?title=COMSC-75 HTTP/1.1" 200 1621
0:0:0:0:0:0:0:1 - - [21/Oct/2020:21:27:12 -0700] "GET /registerForClassess?regIdClasses=10101 HTTP/1.1" 302 -
0:0:0:0:0:0:0:1 - - [21/Oct/2020:21:27:12 -0700] "GET /loginSuccessful HTTP/1.1" 200 650
0:0:0:0:0:0:0:1 - - [21/Oct/2020:21:27:26 -0700] "GET /login HTTP/1.1" 200 1657
0:0:0:0:0:0:0:1 - - [21/Oct/2020:21:27:26 -0700] "GET /login HTTP/1.1" 200 1657
0:0:0:0:0:0:0:1 - - [21/Oct/2020:21:28:40 -0700] "GET /login HTTP/1.1" 200 1657
0:0:0:0:0:0:0:1 - - [21/Oct/2020:21:28:43 -0700] "POST /doLogin HTTP/1.1" 302 -
0:0:0:0:0:0:0:1 - - [21/Oct/2020:21:28:43 -0700] "GET /loginSuccessful HTTP/1.1" 200 650
0:0:0:0:0:0:0:1 - - [21/Oct/2020:21:28:44 -0700] "GET /searchCourses HTTP/1.1" 200 549
0:0:0:0:0:0:0:1 - - [21/Oct/2020:21:28:45 -0700] "GET /searchCoursesByTitle?title=COMSC-75 HTTP/1.1" 200 1621
0:0:0:0:0:0:0:1 - - [21/Oct/2020:21:28:46 -0700] "GET /registerForClassess?regIdClasses=10101 HTTP/1.1" 302 -
0:0:0:0:0:0:0:1 - - [21/Oct/2020:21:28:46 -0700] "GET /loginSuccessful HTTP/1.1" 200 650
0:0:0:0:0:0:0:1 - - [21/Oct/2020:21:29:07 -0700] "GET /dropClasses HTTP/1.1" 200 1194
0:0:0:0:0:0:0:1 - - [21/Oct/2020:21:29:08 -0700] "POST /dropClasses HTTP/1.1" 302 -
0:0:0:0:0:0:0:1 - - [21/Oct/2020:21:29:08 -0700] "GET /loginSuccessful HTTP/1.1" 200 650
0:0:0:0:0:0:0:1 - - [21/Oct/2020:21:29:17 -0700] "GET /searchCourses HTTP/1.1" 200 549
0:0:0:0:0:0:0:1 - - [21/Oct/2020:21:29:26 -0700] "GET /searchCoursesByTitle?title=COMSC-75 HTTP/1.1" 200 1621
0:0:0:0:0:0:0:1 - - [21/Oct/2020:21:29:28 -0700] "GET /registerForClassess?regIdClasses=10101 HTTP/1.1" 302 -
0:0:0:0:0:0:0:1 - - [21/Oct/2020:21:29:28 -0700] "GET /loginSuccessful HTTP/1.1" 200 650
0:0:0:0:0:0:0:1 - - [21/Oct/2020:21:32:07 -0700] "GET /login HTTP/1.1" 200 1657
0:0:0:0:0:0:0:1 - - [21/Oct/2020:21:32:10 -0700] "POST /doLogin HTTP/1.1" 302 -
0:0:0:0:0:0:0:1 - - [21/Oct/2020:21:32:10 -0700] "GET /loginSuccessful HTTP/1.1" 200 650
0:0:0:0:0:0:0:1 - - [21/Oct/2020:21:32:11 -0700] "GET /searchCourses HTTP/1.1" 200 549
0:0:0:0:0:0:0:1 - - [21/Oct/2020:21:32:12 -0700] "GET /searchCoursesByTitle?title=COMSC-75 HTTP/1.1" 200 1621
0:0:0:0:0:0:0:1 - - [21/Oct/2020:21:32:13 -0700] "GET /registerForClassess?regIdClasses=10101 HTTP/1.1" 302 -
0:0:0:0:0:0:0:1 - - [21/Oct/2020:21:32:13 -0700] "GET /loginSuccessful HTTP/1.1" 200 650
0:0:0:0:0:0:0:1 - - [21/Oct/2020:21:32:24 -0700] "GET /dropClasses HTTP/1.1" 200 1194
0:0:0:0:0:0:0:1 - - [21/Oct/2020:21:32:27 -0700] "POST /dropClasses HTTP/1.1" 302 -
0:0:0:0:0:0:0:1 - - [21/Oct/2020:21:32:27 -0700] "GET /loginSuccessful HTTP/1.1" 200 650
0:0:0:0:0:0:0:1 - - [21/Oct/2020:21:32:41 -0700] "GET /searchCourses HTTP/1.1" 200 549
0:0:0:0:0:0:0:1 - - [21/Oct/2020:21:32:42 -0700] "GET /searchCoursesByTitle?title=COMSC-75 HTTP/1.1" 200 1621
0:0:0:0:0:0:0:1 - - [21/Oct/2020:21:33:04 -0700] "GET /registerForClassess?regIdClasses=10101 HTTP/1.1" 302 -
0:0:0:0:0:0:0:1 - - [21/Oct/2020:21:33:04 -0700] "GET /loginSuccessful HTTP/1.1" 200 650
0:0:0:0:0:0:0:1 - - [21/Oct/2020:21:44:02 -0700] "GET /login HTTP/1.1" 200 1657
0:0:0:0:0:0:0:1 - - [21/Oct/2020:21:44:02 -0700] "GET /login HTTP/1.1" 200 1657
0:0:0:0:0:0:0:1 - - [21/Oct/2020:21:44:07 -0700] "POST /doLogin HTTP/1.1" 302 -
0:0:0:0:0:0:0:1 - - [21/Oct/2020:21:44:07 -0700] "GET /loginSuccessful HTTP/1.1" 200 650
0:0:0:0:0:0:0:1 - - [21/Oct/2020:21:44:08 -0700] "GET /searchCourses HTTP/1.1" 200 549
0:0:0:0:0:0:0:1 - - [21/Oct/2020:21:44:09 -0700] "GET /searchCoursesByTitle?title=COMSC-75 HTTP/1.1" 200 1621
0:0:0:0:0:0:0:1 - - [21/Oct/2020:21:44:11 -0700] "GET /registerForClassess?regIdClasses=10101 HTTP/1.1" 302 -
0:0:0:0:0:0:0:1 - - [21/Oct/2020:21:44:11 -0700] "GET /loginSuccessful HTTP/1.1" 200 650
0:0:0:0:0:0:0:1 - - [21/Oct/2020:21:44:48 -0700] "GET /dropClasses HTTP/1.1" 200 1194
0:0:0:0:0:0:0:1 - - [21/Oct/2020:21:44:50 -0700] "POST /dropClasses HTTP/1.1" 302 -
0:0:0:0:0:0:0:1 - - [21/Oct/2020:21:44:50 -0700] "GET /loginSuccessful HTTP/1.1" 200 650
0:0:0:0:0:0:0:1 - - [21/Oct/2020:21:45:15 -0700] "GET /searchCourses HTTP/1.1" 200 549
0:0:0:0:0:0:0:1 - - [21/Oct/2020:21:45:18 -0700] "GET /searchCoursesByTitle?title=COMSC-75 HTTP/1.1" 200 1621
0:0:0:0:0:0:0:1 - - [21/Oct/2020:21:45:22 -0700] "GET /registerForClassess?regIdClasses=10101 HTTP/1.1" 302 -
0:0:0:0:0:0:0:1 - - [21/Oct/2020:21:45:22 -0700] "GET /loginSuccessful HTTP/1.1" 200 650
0:0:0:0:0:0:0:1 - - [21/Oct/2020:21:51:42 -0700] "GET /login HTTP/1.1" 200 1657
0:0:0:0:0:0:0:1 - - [21/Oct/2020:21:51:42 -0700] "GET /login HTTP/1.1" 200 1657
0:0:0:0:0:0:0:1 - - [21/Oct/2020:21:51:46 -0700] "POST /doLogin HTTP/1.1" 302 -
0:0:0:0:0:0:0:1 - - [21/Oct/2020:21:51:46 -0700] "GET /loginSuccessful HTTP/1.1" 200 650
0:0:0:0:0:0:0:1 - - [21/Oct/2020:21:51:47 -0700] "GET /searchCourses HTTP/1.1" 200 549
0:0:0:0:0:0:0:1 - - [21/Oct/2020:21:51:49 -0700] "GET /searchCoursesByTitle?title=COMSC-75 HTTP/1.1" 200 1621
0:0:0:0:0:0:0:1 - - [21/Oct/2020:21:51:51 -0700] "GET /registerForClassess?regIdClasses=10101 HTTP/1.1" 302 -
0:0:0:0:0:0:0:1 - - [21/Oct/2020:21:51:51 -0700] "GET /loginSuccessful HTTP/1.1" 200 650
0:0:0:0:0:0:0:1 - - [21/Oct/2020:21:52:40 -0700] "GET /dropClasses HTTP/1.1" 200 1194
0:0:0:0:0:0:0:1 - - [21/Oct/2020:21:52:44 -0700] "POST /dropClasses HTTP/1.1" 302 -
0:0:0:0:0:0:0:1 - - [21/Oct/2020:21:52:44 -0700] "GET /loginSuccessful HTTP/1.1" 200 650
0:0:0:0:0:0:0:1 - - [21/Oct/2020:21:53:11 -0700] "GET /searchCourses HTTP/1.1" 200 549
0:0:0:0:0:0:0:1 - - [21/Oct/2020:21:53:12 -0700] "GET /searchCoursesByTitle?title=COMSC-75 HTTP/1.1" 200 1621
0:0:0:0:0:0:0:1 - - [21/Oct/2020:21:53:15 -0700] "GET /registerForClassess?regIdClasses=10101 HTTP/1.1" 302 -
0:0:0:0:0:0:0:1 - - [21/Oct/2020:21:53:15 -0700] "GET /loginSuccessful HTTP/1.1" 200 650
0:0:0:0:0:0:0:1 - - [21/Oct/2020:21:58:43 -0700] "GET /login HTTP/1.1" 200 1657
0:0:0:0:0:0:0:1 - - [21/Oct/2020:21:58:43 -0700] "GET /login HTTP/1.1" 200 1657
0:0:0:0:0:0:0:1 - - [21/Oct/2020:21:58:52 -0700] "POST /doLogin HTTP/1.1" 302 -
0:0:0:0:0:0:0:1 - - [21/Oct/2020:21:58:52 -0700] "GET /loginSuccessful HTTP/1.1" 200 650
0:0:0:0:0:0:0:1 - - [21/Oct/2020:21:58:54 -0700] "GET /searchCourses HTTP/1.1" 200 549
0:0:0:0:0:0:0:1 - - [21/Oct/2020:21:58:55 -0700] "GET /searchCoursesByTitle?title=COMSC-75 HTTP/1.1" 200 1621
0:0:0:0:0:0:0:1 - - [21/Oct/2020:21:58:59 -0700] "GET /registerForClassess?regIdClasses=10101 HTTP/1.1" 302 -
0:0:0:0:0:0:0:1 - - [21/Oct/2020:21:58:59 -0700] "GET /loginSuccessful HTTP/1.1" 200 650
0:0:0:0:0:0:0:1 - - [21/Oct/2020:21:59:20 -0700] "GET /dropClasses HTTP/1.1" 200 1194
0:0:0:0:0:0:0:1 - - [21/Oct/2020:21:59:24 -0700] "POST /dropClasses HTTP/1.1" 302 -
0:0:0:0:0:0:0:1 - - [21/Oct/2020:21:59:24 -0700] "GET /loginSuccessful HTTP/1.1" 200 650
0:0:0:0:0:0:0:1 - - [21/Oct/2020:21:59:32 -0700] "GET /searchCourses HTTP/1.1" 200 549
0:0:0:0:0:0:0:1 - - [21/Oct/2020:21:59:34 -0700] "GET /searchCoursesByTitle?title=COMSC-75 HTTP/1.1" 200 1621
0:0:0:0:0:0:0:1 - - [21/Oct/2020:21:59:36 -0700] "GET /registerForClassess?regIdClasses=10101 HTTP/1.1" 302 -
0:0:0:0:0:0:0:1 - - [21/Oct/2020:21:59:36 -0700] "GET /loginSuccessful HTTP/1.1" 200 650
192.168.1.200 - - [21/Oct/2020:22:25:21 -0700] "GET / HTTP/1.1" 302 -
192.168.1.200 - - [21/Oct/2020:22:25:21 -0700] "GET /login HTTP/1.1" 200 1657
192.168.1.200 - - [21/Oct/2020:22:25:57 -0700] "GET / HTTP/1.1" 302 -
192.168.1.200 - - [21/Oct/2020:22:25:57 -0700] "GET /login HTTP/1.1" 200 1657
192.168.1.200 - - [21/Oct/2020:22:26:03 -0700] "GET / HTTP/1.1" 302 -
192.168.1.200 - - [21/Oct/2020:22:26:03 -0700] "GET /login HTTP/1.1" 200 1657
0:0:0:0:0:0:0:1 - - [21/Oct/2020:23:02:58 -0700] "GET /login HTTP/1.1" 200 1657
0:0:0:0:0:0:0:1 - - [21/Oct/2020:23:02:58 -0700] "GET /login HTTP/1.1" 200 1657
0:0:0:0:0:0:0:1 - - [21/Oct/2020:23:03:02 -0700] "POST /doLogin HTTP/1.1" 302 -
0:0:0:0:0:0:0:1 - - [21/Oct/2020:23:03:02 -0700] "GET /loginSuccessful HTTP/1.1" 200 650
0:0:0:0:0:0:0:1 - - [21/Oct/2020:23:03:03 -0700] "GET /searchCourses HTTP/1.1" 200 549
0:0:0:0:0:0:0:1 - - [21/Oct/2020:23:03:04 -0700] "GET /searchCoursesByTitle?title=COMSC-75 HTTP/1.1" 200 1621
0:0:0:0:0:0:0:1 - - [21/Oct/2020:23:03:07 -0700] "GET /registerForClassess?regIdClasses=10101 HTTP/1.1" 302 -
0:0:0:0:0:0:0:1 - - [21/Oct/2020:23:03:07 -0700] "GET /loginSuccessful HTTP/1.1" 200 650
0:0:0:0:0:0:0:1 - - [21/Oct/2020:23:03:17 -0700] "GET /searchCourses HTTP/1.1" 200 549
0:0:0:0:0:0:0:1 - - [21/Oct/2020:23:03:20 -0700] "GET /searchCoursesByTitle?title=COMSC-75 HTTP/1.1" 200 1621
0:0:0:0:0:0:0:1 - - [21/Oct/2020:23:03:22 -0700] "GET /registerForClassess?regIdClasses=10101 HTTP/1.1" 302 -
0:0:0:0:0:0:0:1 - - [21/Oct/2020:23:03:22 -0700] "GET /registerFailed HTTP/1.1" 200 637
0:0:0:0:0:0:0:1 - - [21/Oct/2020:23:03:36 -0700] "GET /searchCoursesByTitle?title=COMSC-75 HTTP/1.1" 200 1621
0:0:0:0:0:0:0:1 - - [21/Oct/2020:23:03:37 -0700] "GET /searchCourses HTTP/1.1" 200 549
0:0:0:0:0:0:0:1 - - [21/Oct/2020:23:03:38 -0700] "GET /loginSuccessful HTTP/1.1" 200 650
0:0:0:0:0:0:0:1 - - [21/Oct/2020:23:03:40 -0700] "GET /dropClasses HTTP/1.1" 200 1194
0:0:0:0:0:0:0:1 - - [21/Oct/2020:23:05:17 -0700] "POST /dropClasses HTTP/1.1" 302 -
0:0:0:0:0:0:0:1 - - [21/Oct/2020:23:05:17 -0700] "GET /loginSuccessful HTTP/1.1" 200 650
0:0:0:0:0:0:0:1 - - [21/Oct/2020:23:05:33 -0700] "GET /searchCourses HTTP/1.1" 200 549
0:0:0:0:0:0:0:1 - - [21/Oct/2020:23:05:35 -0700] "GET /searchCoursesByTitle?title=COMSC-75 HTTP/1.1" 200 1621
0:0:0:0:0:0:0:1 - - [21/Oct/2020:23:05:47 -0700] "GET /registerForClassess?regIdClasses=10101 HTTP/1.1" 302 -
0:0:0:0:0:0:0:1 - - [21/Oct/2020:23:05:47 -0700] "GET /loginSuccessful HTTP/1.1" 200 650
0:0:0:0:0:0:0:1 - - [21/Oct/2020:23:09:42 -0700] "GET /login HTTP/1.1" 200 1657
0:0:0:0:0:0:0:1 - - [21/Oct/2020:23:09:42 -0700] "GET /login HTTP/1.1" 200 1657
0:0:0:0:0:0:0:1 - - [21/Oct/2020:23:09:45 -0700] "POST /doLogin HTTP/1.1" 302 -
0:0:0:0:0:0:0:1 - - [21/Oct/2020:23:09:45 -0700] "GET /loginSuccessful HTTP/1.1" 200 650
0:0:0:0:0:0:0:1 - - [21/Oct/2020:23:09:47 -0700] "GET /searchCourses HTTP/1.1" 200 549
0:0:0:0:0:0:0:1 - - [21/Oct/2020:23:09:48 -0700] "GET /searchCoursesByTitle?title=COMSC-75 HTTP/1.1" 200 1621
0:0:0:0:0:0:0:1 - - [21/Oct/2020:23:09:57 -0700] "GET /registerForClassess?regIdClasses=10101 HTTP/1.1" 302 -
0:0:0:0:0:0:0:1 - - [21/Oct/2020:23:09:57 -0700] "GET /loginSuccessful HTTP/1.1" 200 650
0:0:0:0:0:0:0:1 - - [21/Oct/2020:23:10:06 -0700] "GET /dropClasses HTTP/1.1" 200 1194
0:0:0:0:0:0:0:1 - - [21/Oct/2020:23:10:10 -0700] "POST /dropClasses HTTP/1.1" 302 -
0:0:0:0:0:0:0:1 - - [21/Oct/2020:23:10:10 -0700] "GET /loginSuccessful HTTP/1.1" 200 650
0:0:0:0:0:0:0:1 - - [21/Oct/2020:23:10:24 -0700] "GET /searchCourses HTTP/1.1" 200 549
0:0:0:0:0:0:0:1 - - [21/Oct/2020:23:10:25 -0700] "GET /searchCoursesByTitle?title=COMSC-75 HTTP/1.1" 200 1621
0:0:0:0:0:0:0:1 - - [21/Oct/2020:23:10:39 -0700] "GET /registerForClassess?regIdClasses=10101 HTTP/1.1" 302 -
0:0:0:0:0:0:0:1 - - [21/Oct/2020:23:10:39 -0700] "GET /loginSuccessful HTTP/1.1" 200 650
0:0:0:0:0:0:0:1 - - [21/Oct/2020:23:47:51 -0700] "GET /loginSuccessful HTTP/1.1" 302 -
0:0:0:0:0:0:0:1 - - [21/Oct/2020:23:47:51 -0700] "GET /login HTTP/1.1" 200 1657
0:0:0:0:0:0:0:1 - - [21/Oct/2020:23:47:54 -0700] "GET /login HTTP/1.1" 200 1657
0:0:0:0:0:0:0:1 - - [21/Oct/2020:23:48:04 -0700] "POST /doLogin HTTP/1.1" 302 -
0:0:0:0:0:0:0:1 - - [21/Oct/2020:23:48:04 -0700] "GET /loginSuccessful HTTP/1.1" 200 650
0:0:0:0:0:0:0:1 - - [21/Oct/2020:23:48:05 -0700] "GET /searchCourses HTTP/1.1" 200 549
0:0:0:0:0:0:0:1 - - [21/Oct/2020:23:48:08 -0700] "GET /searchCoursesByTitle?title=COMSC-75 HTTP/1.1" 200 1621
0:0:0:0:0:0:0:1 - - [21/Oct/2020:23:48:10 -0700] "GET /registerForClassess?regIdClasses=10101 HTTP/1.1" 302 -
0:0:0:0:0:0:0:1 - - [21/Oct/2020:23:48:10 -0700] "GET /loginSuccessful HTTP/1.1" 200 650
0:0:0:0:0:0:0:1 - - [21/Oct/2020:23:49:44 -0700] "GET /login HTTP/1.1" 200 1657
0:0:0:0:0:0:0:1 - - [21/Oct/2020:23:49:44 -0700] "GET /login HTTP/1.1" 200 1657
0:0:0:0:0:0:0:1 - - [21/Oct/2020:23:49:47 -0700] "POST /doLogin HTTP/1.1" 302 -
0:0:0:0:0:0:0:1 - - [21/Oct/2020:23:49:47 -0700] "GET /loginSuccessful HTTP/1.1" 200 650
0:0:0:0:0:0:0:1 - - [21/Oct/2020:23:49:48 -0700] "GET /searchCourses HTTP/1.1" 200 549
0:0:0:0:0:0:0:1 - - [21/Oct/2020:23:49:49 -0700] "GET /searchCoursesByTitle?title=COMSC-75 HTTP/1.1" 200 1621
0:0:0:0:0:0:0:1 - - [21/Oct/2020:23:49:52 -0700] "GET /registerForClassess?regIdClasses=10101 HTTP/1.1" 302 -
0:0:0:0:0:0:0:1 - - [21/Oct/2020:23:49:52 -0700] "GET /loginSuccessful HTTP/1.1" 200 650
0:0:0:0:0:0:0:1 - - [21/Oct/2020:23:49:57 -0700] "GET /dropClasses HTTP/1.1" 200 1194
0:0:0:0:0:0:0:1 - - [21/Oct/2020:23:49:59 -0700] "POST /dropClasses HTTP/1.1" 500 13785
0:0:0:0:0:0:0:1 - - [21/Oct/2020:23:54:08 -0700] "GET /login HTTP/1.1" 200 1657
0:0:0:0:0:0:0:1 - - [21/Oct/2020:23:54:13 -0700] "POST /doLogin HTTP/1.1" 302 -
0:0:0:0:0:0:0:1 - - [21/Oct/2020:23:54:13 -0700] "GET /loginSuccessful HTTP/1.1" 200 650
0:0:0:0:0:0:0:1 - - [21/Oct/2020:23:54:21 -0700] "GET /searchCourses HTTP/1.1" 200 549
0:0:0:0:0:0:0:1 - - [21/Oct/2020:23:54:27 -0700] "GET /searchCoursesByTitle?title=COMSC-75 HTTP/1.1" 200 1621
0:0:0:0:0:0:0:1 - - [21/Oct/2020:23:54:29 -0700] "GET /registerForClassess?regIdClasses=10101 HTTP/1.1" 302 -
0:0:0:0:0:0:0:1 - - [21/Oct/2020:23:54:29 -0700] "GET /loginSuccessful HTTP/1.1" 200 650
0:0:0:0:0:0:0:1 - - [21/Oct/2020:23:54:58 -0700] "GET /searchCourses HTTP/1.1" 200 549
0:0:0:0:0:0:0:1 - - [21/Oct/2020:23:55:00 -0700] "GET /loginSuccessful HTTP/1.1" 200 650
0:0:0:0:0:0:0:1 - - [21/Oct/2020:23:55:03 -0700] "GET /searchCourses HTTP/1.1" 200 549
0:0:0:0:0:0:0:1 - - [21/Oct/2020:23:55:04 -0700] "GET /searchCoursesByTitle?title=COMSC-75 HTTP/1.1" 200 1621
0:0:0:0:0:0:0:1 - - [21/Oct/2020:23:55:07 -0700] "GET /registerForClassess?regIdClasses=10101 HTTP/1.1" 302 -
0:0:0:0:0:0:0:1 - - [21/Oct/2020:23:55:07 -0700] "GET /registerFailed HTTP/1.1" 200 637
0:0:0:0:0:0:0:1 - - [21/Oct/2020:23:56:00 -0700] "GET /searchCoursesByTitle?title=COMSC-75 HTTP/1.1" 200 1621
0:0:0:0:0:0:0:1 - - [21/Oct/2020:23:56:00 -0700] "GET /searchCourses HTTP/1.1" 200 549
0:0:0:0:0:0:0:1 - - [21/Oct/2020:23:56:01 -0700] "GET /loginSuccessful HTTP/1.1" 200 650
0:0:0:0:0:0:0:1 - - [21/Oct/2020:23:56:02 -0700] "GET /dropClasses HTTP/1.1" 200 1194
0:0:0:0:0:0:0:1 - - [21/Oct/2020:23:56:05 -0700] "POST /dropClasses HTTP/1.1" 500 13785
0:0:0:0:0:0:0:1 - - [21/Oct/2020:23:56:53 -0700] "GET /login HTTP/1.1" 200 1657
0:0:0:0:0:0:0:1 - - [21/Oct/2020:23:56:55 -0700] "GET /login HTTP/1.1" 200 1657
0:0:0:0:0:0:0:1 - - [21/Oct/2020:23:56:59 -0700] "POST /doLogin HTTP/1.1" 302 -
0:0:0:0:0:0:0:1 - - [21/Oct/2020:23:56:59 -0700] "GET /loginSuccessful HTTP/1.1" 200 650
0:0:0:0:0:0:0:1 - - [21/Oct/2020:23:57:00 -0700] "GET /searchCourses HTTP/1.1" 200 549
0:0:0:0:0:0:0:1 - - [21/Oct/2020:23:57:01 -0700] "GET /searchCoursesByTitle?title=COMSC-75 HTTP/1.1" 200 1621
0:0:0:0:0:0:0:1 - - [21/Oct/2020:23:57:04 -0700] "GET /registerForClassess?regIdClasses=10101 HTTP/1.1" 302 -
0:0:0:0:0:0:0:1 - - [21/Oct/2020:23:57:04 -0700] "GET /loginSuccessful HTTP/1.1" 200 650
0:0:0:0:0:0:0:1 - - [21/Oct/2020:23:57:08 -0700] "GET /dropClasses HTTP/1.1" 200 1194
0:0:0:0:0:0:0:1 - - [21/Oct/2020:23:57:10 -0700] "POST /dropClasses HTTP/1.1" 500 13785
0:0:0:0:0:0:0:1 - - [21/Oct/2020:23:58:14 -0700] "GET /login HTTP/1.1" 200 1657
0:0:0:0:0:0:0:1 - - [21/Oct/2020:23:58:17 -0700] "POST /doLogin HTTP/1.1" 302 -
0:0:0:0:0:0:0:1 - - [21/Oct/2020:23:58:17 -0700] "GET /loginSuccessful HTTP/1.1" 200 650
0:0:0:0:0:0:0:1 - - [21/Oct/2020:23:58:18 -0700] "GET /searchCourses HTTP/1.1" 200 549
0:0:0:0:0:0:0:1 - - [21/Oct/2020:23:58:20 -0700] "GET /searchCoursesByTitle?title=COMSC-75 HTTP/1.1" 200 1621
0:0:0:0:0:0:0:1 - - [21/Oct/2020:23:58:23 -0700] "GET /registerForClassess?regIdClasses=10101 HTTP/1.1" 302 -
0:0:0:0:0:0:0:1 - - [21/Oct/2020:23:58:23 -0700] "GET /loginSuccessful HTTP/1.1" 200 650
0:0:0:0:0:0:0:1 - - [21/Oct/2020:23:58:24 -0700] "GET /dropClasses HTTP/1.1" 200 1194
0:0:0:0:0:0:0:1 - - [21/Oct/2020:23:58:26 -0700] "POST /dropClasses HTTP/1.1" 302 -
0:0:0:0:0:0:0:1 - - [21/Oct/2020:23:58:26 -0700] "GET /loginSuccessful HTTP/1.1" 200 650
0:0:0:0:0:0:0:1 - - [21/Oct/2020:23:58:41 -0700] "GET /searchCourses HTTP/1.1" 200 549
0:0:0:0:0:0:0:1 - - [21/Oct/2020:23:58:48 -0700] "GET /searchCoursesByTitle?title=COMSC-75 HTTP/1.1" 200 1621
0:0:0:0:0:0:0:1 - - [21/Oct/2020:23:58:50 -0700] "GET /registerForClassess?regIdClasses=10101 HTTP/1.1" 302 -
0:0:0:0:0:0:0:1 - - [21/Oct/2020:23:58:50 -0700] "GET /loginSuccessful HTTP/1.1" 200 650
0:0:0:0:0:0:0:1 - - [21/Oct/2020:23:59:44 -0700] "GET /login HTTP/1.1" 200 1657
0:0:0:0:0:0:0:1 - - [21/Oct/2020:23:59:53 -0700] "POST /doLogin HTTP/1.1" 302 -
0:0:0:0:0:0:0:1 - - [21/Oct/2020:23:59:53 -0700] "GET /loginSuccessful HTTP/1.1" 200 650
0:0:0:0:0:0:0:1 - - [21/Oct/2020:23:59:54 -0700] "GET /searchCourses HTTP/1.1" 200 549
0:0:0:0:0:0:0:1 - - [21/Oct/2020:23:59:55 -0700] "GET /searchCoursesByTitle?title=COMSC-75 HTTP/1.1" 200 1621
0:0:0:0:0:0:0:1 - - [21/Oct/2020:23:59:59 -0700] "GET /registerForClassess?regIdClasses=10101 HTTP/1.1" 302 -
0:0:0:0:0:0:0:1 - - [21/Oct/2020:23:59:59 -0700] "GET /loginSuccessful HTTP/1.1" 200 650
