0:0:0:0:0:0:0:1 - - [01/Nov/2020:00:15:51 -0700] "GET /loginSuccessful HTTP/1.1" 200 650
0:0:0:0:0:0:0:1 - - [01/Nov/2020:00:15:51 -0700] "GET /searchCourses HTTP/1.1" 200 857
0:0:0:0:0:0:0:1 - - [01/Nov/2020:00:15:52 -0700] "GET /searchCoursesByArea?area=Computer_Science HTTP/1.1" 200 3099
0:0:0:0:0:0:0:1 - - [01/Nov/2020:00:15:55 -0700] "POST /registerForClassess HTTP/1.1" 302 -
0:0:0:0:0:0:0:1 - - [01/Nov/2020:00:15:55 -0700] "GET /loginSuccessful HTTP/1.1" 200 721
0:0:0:0:0:0:0:1 - - [01/Nov/2020:00:16:40 -0700] "GET /loginSuccessful HTTP/1.1" 200 650
0:0:0:0:0:0:0:1 - - [01/Nov/2020:00:16:40 -0700] "GET /searchCourses HTTP/1.1" 200 857
0:0:0:0:0:0:0:1 - - [01/Nov/2020:00:16:41 -0700] "GET /searchCoursesByArea?area=Computer_Science HTTP/1.1" 200 3099
0:0:0:0:0:0:0:1 - - [01/Nov/2020:00:16:43 -0700] "POST /registerForClassess HTTP/1.1" 302 -
0:0:0:0:0:0:0:1 - - [01/Nov/2020:00:16:43 -0700] "GET /loginSuccessful HTTP/1.1" 200 650
0:0:0:0:0:0:0:1 - - [01/Nov/2020:00:16:50 -0700] "GET /searchCourses HTTP/1.1" 200 857
0:0:0:0:0:0:0:1 - - [01/Nov/2020:00:16:51 -0700] "GET /searchCoursesByArea?area=Computer_Science HTTP/1.1" 200 3099
0:0:0:0:0:0:0:1 - - [01/Nov/2020:00:17:02 -0700] "POST /registerForClassess HTTP/1.1" 302 -
0:0:0:0:0:0:0:1 - - [01/Nov/2020:00:17:02 -0700] "GET /searchCourses HTTP/1.1" 200 918
0:0:0:0:0:0:0:1 - - [01/Nov/2020:00:17:09 -0700] "GET /searchCoursesByArea?area=Computer_Science HTTP/1.1" 200 3099
0:0:0:0:0:0:0:1 - - [01/Nov/2020:00:17:20 -0700] "POST /registerForClassess HTTP/1.1" 302 -
0:0:0:0:0:0:0:1 - - [01/Nov/2020:00:17:20 -0700] "GET /searchCourses HTTP/1.1" 200 918
0:0:0:0:0:0:0:1 - - [01/Nov/2020:00:18:42 -0700] "GET /searchCoursesByArea?area=Computer_Science HTTP/1.1" 200 3099
0:0:0:0:0:0:0:1 - - [01/Nov/2020:00:19:25 -0700] "GET /searchCoursesByArea?area=Computer_Science HTTP/1.1" 200 3085
0:0:0:0:0:0:0:1 - - [01/Nov/2020:00:19:31 -0700] "POST /check HTTP/1.1" 500 8911
0:0:0:0:0:0:0:1 - - [01/Nov/2020:00:19:34 -0700] "GET /searchCoursesByArea?area=Computer_Science HTTP/1.1" 200 3085
0:0:0:0:0:0:0:1 - - [01/Nov/2020:00:21:42 -0700] "GET /searchCoursesByArea?area=Computer_Science HTTP/1.1" 200 3084
0:0:0:0:0:0:0:1 - - [01/Nov/2020:00:21:45 -0700] "POST /test HTTP/1.1" 500 8911
0:0:0:0:0:0:0:1 - - [01/Nov/2020:00:23:14 -0700] "GET /login HTTP/1.1" 200 1657
0:0:0:0:0:0:0:1 - - [01/Nov/2020:00:23:14 -0700] "GET /login HTTP/1.1" 200 1657
0:0:0:0:0:0:0:1 - - [01/Nov/2020:00:23:17 -0700] "POST /doLogin HTTP/1.1" 302 -
0:0:0:0:0:0:0:1 - - [01/Nov/2020:00:23:17 -0700] "GET /loginSuccessful HTTP/1.1" 200 650
0:0:0:0:0:0:0:1 - - [01/Nov/2020:00:23:18 -0700] "GET /searchCourses HTTP/1.1" 200 857
0:0:0:0:0:0:0:1 - - [01/Nov/2020:00:23:19 -0700] "GET /searchCoursesByArea?area=Computer_Science HTTP/1.1" 200 3084
0:0:0:0:0:0:0:1 - - [01/Nov/2020:00:23:21 -0700] "POST /test HTTP/1.1" 302 -
0:0:0:0:0:0:0:1 - - [01/Nov/2020:00:23:21 -0700] "GET /searchCourses HTTP/1.1" 200 900
0:0:0:0:0:0:0:1 - - [01/Nov/2020:00:24:20 -0700] "GET /searchCourses HTTP/1.1" 200 857
0:0:0:0:0:0:0:1 - - [01/Nov/2020:00:24:20 -0700] "GET /searchCoursesByArea?area=Computer_Science HTTP/1.1" 200 3084
0:0:0:0:0:0:0:1 - - [01/Nov/2020:00:24:41 -0700] "POST /test HTTP/1.1" 302 -
0:0:0:0:0:0:0:1 - - [01/Nov/2020:00:24:41 -0700] "GET /searchCourses HTTP/1.1" 200 897
0:0:0:0:0:0:0:1 - - [01/Nov/2020:00:30:48 -0700] "GET /searchCourses HTTP/1.1" 200 857
0:0:0:0:0:0:0:1 - - [01/Nov/2020:00:30:49 -0700] "GET /searchCoursesByArea?area=Computer_Science HTTP/1.1" 200 3099
0:0:0:0:0:0:0:1 - - [01/Nov/2020:00:30:51 -0700] "POST /registerForClassess HTTP/1.1" 302 -
0:0:0:0:0:0:0:1 - - [01/Nov/2020:00:30:51 -0700] "GET /searchCourses HTTP/1.1" 200 915
0:0:0:0:0:0:0:1 - - [01/Nov/2020:00:34:17 -0700] "GET /searchCourses HTTP/1.1" 200 857
0:0:0:0:0:0:0:1 - - [01/Nov/2020:00:34:18 -0700] "GET /searchCoursesByArea?area=Computer_Science HTTP/1.1" 200 3099
0:0:0:0:0:0:0:1 - - [01/Nov/2020:00:34:25 -0700] "POST /registerForClassess HTTP/1.1" 302 -
0:0:0:0:0:0:0:1 - - [01/Nov/2020:00:34:25 -0700] "GET /searchCourses HTTP/1.1" 200 918
0:0:0:0:0:0:0:1 - - [01/Nov/2020:00:46:19 -0700] "GET /searchCourses HTTP/1.1" 200 857
0:0:0:0:0:0:0:1 - - [01/Nov/2020:00:46:20 -0700] "GET /searchCoursesByArea?area=Computer_Science HTTP/1.1" 200 3099
0:0:0:0:0:0:0:1 - - [01/Nov/2020:00:46:27 -0700] "POST /registerForClassess HTTP/1.1" 500 9076
0:0:0:0:0:0:0:1 - - [01/Nov/2020:01:10:01 -0700] "GET /login HTTP/1.1" 200 1657
0:0:0:0:0:0:0:1 - - [01/Nov/2020:01:10:01 -0700] "GET /login HTTP/1.1" 200 1657
0:0:0:0:0:0:0:1 - - [01/Nov/2020:01:10:04 -0700] "POST /doLogin HTTP/1.1" 302 -
0:0:0:0:0:0:0:1 - - [01/Nov/2020:01:10:04 -0700] "GET /loginSuccessful HTTP/1.1" 200 650
0:0:0:0:0:0:0:1 - - [01/Nov/2020:01:10:05 -0700] "GET /searchCourses HTTP/1.1" 200 857
0:0:0:0:0:0:0:1 - - [01/Nov/2020:01:10:05 -0700] "GET /searchCoursesByArea?area=Computer_Science HTTP/1.1" 200 3099
0:0:0:0:0:0:0:1 - - [01/Nov/2020:01:10:11 -0700] "POST /registerForClassess HTTP/1.1" 302 -
0:0:0:0:0:0:0:1 - - [01/Nov/2020:01:10:11 -0700] "GET /searchCourses HTTP/1.1" 200 913
0:0:0:0:0:0:0:1 - - [01/Nov/2020:01:10:33 -0700] "GET /searchCoursesByArea?area=Computer_Science HTTP/1.1" 200 3099
0:0:0:0:0:0:0:1 - - [01/Nov/2020:01:10:34 -0700] "GET /loginSuccessful HTTP/1.1" 200 650
0:0:0:0:0:0:0:1 - - [01/Nov/2020:01:10:36 -0700] "GET /dropClasses HTTP/1.1" 200 1194
0:0:0:0:0:0:0:1 - - [01/Nov/2020:01:10:37 -0700] "POST /dropClasses HTTP/1.1" 302 -
0:0:0:0:0:0:0:1 - - [01/Nov/2020:01:10:37 -0700] "GET /loginSuccessful HTTP/1.1" 200 650
0:0:0:0:0:0:0:1 - - [01/Nov/2020:01:10:38 -0700] "GET /searchCourses HTTP/1.1" 200 857
0:0:0:0:0:0:0:1 - - [01/Nov/2020:01:10:39 -0700] "GET /searchCoursesByArea?area=Computer_Science HTTP/1.1" 200 3099
0:0:0:0:0:0:0:1 - - [01/Nov/2020:01:10:47 -0700] "POST /registerForClassess HTTP/1.1" 302 -
0:0:0:0:0:0:0:1 - - [01/Nov/2020:01:10:47 -0700] "GET /searchCourses HTTP/1.1" 200 964
0:0:0:0:0:0:0:1 - - [01/Nov/2020:01:11:58 -0700] "GET /searchCourses HTTP/1.1" 200 857
0:0:0:0:0:0:0:1 - - [01/Nov/2020:01:11:58 -0700] "GET /searchCoursesByArea?area=Computer_Science HTTP/1.1" 200 3099
0:0:0:0:0:0:0:1 - - [01/Nov/2020:01:12:05 -0700] "POST /registerForClassess HTTP/1.1" 302 -
0:0:0:0:0:0:0:1 - - [01/Nov/2020:01:12:05 -0700] "GET /searchCourses HTTP/1.1" 200 964
0:0:0:0:0:0:0:1 - - [01/Nov/2020:01:15:28 -0700] "GET /searchCourses HTTP/1.1" 200 857
0:0:0:0:0:0:0:1 - - [01/Nov/2020:01:15:29 -0700] "GET /searchCoursesByArea?area=Computer_Science HTTP/1.1" 200 3099
0:0:0:0:0:0:0:1 - - [01/Nov/2020:01:16:04 -0700] "GET /searchCoursesByArea?area=Computer_Science HTTP/1.1" 200 3099
0:0:0:0:0:0:0:1 - - [01/Nov/2020:01:16:08 -0700] "POST /registerForClassess HTTP/1.1" 302 -
0:0:0:0:0:0:0:1 - - [01/Nov/2020:01:16:08 -0700] "GET /searchCourses HTTP/1.1" 200 964
0:0:0:0:0:0:0:1 - - [01/Nov/2020:01:17:35 -0700] "GET /searchCourses HTTP/1.1" 200 857
0:0:0:0:0:0:0:1 - - [01/Nov/2020:01:17:36 -0700] "GET /searchCoursesByArea?area=Computer_Science HTTP/1.1" 200 3099
0:0:0:0:0:0:0:1 - - [01/Nov/2020:01:17:39 -0700] "POST /registerForClassess HTTP/1.1" 302 -
0:0:0:0:0:0:0:1 - - [01/Nov/2020:01:17:39 -0700] "GET /searchCourses HTTP/1.1" 200 964
0:0:0:0:0:0:0:1 - - [01/Nov/2020:01:18:08 -0700] "GET /searchCourses HTTP/1.1" 200 857
0:0:0:0:0:0:0:1 - - [01/Nov/2020:01:18:08 -0700] "GET /searchCoursesByArea?area=Computer_Science HTTP/1.1" 200 3099
0:0:0:0:0:0:0:1 - - [01/Nov/2020:01:18:12 -0700] "POST /registerForClassess HTTP/1.1" 302 -
0:0:0:0:0:0:0:1 - - [01/Nov/2020:01:18:12 -0700] "GET /searchCourses HTTP/1.1" 200 964
0:0:0:0:0:0:0:1 - - [01/Nov/2020:01:26:27 -0700] "GET /searchCourses HTTP/1.1" 200 857
0:0:0:0:0:0:0:1 - - [01/Nov/2020:01:26:28 -0700] "GET /searchCoursesByArea?area=Computer_Science HTTP/1.1" 200 3099
0:0:0:0:0:0:0:1 - - [01/Nov/2020:01:26:34 -0700] "POST /registerForClassess HTTP/1.1" 302 -
0:0:0:0:0:0:0:1 - - [01/Nov/2020:01:26:34 -0700] "GET /searchCourses HTTP/1.1" 200 964
0:0:0:0:0:0:0:1 - - [01/Nov/2020:01:29:53 -0700] "GET /searchCourses HTTP/1.1" 200 857
0:0:0:0:0:0:0:1 - - [01/Nov/2020:01:29:54 -0700] "GET /searchCoursesByArea?area=Computer_Science HTTP/1.1" 200 3099
0:0:0:0:0:0:0:1 - - [01/Nov/2020:01:29:58 -0700] "POST /registerForClassess HTTP/1.1" 302 -
0:0:0:0:0:0:0:1 - - [01/Nov/2020:01:29:58 -0700] "GET /searchCourses HTTP/1.1" 200 918
0:0:0:0:0:0:0:1 - - [01/Nov/2020:01:30:02 -0700] "GET /searchCoursesByArea?area=Computer_Science HTTP/1.1" 200 3099
0:0:0:0:0:0:0:1 - - [01/Nov/2020:01:30:17 -0700] "POST /registerForClassess HTTP/1.1" 302 -
0:0:0:0:0:0:0:1 - - [01/Nov/2020:01:30:17 -0700] "GET /searchCourses HTTP/1.1" 200 925
0:0:0:0:0:0:0:1 - - [01/Nov/2020:01:30:23 -0700] "GET /searchCoursesByArea?area=Computer_Science HTTP/1.1" 200 3099
0:0:0:0:0:0:0:1 - - [01/Nov/2020:01:30:43 -0700] "POST /registerForClassess HTTP/1.1" 302 -
0:0:0:0:0:0:0:1 - - [01/Nov/2020:01:30:43 -0700] "GET /searchCourses HTTP/1.1" 200 925
0:0:0:0:0:0:0:1 - - [01/Nov/2020:01:30:53 -0700] "GET /searchCoursesByArea?area=Computer_Science HTTP/1.1" 200 3099
0:0:0:0:0:0:0:1 - - [01/Nov/2020:01:31:45 -0700] "GET /searchCoursesByArea?area=Computer_Science HTTP/1.1" 200 3099
0:0:0:0:0:0:0:1 - - [01/Nov/2020:01:31:47 -0700] "POST /registerForClassess HTTP/1.1" 302 -
0:0:0:0:0:0:0:1 - - [01/Nov/2020:01:31:47 -0700] "GET /searchCourses HTTP/1.1" 200 907
0:0:0:0:0:0:0:1 - - [01/Nov/2020:01:32:53 -0700] "GET /searchCourses HTTP/1.1" 200 857
0:0:0:0:0:0:0:1 - - [01/Nov/2020:01:33:02 -0700] "GET /searchCoursesByArea?area=Computer_Science HTTP/1.1" 200 3099
0:0:0:0:0:0:0:1 - - [01/Nov/2020:01:33:14 -0700] "POST /registerForClassess HTTP/1.1" 302 -
0:0:0:0:0:0:0:1 - - [01/Nov/2020:01:33:14 -0700] "GET /searchCourses HTTP/1.1" 200 925
0:0:0:0:0:0:0:1 - - [01/Nov/2020:01:41:28 -0700] "GET /searchCourses HTTP/1.1" 200 857
0:0:0:0:0:0:0:1 - - [01/Nov/2020:01:44:59 -0700] "GET /searchCourses HTTP/1.1" 200 857
0:0:0:0:0:0:0:1 - - [01/Nov/2020:01:45:00 -0700] "GET /searchCoursesByArea?area=Computer_Science HTTP/1.1" 200 3099
0:0:0:0:0:0:0:1 - - [01/Nov/2020:01:45:08 -0700] "POST /registerForClassess HTTP/1.1" 302 -
0:0:0:0:0:0:0:1 - - [01/Nov/2020:01:45:08 -0700] "GET /searchCourses HTTP/1.1" 200 907
0:0:0:0:0:0:0:1 - - [01/Nov/2020:01:45:10 -0700] "GET /searchCoursesByArea?area=Computer_Science HTTP/1.1" 200 3099
0:0:0:0:0:0:0:1 - - [01/Nov/2020:01:45:14 -0700] "POST /registerForClassess HTTP/1.1" 302 -
0:0:0:0:0:0:0:1 - - [01/Nov/2020:01:45:14 -0700] "GET /searchCourses HTTP/1.1" 200 918
0:0:0:0:0:0:0:1 - - [01/Nov/2020:01:48:44 -0700] "GET /searchCourses HTTP/1.1" 200 857
0:0:0:0:0:0:0:1 - - [01/Nov/2020:01:48:44 -0700] "GET /searchCoursesByArea?area=Computer_Science HTTP/1.1" 200 3099
0:0:0:0:0:0:0:1 - - [01/Nov/2020:01:48:48 -0700] "POST /registerForClassess HTTP/1.1" 302 -
0:0:0:0:0:0:0:1 - - [01/Nov/2020:01:48:48 -0700] "GET /searchCourses HTTP/1.1" 200 907
0:0:0:0:0:0:0:1 - - [01/Nov/2020:01:48:49 -0700] "GET /searchCoursesByArea?area=Computer_Science HTTP/1.1" 200 3099
0:0:0:0:0:0:0:1 - - [01/Nov/2020:01:48:50 -0700] "POST /registerForClassess HTTP/1.1" 302 -
0:0:0:0:0:0:0:1 - - [01/Nov/2020:01:48:50 -0700] "GET /searchCourses HTTP/1.1" 200 918
0:0:0:0:0:0:0:1 - - [01/Nov/2020:01:52:09 -0700] "GET /searchCourses HTTP/1.1" 200 857
0:0:0:0:0:0:0:1 - - [01/Nov/2020:01:52:10 -0700] "GET /searchCoursesByArea?area=Computer_Science HTTP/1.1" 200 3099
0:0:0:0:0:0:0:1 - - [01/Nov/2020:01:52:12 -0700] "POST /registerForClassess HTTP/1.1" 302 -
0:0:0:0:0:0:0:1 - - [01/Nov/2020:01:52:12 -0700] "GET /searchCourses HTTP/1.1" 200 907
0:0:0:0:0:0:0:1 - - [01/Nov/2020:01:52:13 -0700] "GET /searchCoursesByArea?area=Computer_Science HTTP/1.1" 200 3099
0:0:0:0:0:0:0:1 - - [01/Nov/2020:01:52:15 -0700] "POST /registerForClassess HTTP/1.1" 302 -
0:0:0:0:0:0:0:1 - - [01/Nov/2020:01:52:15 -0700] "GET /searchCourses HTTP/1.1" 200 918
0:0:0:0:0:0:0:1 - - [01/Nov/2020:01:54:15 -0700] "GET /searchCourses HTTP/1.1" 200 857
0:0:0:0:0:0:0:1 - - [01/Nov/2020:01:54:16 -0700] "GET /searchCoursesByArea?area=Computer_Science HTTP/1.1" 200 3099
0:0:0:0:0:0:0:1 - - [01/Nov/2020:01:54:17 -0700] "POST /registerForClassess HTTP/1.1" 302 -
0:0:0:0:0:0:0:1 - - [01/Nov/2020:01:54:17 -0700] "GET /searchCourses HTTP/1.1" 200 918
0:0:0:0:0:0:0:1 - - [01/Nov/2020:01:54:18 -0700] "GET /searchCoursesByArea?area=Computer_Science HTTP/1.1" 200 3099
0:0:0:0:0:0:0:1 - - [01/Nov/2020:01:54:20 -0700] "POST /registerForClassess HTTP/1.1" 302 -
0:0:0:0:0:0:0:1 - - [01/Nov/2020:01:54:20 -0700] "GET /searchCourses HTTP/1.1" 200 918
0:0:0:0:0:0:0:1 - - [01/Nov/2020:01:58:43 -0700] "GET /searchCourses HTTP/1.1" 200 857
0:0:0:0:0:0:0:1 - - [01/Nov/2020:01:58:44 -0700] "GET /searchCoursesByArea?area=Computer_Science HTTP/1.1" 200 3099
0:0:0:0:0:0:0:1 - - [01/Nov/2020:01:58:47 -0700] "POST /registerForClassess HTTP/1.1" 302 -
0:0:0:0:0:0:0:1 - - [01/Nov/2020:01:58:47 -0700] "GET /searchCourses HTTP/1.1" 200 918
0:0:0:0:0:0:0:1 - - [01/Nov/2020:01:00:52 -0800] "GET /searchCourses HTTP/1.1" 200 857
0:0:0:0:0:0:0:1 - - [01/Nov/2020:01:00:53 -0800] "GET /searchCoursesByArea?area=Computer_Science HTTP/1.1" 200 3099
0:0:0:0:0:0:0:1 - - [01/Nov/2020:01:01:00 -0800] "POST /registerForClassess HTTP/1.1" 302 -
0:0:0:0:0:0:0:1 - - [01/Nov/2020:01:01:00 -0800] "GET /searchCourses HTTP/1.1" 200 918
0:0:0:0:0:0:0:1 - - [01/Nov/2020:01:01:27 -0800] "GET /searchCourses HTTP/1.1" 200 857
0:0:0:0:0:0:0:1 - - [01/Nov/2020:01:01:28 -0800] "GET /searchCoursesByArea?area=Computer_Science HTTP/1.1" 200 3099
0:0:0:0:0:0:0:1 - - [01/Nov/2020:01:01:33 -0800] "POST /registerForClassess HTTP/1.1" 302 -
0:0:0:0:0:0:0:1 - - [01/Nov/2020:01:01:33 -0800] "GET /searchCourses HTTP/1.1" 200 914
0:0:0:0:0:0:0:1 - - [01/Nov/2020:01:01:36 -0800] "GET /searchCoursesByArea?area=Computer_Science HTTP/1.1" 200 3099
0:0:0:0:0:0:0:1 - - [01/Nov/2020:01:01:38 -0800] "POST /registerForClassess HTTP/1.1" 302 -
0:0:0:0:0:0:0:1 - - [01/Nov/2020:01:01:38 -0800] "GET /searchCourses HTTP/1.1" 200 914
0:0:0:0:0:0:0:1 - - [01/Nov/2020:01:01:39 -0800] "GET /searchCoursesByArea?area=Computer_Science HTTP/1.1" 200 3099
0:0:0:0:0:0:0:1 - - [01/Nov/2020:01:01:43 -0800] "POST /registerForClassess HTTP/1.1" 302 -
0:0:0:0:0:0:0:1 - - [01/Nov/2020:01:01:43 -0800] "GET /searchCourses HTTP/1.1" 200 907
0:0:0:0:0:0:0:1 - - [01/Nov/2020:01:19:59 -0800] "GET /searchCourses HTTP/1.1" 200 857
0:0:0:0:0:0:0:1 - - [01/Nov/2020:01:20:00 -0800] "GET /searchCoursesByArea?area=Computer_Science HTTP/1.1" 200 3099
0:0:0:0:0:0:0:1 - - [01/Nov/2020:01:20:10 -0800] "POST /registerForClassess HTTP/1.1" 302 -
0:0:0:0:0:0:0:1 - - [01/Nov/2020:01:20:10 -0800] "GET /searchCourses HTTP/1.1" 200 918
0:0:0:0:0:0:0:1 - - [01/Nov/2020:01:20:14 -0800] "GET /searchCoursesByArea?area=Computer_Science HTTP/1.1" 200 3099
0:0:0:0:0:0:0:1 - - [01/Nov/2020:01:20:16 -0800] "POST /registerForClassess HTTP/1.1" 302 -
0:0:0:0:0:0:0:1 - - [01/Nov/2020:01:20:16 -0800] "GET /searchCourses HTTP/1.1" 200 918
0:0:0:0:0:0:0:1 - - [01/Nov/2020:01:26:45 -0800] "GET /searchCourses HTTP/1.1" 200 857
0:0:0:0:0:0:0:1 - - [01/Nov/2020:01:26:46 -0800] "GET /searchCoursesByArea?area=Computer_Science HTTP/1.1" 200 3099
0:0:0:0:0:0:0:1 - - [01/Nov/2020:01:26:47 -0800] "POST /registerForClassess HTTP/1.1" 302 -
0:0:0:0:0:0:0:1 - - [01/Nov/2020:01:26:47 -0800] "GET /searchCourses HTTP/1.1" 200 907
0:0:0:0:0:0:0:1 - - [01/Nov/2020:01:27:03 -0800] "GET /searchCourses HTTP/1.1" 200 857
0:0:0:0:0:0:0:1 - - [01/Nov/2020:01:27:04 -0800] "GET /searchCoursesByArea?area=Computer_Science HTTP/1.1" 200 3099
0:0:0:0:0:0:0:1 - - [01/Nov/2020:01:27:06 -0800] "POST /registerForClassess HTTP/1.1" 302 -
0:0:0:0:0:0:0:1 - - [01/Nov/2020:01:27:06 -0800] "GET /searchCourses HTTP/1.1" 200 907
0:0:0:0:0:0:0:1 - - [01/Nov/2020:01:27:07 -0800] "GET /searchCoursesByArea?area=Computer_Science HTTP/1.1" 200 3099
0:0:0:0:0:0:0:1 - - [01/Nov/2020:01:27:09 -0800] "POST /registerForClassess HTTP/1.1" 302 -
0:0:0:0:0:0:0:1 - - [01/Nov/2020:01:27:09 -0800] "GET /searchCourses HTTP/1.1" 200 926
0:0:0:0:0:0:0:1 - - [01/Nov/2020:01:27:16 -0800] "GET /searchCoursesByArea?area=Computer_Science HTTP/1.1" 200 3099
0:0:0:0:0:0:0:1 - - [01/Nov/2020:01:27:25 -0800] "POST /registerForClassess HTTP/1.1" 302 -
0:0:0:0:0:0:0:1 - - [01/Nov/2020:01:27:25 -0800] "GET /searchCourses HTTP/1.1" 200 918
0:0:0:0:0:0:0:1 - - [01/Nov/2020:01:28:42 -0800] "GET /searchCoursesByArea?area=Computer_Science HTTP/1.1" 200 3099
0:0:0:0:0:0:0:1 - - [01/Nov/2020:01:28:45 -0800] "POST /registerForClassess HTTP/1.1" 302 -
0:0:0:0:0:0:0:1 - - [01/Nov/2020:01:28:45 -0800] "GET /searchCourses HTTP/1.1" 200 914
0:0:0:0:0:0:0:1 - - [01/Nov/2020:01:30:50 -0800] "GET /searchCoursesByArea?area=Computer_Science HTTP/1.1" 200 3099
0:0:0:0:0:0:0:1 - - [01/Nov/2020:01:30:58 -0800] "POST /registerForClassess HTTP/1.1" 302 -
0:0:0:0:0:0:0:1 - - [01/Nov/2020:01:30:58 -0800] "GET /searchCourses HTTP/1.1" 200 925
0:0:0:0:0:0:0:1 - - [01/Nov/2020:01:31:25 -0800] "GET /searchCoursesByArea?area=Computer_Science HTTP/1.1" 200 3099
0:0:0:0:0:0:0:1 - - [01/Nov/2020:01:31:42 -0800] "GET /loginSuccessful HTTP/1.1" 200 650
0:0:0:0:0:0:0:1 - - [01/Nov/2020:01:31:43 -0800] "GET /dropClasses HTTP/1.1" 200 1194
0:0:0:0:0:0:0:1 - - [01/Nov/2020:01:31:44 -0800] "POST /dropClasses HTTP/1.1" 302 -
0:0:0:0:0:0:0:1 - - [01/Nov/2020:01:31:44 -0800] "GET /loginSuccessful HTTP/1.1" 200 650
0:0:0:0:0:0:0:1 - - [01/Nov/2020:01:31:45 -0800] "GET /searchCourses HTTP/1.1" 200 857
0:0:0:0:0:0:0:1 - - [01/Nov/2020:01:31:47 -0800] "GET /searchCoursesByArea?area=Computer_Science HTTP/1.1" 200 3099
0:0:0:0:0:0:0:1 - - [01/Nov/2020:01:38:11 -0800] "GET /searchCoursesByArea?area=Computer_Science HTTP/1.1" 200 3099
0:0:0:0:0:0:0:1 - - [01/Nov/2020:01:41:58 -0800] "GET /searchCoursesByArea?area=Computer_Science HTTP/1.1" 200 3099
0:0:0:0:0:0:0:1 - - [01/Nov/2020:01:42:06 -0800] "POST /registerForClassess HTTP/1.1" 302 -
0:0:0:0:0:0:0:1 - - [01/Nov/2020:01:42:06 -0800] "GET /searchCourses HTTP/1.1" 200 918
0:0:0:0:0:0:0:1 - - [01/Nov/2020:01:42:09 -0800] "GET /searchCoursesByArea?area=Computer_Science HTTP/1.1" 200 3099
0:0:0:0:0:0:0:1 - - [01/Nov/2020:01:42:14 -0800] "POST /registerForClassess HTTP/1.1" 302 -
0:0:0:0:0:0:0:1 - - [01/Nov/2020:01:42:14 -0800] "GET /searchCourses HTTP/1.1" 200 918
0:0:0:0:0:0:0:1 - - [01/Nov/2020:01:42:17 -0800] "GET /searchCoursesByArea?area=Computer_Science HTTP/1.1" 200 3099
