0:0:0:0:0:0:0:1 - - [20/Dec/2020:11:19:13 -0800] "GET /loginSuccessful HTTP/1.1" 302 -
0:0:0:0:0:0:0:1 - - [20/Dec/2020:11:19:13 -0800] "GET /login HTTP/1.1" 200 5962
0:0:0:0:0:0:0:1 - - [20/Dec/2020:11:19:13 -0800] "GET /css/main.css HTTP/1.1" 302 -
0:0:0:0:0:0:0:1 - - [20/Dec/2020:11:19:13 -0800] "GET /js/action.js HTTP/1.1" 200 -
0:0:0:0:0:0:0:1 - - [20/Dec/2020:11:19:13 -0800] "GET /login HTTP/1.1" 200 5962
192.168.1.200 - - [20/Dec/2020:13:07:16 -0800] "GET / HTTP/1.1" 302 -
192.168.1.200 - - [20/Dec/2020:13:07:16 -0800] "GET /login HTTP/1.1" 200 5962
0:0:0:0:0:0:0:1 - - [20/Dec/2020:13:11:25 -0800] "GET /login HTTP/1.1" 200 5962
0:0:0:0:0:0:0:1 - - [20/Dec/2020:13:11:25 -0800] "GET /css/main.css HTTP/1.1" 302 -
0:0:0:0:0:0:0:1 - - [20/Dec/2020:13:11:25 -0800] "GET /js/action.js HTTP/1.1" 200 -
0:0:0:0:0:0:0:1 - - [20/Dec/2020:13:11:25 -0800] "GET /login HTTP/1.1" 200 5962
0:0:0:0:0:0:0:1 - - [20/Dec/2020:13:11:27 -0800] "GET /login HTTP/1.1" 200 5962
0:0:0:0:0:0:0:1 - - [20/Dec/2020:13:11:27 -0800] "GET /css/main.css HTTP/1.1" 302 -
0:0:0:0:0:0:0:1 - - [20/Dec/2020:13:11:27 -0800] "GET /js/action.js HTTP/1.1" 200 -
0:0:0:0:0:0:0:1 - - [20/Dec/2020:13:11:27 -0800] "GET /login HTTP/1.1" 200 5962
0:0:0:0:0:0:0:1 - - [20/Dec/2020:13:26:37 -0800] "POST /doLogin HTTP/1.1" 302 -
0:0:0:0:0:0:0:1 - - [20/Dec/2020:13:26:37 -0800] "GET /loginSuccessful HTTP/1.1" 200 7848
0:0:0:0:0:0:0:1 - - [20/Dec/2020:13:26:52 -0800] "GET /studentPage HTTP/1.1" 200 940
0:0:0:0:0:0:0:1 - - [20/Dec/2020:13:26:52 -0800] "GET /js/action.js HTTP/1.1" 200 -
0:0:0:0:0:0:0:1 - - [20/Dec/2020:13:26:52 -0800] "GET /css/main.css HTTP/1.1" 200 2929
0:0:0:0:0:0:0:1 - - [20/Dec/2020:13:26:54 -0800] "GET /loginSuccessful HTTP/1.1" 200 7848
0:0:0:0:0:0:0:1 - - [20/Dec/2020:20:29:54 -0800] "GET /loginSuccessful HTTP/1.1" 302 -
0:0:0:0:0:0:0:1 - - [20/Dec/2020:20:29:55 -0800] "GET /login HTTP/1.1" 200 5962
0:0:0:0:0:0:0:1 - - [20/Dec/2020:20:29:55 -0800] "GET /css/main.css HTTP/1.1" 302 -
0:0:0:0:0:0:0:1 - - [20/Dec/2020:20:29:55 -0800] "GET /js/action.js HTTP/1.1" 200 -
0:0:0:0:0:0:0:1 - - [20/Dec/2020:20:29:55 -0800] "GET /login HTTP/1.1" 200 5962
