0:0:0:0:0:0:0:1 - - [28/Oct/2020:00:03:45 -0700] "GET /loginSuccessful HTTP/1.1" 200 650
0:0:0:0:0:0:0:1 - - [28/Oct/2020:00:03:47 -0700] "GET /login HTTP/1.1" 200 1657
0:0:0:0:0:0:0:1 - - [28/Oct/2020:00:03:48 -0700] "GET /login HTTP/1.1" 200 1657
0:0:0:0:0:0:0:1 - - [28/Oct/2020:00:03:58 -0700] "POST /doLogin HTTP/1.1" 302 -
0:0:0:0:0:0:0:1 - - [28/Oct/2020:00:03:58 -0700] "GET /loginSuccessful HTTP/1.1" 200 650
0:0:0:0:0:0:0:1 - - [28/Oct/2020:00:04:00 -0700] "GET /searchCourses HTTP/1.1" 200 549
0:0:0:0:0:0:0:1 - - [28/Oct/2020:00:04:02 -0700] "GET /searchCoursesByTitle?title=COMSC_75 HTTP/1.1" 200 1699
0:0:0:0:0:0:0:1 - - [28/Oct/2020:00:04:05 -0700] "POST /registerForClassess HTTP/1.1" 302 -
0:0:0:0:0:0:0:1 - - [28/Oct/2020:00:04:05 -0700] "GET /loginSuccessful HTTP/1.1" 200 650
0:0:0:0:0:0:0:1 - - [28/Oct/2020:00:13:02 -0700] "GET /loginSuccessful HTTP/1.1" 200 650
0:0:0:0:0:0:0:1 - - [28/Oct/2020:00:13:04 -0700] "GET /searchCourses HTTP/1.1" 200 549
0:0:0:0:0:0:0:1 - - [28/Oct/2020:00:13:05 -0700] "GET /loginSuccessful HTTP/1.1" 200 650
0:0:0:0:0:0:0:1 - - [28/Oct/2020:00:13:06 -0700] "GET /searchCoursesByTitle?title=COMSC_75 HTTP/1.1" 200 1699
0:0:0:0:0:0:0:1 - - [28/Oct/2020:00:13:12 -0700] "GET /login HTTP/1.1" 200 1657
0:0:0:0:0:0:0:1 - - [28/Oct/2020:00:13:12 -0700] "GET /login HTTP/1.1" 200 1657
0:0:0:0:0:0:0:1 - - [28/Oct/2020:00:13:16 -0700] "POST /doLogin HTTP/1.1" 302 -
0:0:0:0:0:0:0:1 - - [28/Oct/2020:00:13:16 -0700] "GET /loginSuccessful HTTP/1.1" 200 650
0:0:0:0:0:0:0:1 - - [28/Oct/2020:00:13:17 -0700] "GET /searchCourses HTTP/1.1" 200 549
0:0:0:0:0:0:0:1 - - [28/Oct/2020:00:13:19 -0700] "GET /searchCoursesByTitle?title=COMSC_75 HTTP/1.1" 200 1699
0:0:0:0:0:0:0:1 - - [28/Oct/2020:00:13:54 -0700] "GET /searchCoursesByTitle?title=COMSC_75 HTTP/1.1" 200 1653
0:0:0:0:0:0:0:1 - - [28/Oct/2020:00:14:00 -0700] "POST /registerForClassess HTTP/1.1" 302 -
0:0:0:0:0:0:0:1 - - [28/Oct/2020:00:14:00 -0700] "GET /loginSuccessful HTTP/1.1" 200 650
0:0:0:0:0:0:0:1 - - [28/Oct/2020:00:14:03 -0700] "GET /login HTTP/1.1" 200 1657
0:0:0:0:0:0:0:1 - - [28/Oct/2020:00:16:10 -0700] "GET /login HTTP/1.1" 200 1657
0:0:0:0:0:0:0:1 - - [28/Oct/2020:00:16:13 -0700] "POST /doLogin HTTP/1.1" 302 -
0:0:0:0:0:0:0:1 - - [28/Oct/2020:00:16:13 -0700] "GET /loginSuccessful HTTP/1.1" 200 650
0:0:0:0:0:0:0:1 - - [28/Oct/2020:00:18:24 -0700] "GET /login HTTP/1.1" 200 1657
0:0:0:0:0:0:0:1 - - [28/Oct/2020:00:18:27 -0700] "POST /doLogin HTTP/1.1" 302 -
0:0:0:0:0:0:0:1 - - [28/Oct/2020:00:18:27 -0700] "POST /doLogin HTTP/1.1" 302 -
0:0:0:0:0:0:0:1 - - [28/Oct/2020:00:18:27 -0700] "GET /loginSuccessful HTTP/1.1" 302 -
0:0:0:0:0:0:0:1 - - [28/Oct/2020:00:18:27 -0700] "GET /login HTTP/1.1" 200 1657
0:0:0:0:0:0:0:1 - - [28/Oct/2020:00:18:30 -0700] "POST /doLogin HTTP/1.1" 302 -
0:0:0:0:0:0:0:1 - - [28/Oct/2020:00:18:30 -0700] "GET /loginSuccessful HTTP/1.1" 200 650
0:0:0:0:0:0:0:1 - - [28/Oct/2020:00:18:32 -0700] "GET /searchCourses HTTP/1.1" 200 549
0:0:0:0:0:0:0:1 - - [28/Oct/2020:00:18:34 -0700] "GET /searchCoursesByTitle?title=COMSC_75 HTTP/1.1" 200 1653
0:0:0:0:0:0:0:1 - - [28/Oct/2020:00:18:36 -0700] "POST /registerForClassess HTTP/1.1" 302 -
0:0:0:0:0:0:0:1 - - [28/Oct/2020:00:18:36 -0700] "GET /loginSuccessful HTTP/1.1" 200 650
0:0:0:0:0:0:0:1 - - [28/Oct/2020:00:18:52 -0700] "GET /login HTTP/1.1" 200 1657
0:0:0:0:0:0:0:1 - - [28/Oct/2020:00:18:52 -0700] "GET /login HTTP/1.1" 200 1657
0:0:0:0:0:0:0:1 - - [28/Oct/2020:00:18:57 -0700] "POST /doLogin HTTP/1.1" 302 -
0:0:0:0:0:0:0:1 - - [28/Oct/2020:00:18:57 -0700] "GET /loginSuccessful HTTP/1.1" 200 650
0:0:0:0:0:0:0:1 - - [28/Oct/2020:00:19:00 -0700] "GET /searchCourses HTTP/1.1" 200 549
0:0:0:0:0:0:0:1 - - [28/Oct/2020:00:19:01 -0700] "GET /searchCoursesByTitle?title=COMSC_75 HTTP/1.1" 200 1653
0:0:0:0:0:0:0:1 - - [28/Oct/2020:00:19:05 -0700] "POST /registerForClassess HTTP/1.1" 302 -
0:0:0:0:0:0:0:1 - - [28/Oct/2020:00:19:05 -0700] "GET /loginSuccessful HTTP/1.1" 200 650
0:0:0:0:0:0:0:1 - - [28/Oct/2020:00:25:39 -0700] "GET /loginSuccessful HTTP/1.1" 200 650
0:0:0:0:0:0:0:1 - - [28/Oct/2020:00:25:41 -0700] "GET /searchCourses HTTP/1.1" 200 549
0:0:0:0:0:0:0:1 - - [28/Oct/2020:00:25:42 -0700] "GET /searchCoursesByTitle?title=COMSC_75 HTTP/1.1" 500 12733
0:0:0:0:0:0:0:1 - - [28/Oct/2020:00:26:11 -0700] "GET /searchCoursesByTitle?title=COMSC_75 HTTP/1.1" 200 1685
0:0:0:0:0:0:0:1 - - [28/Oct/2020:00:26:32 -0700] "GET /searchCoursesByTitle?title=COMSC_75 HTTP/1.1" 200 1692
0:0:0:0:0:0:0:1 - - [28/Oct/2020:00:29:31 -0700] "GET /searchCoursesByTitle?title=COMSC_75 HTTP/1.1" 500 12735
0:0:0:0:0:0:0:1 - - [28/Oct/2020:00:29:32 -0700] "GET /favicon.ico HTTP/1.1" 200 1150
0:0:0:0:0:0:0:1 - - [28/Oct/2020:00:29:48 -0700] "GET /searchCoursesByTitle?title=COMSC_75 HTTP/1.1" 200 1692
0:0:0:0:0:0:0:1 - - [28/Oct/2020:00:30:45 -0700] "GET /searchCoursesByTitle?title=COMSC_75 HTTP/1.1" 200 1698
0:0:0:0:0:0:0:1 - - [28/Oct/2020:00:31:09 -0700] "POST /registerForClassess HTTP/1.1" 302 -
0:0:0:0:0:0:0:1 - - [28/Oct/2020:00:31:09 -0700] "GET /loginSuccessful HTTP/1.1" 200 650
0:0:0:0:0:0:0:1 - - [28/Oct/2020:00:31:10 -0700] "GET /searchCourses HTTP/1.1" 200 549
0:0:0:0:0:0:0:1 - - [28/Oct/2020:00:31:11 -0700] "GET /searchCoursesByTitle?title=COMSC_75 HTTP/1.1" 200 1698
0:0:0:0:0:0:0:1 - - [28/Oct/2020:00:31:21 -0700] "GET /login HTTP/1.1" 200 1657
0:0:0:0:0:0:0:1 - - [28/Oct/2020:00:31:21 -0700] "GET /login HTTP/1.1" 200 1657
0:0:0:0:0:0:0:1 - - [28/Oct/2020:00:31:29 -0700] "POST /doLogin HTTP/1.1" 302 -
0:0:0:0:0:0:0:1 - - [28/Oct/2020:00:31:29 -0700] "GET /loginSuccessful HTTP/1.1" 200 650
0:0:0:0:0:0:0:1 - - [28/Oct/2020:00:31:31 -0700] "GET /searchCourses HTTP/1.1" 200 549
0:0:0:0:0:0:0:1 - - [28/Oct/2020:00:31:34 -0700] "GET /searchCoursesByTitle?title=COMSC_75 HTTP/1.1" 200 1698
0:0:0:0:0:0:0:1 - - [28/Oct/2020:00:31:41 -0700] "POST /registerForClassess HTTP/1.1" 302 -
0:0:0:0:0:0:0:1 - - [28/Oct/2020:00:31:41 -0700] "GET /searchCourses HTTP/1.1" 200 663
0:0:0:0:0:0:0:1 - - [28/Oct/2020:00:31:44 -0700] "GET /searchCoursesByTitle?title=COMSC_75 HTTP/1.1" 200 1698
0:0:0:0:0:0:0:1 - - [28/Oct/2020:00:31:49 -0700] "POST /registerForClassess HTTP/1.1" 302 -
0:0:0:0:0:0:0:1 - - [28/Oct/2020:00:31:49 -0700] "GET /searchCourses HTTP/1.1" 200 663
0:0:0:0:0:0:0:1 - - [28/Oct/2020:00:34:45 -0700] "GET /login HTTP/1.1" 200 1657
0:0:0:0:0:0:0:1 - - [28/Oct/2020:00:34:47 -0700] "GET /signup HTTP/1.1" 200 4862
0:0:0:0:0:0:0:1 - - [28/Oct/2020:00:34:47 -0700] "GET /js/pwstrength.js HTTP/1.1" 200 -
0:0:0:0:0:0:0:1 - - [28/Oct/2020:00:34:47 -0700] "GET /js/jquery-1.7.2.js HTTP/1.1" 200 293292
0:0:0:0:0:0:0:1 - - [28/Oct/2020:00:35:01 -0700] "POST /signup HTTP/1.1" 302 -
0:0:0:0:0:0:0:1 - - [28/Oct/2020:00:35:01 -0700] "GET /login HTTP/1.1" 200 1740
0:0:0:0:0:0:0:1 - - [28/Oct/2020:00:35:08 -0700] "GET /registrationConfirm?token=3b3e0a3f-7867-4edf-b771-b19292bfb3c2 HTTP/1.1" 302 -
0:0:0:0:0:0:0:1 - - [28/Oct/2020:00:35:08 -0700] "GET /login HTTP/1.1" 200 1730
0:0:0:0:0:0:0:1 - - [28/Oct/2020:00:35:15 -0700] "GET /signup HTTP/1.1" 200 4862
0:0:0:0:0:0:0:1 - - [28/Oct/2020:00:35:15 -0700] "GET /js/pwstrength.js HTTP/1.1" 200 -
0:0:0:0:0:0:0:1 - - [28/Oct/2020:00:35:15 -0700] "GET /js/jquery-1.7.2.js HTTP/1.1" 200 293292
0:0:0:0:0:0:0:1 - - [28/Oct/2020:00:35:27 -0700] "POST /signup HTTP/1.1" 302 -
0:0:0:0:0:0:0:1 - - [28/Oct/2020:00:35:27 -0700] "GET /login HTTP/1.1" 200 1740
0:0:0:0:0:0:0:1 - - [28/Oct/2020:00:35:35 -0700] "GET /registrationConfirm?token=ec1a98f3-3999-4b65-adc6-06e0c36c0c7d HTTP/1.1" 302 -
0:0:0:0:0:0:0:1 - - [28/Oct/2020:00:35:35 -0700] "GET /login HTTP/1.1" 200 1730
0:0:0:0:0:0:0:1 - - [28/Oct/2020:00:35:53 -0700] "POST /doLogin HTTP/1.1" 302 -
0:0:0:0:0:0:0:1 - - [28/Oct/2020:00:35:53 -0700] "GET /loginSuccessful HTTP/1.1" 200 650
0:0:0:0:0:0:0:1 - - [28/Oct/2020:00:35:54 -0700] "GET /searchCourses HTTP/1.1" 200 549
0:0:0:0:0:0:0:1 - - [28/Oct/2020:00:35:55 -0700] "GET /searchCoursesByTitle?title=COMSC_75 HTTP/1.1" 302 -
0:0:0:0:0:0:0:1 - - [28/Oct/2020:00:35:55 -0700] "GET /searchCourses HTTP/1.1" 200 634
0:0:0:0:0:0:0:1 - - [28/Oct/2020:00:36:26 -0700] "GET /searchCourses HTTP/1.1" 200 549
0:0:0:0:0:0:0:1 - - [28/Oct/2020:00:36:27 -0700] "GET /searchCoursesByTitle?title=COMSC_75 HTTP/1.1" 200 1698
0:0:0:0:0:0:0:1 - - [28/Oct/2020:00:36:30 -0700] "POST /registerForClassess HTTP/1.1" 302 -
0:0:0:0:0:0:0:1 - - [28/Oct/2020:00:36:30 -0700] "GET /loginSuccessful HTTP/1.1" 200 650
0:0:0:0:0:0:0:1 - - [28/Oct/2020:00:36:33 -0700] "GET /searchCourses HTTP/1.1" 200 549
0:0:0:0:0:0:0:1 - - [28/Oct/2020:00:36:35 -0700] "GET /searchCoursesByTitle?title=COMSC_75 HTTP/1.1" 200 1698
0:0:0:0:0:0:0:1 - - [28/Oct/2020:00:36:38 -0700] "POST /registerForClassess HTTP/1.1" 302 -
0:0:0:0:0:0:0:1 - - [28/Oct/2020:00:36:38 -0700] "GET /searchCourses HTTP/1.1" 200 663
0:0:0:0:0:0:0:1 - - [28/Oct/2020:00:38:30 -0700] "GET /searchCoursesByTitle?title=COMSC_75 HTTP/1.1" 200 1698
0:0:0:0:0:0:0:1 - - [28/Oct/2020:00:38:34 -0700] "GET /login HTTP/1.1" 200 1657
0:0:0:0:0:0:0:1 - - [28/Oct/2020:00:38:35 -0700] "GET /login HTTP/1.1" 200 1657
0:0:0:0:0:0:0:1 - - [28/Oct/2020:00:38:39 -0700] "POST /doLogin HTTP/1.1" 302 -
0:0:0:0:0:0:0:1 - - [28/Oct/2020:00:38:39 -0700] "GET /loginSuccessful HTTP/1.1" 200 650
0:0:0:0:0:0:0:1 - - [28/Oct/2020:00:38:40 -0700] "GET /searchCourses HTTP/1.1" 200 549
0:0:0:0:0:0:0:1 - - [28/Oct/2020:00:38:42 -0700] "GET /searchCoursesByTitle?title=COMSC_75 HTTP/1.1" 200 1698
0:0:0:0:0:0:0:1 - - [28/Oct/2020:00:38:44 -0700] "POST /registerForClassess HTTP/1.1" 500 16337
0:0:0:0:0:0:0:1 - - [28/Oct/2020:00:42:08 -0700] "GET /login HTTP/1.1" 200 1657
0:0:0:0:0:0:0:1 - - [28/Oct/2020:00:42:13 -0700] "POST /doLogin HTTP/1.1" 302 -
0:0:0:0:0:0:0:1 - - [28/Oct/2020:00:42:13 -0700] "GET /loginSuccessful HTTP/1.1" 200 650
0:0:0:0:0:0:0:1 - - [28/Oct/2020:00:42:14 -0700] "GET /searchCourses HTTP/1.1" 200 549
0:0:0:0:0:0:0:1 - - [28/Oct/2020:00:42:15 -0700] "GET /searchCoursesByTitle?title=COMSC_75 HTTP/1.1" 200 1698
0:0:0:0:0:0:0:1 - - [28/Oct/2020:00:42:58 -0700] "POST /registerForClassess HTTP/1.1" 302 -
0:0:0:0:0:0:0:1 - - [28/Oct/2020:00:42:58 -0700] "GET /loginSuccessful HTTP/1.1" 200 650
0:0:0:0:0:0:0:1 - - [28/Oct/2020:00:43:02 -0700] "GET /searchCourses HTTP/1.1" 200 549
0:0:0:0:0:0:0:1 - - [28/Oct/2020:00:43:04 -0700] "GET /searchCoursesByTitle?title=COMSC_75 HTTP/1.1" 200 1698
0:0:0:0:0:0:0:1 - - [28/Oct/2020:00:43:18 -0700] "GET /login HTTP/1.1" 200 1657
0:0:0:0:0:0:0:1 - - [28/Oct/2020:00:43:23 -0700] "POST /doLogin HTTP/1.1" 302 -
0:0:0:0:0:0:0:1 - - [28/Oct/2020:00:43:23 -0700] "GET /loginSuccessful HTTP/1.1" 200 650
0:0:0:0:0:0:0:1 - - [28/Oct/2020:00:43:24 -0700] "GET /searchCourses HTTP/1.1" 200 549
0:0:0:0:0:0:0:1 - - [28/Oct/2020:00:43:26 -0700] "GET /searchCoursesByTitle?title=COMSC_75 HTTP/1.1" 200 1698
0:0:0:0:0:0:0:1 - - [28/Oct/2020:00:43:29 -0700] "POST /registerForClassess HTTP/1.1" 302 -
0:0:0:0:0:0:0:1 - - [28/Oct/2020:00:43:29 -0700] "GET /loginSuccessful HTTP/1.1" 200 650
0:0:0:0:0:0:0:1 - - [28/Oct/2020:00:43:33 -0700] "GET /searchCourses HTTP/1.1" 200 549
0:0:0:0:0:0:0:1 - - [28/Oct/2020:00:43:35 -0700] "GET /searchCoursesByTitle?title=COMSC_75 HTTP/1.1" 200 1698
0:0:0:0:0:0:0:1 - - [28/Oct/2020:00:46:59 -0700] "POST /registerForClassess HTTP/1.1" 302 -
0:0:0:0:0:0:0:1 - - [28/Oct/2020:00:46:59 -0700] "GET /searchCourses HTTP/1.1" 200 663
0:0:0:0:0:0:0:1 - - [28/Oct/2020:00:52:11 -0700] "GET /searchCourses HTTP/1.1" 200 549
0:0:0:0:0:0:0:1 - - [28/Oct/2020:00:52:14 -0700] "GET /login HTTP/1.1" 200 1657
0:0:0:0:0:0:0:1 - - [28/Oct/2020:00:52:15 -0700] "GET /login HTTP/1.1" 200 1657
0:0:0:0:0:0:0:1 - - [28/Oct/2020:00:52:19 -0700] "POST /doLogin HTTP/1.1" 302 -
0:0:0:0:0:0:0:1 - - [28/Oct/2020:00:52:19 -0700] "GET /loginSuccessful HTTP/1.1" 200 650
0:0:0:0:0:0:0:1 - - [28/Oct/2020:00:52:22 -0700] "GET /searchBook HTTP/1.1" 200 678
0:0:0:0:0:0:0:1 - - [28/Oct/2020:00:52:24 -0700] "GET /searchBookByTitleOrAuthor?argument=Java HTTP/1.1" 200 1919
0:0:0:0:0:0:0:1 - - [28/Oct/2020:00:52:27 -0700] "GET /moreDetails?bookItem=1 HTTP/1.1" 200 2299
0:0:0:0:0:0:0:1 - - [28/Oct/2020:01:44:43 -0700] "GET /login HTTP/1.1" 200 1657
0:0:0:0:0:0:0:1 - - [28/Oct/2020:01:44:44 -0700] "GET /login HTTP/1.1" 200 1657
0:0:0:0:0:0:0:1 - - [28/Oct/2020:01:44:47 -0700] "POST /doLogin HTTP/1.1" 302 -
0:0:0:0:0:0:0:1 - - [28/Oct/2020:01:44:47 -0700] "GET /loginSuccessful HTTP/1.1" 200 650
0:0:0:0:0:0:0:1 - - [28/Oct/2020:01:44:49 -0700] "GET /searchCourses HTTP/1.1" 200 549
0:0:0:0:0:0:0:1 - - [28/Oct/2020:01:44:50 -0700] "GET /searchCoursesByTitle?title=COMSC_75 HTTP/1.1" 302 -
0:0:0:0:0:0:0:1 - - [28/Oct/2020:01:44:50 -0700] "GET /searchCourses HTTP/1.1" 200 634
0:0:0:0:0:0:0:1 - - [28/Oct/2020:01:44:55 -0700] "GET /searchCoursesByTitle?title=COMSC_76 HTTP/1.1" 500 9069
0:0:0:0:0:0:0:1 - - [28/Oct/2020:01:45:51 -0700] "GET /searchCoursesByTitle?title=COMSC_76 HTTP/1.1" 200 1700
0:0:0:0:0:0:0:1 - - [28/Oct/2020:17:03:24 -0700] "GET /login HTTP/1.1" 200 1657
0:0:0:0:0:0:0:1 - - [28/Oct/2020:17:03:24 -0700] "GET /login HTTP/1.1" 200 1657
0:0:0:0:0:0:0:1 - - [28/Oct/2020:17:03:27 -0700] "POST /doLogin HTTP/1.1" 302 -
0:0:0:0:0:0:0:1 - - [28/Oct/2020:17:03:27 -0700] "GET /loginSuccessful HTTP/1.1" 200 650
0:0:0:0:0:0:0:1 - - [28/Oct/2020:17:03:29 -0700] "GET /searchCourses HTTP/1.1" 200 549
0:0:0:0:0:0:0:1 - - [28/Oct/2020:17:03:30 -0700] "GET /searchCoursesByTitle?title=COMSC_75 HTTP/1.1" 302 -
0:0:0:0:0:0:0:1 - - [28/Oct/2020:17:03:30 -0700] "GET /searchCourses HTTP/1.1" 200 634
0:0:0:0:0:0:0:1 - - [28/Oct/2020:17:03:53 -0700] "GET /searchCoursesByTitle?title=COMSC_76 HTTP/1.1" 200 1700
0:0:0:0:0:0:0:1 - - [28/Oct/2020:17:11:10 -0700] "GET /searchCoursesByTitle?title=COMSC_76 HTTP/1.1" 302 -
0:0:0:0:0:0:0:1 - - [28/Oct/2020:17:11:10 -0700] "GET /searchCourses HTTP/1.1" 200 634
0:0:0:0:0:0:0:1 - - [28/Oct/2020:17:11:12 -0700] "GET /login HTTP/1.1" 200 1657
0:0:0:0:0:0:0:1 - - [28/Oct/2020:17:11:13 -0700] "GET /login HTTP/1.1" 200 1657
0:0:0:0:0:0:0:1 - - [28/Oct/2020:17:11:16 -0700] "POST /doLogin HTTP/1.1" 302 -
0:0:0:0:0:0:0:1 - - [28/Oct/2020:17:11:16 -0700] "GET /loginFailed HTTP/1.1" 302 -
0:0:0:0:0:0:0:1 - - [28/Oct/2020:17:11:16 -0700] "GET /login HTTP/1.1" 200 1657
0:0:0:0:0:0:0:1 - - [28/Oct/2020:17:11:19 -0700] "GET /signup HTTP/1.1" 200 4862
0:0:0:0:0:0:0:1 - - [28/Oct/2020:17:11:19 -0700] "GET /js/pwstrength.js HTTP/1.1" 200 -
0:0:0:0:0:0:0:1 - - [28/Oct/2020:17:11:19 -0700] "GET /js/jquery-1.7.2.js HTTP/1.1" 200 293292
0:0:0:0:0:0:0:1 - - [28/Oct/2020:17:11:32 -0700] "POST /signup HTTP/1.1" 302 -
0:0:0:0:0:0:0:1 - - [28/Oct/2020:17:11:32 -0700] "GET /login HTTP/1.1" 200 1740
0:0:0:0:0:0:0:1 - - [28/Oct/2020:17:11:36 -0700] "GET /signup HTTP/1.1" 200 4862
0:0:0:0:0:0:0:1 - - [28/Oct/2020:17:11:36 -0700] "GET /js/pwstrength.js HTTP/1.1" 200 -
0:0:0:0:0:0:0:1 - - [28/Oct/2020:17:11:36 -0700] "GET /js/jquery-1.7.2.js HTTP/1.1" 200 293292
0:0:0:0:0:0:0:1 - - [28/Oct/2020:17:11:46 -0700] "POST /signup HTTP/1.1" 302 -
0:0:0:0:0:0:0:1 - - [28/Oct/2020:17:11:46 -0700] "GET /login HTTP/1.1" 200 1740
0:0:0:0:0:0:0:1 - - [28/Oct/2020:17:12:18 -0700] "GET /registrationConfirm?token=1fa85e68-44cc-4bd9-a30b-fe5841d0e9a0 HTTP/1.1" 302 -
0:0:0:0:0:0:0:1 - - [28/Oct/2020:17:12:18 -0700] "GET /login HTTP/1.1" 200 1730
0:0:0:0:0:0:0:1 - - [28/Oct/2020:17:12:37 -0700] "GET /registrationConfirm?token=fb6b49c9-cced-45f7-84da-a3891eb2be8d HTTP/1.1" 302 -
0:0:0:0:0:0:0:1 - - [28/Oct/2020:17:12:37 -0700] "GET /login HTTP/1.1" 200 1730
0:0:0:0:0:0:0:1 - - [28/Oct/2020:17:30:58 -0700] "GET /login HTTP/1.1" 200 1657
0:0:0:0:0:0:0:1 - - [28/Oct/2020:17:31:01 -0700] "POST /doLogin HTTP/1.1" 302 -
0:0:0:0:0:0:0:1 - - [28/Oct/2020:17:31:01 -0700] "GET /loginFailed HTTP/1.1" 302 -
0:0:0:0:0:0:0:1 - - [28/Oct/2020:17:31:01 -0700] "GET /login HTTP/1.1" 200 1657
0:0:0:0:0:0:0:1 - - [28/Oct/2020:17:31:02 -0700] "GET /signup HTTP/1.1" 200 4862
0:0:0:0:0:0:0:1 - - [28/Oct/2020:17:31:02 -0700] "GET /js/pwstrength.js HTTP/1.1" 200 -
0:0:0:0:0:0:0:1 - - [28/Oct/2020:17:31:02 -0700] "GET /js/jquery-1.7.2.js HTTP/1.1" 200 293292
0:0:0:0:0:0:0:1 - - [28/Oct/2020:17:31:35 -0700] "POST /signup HTTP/1.1" 302 -
0:0:0:0:0:0:0:1 - - [28/Oct/2020:17:31:35 -0700] "GET /login HTTP/1.1" 200 1740
0:0:0:0:0:0:0:1 - - [28/Oct/2020:17:31:53 -0700] "GET /registrationConfirm?token=0dd6a5f4-48c1-47fd-b743-ba090210634f HTTP/1.1" 302 -
0:0:0:0:0:0:0:1 - - [28/Oct/2020:17:31:53 -0700] "GET /login HTTP/1.1" 200 1730
0:0:0:0:0:0:0:1 - - [28/Oct/2020:17:31:57 -0700] "GET /signup HTTP/1.1" 200 4862
0:0:0:0:0:0:0:1 - - [28/Oct/2020:17:31:57 -0700] "GET /js/pwstrength.js HTTP/1.1" 200 -
0:0:0:0:0:0:0:1 - - [28/Oct/2020:17:31:57 -0700] "GET /js/jquery-1.7.2.js HTTP/1.1" 200 293292
0:0:0:0:0:0:0:1 - - [28/Oct/2020:17:32:10 -0700] "POST /signup HTTP/1.1" 302 -
0:0:0:0:0:0:0:1 - - [28/Oct/2020:17:32:10 -0700] "GET /login HTTP/1.1" 200 1740
0:0:0:0:0:0:0:1 - - [28/Oct/2020:17:32:16 -0700] "GET /registrationConfirm?token=171112a1-b931-4441-b121-3f5fc5f487e3 HTTP/1.1" 302 -
0:0:0:0:0:0:0:1 - - [28/Oct/2020:17:32:16 -0700] "GET /login HTTP/1.1" 200 1730
0:0:0:0:0:0:0:1 - - [28/Oct/2020:17:32:21 -0700] "POST /doLogin HTTP/1.1" 302 -
0:0:0:0:0:0:0:1 - - [28/Oct/2020:17:32:21 -0700] "GET /loginSuccessful HTTP/1.1" 200 650
0:0:0:0:0:0:0:1 - - [28/Oct/2020:17:32:23 -0700] "GET /searchCourses HTTP/1.1" 200 549
0:0:0:0:0:0:0:1 - - [28/Oct/2020:17:32:24 -0700] "GET /searchCoursesByTitle?title=COMSC_75 HTTP/1.1" 302 -
0:0:0:0:0:0:0:1 - - [28/Oct/2020:17:32:24 -0700] "GET /searchCourses HTTP/1.1" 200 634
0:0:0:0:0:0:0:1 - - [28/Oct/2020:17:32:27 -0700] "GET /searchCoursesByTitle?title=COMSC_76 HTTP/1.1" 200 1759
0:0:0:0:0:0:0:1 - - [28/Oct/2020:17:32:48 -0700] "GET /searchCoursesByTitle?title=COMSC_76 HTTP/1.1" 200 1766
0:0:0:0:0:0:0:1 - - [28/Oct/2020:17:33:07 -0700] "GET /searchCoursesByTitle?title=COMSC_76 HTTP/1.1" 200 1759
0:0:0:0:0:0:0:1 - - [28/Oct/2020:19:32:21 -0700] "GET /login HTTP/1.1" 200 1657
0:0:0:0:0:0:0:1 - - [28/Oct/2020:19:32:23 -0700] "GET /signup HTTP/1.1" 200 4862
0:0:0:0:0:0:0:1 - - [28/Oct/2020:19:32:23 -0700] "GET /js/pwstrength.js HTTP/1.1" 200 -
0:0:0:0:0:0:0:1 - - [28/Oct/2020:19:32:23 -0700] "GET /js/jquery-1.7.2.js HTTP/1.1" 200 293292
0:0:0:0:0:0:0:1 - - [28/Oct/2020:19:32:32 -0700] "POST /signup HTTP/1.1" 200 5038
0:0:0:0:0:0:0:1 - - [28/Oct/2020:19:32:32 -0700] "GET /js/pwstrength.js HTTP/1.1" 200 -
0:0:0:0:0:0:0:1 - - [28/Oct/2020:19:32:32 -0700] "GET /js/jquery-1.7.2.js HTTP/1.1" 200 293292
0:0:0:0:0:0:0:1 - - [28/Oct/2020:19:32:35 -0700] "GET /login HTTP/1.1" 200 1657
0:0:0:0:0:0:0:1 - - [28/Oct/2020:19:32:38 -0700] "POST /doLogin HTTP/1.1" 302 -
0:0:0:0:0:0:0:1 - - [28/Oct/2020:19:32:38 -0700] "GET /loginSuccessful HTTP/1.1" 200 650
0:0:0:0:0:0:0:1 - - [28/Oct/2020:19:32:40 -0700] "GET /login HTTP/1.1" 200 1657
0:0:0:0:0:0:0:1 - - [28/Oct/2020:19:32:44 -0700] "POST /doLogin HTTP/1.1" 302 -
0:0:0:0:0:0:0:1 - - [28/Oct/2020:19:32:44 -0700] "GET /loginSuccessful HTTP/1.1" 200 650
0:0:0:0:0:0:0:1 - - [28/Oct/2020:19:32:47 -0700] "GET /login HTTP/1.1" 200 1657
0:0:0:0:0:0:0:1 - - [28/Oct/2020:19:32:50 -0700] "POST /doLogin HTTP/1.1" 302 -
0:0:0:0:0:0:0:1 - - [28/Oct/2020:19:32:50 -0700] "GET /loginSuccessful HTTP/1.1" 200 650
0:0:0:0:0:0:0:1 - - [28/Oct/2020:19:32:52 -0700] "GET /searchCourses HTTP/1.1" 200 549
0:0:0:0:0:0:0:1 - - [28/Oct/2020:19:32:54 -0700] "GET /searchCoursesByTitle?title=COMSC_76 HTTP/1.1" 200 1759
0:0:0:0:0:0:0:1 - - [28/Oct/2020:19:33:01 -0700] "POST /registerForClassess HTTP/1.1" 302 -
0:0:0:0:0:0:0:1 - - [28/Oct/2020:19:33:01 -0700] "GET /loginSuccessful HTTP/1.1" 200 650
0:0:0:0:0:0:0:1 - - [28/Oct/2020:19:33:03 -0700] "GET /searchCourses HTTP/1.1" 200 549
0:0:0:0:0:0:0:1 - - [28/Oct/2020:19:33:05 -0700] "GET /searchCoursesByTitle?title=COMSC_76 HTTP/1.1" 200 1759
0:0:0:0:0:0:0:1 - - [28/Oct/2020:19:37:18 -0700] "GET /login HTTP/1.1" 200 1657
0:0:0:0:0:0:0:1 - - [28/Oct/2020:19:37:18 -0700] "GET /login HTTP/1.1" 200 1657
0:0:0:0:0:0:0:1 - - [28/Oct/2020:19:37:23 -0700] "POST /doLogin HTTP/1.1" 302 -
0:0:0:0:0:0:0:1 - - [28/Oct/2020:19:37:23 -0700] "GET /loginSuccessful HTTP/1.1" 200 650
0:0:0:0:0:0:0:1 - - [28/Oct/2020:19:37:25 -0700] "GET /searchCourses HTTP/1.1" 200 549
0:0:0:0:0:0:0:1 - - [28/Oct/2020:19:37:26 -0700] "GET /searchCoursesByTitle?title=COMSC_76 HTTP/1.1" 200 1759
0:0:0:0:0:0:0:1 - - [28/Oct/2020:19:37:28 -0700] "POST /registerForClassess HTTP/1.1" 302 -
0:0:0:0:0:0:0:1 - - [28/Oct/2020:19:37:29 -0700] "GET /loginSuccessful HTTP/1.1" 200 650
0:0:0:0:0:0:0:1 - - [28/Oct/2020:19:37:47 -0700] "GET /searchCourses HTTP/1.1" 200 549
0:0:0:0:0:0:0:1 - - [28/Oct/2020:19:37:50 -0700] "GET /searchCoursesByTitle?title=COMSC_76 HTTP/1.1" 200 1759
0:0:0:0:0:0:0:1 - - [28/Oct/2020:19:38:09 -0700] "POST /registerForClassess HTTP/1.1" 302 -
0:0:0:0:0:0:0:1 - - [28/Oct/2020:19:38:09 -0700] "GET /searchCourses HTTP/1.1" 200 663
0:0:0:0:0:0:0:1 - - [28/Oct/2020:19:41:00 -0700] "GET /searchCourses HTTP/1.1" 200 549
0:0:0:0:0:0:0:1 - - [28/Oct/2020:19:41:03 -0700] "GET /searchCoursesByTitle?title=COMSC_76 HTTP/1.1" 200 1759
0:0:0:0:0:0:0:1 - - [28/Oct/2020:19:41:05 -0700] "POST /registerForClassess HTTP/1.1" 302 -
0:0:0:0:0:0:0:1 - - [28/Oct/2020:19:41:05 -0700] "GET /loginSuccessful HTTP/1.1" 200 650
0:0:0:0:0:0:0:1 - - [28/Oct/2020:19:41:36 -0700] "GET /loginSuccessful HTTP/1.1" 200 650
0:0:0:0:0:0:0:1 - - [28/Oct/2020:19:41:37 -0700] "GET /searchCourses HTTP/1.1" 200 549
0:0:0:0:0:0:0:1 - - [28/Oct/2020:19:41:38 -0700] "GET /searchCoursesByTitle?title=COMSC_76 HTTP/1.1" 200 1759
0:0:0:0:0:0:0:1 - - [28/Oct/2020:19:41:40 -0700] "POST /registerForClassess HTTP/1.1" 302 -
0:0:0:0:0:0:0:1 - - [28/Oct/2020:19:41:40 -0700] "GET /loginSuccessful HTTP/1.1" 200 650
0:0:0:0:0:0:0:1 - - [28/Oct/2020:19:41:50 -0700] "GET /dropClasses HTTP/1.1" 500 13725
0:0:0:0:0:0:0:1 - - [28/Oct/2020:19:41:52 -0700] "GET /loginSuccessful HTTP/1.1" 200 650
0:0:0:0:0:0:0:1 - - [28/Oct/2020:19:43:10 -0700] "GET /loginSuccessful HTTP/1.1" 200 650
0:0:0:0:0:0:0:1 - - [28/Oct/2020:19:43:11 -0700] "GET /searchCourses HTTP/1.1" 200 549
0:0:0:0:0:0:0:1 - - [28/Oct/2020:19:43:13 -0700] "GET /searchCoursesByTitle?title=COMSC_76 HTTP/1.1" 200 1759
0:0:0:0:0:0:0:1 - - [28/Oct/2020:19:43:14 -0700] "POST /registerForClassess HTTP/1.1" 302 -
0:0:0:0:0:0:0:1 - - [28/Oct/2020:19:43:14 -0700] "GET /loginSuccessful HTTP/1.1" 200 650
0:0:0:0:0:0:0:1 - - [28/Oct/2020:19:43:31 -0700] "GET /searchCourses HTTP/1.1" 200 549
0:0:0:0:0:0:0:1 - - [28/Oct/2020:19:43:34 -0700] "GET /searchCoursesByTitle?title=COMSC_76 HTTP/1.1" 200 1759
0:0:0:0:0:0:0:1 - - [28/Oct/2020:19:43:36 -0700] "POST /registerForClassess HTTP/1.1" 302 -
0:0:0:0:0:0:0:1 - - [28/Oct/2020:19:43:36 -0700] "GET /searchCourses HTTP/1.1" 200 663
0:0:0:0:0:0:0:1 - - [28/Oct/2020:19:44:34 -0700] "GET /login HTTP/1.1" 200 1657
0:0:0:0:0:0:0:1 - - [28/Oct/2020:19:44:34 -0700] "GET /login HTTP/1.1" 200 1657
0:0:0:0:0:0:0:1 - - [28/Oct/2020:19:44:37 -0700] "POST /doLogin HTTP/1.1" 302 -
0:0:0:0:0:0:0:1 - - [28/Oct/2020:19:44:37 -0700] "GET /loginSuccessful HTTP/1.1" 200 650
0:0:0:0:0:0:0:1 - - [28/Oct/2020:19:44:39 -0700] "GET /searchCourses HTTP/1.1" 200 549
0:0:0:0:0:0:0:1 - - [28/Oct/2020:19:44:41 -0700] "GET /loginSuccessful HTTP/1.1" 200 650
0:0:0:0:0:0:0:1 - - [28/Oct/2020:19:44:46 -0700] "GET /searchCourses HTTP/1.1" 200 549
0:0:0:0:0:0:0:1 - - [28/Oct/2020:19:44:47 -0700] "GET /searchCoursesByTitle?title=COMSC_75 HTTP/1.1" 302 -
0:0:0:0:0:0:0:1 - - [28/Oct/2020:19:44:47 -0700] "GET /searchCourses HTTP/1.1" 200 634
0:0:0:0:0:0:0:1 - - [28/Oct/2020:19:44:51 -0700] "GET /searchCoursesByTitle?title=COMSC_76 HTTP/1.1" 200 1759
0:0:0:0:0:0:0:1 - - [28/Oct/2020:19:44:55 -0700] "POST /registerForClassess HTTP/1.1" 302 -
0:0:0:0:0:0:0:1 - - [28/Oct/2020:19:44:55 -0700] "GET /loginSuccessful HTTP/1.1" 200 650
0:0:0:0:0:0:0:1 - - [28/Oct/2020:19:44:57 -0700] "GET /searchCourses HTTP/1.1" 200 549
0:0:0:0:0:0:0:1 - - [28/Oct/2020:19:44:59 -0700] "GET /searchCoursesByTitle?title=COMSC_76 HTTP/1.1" 200 1759
0:0:0:0:0:0:0:1 - - [28/Oct/2020:19:45:02 -0700] "POST /registerForClassess HTTP/1.1" 302 -
0:0:0:0:0:0:0:1 - - [28/Oct/2020:19:45:02 -0700] "GET /searchCourses HTTP/1.1" 200 663
0:0:0:0:0:0:0:1 - - [28/Oct/2020:19:46:30 -0700] "GET /searchCoursesByTitle?title=COMSC_76 HTTP/1.1" 200 1759
0:0:0:0:0:0:0:1 - - [28/Oct/2020:19:46:38 -0700] "GET /dropClasses HTTP/1.1" 500 13725
0:0:0:0:0:0:0:1 - - [28/Oct/2020:19:47:14 -0700] "GET /dropClasses HTTP/1.1" 200 1588
0:0:0:0:0:0:0:1 - - [28/Oct/2020:19:47:30 -0700] "GET /dropClasses HTTP/1.1" 200 1526
0:0:0:0:0:0:0:1 - - [28/Oct/2020:19:58:27 -0700] "GET /registerForClassess HTTP/1.1" 405 9123
0:0:0:0:0:0:0:1 - - [28/Oct/2020:19:58:30 -0700] "GET /login HTTP/1.1" 200 1657
0:0:0:0:0:0:0:1 - - [28/Oct/2020:19:58:31 -0700] "GET /login HTTP/1.1" 200 1657
0:0:0:0:0:0:0:1 - - [28/Oct/2020:19:58:34 -0700] "POST /doLogin HTTP/1.1" 302 -
0:0:0:0:0:0:0:1 - - [28/Oct/2020:19:58:34 -0700] "GET /loginSuccessful HTTP/1.1" 200 650
0:0:0:0:0:0:0:1 - - [28/Oct/2020:19:58:35 -0700] "GET /searchCourses HTTP/1.1" 200 549
0:0:0:0:0:0:0:1 - - [28/Oct/2020:19:58:37 -0700] "GET /searchCoursesByTitle?title=COMSC_76 HTTP/1.1" 200 1759
0:0:0:0:0:0:0:1 - - [28/Oct/2020:19:58:39 -0700] "POST /registerForClassess HTTP/1.1" 302 -
0:0:0:0:0:0:0:1 - - [28/Oct/2020:19:58:39 -0700] "GET /loginSuccessful HTTP/1.1" 200 650
0:0:0:0:0:0:0:1 - - [28/Oct/2020:20:00:09 -0700] "GET /loginSuccessful HTTP/1.1" 200 650
0:0:0:0:0:0:0:1 - - [28/Oct/2020:20:00:10 -0700] "GET /searchCourses HTTP/1.1" 200 549
0:0:0:0:0:0:0:1 - - [28/Oct/2020:20:00:12 -0700] "GET /searchCoursesByTitle?title=COMSC_76 HTTP/1.1" 200 1759
0:0:0:0:0:0:0:1 - - [28/Oct/2020:20:00:13 -0700] "POST /registerForClassess HTTP/1.1" 500 10729
0:0:0:0:0:0:0:1 - - [28/Oct/2020:20:00:16 -0700] "GET /searchCoursesByTitle?title=COMSC_76 HTTP/1.1" 200 1759
0:0:0:0:0:0:0:1 - - [28/Oct/2020:20:00:16 -0700] "GET /searchCourses HTTP/1.1" 200 549
0:0:0:0:0:0:0:1 - - [28/Oct/2020:20:21:43 -0700] "GET /login HTTP/1.1" 200 1657
0:0:0:0:0:0:0:1 - - [28/Oct/2020:20:21:43 -0700] "GET /login HTTP/1.1" 200 1657
0:0:0:0:0:0:0:1 - - [28/Oct/2020:20:21:47 -0700] "POST /doLogin HTTP/1.1" 302 -
0:0:0:0:0:0:0:1 - - [28/Oct/2020:20:21:47 -0700] "GET /loginSuccessful HTTP/1.1" 200 650
0:0:0:0:0:0:0:1 - - [28/Oct/2020:20:21:48 -0700] "GET /searchCourses HTTP/1.1" 200 549
0:0:0:0:0:0:0:1 - - [28/Oct/2020:20:21:50 -0700] "GET /searchCoursesByTitle?title=COMSC_76 HTTP/1.1" 200 1759
0:0:0:0:0:0:0:1 - - [28/Oct/2020:20:21:52 -0700] "POST /registerForClassess HTTP/1.1" 302 -
0:0:0:0:0:0:0:1 - - [28/Oct/2020:20:21:52 -0700] "GET /loginSuccessful HTTP/1.1" 200 650
0:0:0:0:0:0:0:1 - - [28/Oct/2020:20:50:31 -0700] "GET /loginSuccessful HTTP/1.1" 200 650
0:0:0:0:0:0:0:1 - - [28/Oct/2020:20:50:33 -0700] "GET /searchCourses HTTP/1.1" 200 549
0:0:0:0:0:0:0:1 - - [28/Oct/2020:20:50:34 -0700] "GET /searchCoursesByTitle?title=COMSC_76 HTTP/1.1" 200 1759
0:0:0:0:0:0:0:1 - - [28/Oct/2020:20:50:36 -0700] "POST /registerForClassess HTTP/1.1" 302 -
0:0:0:0:0:0:0:1 - - [28/Oct/2020:20:50:36 -0700] "GET /loginSuccessful HTTP/1.1" 200 650
0:0:0:0:0:0:0:1 - - [28/Oct/2020:20:50:49 -0700] "GET /searchCourses HTTP/1.1" 200 549
0:0:0:0:0:0:0:1 - - [28/Oct/2020:20:50:52 -0700] "GET /searchCoursesByTitle?title=COMSC_76 HTTP/1.1" 200 1759
0:0:0:0:0:0:0:1 - - [28/Oct/2020:20:51:19 -0700] "POST /registerForClassess HTTP/1.1" 500 9542
0:0:0:0:0:0:0:1 - - [28/Oct/2020:20:52:55 -0700] "GET /login HTTP/1.1" 200 1657
0:0:0:0:0:0:0:1 - - [28/Oct/2020:20:52:55 -0700] "GET /login HTTP/1.1" 200 1657
0:0:0:0:0:0:0:1 - - [28/Oct/2020:20:52:58 -0700] "POST /doLogin HTTP/1.1" 302 -
0:0:0:0:0:0:0:1 - - [28/Oct/2020:20:52:58 -0700] "GET /loginSuccessful HTTP/1.1" 200 650
0:0:0:0:0:0:0:1 - - [28/Oct/2020:20:52:59 -0700] "GET /searchCourses HTTP/1.1" 200 549
0:0:0:0:0:0:0:1 - - [28/Oct/2020:20:53:02 -0700] "GET /searchCoursesByTitle?title=COMSC_76 HTTP/1.1" 200 1759
0:0:0:0:0:0:0:1 - - [28/Oct/2020:20:53:04 -0700] "POST /registerForClassess HTTP/1.1" 302 -
0:0:0:0:0:0:0:1 - - [28/Oct/2020:20:53:04 -0700] "GET /loginSuccessful HTTP/1.1" 200 650
0:0:0:0:0:0:0:1 - - [28/Oct/2020:20:53:06 -0700] "GET /searchCourses HTTP/1.1" 200 549
0:0:0:0:0:0:0:1 - - [28/Oct/2020:20:53:08 -0700] "GET /searchCoursesByTitle?title=COMSC_76 HTTP/1.1" 200 1759
0:0:0:0:0:0:0:1 - - [28/Oct/2020:20:53:10 -0700] "POST /registerForClassess HTTP/1.1" 500 9542
0:0:0:0:0:0:0:1 - - [28/Oct/2020:20:53:58 -0700] "GET /login HTTP/1.1" 200 1657
0:0:0:0:0:0:0:1 - - [28/Oct/2020:20:54:02 -0700] "POST /doLogin HTTP/1.1" 302 -
0:0:0:0:0:0:0:1 - - [28/Oct/2020:20:54:02 -0700] "GET /loginSuccessful HTTP/1.1" 200 650
0:0:0:0:0:0:0:1 - - [28/Oct/2020:20:54:03 -0700] "GET /searchCourses HTTP/1.1" 200 549
0:0:0:0:0:0:0:1 - - [28/Oct/2020:20:54:05 -0700] "GET /searchCoursesByTitle?title=COMSC_76 HTTP/1.1" 200 1759
0:0:0:0:0:0:0:1 - - [28/Oct/2020:20:54:07 -0700] "POST /registerForClassess HTTP/1.1" 302 -
0:0:0:0:0:0:0:1 - - [28/Oct/2020:20:54:07 -0700] "GET /loginSuccessful HTTP/1.1" 200 650
0:0:0:0:0:0:0:1 - - [28/Oct/2020:20:54:08 -0700] "GET /searchCourses HTTP/1.1" 200 549
0:0:0:0:0:0:0:1 - - [28/Oct/2020:20:54:10 -0700] "GET /searchCoursesByTitle?title=COMSC_76 HTTP/1.1" 200 1759
0:0:0:0:0:0:0:1 - - [28/Oct/2020:20:54:11 -0700] "POST /registerForClassess HTTP/1.1" 500 9542
0:0:0:0:0:0:0:1 - - [28/Oct/2020:21:10:43 -0700] "GET /login HTTP/1.1" 200 1657
0:0:0:0:0:0:0:1 - - [28/Oct/2020:21:10:46 -0700] "POST /doLogin HTTP/1.1" 302 -
0:0:0:0:0:0:0:1 - - [28/Oct/2020:21:10:46 -0700] "GET /loginSuccessful HTTP/1.1" 200 650
0:0:0:0:0:0:0:1 - - [28/Oct/2020:21:10:47 -0700] "GET /searchCourses HTTP/1.1" 200 549
0:0:0:0:0:0:0:1 - - [28/Oct/2020:21:10:48 -0700] "GET /searchCoursesByTitle?title=COMSC_76 HTTP/1.1" 200 1759
0:0:0:0:0:0:0:1 - - [28/Oct/2020:21:10:50 -0700] "POST /registerForClassess HTTP/1.1" 302 -
0:0:0:0:0:0:0:1 - - [28/Oct/2020:21:10:50 -0700] "GET /loginSuccessful HTTP/1.1" 200 650
0:0:0:0:0:0:0:1 - - [28/Oct/2020:21:11:28 -0700] "GET /searchCourses HTTP/1.1" 200 549
0:0:0:0:0:0:0:1 - - [28/Oct/2020:21:11:31 -0700] "GET /searchCoursesByTitle?title=COMSC_76 HTTP/1.1" 200 1759
0:0:0:0:0:0:0:1 - - [28/Oct/2020:21:11:32 -0700] "POST /registerForClassess HTTP/1.1" 500 9542
0:0:0:0:0:0:0:1 - - [28/Oct/2020:21:13:48 -0700] "GET /login HTTP/1.1" 200 1657
0:0:0:0:0:0:0:1 - - [28/Oct/2020:21:13:48 -0700] "GET /login HTTP/1.1" 200 1657
0:0:0:0:0:0:0:1 - - [28/Oct/2020:21:13:54 -0700] "POST /doLogin HTTP/1.1" 302 -
0:0:0:0:0:0:0:1 - - [28/Oct/2020:21:13:54 -0700] "GET /loginSuccessful HTTP/1.1" 200 650
0:0:0:0:0:0:0:1 - - [28/Oct/2020:21:13:55 -0700] "GET /searchCourses HTTP/1.1" 200 549
0:0:0:0:0:0:0:1 - - [28/Oct/2020:21:13:56 -0700] "GET /searchCoursesByTitle?title=COMSC_76 HTTP/1.1" 200 1759
0:0:0:0:0:0:0:1 - - [28/Oct/2020:21:13:58 -0700] "POST /registerForClassess HTTP/1.1" 302 -
0:0:0:0:0:0:0:1 - - [28/Oct/2020:21:13:58 -0700] "GET /loginSuccessful HTTP/1.1" 200 650
0:0:0:0:0:0:0:1 - - [28/Oct/2020:21:14:14 -0700] "GET /searchCourses HTTP/1.1" 200 549
0:0:0:0:0:0:0:1 - - [28/Oct/2020:21:14:16 -0700] "GET /searchCoursesByTitle?title=COMSC_76 HTTP/1.1" 200 1759
0:0:0:0:0:0:0:1 - - [28/Oct/2020:21:14:17 -0700] "POST /registerForClassess HTTP/1.1" 500 9542
0:0:0:0:0:0:0:1 - - [28/Oct/2020:21:14:39 -0700] "GET /login HTTP/1.1" 200 1657
0:0:0:0:0:0:0:1 - - [28/Oct/2020:21:14:42 -0700] "POST /doLogin HTTP/1.1" 302 -
0:0:0:0:0:0:0:1 - - [28/Oct/2020:21:14:42 -0700] "GET /loginSuccessful HTTP/1.1" 200 650
0:0:0:0:0:0:0:1 - - [28/Oct/2020:21:14:43 -0700] "GET /searchCourses HTTP/1.1" 200 549
0:0:0:0:0:0:0:1 - - [28/Oct/2020:21:14:44 -0700] "GET /searchCoursesByTitle?title=COMSC_75 HTTP/1.1" 302 -
0:0:0:0:0:0:0:1 - - [28/Oct/2020:21:14:44 -0700] "GET /searchCourses HTTP/1.1" 200 634
0:0:0:0:0:0:0:1 - - [28/Oct/2020:21:14:47 -0700] "GET /searchCoursesByTitle?title=COMSC_76 HTTP/1.1" 200 1759
0:0:0:0:0:0:0:1 - - [28/Oct/2020:21:14:48 -0700] "POST /registerForClassess HTTP/1.1" 302 -
0:0:0:0:0:0:0:1 - - [28/Oct/2020:21:14:48 -0700] "GET /loginSuccessful HTTP/1.1" 200 650
0:0:0:0:0:0:0:1 - - [28/Oct/2020:21:14:49 -0700] "GET /searchCourses HTTP/1.1" 200 549
0:0:0:0:0:0:0:1 - - [28/Oct/2020:21:14:51 -0700] "GET /searchCoursesByTitle?title=COMSC_76 HTTP/1.1" 200 1759
0:0:0:0:0:0:0:1 - - [28/Oct/2020:21:14:52 -0700] "POST /registerForClassess HTTP/1.1" 500 9542
0:0:0:0:0:0:0:1 - - [28/Oct/2020:21:16:01 -0700] "GET /login HTTP/1.1" 200 1657
0:0:0:0:0:0:0:1 - - [28/Oct/2020:21:16:05 -0700] "POST /doLogin HTTP/1.1" 302 -
0:0:0:0:0:0:0:1 - - [28/Oct/2020:21:16:05 -0700] "GET /loginSuccessful HTTP/1.1" 200 650
0:0:0:0:0:0:0:1 - - [28/Oct/2020:21:16:06 -0700] "GET /searchCourses HTTP/1.1" 200 549
0:0:0:0:0:0:0:1 - - [28/Oct/2020:21:16:07 -0700] "GET /searchCoursesByTitle?title=COMSC_76 HTTP/1.1" 200 1759
0:0:0:0:0:0:0:1 - - [28/Oct/2020:21:16:08 -0700] "POST /registerForClassess HTTP/1.1" 302 -
0:0:0:0:0:0:0:1 - - [28/Oct/2020:21:16:08 -0700] "GET /loginSuccessful HTTP/1.1" 200 650
0:0:0:0:0:0:0:1 - - [28/Oct/2020:21:16:09 -0700] "GET /searchCourses HTTP/1.1" 200 549
0:0:0:0:0:0:0:1 - - [28/Oct/2020:21:16:10 -0700] "GET /searchCoursesByTitle?title=COMSC_76 HTTP/1.1" 200 1759
0:0:0:0:0:0:0:1 - - [28/Oct/2020:21:16:11 -0700] "POST /registerForClassess HTTP/1.1" 302 -
0:0:0:0:0:0:0:1 - - [28/Oct/2020:21:16:11 -0700] "GET /loginSuccessful HTTP/1.1" 200 650
0:0:0:0:0:0:0:1 - - [28/Oct/2020:21:17:34 -0700] "GET /dropClasses HTTP/1.1" 200 1526
0:0:0:0:0:0:0:1 - - [28/Oct/2020:21:17:36 -0700] "GET /loginSuccessful HTTP/1.1" 200 650
0:0:0:0:0:0:0:1 - - [28/Oct/2020:21:17:37 -0700] "GET /searchCourses HTTP/1.1" 200 549
0:0:0:0:0:0:0:1 - - [28/Oct/2020:21:17:44 -0700] "GET /searchCoursesByTitle?title=COMSC_76 HTTP/1.1" 200 1759
0:0:0:0:0:0:0:1 - - [28/Oct/2020:21:17:47 -0700] "POST /registerForClassess HTTP/1.1" 302 -
0:0:0:0:0:0:0:1 - - [28/Oct/2020:21:17:47 -0700] "GET /loginSuccessful HTTP/1.1" 200 650
0:0:0:0:0:0:0:1 - - [28/Oct/2020:21:50:18 -0700] "GET /loginSuccessful HTTP/1.1" 302 -
0:0:0:0:0:0:0:1 - - [28/Oct/2020:21:50:19 -0700] "GET /login HTTP/1.1" 200 1657
0:0:0:0:0:0:0:1 - - [28/Oct/2020:21:50:22 -0700] "GET /signup HTTP/1.1" 200 4862
0:0:0:0:0:0:0:1 - - [28/Oct/2020:21:50:22 -0700] "GET /js/pwstrength.js HTTP/1.1" 200 -
0:0:0:0:0:0:0:1 - - [28/Oct/2020:21:50:22 -0700] "GET /js/jquery-1.7.2.js HTTP/1.1" 200 293292
0:0:0:0:0:0:0:1 - - [28/Oct/2020:21:50:37 -0700] "POST /signup HTTP/1.1" 302 -
0:0:0:0:0:0:0:1 - - [28/Oct/2020:21:50:37 -0700] "GET /login HTTP/1.1" 200 1740
0:0:0:0:0:0:0:1 - - [28/Oct/2020:21:50:52 -0700] "GET /registrationConfirm?token=5c072971-4ad5-458b-a579-543e8b27905a HTTP/1.1" 302 -
0:0:0:0:0:0:0:1 - - [28/Oct/2020:21:50:52 -0700] "GET /login HTTP/1.1" 200 1730
0:0:0:0:0:0:0:1 - - [28/Oct/2020:21:51:02 -0700] "GET /signup HTTP/1.1" 200 4862
0:0:0:0:0:0:0:1 - - [28/Oct/2020:21:51:02 -0700] "GET /js/pwstrength.js HTTP/1.1" 200 -
0:0:0:0:0:0:0:1 - - [28/Oct/2020:21:51:02 -0700] "GET /js/jquery-1.7.2.js HTTP/1.1" 200 293292
0:0:0:0:0:0:0:1 - - [28/Oct/2020:21:51:11 -0700] "POST /signup HTTP/1.1" 302 -
0:0:0:0:0:0:0:1 - - [28/Oct/2020:21:51:11 -0700] "GET /login HTTP/1.1" 200 1740
0:0:0:0:0:0:0:1 - - [28/Oct/2020:21:51:19 -0700] "GET /registrationConfirm?token=2102a8d1-8978-49ba-8e91-e9c14c58ee3e HTTP/1.1" 302 -
0:0:0:0:0:0:0:1 - - [28/Oct/2020:21:51:19 -0700] "GET /login HTTP/1.1" 200 1730
0:0:0:0:0:0:0:1 - - [28/Oct/2020:21:51:26 -0700] "POST /doLogin HTTP/1.1" 302 -
0:0:0:0:0:0:0:1 - - [28/Oct/2020:21:51:26 -0700] "GET /loginSuccessful HTTP/1.1" 200 650
0:0:0:0:0:0:0:1 - - [28/Oct/2020:21:51:29 -0700] "GET /searchCourses HTTP/1.1" 200 549
0:0:0:0:0:0:0:1 - - [28/Oct/2020:21:51:31 -0700] "GET /searchCoursesByTitle?title=COMSC_76 HTTP/1.1" 500 13599
0:0:0:0:0:0:0:1 - - [28/Oct/2020:21:57:41 -0700] "GET /searchCoursesByTitle?title=COMSC_76 HTTP/1.1" 200 2128
0:0:0:0:0:0:0:1 - - [28/Oct/2020:21:58:47 -0700] "GET /searchCoursesByTitle?title=COMSC_76 HTTP/1.1" 200 2189
0:0:0:0:0:0:0:1 - - [28/Oct/2020:22:09:26 -0700] "POST /doLogin HTTP/1.1" 302 -
0:0:0:0:0:0:0:1 - - [28/Oct/2020:22:09:26 -0700] "GET /loginSuccessful HTTP/1.1" 200 650
0:0:0:0:0:0:0:1 - - [28/Oct/2020:22:09:27 -0700] "GET /searchCourses HTTP/1.1" 200 549
0:0:0:0:0:0:0:1 - - [28/Oct/2020:22:09:30 -0700] "GET /searchCoursesByTitle?title=COMSC_76 HTTP/1.1" 200 2189
0:0:0:0:0:0:0:1 - - [28/Oct/2020:22:14:23 -0700] "GET /searchCoursesByTitle?title=COMSC_76 HTTP/1.1" 200 2189
0:0:0:0:0:0:0:1 - - [28/Oct/2020:22:17:44 -0700] "POST /registerForClassess HTTP/1.1" 302 -
0:0:0:0:0:0:0:1 - - [28/Oct/2020:22:17:44 -0700] "GET /loginSuccessful HTTP/1.1" 200 650
0:0:0:0:0:0:0:1 - - [28/Oct/2020:22:17:46 -0700] "GET /dropClasses HTTP/1.1" 200 1194
0:0:0:0:0:0:0:1 - - [28/Oct/2020:22:17:48 -0700] "GET /loginSuccessful HTTP/1.1" 200 650
0:0:0:0:0:0:0:1 - - [28/Oct/2020:22:17:50 -0700] "GET /searchCourses HTTP/1.1" 200 549
0:0:0:0:0:0:0:1 - - [28/Oct/2020:22:17:53 -0700] "GET /searchCoursesByTitle?title=COMSC_76 HTTP/1.1" 200 2189
0:0:0:0:0:0:0:1 - - [28/Oct/2020:22:17:59 -0700] "POST /registerForClassess HTTP/1.1" 302 -
0:0:0:0:0:0:0:1 - - [28/Oct/2020:22:17:59 -0700] "GET /searchCourses HTTP/1.1" 200 645
0:0:0:0:0:0:0:1 - - [28/Oct/2020:22:18:11 -0700] "GET /searchCoursesByTitle?title=COMSC_76 HTTP/1.1" 200 2189
0:0:0:0:0:0:0:1 - - [28/Oct/2020:22:19:02 -0700] "POST /registerForClassess HTTP/1.1" 302 -
0:0:0:0:0:0:0:1 - - [28/Oct/2020:22:19:02 -0700] "GET /searchCourses HTTP/1.1" 200 633
0:0:0:0:0:0:0:1 - - [28/Oct/2020:22:19:05 -0700] "GET /searchCoursesByTitle?title=COMSC_76 HTTP/1.1" 200 2189
0:0:0:0:0:0:0:1 - - [28/Oct/2020:22:19:05 -0700] "GET /searchCourses HTTP/1.1" 200 549
0:0:0:0:0:0:0:1 - - [28/Oct/2020:22:19:07 -0700] "GET /searchCoursesByTitle?title=COMSC_76 HTTP/1.1" 200 2189
0:0:0:0:0:0:0:1 - - [28/Oct/2020:22:19:08 -0700] "GET /searchCourses HTTP/1.1" 200 549
0:0:0:0:0:0:0:1 - - [28/Oct/2020:22:19:09 -0700] "GET /loginSuccessful HTTP/1.1" 200 650
0:0:0:0:0:0:0:1 - - [28/Oct/2020:22:19:12 -0700] "GET /dropClasses HTTP/1.1" 200 1194
0:0:0:0:0:0:0:1 - - [28/Oct/2020:22:19:15 -0700] "POST /dropClasses HTTP/1.1" 302 -
0:0:0:0:0:0:0:1 - - [28/Oct/2020:22:19:15 -0700] "GET /loginSuccessful HTTP/1.1" 200 650
0:0:0:0:0:0:0:1 - - [28/Oct/2020:22:19:16 -0700] "GET /searchCourses HTTP/1.1" 200 549
0:0:0:0:0:0:0:1 - - [28/Oct/2020:22:19:20 -0700] "GET /searchCoursesByTitle?title=COMSC_76 HTTP/1.1" 200 2189
0:0:0:0:0:0:0:1 - - [28/Oct/2020:22:24:42 -0700] "GET /searchCoursesByTitle?title=COMSC_76 HTTP/1.1" 200 1805
0:0:0:0:0:0:0:1 - - [28/Oct/2020:22:24:46 -0700] "GET /login HTTP/1.1" 200 1657
0:0:0:0:0:0:0:1 - - [28/Oct/2020:22:24:46 -0700] "GET /login HTTP/1.1" 200 1657
0:0:0:0:0:0:0:1 - - [28/Oct/2020:22:24:50 -0700] "POST /doLogin HTTP/1.1" 302 -
0:0:0:0:0:0:0:1 - - [28/Oct/2020:22:24:50 -0700] "GET /loginSuccessful HTTP/1.1" 200 650
0:0:0:0:0:0:0:1 - - [28/Oct/2020:22:24:51 -0700] "GET /searchCourses HTTP/1.1" 200 549
0:0:0:0:0:0:0:1 - - [28/Oct/2020:22:24:52 -0700] "GET /searchCoursesByTitle?title=COMSC_75 HTTP/1.1" 500 13674
0:0:0:0:0:0:0:1 - - [28/Oct/2020:22:30:16 -0700] "GET /searchCoursesByTitle?title=COMSC_75 HTTP/1.1" 500 14221
0:0:0:0:0:0:0:1 - - [28/Oct/2020:22:31:01 -0700] "GET /searchCoursesByTitle?title=COMSC_75 HTTP/1.1" 500 14221
0:0:0:0:0:0:0:1 - - [28/Oct/2020:22:37:45 -0700] "GET /searchCoursesByTitle?title=COMSC_75 HTTP/1.1" 500 14031
0:0:0:0:0:0:0:1 - - [28/Oct/2020:22:38:02 -0700] "GET /searchCoursesByTitle?title=COMSC_76 HTTP/1.1" 200 1817
192.168.1.200 - - [28/Oct/2020:22:39:12 -0700] "GET / HTTP/1.1" 302 -
192.168.1.200 - - [28/Oct/2020:22:39:12 -0700] "GET /login HTTP/1.1" 200 1657
0:0:0:0:0:0:0:1 - - [28/Oct/2020:22:39:16 -0700] "GET /searchCoursesByTitle?title=COMSC_76 HTTP/1.1" 200 1813
0:0:0:0:0:0:0:1 - - [28/Oct/2020:22:39:19 -0700] "GET /searchCoursesByTitle?title=COMSC_75 HTTP/1.1" 500 14048
0:0:0:0:0:0:0:1 - - [28/Oct/2020:22:40:51 -0700] "GET /searchCoursesByTitle?title=COMSC_75 HTTP/1.1" 500 14048
0:0:0:0:0:0:0:1 - - [28/Oct/2020:22:40:55 -0700] "GET /searchCoursesByTitle?title=COMSC_76 HTTP/1.1" 200 1813
0:0:0:0:0:0:0:1 - - [28/Oct/2020:22:52:23 -0700] "GET /login HTTP/1.1" 200 1657
0:0:0:0:0:0:0:1 - - [28/Oct/2020:22:52:24 -0700] "GET /login HTTP/1.1" 200 1657
0:0:0:0:0:0:0:1 - - [28/Oct/2020:22:52:27 -0700] "POST /doLogin HTTP/1.1" 302 -
0:0:0:0:0:0:0:1 - - [28/Oct/2020:22:52:27 -0700] "GET /loginSuccessful HTTP/1.1" 200 650
0:0:0:0:0:0:0:1 - - [28/Oct/2020:22:52:30 -0700] "GET /searchCourses HTTP/1.1" 200 549
0:0:0:0:0:0:0:1 - - [28/Oct/2020:22:52:33 -0700] "GET /searchCoursesByTitle?title=COMSC_76 HTTP/1.1" 200 1809
0:0:0:0:0:0:0:1 - - [28/Oct/2020:22:52:59 -0700] "GET /searchCoursesByTitle?title=COMSC_75 HTTP/1.1" 500 13852
0:0:0:0:0:0:0:1 - - [28/Oct/2020:22:53:50 -0700] "GET /searchCoursesByTitle?title=COMSC_76 HTTP/1.1" 200 1809
0:0:0:0:0:0:0:1 - - [28/Oct/2020:22:58:01 -0700] "GET /searchCoursesByTitle?title=COMSC_76 HTTP/1.1" 200 1809
0:0:0:0:0:0:0:1 - - [28/Oct/2020:22:58:09 -0700] "GET /searchCoursesByTitle?title=COMSC_76 HTTP/1.1" 200 1817
0:0:0:0:0:0:0:1 - - [28/Oct/2020:23:28:18 -0700] "GET /searchCoursesByTitle?title=COMSC_76 HTTP/1.1" 302 -
0:0:0:0:0:0:0:1 - - [28/Oct/2020:23:28:18 -0700] "GET /login HTTP/1.1" 200 1657
0:0:0:0:0:0:0:1 - - [28/Oct/2020:23:28:21 -0700] "POST /doLogin HTTP/1.1" 302 -
0:0:0:0:0:0:0:1 - - [28/Oct/2020:23:28:21 -0700] "GET /loginSuccessful HTTP/1.1" 200 650
0:0:0:0:0:0:0:1 - - [28/Oct/2020:23:28:23 -0700] "GET /searchCourses HTTP/1.1" 200 549
0:0:0:0:0:0:0:1 - - [28/Oct/2020:23:28:24 -0700] "GET /searchCoursesByTitle?title=COMSC_75 HTTP/1.1" 500 14213
0:0:0:0:0:0:0:1 - - [28/Oct/2020:23:28:27 -0700] "GET /searchCoursesByTitle?title=COMSC_76 HTTP/1.1" 500 14213
0:0:0:0:0:0:0:1 - - [28/Oct/2020:23:29:05 -0700] "GET /searchCoursesByTitle?title=COMSC_76 HTTP/1.1" 200 1817
0:0:0:0:0:0:0:1 - - [28/Oct/2020:23:29:16 -0700] "GET /searchCoursesByTitle?title=COMSC_75 HTTP/1.1" 200 1423
0:0:0:0:0:0:0:1 - - [28/Oct/2020:23:29:46 -0700] "GET /searchCoursesByTitle?title=COMSC_75 HTTP/1.1" 200 1421
0:0:0:0:0:0:0:1 - - [28/Oct/2020:23:29:59 -0700] "GET /searchCoursesByTitle?title=COMSC_75 HTTP/1.1" 200 1423
0:0:0:0:0:0:0:1 - - [28/Oct/2020:23:56:26 -0700] "GET /login HTTP/1.1" 200 1657
0:0:0:0:0:0:0:1 - - [28/Oct/2020:23:56:26 -0700] "GET /login HTTP/1.1" 200 1657
0:0:0:0:0:0:0:1 - - [28/Oct/2020:23:56:30 -0700] "POST /doLogin HTTP/1.1" 302 -
0:0:0:0:0:0:0:1 - - [28/Oct/2020:23:56:30 -0700] "GET /loginSuccessful HTTP/1.1" 200 650
0:0:0:0:0:0:0:1 - - [28/Oct/2020:23:56:33 -0700] "GET /searchCourses HTTP/1.1" 200 858
