0:0:0:0:0:0:0:1 - - [27/Sep/2020:01:55:14 -0700] "GET /login HTTP/1.1" 200 1345
0:0:0:0:0:0:0:1 - - [27/Sep/2020:01:55:16 -0700] "GET /signup HTTP/1.1" 200 2534
0:0:0:0:0:0:0:1 - - [27/Sep/2020:01:55:16 -0700] "GET /js/pwstrength.js HTTP/1.1" 200 10303
0:0:0:0:0:0:0:1 - - [27/Sep/2020:01:55:16 -0700] "GET /js/jquery-1.7.2.js HTTP/1.1" 200 274484
0:0:0:0:0:0:0:1 - - [27/Sep/2020:01:56:22 -0700] "GET /signup HTTP/1.1" 200 2534
0:0:0:0:0:0:0:1 - - [27/Sep/2020:01:56:22 -0700] "GET /js/pwstrength.js HTTP/1.1" 200 -
0:0:0:0:0:0:0:1 - - [27/Sep/2020:01:56:22 -0700] "GET /js/jquery-1.7.2.js HTTP/1.1" 200 293292
0:0:0:0:0:0:0:1 - - [27/Sep/2020:01:56:31 -0700] "POST /user/register HTTP/1.1" 500 16723
0:0:0:0:0:0:0:1 - - [27/Sep/2020:01:56:39 -0700] "GET /signup HTTP/1.1" 200 2534
0:0:0:0:0:0:0:1 - - [27/Sep/2020:01:56:39 -0700] "GET /js/pwstrength.js HTTP/1.1" 200 -
0:0:0:0:0:0:0:1 - - [27/Sep/2020:01:56:39 -0700] "GET /js/jquery-1.7.2.js HTTP/1.1" 200 293292
0:0:0:0:0:0:0:1 - - [27/Sep/2020:01:56:55 -0700] "POST /user/register HTTP/1.1" 500 16723
0:0:0:0:0:0:0:1 - - [27/Sep/2020:01:58:20 -0700] "GET /user/register HTTP/1.1" 500 11312
0:0:0:0:0:0:0:1 - - [27/Sep/2020:01:58:25 -0700] "GET / HTTP/1.1" 302 -
0:0:0:0:0:0:0:1 - - [27/Sep/2020:01:58:25 -0700] "GET / HTTP/1.1" 302 -
0:0:0:0:0:0:0:1 - - [27/Sep/2020:01:58:26 -0700] "GET /login HTTP/1.1" 200 1345
0:0:0:0:0:0:0:1 - - [27/Sep/2020:01:58:26 -0700] "GET /login HTTP/1.1" 200 1345
0:0:0:0:0:0:0:1 - - [27/Sep/2020:01:58:28 -0700] "GET /signup HTTP/1.1" 200 2534
0:0:0:0:0:0:0:1 - - [27/Sep/2020:01:58:28 -0700] "GET /js/pwstrength.js HTTP/1.1" 200 -
0:0:0:0:0:0:0:1 - - [27/Sep/2020:01:58:28 -0700] "GET /js/jquery-1.7.2.js HTTP/1.1" 200 293292
0:0:0:0:0:0:0:1 - - [27/Sep/2020:01:58:58 -0700] "POST /user/register HTTP/1.1" 302 -
0:0:0:0:0:0:0:1 - - [27/Sep/2020:01:58:58 -0700] "GET /login HTTP/1.1" 200 1431
0:0:0:0:0:0:0:1 - - [27/Sep/2020:20:45:53 -0700] "GET /login HTTP/1.1" 200 1345
0:0:0:0:0:0:0:1 - - [27/Sep/2020:20:45:53 -0700] "GET /favicon.ico HTTP/1.1" 302 -
0:0:0:0:0:0:0:1 - - [27/Sep/2020:20:45:53 -0700] "GET /login HTTP/1.1" 200 1345
0:0:0:0:0:0:0:1 - - [27/Sep/2020:21:25:26 -0700] "GET /login HTTP/1.1" 200 1345
0:0:0:0:0:0:0:1 - - [27/Sep/2020:21:25:26 -0700] "GET /favicon.ico HTTP/1.1" 302 -
0:0:0:0:0:0:0:1 - - [27/Sep/2020:21:25:26 -0700] "GET /login HTTP/1.1" 200 1345
0:0:0:0:0:0:0:1 - - [27/Sep/2020:21:25:35 -0700] "GET /signup HTTP/1.1" 200 2534
0:0:0:0:0:0:0:1 - - [27/Sep/2020:21:25:35 -0700] "GET /js/pwstrength.js HTTP/1.1" 200 -
0:0:0:0:0:0:0:1 - - [27/Sep/2020:21:25:35 -0700] "GET /js/jquery-1.7.2.js HTTP/1.1" 200 293292
0:0:0:0:0:0:0:1 - - [27/Sep/2020:21:25:35 -0700] "GET /favicon.ico HTTP/1.1" 302 -
0:0:0:0:0:0:0:1 - - [27/Sep/2020:21:25:35 -0700] "GET /login HTTP/1.1" 200 1345
0:0:0:0:0:0:0:1 - - [27/Sep/2020:21:26:00 -0700] "POST /user/register HTTP/1.1" 302 -
0:0:0:0:0:0:0:1 - - [27/Sep/2020:21:26:00 -0700] "GET /login HTTP/1.1" 200 1431
0:0:0:0:0:0:0:1 - - [27/Sep/2020:21:26:00 -0700] "GET /favicon.ico HTTP/1.1" 302 -
0:0:0:0:0:0:0:1 - - [27/Sep/2020:21:26:00 -0700] "GET /login HTTP/1.1" 200 1345
0:0:0:0:0:0:0:1 - - [27/Sep/2020:21:26:22 -0700] "GET /registrationConfirm?token=4cc5681f-5abb-4b35-96d8-64eb2be4ddd3 HTTP/1.1" 302 -
0:0:0:0:0:0:0:1 - - [27/Sep/2020:21:26:22 -0700] "GET /login HTTP/1.1" 200 1418
0:0:0:0:0:0:0:1 - - [27/Sep/2020:21:26:22 -0700] "GET /favicon.ico HTTP/1.1" 302 -
0:0:0:0:0:0:0:1 - - [27/Sep/2020:21:26:22 -0700] "GET /login HTTP/1.1" 200 1345
0:0:0:0:0:0:0:1 - - [27/Sep/2020:21:34:00 -0700] "GET /login HTTP/1.1" 200 1345
0:0:0:0:0:0:0:1 - - [27/Sep/2020:21:34:00 -0700] "GET /favicon.ico HTTP/1.1" 302 -
0:0:0:0:0:0:0:1 - - [27/Sep/2020:21:34:00 -0700] "GET /login HTTP/1.1" 200 1345
0:0:0:0:0:0:0:1 - - [27/Sep/2020:21:34:02 -0700] "GET /signup HTTP/1.1" 200 2534
0:0:0:0:0:0:0:1 - - [27/Sep/2020:21:34:02 -0700] "GET /js/pwstrength.js HTTP/1.1" 200 -
0:0:0:0:0:0:0:1 - - [27/Sep/2020:21:34:02 -0700] "GET /js/jquery-1.7.2.js HTTP/1.1" 200 293292
0:0:0:0:0:0:0:1 - - [27/Sep/2020:21:34:02 -0700] "GET /favicon.ico HTTP/1.1" 302 -
0:0:0:0:0:0:0:1 - - [27/Sep/2020:21:34:02 -0700] "GET /login HTTP/1.1" 200 1345
0:0:0:0:0:0:0:1 - - [27/Sep/2020:21:34:15 -0700] "POST /user/register HTTP/1.1" 302 -
0:0:0:0:0:0:0:1 - - [27/Sep/2020:21:34:15 -0700] "GET /login HTTP/1.1" 200 1431
0:0:0:0:0:0:0:1 - - [27/Sep/2020:21:34:15 -0700] "GET /favicon.ico HTTP/1.1" 302 -
0:0:0:0:0:0:0:1 - - [27/Sep/2020:21:34:15 -0700] "GET /login HTTP/1.1" 200 1345
0:0:0:0:0:0:0:1 - - [27/Sep/2020:21:34:20 -0700] "GET /registrationConfirm?token=0ca8258a-d159-4f4d-abc6-3906d2b67841 HTTP/1.1" 302 -
0:0:0:0:0:0:0:1 - - [27/Sep/2020:21:34:20 -0700] "GET /login HTTP/1.1" 200 1418
0:0:0:0:0:0:0:1 - - [27/Sep/2020:21:34:20 -0700] "GET /favicon.ico HTTP/1.1" 302 -
0:0:0:0:0:0:0:1 - - [27/Sep/2020:21:34:20 -0700] "GET /login HTTP/1.1" 200 1345
0:0:0:0:0:0:0:1 - - [27/Sep/2020:21:34:26 -0700] "POST /doLogin HTTP/1.1" 302 -
0:0:0:0:0:0:0:1 - - [27/Sep/2020:21:34:26 -0700] "GET / HTTP/1.1" 302 -
0:0:0:0:0:0:0:1 - - [27/Sep/2020:21:34:27 -0700] "GET /user HTTP/1.1" 200 1345
0:0:0:0:0:0:0:1 - - [27/Sep/2020:21:34:32 -0700] "GET /favicon.ico HTTP/1.1" 200 1150
0:0:0:0:0:0:0:1 - - [27/Sep/2020:21:45:56 -0700] "GET /login HTTP/1.1" 200 1345
0:0:0:0:0:0:0:1 - - [27/Sep/2020:21:45:57 -0700] "GET /signup HTTP/1.1" 200 2534
0:0:0:0:0:0:0:1 - - [27/Sep/2020:21:45:57 -0700] "GET /js/pwstrength.js HTTP/1.1" 200 -
0:0:0:0:0:0:0:1 - - [27/Sep/2020:21:45:57 -0700] "GET /js/jquery-1.7.2.js HTTP/1.1" 200 293292
0:0:0:0:0:0:0:1 - - [27/Sep/2020:21:46:19 -0700] "POST /user/register HTTP/1.1" 302 -
0:0:0:0:0:0:0:1 - - [27/Sep/2020:21:46:19 -0700] "GET /login HTTP/1.1" 200 1431
0:0:0:0:0:0:0:1 - - [27/Sep/2020:21:46:24 -0700] "GET /registrationConfirm?token=d76519ce-c20f-4a4d-9aff-7919c0fa6d05 HTTP/1.1" 302 -
0:0:0:0:0:0:0:1 - - [27/Sep/2020:21:46:24 -0700] "GET /login HTTP/1.1" 200 1418
0:0:0:0:0:0:0:1 - - [27/Sep/2020:21:46:38 -0700] "POST /doLogin HTTP/1.1" 200 1792
0:0:0:0:0:0:0:1 - - [27/Sep/2020:21:46:41 -0700] "GET /login HTTP/1.1" 200 1345
0:0:0:0:0:0:0:1 - - [27/Sep/2020:21:46:48 -0700] "POST /doLogin HTTP/1.1" 200 1792
0:0:0:0:0:0:0:1 - - [27/Sep/2020:21:46:59 -0700] "GET /login HTTP/1.1" 200 1345
0:0:0:0:0:0:0:1 - - [27/Sep/2020:21:47:50 -0700] "GET /login HTTP/1.1" 200 1345
0:0:0:0:0:0:0:1 - - [27/Sep/2020:21:47:51 -0700] "GET /signup HTTP/1.1" 200 2534
0:0:0:0:0:0:0:1 - - [27/Sep/2020:21:47:51 -0700] "GET /js/pwstrength.js HTTP/1.1" 200 -
0:0:0:0:0:0:0:1 - - [27/Sep/2020:21:47:51 -0700] "GET /js/jquery-1.7.2.js HTTP/1.1" 200 293292
0:0:0:0:0:0:0:1 - - [27/Sep/2020:21:48:07 -0700] "POST /user/register HTTP/1.1" 302 -
0:0:0:0:0:0:0:1 - - [27/Sep/2020:21:48:07 -0700] "GET /login HTTP/1.1" 200 1431
0:0:0:0:0:0:0:1 - - [27/Sep/2020:21:48:19 -0700] "GET /registrationConfirm?token=4937802b-8396-4133-8220-b16a9456650a HTTP/1.1" 302 -
0:0:0:0:0:0:0:1 - - [27/Sep/2020:21:48:19 -0700] "GET /login HTTP/1.1" 200 1418
0:0:0:0:0:0:0:1 - - [27/Sep/2020:21:48:24 -0700] "POST /doLogin HTTP/1.1" 200 1792
0:0:0:0:0:0:0:1 - - [27/Sep/2020:22:00:44 -0700] "GET /login HTTP/1.1" 200 1345
0:0:0:0:0:0:0:1 - - [27/Sep/2020:22:00:47 -0700] "GET /signup HTTP/1.1" 200 2534
0:0:0:0:0:0:0:1 - - [27/Sep/2020:22:00:47 -0700] "GET /js/pwstrength.js HTTP/1.1" 200 -
0:0:0:0:0:0:0:1 - - [27/Sep/2020:22:00:47 -0700] "GET /js/jquery-1.7.2.js HTTP/1.1" 200 293292
0:0:0:0:0:0:0:1 - - [27/Sep/2020:22:00:52 -0700] "POST /user/register HTTP/1.1" 200 2807
0:0:0:0:0:0:0:1 - - [27/Sep/2020:22:00:52 -0700] "GET /js/pwstrength.js HTTP/1.1" 200 -
0:0:0:0:0:0:0:1 - - [27/Sep/2020:22:00:52 -0700] "GET /js/jquery-1.7.2.js HTTP/1.1" 200 293292
0:0:0:0:0:0:0:1 - - [27/Sep/2020:22:01:05 -0700] "POST /user/register HTTP/1.1" 302 -
0:0:0:0:0:0:0:1 - - [27/Sep/2020:22:01:05 -0700] "GET /login HTTP/1.1" 200 1431
0:0:0:0:0:0:0:1 - - [27/Sep/2020:22:01:14 -0700] "GET /registrationConfirm?token=5476f81b-38a7-49e6-a2ed-5a33e738dc77 HTTP/1.1" 302 -
0:0:0:0:0:0:0:1 - - [27/Sep/2020:22:01:14 -0700] "GET /login HTTP/1.1" 200 1418
0:0:0:0:0:0:0:1 - - [27/Sep/2020:22:01:31 -0700] "POST /doLogin HTTP/1.1" 302 -
0:0:0:0:0:0:0:1 - - [27/Sep/2020:22:01:32 -0700] "GET /user HTTP/1.1" 200 1346
0:0:0:0:0:0:0:1 - - [27/Sep/2020:22:26:43 -0700] "GET /login HTTP/1.1" 200 1646
0:0:0:0:0:0:0:1 - - [27/Sep/2020:22:26:48 -0700] "GET /signup HTTP/1.1" 200 4744
0:0:0:0:0:0:0:1 - - [27/Sep/2020:22:26:48 -0700] "GET /js/pwstrength.js HTTP/1.1" 200 -
0:0:0:0:0:0:0:1 - - [27/Sep/2020:22:26:48 -0700] "GET /js/jquery-1.7.2.js HTTP/1.1" 200 293292
0:0:0:0:0:0:0:1 - - [27/Sep/2020:22:27:00 -0700] "POST /signup HTTP/1.1" 302 -
0:0:0:0:0:0:0:1 - - [27/Sep/2020:22:27:00 -0700] "GET /login HTTP/1.1" 200 1729
0:0:0:0:0:0:0:1 - - [27/Sep/2020:22:27:06 -0700] "GET /registrationConfirm?token=42b788fb-749c-4309-96d6-0338d1fbc641 HTTP/1.1" 302 -
0:0:0:0:0:0:0:1 - - [27/Sep/2020:22:27:06 -0700] "GET /login HTTP/1.1" 200 1719
0:0:0:0:0:0:0:1 - - [27/Sep/2020:22:27:10 -0700] "POST /doLogin HTTP/1.1" 302 -
0:0:0:0:0:0:0:1 - - [27/Sep/2020:22:27:10 -0700] "GET /loginSuccessful HTTP/1.1" 302 -
0:0:0:0:0:0:0:1 - - [27/Sep/2020:22:27:10 -0700] "GET /login HTTP/1.1" 200 1646
0:0:0:0:0:0:0:1 - - [27/Sep/2020:22:35:03 -0700] "GET /login HTTP/1.1" 200 1646
0:0:0:0:0:0:0:1 - - [27/Sep/2020:22:35:07 -0700] "POST /doLogin HTTP/1.1" 302 -
0:0:0:0:0:0:0:1 - - [27/Sep/2020:22:35:07 -0700] "GET /loginSuccessful HTTP/1.1" 302 -
0:0:0:0:0:0:0:1 - - [27/Sep/2020:22:35:07 -0700] "GET /login HTTP/1.1" 200 1646
0:0:0:0:0:0:0:1 - - [27/Sep/2020:22:35:42 -0700] "POST /doLogin HTTP/1.1" 302 -
0:0:0:0:0:0:0:1 - - [27/Sep/2020:22:35:42 -0700] "GET /login?error HTTP/1.1" 500 12877
0:0:0:0:0:0:0:1 - - [27/Sep/2020:22:35:47 -0700] "GET /login HTTP/1.1" 200 1646
0:0:0:0:0:0:0:1 - - [27/Sep/2020:22:39:39 -0700] "GET /login HTTP/1.1" 200 1646
0:0:0:0:0:0:0:1 - - [27/Sep/2020:22:39:43 -0700] "POST /doLogin HTTP/1.1" 302 -
0:0:0:0:0:0:0:1 - - [27/Sep/2020:22:39:43 -0700] "GET /login?error HTTP/1.1" 500 12877
0:0:0:0:0:0:0:1 - - [27/Sep/2020:22:39:45 -0700] "GET /login HTTP/1.1" 200 1646
0:0:0:0:0:0:0:1 - - [27/Sep/2020:22:39:49 -0700] "POST /doLogin HTTP/1.1" 302 -
0:0:0:0:0:0:0:1 - - [27/Sep/2020:22:39:49 -0700] "GET /loginSuccessful HTTP/1.1" 302 -
0:0:0:0:0:0:0:1 - - [27/Sep/2020:22:39:49 -0700] "GET /login HTTP/1.1" 200 1646
0:0:0:0:0:0:0:1 - - [27/Sep/2020:22:42:13 -0700] "GET /login HTTP/1.1" 200 1646
0:0:0:0:0:0:0:1 - - [27/Sep/2020:22:42:16 -0700] "POST /doLogin HTTP/1.1" 302 -
0:0:0:0:0:0:0:1 - - [27/Sep/2020:22:42:16 -0700] "GET / HTTP/1.1" 302 -
0:0:0:0:0:0:0:1 - - [27/Sep/2020:22:42:16 -0700] "GET /login HTTP/1.1" 200 1646
0:0:0:0:0:0:0:1 - - [27/Sep/2020:22:43:25 -0700] "GET /login HTTP/1.1" 200 1646
0:0:0:0:0:0:0:1 - - [27/Sep/2020:22:43:30 -0700] "POST /doLogin HTTP/1.1" 302 -
0:0:0:0:0:0:0:1 - - [27/Sep/2020:22:43:30 -0700] "GET /loginSuccessful HTTP/1.1" 302 -
0:0:0:0:0:0:0:1 - - [27/Sep/2020:22:43:30 -0700] "GET /login HTTP/1.1" 200 1646
0:0:0:0:0:0:0:1 - - [27/Sep/2020:22:43:31 -0700] "POST /doLogin HTTP/1.1" 302 -
0:0:0:0:0:0:0:1 - - [27/Sep/2020:22:43:31 -0700] "GET /login?error HTTP/1.1" 500 13132
0:0:0:0:0:0:0:1 - - [27/Sep/2020:22:43:33 -0700] "GET /login HTTP/1.1" 200 1646
0:0:0:0:0:0:0:1 - - [27/Sep/2020:23:01:34 -0700] "GET /login HTTP/1.1" 200 1646
0:0:0:0:0:0:0:1 - - [27/Sep/2020:23:01:38 -0700] "POST /doLogin HTTP/1.1" 302 -
0:0:0:0:0:0:0:1 - - [27/Sep/2020:23:01:38 -0700] "GET /loginSuccessful HTTP/1.1" 302 -
0:0:0:0:0:0:0:1 - - [27/Sep/2020:23:01:38 -0700] "GET /login HTTP/1.1" 200 1646
