0:0:0:0:0:0:0:1 - - [30/Oct/2020:01:50:54 -0700] "GET /searchCourses HTTP/1.1" 302 -
0:0:0:0:0:0:0:1 - - [30/Oct/2020:01:50:54 -0700] "GET /login HTTP/1.1" 200 1657
0:0:0:0:0:0:0:1 - - [30/Oct/2020:01:50:57 -0700] "POST /doLogin HTTP/1.1" 302 -
0:0:0:0:0:0:0:1 - - [30/Oct/2020:01:50:57 -0700] "GET /loginSuccessful HTTP/1.1" 200 650
0:0:0:0:0:0:0:1 - - [30/Oct/2020:01:50:58 -0700] "GET /searchCourses HTTP/1.1" 200 857
0:0:0:0:0:0:0:1 - - [30/Oct/2020:01:50:59 -0700] "GET /searchCoursesByArea?area=Computer_Science HTTP/1.1" 200 2579
0:0:0:0:0:0:0:1 - - [30/Oct/2020:01:51:04 -0700] "POST /registerForClassess HTTP/1.1" 302 -
0:0:0:0:0:0:0:1 - - [30/Oct/2020:01:51:04 -0700] "GET /loginSuccessful HTTP/1.1" 200 650
0:0:0:0:0:0:0:1 - - [30/Oct/2020:01:51:06 -0700] "GET /searchCourses HTTP/1.1" 200 857
0:0:0:0:0:0:0:1 - - [30/Oct/2020:01:51:06 -0700] "GET /searchCoursesByArea?area=Computer_Science HTTP/1.1" 200 2579
0:0:0:0:0:0:0:1 - - [30/Oct/2020:01:51:08 -0700] "POST /registerForClassess HTTP/1.1" 302 -
0:0:0:0:0:0:0:1 - - [30/Oct/2020:01:51:08 -0700] "GET /searchCourses HTTP/1.1" 200 953
0:0:0:0:0:0:0:1 - - [30/Oct/2020:01:51:12 -0700] "GET /searchCoursesByArea?area=Computer_Science HTTP/1.1" 200 2579
0:0:0:0:0:0:0:1 - - [30/Oct/2020:01:51:14 -0700] "POST /registerForClassess HTTP/1.1" 302 -
0:0:0:0:0:0:0:1 - - [30/Oct/2020:01:51:14 -0700] "GET /searchCourses HTTP/1.1" 200 953
0:0:0:0:0:0:0:1 - - [30/Oct/2020:01:51:18 -0700] "GET /searchCoursesByArea?area=Computer_Science HTTP/1.1" 200 2579
0:0:0:0:0:0:0:1 - - [30/Oct/2020:01:51:32 -0700] "POST /registerForClassess HTTP/1.1" 302 -
0:0:0:0:0:0:0:1 - - [30/Oct/2020:01:51:32 -0700] "GET /searchCourses HTTP/1.1" 200 953
0:0:0:0:0:0:0:1 - - [30/Oct/2020:01:52:17 -0700] "GET /searchCourses HTTP/1.1" 200 857
0:0:0:0:0:0:0:1 - - [30/Oct/2020:01:52:18 -0700] "GET /searchCoursesByArea?area=Computer_Science HTTP/1.1" 200 2579
0:0:0:0:0:0:0:1 - - [30/Oct/2020:01:52:23 -0700] "POST /registerForClassess HTTP/1.1" 302 -
0:0:0:0:0:0:0:1 - - [30/Oct/2020:01:52:23 -0700] "GET /loginSuccessful HTTP/1.1" 200 650
0:0:0:0:0:0:0:1 - - [30/Oct/2020:01:52:44 -0700] "GET /searchCourses HTTP/1.1" 200 857
0:0:0:0:0:0:0:1 - - [30/Oct/2020:01:52:45 -0700] "GET /searchCoursesByArea?area=Computer_Science HTTP/1.1" 200 2579
0:0:0:0:0:0:0:1 - - [30/Oct/2020:01:52:53 -0700] "POST /registerForClassess HTTP/1.1" 302 -
0:0:0:0:0:0:0:1 - - [30/Oct/2020:01:52:53 -0700] "GET /searchCourses HTTP/1.1" 200 953
0:0:0:0:0:0:0:1 - - [30/Oct/2020:01:52:57 -0700] "GET /searchCoursesByArea?area=Computer_Science HTTP/1.1" 200 2579
0:0:0:0:0:0:0:1 - - [30/Oct/2020:01:53:00 -0700] "POST /registerForClassess HTTP/1.1" 302 -
0:0:0:0:0:0:0:1 - - [30/Oct/2020:01:53:00 -0700] "GET /searchCourses HTTP/1.1" 200 953
0:0:0:0:0:0:0:1 - - [30/Oct/2020:01:54:19 -0700] "GET /searchCourses HTTP/1.1" 200 857
0:0:0:0:0:0:0:1 - - [30/Oct/2020:01:54:19 -0700] "GET /searchCoursesByArea?area=Computer_Science HTTP/1.1" 200 2579
0:0:0:0:0:0:0:1 - - [30/Oct/2020:01:54:22 -0700] "POST /registerForClassess HTTP/1.1" 302 -
0:0:0:0:0:0:0:1 - - [30/Oct/2020:01:54:22 -0700] "GET /loginSuccessful HTTP/1.1" 200 650
0:0:0:0:0:0:0:1 - - [30/Oct/2020:01:54:23 -0700] "GET /searchCourses HTTP/1.1" 200 857
0:0:0:0:0:0:0:1 - - [30/Oct/2020:01:54:24 -0700] "GET /searchCoursesByArea?area=Computer_Science HTTP/1.1" 200 2579
0:0:0:0:0:0:0:1 - - [30/Oct/2020:01:54:26 -0700] "POST /registerForClassess HTTP/1.1" 302 -
0:0:0:0:0:0:0:1 - - [30/Oct/2020:01:54:26 -0700] "GET /searchCourses HTTP/1.1" 200 953
0:0:0:0:0:0:0:1 - - [30/Oct/2020:01:54:53 -0700] "GET /searchCourses HTTP/1.1" 200 857
0:0:0:0:0:0:0:1 - - [30/Oct/2020:01:54:54 -0700] "GET /searchCoursesByArea?area=Computer_Science HTTP/1.1" 200 2579
0:0:0:0:0:0:0:1 - - [30/Oct/2020:01:54:56 -0700] "POST /registerForClassess HTTP/1.1" 302 -
0:0:0:0:0:0:0:1 - - [30/Oct/2020:01:54:56 -0700] "GET /loginSuccessful HTTP/1.1" 200 650
0:0:0:0:0:0:0:1 - - [30/Oct/2020:01:54:57 -0700] "GET /searchCourses HTTP/1.1" 200 857
0:0:0:0:0:0:0:1 - - [30/Oct/2020:01:54:58 -0700] "GET /searchCoursesByArea?area=Computer_Science HTTP/1.1" 200 2579
0:0:0:0:0:0:0:1 - - [30/Oct/2020:01:55:00 -0700] "POST /registerForClassess HTTP/1.1" 302 -
0:0:0:0:0:0:0:1 - - [30/Oct/2020:01:55:00 -0700] "GET /searchCourses HTTP/1.1" 200 953
0:0:0:0:0:0:0:1 - - [30/Oct/2020:01:55:17 -0700] "GET /searchCourses HTTP/1.1" 200 857
0:0:0:0:0:0:0:1 - - [30/Oct/2020:01:56:29 -0700] "GET /searchCourses HTTP/1.1" 200 857
0:0:0:0:0:0:0:1 - - [30/Oct/2020:01:56:30 -0700] "GET /searchCoursesByArea?area=Computer_Science HTTP/1.1" 200 2579
0:0:0:0:0:0:0:1 - - [30/Oct/2020:01:56:33 -0700] "POST /registerForClassess HTTP/1.1" 302 -
0:0:0:0:0:0:0:1 - - [30/Oct/2020:01:56:33 -0700] "GET /loginSuccessful HTTP/1.1" 200 650
0:0:0:0:0:0:0:1 - - [30/Oct/2020:01:58:14 -0700] "GET /loginSuccessful HTTP/1.1" 200 650
0:0:0:0:0:0:0:1 - - [30/Oct/2020:01:58:16 -0700] "GET /searchCourses HTTP/1.1" 200 857
0:0:0:0:0:0:0:1 - - [30/Oct/2020:01:58:16 -0700] "GET /searchCoursesByArea?area=Computer_Science HTTP/1.1" 200 2579
0:0:0:0:0:0:0:1 - - [30/Oct/2020:01:58:19 -0700] "POST /registerForClassess HTTP/1.1" 302 -
0:0:0:0:0:0:0:1 - - [30/Oct/2020:01:58:19 -0700] "GET /loginSuccessful HTTP/1.1" 200 650
0:0:0:0:0:0:0:1 - - [30/Oct/2020:01:59:29 -0700] "GET /searchCourses HTTP/1.1" 200 857
0:0:0:0:0:0:0:1 - - [30/Oct/2020:01:59:29 -0700] "GET /searchCoursesByArea?area=Computer_Science HTTP/1.1" 200 2579
0:0:0:0:0:0:0:1 - - [30/Oct/2020:01:59:32 -0700] "POST /registerForClassess HTTP/1.1" 302 -
0:0:0:0:0:0:0:1 - - [30/Oct/2020:01:59:33 -0700] "GET /searchCourses HTTP/1.1" 200 953
0:0:0:0:0:0:0:1 - - [30/Oct/2020:02:00:23 -0700] "GET /searchCoursesByArea?area=Computer_Science HTTP/1.1" 200 2579
0:0:0:0:0:0:0:1 - - [30/Oct/2020:02:01:07 -0700] "GET /searchCourses HTTP/1.1" 200 857
0:0:0:0:0:0:0:1 - - [30/Oct/2020:02:01:07 -0700] "GET /searchCoursesByArea?area=Computer_Science HTTP/1.1" 200 2579
0:0:0:0:0:0:0:1 - - [30/Oct/2020:02:01:08 -0700] "GET /searchCourses HTTP/1.1" 200 857
0:0:0:0:0:0:0:1 - - [30/Oct/2020:02:01:09 -0700] "GET /loginSuccessful HTTP/1.1" 200 650
0:0:0:0:0:0:0:1 - - [30/Oct/2020:02:01:10 -0700] "GET /dropClasses HTTP/1.1" 200 1526
0:0:0:0:0:0:0:1 - - [30/Oct/2020:02:01:13 -0700] "POST /dropClasses HTTP/1.1" 302 -
0:0:0:0:0:0:0:1 - - [30/Oct/2020:02:01:13 -0700] "GET /loginSuccessful HTTP/1.1" 200 650
0:0:0:0:0:0:0:1 - - [30/Oct/2020:02:01:15 -0700] "GET /searchCourses HTTP/1.1" 200 857
0:0:0:0:0:0:0:1 - - [30/Oct/2020:02:01:16 -0700] "GET /searchCoursesByArea?area=Computer_Science HTTP/1.1" 200 2579
0:0:0:0:0:0:0:1 - - [30/Oct/2020:02:02:03 -0700] "POST /registerForClassess HTTP/1.1" 302 -
0:0:0:0:0:0:0:1 - - [30/Oct/2020:02:02:03 -0700] "GET /loginSuccessful HTTP/1.1" 200 650
0:0:0:0:0:0:0:1 - - [30/Oct/2020:02:02:26 -0700] "GET /searchCourses HTTP/1.1" 200 857
0:0:0:0:0:0:0:1 - - [30/Oct/2020:02:02:27 -0700] "GET /searchCoursesByArea?area=Computer_Science HTTP/1.1" 200 2579
0:0:0:0:0:0:0:1 - - [30/Oct/2020:02:02:32 -0700] "POST /registerForClassess HTTP/1.1" 302 -
0:0:0:0:0:0:0:1 - - [30/Oct/2020:02:02:32 -0700] "GET /searchCourses HTTP/1.1" 200 953
0:0:0:0:0:0:0:1 - - [30/Oct/2020:02:04:16 -0700] "GET /searchCoursesByArea?area=Computer_Science HTTP/1.1" 200 2579
0:0:0:0:0:0:0:1 - - [30/Oct/2020:02:04:17 -0700] "GET /searchCourses HTTP/1.1" 200 857
0:0:0:0:0:0:0:1 - - [30/Oct/2020:02:04:19 -0700] "GET /searchCoursesByArea?area=Computer_Science HTTP/1.1" 200 2579
0:0:0:0:0:0:0:1 - - [30/Oct/2020:02:04:20 -0700] "GET /searchCourses HTTP/1.1" 200 857
0:0:0:0:0:0:0:1 - - [30/Oct/2020:02:04:21 -0700] "GET /loginSuccessful HTTP/1.1" 200 650
0:0:0:0:0:0:0:1 - - [30/Oct/2020:02:04:22 -0700] "GET /dropClasses HTTP/1.1" 200 1526
0:0:0:0:0:0:0:1 - - [30/Oct/2020:02:04:24 -0700] "GET /loginSuccessful HTTP/1.1" 200 650
0:0:0:0:0:0:0:1 - - [30/Oct/2020:02:04:24 -0700] "GET /searchCourses HTTP/1.1" 200 857
0:0:0:0:0:0:0:1 - - [30/Oct/2020:02:04:25 -0700] "GET /searchCoursesByArea?area=Computer_Science HTTP/1.1" 200 2579
0:0:0:0:0:0:0:1 - - [30/Oct/2020:02:04:40 -0700] "POST /registerForClassess HTTP/1.1" 302 -
0:0:0:0:0:0:0:1 - - [30/Oct/2020:02:04:40 -0700] "GET /searchCourses HTTP/1.1" 200 925
0:0:0:0:0:0:0:1 - - [30/Oct/2020:02:04:43 -0700] "GET /searchCoursesByArea?area=Computer_Science HTTP/1.1" 200 2579
0:0:0:0:0:0:0:1 - - [30/Oct/2020:02:04:50 -0700] "POST /registerForClassess HTTP/1.1" 302 -
0:0:0:0:0:0:0:1 - - [30/Oct/2020:02:04:50 -0700] "GET /searchCourses HTTP/1.1" 200 953
0:0:0:0:0:0:0:1 - - [30/Oct/2020:02:04:57 -0700] "GET /login HTTP/1.1" 200 1657
0:0:0:0:0:0:0:1 - - [30/Oct/2020:02:04:58 -0700] "GET /login HTTP/1.1" 200 1657
0:0:0:0:0:0:0:1 - - [30/Oct/2020:02:05:00 -0700] "POST /doLogin HTTP/1.1" 302 -
0:0:0:0:0:0:0:1 - - [30/Oct/2020:02:05:00 -0700] "GET /loginSuccessful HTTP/1.1" 200 650
0:0:0:0:0:0:0:1 - - [30/Oct/2020:02:05:02 -0700] "GET /dropClasses HTTP/1.1" 200 1526
0:0:0:0:0:0:0:1 - - [30/Oct/2020:02:05:04 -0700] "POST /dropClasses HTTP/1.1" 302 -
0:0:0:0:0:0:0:1 - - [30/Oct/2020:02:05:04 -0700] "GET /loginSuccessful HTTP/1.1" 200 650
0:0:0:0:0:0:0:1 - - [30/Oct/2020:02:05:05 -0700] "GET /searchCourses HTTP/1.1" 200 857
0:0:0:0:0:0:0:1 - - [30/Oct/2020:02:05:06 -0700] "GET /searchCoursesByArea?area=Computer_Science HTTP/1.1" 200 2579
0:0:0:0:0:0:0:1 - - [30/Oct/2020:02:05:18 -0700] "POST /registerForClassess HTTP/1.1" 302 -
0:0:0:0:0:0:0:1 - - [30/Oct/2020:02:05:18 -0700] "GET /searchCourses HTTP/1.1" 200 953
0:0:0:0:0:0:0:1 - - [30/Oct/2020:06:09:00 -0700] "GET /searchCourses HTTP/1.1" 302 -
0:0:0:0:0:0:0:1 - - [30/Oct/2020:06:09:01 -0700] "GET /login HTTP/1.1" 200 1657
0:0:0:0:0:0:0:1 - - [30/Oct/2020:06:09:04 -0700] "POST /doLogin HTTP/1.1" 302 -
0:0:0:0:0:0:0:1 - - [30/Oct/2020:06:09:04 -0700] "GET /loginSuccessful HTTP/1.1" 200 650
0:0:0:0:0:0:0:1 - - [30/Oct/2020:06:09:06 -0700] "GET /searchCourses HTTP/1.1" 200 857
0:0:0:0:0:0:0:1 - - [30/Oct/2020:06:09:08 -0700] "GET /searchCoursesByArea?area=Computer_Science HTTP/1.1" 200 2579
0:0:0:0:0:0:0:1 - - [30/Oct/2020:06:09:13 -0700] "POST /registerForClassess HTTP/1.1" 302 -
0:0:0:0:0:0:0:1 - - [30/Oct/2020:06:09:13 -0700] "GET /loginSuccessful HTTP/1.1" 200 650
0:0:0:0:0:0:0:1 - - [30/Oct/2020:06:09:14 -0700] "GET /searchCourses HTTP/1.1" 200 857
0:0:0:0:0:0:0:1 - - [30/Oct/2020:06:09:16 -0700] "GET /searchCoursesByArea?area=Computer_Science HTTP/1.1" 200 2579
0:0:0:0:0:0:0:1 - - [30/Oct/2020:06:09:20 -0700] "POST /registerForClassess HTTP/1.1" 302 -
0:0:0:0:0:0:0:1 - - [30/Oct/2020:06:09:20 -0700] "GET /searchCourses HTTP/1.1" 200 953
0:0:0:0:0:0:0:1 - - [30/Oct/2020:06:32:23 -0700] "GET /searchCourses HTTP/1.1" 200 857
0:0:0:0:0:0:0:1 - - [30/Oct/2020:06:32:23 -0700] "GET /searchCoursesByArea?area=Computer_Science HTTP/1.1" 200 2579
0:0:0:0:0:0:0:1 - - [30/Oct/2020:06:32:25 -0700] "POST /registerForClassess HTTP/1.1" 302 -
0:0:0:0:0:0:0:1 - - [30/Oct/2020:06:32:25 -0700] "GET /loginSuccessful HTTP/1.1" 200 650
0:0:0:0:0:0:0:1 - - [30/Oct/2020:06:32:28 -0700] "GET /dropClasses HTTP/1.1" 200 1526
0:0:0:0:0:0:0:1 - - [30/Oct/2020:06:32:30 -0700] "POST /dropClasses HTTP/1.1" 302 -
0:0:0:0:0:0:0:1 - - [30/Oct/2020:06:32:30 -0700] "GET /loginSuccessful HTTP/1.1" 200 650
0:0:0:0:0:0:0:1 - - [30/Oct/2020:06:32:31 -0700] "GET /searchCourses HTTP/1.1" 200 857
0:0:0:0:0:0:0:1 - - [30/Oct/2020:06:32:32 -0700] "GET /searchCoursesByArea?area=Computer_Science HTTP/1.1" 200 2579
0:0:0:0:0:0:0:1 - - [30/Oct/2020:06:32:34 -0700] "POST /registerForClassess HTTP/1.1" 302 -
0:0:0:0:0:0:0:1 - - [30/Oct/2020:06:32:34 -0700] "GET /searchCourses HTTP/1.1" 200 953
0:0:0:0:0:0:0:1 - - [30/Oct/2020:06:32:37 -0700] "GET /searchCoursesByArea?area=Computer_Science HTTP/1.1" 200 2579
0:0:0:0:0:0:0:1 - - [30/Oct/2020:06:32:45 -0700] "POST /registerForClassess HTTP/1.1" 302 -
0:0:0:0:0:0:0:1 - - [30/Oct/2020:06:32:45 -0700] "GET /searchCourses HTTP/1.1" 200 953
0:0:0:0:0:0:0:1 - - [30/Oct/2020:06:32:51 -0700] "GET /searchCoursesByArea?area=Computer_Science HTTP/1.1" 200 2579
0:0:0:0:0:0:0:1 - - [30/Oct/2020:06:32:58 -0700] "POST /registerForClassess HTTP/1.1" 302 -
0:0:0:0:0:0:0:1 - - [30/Oct/2020:06:32:58 -0700] "GET /searchCourses HTTP/1.1" 200 925
0:0:0:0:0:0:0:1 - - [30/Oct/2020:06:32:59 -0700] "GET /searchCoursesByArea?area=Computer_Science HTTP/1.1" 200 2579
0:0:0:0:0:0:0:1 - - [30/Oct/2020:06:33:08 -0700] "POST /registerForClassess HTTP/1.1" 302 -
0:0:0:0:0:0:0:1 - - [30/Oct/2020:06:33:08 -0700] "GET /searchCourses HTTP/1.1" 200 953
0:0:0:0:0:0:0:1 - - [30/Oct/2020:06:33:11 -0700] "GET /searchCoursesByArea?area=Computer_Science HTTP/1.1" 200 2579
0:0:0:0:0:0:0:1 - - [30/Oct/2020:06:33:40 -0700] "POST /registerForClassess HTTP/1.1" 302 -
0:0:0:0:0:0:0:1 - - [30/Oct/2020:06:33:40 -0700] "GET /searchCourses HTTP/1.1" 200 953
0:0:0:0:0:0:0:1 - - [30/Oct/2020:06:36:21 -0700] "GET /searchCourses HTTP/1.1" 200 857
0:0:0:0:0:0:0:1 - - [30/Oct/2020:06:36:22 -0700] "GET /searchCoursesByArea?area=Computer_Science HTTP/1.1" 200 2579
0:0:0:0:0:0:0:1 - - [30/Oct/2020:06:36:24 -0700] "POST /registerForClassess HTTP/1.1" 302 -
0:0:0:0:0:0:0:1 - - [30/Oct/2020:06:36:24 -0700] "GET /loginSuccessful HTTP/1.1" 200 650
0:0:0:0:0:0:0:1 - - [30/Oct/2020:06:36:24 -0700] "GET /searchCourses HTTP/1.1" 200 857
0:0:0:0:0:0:0:1 - - [30/Oct/2020:06:36:25 -0700] "GET /searchCoursesByArea?area=Computer_Science HTTP/1.1" 200 2579
0:0:0:0:0:0:0:1 - - [30/Oct/2020:06:36:26 -0700] "POST /registerForClassess HTTP/1.1" 302 -
0:0:0:0:0:0:0:1 - - [30/Oct/2020:06:36:26 -0700] "GET /loginSuccessful HTTP/1.1" 200 650
0:0:0:0:0:0:0:1 - - [30/Oct/2020:06:36:37 -0700] "GET /searchCourses HTTP/1.1" 200 857
0:0:0:0:0:0:0:1 - - [30/Oct/2020:06:36:38 -0700] "GET /searchCoursesByArea?area=Computer_Science HTTP/1.1" 200 2579
0:0:0:0:0:0:0:1 - - [30/Oct/2020:06:36:41 -0700] "POST /registerForClassess HTTP/1.1" 302 -
0:0:0:0:0:0:0:1 - - [30/Oct/2020:06:36:41 -0700] "GET /searchCourses HTTP/1.1" 200 953
0:0:0:0:0:0:0:1 - - [30/Oct/2020:06:36:45 -0700] "GET /searchCoursesByArea?area=Computer_Science HTTP/1.1" 200 2579
0:0:0:0:0:0:0:1 - - [30/Oct/2020:06:36:47 -0700] "POST /registerForClassess HTTP/1.1" 302 -
0:0:0:0:0:0:0:1 - - [30/Oct/2020:06:36:47 -0700] "GET /searchCourses HTTP/1.1" 200 953
0:0:0:0:0:0:0:1 - - [30/Oct/2020:06:36:50 -0700] "GET /searchCoursesByArea?area=Computer_Science HTTP/1.1" 200 2579
0:0:0:0:0:0:0:1 - - [30/Oct/2020:06:36:51 -0700] "GET /searchCourses HTTP/1.1" 200 857
0:0:0:0:0:0:0:1 - - [30/Oct/2020:06:36:52 -0700] "GET /searchCoursesByArea?area=Computer_Science HTTP/1.1" 200 2579
0:0:0:0:0:0:0:1 - - [30/Oct/2020:06:36:53 -0700] "GET /searchCourses HTTP/1.1" 200 857
0:0:0:0:0:0:0:1 - - [30/Oct/2020:06:36:54 -0700] "GET /loginSuccessful HTTP/1.1" 200 650
0:0:0:0:0:0:0:1 - - [30/Oct/2020:06:36:55 -0700] "GET /dropClasses HTTP/1.1" 200 1526
0:0:0:0:0:0:0:1 - - [30/Oct/2020:06:36:59 -0700] "POST /dropClasses HTTP/1.1" 302 -
0:0:0:0:0:0:0:1 - - [30/Oct/2020:06:36:59 -0700] "GET /loginSuccessful HTTP/1.1" 200 650
0:0:0:0:0:0:0:1 - - [30/Oct/2020:06:37:00 -0700] "GET /searchCourses HTTP/1.1" 200 857
0:0:0:0:0:0:0:1 - - [30/Oct/2020:06:37:01 -0700] "GET /searchCoursesByArea?area=Computer_Science HTTP/1.1" 200 2579
0:0:0:0:0:0:0:1 - - [30/Oct/2020:06:37:06 -0700] "POST /registerForClassess HTTP/1.1" 302 -
0:0:0:0:0:0:0:1 - - [30/Oct/2020:06:37:06 -0700] "GET /searchCourses HTTP/1.1" 200 953
0:0:0:0:0:0:0:1 - - [30/Oct/2020:06:40:31 -0700] "GET /searchCourses HTTP/1.1" 200 857
0:0:0:0:0:0:0:1 - - [30/Oct/2020:06:40:32 -0700] "GET /searchCoursesByArea?area=Computer_Science HTTP/1.1" 200 2579
0:0:0:0:0:0:0:1 - - [30/Oct/2020:06:40:34 -0700] "POST /registerForClassess HTTP/1.1" 302 -
0:0:0:0:0:0:0:1 - - [30/Oct/2020:06:40:34 -0700] "GET /loginSuccessful HTTP/1.1" 200 650
0:0:0:0:0:0:0:1 - - [30/Oct/2020:06:40:35 -0700] "GET /searchCourses HTTP/1.1" 200 857
0:0:0:0:0:0:0:1 - - [30/Oct/2020:06:40:36 -0700] "GET /searchCoursesByArea?area=Computer_Science HTTP/1.1" 200 2579
0:0:0:0:0:0:0:1 - - [30/Oct/2020:06:40:38 -0700] "POST /registerForClassess HTTP/1.1" 302 -
0:0:0:0:0:0:0:1 - - [30/Oct/2020:06:40:38 -0700] "GET /searchCourses HTTP/1.1" 200 953
0:0:0:0:0:0:0:1 - - [30/Oct/2020:06:41:44 -0700] "GET /searchCourses HTTP/1.1" 200 857
0:0:0:0:0:0:0:1 - - [30/Oct/2020:06:41:45 -0700] "GET /searchCoursesByArea?area=Computer_Science HTTP/1.1" 200 2579
0:0:0:0:0:0:0:1 - - [30/Oct/2020:06:41:47 -0700] "POST /registerForClassess HTTP/1.1" 302 -
0:0:0:0:0:0:0:1 - - [30/Oct/2020:06:41:47 -0700] "GET /loginSuccessful HTTP/1.1" 200 650
0:0:0:0:0:0:0:1 - - [30/Oct/2020:06:41:48 -0700] "GET /searchCourses HTTP/1.1" 200 857
0:0:0:0:0:0:0:1 - - [30/Oct/2020:06:41:48 -0700] "GET /searchCoursesByArea?area=Computer_Science HTTP/1.1" 200 2579
0:0:0:0:0:0:0:1 - - [30/Oct/2020:06:41:53 -0700] "POST /registerForClassess HTTP/1.1" 302 -
0:0:0:0:0:0:0:1 - - [30/Oct/2020:06:41:53 -0700] "GET /searchCourses HTTP/1.1" 200 953
0:0:0:0:0:0:0:1 - - [30/Oct/2020:06:55:30 -0700] "GET /searchCourses HTTP/1.1" 200 857
0:0:0:0:0:0:0:1 - - [30/Oct/2020:06:55:30 -0700] "GET /searchCoursesByArea?area=Computer_Science HTTP/1.1" 200 2579
0:0:0:0:0:0:0:1 - - [30/Oct/2020:06:55:32 -0700] "POST /registerForClassess HTTP/1.1" 302 -
0:0:0:0:0:0:0:1 - - [30/Oct/2020:06:55:32 -0700] "GET /loginSuccessful HTTP/1.1" 200 650
0:0:0:0:0:0:0:1 - - [30/Oct/2020:06:55:33 -0700] "GET /dropClasses HTTP/1.1" 200 1526
0:0:0:0:0:0:0:1 - - [30/Oct/2020:06:55:35 -0700] "POST /dropClasses HTTP/1.1" 302 -
0:0:0:0:0:0:0:1 - - [30/Oct/2020:06:55:35 -0700] "GET /loginSuccessful HTTP/1.1" 200 650
0:0:0:0:0:0:0:1 - - [30/Oct/2020:06:55:36 -0700] "GET /searchCourses HTTP/1.1" 200 857
0:0:0:0:0:0:0:1 - - [30/Oct/2020:06:55:37 -0700] "GET /searchCoursesByArea?area=Computer_Science HTTP/1.1" 200 2579
0:0:0:0:0:0:0:1 - - [30/Oct/2020:06:55:39 -0700] "POST /registerForClassess HTTP/1.1" 302 -
0:0:0:0:0:0:0:1 - - [30/Oct/2020:06:55:39 -0700] "GET /searchCourses HTTP/1.1" 200 953
0:0:0:0:0:0:0:1 - - [30/Oct/2020:06:55:51 -0700] "GET /searchCoursesByArea?area=Computer_Science HTTP/1.1" 200 2579
0:0:0:0:0:0:0:1 - - [30/Oct/2020:06:55:55 -0700] "POST /registerForClassess HTTP/1.1" 302 -
0:0:0:0:0:0:0:1 - - [30/Oct/2020:06:55:55 -0700] "GET /loginSuccessful HTTP/1.1" 200 650
0:0:0:0:0:0:0:1 - - [30/Oct/2020:06:55:57 -0700] "GET /dropClasses HTTP/1.1" 200 1526
0:0:0:0:0:0:0:1 - - [30/Oct/2020:06:56:01 -0700] "POST /dropClasses HTTP/1.1" 302 -
0:0:0:0:0:0:0:1 - - [30/Oct/2020:06:56:01 -0700] "GET /loginSuccessful HTTP/1.1" 200 650
0:0:0:0:0:0:0:1 - - [30/Oct/2020:06:56:02 -0700] "GET /searchCourses HTTP/1.1" 200 857
0:0:0:0:0:0:0:1 - - [30/Oct/2020:06:56:03 -0700] "GET /searchCoursesByArea?area=Computer_Science HTTP/1.1" 200 2579
0:0:0:0:0:0:0:1 - - [30/Oct/2020:06:56:07 -0700] "POST /registerForClassess HTTP/1.1" 302 -
0:0:0:0:0:0:0:1 - - [30/Oct/2020:06:56:07 -0700] "GET /searchCourses HTTP/1.1" 200 953
0:0:0:0:0:0:0:1 - - [30/Oct/2020:06:56:22 -0700] "GET /searchCoursesByArea?area=Computer_Science HTTP/1.1" 200 2579
0:0:0:0:0:0:0:1 - - [30/Oct/2020:06:56:25 -0700] "POST /registerForClassess HTTP/1.1" 302 -
0:0:0:0:0:0:0:1 - - [30/Oct/2020:06:56:25 -0700] "GET /searchCourses HTTP/1.1" 200 953
0:0:0:0:0:0:0:1 - - [30/Oct/2020:06:57:08 -0700] "GET /searchCourses HTTP/1.1" 200 857
0:0:0:0:0:0:0:1 - - [30/Oct/2020:06:57:21 -0700] "GET /searchCoursesByArea?area=Computer_Science HTTP/1.1" 200 2579
0:0:0:0:0:0:0:1 - - [30/Oct/2020:06:57:23 -0700] "POST /registerForClassess HTTP/1.1" 302 -
0:0:0:0:0:0:0:1 - - [30/Oct/2020:06:57:23 -0700] "GET /searchCourses HTTP/1.1" 200 953
0:0:0:0:0:0:0:1 - - [30/Oct/2020:06:58:42 -0700] "GET /searchCourses HTTP/1.1" 200 857
0:0:0:0:0:0:0:1 - - [30/Oct/2020:06:58:43 -0700] "GET /searchCoursesByArea?area=Computer_Science HTTP/1.1" 200 2579
0:0:0:0:0:0:0:1 - - [30/Oct/2020:06:58:47 -0700] "POST /registerForClassess HTTP/1.1" 302 -
0:0:0:0:0:0:0:1 - - [30/Oct/2020:06:58:47 -0700] "GET /loginSuccessful HTTP/1.1" 200 650
0:0:0:0:0:0:0:1 - - [30/Oct/2020:06:59:25 -0700] "GET /loginSuccessful HTTP/1.1" 200 650
0:0:0:0:0:0:0:1 - - [30/Oct/2020:06:59:26 -0700] "GET /searchCourses HTTP/1.1" 200 857
0:0:0:0:0:0:0:1 - - [30/Oct/2020:06:59:28 -0700] "GET /searchCoursesByArea?area=Computer_Science HTTP/1.1" 200 2579
0:0:0:0:0:0:0:1 - - [30/Oct/2020:06:59:32 -0700] "POST /registerForClassess HTTP/1.1" 302 -
0:0:0:0:0:0:0:1 - - [30/Oct/2020:06:59:32 -0700] "GET /loginSuccessful HTTP/1.1" 200 650
0:0:0:0:0:0:0:1 - - [30/Oct/2020:07:00:04 -0700] "GET /searchCourses HTTP/1.1" 200 857
0:0:0:0:0:0:0:1 - - [30/Oct/2020:07:00:05 -0700] "GET /searchCoursesByArea?area=Computer_Science HTTP/1.1" 200 2579
0:0:0:0:0:0:0:1 - - [30/Oct/2020:07:00:08 -0700] "POST /registerForClassess HTTP/1.1" 302 -
0:0:0:0:0:0:0:1 - - [30/Oct/2020:07:00:08 -0700] "GET /searchCourses HTTP/1.1" 200 953
0:0:0:0:0:0:0:1 - - [30/Oct/2020:07:01:13 -0700] "GET /searchCourses HTTP/1.1" 200 857
0:0:0:0:0:0:0:1 - - [30/Oct/2020:07:01:13 -0700] "GET /searchCoursesByArea?area=Computer_Science HTTP/1.1" 200 2579
0:0:0:0:0:0:0:1 - - [30/Oct/2020:07:01:16 -0700] "POST /registerForClassess HTTP/1.1" 302 -
0:0:0:0:0:0:0:1 - - [30/Oct/2020:07:01:16 -0700] "GET /loginSuccessful HTTP/1.1" 200 650
0:0:0:0:0:0:0:1 - - [30/Oct/2020:07:01:31 -0700] "GET /loginSuccessful HTTP/1.1" 200 650
0:0:0:0:0:0:0:1 - - [30/Oct/2020:07:01:31 -0700] "GET /searchCourses HTTP/1.1" 200 857
0:0:0:0:0:0:0:1 - - [30/Oct/2020:07:01:32 -0700] "GET /searchCoursesByArea?area=Computer_Science HTTP/1.1" 200 2579
0:0:0:0:0:0:0:1 - - [30/Oct/2020:07:01:35 -0700] "POST /registerForClassess HTTP/1.1" 302 -
0:0:0:0:0:0:0:1 - - [30/Oct/2020:07:01:35 -0700] "GET /searchCourses HTTP/1.1" 200 953
0:0:0:0:0:0:0:1 - - [30/Oct/2020:07:04:04 -0700] "GET /searchCourses HTTP/1.1" 200 857
0:0:0:0:0:0:0:1 - - [30/Oct/2020:07:04:06 -0700] "GET /searchCoursesByArea?area=Computer_Science HTTP/1.1" 200 2579
0:0:0:0:0:0:0:1 - - [30/Oct/2020:07:04:08 -0700] "POST /registerForClassess HTTP/1.1" 302 -
0:0:0:0:0:0:0:1 - - [30/Oct/2020:07:04:08 -0700] "GET /loginSuccessful HTTP/1.1" 200 650
0:0:0:0:0:0:0:1 - - [30/Oct/2020:07:04:08 -0700] "GET /searchCourses HTTP/1.1" 200 857
0:0:0:0:0:0:0:1 - - [30/Oct/2020:07:04:09 -0700] "GET /searchCoursesByArea?area=Computer_Science HTTP/1.1" 200 2579
0:0:0:0:0:0:0:1 - - [30/Oct/2020:07:04:13 -0700] "POST /registerForClassess HTTP/1.1" 302 -
0:0:0:0:0:0:0:1 - - [30/Oct/2020:07:04:13 -0700] "GET /searchCourses HTTP/1.1" 200 953
0:0:0:0:0:0:0:1 - - [30/Oct/2020:07:07:42 -0700] "GET /searchCourses HTTP/1.1" 200 857
0:0:0:0:0:0:0:1 - - [30/Oct/2020:07:07:42 -0700] "GET /searchCoursesByArea?area=Computer_Science HTTP/1.1" 200 2579
0:0:0:0:0:0:0:1 - - [30/Oct/2020:07:07:45 -0700] "POST /registerForClassess HTTP/1.1" 302 -
0:0:0:0:0:0:0:1 - - [30/Oct/2020:07:07:45 -0700] "GET /loginSuccessful HTTP/1.1" 200 650
0:0:0:0:0:0:0:1 - - [30/Oct/2020:07:07:46 -0700] "GET /searchCourses HTTP/1.1" 200 857
0:0:0:0:0:0:0:1 - - [30/Oct/2020:07:07:47 -0700] "GET /searchCoursesByArea?area=Computer_Science HTTP/1.1" 200 2579
0:0:0:0:0:0:0:1 - - [30/Oct/2020:07:07:49 -0700] "POST /registerForClassess HTTP/1.1" 302 -
0:0:0:0:0:0:0:1 - - [30/Oct/2020:07:07:49 -0700] "GET /loginSuccessful HTTP/1.1" 200 650
0:0:0:0:0:0:0:1 - - [30/Oct/2020:07:08:47 -0700] "GET /loginSuccessful HTTP/1.1" 200 650
0:0:0:0:0:0:0:1 - - [30/Oct/2020:07:08:48 -0700] "GET /searchCourses HTTP/1.1" 200 857
0:0:0:0:0:0:0:1 - - [30/Oct/2020:07:08:49 -0700] "GET /searchCoursesByArea?area=Computer_Science HTTP/1.1" 200 2579
0:0:0:0:0:0:0:1 - - [30/Oct/2020:07:08:51 -0700] "POST /registerForClassess HTTP/1.1" 302 -
0:0:0:0:0:0:0:1 - - [30/Oct/2020:07:08:51 -0700] "GET /loginSuccessful HTTP/1.1" 200 650
0:0:0:0:0:0:0:1 - - [30/Oct/2020:07:08:53 -0700] "GET /searchCourses HTTP/1.1" 200 857
0:0:0:0:0:0:0:1 - - [30/Oct/2020:07:08:53 -0700] "GET /searchCoursesByArea?area=Computer_Science HTTP/1.1" 200 2579
0:0:0:0:0:0:0:1 - - [30/Oct/2020:07:08:56 -0700] "POST /registerForClassess HTTP/1.1" 302 -
0:0:0:0:0:0:0:1 - - [30/Oct/2020:07:08:56 -0700] "GET /searchCourses HTTP/1.1" 200 953
0:0:0:0:0:0:0:1 - - [30/Oct/2020:07:08:59 -0700] "GET /searchCoursesByArea?area=Computer_Science HTTP/1.1" 200 2579
0:0:0:0:0:0:0:1 - - [30/Oct/2020:07:09:12 -0700] "POST /registerForClassess HTTP/1.1" 302 -
0:0:0:0:0:0:0:1 - - [30/Oct/2020:07:09:12 -0700] "GET /searchCourses HTTP/1.1" 200 953
0:0:0:0:0:0:0:1 - - [30/Oct/2020:07:09:26 -0700] "GET /searchCoursesByArea?area=Computer_Science HTTP/1.1" 200 2579
0:0:0:0:0:0:0:1 - - [30/Oct/2020:07:09:27 -0700] "GET /searchCourses HTTP/1.1" 200 857
0:0:0:0:0:0:0:1 - - [30/Oct/2020:07:09:28 -0700] "GET /searchCoursesByArea?area=Computer_Science HTTP/1.1" 200 2579
0:0:0:0:0:0:0:1 - - [30/Oct/2020:07:09:29 -0700] "GET /searchCourses HTTP/1.1" 200 857
0:0:0:0:0:0:0:1 - - [30/Oct/2020:07:09:30 -0700] "GET /searchCoursesByArea?area=Computer_Science HTTP/1.1" 200 2579
0:0:0:0:0:0:0:1 - - [30/Oct/2020:07:09:31 -0700] "GET /searchCourses HTTP/1.1" 200 857
0:0:0:0:0:0:0:1 - - [30/Oct/2020:07:09:31 -0700] "GET /loginSuccessful HTTP/1.1" 200 650
0:0:0:0:0:0:0:1 - - [30/Oct/2020:07:09:32 -0700] "GET /dropClasses HTTP/1.1" 200 1526
0:0:0:0:0:0:0:1 - - [30/Oct/2020:07:09:34 -0700] "GET /loginSuccessful HTTP/1.1" 200 650
0:0:0:0:0:0:0:1 - - [30/Oct/2020:07:09:35 -0700] "GET /searchCourses HTTP/1.1" 200 857
0:0:0:0:0:0:0:1 - - [30/Oct/2020:07:09:36 -0700] "GET /searchCoursesByArea?area=Computer_Science HTTP/1.1" 200 2579
0:0:0:0:0:0:0:1 - - [30/Oct/2020:07:09:39 -0700] "POST /registerForClassess HTTP/1.1" 302 -
0:0:0:0:0:0:0:1 - - [30/Oct/2020:07:09:39 -0700] "GET /searchCourses HTTP/1.1" 200 953
0:0:0:0:0:0:0:1 - - [30/Oct/2020:07:10:41 -0700] "GET /searchCourses HTTP/1.1" 200 857
0:0:0:0:0:0:0:1 - - [30/Oct/2020:07:10:42 -0700] "GET /searchCoursesByArea?area=Computer_Science HTTP/1.1" 200 2579
0:0:0:0:0:0:0:1 - - [30/Oct/2020:07:10:46 -0700] "POST /registerForClassess HTTP/1.1" 302 -
0:0:0:0:0:0:0:1 - - [30/Oct/2020:07:10:46 -0700] "GET /searchCourses HTTP/1.1" 200 953
0:0:0:0:0:0:0:1 - - [30/Oct/2020:07:13:03 -0700] "GET /searchCourses HTTP/1.1" 200 857
0:0:0:0:0:0:0:1 - - [30/Oct/2020:07:13:04 -0700] "GET /searchCoursesByArea?area=Computer_Science HTTP/1.1" 200 2579
0:0:0:0:0:0:0:1 - - [30/Oct/2020:07:13:08 -0700] "POST /registerForClassess HTTP/1.1" 302 -
0:0:0:0:0:0:0:1 - - [30/Oct/2020:07:13:08 -0700] "GET /loginSuccessful HTTP/1.1" 200 650
0:0:0:0:0:0:0:1 - - [30/Oct/2020:07:13:28 -0700] "GET /searchCourses HTTP/1.1" 200 857
0:0:0:0:0:0:0:1 - - [30/Oct/2020:07:13:29 -0700] "GET /searchCoursesByArea?area=Computer_Science HTTP/1.1" 200 2579
0:0:0:0:0:0:0:1 - - [30/Oct/2020:07:13:31 -0700] "POST /registerForClassess HTTP/1.1" 302 -
0:0:0:0:0:0:0:1 - - [30/Oct/2020:07:13:31 -0700] "GET /searchCourses HTTP/1.1" 200 953
0:0:0:0:0:0:0:1 - - [30/Oct/2020:07:14:51 -0700] "GET /searchCourses HTTP/1.1" 200 857
0:0:0:0:0:0:0:1 - - [30/Oct/2020:07:14:52 -0700] "GET /searchCoursesByArea?area=Computer_Science HTTP/1.1" 200 2579
0:0:0:0:0:0:0:1 - - [30/Oct/2020:07:14:54 -0700] "POST /registerForClassess HTTP/1.1" 302 -
0:0:0:0:0:0:0:1 - - [30/Oct/2020:07:14:54 -0700] "GET /loginSuccessful HTTP/1.1" 200 650
0:0:0:0:0:0:0:1 - - [30/Oct/2020:07:15:12 -0700] "GET /searchCourses HTTP/1.1" 200 857
0:0:0:0:0:0:0:1 - - [30/Oct/2020:07:15:14 -0700] "GET /searchCoursesByArea?area=Computer_Science HTTP/1.1" 200 2579
0:0:0:0:0:0:0:1 - - [30/Oct/2020:07:15:16 -0700] "POST /registerForClassess HTTP/1.1" 302 -
0:0:0:0:0:0:0:1 - - [30/Oct/2020:07:15:16 -0700] "GET /searchCourses HTTP/1.1" 200 953
0:0:0:0:0:0:0:1 - - [30/Oct/2020:07:16:06 -0700] "GET /searchCourses HTTP/1.1" 200 857
0:0:0:0:0:0:0:1 - - [30/Oct/2020:07:16:07 -0700] "GET /searchCoursesByArea?area=Computer_Science HTTP/1.1" 200 2579
0:0:0:0:0:0:0:1 - - [30/Oct/2020:07:16:09 -0700] "POST /registerForClassess HTTP/1.1" 302 -
0:0:0:0:0:0:0:1 - - [30/Oct/2020:07:16:09 -0700] "GET /loginSuccessful HTTP/1.1" 200 650
0:0:0:0:0:0:0:1 - - [30/Oct/2020:07:16:30 -0700] "GET /searchCourses HTTP/1.1" 200 857
0:0:0:0:0:0:0:1 - - [30/Oct/2020:07:16:31 -0700] "GET /searchCoursesByArea?area=Computer_Science HTTP/1.1" 200 2579
0:0:0:0:0:0:0:1 - - [30/Oct/2020:07:16:33 -0700] "POST /registerForClassess HTTP/1.1" 500 9622
0:0:0:0:0:0:0:1 - - [30/Oct/2020:07:17:14 -0700] "GET /login HTTP/1.1" 200 1657
0:0:0:0:0:0:0:1 - - [30/Oct/2020:07:17:15 -0700] "GET /login HTTP/1.1" 200 1657
0:0:0:0:0:0:0:1 - - [30/Oct/2020:07:17:18 -0700] "POST /doLogin HTTP/1.1" 302 -
0:0:0:0:0:0:0:1 - - [30/Oct/2020:07:17:18 -0700] "GET /loginSuccessful HTTP/1.1" 200 650
0:0:0:0:0:0:0:1 - - [30/Oct/2020:07:17:55 -0700] "GET /loginSuccessful HTTP/1.1" 200 650
0:0:0:0:0:0:0:1 - - [30/Oct/2020:07:17:56 -0700] "GET /searchCourses HTTP/1.1" 200 857
0:0:0:0:0:0:0:1 - - [30/Oct/2020:07:17:57 -0700] "GET /searchCoursesByArea?area=Computer_Science HTTP/1.1" 200 2579
0:0:0:0:0:0:0:1 - - [30/Oct/2020:07:17:59 -0700] "POST /registerForClassess HTTP/1.1" 302 -
0:0:0:0:0:0:0:1 - - [30/Oct/2020:07:17:59 -0700] "GET /loginSuccessful HTTP/1.1" 200 650
0:0:0:0:0:0:0:1 - - [30/Oct/2020:07:18:20 -0700] "GET /searchCourses HTTP/1.1" 200 857
0:0:0:0:0:0:0:1 - - [30/Oct/2020:07:18:21 -0700] "GET /searchCoursesByArea?area=Computer_Science HTTP/1.1" 200 2579
0:0:0:0:0:0:0:1 - - [30/Oct/2020:07:18:23 -0700] "POST /registerForClassess HTTP/1.1" 302 -
0:0:0:0:0:0:0:1 - - [30/Oct/2020:07:18:23 -0700] "GET /searchCourses HTTP/1.1" 200 953
0:0:0:0:0:0:0:1 - - [30/Oct/2020:07:18:57 -0700] "GET /searchCourses HTTP/1.1" 200 857
0:0:0:0:0:0:0:1 - - [30/Oct/2020:07:18:58 -0700] "GET /searchCoursesByArea?area=Computer_Science HTTP/1.1" 200 2579
0:0:0:0:0:0:0:1 - - [30/Oct/2020:07:19:00 -0700] "POST /registerForClassess HTTP/1.1" 302 -
0:0:0:0:0:0:0:1 - - [30/Oct/2020:07:19:01 -0700] "GET /loginSuccessful HTTP/1.1" 200 650
0:0:0:0:0:0:0:1 - - [30/Oct/2020:07:19:17 -0700] "GET /searchCourses HTTP/1.1" 200 857
0:0:0:0:0:0:0:1 - - [30/Oct/2020:07:19:18 -0700] "GET /searchCoursesByArea?area=Computer_Science HTTP/1.1" 200 2579
0:0:0:0:0:0:0:1 - - [30/Oct/2020:07:19:25 -0700] "POST /registerForClassess HTTP/1.1" 302 -
0:0:0:0:0:0:0:1 - - [30/Oct/2020:07:19:25 -0700] "GET /searchCourses HTTP/1.1" 200 953
0:0:0:0:0:0:0:1 - - [30/Oct/2020:07:23:08 -0700] "GET /searchCourses HTTP/1.1" 200 857
0:0:0:0:0:0:0:1 - - [30/Oct/2020:07:23:09 -0700] "GET /searchCoursesByArea?area=Computer_Science HTTP/1.1" 200 2579
0:0:0:0:0:0:0:1 - - [30/Oct/2020:07:23:11 -0700] "POST /registerForClassess HTTP/1.1" 302 -
0:0:0:0:0:0:0:1 - - [30/Oct/2020:07:23:11 -0700] "GET /loginSuccessful HTTP/1.1" 200 650
0:0:0:0:0:0:0:1 - - [30/Oct/2020:07:23:22 -0700] "GET /loginSuccessful HTTP/1.1" 200 650
0:0:0:0:0:0:0:1 - - [30/Oct/2020:07:23:23 -0700] "GET /searchCourses HTTP/1.1" 200 857
0:0:0:0:0:0:0:1 - - [30/Oct/2020:07:23:24 -0700] "GET /searchCoursesByArea?area=Computer_Science HTTP/1.1" 200 2579
0:0:0:0:0:0:0:1 - - [30/Oct/2020:07:23:26 -0700] "POST /registerForClassess HTTP/1.1" 302 -
0:0:0:0:0:0:0:1 - - [30/Oct/2020:07:23:26 -0700] "GET /loginSuccessful HTTP/1.1" 200 650
0:0:0:0:0:0:0:1 - - [30/Oct/2020:07:24:38 -0700] "GET /loginSuccessful HTTP/1.1" 200 650
0:0:0:0:0:0:0:1 - - [30/Oct/2020:07:24:38 -0700] "GET /searchCourses HTTP/1.1" 200 857
0:0:0:0:0:0:0:1 - - [30/Oct/2020:07:24:39 -0700] "GET /searchCoursesByArea?area=Computer_Science HTTP/1.1" 200 2579
0:0:0:0:0:0:0:1 - - [30/Oct/2020:07:24:43 -0700] "POST /registerForClassess HTTP/1.1" 302 -
0:0:0:0:0:0:0:1 - - [30/Oct/2020:07:24:43 -0700] "GET /loginSuccessful HTTP/1.1" 200 650
0:0:0:0:0:0:0:1 - - [30/Oct/2020:07:24:43 -0700] "GET /searchCourses HTTP/1.1" 200 857
0:0:0:0:0:0:0:1 - - [30/Oct/2020:07:24:44 -0700] "GET /searchCoursesByArea?area=Computer_Science HTTP/1.1" 200 2579
0:0:0:0:0:0:0:1 - - [30/Oct/2020:07:24:46 -0700] "POST /registerForClassess HTTP/1.1" 302 -
0:0:0:0:0:0:0:1 - - [30/Oct/2020:07:24:46 -0700] "GET /searchCourses HTTP/1.1" 200 953
0:0:0:0:0:0:0:1 - - [30/Oct/2020:07:27:48 -0700] "GET /searchCourses HTTP/1.1" 200 857
0:0:0:0:0:0:0:1 - - [30/Oct/2020:07:27:48 -0700] "GET /searchCoursesByArea?area=Computer_Science HTTP/1.1" 200 2579
0:0:0:0:0:0:0:1 - - [30/Oct/2020:07:27:55 -0700] "POST /registerForClassess HTTP/1.1" 302 -
0:0:0:0:0:0:0:1 - - [30/Oct/2020:07:27:55 -0700] "GET /searchCourses HTTP/1.1" 200 925
0:0:0:0:0:0:0:1 - - [30/Oct/2020:07:27:56 -0700] "GET /searchCoursesByArea?area=Computer_Science HTTP/1.1" 200 2579
0:0:0:0:0:0:0:1 - - [30/Oct/2020:07:28:00 -0700] "POST /registerForClassess HTTP/1.1" 302 -
0:0:0:0:0:0:0:1 - - [30/Oct/2020:07:28:00 -0700] "GET /loginSuccessful HTTP/1.1" 200 650
0:0:0:0:0:0:0:1 - - [30/Oct/2020:07:28:01 -0700] "GET /searchCourses HTTP/1.1" 200 857
0:0:0:0:0:0:0:1 - - [30/Oct/2020:07:28:02 -0700] "GET /searchCoursesByArea?area=Computer_Science HTTP/1.1" 200 2579
0:0:0:0:0:0:0:1 - - [30/Oct/2020:07:28:05 -0700] "POST /registerForClassess HTTP/1.1" 302 -
0:0:0:0:0:0:0:1 - - [30/Oct/2020:07:28:05 -0700] "GET /searchCourses HTTP/1.1" 200 953
0:0:0:0:0:0:0:1 - - [30/Oct/2020:07:28:33 -0700] "GET /searchCourses HTTP/1.1" 200 857
0:0:0:0:0:0:0:1 - - [30/Oct/2020:07:28:34 -0700] "GET /searchCoursesByArea?area=Computer_Science HTTP/1.1" 200 2579
0:0:0:0:0:0:0:1 - - [30/Oct/2020:07:28:37 -0700] "POST /registerForClassess HTTP/1.1" 302 -
0:0:0:0:0:0:0:1 - - [30/Oct/2020:07:28:37 -0700] "GET /loginSuccessful HTTP/1.1" 200 650
0:0:0:0:0:0:0:1 - - [30/Oct/2020:07:28:46 -0700] "GET /searchCourses HTTP/1.1" 200 857
0:0:0:0:0:0:0:1 - - [30/Oct/2020:07:28:47 -0700] "GET /searchCoursesByArea?area=Computer_Science HTTP/1.1" 200 2579
0:0:0:0:0:0:0:1 - - [30/Oct/2020:07:28:55 -0700] "POST /registerForClassess HTTP/1.1" 302 -
0:0:0:0:0:0:0:1 - - [30/Oct/2020:07:28:55 -0700] "GET /searchCourses HTTP/1.1" 200 953
0:0:0:0:0:0:0:1 - - [30/Oct/2020:07:29:25 -0700] "GET /searchCourses HTTP/1.1" 200 857
0:0:0:0:0:0:0:1 - - [30/Oct/2020:07:29:26 -0700] "GET /searchCoursesByArea?area=Computer_Science HTTP/1.1" 200 2579
0:0:0:0:0:0:0:1 - - [30/Oct/2020:07:29:28 -0700] "POST /registerForClassess HTTP/1.1" 302 -
0:0:0:0:0:0:0:1 - - [30/Oct/2020:07:29:28 -0700] "GET /loginSuccessful HTTP/1.1" 200 650
0:0:0:0:0:0:0:1 - - [30/Oct/2020:07:29:29 -0700] "GET /searchCourses HTTP/1.1" 200 857
0:0:0:0:0:0:0:1 - - [30/Oct/2020:07:29:30 -0700] "GET /searchCoursesByArea?area=Computer_Science HTTP/1.1" 200 2579
0:0:0:0:0:0:0:1 - - [30/Oct/2020:07:29:32 -0700] "POST /registerForClassess HTTP/1.1" 302 -
0:0:0:0:0:0:0:1 - - [30/Oct/2020:07:29:32 -0700] "GET /searchCourses HTTP/1.1" 200 953
0:0:0:0:0:0:0:1 - - [30/Oct/2020:07:32:33 -0700] "GET /searchCourses HTTP/1.1" 200 857
0:0:0:0:0:0:0:1 - - [30/Oct/2020:07:32:35 -0700] "GET /searchCoursesByArea?area=Computer_Science HTTP/1.1" 200 2579
0:0:0:0:0:0:0:1 - - [30/Oct/2020:07:32:38 -0700] "POST /registerForClassess HTTP/1.1" 302 -
0:0:0:0:0:0:0:1 - - [30/Oct/2020:07:32:38 -0700] "GET /loginSuccessful HTTP/1.1" 200 650
0:0:0:0:0:0:0:1 - - [30/Oct/2020:07:32:50 -0700] "GET /searchCourses HTTP/1.1" 200 857
0:0:0:0:0:0:0:1 - - [30/Oct/2020:07:32:51 -0700] "GET /searchCoursesByArea?area=Computer_Science HTTP/1.1" 200 2579
0:0:0:0:0:0:0:1 - - [30/Oct/2020:07:32:54 -0700] "POST /registerForClassess HTTP/1.1" 302 -
0:0:0:0:0:0:0:1 - - [30/Oct/2020:07:32:54 -0700] "GET /searchCourses HTTP/1.1" 200 953
0:0:0:0:0:0:0:1 - - [30/Oct/2020:07:33:01 -0700] "GET /searchCoursesByArea?area=Computer_Science HTTP/1.1" 200 2579
0:0:0:0:0:0:0:1 - - [30/Oct/2020:07:49:50 -0700] "GET /searchCoursesByArea?area=Computer_Science HTTP/1.1" 200 2579
0:0:0:0:0:0:0:1 - - [30/Oct/2020:07:49:54 -0700] "POST /registerForClassess HTTP/1.1" 302 -
0:0:0:0:0:0:0:1 - - [30/Oct/2020:07:49:54 -0700] "GET /loginSuccessful HTTP/1.1" 200 650
0:0:0:0:0:0:0:1 - - [30/Oct/2020:07:50:19 -0700] "GET /loginSuccessful HTTP/1.1" 200 650
0:0:0:0:0:0:0:1 - - [30/Oct/2020:07:50:20 -0700] "GET /searchCourses HTTP/1.1" 200 857
0:0:0:0:0:0:0:1 - - [30/Oct/2020:07:50:21 -0700] "GET /searchCoursesByArea?area=Computer_Science HTTP/1.1" 200 2579
0:0:0:0:0:0:0:1 - - [30/Oct/2020:07:50:25 -0700] "POST /registerForClassess HTTP/1.1" 302 -
0:0:0:0:0:0:0:1 - - [30/Oct/2020:07:50:25 -0700] "GET /searchCourses HTTP/1.1" 200 953
0:0:0:0:0:0:0:1 - - [30/Oct/2020:07:51:59 -0700] "GET /searchCourses HTTP/1.1" 200 857
0:0:0:0:0:0:0:1 - - [30/Oct/2020:07:52:01 -0700] "GET /searchCoursesByArea?area=Computer_Science HTTP/1.1" 200 2579
0:0:0:0:0:0:0:1 - - [30/Oct/2020:07:52:14 -0700] "POST /registerForClassess HTTP/1.1" 302 -
0:0:0:0:0:0:0:1 - - [30/Oct/2020:07:52:14 -0700] "GET /searchCourses HTTP/1.1" 200 953
0:0:0:0:0:0:0:1 - - [30/Oct/2020:07:52:45 -0700] "GET /searchCourses HTTP/1.1" 200 857
0:0:0:0:0:0:0:1 - - [30/Oct/2020:07:52:46 -0700] "GET /searchCoursesByArea?area=Computer_Science HTTP/1.1" 200 2579
0:0:0:0:0:0:0:1 - - [30/Oct/2020:07:52:56 -0700] "POST /registerForClassess HTTP/1.1" 302 -
0:0:0:0:0:0:0:1 - - [30/Oct/2020:07:52:56 -0700] "GET /loginSuccessful HTTP/1.1" 200 650
0:0:0:0:0:0:0:1 - - [30/Oct/2020:07:52:57 -0700] "GET /searchCourses HTTP/1.1" 200 857
0:0:0:0:0:0:0:1 - - [30/Oct/2020:07:52:58 -0700] "GET /searchCoursesByArea?area=Computer_Science HTTP/1.1" 200 2579
0:0:0:0:0:0:0:1 - - [30/Oct/2020:07:53:08 -0700] "POST /registerForClassess HTTP/1.1" 302 -
0:0:0:0:0:0:0:1 - - [30/Oct/2020:07:53:08 -0700] "GET /loginSuccessful HTTP/1.1" 200 650
0:0:0:0:0:0:0:1 - - [30/Oct/2020:08:38:18 -0700] "GET /loginSuccessful HTTP/1.1" 302 -
0:0:0:0:0:0:0:1 - - [30/Oct/2020:08:38:19 -0700] "GET /login HTTP/1.1" 200 1657
0:0:0:0:0:0:0:1 - - [30/Oct/2020:08:38:21 -0700] "POST /doLogin HTTP/1.1" 302 -
0:0:0:0:0:0:0:1 - - [30/Oct/2020:08:38:21 -0700] "GET /loginSuccessful HTTP/1.1" 200 650
0:0:0:0:0:0:0:1 - - [30/Oct/2020:08:38:22 -0700] "GET /searchCourses HTTP/1.1" 200 857
0:0:0:0:0:0:0:1 - - [30/Oct/2020:08:38:23 -0700] "GET /searchCoursesByArea?area=Computer_Science HTTP/1.1" 200 2579
0:0:0:0:0:0:0:1 - - [30/Oct/2020:08:38:26 -0700] "POST /registerForClassess HTTP/1.1" 302 -
0:0:0:0:0:0:0:1 - - [30/Oct/2020:08:38:26 -0700] "GET /loginSuccessful HTTP/1.1" 200 650
0:0:0:0:0:0:0:1 - - [30/Oct/2020:08:38:27 -0700] "GET /searchCourses HTTP/1.1" 200 857
0:0:0:0:0:0:0:1 - - [30/Oct/2020:08:38:28 -0700] "GET /searchCoursesByArea?area=Computer_Science HTTP/1.1" 200 2579
0:0:0:0:0:0:0:1 - - [30/Oct/2020:08:38:30 -0700] "POST /registerForClassess HTTP/1.1" 302 -
0:0:0:0:0:0:0:1 - - [30/Oct/2020:08:38:30 -0700] "GET /searchCourses HTTP/1.1" 200 953
0:0:0:0:0:0:0:1 - - [30/Oct/2020:08:38:33 -0700] "GET /searchCoursesByArea?area=Computer_Science HTTP/1.1" 200 2579
0:0:0:0:0:0:0:1 - - [30/Oct/2020:08:38:35 -0700] "POST /registerForClassess HTTP/1.1" 302 -
0:0:0:0:0:0:0:1 - - [30/Oct/2020:08:38:35 -0700] "GET /searchCourses HTTP/1.1" 200 953
0:0:0:0:0:0:0:1 - - [30/Oct/2020:08:38:39 -0700] "GET /searchCoursesByArea?area=Computer_Science HTTP/1.1" 200 2579
0:0:0:0:0:0:0:1 - - [30/Oct/2020:08:38:45 -0700] "POST /registerForClassess HTTP/1.1" 302 -
0:0:0:0:0:0:0:1 - - [30/Oct/2020:08:38:45 -0700] "GET /searchCourses HTTP/1.1" 200 953
0:0:0:0:0:0:0:1 - - [30/Oct/2020:08:38:50 -0700] "GET /searchCoursesByArea?area=Computer_Science HTTP/1.1" 200 2579
0:0:0:0:0:0:0:1 - - [30/Oct/2020:08:38:55 -0700] "POST /registerForClassess HTTP/1.1" 302 -
0:0:0:0:0:0:0:1 - - [30/Oct/2020:08:38:55 -0700] "GET /searchCourses HTTP/1.1" 200 953
0:0:0:0:0:0:0:1 - - [30/Oct/2020:08:39:13 -0700] "GET /searchCoursesByArea?area=Computer_Science HTTP/1.1" 200 2579
0:0:0:0:0:0:0:1 - - [30/Oct/2020:08:39:13 -0700] "GET /searchCourses HTTP/1.1" 200 857
0:0:0:0:0:0:0:1 - - [30/Oct/2020:08:39:13 -0700] "GET /searchCoursesByArea?area=Computer_Science HTTP/1.1" 200 2579
0:0:0:0:0:0:0:1 - - [30/Oct/2020:08:39:14 -0700] "GET /searchCourses HTTP/1.1" 200 857
0:0:0:0:0:0:0:1 - - [30/Oct/2020:08:39:14 -0700] "GET /searchCoursesByArea?area=Computer_Science HTTP/1.1" 200 2579
0:0:0:0:0:0:0:1 - - [30/Oct/2020:08:39:14 -0700] "GET /searchCourses HTTP/1.1" 200 857
0:0:0:0:0:0:0:1 - - [30/Oct/2020:08:39:15 -0700] "GET /searchCoursesByArea?area=Computer_Science HTTP/1.1" 200 2579
0:0:0:0:0:0:0:1 - - [30/Oct/2020:08:39:15 -0700] "GET /searchCourses HTTP/1.1" 200 857
0:0:0:0:0:0:0:1 - - [30/Oct/2020:08:39:16 -0700] "GET /loginSuccessful HTTP/1.1" 200 650
0:0:0:0:0:0:0:1 - - [30/Oct/2020:08:39:17 -0700] "GET /dropClasses HTTP/1.1" 200 1526
0:0:0:0:0:0:0:1 - - [30/Oct/2020:08:39:20 -0700] "POST /dropClasses HTTP/1.1" 302 -
0:0:0:0:0:0:0:1 - - [30/Oct/2020:08:39:20 -0700] "GET /loginSuccessful HTTP/1.1" 200 650
0:0:0:0:0:0:0:1 - - [30/Oct/2020:08:39:21 -0700] "GET /searchCourses HTTP/1.1" 200 857
0:0:0:0:0:0:0:1 - - [30/Oct/2020:08:39:21 -0700] "GET /searchCoursesByArea?area=Computer_Science HTTP/1.1" 200 2579
0:0:0:0:0:0:0:1 - - [30/Oct/2020:08:39:26 -0700] "POST /registerForClassess HTTP/1.1" 500 9903
0:0:0:0:0:0:0:1 - - [30/Oct/2020:08:43:57 -0700] "GET /login HTTP/1.1" 200 1657
0:0:0:0:0:0:0:1 - - [30/Oct/2020:08:43:57 -0700] "GET /login HTTP/1.1" 200 1657
0:0:0:0:0:0:0:1 - - [30/Oct/2020:08:44:00 -0700] "POST /doLogin HTTP/1.1" 302 -
0:0:0:0:0:0:0:1 - - [30/Oct/2020:08:44:00 -0700] "GET /loginSuccessful HTTP/1.1" 200 650
0:0:0:0:0:0:0:1 - - [30/Oct/2020:08:44:01 -0700] "GET /searchCourses HTTP/1.1" 200 857
0:0:0:0:0:0:0:1 - - [30/Oct/2020:08:44:02 -0700] "GET /searchCoursesByArea?area=Computer_Science HTTP/1.1" 200 2579
0:0:0:0:0:0:0:1 - - [30/Oct/2020:08:44:06 -0700] "POST /registerForClassess HTTP/1.1" 302 -
0:0:0:0:0:0:0:1 - - [30/Oct/2020:08:44:06 -0700] "GET /loginSuccessful HTTP/1.1" 200 650
0:0:0:0:0:0:0:1 - - [30/Oct/2020:08:44:07 -0700] "GET /searchCourses HTTP/1.1" 200 857
0:0:0:0:0:0:0:1 - - [30/Oct/2020:08:44:08 -0700] "GET /searchCoursesByArea?area=Computer_Science HTTP/1.1" 200 2579
0:0:0:0:0:0:0:1 - - [30/Oct/2020:08:44:11 -0700] "POST /registerForClassess HTTP/1.1" 302 -
0:0:0:0:0:0:0:1 - - [30/Oct/2020:08:44:11 -0700] "GET /searchCourses HTTP/1.1" 200 953
0:0:0:0:0:0:0:1 - - [30/Oct/2020:08:46:59 -0700] "GET /searchCourses HTTP/1.1" 200 857
0:0:0:0:0:0:0:1 - - [30/Oct/2020:08:46:59 -0700] "GET /searchCoursesByArea?area=Computer_Science HTTP/1.1" 200 2579
0:0:0:0:0:0:0:1 - - [30/Oct/2020:08:47:02 -0700] "POST /registerForClassess HTTP/1.1" 302 -
0:0:0:0:0:0:0:1 - - [30/Oct/2020:08:47:02 -0700] "GET /loginSuccessful HTTP/1.1" 200 650
0:0:0:0:0:0:0:1 - - [30/Oct/2020:08:47:04 -0700] "GET /searchCourses HTTP/1.1" 200 857
0:0:0:0:0:0:0:1 - - [30/Oct/2020:08:47:04 -0700] "GET /searchCoursesByArea?area=Computer_Science HTTP/1.1" 200 2579
0:0:0:0:0:0:0:1 - - [30/Oct/2020:08:47:10 -0700] "POST /registerForClassess HTTP/1.1" 302 -
0:0:0:0:0:0:0:1 - - [30/Oct/2020:08:47:10 -0700] "GET /searchCourses HTTP/1.1" 200 953
0:0:0:0:0:0:0:1 - - [30/Oct/2020:08:47:29 -0700] "GET /searchCoursesByArea?area=Computer_Science HTTP/1.1" 200 2579
0:0:0:0:0:0:0:1 - - [30/Oct/2020:08:47:29 -0700] "GET /searchCourses HTTP/1.1" 200 857
0:0:0:0:0:0:0:1 - - [30/Oct/2020:08:47:30 -0700] "GET /loginSuccessful HTTP/1.1" 200 650
0:0:0:0:0:0:0:1 - - [30/Oct/2020:08:47:30 -0700] "GET /searchCoursesByArea?area=Computer_Science HTTP/1.1" 200 2579
0:0:0:0:0:0:0:1 - - [30/Oct/2020:08:47:31 -0700] "GET /loginSuccessful HTTP/1.1" 200 650
0:0:0:0:0:0:0:1 - - [30/Oct/2020:08:47:32 -0700] "GET /dropClasses HTTP/1.1" 200 1526
0:0:0:0:0:0:0:1 - - [30/Oct/2020:08:47:35 -0700] "POST /dropClasses HTTP/1.1" 302 -
0:0:0:0:0:0:0:1 - - [30/Oct/2020:08:47:35 -0700] "GET /loginSuccessful HTTP/1.1" 200 650
0:0:0:0:0:0:0:1 - - [30/Oct/2020:08:47:45 -0700] "GET /searchCourses HTTP/1.1" 200 857
0:0:0:0:0:0:0:1 - - [30/Oct/2020:08:47:46 -0700] "GET /searchCoursesByArea?area=Computer_Science HTTP/1.1" 200 2579
0:0:0:0:0:0:0:1 - - [30/Oct/2020:08:48:06 -0700] "POST /registerForClassess HTTP/1.1" 302 -
0:0:0:0:0:0:0:1 - - [30/Oct/2020:08:48:06 -0700] "GET /searchCourses HTTP/1.1" 200 925
0:0:0:0:0:0:0:1 - - [30/Oct/2020:08:48:07 -0700] "GET /searchCoursesByArea?area=Computer_Science HTTP/1.1" 200 2579
0:0:0:0:0:0:0:1 - - [30/Oct/2020:08:48:14 -0700] "POST /registerForClassess HTTP/1.1" 302 -
0:0:0:0:0:0:0:1 - - [30/Oct/2020:08:48:14 -0700] "GET /searchCourses HTTP/1.1" 200 953
0:0:0:0:0:0:0:1 - - [30/Oct/2020:09:16:31 -0700] "GET /searchCourses HTTP/1.1" 200 857
0:0:0:0:0:0:0:1 - - [30/Oct/2020:09:17:41 -0700] "GET /searchCoursesByArea?area=Computer_Science HTTP/1.1" 200 2579
0:0:0:0:0:0:0:1 - - [30/Oct/2020:09:17:46 -0700] "POST /registerForClassess HTTP/1.1" 302 -
0:0:0:0:0:0:0:1 - - [30/Oct/2020:09:17:46 -0700] "GET /loginSuccessful HTTP/1.1" 200 650
0:0:0:0:0:0:0:1 - - [30/Oct/2020:09:17:47 -0700] "GET /searchCourses HTTP/1.1" 200 857
0:0:0:0:0:0:0:1 - - [30/Oct/2020:09:17:47 -0700] "GET /searchCoursesByArea?area=Computer_Science HTTP/1.1" 200 2579
0:0:0:0:0:0:0:1 - - [30/Oct/2020:09:17:51 -0700] "POST /registerForClassess HTTP/1.1" 302 -
0:0:0:0:0:0:0:1 - - [30/Oct/2020:09:17:51 -0700] "GET /searchCourses HTTP/1.1" 200 953
0:0:0:0:0:0:0:1 - - [30/Oct/2020:09:19:57 -0700] "GET /searchCoursesByArea?area=Computer_Science HTTP/1.1" 200 2579
0:0:0:0:0:0:0:1 - - [30/Oct/2020:09:19:58 -0700] "GET /searchCourses HTTP/1.1" 200 857
0:0:0:0:0:0:0:1 - - [30/Oct/2020:09:20:00 -0700] "GET /loginSuccessful HTTP/1.1" 200 650
0:0:0:0:0:0:0:1 - - [30/Oct/2020:09:20:01 -0700] "GET /dropClasses HTTP/1.1" 200 1526
0:0:0:0:0:0:0:1 - - [30/Oct/2020:09:20:03 -0700] "POST /dropClasses HTTP/1.1" 302 -
0:0:0:0:0:0:0:1 - - [30/Oct/2020:09:20:03 -0700] "GET /loginSuccessful HTTP/1.1" 200 650
0:0:0:0:0:0:0:1 - - [30/Oct/2020:09:20:03 -0700] "GET /searchCourses HTTP/1.1" 200 857
0:0:0:0:0:0:0:1 - - [30/Oct/2020:09:20:04 -0700] "GET /searchCoursesByArea?area=Computer_Science HTTP/1.1" 200 2579
0:0:0:0:0:0:0:1 - - [30/Oct/2020:09:20:06 -0700] "POST /registerForClassess HTTP/1.1" 302 -
0:0:0:0:0:0:0:1 - - [30/Oct/2020:09:20:06 -0700] "GET /searchCourses HTTP/1.1" 200 953
0:0:0:0:0:0:0:1 - - [30/Oct/2020:09:32:40 -0700] "GET /searchCourses HTTP/1.1" 200 857
0:0:0:0:0:0:0:1 - - [30/Oct/2020:09:32:41 -0700] "GET /searchCoursesByArea?area=Computer_Science HTTP/1.1" 200 2579
0:0:0:0:0:0:0:1 - - [30/Oct/2020:09:32:45 -0700] "POST /registerForClassess HTTP/1.1" 302 -
0:0:0:0:0:0:0:1 - - [30/Oct/2020:09:32:45 -0700] "GET /loginSuccessful HTTP/1.1" 200 650
0:0:0:0:0:0:0:1 - - [30/Oct/2020:09:32:47 -0700] "GET /searchCourses HTTP/1.1" 200 857
0:0:0:0:0:0:0:1 - - [30/Oct/2020:09:32:48 -0700] "GET /searchCoursesByArea?area=Computer_Science HTTP/1.1" 200 2579
0:0:0:0:0:0:0:1 - - [30/Oct/2020:09:32:51 -0700] "GET /searchCourses HTTP/1.1" 200 857
0:0:0:0:0:0:0:1 - - [30/Oct/2020:09:32:51 -0700] "GET /loginSuccessful HTTP/1.1" 200 650
0:0:0:0:0:0:0:1 - - [30/Oct/2020:09:32:53 -0700] "GET /dropClasses HTTP/1.1" 200 1526
0:0:0:0:0:0:0:1 - - [30/Oct/2020:09:32:56 -0700] "POST /dropClasses HTTP/1.1" 302 -
0:0:0:0:0:0:0:1 - - [30/Oct/2020:09:32:56 -0700] "GET /loginSuccessful HTTP/1.1" 200 650
0:0:0:0:0:0:0:1 - - [30/Oct/2020:09:32:57 -0700] "GET /searchCourses HTTP/1.1" 200 857
0:0:0:0:0:0:0:1 - - [30/Oct/2020:09:32:59 -0700] "GET /searchCoursesByArea?area=Computer_Science HTTP/1.1" 200 2579
0:0:0:0:0:0:0:1 - - [30/Oct/2020:09:33:16 -0700] "POST /registerForClassess HTTP/1.1" 500 9903
0:0:0:0:0:0:0:1 - - [30/Oct/2020:09:33:37 -0700] "GET /login HTTP/1.1" 200 1657
0:0:0:0:0:0:0:1 - - [30/Oct/2020:09:33:37 -0700] "GET /login HTTP/1.1" 200 1657
0:0:0:0:0:0:0:1 - - [30/Oct/2020:09:33:41 -0700] "POST /doLogin HTTP/1.1" 302 -
0:0:0:0:0:0:0:1 - - [30/Oct/2020:09:33:41 -0700] "GET /loginSuccessful HTTP/1.1" 200 650
0:0:0:0:0:0:0:1 - - [30/Oct/2020:09:33:42 -0700] "GET /searchCourses HTTP/1.1" 200 857
0:0:0:0:0:0:0:1 - - [30/Oct/2020:09:33:43 -0700] "GET /searchCoursesByArea?area=Computer_Science HTTP/1.1" 200 2579
0:0:0:0:0:0:0:1 - - [30/Oct/2020:09:33:46 -0700] "POST /registerForClassess HTTP/1.1" 302 -
0:0:0:0:0:0:0:1 - - [30/Oct/2020:09:33:46 -0700] "GET /loginSuccessful HTTP/1.1" 200 650
0:0:0:0:0:0:0:1 - - [30/Oct/2020:09:33:47 -0700] "GET /searchCourses HTTP/1.1" 200 857
0:0:0:0:0:0:0:1 - - [30/Oct/2020:09:33:48 -0700] "GET /searchCoursesByArea?area=Computer_Science HTTP/1.1" 200 2579
0:0:0:0:0:0:0:1 - - [30/Oct/2020:09:33:53 -0700] "POST /registerForClassess HTTP/1.1" 500 9903
0:0:0:0:0:0:0:1 - - [30/Oct/2020:10:18:14 -0700] "GET /login HTTP/1.1" 200 1657
0:0:0:0:0:0:0:1 - - [30/Oct/2020:10:18:15 -0700] "GET /login HTTP/1.1" 200 1657
0:0:0:0:0:0:0:1 - - [30/Oct/2020:10:18:18 -0700] "POST /doLogin HTTP/1.1" 302 -
0:0:0:0:0:0:0:1 - - [30/Oct/2020:10:18:18 -0700] "GET /loginSuccessful HTTP/1.1" 200 650
0:0:0:0:0:0:0:1 - - [30/Oct/2020:10:18:20 -0700] "GET /searchCourses HTTP/1.1" 200 857
0:0:0:0:0:0:0:1 - - [30/Oct/2020:10:18:21 -0700] "GET /searchCoursesByArea?area=Computer_Science HTTP/1.1" 200 2579
0:0:0:0:0:0:0:1 - - [30/Oct/2020:10:18:26 -0700] "POST /registerForClassess HTTP/1.1" 302 -
0:0:0:0:0:0:0:1 - - [30/Oct/2020:10:18:26 -0700] "GET /loginSuccessful HTTP/1.1" 200 650
0:0:0:0:0:0:0:1 - - [30/Oct/2020:10:18:27 -0700] "GET /searchCourses HTTP/1.1" 200 857
0:0:0:0:0:0:0:1 - - [30/Oct/2020:10:18:29 -0700] "GET /searchCoursesByArea?area=Computer_Science HTTP/1.1" 200 2579
0:0:0:0:0:0:0:1 - - [30/Oct/2020:10:18:34 -0700] "POST /registerForClassess HTTP/1.1" 302 -
0:0:0:0:0:0:0:1 - - [30/Oct/2020:10:18:34 -0700] "GET /searchCourses HTTP/1.1" 200 953
0:0:0:0:0:0:0:1 - - [30/Oct/2020:10:19:21 -0700] "GET /searchCoursesByArea?area=Computer_Science HTTP/1.1" 200 2579
0:0:0:0:0:0:0:1 - - [30/Oct/2020:10:19:23 -0700] "GET /searchCourses HTTP/1.1" 200 857
0:0:0:0:0:0:0:1 - - [30/Oct/2020:10:19:23 -0700] "GET /searchCoursesByArea?area=Computer_Science HTTP/1.1" 200 2579
0:0:0:0:0:0:0:1 - - [30/Oct/2020:10:19:23 -0700] "GET /searchCourses HTTP/1.1" 200 857
0:0:0:0:0:0:0:1 - - [30/Oct/2020:10:19:24 -0700] "GET /loginSuccessful HTTP/1.1" 200 650
0:0:0:0:0:0:0:1 - - [30/Oct/2020:10:19:26 -0700] "GET /dropClasses HTTP/1.1" 200 1526
0:0:0:0:0:0:0:1 - - [30/Oct/2020:10:19:29 -0700] "POST /dropClasses HTTP/1.1" 302 -
0:0:0:0:0:0:0:1 - - [30/Oct/2020:10:19:29 -0700] "GET /loginSuccessful HTTP/1.1" 200 650
0:0:0:0:0:0:0:1 - - [30/Oct/2020:10:19:31 -0700] "GET /searchCourses HTTP/1.1" 200 857
0:0:0:0:0:0:0:1 - - [30/Oct/2020:10:19:33 -0700] "GET /searchCoursesByArea?area=Computer_Science HTTP/1.1" 200 2579
0:0:0:0:0:0:0:1 - - [30/Oct/2020:10:19:37 -0700] "POST /registerForClassess HTTP/1.1" 302 -
0:0:0:0:0:0:0:1 - - [30/Oct/2020:10:19:37 -0700] "GET /searchCourses HTTP/1.1" 200 953
0:0:0:0:0:0:0:1 - - [30/Oct/2020:10:21:20 -0700] "GET /searchCourses HTTP/1.1" 200 857
0:0:0:0:0:0:0:1 - - [30/Oct/2020:10:21:21 -0700] "GET /searchCoursesByArea?area=Computer_Science HTTP/1.1" 200 2579
0:0:0:0:0:0:0:1 - - [30/Oct/2020:10:21:26 -0700] "POST /registerForClassess HTTP/1.1" 302 -
0:0:0:0:0:0:0:1 - - [30/Oct/2020:10:21:26 -0700] "GET /loginSuccessful HTTP/1.1" 200 650
0:0:0:0:0:0:0:1 - - [30/Oct/2020:10:21:27 -0700] "GET /searchCourses HTTP/1.1" 200 857
0:0:0:0:0:0:0:1 - - [30/Oct/2020:10:21:28 -0700] "GET /searchCoursesByArea?area=Computer_Science HTTP/1.1" 200 2579
0:0:0:0:0:0:0:1 - - [30/Oct/2020:10:21:32 -0700] "POST /registerForClassess HTTP/1.1" 302 -
0:0:0:0:0:0:0:1 - - [30/Oct/2020:10:21:32 -0700] "GET /searchCourses HTTP/1.1" 200 953
0:0:0:0:0:0:0:1 - - [30/Oct/2020:10:27:17 -0700] "GET /searchCourses HTTP/1.1" 200 857
0:0:0:0:0:0:0:1 - - [30/Oct/2020:10:27:18 -0700] "GET /searchCoursesByArea?area=Computer_Science HTTP/1.1" 200 2579
0:0:0:0:0:0:0:1 - - [30/Oct/2020:10:27:22 -0700] "POST /registerForClassess HTTP/1.1" 302 -
0:0:0:0:0:0:0:1 - - [30/Oct/2020:10:27:22 -0700] "GET /loginSuccessful HTTP/1.1" 200 650
0:0:0:0:0:0:0:1 - - [30/Oct/2020:10:27:23 -0700] "GET /searchCourses HTTP/1.1" 200 857
0:0:0:0:0:0:0:1 - - [30/Oct/2020:10:27:24 -0700] "GET /searchCoursesByArea?area=Computer_Science HTTP/1.1" 200 2579
0:0:0:0:0:0:0:1 - - [30/Oct/2020:10:27:36 -0700] "POST /registerForClassess HTTP/1.1" 302 -
0:0:0:0:0:0:0:1 - - [30/Oct/2020:10:27:36 -0700] "GET /loginSuccessful HTTP/1.1" 200 650
0:0:0:0:0:0:0:1 - - [30/Oct/2020:10:27:37 -0700] "GET /searchCourses HTTP/1.1" 200 857
0:0:0:0:0:0:0:1 - - [30/Oct/2020:10:27:38 -0700] "GET /searchCoursesByArea?area=Computer_Science HTTP/1.1" 200 2579
0:0:0:0:0:0:0:1 - - [30/Oct/2020:10:27:42 -0700] "POST /registerForClassess HTTP/1.1" 302 -
0:0:0:0:0:0:0:1 - - [30/Oct/2020:10:27:42 -0700] "GET /searchCourses HTTP/1.1" 200 953
0:0:0:0:0:0:0:1 - - [30/Oct/2020:10:40:43 -0700] "GET /searchCourses HTTP/1.1" 200 857
0:0:0:0:0:0:0:1 - - [30/Oct/2020:10:40:44 -0700] "GET /searchCoursesByArea?area=Computer_Science HTTP/1.1" 200 2579
0:0:0:0:0:0:0:1 - - [30/Oct/2020:10:40:49 -0700] "POST /registerForClassess HTTP/1.1" 302 -
0:0:0:0:0:0:0:1 - - [30/Oct/2020:10:40:49 -0700] "GET /loginSuccessful HTTP/1.1" 200 650
0:0:0:0:0:0:0:1 - - [30/Oct/2020:10:40:50 -0700] "GET /searchCourses HTTP/1.1" 200 857
0:0:0:0:0:0:0:1 - - [30/Oct/2020:10:40:51 -0700] "GET /searchCoursesByArea?area=Computer_Science HTTP/1.1" 200 2579
0:0:0:0:0:0:0:1 - - [30/Oct/2020:10:40:54 -0700] "POST /registerForClassess HTTP/1.1" 302 -
0:0:0:0:0:0:0:1 - - [30/Oct/2020:10:40:54 -0700] "GET /searchCourses HTTP/1.1" 200 953
0:0:0:0:0:0:0:1 - - [30/Oct/2020:10:47:34 -0700] "GET /searchCourses HTTP/1.1" 200 857
0:0:0:0:0:0:0:1 - - [30/Oct/2020:10:47:35 -0700] "GET /searchCoursesByArea?area=Computer_Science HTTP/1.1" 200 2579
0:0:0:0:0:0:0:1 - - [30/Oct/2020:10:47:37 -0700] "POST /registerForClassess HTTP/1.1" 302 -
0:0:0:0:0:0:0:1 - - [30/Oct/2020:10:47:37 -0700] "GET /loginSuccessful HTTP/1.1" 200 650
0:0:0:0:0:0:0:1 - - [30/Oct/2020:10:47:38 -0700] "GET /searchCourses HTTP/1.1" 200 857
0:0:0:0:0:0:0:1 - - [30/Oct/2020:10:47:38 -0700] "GET /searchCoursesByArea?area=Computer_Science HTTP/1.1" 200 2579
0:0:0:0:0:0:0:1 - - [30/Oct/2020:10:47:40 -0700] "POST /registerForClassess HTTP/1.1" 302 -
0:0:0:0:0:0:0:1 - - [30/Oct/2020:10:47:40 -0700] "GET /searchCourses HTTP/1.1" 200 953
0:0:0:0:0:0:0:1 - - [30/Oct/2020:10:59:08 -0700] "GET /searchCourses HTTP/1.1" 200 857
0:0:0:0:0:0:0:1 - - [30/Oct/2020:10:59:09 -0700] "GET /searchCoursesByArea?area=Computer_Science HTTP/1.1" 200 2579
0:0:0:0:0:0:0:1 - - [30/Oct/2020:10:59:10 -0700] "POST /registerForClassess HTTP/1.1" 302 -
0:0:0:0:0:0:0:1 - - [30/Oct/2020:10:59:10 -0700] "GET /loginSuccessful HTTP/1.1" 200 650
0:0:0:0:0:0:0:1 - - [30/Oct/2020:10:59:11 -0700] "GET /searchCourses HTTP/1.1" 200 857
0:0:0:0:0:0:0:1 - - [30/Oct/2020:10:59:12 -0700] "GET /searchCoursesByArea?area=Computer_Science HTTP/1.1" 200 2579
0:0:0:0:0:0:0:1 - - [30/Oct/2020:10:59:15 -0700] "POST /registerForClassess HTTP/1.1" 302 -
0:0:0:0:0:0:0:1 - - [30/Oct/2020:10:59:15 -0700] "GET /searchCourses HTTP/1.1" 200 953
0:0:0:0:0:0:0:1 - - [30/Oct/2020:11:02:47 -0700] "GET /searchCourses HTTP/1.1" 200 857
0:0:0:0:0:0:0:1 - - [30/Oct/2020:11:02:48 -0700] "GET /searchCoursesByArea?area=Computer_Science HTTP/1.1" 200 2579
0:0:0:0:0:0:0:1 - - [30/Oct/2020:11:02:51 -0700] "POST /registerForClassess HTTP/1.1" 302 -
0:0:0:0:0:0:0:1 - - [30/Oct/2020:11:02:51 -0700] "GET /loginSuccessful HTTP/1.1" 200 650
0:0:0:0:0:0:0:1 - - [30/Oct/2020:11:02:52 -0700] "GET /searchCourses HTTP/1.1" 200 857
0:0:0:0:0:0:0:1 - - [30/Oct/2020:11:02:52 -0700] "GET /searchCoursesByArea?area=Computer_Science HTTP/1.1" 200 2579
0:0:0:0:0:0:0:1 - - [30/Oct/2020:11:02:57 -0700] "POST /registerForClassess HTTP/1.1" 302 -
0:0:0:0:0:0:0:1 - - [30/Oct/2020:11:02:57 -0700] "GET /searchCourses HTTP/1.1" 200 953
0:0:0:0:0:0:0:1 - - [30/Oct/2020:11:03:03 -0700] "GET /searchCoursesByArea?area=Computer_Science HTTP/1.1" 200 2579
0:0:0:0:0:0:0:1 - - [30/Oct/2020:11:03:08 -0700] "POST /registerForClassess HTTP/1.1" 302 -
0:0:0:0:0:0:0:1 - - [30/Oct/2020:11:03:08 -0700] "GET /searchCourses HTTP/1.1" 200 953
0:0:0:0:0:0:0:1 - - [30/Oct/2020:11:03:13 -0700] "GET /searchCoursesByArea?area=Computer_Science HTTP/1.1" 200 2579
0:0:0:0:0:0:0:1 - - [30/Oct/2020:11:03:19 -0700] "POST /registerForClassess HTTP/1.1" 302 -
0:0:0:0:0:0:0:1 - - [30/Oct/2020:11:03:19 -0700] "GET /searchCourses HTTP/1.1" 200 953
0:0:0:0:0:0:0:1 - - [30/Oct/2020:11:03:46 -0700] "GET /searchCourses HTTP/1.1" 200 857
0:0:0:0:0:0:0:1 - - [30/Oct/2020:11:03:47 -0700] "GET /searchCoursesByArea?area=Computer_Science HTTP/1.1" 200 2579
0:0:0:0:0:0:0:1 - - [30/Oct/2020:11:03:48 -0700] "POST /registerForClassess HTTP/1.1" 302 -
0:0:0:0:0:0:0:1 - - [30/Oct/2020:11:03:48 -0700] "GET /loginSuccessful HTTP/1.1" 200 650
0:0:0:0:0:0:0:1 - - [30/Oct/2020:11:03:49 -0700] "GET /searchCourses HTTP/1.1" 200 857
0:0:0:0:0:0:0:1 - - [30/Oct/2020:11:03:50 -0700] "GET /searchCoursesByArea?area=Computer_Science HTTP/1.1" 200 2579
0:0:0:0:0:0:0:1 - - [30/Oct/2020:11:04:18 -0700] "POST /registerForClassess HTTP/1.1" 302 -
0:0:0:0:0:0:0:1 - - [30/Oct/2020:11:04:18 -0700] "GET /loginSuccessful HTTP/1.1" 200 650
0:0:0:0:0:0:0:1 - - [30/Oct/2020:11:04:48 -0700] "GET /searchCourses HTTP/1.1" 200 857
0:0:0:0:0:0:0:1 - - [30/Oct/2020:13:58:27 -0700] "GET /searchCourses HTTP/1.1" 302 -
0:0:0:0:0:0:0:1 - - [30/Oct/2020:13:58:27 -0700] "GET /login HTTP/1.1" 200 1657
0:0:0:0:0:0:0:1 - - [30/Oct/2020:13:58:30 -0700] "POST /doLogin HTTP/1.1" 302 -
0:0:0:0:0:0:0:1 - - [30/Oct/2020:13:58:30 -0700] "GET /loginSuccessful HTTP/1.1" 200 650
0:0:0:0:0:0:0:1 - - [30/Oct/2020:13:58:32 -0700] "GET /searchCourses HTTP/1.1" 200 857
0:0:0:0:0:0:0:1 - - [30/Oct/2020:13:58:33 -0700] "GET /searchCoursesByArea?area=Computer_Science HTTP/1.1" 200 2579
0:0:0:0:0:0:0:1 - - [30/Oct/2020:13:58:36 -0700] "POST /registerForClassess HTTP/1.1" 302 -
0:0:0:0:0:0:0:1 - - [30/Oct/2020:13:58:36 -0700] "GET /loginSuccessful HTTP/1.1" 200 650
0:0:0:0:0:0:0:1 - - [30/Oct/2020:13:59:38 -0700] "GET /loginSuccessful HTTP/1.1" 200 650
0:0:0:0:0:0:0:1 - - [30/Oct/2020:13:59:39 -0700] "GET /searchCourses HTTP/1.1" 200 857
0:0:0:0:0:0:0:1 - - [30/Oct/2020:13:59:40 -0700] "GET /searchCoursesByArea?area=Computer_Science HTTP/1.1" 200 2579
0:0:0:0:0:0:0:1 - - [30/Oct/2020:13:59:43 -0700] "POST /registerForClassess HTTP/1.1" 302 -
0:0:0:0:0:0:0:1 - - [30/Oct/2020:13:59:43 -0700] "GET /loginSuccessful HTTP/1.1" 200 650
0:0:0:0:0:0:0:1 - - [30/Oct/2020:14:12:32 -0700] "GET /loginSuccessful HTTP/1.1" 200 650
0:0:0:0:0:0:0:1 - - [30/Oct/2020:14:12:33 -0700] "GET /searchCourses HTTP/1.1" 200 857
0:0:0:0:0:0:0:1 - - [30/Oct/2020:14:12:34 -0700] "GET /searchCoursesByArea?area=Computer_Science HTTP/1.1" 200 2579
0:0:0:0:0:0:0:1 - - [30/Oct/2020:14:12:39 -0700] "POST /registerForClassess HTTP/1.1" 302 -
0:0:0:0:0:0:0:1 - - [30/Oct/2020:14:12:39 -0700] "GET /searchCourses HTTP/1.1" 200 953
0:0:0:0:0:0:0:1 - - [30/Oct/2020:14:12:49 -0700] "GET /searchCoursesByArea?area=Computer_Science HTTP/1.1" 200 2579
0:0:0:0:0:0:0:1 - - [30/Oct/2020:14:29:44 -0700] "GET /searchCoursesByArea?area=Computer_Science HTTP/1.1" 200 2579
0:0:0:0:0:0:0:1 - - [30/Oct/2020:14:29:55 -0700] "POST /registerForClassess HTTP/1.1" 302 -
0:0:0:0:0:0:0:1 - - [30/Oct/2020:14:29:55 -0700] "GET /searchCourses HTTP/1.1" 200 953
0:0:0:0:0:0:0:1 - - [30/Oct/2020:14:30:01 -0700] "GET /searchCoursesByArea?area=Computer_Science HTTP/1.1" 200 2579
0:0:0:0:0:0:0:1 - - [30/Oct/2020:14:31:03 -0700] "GET /searchCoursesByArea?area=Computer_Science HTTP/1.1" 200 2579
0:0:0:0:0:0:0:1 - - [30/Oct/2020:14:31:07 -0700] "GET /login HTTP/1.1" 200 1657
0:0:0:0:0:0:0:1 - - [30/Oct/2020:14:31:07 -0700] "GET /login HTTP/1.1" 200 1657
0:0:0:0:0:0:0:1 - - [30/Oct/2020:14:31:11 -0700] "POST /doLogin HTTP/1.1" 302 -
0:0:0:0:0:0:0:1 - - [30/Oct/2020:14:31:11 -0700] "GET /loginSuccessful HTTP/1.1" 200 650
0:0:0:0:0:0:0:1 - - [30/Oct/2020:14:31:12 -0700] "GET /searchCourses HTTP/1.1" 200 857
0:0:0:0:0:0:0:1 - - [30/Oct/2020:14:31:12 -0700] "GET /loginSuccessful HTTP/1.1" 200 650
0:0:0:0:0:0:0:1 - - [30/Oct/2020:14:31:13 -0700] "GET /dropClasses HTTP/1.1" 302 -
0:0:0:0:0:0:0:1 - - [30/Oct/2020:14:31:13 -0700] "GET /loginSuccessful?error=You+have+no+class+to+drop HTTP/1.1" 200 650
0:0:0:0:0:0:0:1 - - [30/Oct/2020:14:31:14 -0700] "GET /searchCourses HTTP/1.1" 200 857
0:0:0:0:0:0:0:1 - - [30/Oct/2020:14:31:15 -0700] "GET /searchCoursesByArea?area=Computer_Science HTTP/1.1" 200 2579
0:0:0:0:0:0:0:1 - - [30/Oct/2020:14:31:17 -0700] "POST /registerForClassess HTTP/1.1" 302 -
0:0:0:0:0:0:0:1 - - [30/Oct/2020:14:31:17 -0700] "GET /searchCourses HTTP/1.1" 200 953
0:0:0:0:0:0:0:1 - - [30/Oct/2020:14:35:26 -0700] "GET /searchCourses HTTP/1.1" 200 857
0:0:0:0:0:0:0:1 - - [30/Oct/2020:14:35:27 -0700] "GET /searchCoursesByArea?area=Computer_Science HTTP/1.1" 200 2579
0:0:0:0:0:0:0:1 - - [30/Oct/2020:14:35:32 -0700] "POST /registerForClassess HTTP/1.1" 302 -
0:0:0:0:0:0:0:1 - - [30/Oct/2020:14:35:32 -0700] "GET /searchCourses HTTP/1.1" 200 953
0:0:0:0:0:0:0:1 - - [30/Oct/2020:14:35:37 -0700] "GET /searchCoursesByArea?area=Computer_Science HTTP/1.1" 200 2579
0:0:0:0:0:0:0:1 - - [30/Oct/2020:14:35:41 -0700] "POST /registerForClassess HTTP/1.1" 302 -
0:0:0:0:0:0:0:1 - - [30/Oct/2020:14:35:41 -0700] "GET /loginSuccessful HTTP/1.1" 200 650
0:0:0:0:0:0:0:1 - - [30/Oct/2020:14:35:44 -0700] "GET /searchCourses HTTP/1.1" 200 857
0:0:0:0:0:0:0:1 - - [30/Oct/2020:15:01:25 -0700] "GET /searchCourses HTTP/1.1" 200 857
0:0:0:0:0:0:0:1 - - [30/Oct/2020:15:01:25 -0700] "GET /searchCoursesByArea?area=Computer_Science HTTP/1.1" 200 2579
0:0:0:0:0:0:0:1 - - [30/Oct/2020:15:01:28 -0700] "POST /registerForClassess HTTP/1.1" 302 -
0:0:0:0:0:0:0:1 - - [30/Oct/2020:15:01:28 -0700] "GET /loginSuccessful HTTP/1.1" 200 650
0:0:0:0:0:0:0:1 - - [30/Oct/2020:15:01:31 -0700] "GET /searchCourses HTTP/1.1" 200 857
0:0:0:0:0:0:0:1 - - [30/Oct/2020:15:01:33 -0700] "GET /loginSuccessful HTTP/1.1" 200 650
0:0:0:0:0:0:0:1 - - [30/Oct/2020:15:01:34 -0700] "GET /dropClasses HTTP/1.1" 200 1194
0:0:0:0:0:0:0:1 - - [30/Oct/2020:15:01:35 -0700] "POST /dropClasses HTTP/1.1" 302 -
0:0:0:0:0:0:0:1 - - [30/Oct/2020:15:01:35 -0700] "GET /loginSuccessful HTTP/1.1" 200 650
0:0:0:0:0:0:0:1 - - [30/Oct/2020:15:01:36 -0700] "GET /searchCourses HTTP/1.1" 200 857
0:0:0:0:0:0:0:1 - - [30/Oct/2020:15:01:36 -0700] "GET /searchCoursesByArea?area=Computer_Science HTTP/1.1" 200 2579
0:0:0:0:0:0:0:1 - - [30/Oct/2020:15:01:38 -0700] "POST /registerForClassess HTTP/1.1" 302 -
0:0:0:0:0:0:0:1 - - [30/Oct/2020:15:01:38 -0700] "GET /searchCourses HTTP/1.1" 200 953
0:0:0:0:0:0:0:1 - - [30/Oct/2020:15:01:43 -0700] "GET /searchCoursesByArea?area=Computer_Science HTTP/1.1" 200 2579
0:0:0:0:0:0:0:1 - - [30/Oct/2020:15:01:45 -0700] "POST /registerForClassess HTTP/1.1" 302 -
0:0:0:0:0:0:0:1 - - [30/Oct/2020:15:01:45 -0700] "GET /loginSuccessful HTTP/1.1" 200 650
0:0:0:0:0:0:0:1 - - [30/Oct/2020:15:01:48 -0700] "GET /searchCourses HTTP/1.1" 200 857
0:0:0:0:0:0:0:1 - - [30/Oct/2020:15:01:48 -0700] "GET /searchCoursesByArea?area=Computer_Science HTTP/1.1" 200 2579
0:0:0:0:0:0:0:1 - - [30/Oct/2020:15:01:50 -0700] "POST /registerForClassess HTTP/1.1" 302 -
0:0:0:0:0:0:0:1 - - [30/Oct/2020:15:01:50 -0700] "GET /loginSuccessful HTTP/1.1" 200 650
0:0:0:0:0:0:0:1 - - [30/Oct/2020:15:12:47 -0700] "GET /loginSuccessful HTTP/1.1" 200 650
0:0:0:0:0:0:0:1 - - [30/Oct/2020:15:12:48 -0700] "GET /searchCourses HTTP/1.1" 200 857
0:0:0:0:0:0:0:1 - - [30/Oct/2020:15:12:49 -0700] "GET /searchCoursesByArea?area=Computer_Science HTTP/1.1" 200 2579
0:0:0:0:0:0:0:1 - - [30/Oct/2020:15:37:21 -0700] "GET /searchCoursesByArea?area=Computer_Science HTTP/1.1" 200 2579
0:0:0:0:0:0:0:1 - - [30/Oct/2020:15:37:24 -0700] "POST /registerForClassess HTTP/1.1" 302 -
0:0:0:0:0:0:0:1 - - [30/Oct/2020:15:37:24 -0700] "GET /loginSuccessful HTTP/1.1" 200 650
0:0:0:0:0:0:0:1 - - [30/Oct/2020:15:38:53 -0700] "GET /loginSuccessful HTTP/1.1" 200 650
0:0:0:0:0:0:0:1 - - [30/Oct/2020:15:38:54 -0700] "GET /searchCourses HTTP/1.1" 200 857
0:0:0:0:0:0:0:1 - - [30/Oct/2020:15:39:04 -0700] "GET /searchCoursesByArea?area=Computer_Science HTTP/1.1" 200 2579
0:0:0:0:0:0:0:1 - - [30/Oct/2020:15:39:07 -0700] "POST /registerForClassess HTTP/1.1" 302 -
0:0:0:0:0:0:0:1 - - [30/Oct/2020:15:39:07 -0700] "GET /searchCourses HTTP/1.1" 200 953
0:0:0:0:0:0:0:1 - - [30/Oct/2020:15:39:12 -0700] "GET /searchCoursesByArea?area=Computer_Science HTTP/1.1" 200 2579
0:0:0:0:0:0:0:1 - - [30/Oct/2020:15:39:15 -0700] "POST /registerForClassess HTTP/1.1" 302 -
0:0:0:0:0:0:0:1 - - [30/Oct/2020:15:39:15 -0700] "GET /loginSuccessful HTTP/1.1" 200 650
0:0:0:0:0:0:0:1 - - [30/Oct/2020:15:39:17 -0700] "GET /searchCourses HTTP/1.1" 200 857
0:0:0:0:0:0:0:1 - - [30/Oct/2020:15:39:17 -0700] "GET /searchCoursesByArea?area=Computer_Science HTTP/1.1" 200 2579
0:0:0:0:0:0:0:1 - - [30/Oct/2020:15:39:19 -0700] "POST /registerForClassess HTTP/1.1" 302 -
0:0:0:0:0:0:0:1 - - [30/Oct/2020:15:39:19 -0700] "GET /searchCourses HTTP/1.1" 200 953
0:0:0:0:0:0:0:1 - - [30/Oct/2020:15:39:52 -0700] "GET /searchCourses HTTP/1.1" 200 857
0:0:0:0:0:0:0:1 - - [30/Oct/2020:15:39:53 -0700] "GET /searchCoursesByArea?area=Computer_Science HTTP/1.1" 200 2579
0:0:0:0:0:0:0:1 - - [30/Oct/2020:15:40:00 -0700] "POST /registerForClassess HTTP/1.1" 302 -
0:0:0:0:0:0:0:1 - - [30/Oct/2020:15:40:00 -0700] "GET /searchCourses HTTP/1.1" 200 953
0:0:0:0:0:0:0:1 - - [30/Oct/2020:15:40:04 -0700] "GET /searchCoursesByArea?area=Computer_Science HTTP/1.1" 200 2579
0:0:0:0:0:0:0:1 - - [30/Oct/2020:15:40:08 -0700] "POST /registerForClassess HTTP/1.1" 302 -
0:0:0:0:0:0:0:1 - - [30/Oct/2020:15:40:08 -0700] "GET /loginSuccessful HTTP/1.1" 200 650
0:0:0:0:0:0:0:1 - - [30/Oct/2020:15:40:13 -0700] "GET /searchCourses HTTP/1.1" 200 857
0:0:0:0:0:0:0:1 - - [30/Oct/2020:15:40:15 -0700] "GET /searchCoursesByArea?area=Computer_Science HTTP/1.1" 200 2579
0:0:0:0:0:0:0:1 - - [30/Oct/2020:15:40:17 -0700] "GET /searchCourses HTTP/1.1" 200 857
0:0:0:0:0:0:0:1 - - [30/Oct/2020:15:40:18 -0700] "GET /loginSuccessful HTTP/1.1" 200 650
0:0:0:0:0:0:0:1 - - [30/Oct/2020:15:40:19 -0700] "GET /dropClasses HTTP/1.1" 200 1194
0:0:0:0:0:0:0:1 - - [30/Oct/2020:15:40:21 -0700] "GET /loginSuccessful HTTP/1.1" 200 650
0:0:0:0:0:0:0:1 - - [30/Oct/2020:15:40:22 -0700] "GET /searchCourses HTTP/1.1" 200 857
0:0:0:0:0:0:0:1 - - [30/Oct/2020:15:40:23 -0700] "GET /searchCoursesByArea?area=Computer_Science HTTP/1.1" 200 2579
0:0:0:0:0:0:0:1 - - [30/Oct/2020:15:40:27 -0700] "POST /registerForClassess HTTP/1.1" 302 -
0:0:0:0:0:0:0:1 - - [30/Oct/2020:15:40:27 -0700] "GET /loginSuccessful HTTP/1.1" 200 650
0:0:0:0:0:0:0:1 - - [30/Oct/2020:16:03:17 -0700] "GET /loginSuccessful HTTP/1.1" 200 650
0:0:0:0:0:0:0:1 - - [30/Oct/2020:16:03:18 -0700] "GET /searchCourses HTTP/1.1" 200 857
0:0:0:0:0:0:0:1 - - [30/Oct/2020:16:03:19 -0700] "GET /searchCoursesByArea?area=Computer_Science HTTP/1.1" 200 2579
0:0:0:0:0:0:0:1 - - [30/Oct/2020:16:03:21 -0700] "POST /registerForClassess HTTP/1.1" 302 -
0:0:0:0:0:0:0:1 - - [30/Oct/2020:16:03:21 -0700] "GET /loginSuccessful HTTP/1.1" 200 650
0:0:0:0:0:0:0:1 - - [30/Oct/2020:16:03:24 -0700] "GET /searchCourses HTTP/1.1" 200 857
0:0:0:0:0:0:0:1 - - [30/Oct/2020:16:03:25 -0700] "GET /searchCoursesByArea?area=Computer_Science HTTP/1.1" 200 2579
0:0:0:0:0:0:0:1 - - [30/Oct/2020:16:03:27 -0700] "POST /registerForClassess HTTP/1.1" 302 -
0:0:0:0:0:0:0:1 - - [30/Oct/2020:16:03:27 -0700] "GET /loginSuccessful HTTP/1.1" 200 650
0:0:0:0:0:0:0:1 - - [30/Oct/2020:16:03:29 -0700] "GET /dropClasses HTTP/1.1" 200 1526
0:0:0:0:0:0:0:1 - - [30/Oct/2020:16:03:39 -0700] "POST /dropClasses HTTP/1.1" 302 -
0:0:0:0:0:0:0:1 - - [30/Oct/2020:16:03:39 -0700] "GET /loginSuccessful HTTP/1.1" 200 650
0:0:0:0:0:0:0:1 - - [30/Oct/2020:16:03:40 -0700] "GET /searchCourses HTTP/1.1" 200 857
0:0:0:0:0:0:0:1 - - [30/Oct/2020:16:03:41 -0700] "GET /searchCoursesByArea?area=Computer_Science HTTP/1.1" 200 2579
0:0:0:0:0:0:0:1 - - [30/Oct/2020:16:03:45 -0700] "POST /registerForClassess HTTP/1.1" 302 -
0:0:0:0:0:0:0:1 - - [30/Oct/2020:16:03:45 -0700] "GET /searchCourses HTTP/1.1" 200 925
0:0:0:0:0:0:0:1 - - [30/Oct/2020:16:18:11 -0700] "GET /searchCourses HTTP/1.1" 200 857
0:0:0:0:0:0:0:1 - - [30/Oct/2020:16:18:12 -0700] "GET /searchCoursesByArea?area=Computer_Science HTTP/1.1" 200 2969
0:0:0:0:0:0:0:1 - - [30/Oct/2020:16:18:51 -0700] "POST /registerForClassess HTTP/1.1" 302 -
0:0:0:0:0:0:0:1 - - [30/Oct/2020:16:18:51 -0700] "GET /searchCourses HTTP/1.1" 200 925
0:0:0:0:0:0:0:1 - - [30/Oct/2020:16:18:52 -0700] "GET /searchCoursesByArea?area=Computer_Science HTTP/1.1" 200 2969
0:0:0:0:0:0:0:1 - - [30/Oct/2020:16:18:56 -0700] "POST /registerForClassess HTTP/1.1" 302 -
0:0:0:0:0:0:0:1 - - [30/Oct/2020:16:18:56 -0700] "GET /searchCourses HTTP/1.1" 200 925
0:0:0:0:0:0:0:1 - - [30/Oct/2020:16:25:15 -0700] "GET /searchCourses HTTP/1.1" 200 857
0:0:0:0:0:0:0:1 - - [30/Oct/2020:16:25:16 -0700] "GET /searchCoursesByArea?area=Computer_Science HTTP/1.1" 200 2969
0:0:0:0:0:0:0:1 - - [30/Oct/2020:16:25:25 -0700] "POST /registerForClassess HTTP/1.1" 302 -
0:0:0:0:0:0:0:1 - - [30/Oct/2020:16:25:25 -0700] "GET /searchCourses HTTP/1.1" 200 925
0:0:0:0:0:0:0:1 - - [30/Oct/2020:16:26:38 -0700] "GET /searchCourses HTTP/1.1" 200 857
0:0:0:0:0:0:0:1 - - [30/Oct/2020:16:26:58 -0700] "GET /searchCourses HTTP/1.1" 200 857
0:0:0:0:0:0:0:1 - - [30/Oct/2020:16:26:58 -0700] "GET /searchCoursesByArea?area=Computer_Science HTTP/1.1" 200 2969
0:0:0:0:0:0:0:1 - - [30/Oct/2020:16:27:06 -0700] "POST /registerForClassess HTTP/1.1" 302 -
0:0:0:0:0:0:0:1 - - [30/Oct/2020:16:27:06 -0700] "GET /loginSuccessful HTTP/1.1" 200 650
0:0:0:0:0:0:0:1 - - [30/Oct/2020:16:27:07 -0700] "GET /searchCourses HTTP/1.1" 200 857
0:0:0:0:0:0:0:1 - - [30/Oct/2020:16:27:08 -0700] "GET /searchCoursesByArea?area=Computer_Science HTTP/1.1" 200 2969
0:0:0:0:0:0:0:1 - - [30/Oct/2020:16:27:11 -0700] "POST /registerForClassess HTTP/1.1" 302 -
0:0:0:0:0:0:0:1 - - [30/Oct/2020:16:27:11 -0700] "GET /loginSuccessful HTTP/1.1" 200 650
0:0:0:0:0:0:0:1 - - [30/Oct/2020:16:27:12 -0700] "GET /searchCourses HTTP/1.1" 200 857
0:0:0:0:0:0:0:1 - - [30/Oct/2020:16:27:13 -0700] "GET /searchCoursesByArea?area=Computer_Science HTTP/1.1" 200 2969
0:0:0:0:0:0:0:1 - - [30/Oct/2020:16:27:16 -0700] "POST /registerForClassess HTTP/1.1" 302 -
0:0:0:0:0:0:0:1 - - [30/Oct/2020:16:27:16 -0700] "GET /loginSuccessful HTTP/1.1" 200 650
0:0:0:0:0:0:0:1 - - [30/Oct/2020:16:27:18 -0700] "GET /searchCourses HTTP/1.1" 200 857
0:0:0:0:0:0:0:1 - - [30/Oct/2020:16:27:18 -0700] "GET /searchCoursesByArea?area=Computer_Science HTTP/1.1" 200 2969
0:0:0:0:0:0:0:1 - - [30/Oct/2020:16:27:23 -0700] "POST /registerForClassess HTTP/1.1" 302 -
0:0:0:0:0:0:0:1 - - [30/Oct/2020:16:27:23 -0700] "GET /searchCourses HTTP/1.1" 200 953
0:0:0:0:0:0:0:1 - - [30/Oct/2020:16:27:28 -0700] "GET /searchCoursesByArea?area=Computer_Science HTTP/1.1" 200 2969
0:0:0:0:0:0:0:1 - - [30/Oct/2020:16:27:34 -0700] "POST /registerForClassess HTTP/1.1" 302 -
0:0:0:0:0:0:0:1 - - [30/Oct/2020:16:27:34 -0700] "GET /searchCourses HTTP/1.1" 200 925
0:0:0:0:0:0:0:1 - - [30/Oct/2020:16:27:36 -0700] "GET /searchCoursesByArea?area=Computer_Science HTTP/1.1" 200 2969
0:0:0:0:0:0:0:1 - - [30/Oct/2020:16:29:54 -0700] "GET /searchCoursesByArea?area=Computer_Science HTTP/1.1" 200 2969
0:0:0:0:0:0:0:1 - - [30/Oct/2020:16:29:58 -0700] "POST /registerForClassess HTTP/1.1" 302 -
0:0:0:0:0:0:0:1 - - [30/Oct/2020:16:29:58 -0700] "GET /searchCourses HTTP/1.1" 200 953
0:0:0:0:0:0:0:1 - - [30/Oct/2020:16:30:53 -0700] "GET /searchCourses HTTP/1.1" 200 857
0:0:0:0:0:0:0:1 - - [30/Oct/2020:16:30:53 -0700] "GET /searchCoursesByArea?area=Computer_Science HTTP/1.1" 200 2969
0:0:0:0:0:0:0:1 - - [30/Oct/2020:16:30:55 -0700] "POST /registerForClassess HTTP/1.1" 302 -
0:0:0:0:0:0:0:1 - - [30/Oct/2020:16:30:55 -0700] "GET /loginSuccessful HTTP/1.1" 200 650
0:0:0:0:0:0:0:1 - - [30/Oct/2020:16:32:01 -0700] "GET /searchCourses HTTP/1.1" 200 857
0:0:0:0:0:0:0:1 - - [30/Oct/2020:16:32:02 -0700] "GET /searchCoursesByArea?area=Computer_Science HTTP/1.1" 200 2969
0:0:0:0:0:0:0:1 - - [30/Oct/2020:16:32:03 -0700] "POST /registerForClassess HTTP/1.1" 302 -
0:0:0:0:0:0:0:1 - - [30/Oct/2020:16:32:03 -0700] "GET /searchCourses HTTP/1.1" 200 941
0:0:0:0:0:0:0:1 - - [30/Oct/2020:16:32:04 -0700] "GET /searchCoursesByArea?area=Computer_Science HTTP/1.1" 200 2969
0:0:0:0:0:0:0:1 - - [30/Oct/2020:16:34:43 -0700] "POST /registerForClassess HTTP/1.1" 302 -
0:0:0:0:0:0:0:1 - - [30/Oct/2020:16:34:43 -0700] "GET /searchCourses HTTP/1.1" 200 925
0:0:0:0:0:0:0:1 - - [30/Oct/2020:16:50:43 -0700] "GET /searchCourses HTTP/1.1" 200 857
0:0:0:0:0:0:0:1 - - [30/Oct/2020:16:50:44 -0700] "GET /searchCoursesByArea?area=Computer_Science HTTP/1.1" 200 2969
0:0:0:0:0:0:0:1 - - [30/Oct/2020:16:50:46 -0700] "POST /registerForClassess HTTP/1.1" 302 -
0:0:0:0:0:0:0:1 - - [30/Oct/2020:16:50:46 -0700] "GET /searchCourses HTTP/1.1" 200 915
0:0:0:0:0:0:0:1 - - [30/Oct/2020:16:51:15 -0700] "GET /searchCoursesByArea?area=Computer_Science HTTP/1.1" 200 2969
0:0:0:0:0:0:0:1 - - [30/Oct/2020:16:51:22 -0700] "POST /registerForClassess HTTP/1.1" 302 -
0:0:0:0:0:0:0:1 - - [30/Oct/2020:16:51:22 -0700] "GET /searchCourses HTTP/1.1" 200 915
0:0:0:0:0:0:0:1 - - [30/Oct/2020:16:51:44 -0700] "GET /searchCoursesByArea?area=Computer_Science HTTP/1.1" 200 2969
0:0:0:0:0:0:0:1 - - [30/Oct/2020:16:51:49 -0700] "GET /searchCourses HTTP/1.1" 200 857
0:0:0:0:0:0:0:1 - - [30/Oct/2020:16:51:50 -0700] "GET /searchCoursesByArea?area=Computer_Science HTTP/1.1" 200 2969
0:0:0:0:0:0:0:1 - - [30/Oct/2020:16:51:50 -0700] "GET /searchCourses HTTP/1.1" 200 857
0:0:0:0:0:0:0:1 - - [30/Oct/2020:16:51:51 -0700] "GET /searchCoursesByArea?area=Computer_Science HTTP/1.1" 200 2969
0:0:0:0:0:0:0:1 - - [30/Oct/2020:16:51:52 -0700] "GET /searchCourses HTTP/1.1" 200 857
0:0:0:0:0:0:0:1 - - [30/Oct/2020:16:51:52 -0700] "GET /searchCoursesByArea?area=Computer_Science HTTP/1.1" 200 2969
0:0:0:0:0:0:0:1 - - [30/Oct/2020:16:51:53 -0700] "GET /searchCourses HTTP/1.1" 200 857
0:0:0:0:0:0:0:1 - - [30/Oct/2020:16:51:53 -0700] "GET /searchCoursesByArea?area=Computer_Science HTTP/1.1" 200 2969
0:0:0:0:0:0:0:1 - - [30/Oct/2020:16:51:54 -0700] "GET /searchCourses HTTP/1.1" 200 857
0:0:0:0:0:0:0:1 - - [30/Oct/2020:16:51:54 -0700] "GET /loginSuccessful HTTP/1.1" 200 650
0:0:0:0:0:0:0:1 - - [30/Oct/2020:16:51:56 -0700] "GET /dropClasses HTTP/1.1" 500 10774
0:0:0:0:0:0:0:1 - - [30/Oct/2020:16:51:57 -0700] "GET /loginSuccessful HTTP/1.1" 200 650
0:0:0:0:0:0:0:1 - - [30/Oct/2020:16:51:59 -0700] "GET /loginSuccessful HTTP/1.1" 200 650
0:0:0:0:0:0:0:1 - - [30/Oct/2020:16:52:00 -0700] "GET /dropClasses HTTP/1.1" 500 10774
0:0:0:0:0:0:0:1 - - [30/Oct/2020:16:52:08 -0700] "GET /login HTTP/1.1" 200 1657
0:0:0:0:0:0:0:1 - - [30/Oct/2020:16:52:08 -0700] "GET /login HTTP/1.1" 200 1657
0:0:0:0:0:0:0:1 - - [30/Oct/2020:16:52:11 -0700] "POST /doLogin HTTP/1.1" 302 -
0:0:0:0:0:0:0:1 - - [30/Oct/2020:16:52:11 -0700] "GET /loginSuccessful HTTP/1.1" 200 650
0:0:0:0:0:0:0:1 - - [30/Oct/2020:16:52:12 -0700] "GET /dropClasses HTTP/1.1" 500 10774
0:0:0:0:0:0:0:1 - - [30/Oct/2020:16:55:10 -0700] "GET /dropClasses HTTP/1.1" 302 -
0:0:0:0:0:0:0:1 - - [30/Oct/2020:16:55:10 -0700] "GET /loginSuccessful?error=You+have+no+class+to+drop HTTP/1.1" 200 650
0:0:0:0:0:0:0:1 - - [30/Oct/2020:16:55:12 -0700] "GET /searchCourses HTTP/1.1" 200 857
0:0:0:0:0:0:0:1 - - [30/Oct/2020:16:55:13 -0700] "GET /searchCoursesByArea?area=Computer_Science HTTP/1.1" 200 2969
0:0:0:0:0:0:0:1 - - [30/Oct/2020:16:55:16 -0700] "POST /registerForClassess HTTP/1.1" 302 -
0:0:0:0:0:0:0:1 - - [30/Oct/2020:16:55:16 -0700] "GET /searchCourses HTTP/1.1" 200 915
0:0:0:0:0:0:0:1 - - [30/Oct/2020:16:55:20 -0700] "GET /searchCoursesByArea?area=Computer_Science HTTP/1.1" 200 2969
0:0:0:0:0:0:0:1 - - [30/Oct/2020:16:55:23 -0700] "GET /searchCourses HTTP/1.1" 200 857
0:0:0:0:0:0:0:1 - - [30/Oct/2020:16:55:24 -0700] "GET /searchCoursesByArea?area=Computer_Science HTTP/1.1" 200 2969
0:0:0:0:0:0:0:1 - - [30/Oct/2020:16:55:25 -0700] "GET /searchCourses HTTP/1.1" 200 857
0:0:0:0:0:0:0:1 - - [30/Oct/2020:16:55:26 -0700] "GET /loginSuccessful?error=You+have+no+class+to+drop HTTP/1.1" 200 650
0:0:0:0:0:0:0:1 - - [30/Oct/2020:16:55:27 -0700] "GET /dropClasses HTTP/1.1" 200 1194
0:0:0:0:0:0:0:1 - - [30/Oct/2020:16:55:30 -0700] "GET /loginSuccessful?error=You+have+no+class+to+drop HTTP/1.1" 200 650
0:0:0:0:0:0:0:1 - - [30/Oct/2020:16:55:33 -0700] "GET /searchCourses HTTP/1.1" 200 857
0:0:0:0:0:0:0:1 - - [30/Oct/2020:16:55:33 -0700] "GET /searchCoursesByArea?area=Computer_Science HTTP/1.1" 200 2969
0:0:0:0:0:0:0:1 - - [30/Oct/2020:16:55:54 -0700] "GET /searchCourses HTTP/1.1" 200 857
0:0:0:0:0:0:0:1 - - [30/Oct/2020:16:55:55 -0700] "GET /loginSuccessful?error=You+have+no+class+to+drop HTTP/1.1" 200 650
0:0:0:0:0:0:0:1 - - [30/Oct/2020:16:55:56 -0700] "GET /dropClasses HTTP/1.1" 200 1194
0:0:0:0:0:0:0:1 - - [30/Oct/2020:16:55:58 -0700] "POST /dropClasses HTTP/1.1" 302 -
0:0:0:0:0:0:0:1 - - [30/Oct/2020:16:55:58 -0700] "GET /loginSuccessful HTTP/1.1" 200 650
0:0:0:0:0:0:0:1 - - [30/Oct/2020:16:55:59 -0700] "GET /searchCourses HTTP/1.1" 200 857
0:0:0:0:0:0:0:1 - - [30/Oct/2020:16:56:00 -0700] "GET /searchCoursesByArea?area=Computer_Science HTTP/1.1" 200 2969
0:0:0:0:0:0:0:1 - - [30/Oct/2020:16:56:31 -0700] "POST /registerForClassess HTTP/1.1" 302 -
0:0:0:0:0:0:0:1 - - [30/Oct/2020:16:56:31 -0700] "GET /searchCourses HTTP/1.1" 200 915
0:0:0:0:0:0:0:1 - - [30/Oct/2020:16:56:39 -0700] "GET /searchCoursesByArea?area=Computer_Science HTTP/1.1" 200 2969
0:0:0:0:0:0:0:1 - - [30/Oct/2020:16:57:20 -0700] "GET /searchCourses HTTP/1.1" 200 857
0:0:0:0:0:0:0:1 - - [30/Oct/2020:16:57:21 -0700] "GET /searchCoursesByArea?area=Computer_Science HTTP/1.1" 200 2969
0:0:0:0:0:0:0:1 - - [30/Oct/2020:16:57:22 -0700] "GET /searchCourses HTTP/1.1" 200 857
0:0:0:0:0:0:0:1 - - [30/Oct/2020:16:57:22 -0700] "GET /loginSuccessful HTTP/1.1" 200 650
0:0:0:0:0:0:0:1 - - [30/Oct/2020:16:57:23 -0700] "GET /dropClasses HTTP/1.1" 200 1194
0:0:0:0:0:0:0:1 - - [30/Oct/2020:16:57:25 -0700] "GET /loginSuccessful HTTP/1.1" 200 650
0:0:0:0:0:0:0:1 - - [30/Oct/2020:16:57:26 -0700] "GET /searchCourses HTTP/1.1" 200 857
0:0:0:0:0:0:0:1 - - [30/Oct/2020:16:57:26 -0700] "GET /searchCoursesByArea?area=Computer_Science HTTP/1.1" 200 2969
0:0:0:0:0:0:0:1 - - [30/Oct/2020:16:57:35 -0700] "POST /registerForClassess HTTP/1.1" 302 -
0:0:0:0:0:0:0:1 - - [30/Oct/2020:16:57:35 -0700] "GET /loginSuccessful HTTP/1.1" 200 650
0:0:0:0:0:0:0:1 - - [30/Oct/2020:16:59:04 -0700] "GET /loginSuccessful HTTP/1.1" 200 650
0:0:0:0:0:0:0:1 - - [30/Oct/2020:16:59:05 -0700] "GET /dropClasses HTTP/1.1" 200 1858
0:0:0:0:0:0:0:1 - - [30/Oct/2020:16:59:14 -0700] "POST /dropClasses HTTP/1.1" 302 -
0:0:0:0:0:0:0:1 - - [30/Oct/2020:16:59:14 -0700] "GET /loginSuccessful HTTP/1.1" 200 650
0:0:0:0:0:0:0:1 - - [30/Oct/2020:17:13:43 -0700] "GET /searchCourses HTTP/1.1" 200 857
0:0:0:0:0:0:0:1 - - [30/Oct/2020:17:13:44 -0700] "GET /searchCoursesByArea?area=Computer_Science HTTP/1.1" 200 2969
0:0:0:0:0:0:0:1 - - [30/Oct/2020:17:13:50 -0700] "POST /registerForClassess HTTP/1.1" 302 -
0:0:0:0:0:0:0:1 - - [30/Oct/2020:17:13:50 -0700] "GET /searchCourses HTTP/1.1" 200 953
0:0:0:0:0:0:0:1 - - [30/Oct/2020:17:14:23 -0700] "GET /searchCourses HTTP/1.1" 200 857
0:0:0:0:0:0:0:1 - - [30/Oct/2020:17:14:24 -0700] "GET /searchCoursesByArea?area=Computer_Science HTTP/1.1" 200 2969
192.168.1.200 - - [30/Oct/2020:23:35:52 -0700] "GET / HTTP/1.1" 302 -
192.168.1.200 - - [30/Oct/2020:23:35:52 -0700] "GET /login HTTP/1.1" 200 1657
