0:0:0:0:0:0:0:1 - - [04/Dec/2020:07:46:12 -0800] "GET /login HTTP/1.1" 200 1657
0:0:0:0:0:0:0:1 - - [04/Dec/2020:07:46:12 -0800] "GET /favicon.ico HTTP/1.1" 302 -
0:0:0:0:0:0:0:1 - - [04/Dec/2020:07:46:12 -0800] "GET /login HTTP/1.1" 200 1657
0:0:0:0:0:0:0:1 - - [04/Dec/2020:07:46:14 -0800] "GET /signup HTTP/1.1" 200 4862
0:0:0:0:0:0:0:1 - - [04/Dec/2020:07:46:14 -0800] "GET /js/pwstrength.js HTTP/1.1" 200 -
0:0:0:0:0:0:0:1 - - [04/Dec/2020:07:46:14 -0800] "GET /js/jquery-1.7.2.js HTTP/1.1" 200 293292
0:0:0:0:0:0:0:1 - - [04/Dec/2020:07:46:14 -0800] "GET /favicon.ico HTTP/1.1" 302 -
0:0:0:0:0:0:0:1 - - [04/Dec/2020:07:46:14 -0800] "GET /login HTTP/1.1" 200 1657
0:0:0:0:0:0:0:1 - - [04/Dec/2020:07:46:35 -0800] "POST /signup HTTP/1.1" 200 5039
0:0:0:0:0:0:0:1 - - [04/Dec/2020:07:46:36 -0800] "GET /js/pwstrength.js HTTP/1.1" 200 -
0:0:0:0:0:0:0:1 - - [04/Dec/2020:07:46:36 -0800] "GET /js/jquery-1.7.2.js HTTP/1.1" 200 293292
0:0:0:0:0:0:0:1 - - [04/Dec/2020:07:46:36 -0800] "GET /favicon.ico HTTP/1.1" 302 -
0:0:0:0:0:0:0:1 - - [04/Dec/2020:07:46:36 -0800] "GET /login HTTP/1.1" 200 1657
0:0:0:0:0:0:0:1 - - [04/Dec/2020:07:55:32 -0800] "GET /signup HTTP/1.1" 200 4862
0:0:0:0:0:0:0:1 - - [04/Dec/2020:07:55:32 -0800] "GET /js/pwstrength.js HTTP/1.1" 200 -
0:0:0:0:0:0:0:1 - - [04/Dec/2020:07:55:32 -0800] "GET /js/jquery-1.7.2.js HTTP/1.1" 200 293292
0:0:0:0:0:0:0:1 - - [04/Dec/2020:07:55:32 -0800] "GET /favicon.ico HTTP/1.1" 302 -
0:0:0:0:0:0:0:1 - - [04/Dec/2020:07:55:32 -0800] "GET /login HTTP/1.1" 200 1657
192.168.1.200 - - [04/Dec/2020:07:56:10 -0800] "GET / HTTP/1.1" 302 -
192.168.1.200 - - [04/Dec/2020:07:56:10 -0800] "GET /login HTTP/1.1" 200 1657
0:0:0:0:0:0:0:1 - - [04/Dec/2020:07:57:46 -0800] "POST /signup HTTP/1.1" 500 17370
0:0:0:0:0:0:0:1 - - [04/Dec/2020:07:57:46 -0800] "GET /favicon.ico HTTP/1.1" 302 -
0:0:0:0:0:0:0:1 - - [04/Dec/2020:07:57:46 -0800] "GET /login HTTP/1.1" 200 1657
0:0:0:0:0:0:0:1 - - [04/Dec/2020:07:58:31 -0800] "GET /signup HTTP/1.1" 200 4862
0:0:0:0:0:0:0:1 - - [04/Dec/2020:07:58:31 -0800] "GET /js/jquery-1.7.2.js HTTP/1.1" 200 293292
0:0:0:0:0:0:0:1 - - [04/Dec/2020:07:58:31 -0800] "GET /js/pwstrength.js HTTP/1.1" 200 -
0:0:0:0:0:0:0:1 - - [04/Dec/2020:07:58:31 -0800] "GET /favicon.ico HTTP/1.1" 302 -
0:0:0:0:0:0:0:1 - - [04/Dec/2020:07:58:31 -0800] "GET /login HTTP/1.1" 200 1657
0:0:0:0:0:0:0:1 - - [04/Dec/2020:08:00:31 -0800] "GET /signup HTTP/1.1" 200 4862
0:0:0:0:0:0:0:1 - - [04/Dec/2020:08:00:31 -0800] "GET /js/pwstrength.js HTTP/1.1" 200 -
0:0:0:0:0:0:0:1 - - [04/Dec/2020:08:00:31 -0800] "GET /js/jquery-1.7.2.js HTTP/1.1" 200 293292
0:0:0:0:0:0:0:1 - - [04/Dec/2020:08:00:31 -0800] "GET /favicon.ico HTTP/1.1" 302 -
0:0:0:0:0:0:0:1 - - [04/Dec/2020:08:00:31 -0800] "GET /login HTTP/1.1" 200 1657
0:0:0:0:0:0:0:1 - - [04/Dec/2020:08:00:38 -0800] "POST /signup HTTP/1.1" 500 17976
0:0:0:0:0:0:0:1 - - [04/Dec/2020:08:00:38 -0800] "GET /favicon.ico HTTP/1.1" 302 -
0:0:0:0:0:0:0:1 - - [04/Dec/2020:08:00:38 -0800] "GET /login HTTP/1.1" 200 1657
0:0:0:0:0:0:0:1 - - [04/Dec/2020:08:02:20 -0800] "GET /signup HTTP/1.1" 200 4862
0:0:0:0:0:0:0:1 - - [04/Dec/2020:08:02:20 -0800] "GET /js/pwstrength.js HTTP/1.1" 200 -
0:0:0:0:0:0:0:1 - - [04/Dec/2020:08:02:20 -0800] "GET /js/jquery-1.7.2.js HTTP/1.1" 200 293292
0:0:0:0:0:0:0:1 - - [04/Dec/2020:08:02:20 -0800] "GET /favicon.ico HTTP/1.1" 302 -
0:0:0:0:0:0:0:1 - - [04/Dec/2020:08:02:20 -0800] "GET /login HTTP/1.1" 200 1657
0:0:0:0:0:0:0:1 - - [04/Dec/2020:08:02:48 -0800] "POST /signup HTTP/1.1" 302 -
0:0:0:0:0:0:0:1 - - [04/Dec/2020:08:02:48 -0800] "GET /login HTTP/1.1" 200 1740
0:0:0:0:0:0:0:1 - - [04/Dec/2020:08:02:48 -0800] "GET /favicon.ico HTTP/1.1" 302 -
0:0:0:0:0:0:0:1 - - [04/Dec/2020:08:02:48 -0800] "GET /login HTTP/1.1" 200 1657
0:0:0:0:0:0:0:1 - - [04/Dec/2020:08:02:58 -0800] "GET /registrationConfirm?token=b5dcdf31-3f73-4ed1-972e-246aa42e6611 HTTP/1.1" 302 -
0:0:0:0:0:0:0:1 - - [04/Dec/2020:08:02:58 -0800] "GET /login HTTP/1.1" 200 1730
0:0:0:0:0:0:0:1 - - [04/Dec/2020:08:02:58 -0800] "GET /favicon.ico HTTP/1.1" 302 -
0:0:0:0:0:0:0:1 - - [04/Dec/2020:08:02:58 -0800] "GET /login HTTP/1.1" 200 1657
0:0:0:0:0:0:0:1 - - [04/Dec/2020:08:03:02 -0800] "GET /signup HTTP/1.1" 200 4862
0:0:0:0:0:0:0:1 - - [04/Dec/2020:08:03:02 -0800] "GET /js/pwstrength.js HTTP/1.1" 200 -
0:0:0:0:0:0:0:1 - - [04/Dec/2020:08:03:02 -0800] "GET /js/jquery-1.7.2.js HTTP/1.1" 200 293292
0:0:0:0:0:0:0:1 - - [04/Dec/2020:08:03:02 -0800] "GET /favicon.ico HTTP/1.1" 302 -
0:0:0:0:0:0:0:1 - - [04/Dec/2020:08:03:02 -0800] "GET /login HTTP/1.1" 200 1657
0:0:0:0:0:0:0:1 - - [04/Dec/2020:08:05:53 -0800] "POST /signup HTTP/1.1" 302 -
0:0:0:0:0:0:0:1 - - [04/Dec/2020:08:05:53 -0800] "GET /login HTTP/1.1" 200 1740
0:0:0:0:0:0:0:1 - - [04/Dec/2020:08:05:53 -0800] "GET /favicon.ico HTTP/1.1" 302 -
0:0:0:0:0:0:0:1 - - [04/Dec/2020:08:05:54 -0800] "GET /login HTTP/1.1" 200 1657
0:0:0:0:0:0:0:1 - - [04/Dec/2020:08:07:49 -0800] "GET /login HTTP/1.1" 200 1657
0:0:0:0:0:0:0:1 - - [04/Dec/2020:08:07:49 -0800] "GET /favicon.ico HTTP/1.1" 302 -
0:0:0:0:0:0:0:1 - - [04/Dec/2020:08:07:49 -0800] "GET /login HTTP/1.1" 200 1657
0:0:0:0:0:0:0:1 - - [04/Dec/2020:08:07:50 -0800] "GET /signup HTTP/1.1" 200 4862
0:0:0:0:0:0:0:1 - - [04/Dec/2020:08:07:50 -0800] "GET /js/pwstrength.js HTTP/1.1" 200 -
0:0:0:0:0:0:0:1 - - [04/Dec/2020:08:07:50 -0800] "GET /js/jquery-1.7.2.js HTTP/1.1" 200 293292
0:0:0:0:0:0:0:1 - - [04/Dec/2020:08:07:50 -0800] "GET /favicon.ico HTTP/1.1" 302 -
0:0:0:0:0:0:0:1 - - [04/Dec/2020:08:07:50 -0800] "GET /login HTTP/1.1" 200 1657
0:0:0:0:0:0:0:1 - - [04/Dec/2020:08:08:02 -0800] "POST /signup HTTP/1.1" 302 -
0:0:0:0:0:0:0:1 - - [04/Dec/2020:08:08:02 -0800] "GET /login HTTP/1.1" 200 1740
0:0:0:0:0:0:0:1 - - [04/Dec/2020:08:08:03 -0800] "GET /favicon.ico HTTP/1.1" 302 -
0:0:0:0:0:0:0:1 - - [04/Dec/2020:08:08:03 -0800] "GET /login HTTP/1.1" 200 1657
0:0:0:0:0:0:0:1 - - [04/Dec/2020:08:08:06 -0800] "GET /registrationConfirm?token=b5dcdf31-3f73-4ed1-972e-246aa42e6611 HTTP/1.1" 302 -
0:0:0:0:0:0:0:1 - - [04/Dec/2020:08:08:06 -0800] "GET /login HTTP/1.1" 200 1730
0:0:0:0:0:0:0:1 - - [04/Dec/2020:08:08:06 -0800] "GET /favicon.ico HTTP/1.1" 302 -
0:0:0:0:0:0:0:1 - - [04/Dec/2020:08:08:06 -0800] "GET /login HTTP/1.1" 200 1657
0:0:0:0:0:0:0:1 - - [04/Dec/2020:08:08:10 -0800] "GET /registrationConfirm?token=b5dcdf31-3f73-4ed1-972e-246aa42e6611 HTTP/1.1" 302 -
0:0:0:0:0:0:0:1 - - [04/Dec/2020:08:08:10 -0800] "GET /login HTTP/1.1" 200 1730
0:0:0:0:0:0:0:1 - - [04/Dec/2020:08:08:11 -0800] "GET /favicon.ico HTTP/1.1" 302 -
0:0:0:0:0:0:0:1 - - [04/Dec/2020:08:08:11 -0800] "GET /login HTTP/1.1" 200 1657
0:0:0:0:0:0:0:1 - - [04/Dec/2020:08:08:22 -0800] "GET /registrationConfirm?token=510ca3cf-2783-44d4-af64-0bcc94e6977c HTTP/1.1" 302 -
0:0:0:0:0:0:0:1 - - [04/Dec/2020:08:08:22 -0800] "GET /login HTTP/1.1" 200 1730
0:0:0:0:0:0:0:1 - - [04/Dec/2020:08:08:22 -0800] "GET /favicon.ico HTTP/1.1" 302 -
0:0:0:0:0:0:0:1 - - [04/Dec/2020:08:08:22 -0800] "GET /login HTTP/1.1" 200 1657
0:0:0:0:0:0:0:1 - - [04/Dec/2020:08:08:25 -0800] "GET /signup HTTP/1.1" 200 4862
0:0:0:0:0:0:0:1 - - [04/Dec/2020:08:08:25 -0800] "GET /js/pwstrength.js HTTP/1.1" 200 -
0:0:0:0:0:0:0:1 - - [04/Dec/2020:08:08:25 -0800] "GET /js/jquery-1.7.2.js HTTP/1.1" 200 293292
0:0:0:0:0:0:0:1 - - [04/Dec/2020:08:08:26 -0800] "GET /favicon.ico HTTP/1.1" 302 -
0:0:0:0:0:0:0:1 - - [04/Dec/2020:08:08:26 -0800] "GET /login HTTP/1.1" 200 1657
0:0:0:0:0:0:0:1 - - [04/Dec/2020:08:08:50 -0800] "GET /signup HTTP/1.1" 200 4862
0:0:0:0:0:0:0:1 - - [04/Dec/2020:08:08:50 -0800] "GET /js/pwstrength.js HTTP/1.1" 200 -
0:0:0:0:0:0:0:1 - - [04/Dec/2020:08:08:50 -0800] "GET /js/jquery-1.7.2.js HTTP/1.1" 200 293292
0:0:0:0:0:0:0:1 - - [04/Dec/2020:08:08:51 -0800] "GET /favicon.ico HTTP/1.1" 302 -
0:0:0:0:0:0:0:1 - - [04/Dec/2020:08:08:51 -0800] "GET /login HTTP/1.1" 200 1657
0:0:0:0:0:0:0:1 - - [04/Dec/2020:08:08:58 -0800] "POST /signup HTTP/1.1" 500 17718
0:0:0:0:0:0:0:1 - - [04/Dec/2020:08:08:58 -0800] "GET /favicon.ico HTTP/1.1" 302 -
0:0:0:0:0:0:0:1 - - [04/Dec/2020:08:08:58 -0800] "GET /login HTTP/1.1" 200 1657
0:0:0:0:0:0:0:1 - - [04/Dec/2020:08:18:55 -0800] "GET /signup HTTP/1.1" 200 4862
0:0:0:0:0:0:0:1 - - [04/Dec/2020:08:18:55 -0800] "GET /js/pwstrength.js HTTP/1.1" 200 -
0:0:0:0:0:0:0:1 - - [04/Dec/2020:08:18:55 -0800] "GET /js/jquery-1.7.2.js HTTP/1.1" 200 293292
0:0:0:0:0:0:0:1 - - [04/Dec/2020:08:18:55 -0800] "GET /favicon.ico HTTP/1.1" 302 -
0:0:0:0:0:0:0:1 - - [04/Dec/2020:08:18:55 -0800] "GET /login HTTP/1.1" 200 1657
0:0:0:0:0:0:0:1 - - [04/Dec/2020:08:19:02 -0800] "POST /signup HTTP/1.1" 500 19700
0:0:0:0:0:0:0:1 - - [04/Dec/2020:08:19:03 -0800] "GET /favicon.ico HTTP/1.1" 302 -
0:0:0:0:0:0:0:1 - - [04/Dec/2020:08:19:03 -0800] "GET /login HTTP/1.1" 200 1657
0:0:0:0:0:0:0:1 - - [04/Dec/2020:08:20:37 -0800] "GET /signup HTTP/1.1" 200 4862
0:0:0:0:0:0:0:1 - - [04/Dec/2020:08:20:37 -0800] "GET /js/pwstrength.js HTTP/1.1" 200 -
0:0:0:0:0:0:0:1 - - [04/Dec/2020:08:20:37 -0800] "GET /js/jquery-1.7.2.js HTTP/1.1" 200 293292
0:0:0:0:0:0:0:1 - - [04/Dec/2020:08:20:37 -0800] "GET /favicon.ico HTTP/1.1" 302 -
0:0:0:0:0:0:0:1 - - [04/Dec/2020:08:20:37 -0800] "GET /login HTTP/1.1" 200 1657
0:0:0:0:0:0:0:1 - - [04/Dec/2020:08:20:47 -0800] "POST /signup HTTP/1.1" 500 19705
0:0:0:0:0:0:0:1 - - [04/Dec/2020:08:20:48 -0800] "GET /favicon.ico HTTP/1.1" 302 -
0:0:0:0:0:0:0:1 - - [04/Dec/2020:08:20:48 -0800] "GET /login HTTP/1.1" 200 1657
0:0:0:0:0:0:0:1 - - [04/Dec/2020:08:29:11 -0800] "GET /signup HTTP/1.1" 200 4862
0:0:0:0:0:0:0:1 - - [04/Dec/2020:08:29:11 -0800] "GET /js/pwstrength.js HTTP/1.1" 200 -
0:0:0:0:0:0:0:1 - - [04/Dec/2020:08:29:11 -0800] "GET /js/jquery-1.7.2.js HTTP/1.1" 200 293292
0:0:0:0:0:0:0:1 - - [04/Dec/2020:08:29:11 -0800] "GET /favicon.ico HTTP/1.1" 302 -
0:0:0:0:0:0:0:1 - - [04/Dec/2020:08:29:11 -0800] "GET /login HTTP/1.1" 200 1657
0:0:0:0:0:0:0:1 - - [04/Dec/2020:08:29:17 -0800] "POST /signup HTTP/1.1" 500 19705
0:0:0:0:0:0:0:1 - - [04/Dec/2020:08:29:17 -0800] "GET /favicon.ico HTTP/1.1" 302 -
0:0:0:0:0:0:0:1 - - [04/Dec/2020:08:29:17 -0800] "GET /login HTTP/1.1" 200 1657
0:0:0:0:0:0:0:1 - - [04/Dec/2020:08:32:38 -0800] "GET /signup HTTP/1.1" 200 4862
0:0:0:0:0:0:0:1 - - [04/Dec/2020:08:32:38 -0800] "GET /js/pwstrength.js HTTP/1.1" 200 -
0:0:0:0:0:0:0:1 - - [04/Dec/2020:08:32:38 -0800] "GET /js/jquery-1.7.2.js HTTP/1.1" 200 293292
0:0:0:0:0:0:0:1 - - [04/Dec/2020:08:32:38 -0800] "GET /favicon.ico HTTP/1.1" 302 -
0:0:0:0:0:0:0:1 - - [04/Dec/2020:08:32:38 -0800] "GET /login HTTP/1.1" 200 1657
0:0:0:0:0:0:0:1 - - [04/Dec/2020:08:32:44 -0800] "POST /signup HTTP/1.1" 500 19705
0:0:0:0:0:0:0:1 - - [04/Dec/2020:08:32:44 -0800] "GET /favicon.ico HTTP/1.1" 302 -
0:0:0:0:0:0:0:1 - - [04/Dec/2020:08:32:44 -0800] "GET /login HTTP/1.1" 200 1657
0:0:0:0:0:0:0:1 - - [04/Dec/2020:08:35:01 -0800] "GET /signup HTTP/1.1" 200 4862
0:0:0:0:0:0:0:1 - - [04/Dec/2020:08:35:01 -0800] "GET /js/pwstrength.js HTTP/1.1" 200 -
0:0:0:0:0:0:0:1 - - [04/Dec/2020:08:35:01 -0800] "GET /js/jquery-1.7.2.js HTTP/1.1" 200 293292
0:0:0:0:0:0:0:1 - - [04/Dec/2020:08:35:01 -0800] "GET /favicon.ico HTTP/1.1" 302 -
0:0:0:0:0:0:0:1 - - [04/Dec/2020:08:35:01 -0800] "GET /login HTTP/1.1" 200 1657
0:0:0:0:0:0:0:1 - - [04/Dec/2020:08:35:07 -0800] "POST /signup HTTP/1.1" 500 19705
0:0:0:0:0:0:0:1 - - [04/Dec/2020:08:35:07 -0800] "GET /favicon.ico HTTP/1.1" 302 -
0:0:0:0:0:0:0:1 - - [04/Dec/2020:08:35:07 -0800] "GET /login HTTP/1.1" 200 1657
0:0:0:0:0:0:0:1 - - [04/Dec/2020:08:44:01 -0800] "GET /signup HTTP/1.1" 200 4862
0:0:0:0:0:0:0:1 - - [04/Dec/2020:08:44:01 -0800] "GET /js/pwstrength.js HTTP/1.1" 200 -
0:0:0:0:0:0:0:1 - - [04/Dec/2020:08:44:01 -0800] "GET /js/jquery-1.7.2.js HTTP/1.1" 200 293292
0:0:0:0:0:0:0:1 - - [04/Dec/2020:08:44:01 -0800] "GET /favicon.ico HTTP/1.1" 302 -
0:0:0:0:0:0:0:1 - - [04/Dec/2020:08:44:01 -0800] "GET /login HTTP/1.1" 200 1657
0:0:0:0:0:0:0:1 - - [04/Dec/2020:08:44:07 -0800] "POST /signup HTTP/1.1" 500 19705
0:0:0:0:0:0:0:1 - - [04/Dec/2020:08:44:07 -0800] "GET /favicon.ico HTTP/1.1" 302 -
0:0:0:0:0:0:0:1 - - [04/Dec/2020:08:44:07 -0800] "GET /login HTTP/1.1" 200 1657
0:0:0:0:0:0:0:1 - - [04/Dec/2020:08:44:57 -0800] "GET /signup HTTP/1.1" 200 4862
0:0:0:0:0:0:0:1 - - [04/Dec/2020:08:44:57 -0800] "GET /js/pwstrength.js HTTP/1.1" 200 -
0:0:0:0:0:0:0:1 - - [04/Dec/2020:08:44:57 -0800] "GET /js/jquery-1.7.2.js HTTP/1.1" 200 293292
0:0:0:0:0:0:0:1 - - [04/Dec/2020:08:44:57 -0800] "GET /favicon.ico HTTP/1.1" 302 -
0:0:0:0:0:0:0:1 - - [04/Dec/2020:08:44:57 -0800] "GET /login HTTP/1.1" 200 1657
0:0:0:0:0:0:0:1 - - [04/Dec/2020:08:45:04 -0800] "POST /signup HTTP/1.1" 500 19705
0:0:0:0:0:0:0:1 - - [04/Dec/2020:08:45:04 -0800] "GET /favicon.ico HTTP/1.1" 302 -
0:0:0:0:0:0:0:1 - - [04/Dec/2020:08:45:04 -0800] "GET /login HTTP/1.1" 200 1657
0:0:0:0:0:0:0:1 - - [04/Dec/2020:08:45:37 -0800] "GET /signup HTTP/1.1" 200 4862
0:0:0:0:0:0:0:1 - - [04/Dec/2020:08:45:38 -0800] "GET /js/pwstrength.js HTTP/1.1" 200 -
0:0:0:0:0:0:0:1 - - [04/Dec/2020:08:45:38 -0800] "GET /js/jquery-1.7.2.js HTTP/1.1" 200 293292
0:0:0:0:0:0:0:1 - - [04/Dec/2020:08:45:38 -0800] "GET /favicon.ico HTTP/1.1" 302 -
0:0:0:0:0:0:0:1 - - [04/Dec/2020:08:45:38 -0800] "GET /login HTTP/1.1" 200 1657
0:0:0:0:0:0:0:1 - - [04/Dec/2020:08:45:44 -0800] "POST /signup HTTP/1.1" 500 19595
0:0:0:0:0:0:0:1 - - [04/Dec/2020:08:45:44 -0800] "GET /favicon.ico HTTP/1.1" 302 -
0:0:0:0:0:0:0:1 - - [04/Dec/2020:08:45:44 -0800] "GET /login HTTP/1.1" 200 1657
0:0:0:0:0:0:0:1 - - [04/Dec/2020:08:47:56 -0800] "GET /signup HTTP/1.1" 200 4862
0:0:0:0:0:0:0:1 - - [04/Dec/2020:08:47:56 -0800] "GET /js/pwstrength.js HTTP/1.1" 200 -
0:0:0:0:0:0:0:1 - - [04/Dec/2020:08:47:56 -0800] "GET /js/jquery-1.7.2.js HTTP/1.1" 200 293292
0:0:0:0:0:0:0:1 - - [04/Dec/2020:08:47:57 -0800] "GET /favicon.ico HTTP/1.1" 302 -
0:0:0:0:0:0:0:1 - - [04/Dec/2020:08:47:57 -0800] "GET /login HTTP/1.1" 200 1657
0:0:0:0:0:0:0:1 - - [04/Dec/2020:08:48:03 -0800] "POST /signup HTTP/1.1" 500 19595
0:0:0:0:0:0:0:1 - - [04/Dec/2020:08:48:03 -0800] "GET /favicon.ico HTTP/1.1" 302 -
0:0:0:0:0:0:0:1 - - [04/Dec/2020:08:48:03 -0800] "GET /login HTTP/1.1" 200 1657
0:0:0:0:0:0:0:1 - - [04/Dec/2020:08:50:49 -0800] "GET /signup HTTP/1.1" 200 4862
0:0:0:0:0:0:0:1 - - [04/Dec/2020:08:50:49 -0800] "GET /js/pwstrength.js HTTP/1.1" 200 -
0:0:0:0:0:0:0:1 - - [04/Dec/2020:08:50:49 -0800] "GET /js/jquery-1.7.2.js HTTP/1.1" 200 293292
0:0:0:0:0:0:0:1 - - [04/Dec/2020:08:50:49 -0800] "GET /favicon.ico HTTP/1.1" 302 -
0:0:0:0:0:0:0:1 - - [04/Dec/2020:08:50:49 -0800] "GET /login HTTP/1.1" 200 1657
0:0:0:0:0:0:0:1 - - [04/Dec/2020:08:50:56 -0800] "POST /signup HTTP/1.1" 500 19595
0:0:0:0:0:0:0:1 - - [04/Dec/2020:08:50:56 -0800] "GET /favicon.ico HTTP/1.1" 302 -
0:0:0:0:0:0:0:1 - - [04/Dec/2020:08:50:56 -0800] "GET /login HTTP/1.1" 200 1657
0:0:0:0:0:0:0:1 - - [04/Dec/2020:08:53:38 -0800] "GET /signup HTTP/1.1" 200 4862
0:0:0:0:0:0:0:1 - - [04/Dec/2020:08:53:38 -0800] "GET /js/pwstrength.js HTTP/1.1" 200 -
0:0:0:0:0:0:0:1 - - [04/Dec/2020:08:53:38 -0800] "GET /js/jquery-1.7.2.js HTTP/1.1" 200 293292
0:0:0:0:0:0:0:1 - - [04/Dec/2020:08:53:38 -0800] "GET /favicon.ico HTTP/1.1" 302 -
0:0:0:0:0:0:0:1 - - [04/Dec/2020:08:53:38 -0800] "GET /login HTTP/1.1" 200 1657
0:0:0:0:0:0:0:1 - - [04/Dec/2020:08:53:44 -0800] "POST /signup HTTP/1.1" 500 19595
0:0:0:0:0:0:0:1 - - [04/Dec/2020:08:53:44 -0800] "GET /favicon.ico HTTP/1.1" 302 -
0:0:0:0:0:0:0:1 - - [04/Dec/2020:08:53:44 -0800] "GET /login HTTP/1.1" 200 1657
0:0:0:0:0:0:0:1 - - [04/Dec/2020:08:57:15 -0800] "GET /signup HTTP/1.1" 200 4862
0:0:0:0:0:0:0:1 - - [04/Dec/2020:08:57:15 -0800] "GET /js/pwstrength.js HTTP/1.1" 200 -
0:0:0:0:0:0:0:1 - - [04/Dec/2020:08:57:15 -0800] "GET /js/jquery-1.7.2.js HTTP/1.1" 200 293292
0:0:0:0:0:0:0:1 - - [04/Dec/2020:08:57:15 -0800] "GET /favicon.ico HTTP/1.1" 302 -
0:0:0:0:0:0:0:1 - - [04/Dec/2020:08:57:15 -0800] "GET /login HTTP/1.1" 200 1657
0:0:0:0:0:0:0:1 - - [04/Dec/2020:08:57:21 -0800] "POST /signup HTTP/1.1" 500 19590
0:0:0:0:0:0:0:1 - - [04/Dec/2020:08:57:21 -0800] "GET /favicon.ico HTTP/1.1" 302 -
0:0:0:0:0:0:0:1 - - [04/Dec/2020:08:57:21 -0800] "GET /login HTTP/1.1" 200 1657
0:0:0:0:0:0:0:1 - - [04/Dec/2020:09:04:05 -0800] "GET /signup HTTP/1.1" 200 4862
0:0:0:0:0:0:0:1 - - [04/Dec/2020:09:04:05 -0800] "GET /js/pwstrength.js HTTP/1.1" 200 -
0:0:0:0:0:0:0:1 - - [04/Dec/2020:09:04:05 -0800] "GET /js/jquery-1.7.2.js HTTP/1.1" 200 293292
0:0:0:0:0:0:0:1 - - [04/Dec/2020:09:04:05 -0800] "GET /favicon.ico HTTP/1.1" 302 -
0:0:0:0:0:0:0:1 - - [04/Dec/2020:09:04:05 -0800] "GET /login HTTP/1.1" 200 1657
0:0:0:0:0:0:0:1 - - [04/Dec/2020:09:04:11 -0800] "POST /signup HTTP/1.1" 500 19815
0:0:0:0:0:0:0:1 - - [04/Dec/2020:09:04:12 -0800] "GET /favicon.ico HTTP/1.1" 302 -
0:0:0:0:0:0:0:1 - - [04/Dec/2020:09:04:12 -0800] "GET /login HTTP/1.1" 200 1657
0:0:0:0:0:0:0:1 - - [04/Dec/2020:11:53:40 -0800] "GET /signup HTTP/1.1" 200 4862
0:0:0:0:0:0:0:1 - - [04/Dec/2020:11:53:40 -0800] "GET /js/pwstrength.js HTTP/1.1" 200 -
0:0:0:0:0:0:0:1 - - [04/Dec/2020:11:53:40 -0800] "GET /js/jquery-1.7.2.js HTTP/1.1" 200 293292
0:0:0:0:0:0:0:1 - - [04/Dec/2020:11:53:40 -0800] "GET /favicon.ico HTTP/1.1" 302 -
0:0:0:0:0:0:0:1 - - [04/Dec/2020:11:53:40 -0800] "GET /login HTTP/1.1" 200 1657
0:0:0:0:0:0:0:1 - - [04/Dec/2020:11:53:45 -0800] "POST /signup HTTP/1.1" 500 19805
0:0:0:0:0:0:0:1 - - [04/Dec/2020:11:53:45 -0800] "GET /favicon.ico HTTP/1.1" 302 -
0:0:0:0:0:0:0:1 - - [04/Dec/2020:11:53:45 -0800] "GET /login HTTP/1.1" 200 1657
0:0:0:0:0:0:0:1 - - [04/Dec/2020:11:55:49 -0800] "GET /signup HTTP/1.1" 200 4862
0:0:0:0:0:0:0:1 - - [04/Dec/2020:11:55:49 -0800] "GET /js/pwstrength.js HTTP/1.1" 200 -
0:0:0:0:0:0:0:1 - - [04/Dec/2020:11:55:49 -0800] "GET /js/jquery-1.7.2.js HTTP/1.1" 200 293292
0:0:0:0:0:0:0:1 - - [04/Dec/2020:11:55:49 -0800] "GET /favicon.ico HTTP/1.1" 302 -
0:0:0:0:0:0:0:1 - - [04/Dec/2020:11:55:49 -0800] "GET /login HTTP/1.1" 200 1657
0:0:0:0:0:0:0:1 - - [04/Dec/2020:11:55:57 -0800] "POST /signup HTTP/1.1" 500 19705
0:0:0:0:0:0:0:1 - - [04/Dec/2020:11:55:57 -0800] "GET /favicon.ico HTTP/1.1" 302 -
0:0:0:0:0:0:0:1 - - [04/Dec/2020:11:55:57 -0800] "GET /login HTTP/1.1" 200 1657
0:0:0:0:0:0:0:1 - - [04/Dec/2020:11:57:53 -0800] "GET /signup HTTP/1.1" 200 4862
0:0:0:0:0:0:0:1 - - [04/Dec/2020:11:57:53 -0800] "GET /js/pwstrength.js HTTP/1.1" 200 -
0:0:0:0:0:0:0:1 - - [04/Dec/2020:11:57:53 -0800] "GET /js/jquery-1.7.2.js HTTP/1.1" 200 293292
0:0:0:0:0:0:0:1 - - [04/Dec/2020:11:57:53 -0800] "GET /favicon.ico HTTP/1.1" 302 -
0:0:0:0:0:0:0:1 - - [04/Dec/2020:11:57:53 -0800] "GET /login HTTP/1.1" 200 1657
0:0:0:0:0:0:0:1 - - [04/Dec/2020:11:58:00 -0800] "POST /signup HTTP/1.1" 500 14892
0:0:0:0:0:0:0:1 - - [04/Dec/2020:11:58:00 -0800] "GET /favicon.ico HTTP/1.1" 302 -
0:0:0:0:0:0:0:1 - - [04/Dec/2020:11:58:00 -0800] "GET /login HTTP/1.1" 200 1657
0:0:0:0:0:0:0:1 - - [04/Dec/2020:11:59:12 -0800] "GET /signup HTTP/1.1" 200 4862
0:0:0:0:0:0:0:1 - - [04/Dec/2020:11:59:12 -0800] "GET /js/pwstrength.js HTTP/1.1" 200 -
0:0:0:0:0:0:0:1 - - [04/Dec/2020:11:59:12 -0800] "GET /js/jquery-1.7.2.js HTTP/1.1" 200 293292
0:0:0:0:0:0:0:1 - - [04/Dec/2020:11:59:13 -0800] "GET /favicon.ico HTTP/1.1" 302 -
0:0:0:0:0:0:0:1 - - [04/Dec/2020:11:59:13 -0800] "GET /login HTTP/1.1" 200 1657
0:0:0:0:0:0:0:1 - - [04/Dec/2020:11:59:19 -0800] "POST /signup HTTP/1.1" 500 14892
0:0:0:0:0:0:0:1 - - [04/Dec/2020:11:59:19 -0800] "GET /favicon.ico HTTP/1.1" 302 -
0:0:0:0:0:0:0:1 - - [04/Dec/2020:11:59:19 -0800] "GET /login HTTP/1.1" 200 1657
0:0:0:0:0:0:0:1 - - [04/Dec/2020:12:02:03 -0800] "GET /signup HTTP/1.1" 200 4862
0:0:0:0:0:0:0:1 - - [04/Dec/2020:12:02:03 -0800] "GET /js/pwstrength.js HTTP/1.1" 200 -
0:0:0:0:0:0:0:1 - - [04/Dec/2020:12:02:03 -0800] "GET /js/jquery-1.7.2.js HTTP/1.1" 200 293292
0:0:0:0:0:0:0:1 - - [04/Dec/2020:12:02:03 -0800] "GET /favicon.ico HTTP/1.1" 302 -
0:0:0:0:0:0:0:1 - - [04/Dec/2020:12:02:03 -0800] "GET /login HTTP/1.1" 200 1657
0:0:0:0:0:0:0:1 - - [04/Dec/2020:12:02:10 -0800] "POST /signup HTTP/1.1" 500 14892
0:0:0:0:0:0:0:1 - - [04/Dec/2020:12:02:10 -0800] "GET /favicon.ico HTTP/1.1" 302 -
0:0:0:0:0:0:0:1 - - [04/Dec/2020:12:02:10 -0800] "GET /login HTTP/1.1" 200 1657
0:0:0:0:0:0:0:1 - - [04/Dec/2020:12:03:41 -0800] "GET /signup HTTP/1.1" 200 4862
0:0:0:0:0:0:0:1 - - [04/Dec/2020:12:03:41 -0800] "GET /js/pwstrength.js HTTP/1.1" 200 -
0:0:0:0:0:0:0:1 - - [04/Dec/2020:12:03:41 -0800] "GET /js/jquery-1.7.2.js HTTP/1.1" 200 293292
0:0:0:0:0:0:0:1 - - [04/Dec/2020:12:03:41 -0800] "GET /favicon.ico HTTP/1.1" 302 -
0:0:0:0:0:0:0:1 - - [04/Dec/2020:12:03:41 -0800] "GET /login HTTP/1.1" 200 1657
0:0:0:0:0:0:0:1 - - [04/Dec/2020:12:03:50 -0800] "GET /signup HTTP/1.1" 200 4862
0:0:0:0:0:0:0:1 - - [04/Dec/2020:12:03:50 -0800] "GET /js/pwstrength.js HTTP/1.1" 200 -
0:0:0:0:0:0:0:1 - - [04/Dec/2020:12:03:50 -0800] "GET /js/jquery-1.7.2.js HTTP/1.1" 200 293292
0:0:0:0:0:0:0:1 - - [04/Dec/2020:12:03:50 -0800] "GET /favicon.ico HTTP/1.1" 302 -
0:0:0:0:0:0:0:1 - - [04/Dec/2020:12:03:50 -0800] "GET /login HTTP/1.1" 200 1657
0:0:0:0:0:0:0:1 - - [04/Dec/2020:12:04:02 -0800] "POST /signup HTTP/1.1" 302 -
0:0:0:0:0:0:0:1 - - [04/Dec/2020:12:04:02 -0800] "GET /login HTTP/1.1" 200 1740
0:0:0:0:0:0:0:1 - - [04/Dec/2020:12:04:03 -0800] "GET /favicon.ico HTTP/1.1" 302 -
0:0:0:0:0:0:0:1 - - [04/Dec/2020:12:04:03 -0800] "GET /login HTTP/1.1" 200 1657
0:0:0:0:0:0:0:1 - - [04/Dec/2020:12:10:19 -0800] "GET /registrationConfirm?token=03814eb2-3b0e-4e13-849e-6def683da133 HTTP/1.1" 302 -
0:0:0:0:0:0:0:1 - - [04/Dec/2020:12:10:19 -0800] "GET /login HTTP/1.1" 200 1730
0:0:0:0:0:0:0:1 - - [04/Dec/2020:12:10:19 -0800] "GET /favicon.ico HTTP/1.1" 302 -
0:0:0:0:0:0:0:1 - - [04/Dec/2020:12:10:19 -0800] "GET /login HTTP/1.1" 200 1657
0:0:0:0:0:0:0:1 - - [04/Dec/2020:12:10:26 -0800] "POST /doLogin HTTP/1.1" 302 -
0:0:0:0:0:0:0:1 - - [04/Dec/2020:12:10:26 -0800] "GET /loginFailed HTTP/1.1" 302 -
0:0:0:0:0:0:0:1 - - [04/Dec/2020:12:10:26 -0800] "GET /login HTTP/1.1" 200 1657
0:0:0:0:0:0:0:1 - - [04/Dec/2020:12:10:26 -0800] "GET /favicon.ico HTTP/1.1" 302 -
0:0:0:0:0:0:0:1 - - [04/Dec/2020:12:10:26 -0800] "GET /login HTTP/1.1" 200 1657
0:0:0:0:0:0:0:1 - - [04/Dec/2020:12:13:29 -0800] "GET /login HTTP/1.1" 200 1657
0:0:0:0:0:0:0:1 - - [04/Dec/2020:12:13:29 -0800] "GET /favicon.ico HTTP/1.1" 302 -
0:0:0:0:0:0:0:1 - - [04/Dec/2020:12:13:29 -0800] "GET /login HTTP/1.1" 200 1657
0:0:0:0:0:0:0:1 - - [04/Dec/2020:12:13:30 -0800] "GET /signup HTTP/1.1" 200 4862
0:0:0:0:0:0:0:1 - - [04/Dec/2020:12:13:30 -0800] "GET /js/pwstrength.js HTTP/1.1" 200 -
0:0:0:0:0:0:0:1 - - [04/Dec/2020:12:13:30 -0800] "GET /js/jquery-1.7.2.js HTTP/1.1" 200 293292
0:0:0:0:0:0:0:1 - - [04/Dec/2020:12:13:30 -0800] "GET /favicon.ico HTTP/1.1" 302 -
0:0:0:0:0:0:0:1 - - [04/Dec/2020:12:13:30 -0800] "GET /login HTTP/1.1" 200 1657
0:0:0:0:0:0:0:1 - - [04/Dec/2020:12:13:46 -0800] "POST /signup HTTP/1.1" 302 -
0:0:0:0:0:0:0:1 - - [04/Dec/2020:12:13:46 -0800] "GET /login HTTP/1.1" 200 1740
0:0:0:0:0:0:0:1 - - [04/Dec/2020:12:13:46 -0800] "GET /favicon.ico HTTP/1.1" 302 -
0:0:0:0:0:0:0:1 - - [04/Dec/2020:12:13:46 -0800] "GET /login HTTP/1.1" 200 1657
0:0:0:0:0:0:0:1 - - [04/Dec/2020:12:13:52 -0800] "GET /registrationConfirm?token=25b29b0d-1429-4e65-97f5-cd6f01bc6e8b HTTP/1.1" 302 -
0:0:0:0:0:0:0:1 - - [04/Dec/2020:12:13:52 -0800] "GET /login HTTP/1.1" 200 1730
0:0:0:0:0:0:0:1 - - [04/Dec/2020:12:13:53 -0800] "GET /favicon.ico HTTP/1.1" 302 -
0:0:0:0:0:0:0:1 - - [04/Dec/2020:12:13:53 -0800] "GET /login HTTP/1.1" 200 1657
0:0:0:0:0:0:0:1 - - [04/Dec/2020:12:13:59 -0800] "POST /doLogin HTTP/1.1" 302 -
0:0:0:0:0:0:0:1 - - [04/Dec/2020:12:13:59 -0800] "GET /loginSuccessful HTTP/1.1" 403 295
0:0:0:0:0:0:0:1 - - [04/Dec/2020:12:13:59 -0800] "GET /favicon.ico HTTP/1.1" 200 1150
0:0:0:0:0:0:0:1 - - [04/Dec/2020:12:56:36 -0800] "GET /signup HTTP/1.1" 200 4862
0:0:0:0:0:0:0:1 - - [04/Dec/2020:12:56:36 -0800] "GET /js/pwstrength.js HTTP/1.1" 200 -
0:0:0:0:0:0:0:1 - - [04/Dec/2020:12:56:36 -0800] "GET /js/jquery-1.7.2.js HTTP/1.1" 200 293292
0:0:0:0:0:0:0:1 - - [04/Dec/2020:12:56:48 -0800] "POST /signup HTTP/1.1" 302 -
0:0:0:0:0:0:0:1 - - [04/Dec/2020:12:56:48 -0800] "GET /login HTTP/1.1" 200 1740
0:0:0:0:0:0:0:1 - - [04/Dec/2020:12:56:56 -0800] "GET /registrationConfirm?token=068256a7-f4dd-4e69-9cf4-46f182fb7850 HTTP/1.1" 302 -
0:0:0:0:0:0:0:1 - - [04/Dec/2020:12:56:56 -0800] "GET /login HTTP/1.1" 200 1730
0:0:0:0:0:0:0:1 - - [04/Dec/2020:12:57:26 -0800] "GET /login HTTP/1.1" 200 1657
0:0:0:0:0:0:0:1 - - [04/Dec/2020:12:57:31 -0800] "POST /doLogin HTTP/1.1" 302 -
0:0:0:0:0:0:0:1 - - [04/Dec/2020:12:57:31 -0800] "GET /loginFailed HTTP/1.1" 302 -
0:0:0:0:0:0:0:1 - - [04/Dec/2020:12:57:31 -0800] "GET /login HTTP/1.1" 200 1657
0:0:0:0:0:0:0:1 - - [04/Dec/2020:12:58:42 -0800] "GET /login HTTP/1.1" 200 1657
0:0:0:0:0:0:0:1 - - [04/Dec/2020:12:58:46 -0800] "POST /doLogin HTTP/1.1" 302 -
0:0:0:0:0:0:0:1 - - [04/Dec/2020:12:58:46 -0800] "GET /loginFailed HTTP/1.1" 302 -
0:0:0:0:0:0:0:1 - - [04/Dec/2020:12:58:46 -0800] "GET /login HTTP/1.1" 200 1657
0:0:0:0:0:0:0:1 - - [04/Dec/2020:12:59:03 -0800] "GET /signup HTTP/1.1" 200 4862
0:0:0:0:0:0:0:1 - - [04/Dec/2020:12:59:03 -0800] "GET /js/pwstrength.js HTTP/1.1" 200 -
0:0:0:0:0:0:0:1 - - [04/Dec/2020:12:59:03 -0800] "GET /js/jquery-1.7.2.js HTTP/1.1" 200 293292
0:0:0:0:0:0:0:1 - - [04/Dec/2020:12:59:11 -0800] "POST /signup HTTP/1.1" 302 -
0:0:0:0:0:0:0:1 - - [04/Dec/2020:12:59:11 -0800] "GET /login HTTP/1.1" 200 1740
0:0:0:0:0:0:0:1 - - [04/Dec/2020:12:59:26 -0800] "GET /registrationConfirm?token=02fa006a-93fe-4568-8aaa-e1813a814d10 HTTP/1.1" 302 -
0:0:0:0:0:0:0:1 - - [04/Dec/2020:12:59:26 -0800] "GET /login HTTP/1.1" 200 1730
0:0:0:0:0:0:0:1 - - [04/Dec/2020:13:01:28 -0800] "GET /login HTTP/1.1" 200 1657
0:0:0:0:0:0:0:1 - - [04/Dec/2020:13:01:30 -0800] "GET /signup HTTP/1.1" 200 4862
0:0:0:0:0:0:0:1 - - [04/Dec/2020:13:01:30 -0800] "GET /js/pwstrength.js HTTP/1.1" 200 -
0:0:0:0:0:0:0:1 - - [04/Dec/2020:13:01:30 -0800] "GET /js/jquery-1.7.2.js HTTP/1.1" 200 293292
0:0:0:0:0:0:0:1 - - [04/Dec/2020:13:01:38 -0800] "POST /signup HTTP/1.1" 302 -
0:0:0:0:0:0:0:1 - - [04/Dec/2020:13:01:38 -0800] "GET /login HTTP/1.1" 200 1740
0:0:0:0:0:0:0:1 - - [04/Dec/2020:13:01:45 -0800] "GET /registrationConfirm?token=5e28e3e3-7a4e-4ade-b0b7-7c7a1ad04b6f HTTP/1.1" 302 -
0:0:0:0:0:0:0:1 - - [04/Dec/2020:13:01:45 -0800] "GET /login HTTP/1.1" 200 1730
0:0:0:0:0:0:0:1 - - [04/Dec/2020:13:02:49 -0800] "GET /login HTTP/1.1" 200 1657
0:0:0:0:0:0:0:1 - - [04/Dec/2020:13:02:54 -0800] "POST /doLogin HTTP/1.1" 302 -
0:0:0:0:0:0:0:1 - - [04/Dec/2020:13:02:54 -0800] "GET /loginFailed HTTP/1.1" 302 -
0:0:0:0:0:0:0:1 - - [04/Dec/2020:13:02:54 -0800] "GET /login HTTP/1.1" 200 1657
0:0:0:0:0:0:0:1 - - [04/Dec/2020:13:03:01 -0800] "GET /signup HTTP/1.1" 200 4862
0:0:0:0:0:0:0:1 - - [04/Dec/2020:13:03:01 -0800] "GET /js/pwstrength.js HTTP/1.1" 200 -
0:0:0:0:0:0:0:1 - - [04/Dec/2020:13:03:01 -0800] "GET /js/jquery-1.7.2.js HTTP/1.1" 200 293292
0:0:0:0:0:0:0:1 - - [04/Dec/2020:13:03:25 -0800] "POST /signup HTTP/1.1" 302 -
0:0:0:0:0:0:0:1 - - [04/Dec/2020:13:03:25 -0800] "GET /login HTTP/1.1" 200 1740
0:0:0:0:0:0:0:1 - - [04/Dec/2020:13:03:30 -0800] "GET /registrationConfirm?token=17183b4f-f81c-42b1-ad5c-07f9351d0fab HTTP/1.1" 302 -
0:0:0:0:0:0:0:1 - - [04/Dec/2020:13:03:30 -0800] "GET /login HTTP/1.1" 200 1730
0:0:0:0:0:0:0:1 - - [04/Dec/2020:13:03:33 -0800] "GET /login HTTP/1.1" 200 1657
0:0:0:0:0:0:0:1 - - [04/Dec/2020:13:05:17 -0800] "GET /login HTTP/1.1" 200 1657
0:0:0:0:0:0:0:1 - - [04/Dec/2020:13:05:21 -0800] "POST /doLogin HTTP/1.1" 302 -
0:0:0:0:0:0:0:1 - - [04/Dec/2020:13:05:21 -0800] "GET /loginFailed HTTP/1.1" 302 -
0:0:0:0:0:0:0:1 - - [04/Dec/2020:13:05:21 -0800] "GET /login HTTP/1.1" 200 1657
0:0:0:0:0:0:0:1 - - [04/Dec/2020:13:05:23 -0800] "GET /signup HTTP/1.1" 200 4862
0:0:0:0:0:0:0:1 - - [04/Dec/2020:13:05:23 -0800] "GET /js/pwstrength.js HTTP/1.1" 200 -
0:0:0:0:0:0:0:1 - - [04/Dec/2020:13:05:23 -0800] "GET /js/jquery-1.7.2.js HTTP/1.1" 200 293292
0:0:0:0:0:0:0:1 - - [04/Dec/2020:13:05:27 -0800] "GET /login HTTP/1.1" 200 1657
0:0:0:0:0:0:0:1 - - [04/Dec/2020:13:05:31 -0800] "POST /doLogin HTTP/1.1" 302 -
0:0:0:0:0:0:0:1 - - [04/Dec/2020:13:05:31 -0800] "GET /loginFailed HTTP/1.1" 302 -
0:0:0:0:0:0:0:1 - - [04/Dec/2020:13:05:31 -0800] "GET /login HTTP/1.1" 200 1657
0:0:0:0:0:0:0:1 - - [04/Dec/2020:13:08:09 -0800] "GET /login HTTP/1.1" 200 1657
0:0:0:0:0:0:0:1 - - [04/Dec/2020:13:08:16 -0800] "POST /doLogin HTTP/1.1" 302 -
0:0:0:0:0:0:0:1 - - [04/Dec/2020:13:08:16 -0800] "GET /loginFailed HTTP/1.1" 302 -
0:0:0:0:0:0:0:1 - - [04/Dec/2020:13:08:16 -0800] "GET /login HTTP/1.1" 200 1657
0:0:0:0:0:0:0:1 - - [04/Dec/2020:13:10:40 -0800] "GET /login HTTP/1.1" 200 1657
0:0:0:0:0:0:0:1 - - [04/Dec/2020:13:10:43 -0800] "GET /login HTTP/1.1" 200 1657
0:0:0:0:0:0:0:1 - - [04/Dec/2020:13:10:46 -0800] "GET /login HTTP/1.1" 200 1657
0:0:0:0:0:0:0:1 - - [04/Dec/2020:13:10:46 -0800] "GET /favicon.ico HTTP/1.1" 302 -
0:0:0:0:0:0:0:1 - - [04/Dec/2020:13:10:46 -0800] "GET /login HTTP/1.1" 200 1657
0:0:0:0:0:0:0:1 - - [04/Dec/2020:13:10:51 -0800] "POST /doLogin HTTP/1.1" 302 -
0:0:0:0:0:0:0:1 - - [04/Dec/2020:13:10:51 -0800] "GET /loginFailed HTTP/1.1" 302 -
0:0:0:0:0:0:0:1 - - [04/Dec/2020:13:10:51 -0800] "GET /login HTTP/1.1" 200 1657
0:0:0:0:0:0:0:1 - - [04/Dec/2020:13:10:51 -0800] "GET /favicon.ico HTTP/1.1" 302 -
0:0:0:0:0:0:0:1 - - [04/Dec/2020:13:10:51 -0800] "GET /login HTTP/1.1" 200 1657
0:0:0:0:0:0:0:1 - - [04/Dec/2020:13:11:31 -0800] "GET /user HTTP/1.1" 302 -
0:0:0:0:0:0:0:1 - - [04/Dec/2020:13:11:31 -0800] "GET /login HTTP/1.1" 200 1657
0:0:0:0:0:0:0:1 - - [04/Dec/2020:13:11:31 -0800] "GET /user HTTP/1.1" 302 -
0:0:0:0:0:0:0:1 - - [04/Dec/2020:13:11:31 -0800] "GET /login HTTP/1.1" 200 1657
0:0:0:0:0:0:0:1 - - [04/Dec/2020:13:11:31 -0800] "GET /favicon.ico HTTP/1.1" 302 -
0:0:0:0:0:0:0:1 - - [04/Dec/2020:13:11:31 -0800] "GET /login HTTP/1.1" 200 1657
0:0:0:0:0:0:0:1 - - [04/Dec/2020:13:12:17 -0800] "GET /login HTTP/1.1" 200 1657
0:0:0:0:0:0:0:1 - - [04/Dec/2020:13:12:17 -0800] "GET /favicon.ico HTTP/1.1" 302 -
0:0:0:0:0:0:0:1 - - [04/Dec/2020:13:12:17 -0800] "GET /login HTTP/1.1" 200 1657
0:0:0:0:0:0:0:1 - - [04/Dec/2020:13:12:21 -0800] "POST /doLogin HTTP/1.1" 302 -
0:0:0:0:0:0:0:1 - - [04/Dec/2020:13:12:21 -0800] "GET /loginFailed HTTP/1.1" 302 -
0:0:0:0:0:0:0:1 - - [04/Dec/2020:13:12:21 -0800] "GET /login HTTP/1.1" 200 1657
0:0:0:0:0:0:0:1 - - [04/Dec/2020:13:12:21 -0800] "GET /favicon.ico HTTP/1.1" 302 -
0:0:0:0:0:0:0:1 - - [04/Dec/2020:13:12:21 -0800] "GET /login HTTP/1.1" 200 1657
0:0:0:0:0:0:0:1 - - [04/Dec/2020:13:15:01 -0800] "GET /login HTTP/1.1" 200 1657
0:0:0:0:0:0:0:1 - - [04/Dec/2020:13:15:01 -0800] "GET /favicon.ico HTTP/1.1" 302 -
0:0:0:0:0:0:0:1 - - [04/Dec/2020:13:15:01 -0800] "GET /login HTTP/1.1" 200 1657
0:0:0:0:0:0:0:1 - - [04/Dec/2020:13:15:06 -0800] "POST /doLogin HTTP/1.1" 302 -
0:0:0:0:0:0:0:1 - - [04/Dec/2020:13:15:06 -0800] "GET /loginFailed HTTP/1.1" 302 -
0:0:0:0:0:0:0:1 - - [04/Dec/2020:13:15:06 -0800] "GET /login HTTP/1.1" 200 1657
0:0:0:0:0:0:0:1 - - [04/Dec/2020:13:15:06 -0800] "GET /favicon.ico HTTP/1.1" 302 -
0:0:0:0:0:0:0:1 - - [04/Dec/2020:13:15:06 -0800] "GET /login HTTP/1.1" 200 1657
0:0:0:0:0:0:0:1 - - [04/Dec/2020:13:17:19 -0800] "GET /login HTTP/1.1" 200 1657
0:0:0:0:0:0:0:1 - - [04/Dec/2020:13:17:19 -0800] "GET /favicon.ico HTTP/1.1" 302 -
0:0:0:0:0:0:0:1 - - [04/Dec/2020:13:17:19 -0800] "GET /login HTTP/1.1" 200 1657
0:0:0:0:0:0:0:1 - - [04/Dec/2020:13:17:23 -0800] "POST /doLogin HTTP/1.1" 302 -
0:0:0:0:0:0:0:1 - - [04/Dec/2020:13:17:23 -0800] "GET /loginFailed HTTP/1.1" 302 -
0:0:0:0:0:0:0:1 - - [04/Dec/2020:13:17:23 -0800] "GET /login HTTP/1.1" 200 1657
0:0:0:0:0:0:0:1 - - [04/Dec/2020:13:17:23 -0800] "GET /favicon.ico HTTP/1.1" 302 -
0:0:0:0:0:0:0:1 - - [04/Dec/2020:13:17:23 -0800] "GET /login HTTP/1.1" 200 1657
0:0:0:0:0:0:0:1 - - [04/Dec/2020:13:18:15 -0800] "GET /login HTTP/1.1" 200 1657
0:0:0:0:0:0:0:1 - - [04/Dec/2020:13:18:15 -0800] "GET /favicon.ico HTTP/1.1" 302 -
0:0:0:0:0:0:0:1 - - [04/Dec/2020:13:18:15 -0800] "GET /login HTTP/1.1" 200 1657
0:0:0:0:0:0:0:1 - - [04/Dec/2020:13:18:19 -0800] "POST /doLogin HTTP/1.1" 302 -
0:0:0:0:0:0:0:1 - - [04/Dec/2020:13:18:19 -0800] "GET /loginFailed HTTP/1.1" 302 -
0:0:0:0:0:0:0:1 - - [04/Dec/2020:13:18:19 -0800] "GET /login HTTP/1.1" 200 1657
0:0:0:0:0:0:0:1 - - [04/Dec/2020:13:18:19 -0800] "GET /favicon.ico HTTP/1.1" 302 -
0:0:0:0:0:0:0:1 - - [04/Dec/2020:13:18:19 -0800] "GET /login HTTP/1.1" 200 1657
0:0:0:0:0:0:0:1 - - [04/Dec/2020:13:18:59 -0800] "GET /login HTTP/1.1" 200 1657
0:0:0:0:0:0:0:1 - - [04/Dec/2020:13:19:00 -0800] "GET /favicon.ico HTTP/1.1" 302 -
0:0:0:0:0:0:0:1 - - [04/Dec/2020:13:19:00 -0800] "GET /login HTTP/1.1" 200 1657
0:0:0:0:0:0:0:1 - - [04/Dec/2020:13:19:03 -0800] "POST /doLogin HTTP/1.1" 302 -
0:0:0:0:0:0:0:1 - - [04/Dec/2020:13:19:03 -0800] "GET /loginFailed HTTP/1.1" 302 -
0:0:0:0:0:0:0:1 - - [04/Dec/2020:13:19:03 -0800] "GET /login HTTP/1.1" 200 1657
0:0:0:0:0:0:0:1 - - [04/Dec/2020:13:19:03 -0800] "GET /favicon.ico HTTP/1.1" 302 -
0:0:0:0:0:0:0:1 - - [04/Dec/2020:13:19:03 -0800] "GET /login HTTP/1.1" 200 1657
0:0:0:0:0:0:0:1 - - [04/Dec/2020:13:42:32 -0800] "GET /login HTTP/1.1" 200 1657
0:0:0:0:0:0:0:1 - - [04/Dec/2020:13:42:32 -0800] "GET /favicon.ico HTTP/1.1" 302 -
0:0:0:0:0:0:0:1 - - [04/Dec/2020:13:42:32 -0800] "GET /login HTTP/1.1" 200 1657
0:0:0:0:0:0:0:1 - - [04/Dec/2020:13:42:38 -0800] "POST /doLogin HTTP/1.1" 302 -
0:0:0:0:0:0:0:1 - - [04/Dec/2020:13:42:38 -0800] "GET /loginFailed HTTP/1.1" 302 -
0:0:0:0:0:0:0:1 - - [04/Dec/2020:13:42:38 -0800] "GET /login HTTP/1.1" 200 1657
0:0:0:0:0:0:0:1 - - [04/Dec/2020:13:42:38 -0800] "GET /favicon.ico HTTP/1.1" 302 -
0:0:0:0:0:0:0:1 - - [04/Dec/2020:13:42:38 -0800] "GET /login HTTP/1.1" 200 1657
0:0:0:0:0:0:0:1 - - [04/Dec/2020:13:45:06 -0800] "GET /login HTTP/1.1" 200 1657
0:0:0:0:0:0:0:1 - - [04/Dec/2020:13:45:06 -0800] "GET /favicon.ico HTTP/1.1" 302 -
0:0:0:0:0:0:0:1 - - [04/Dec/2020:13:45:06 -0800] "GET /login HTTP/1.1" 200 1657
0:0:0:0:0:0:0:1 - - [04/Dec/2020:13:45:07 -0800] "GET /signup HTTP/1.1" 200 4862
0:0:0:0:0:0:0:1 - - [04/Dec/2020:13:45:07 -0800] "GET /js/pwstrength.js HTTP/1.1" 200 -
0:0:0:0:0:0:0:1 - - [04/Dec/2020:13:45:07 -0800] "GET /js/jquery-1.7.2.js HTTP/1.1" 200 293292
0:0:0:0:0:0:0:1 - - [04/Dec/2020:13:45:07 -0800] "GET /favicon.ico HTTP/1.1" 302 -
0:0:0:0:0:0:0:1 - - [04/Dec/2020:13:45:07 -0800] "GET /login HTTP/1.1" 200 1657
0:0:0:0:0:0:0:1 - - [04/Dec/2020:13:45:19 -0800] "POST /signup HTTP/1.1" 302 -
0:0:0:0:0:0:0:1 - - [04/Dec/2020:13:45:19 -0800] "GET /login HTTP/1.1" 200 1740
0:0:0:0:0:0:0:1 - - [04/Dec/2020:13:45:20 -0800] "GET /favicon.ico HTTP/1.1" 302 -
0:0:0:0:0:0:0:1 - - [04/Dec/2020:13:45:20 -0800] "GET /login HTTP/1.1" 200 1657
0:0:0:0:0:0:0:1 - - [04/Dec/2020:13:45:30 -0800] "GET /registrationConfirm?token=f164125f-d10d-45c2-9df5-fc038b07cead HTTP/1.1" 302 -
0:0:0:0:0:0:0:1 - - [04/Dec/2020:13:45:30 -0800] "GET /login HTTP/1.1" 200 1730
0:0:0:0:0:0:0:1 - - [04/Dec/2020:13:45:30 -0800] "GET /favicon.ico HTTP/1.1" 302 -
0:0:0:0:0:0:0:1 - - [04/Dec/2020:13:45:30 -0800] "GET /login HTTP/1.1" 200 1657
0:0:0:0:0:0:0:1 - - [04/Dec/2020:13:46:32 -0800] "POST /doLogin HTTP/1.1" 302 -
0:0:0:0:0:0:0:1 - - [04/Dec/2020:13:46:32 -0800] "GET /loginFailed HTTP/1.1" 302 -
0:0:0:0:0:0:0:1 - - [04/Dec/2020:13:46:32 -0800] "GET /login HTTP/1.1" 200 1657
0:0:0:0:0:0:0:1 - - [04/Dec/2020:13:46:32 -0800] "GET /favicon.ico HTTP/1.1" 302 -
0:0:0:0:0:0:0:1 - - [04/Dec/2020:13:46:32 -0800] "GET /login HTTP/1.1" 200 1657
0:0:0:0:0:0:0:1 - - [04/Dec/2020:13:46:37 -0800] "GET /signup HTTP/1.1" 200 4862
0:0:0:0:0:0:0:1 - - [04/Dec/2020:13:46:37 -0800] "GET /js/pwstrength.js HTTP/1.1" 200 -
0:0:0:0:0:0:0:1 - - [04/Dec/2020:13:46:37 -0800] "GET /js/jquery-1.7.2.js HTTP/1.1" 200 293292
0:0:0:0:0:0:0:1 - - [04/Dec/2020:13:46:37 -0800] "GET /favicon.ico HTTP/1.1" 302 -
0:0:0:0:0:0:0:1 - - [04/Dec/2020:13:46:37 -0800] "GET /login HTTP/1.1" 200 1657
0:0:0:0:0:0:0:1 - - [04/Dec/2020:13:46:57 -0800] "POST /signup HTTP/1.1" 302 -
0:0:0:0:0:0:0:1 - - [04/Dec/2020:13:46:57 -0800] "GET /login HTTP/1.1" 200 1740
0:0:0:0:0:0:0:1 - - [04/Dec/2020:13:46:58 -0800] "GET /favicon.ico HTTP/1.1" 302 -
0:0:0:0:0:0:0:1 - - [04/Dec/2020:13:46:58 -0800] "GET /login HTTP/1.1" 200 1657
0:0:0:0:0:0:0:1 - - [04/Dec/2020:13:47:03 -0800] "GET /registrationConfirm?token=f950d1b3-f958-4b8b-ab12-d2b32d13db1e HTTP/1.1" 302 -
0:0:0:0:0:0:0:1 - - [04/Dec/2020:13:47:03 -0800] "GET /login HTTP/1.1" 200 1730
0:0:0:0:0:0:0:1 - - [04/Dec/2020:13:47:03 -0800] "GET /favicon.ico HTTP/1.1" 302 -
0:0:0:0:0:0:0:1 - - [04/Dec/2020:13:47:03 -0800] "GET /login HTTP/1.1" 200 1657
0:0:0:0:0:0:0:1 - - [04/Dec/2020:13:47:47 -0800] "GET /login HTTP/1.1" 200 1657
0:0:0:0:0:0:0:1 - - [04/Dec/2020:13:47:47 -0800] "GET /favicon.ico HTTP/1.1" 302 -
0:0:0:0:0:0:0:1 - - [04/Dec/2020:13:47:47 -0800] "GET /login HTTP/1.1" 200 1657
0:0:0:0:0:0:0:1 - - [04/Dec/2020:13:47:51 -0800] "POST /doLogin HTTP/1.1" 302 -
0:0:0:0:0:0:0:1 - - [04/Dec/2020:13:47:51 -0800] "GET /loginSuccessful HTTP/1.1" 403 295
0:0:0:0:0:0:0:1 - - [04/Dec/2020:13:47:51 -0800] "GET /favicon.ico HTTP/1.1" 200 1150
0:0:0:0:0:0:0:1 - - [04/Dec/2020:13:48:33 -0800] "GET /loginSuccessful HTTP/1.1" 302 -
0:0:0:0:0:0:0:1 - - [04/Dec/2020:13:48:33 -0800] "GET /login HTTP/1.1" 200 1657
0:0:0:0:0:0:0:1 - - [04/Dec/2020:13:48:36 -0800] "POST /doLogin HTTP/1.1" 302 -
0:0:0:0:0:0:0:1 - - [04/Dec/2020:13:48:36 -0800] "GET /loginSuccessful HTTP/1.1" 403 295
0:0:0:0:0:0:0:1 - - [04/Dec/2020:13:49:05 -0800] "GET /user HTTP/1.1" 403 295
0:0:0:0:0:0:0:1 - - [04/Dec/2020:13:49:05 -0800] "GET /user HTTP/1.1" 403 295
0:0:0:0:0:0:0:1 - - [04/Dec/2020:13:49:09 -0800] "GET /user HTTP/1.1" 403 295
0:0:0:0:0:0:0:1 - - [04/Dec/2020:13:49:48 -0800] "GET /user HTTP/1.1" 302 -
0:0:0:0:0:0:0:1 - - [04/Dec/2020:13:49:48 -0800] "GET /login HTTP/1.1" 200 1657
0:0:0:0:0:0:0:1 - - [04/Dec/2020:13:49:52 -0800] "POST /doLogin HTTP/1.1" 302 -
0:0:0:0:0:0:0:1 - - [04/Dec/2020:13:49:52 -0800] "GET /loginSuccessful HTTP/1.1" 403 295
0:0:0:0:0:0:0:1 - - [04/Dec/2020:13:49:55 -0800] "GET /user HTTP/1.1" 403 295
0:0:0:0:0:0:0:1 - - [04/Dec/2020:13:51:06 -0800] "GET /login HTTP/1.1" 200 1657
0:0:0:0:0:0:0:1 - - [04/Dec/2020:13:51:07 -0800] "GET /login HTTP/1.1" 200 1657
0:0:0:0:0:0:0:1 - - [04/Dec/2020:13:51:11 -0800] "POST /doLogin HTTP/1.1" 302 -
0:0:0:0:0:0:0:1 - - [04/Dec/2020:13:51:11 -0800] "GET /loginSuccessful HTTP/1.1" 403 295
0:0:0:0:0:0:0:1 - - [04/Dec/2020:13:53:33 -0800] "GET /login HTTP/1.1" 200 1657
0:0:0:0:0:0:0:1 - - [04/Dec/2020:13:53:37 -0800] "POST /doLogin HTTP/1.1" 302 -
0:0:0:0:0:0:0:1 - - [04/Dec/2020:13:53:37 -0800] "GET /loginSuccessful HTTP/1.1" 403 295
0:0:0:0:0:0:0:1 - - [04/Dec/2020:13:55:05 -0800] "GET /loginSuccessful HTTP/1.1" 302 -
0:0:0:0:0:0:0:1 - - [04/Dec/2020:13:55:05 -0800] "GET /login HTTP/1.1" 200 1657
0:0:0:0:0:0:0:1 - - [04/Dec/2020:13:55:10 -0800] "POST /doLogin HTTP/1.1" 302 -
0:0:0:0:0:0:0:1 - - [04/Dec/2020:13:55:10 -0800] "GET /loginSuccessful HTTP/1.1" 403 295
0:0:0:0:0:0:0:1 - - [04/Dec/2020:13:55:12 -0800] "GET /loginSuccessful HTTP/1.1" 403 295
0:0:0:0:0:0:0:1 - - [04/Dec/2020:13:55:14 -0800] "GET /login HTTP/1.1" 200 1657
0:0:0:0:0:0:0:1 - - [04/Dec/2020:13:55:18 -0800] "POST /doLogin HTTP/1.1" 302 -
0:0:0:0:0:0:0:1 - - [04/Dec/2020:13:55:18 -0800] "GET /loginFailed HTTP/1.1" 302 -
0:0:0:0:0:0:0:1 - - [04/Dec/2020:13:55:18 -0800] "GET /login HTTP/1.1" 200 1657
0:0:0:0:0:0:0:1 - - [04/Dec/2020:13:55:36 -0800] "GET /login HTTP/1.1" 200 1657
0:0:0:0:0:0:0:1 - - [04/Dec/2020:13:55:41 -0800] "POST /doLogin HTTP/1.1" 302 -
0:0:0:0:0:0:0:1 - - [04/Dec/2020:13:55:41 -0800] "GET /loginSuccessful HTTP/1.1" 200 650
0:0:0:0:0:0:0:1 - - [04/Dec/2020:14:01:49 -0800] "GET /login HTTP/1.1" 200 1657
0:0:0:0:0:0:0:1 - - [04/Dec/2020:14:01:53 -0800] "POST /doLogin HTTP/1.1" 302 -
0:0:0:0:0:0:0:1 - - [04/Dec/2020:14:01:53 -0800] "GET /loginSuccessful HTTP/1.1" 403 295
0:0:0:0:0:0:0:1 - - [04/Dec/2020:14:05:26 -0800] "GET /loginSuccessful HTTP/1.1" 302 -
0:0:0:0:0:0:0:1 - - [04/Dec/2020:14:05:26 -0800] "GET /login HTTP/1.1" 200 1657
0:0:0:0:0:0:0:1 - - [04/Dec/2020:14:05:28 -0800] "POST /doLogin HTTP/1.1" 302 -
0:0:0:0:0:0:0:1 - - [04/Dec/2020:14:05:28 -0800] "GET /loginFailed HTTP/1.1" 302 -
0:0:0:0:0:0:0:1 - - [04/Dec/2020:14:05:28 -0800] "GET /login HTTP/1.1" 200 1657
0:0:0:0:0:0:0:1 - - [04/Dec/2020:14:05:38 -0800] "POST /doLogin HTTP/1.1" 302 -
0:0:0:0:0:0:0:1 - - [04/Dec/2020:14:05:38 -0800] "GET /login HTTP/1.1" 200 1657
0:0:0:0:0:0:0:1 - - [04/Dec/2020:14:06:08 -0800] "POST /doLogin HTTP/1.1" 302 -
0:0:0:0:0:0:0:1 - - [04/Dec/2020:14:06:08 -0800] "GET /loginSuccessful HTTP/1.1" 403 295
0:0:0:0:0:0:0:1 - - [04/Dec/2020:14:07:33 -0800] "GET /loginSuccessful HTTP/1.1" 302 -
0:0:0:0:0:0:0:1 - - [04/Dec/2020:14:07:33 -0800] "GET /login HTTP/1.1" 200 1657
0:0:0:0:0:0:0:1 - - [04/Dec/2020:14:07:36 -0800] "POST /doLogin HTTP/1.1" 302 -
0:0:0:0:0:0:0:1 - - [04/Dec/2020:14:07:36 -0800] "GET /loginSuccessful HTTP/1.1" 403 295
0:0:0:0:0:0:0:1 - - [04/Dec/2020:14:11:35 -0800] "GET /loginSuccessful HTTP/1.1" 302 -
0:0:0:0:0:0:0:1 - - [04/Dec/2020:14:11:35 -0800] "GET /login HTTP/1.1" 200 1657
0:0:0:0:0:0:0:1 - - [04/Dec/2020:14:11:38 -0800] "POST /doLogin HTTP/1.1" 302 -
0:0:0:0:0:0:0:1 - - [04/Dec/2020:14:11:38 -0800] "GET /loginSuccessful HTTP/1.1" 200 650
0:0:0:0:0:0:0:1 - - [04/Dec/2020:14:11:40 -0800] "GET /login HTTP/1.1" 200 1657
0:0:0:0:0:0:0:1 - - [04/Dec/2020:14:20:58 -0800] "GET /login HTTP/1.1" 200 1657
0:0:0:0:0:0:0:1 - - [04/Dec/2020:14:21:02 -0800] "POST /doLogin HTTP/1.1" 302 -
0:0:0:0:0:0:0:1 - - [04/Dec/2020:14:21:02 -0800] "GET /loginSuccessful HTTP/1.1" 403 295
0:0:0:0:0:0:0:1 - - [04/Dec/2020:14:22:47 -0800] "GET /loginSuccessful HTTP/1.1" 302 -
0:0:0:0:0:0:0:1 - - [04/Dec/2020:14:22:47 -0800] "GET /login HTTP/1.1" 200 1657
0:0:0:0:0:0:0:1 - - [04/Dec/2020:14:22:50 -0800] "POST /doLogin HTTP/1.1" 302 -
0:0:0:0:0:0:0:1 - - [04/Dec/2020:14:22:50 -0800] "GET /login HTTP/1.1" 200 1657
0:0:0:0:0:0:0:1 - - [04/Dec/2020:14:24:56 -0800] "GET /login HTTP/1.1" 200 1657
0:0:0:0:0:0:0:1 - - [04/Dec/2020:14:24:56 -0800] "GET /signup HTTP/1.1" 200 4862
0:0:0:0:0:0:0:1 - - [04/Dec/2020:14:24:56 -0800] "GET /js/pwstrength.js HTTP/1.1" 200 -
0:0:0:0:0:0:0:1 - - [04/Dec/2020:14:24:56 -0800] "GET /js/jquery-1.7.2.js HTTP/1.1" 200 293292
0:0:0:0:0:0:0:1 - - [04/Dec/2020:14:25:08 -0800] "POST /signup HTTP/1.1" 302 -
0:0:0:0:0:0:0:1 - - [04/Dec/2020:14:25:09 -0800] "GET /login HTTP/1.1" 200 1740
0:0:0:0:0:0:0:1 - - [04/Dec/2020:14:25:14 -0800] "GET /registrationConfirm?token=257bf4fc-0c02-4d15-accc-b5412087146c HTTP/1.1" 302 -
0:0:0:0:0:0:0:1 - - [04/Dec/2020:14:25:14 -0800] "GET /login HTTP/1.1" 200 1730
0:0:0:0:0:0:0:1 - - [04/Dec/2020:14:33:01 -0800] "GET /login HTTP/1.1" 200 1657
0:0:0:0:0:0:0:1 - - [04/Dec/2020:14:33:03 -0800] "POST /doLogin HTTP/1.1" 302 -
0:0:0:0:0:0:0:1 - - [04/Dec/2020:14:33:03 -0800] "GET /loginFailed HTTP/1.1" 302 -
0:0:0:0:0:0:0:1 - - [04/Dec/2020:14:33:03 -0800] "GET /login HTTP/1.1" 200 1657
0:0:0:0:0:0:0:1 - - [04/Dec/2020:14:33:04 -0800] "GET /signup HTTP/1.1" 200 4862
0:0:0:0:0:0:0:1 - - [04/Dec/2020:14:33:04 -0800] "GET /js/pwstrength.js HTTP/1.1" 200 -
0:0:0:0:0:0:0:1 - - [04/Dec/2020:14:33:04 -0800] "GET /js/jquery-1.7.2.js HTTP/1.1" 200 293292
0:0:0:0:0:0:0:1 - - [04/Dec/2020:14:33:08 -0800] "GET /login HTTP/1.1" 200 1657
0:0:0:0:0:0:0:1 - - [04/Dec/2020:14:33:14 -0800] "POST /doLogin HTTP/1.1" 302 -
0:0:0:0:0:0:0:1 - - [04/Dec/2020:14:33:14 -0800] "GET /loginFailed HTTP/1.1" 302 -
0:0:0:0:0:0:0:1 - - [04/Dec/2020:14:33:14 -0800] "GET /login HTTP/1.1" 200 1657
0:0:0:0:0:0:0:1 - - [04/Dec/2020:14:34:34 -0800] "GET /login HTTP/1.1" 200 1657
0:0:0:0:0:0:0:1 - - [04/Dec/2020:14:34:37 -0800] "GET /signup HTTP/1.1" 200 4862
0:0:0:0:0:0:0:1 - - [04/Dec/2020:14:34:37 -0800] "GET /js/pwstrength.js HTTP/1.1" 200 -
0:0:0:0:0:0:0:1 - - [04/Dec/2020:14:34:37 -0800] "GET /js/jquery-1.7.2.js HTTP/1.1" 200 293292
0:0:0:0:0:0:0:1 - - [04/Dec/2020:14:34:50 -0800] "POST /signup HTTP/1.1" 302 -
0:0:0:0:0:0:0:1 - - [04/Dec/2020:14:34:50 -0800] "GET /login HTTP/1.1" 200 1740
0:0:0:0:0:0:0:1 - - [04/Dec/2020:15:27:30 -0800] "GET /registrationConfirm?token=257bf4fc-0c02-4d15-accc-b5412087146c HTTP/1.1" 302 -
0:0:0:0:0:0:0:1 - - [04/Dec/2020:15:27:30 -0800] "GET /login HTTP/1.1" 200 1730
0:0:0:0:0:0:0:1 - - [04/Dec/2020:15:28:54 -0800] "GET /login HTTP/1.1" 200 1657
0:0:0:0:0:0:0:1 - - [04/Dec/2020:15:28:58 -0800] "GET /signup HTTP/1.1" 200 4862
0:0:0:0:0:0:0:1 - - [04/Dec/2020:15:28:58 -0800] "GET /js/pwstrength.js HTTP/1.1" 200 -
0:0:0:0:0:0:0:1 - - [04/Dec/2020:15:28:58 -0800] "GET /js/jquery-1.7.2.js HTTP/1.1" 200 293292
0:0:0:0:0:0:0:1 - - [04/Dec/2020:15:29:23 -0800] "POST /signup HTTP/1.1" 302 -
0:0:0:0:0:0:0:1 - - [04/Dec/2020:15:29:23 -0800] "GET /login HTTP/1.1" 200 1740
0:0:0:0:0:0:0:1 - - [04/Dec/2020:15:29:35 -0800] "GET /registrationConfirm?token=a78aeb47-2f69-41f7-86a6-c2a7c0cdbb0b HTTP/1.1" 302 -
0:0:0:0:0:0:0:1 - - [04/Dec/2020:15:29:35 -0800] "GET /login HTTP/1.1" 200 1730
0:0:0:0:0:0:0:1 - - [04/Dec/2020:15:29:42 -0800] "POST /doLogin HTTP/1.1" 302 -
0:0:0:0:0:0:0:1 - - [04/Dec/2020:15:29:42 -0800] "GET /loginSuccessful HTTP/1.1" 403 295
0:0:0:0:0:0:0:1 - - [04/Dec/2020:15:30:48 -0800] "GET /loginSuccessful HTTP/1.1" 302 -
0:0:0:0:0:0:0:1 - - [04/Dec/2020:15:30:48 -0800] "GET /login HTTP/1.1" 200 1657
0:0:0:0:0:0:0:1 - - [04/Dec/2020:15:30:52 -0800] "POST /doLogin HTTP/1.1" 302 -
0:0:0:0:0:0:0:1 - - [04/Dec/2020:15:30:52 -0800] "GET /loginSuccessful HTTP/1.1" 200 650
0:0:0:0:0:0:0:1 - - [04/Dec/2020:15:42:52 -0800] "GET /login HTTP/1.1" 200 1657
0:0:0:0:0:0:0:1 - - [04/Dec/2020:15:42:55 -0800] "POST /doLogin HTTP/1.1" 302 -
0:0:0:0:0:0:0:1 - - [04/Dec/2020:15:42:55 -0800] "GET /loginSuccessful HTTP/1.1" 200 650
0:0:0:0:0:0:0:1 - - [04/Dec/2020:15:43:38 -0800] "GET /login HTTP/1.1" 200 1657
0:0:0:0:0:0:0:1 - - [04/Dec/2020:15:43:42 -0800] "POST /doLogin HTTP/1.1" 302 -
0:0:0:0:0:0:0:1 - - [04/Dec/2020:15:43:42 -0800] "GET /logiaefnSuccessful HTTP/1.1" 404 306
0:0:0:0:0:0:0:1 - - [04/Dec/2020:15:44:08 -0800] "GET /logiaefnSuccessful HTTP/1.1" 302 -
0:0:0:0:0:0:0:1 - - [04/Dec/2020:15:44:08 -0800] "GET /login HTTP/1.1" 200 1657
0:0:0:0:0:0:0:1 - - [04/Dec/2020:15:44:12 -0800] "POST /doLogin HTTP/1.1" 302 -
0:0:0:0:0:0:0:1 - - [04/Dec/2020:15:44:12 -0800] "GET /loginSuccessful HTTP/1.1" 200 650
0:0:0:0:0:0:0:1 - - [04/Dec/2020:15:46:56 -0800] "GET /login HTTP/1.1" 200 1657
0:0:0:0:0:0:0:1 - - [04/Dec/2020:15:47:00 -0800] "POST /doLogin HTTP/1.1" 302 -
0:0:0:0:0:0:0:1 - - [04/Dec/2020:15:47:00 -0800] "GET /null HTTP/1.1" 404 306
0:0:0:0:0:0:0:1 - - [04/Dec/2020:15:48:42 -0800] "GET /null HTTP/1.1" 302 -
0:0:0:0:0:0:0:1 - - [04/Dec/2020:15:48:42 -0800] "GET /login HTTP/1.1" 200 1657
0:0:0:0:0:0:0:1 - - [04/Dec/2020:15:48:45 -0800] "POST /doLogin HTTP/1.1" 302 -
0:0:0:0:0:0:0:1 - - [04/Dec/2020:15:48:45 -0800] "GET /loginSuccessful HTTP/1.1" 200 650
0:0:0:0:0:0:0:1 - - [04/Dec/2020:15:48:54 -0800] "GET /login HTTP/1.1" 200 1657
0:0:0:0:0:0:0:1 - - [04/Dec/2020:15:55:29 -0800] "GET /login HTTP/1.1" 200 1657
0:0:0:0:0:0:0:1 - - [04/Dec/2020:15:55:31 -0800] "GET /signup HTTP/1.1" 200 4862
0:0:0:0:0:0:0:1 - - [04/Dec/2020:15:55:31 -0800] "GET /js/pwstrength.js HTTP/1.1" 200 -
0:0:0:0:0:0:0:1 - - [04/Dec/2020:15:55:31 -0800] "GET /js/jquery-1.7.2.js HTTP/1.1" 200 293292
0:0:0:0:0:0:0:1 - - [04/Dec/2020:15:55:40 -0800] "POST /signup HTTP/1.1" 500 19705
0:0:0:0:0:0:0:1 - - [04/Dec/2020:16:04:59 -0800] "GET /login HTTP/1.1" 200 1657
0:0:0:0:0:0:0:1 - - [04/Dec/2020:16:04:59 -0800] "GET /login HTTP/1.1" 200 1657
0:0:0:0:0:0:0:1 - - [04/Dec/2020:16:05:03 -0800] "POST /doLogin HTTP/1.1" 302 -
0:0:0:0:0:0:0:1 - - [04/Dec/2020:16:05:03 -0800] "GET /loginSuccessful HTTP/1.1" 200 650
0:0:0:0:0:0:0:1 - - [04/Dec/2020:16:05:09 -0800] "GET /login HTTP/1.1" 200 1657
0:0:0:0:0:0:0:1 - - [04/Dec/2020:16:15:43 -0800] "GET /login HTTP/1.1" 200 1657
0:0:0:0:0:0:0:1 - - [04/Dec/2020:16:15:44 -0800] "GET /signup HTTP/1.1" 200 4862
0:0:0:0:0:0:0:1 - - [04/Dec/2020:16:15:44 -0800] "GET /js/pwstrength.js HTTP/1.1" 200 -
0:0:0:0:0:0:0:1 - - [04/Dec/2020:16:15:44 -0800] "GET /js/jquery-1.7.2.js HTTP/1.1" 200 293292
0:0:0:0:0:0:0:1 - - [04/Dec/2020:16:15:50 -0800] "POST /signup HTTP/1.1" 500 18154
0:0:0:0:0:0:0:1 - - [04/Dec/2020:16:16:15 -0800] "GET /signup HTTP/1.1" 200 4862
0:0:0:0:0:0:0:1 - - [04/Dec/2020:16:16:15 -0800] "GET /js/pwstrength.js HTTP/1.1" 200 -
0:0:0:0:0:0:0:1 - - [04/Dec/2020:16:16:15 -0800] "GET /js/jquery-1.7.2.js HTTP/1.1" 200 293292
0:0:0:0:0:0:0:1 - - [04/Dec/2020:16:16:21 -0800] "POST /signup HTTP/1.1" 500 17976
