0:0:0:0:0:0:0:1 - - [21/Nov/2020:03:29:00 -0800] "GET /login HTTP/1.1" 200 1657
0:0:0:0:0:0:0:1 - - [21/Nov/2020:03:29:00 -0800] "GET /favicon.ico HTTP/1.1" 302 -
0:0:0:0:0:0:0:1 - - [21/Nov/2020:03:29:00 -0800] "GET /login HTTP/1.1" 200 1657
0:0:0:0:0:0:0:1 - - [21/Nov/2020:03:29:01 -0800] "GET /signup HTTP/1.1" 200 4862
0:0:0:0:0:0:0:1 - - [21/Nov/2020:03:29:01 -0800] "GET /js/pwstrength.js HTTP/1.1" 200 -
0:0:0:0:0:0:0:1 - - [21/Nov/2020:03:29:01 -0800] "GET /js/jquery-1.7.2.js HTTP/1.1" 200 293292
0:0:0:0:0:0:0:1 - - [21/Nov/2020:03:29:01 -0800] "GET /favicon.ico HTTP/1.1" 302 -
0:0:0:0:0:0:0:1 - - [21/Nov/2020:03:29:01 -0800] "GET /login HTTP/1.1" 200 1657
0:0:0:0:0:0:0:1 - - [21/Nov/2020:03:29:13 -0800] "POST /signup HTTP/1.1" 200 5101
0:0:0:0:0:0:0:1 - - [21/Nov/2020:03:29:13 -0800] "GET /js/pwstrength.js HTTP/1.1" 200 -
0:0:0:0:0:0:0:1 - - [21/Nov/2020:03:29:13 -0800] "GET /js/jquery-1.7.2.js HTTP/1.1" 200 293292
0:0:0:0:0:0:0:1 - - [21/Nov/2020:03:29:13 -0800] "GET /favicon.ico HTTP/1.1" 302 -
0:0:0:0:0:0:0:1 - - [21/Nov/2020:03:29:13 -0800] "GET /login HTTP/1.1" 200 1657
0:0:0:0:0:0:0:1 - - [21/Nov/2020:03:29:22 -0800] "POST /signup HTTP/1.1" 200 5015
0:0:0:0:0:0:0:1 - - [21/Nov/2020:03:29:22 -0800] "GET /js/pwstrength.js HTTP/1.1" 200 -
0:0:0:0:0:0:0:1 - - [21/Nov/2020:03:29:22 -0800] "GET /js/jquery-1.7.2.js HTTP/1.1" 200 293292
0:0:0:0:0:0:0:1 - - [21/Nov/2020:03:29:22 -0800] "GET /favicon.ico HTTP/1.1" 302 -
0:0:0:0:0:0:0:1 - - [21/Nov/2020:03:29:22 -0800] "GET /login HTTP/1.1" 200 1657
0:0:0:0:0:0:0:1 - - [21/Nov/2020:03:29:31 -0800] "POST /signup HTTP/1.1" 302 -
0:0:0:0:0:0:0:1 - - [21/Nov/2020:03:29:31 -0800] "GET /login HTTP/1.1" 200 1740
0:0:0:0:0:0:0:1 - - [21/Nov/2020:03:29:32 -0800] "GET /favicon.ico HTTP/1.1" 302 -
0:0:0:0:0:0:0:1 - - [21/Nov/2020:03:29:32 -0800] "GET /login HTTP/1.1" 200 1657
0:0:0:0:0:0:0:1 - - [21/Nov/2020:03:32:47 -0800] "GET /registrationConfirm?token=36b53c10-7d38-4607-9771-2c9d019ae573 HTTP/1.1" 302 -
0:0:0:0:0:0:0:1 - - [21/Nov/2020:03:32:47 -0800] "GET /login HTTP/1.1" 200 1730
0:0:0:0:0:0:0:1 - - [21/Nov/2020:03:32:48 -0800] "GET /favicon.ico HTTP/1.1" 302 -
0:0:0:0:0:0:0:1 - - [21/Nov/2020:03:32:48 -0800] "GET /login HTTP/1.1" 200 1657
0:0:0:0:0:0:0:1 - - [21/Nov/2020:03:33:27 -0800] "GET /signup HTTP/1.1" 200 4862
0:0:0:0:0:0:0:1 - - [21/Nov/2020:03:33:27 -0800] "GET /js/pwstrength.js HTTP/1.1" 200 -
0:0:0:0:0:0:0:1 - - [21/Nov/2020:03:33:27 -0800] "GET /js/jquery-1.7.2.js HTTP/1.1" 200 293292
0:0:0:0:0:0:0:1 - - [21/Nov/2020:03:33:27 -0800] "GET /favicon.ico HTTP/1.1" 302 -
0:0:0:0:0:0:0:1 - - [21/Nov/2020:03:33:27 -0800] "GET /login HTTP/1.1" 200 1657
0:0:0:0:0:0:0:1 - - [21/Nov/2020:03:33:42 -0800] "POST /signup HTTP/1.1" 302 -
0:0:0:0:0:0:0:1 - - [21/Nov/2020:03:33:42 -0800] "GET /login HTTP/1.1" 200 1740
0:0:0:0:0:0:0:1 - - [21/Nov/2020:03:33:43 -0800] "GET /favicon.ico HTTP/1.1" 302 -
0:0:0:0:0:0:0:1 - - [21/Nov/2020:03:33:43 -0800] "GET /login HTTP/1.1" 200 1657
0:0:0:0:0:0:0:1 - - [21/Nov/2020:03:33:47 -0800] "GET /registrationConfirm?token=cdad5612-5343-484d-83f5-52850541bb6b HTTP/1.1" 302 -
0:0:0:0:0:0:0:1 - - [21/Nov/2020:03:33:47 -0800] "GET /login HTTP/1.1" 200 1730
0:0:0:0:0:0:0:1 - - [21/Nov/2020:03:33:47 -0800] "GET /favicon.ico HTTP/1.1" 302 -
0:0:0:0:0:0:0:1 - - [21/Nov/2020:03:33:47 -0800] "GET /login HTTP/1.1" 200 1657
0:0:0:0:0:0:0:1 - - [21/Nov/2020:03:33:52 -0800] "POST /doLogin HTTP/1.1" 302 -
0:0:0:0:0:0:0:1 - - [21/Nov/2020:03:33:52 -0800] "GET /login HTTP/1.1" 200 1657
0:0:0:0:0:0:0:1 - - [21/Nov/2020:03:33:52 -0800] "GET /favicon.ico HTTP/1.1" 302 -
0:0:0:0:0:0:0:1 - - [21/Nov/2020:03:33:52 -0800] "GET /login HTTP/1.1" 200 1657
0:0:0:0:0:0:0:1 - - [21/Nov/2020:03:34:04 -0800] "POST /doLogin HTTP/1.1" 302 -
0:0:0:0:0:0:0:1 - - [21/Nov/2020:03:34:04 -0800] "GET /login HTTP/1.1" 200 1657
0:0:0:0:0:0:0:1 - - [21/Nov/2020:03:34:04 -0800] "GET /favicon.ico HTTP/1.1" 302 -
0:0:0:0:0:0:0:1 - - [21/Nov/2020:03:34:04 -0800] "GET /login HTTP/1.1" 200 1657
0:0:0:0:0:0:0:1 - - [21/Nov/2020:03:36:45 -0800] "GET /login HTTP/1.1" 200 1657
0:0:0:0:0:0:0:1 - - [21/Nov/2020:03:36:45 -0800] "GET /favicon.ico HTTP/1.1" 302 -
0:0:0:0:0:0:0:1 - - [21/Nov/2020:03:36:45 -0800] "GET /login HTTP/1.1" 200 1657
0:0:0:0:0:0:0:1 - - [21/Nov/2020:03:36:49 -0800] "GET /signup HTTP/1.1" 200 4862
0:0:0:0:0:0:0:1 - - [21/Nov/2020:03:36:49 -0800] "GET /js/pwstrength.js HTTP/1.1" 200 -
0:0:0:0:0:0:0:1 - - [21/Nov/2020:03:36:49 -0800] "GET /js/jquery-1.7.2.js HTTP/1.1" 200 293292
0:0:0:0:0:0:0:1 - - [21/Nov/2020:03:36:49 -0800] "GET /favicon.ico HTTP/1.1" 302 -
0:0:0:0:0:0:0:1 - - [21/Nov/2020:03:36:49 -0800] "GET /login HTTP/1.1" 200 1657
0:0:0:0:0:0:0:1 - - [21/Nov/2020:03:37:52 -0800] "POST /signup HTTP/1.1" 302 -
0:0:0:0:0:0:0:1 - - [21/Nov/2020:03:37:52 -0800] "GET /login HTTP/1.1" 200 1740
0:0:0:0:0:0:0:1 - - [21/Nov/2020:03:37:53 -0800] "GET /favicon.ico HTTP/1.1" 302 -
0:0:0:0:0:0:0:1 - - [21/Nov/2020:03:37:53 -0800] "GET /login HTTP/1.1" 200 1657
0:0:0:0:0:0:0:1 - - [21/Nov/2020:03:39:15 -0800] "GET /registrationConfirm?token=c642426c-e1d9-4879-9be6-be88f5c15325 HTTP/1.1" 302 -
0:0:0:0:0:0:0:1 - - [21/Nov/2020:03:39:15 -0800] "GET /login HTTP/1.1" 200 1730
0:0:0:0:0:0:0:1 - - [21/Nov/2020:03:39:15 -0800] "GET /favicon.ico HTTP/1.1" 302 -
0:0:0:0:0:0:0:1 - - [21/Nov/2020:03:39:15 -0800] "GET /login HTTP/1.1" 200 1657
0:0:0:0:0:0:0:1 - - [21/Nov/2020:03:39:33 -0800] "POST /doLogin HTTP/1.1" 302 -
0:0:0:0:0:0:0:1 - - [21/Nov/2020:03:39:33 -0800] "GET /login HTTP/1.1" 200 1657
0:0:0:0:0:0:0:1 - - [21/Nov/2020:03:39:33 -0800] "GET /favicon.ico HTTP/1.1" 302 -
0:0:0:0:0:0:0:1 - - [21/Nov/2020:03:39:33 -0800] "GET /login HTTP/1.1" 200 1657
0:0:0:0:0:0:0:1 - - [21/Nov/2020:03:39:40 -0800] "POST /doLogin HTTP/1.1" 302 -
0:0:0:0:0:0:0:1 - - [21/Nov/2020:03:39:40 -0800] "GET /loginFailed HTTP/1.1" 302 -
0:0:0:0:0:0:0:1 - - [21/Nov/2020:03:39:40 -0800] "GET /login HTTP/1.1" 200 1657
0:0:0:0:0:0:0:1 - - [21/Nov/2020:03:39:40 -0800] "GET /favicon.ico HTTP/1.1" 302 -
0:0:0:0:0:0:0:1 - - [21/Nov/2020:03:39:40 -0800] "GET /login HTTP/1.1" 200 1657
0:0:0:0:0:0:0:1 - - [21/Nov/2020:03:40:24 -0800] "GET /login HTTP/1.1" 200 1657
0:0:0:0:0:0:0:1 - - [21/Nov/2020:03:40:24 -0800] "GET /favicon.ico HTTP/1.1" 302 -
0:0:0:0:0:0:0:1 - - [21/Nov/2020:03:40:24 -0800] "GET /login HTTP/1.1" 200 1657
0:0:0:0:0:0:0:1 - - [21/Nov/2020:03:40:25 -0800] "GET /signup HTTP/1.1" 200 4862
0:0:0:0:0:0:0:1 - - [21/Nov/2020:03:40:25 -0800] "GET /js/pwstrength.js HTTP/1.1" 200 -
0:0:0:0:0:0:0:1 - - [21/Nov/2020:03:40:25 -0800] "GET /js/jquery-1.7.2.js HTTP/1.1" 200 293292
0:0:0:0:0:0:0:1 - - [21/Nov/2020:03:40:25 -0800] "GET /favicon.ico HTTP/1.1" 302 -
0:0:0:0:0:0:0:1 - - [21/Nov/2020:03:40:26 -0800] "GET /login HTTP/1.1" 200 1657
0:0:0:0:0:0:0:1 - - [21/Nov/2020:03:40:43 -0800] "POST /signup HTTP/1.1" 200 5038
0:0:0:0:0:0:0:1 - - [21/Nov/2020:03:40:43 -0800] "GET /js/pwstrength.js HTTP/1.1" 200 -
0:0:0:0:0:0:0:1 - - [21/Nov/2020:03:40:43 -0800] "GET /js/jquery-1.7.2.js HTTP/1.1" 200 293292
0:0:0:0:0:0:0:1 - - [21/Nov/2020:03:40:43 -0800] "GET /favicon.ico HTTP/1.1" 302 -
0:0:0:0:0:0:0:1 - - [21/Nov/2020:03:40:43 -0800] "GET /login HTTP/1.1" 200 1657
0:0:0:0:0:0:0:1 - - [21/Nov/2020:03:41:53 -0800] "GET /signup HTTP/1.1" 200 4862
0:0:0:0:0:0:0:1 - - [21/Nov/2020:03:41:53 -0800] "GET /js/pwstrength.js HTTP/1.1" 200 -
0:0:0:0:0:0:0:1 - - [21/Nov/2020:03:41:53 -0800] "GET /js/jquery-1.7.2.js HTTP/1.1" 200 293292
0:0:0:0:0:0:0:1 - - [21/Nov/2020:03:41:53 -0800] "GET /favicon.ico HTTP/1.1" 302 -
0:0:0:0:0:0:0:1 - - [21/Nov/2020:03:41:53 -0800] "GET /login HTTP/1.1" 200 1657
0:0:0:0:0:0:0:1 - - [21/Nov/2020:03:42:12 -0800] "POST /signup HTTP/1.1" 302 -
0:0:0:0:0:0:0:1 - - [21/Nov/2020:03:42:12 -0800] "GET /login HTTP/1.1" 200 1740
0:0:0:0:0:0:0:1 - - [21/Nov/2020:03:42:13 -0800] "GET /favicon.ico HTTP/1.1" 302 -
0:0:0:0:0:0:0:1 - - [21/Nov/2020:03:42:13 -0800] "GET /login HTTP/1.1" 200 1657
0:0:0:0:0:0:0:1 - - [21/Nov/2020:03:42:18 -0800] "GET /registrationConfirm?token=2d61cca8-853d-4049-a540-75d41a1c2729 HTTP/1.1" 302 -
0:0:0:0:0:0:0:1 - - [21/Nov/2020:03:42:18 -0800] "GET /login HTTP/1.1" 200 1730
0:0:0:0:0:0:0:1 - - [21/Nov/2020:03:42:18 -0800] "GET /favicon.ico HTTP/1.1" 302 -
0:0:0:0:0:0:0:1 - - [21/Nov/2020:03:42:18 -0800] "GET /login HTTP/1.1" 200 1657
0:0:0:0:0:0:0:1 - - [21/Nov/2020:03:43:28 -0800] "POST /doLogin HTTP/1.1" 302 -
0:0:0:0:0:0:0:1 - - [21/Nov/2020:03:43:28 -0800] "GET /login HTTP/1.1" 200 1657
0:0:0:0:0:0:0:1 - - [21/Nov/2020:03:43:28 -0800] "GET /favicon.ico HTTP/1.1" 302 -
0:0:0:0:0:0:0:1 - - [21/Nov/2020:03:43:28 -0800] "GET /login HTTP/1.1" 200 1657
0:0:0:0:0:0:0:1 - - [21/Nov/2020:03:44:51 -0800] "GET /login HTTP/1.1" 200 1657
0:0:0:0:0:0:0:1 - - [21/Nov/2020:03:44:51 -0800] "GET /favicon.ico HTTP/1.1" 302 -
0:0:0:0:0:0:0:1 - - [21/Nov/2020:03:44:51 -0800] "GET /login HTTP/1.1" 200 1657
0:0:0:0:0:0:0:1 - - [21/Nov/2020:03:44:54 -0800] "POST /doLogin HTTP/1.1" 302 -
0:0:0:0:0:0:0:1 - - [21/Nov/2020:03:44:54 -0800] "GET /login HTTP/1.1" 200 1657
0:0:0:0:0:0:0:1 - - [21/Nov/2020:03:44:54 -0800] "GET /favicon.ico HTTP/1.1" 302 -
0:0:0:0:0:0:0:1 - - [21/Nov/2020:03:44:54 -0800] "GET /login HTTP/1.1" 200 1657
0:0:0:0:0:0:0:1 - - [21/Nov/2020:03:45:00 -0800] "GET /login HTTP/1.1" 200 1657
0:0:0:0:0:0:0:1 - - [21/Nov/2020:03:45:00 -0800] "GET /favicon.ico HTTP/1.1" 302 -
0:0:0:0:0:0:0:1 - - [21/Nov/2020:03:45:00 -0800] "GET /login HTTP/1.1" 200 1657
0:0:0:0:0:0:0:1 - - [21/Nov/2020:03:45:03 -0800] "POST /doLogin HTTP/1.1" 302 -
0:0:0:0:0:0:0:1 - - [21/Nov/2020:03:45:03 -0800] "GET /login HTTP/1.1" 200 1657
0:0:0:0:0:0:0:1 - - [21/Nov/2020:03:45:03 -0800] "GET /favicon.ico HTTP/1.1" 302 -
0:0:0:0:0:0:0:1 - - [21/Nov/2020:03:45:03 -0800] "GET /login HTTP/1.1" 200 1657
0:0:0:0:0:0:0:1 - - [21/Nov/2020:03:47:33 -0800] "GET /login HTTP/1.1" 200 1657
0:0:0:0:0:0:0:1 - - [21/Nov/2020:03:47:33 -0800] "GET /favicon.ico HTTP/1.1" 302 -
0:0:0:0:0:0:0:1 - - [21/Nov/2020:03:47:33 -0800] "GET /login HTTP/1.1" 200 1657
0:0:0:0:0:0:0:1 - - [21/Nov/2020:03:47:36 -0800] "POST /doLogin HTTP/1.1" 302 -
0:0:0:0:0:0:0:1 - - [21/Nov/2020:03:47:36 -0800] "GET /login HTTP/1.1" 200 1657
0:0:0:0:0:0:0:1 - - [21/Nov/2020:03:47:36 -0800] "GET /favicon.ico HTTP/1.1" 302 -
0:0:0:0:0:0:0:1 - - [21/Nov/2020:03:47:36 -0800] "GET /login HTTP/1.1" 200 1657
0:0:0:0:0:0:0:1 - - [21/Nov/2020:03:49:50 -0800] "GET /login HTTP/1.1" 200 1657
0:0:0:0:0:0:0:1 - - [21/Nov/2020:03:49:50 -0800] "GET /favicon.ico HTTP/1.1" 302 -
0:0:0:0:0:0:0:1 - - [21/Nov/2020:03:49:50 -0800] "GET /login HTTP/1.1" 200 1657
0:0:0:0:0:0:0:1 - - [21/Nov/2020:03:49:53 -0800] "POST /doLogin HTTP/1.1" 302 -
0:0:0:0:0:0:0:1 - - [21/Nov/2020:03:49:53 -0800] "GET /login HTTP/1.1" 200 1657
0:0:0:0:0:0:0:1 - - [21/Nov/2020:03:49:53 -0800] "GET /favicon.ico HTTP/1.1" 302 -
0:0:0:0:0:0:0:1 - - [21/Nov/2020:03:49:53 -0800] "GET /login HTTP/1.1" 200 1657
0:0:0:0:0:0:0:1 - - [21/Nov/2020:03:54:27 -0800] "GET /login HTTP/1.1" 200 1657
0:0:0:0:0:0:0:1 - - [21/Nov/2020:03:54:27 -0800] "GET /favicon.ico HTTP/1.1" 302 -
0:0:0:0:0:0:0:1 - - [21/Nov/2020:03:54:28 -0800] "GET /login HTTP/1.1" 200 1657
0:0:0:0:0:0:0:1 - - [21/Nov/2020:03:54:31 -0800] "POST /doLogin HTTP/1.1" 302 -
0:0:0:0:0:0:0:1 - - [21/Nov/2020:03:54:31 -0800] "GET /loginSuccessful HTTP/1.1" 200 650
0:0:0:0:0:0:0:1 - - [21/Nov/2020:03:54:31 -0800] "GET /favicon.ico HTTP/1.1" 200 1150
0:0:0:0:0:0:0:1 - - [21/Nov/2020:03:55:12 -0800] "GET /loginSuccessful HTTP/1.1" 302 -
0:0:0:0:0:0:0:1 - - [21/Nov/2020:03:55:12 -0800] "GET /login HTTP/1.1" 200 1657
0:0:0:0:0:0:0:1 - - [21/Nov/2020:03:55:15 -0800] "POST /doLogin HTTP/1.1" 302 -
0:0:0:0:0:0:0:1 - - [21/Nov/2020:03:55:15 -0800] "GET /login HTTP/1.1" 200 1657
0:0:0:0:0:0:0:1 - - [21/Nov/2020:03:55:43 -0800] "POST /doLogin HTTP/1.1" 302 -
0:0:0:0:0:0:0:1 - - [21/Nov/2020:03:55:43 -0800] "GET /login HTTP/1.1" 200 1657
0:0:0:0:0:0:0:1 - - [21/Nov/2020:03:55:49 -0800] "GET /login HTTP/1.1" 200 1657
0:0:0:0:0:0:0:1 - - [21/Nov/2020:03:55:51 -0800] "POST /doLogin HTTP/1.1" 302 -
0:0:0:0:0:0:0:1 - - [21/Nov/2020:03:55:51 -0800] "GET /login HTTP/1.1" 200 1657
0:0:0:0:0:0:0:1 - - [21/Nov/2020:03:56:12 -0800] "GET /login HTTP/1.1" 200 1657
0:0:0:0:0:0:0:1 - - [21/Nov/2020:03:56:17 -0800] "GET /login HTTP/1.1" 200 1657
0:0:0:0:0:0:0:1 - - [21/Nov/2020:03:56:21 -0800] "POST /doLogin HTTP/1.1" 302 -
0:0:0:0:0:0:0:1 - - [21/Nov/2020:03:56:21 -0800] "GET /login HTTP/1.1" 200 1657
0:0:0:0:0:0:0:1 - - [21/Nov/2020:03:56:32 -0800] "GET /login HTTP/1.1" 200 1657
0:0:0:0:0:0:0:1 - - [21/Nov/2020:03:56:34 -0800] "POST /doLogin HTTP/1.1" 302 -
0:0:0:0:0:0:0:1 - - [21/Nov/2020:03:56:35 -0800] "GET /login HTTP/1.1" 200 1657
0:0:0:0:0:0:0:1 - - [21/Nov/2020:03:57:12 -0800] "GET /login HTTP/1.1" 200 1657
0:0:0:0:0:0:0:1 - - [21/Nov/2020:03:57:15 -0800] "POST /doLogin HTTP/1.1" 302 -
0:0:0:0:0:0:0:1 - - [21/Nov/2020:03:57:15 -0800] "GET /loginSuccessful HTTP/1.1" 200 650
0:0:0:0:0:0:0:1 - - [21/Nov/2020:03:58:24 -0800] "GET /loginSuccessful HTTP/1.1" 302 -
0:0:0:0:0:0:0:1 - - [21/Nov/2020:03:58:24 -0800] "GET /login HTTP/1.1" 200 1657
0:0:0:0:0:0:0:1 - - [21/Nov/2020:03:58:27 -0800] "POST /doLogin HTTP/1.1" 302 -
0:0:0:0:0:0:0:1 - - [21/Nov/2020:03:58:27 -0800] "GET /login HTTP/1.1" 200 1657
0:0:0:0:0:0:0:1 - - [21/Nov/2020:04:01:16 -0800] "GET /login HTTP/1.1" 200 1657
0:0:0:0:0:0:0:1 - - [21/Nov/2020:04:01:19 -0800] "POST /doLogin HTTP/1.1" 302 -
0:0:0:0:0:0:0:1 - - [21/Nov/2020:04:01:19 -0800] "GET /loginSuccessful HTTP/1.1" 200 650
0:0:0:0:0:0:0:1 - - [21/Nov/2020:04:02:18 -0800] "GET /user HTTP/1.1" 500 9045
0:0:0:0:0:0:0:1 - - [21/Nov/2020:04:02:51 -0800] "GET /user HTTP/1.1" 302 -
0:0:0:0:0:0:0:1 - - [21/Nov/2020:04:02:51 -0800] "GET /login HTTP/1.1" 200 1657
0:0:0:0:0:0:0:1 - - [21/Nov/2020:04:02:55 -0800] "POST /doLogin HTTP/1.1" 302 -
0:0:0:0:0:0:0:1 - - [21/Nov/2020:04:02:55 -0800] "GET /loginSuccessful HTTP/1.1" 200 650
0:0:0:0:0:0:0:1 - - [21/Nov/2020:04:03:13 -0800] "GET /user HTTP/1.1" 200 -
0:0:0:0:0:0:0:1 - - [21/Nov/2020:04:03:29 -0800] "GET /user HTTP/1.1" 302 -
0:0:0:0:0:0:0:1 - - [21/Nov/2020:04:03:29 -0800] "GET /login HTTP/1.1" 200 1657
0:0:0:0:0:0:0:1 - - [21/Nov/2020:04:03:31 -0800] "GET /user HTTP/1.1" 302 -
0:0:0:0:0:0:0:1 - - [21/Nov/2020:04:03:31 -0800] "GET /login HTTP/1.1" 200 1657
