0:0:0:0:0:0:0:1 - - [07/Nov/2020:00:52:44 -0800] "GET /login HTTP/1.1" 200 1657
0:0:0:0:0:0:0:1 - - [07/Nov/2020:00:52:44 -0800] "GET /favicon.ico HTTP/1.1" 302 -
0:0:0:0:0:0:0:1 - - [07/Nov/2020:00:52:44 -0800] "GET /login HTTP/1.1" 200 1657
0:0:0:0:0:0:0:1 - - [07/Nov/2020:00:55:03 -0800] "GET /test?test=bo HTTP/1.1" 400 9495
0:0:0:0:0:0:0:1 - - [07/Nov/2020:00:55:03 -0800] "GET /favicon.ico HTTP/1.1" 302 -
0:0:0:0:0:0:0:1 - - [07/Nov/2020:00:55:04 -0800] "GET /login HTTP/1.1" 200 1657
0:0:0:0:0:0:0:1 - - [07/Nov/2020:00:55:16 -0800] "GET /test HTTP/1.1" 400 9495
0:0:0:0:0:0:0:1 - - [07/Nov/2020:00:55:16 -0800] "GET /favicon.ico HTTP/1.1" 302 -
0:0:0:0:0:0:0:1 - - [07/Nov/2020:00:55:16 -0800] "GET /login HTTP/1.1" 200 1657
0:0:0:0:0:0:0:1 - - [07/Nov/2020:01:27:12 -0800] "GET /integration HTTP/1.1" 200 2
0:0:0:0:0:0:0:1 - - [07/Nov/2020:01:27:12 -0800] "GET /favicon.ico HTTP/1.1" 302 -
0:0:0:0:0:0:0:1 - - [07/Nov/2020:01:27:13 -0800] "GET /login HTTP/1.1" 200 1657
0:0:0:0:0:0:0:1 - - [07/Nov/2020:01:35:32 -0800] "GET /integration HTTP/1.1" 500 9657
0:0:0:0:0:0:0:1 - - [07/Nov/2020:01:35:32 -0800] "GET /favicon.ico HTTP/1.1" 302 -
0:0:0:0:0:0:0:1 - - [07/Nov/2020:01:35:33 -0800] "GET /login HTTP/1.1" 200 1657
0:0:0:0:0:0:0:1 - - [07/Nov/2020:01:35:46 -0800] "GET /integration?test=bo HTTP/1.1" 500 12038
0:0:0:0:0:0:0:1 - - [07/Nov/2020:01:35:46 -0800] "GET /favicon.ico HTTP/1.1" 302 -
0:0:0:0:0:0:0:1 - - [07/Nov/2020:01:35:46 -0800] "GET /login HTTP/1.1" 200 1657
0:0:0:0:0:0:0:1 - - [07/Nov/2020:01:41:20 -0800] "GET /integration?test=bo HTTP/1.1" 500 12038
0:0:0:0:0:0:0:1 - - [07/Nov/2020:01:41:21 -0800] "GET /favicon.ico HTTP/1.1" 302 -
0:0:0:0:0:0:0:1 - - [07/Nov/2020:01:41:21 -0800] "GET /login HTTP/1.1" 200 1657
0:0:0:0:0:0:0:1 - - [07/Nov/2020:01:43:55 -0800] "GET /integration?test=bo HTTP/1.1" 500 13426
0:0:0:0:0:0:0:1 - - [07/Nov/2020:01:43:55 -0800] "GET /favicon.ico HTTP/1.1" 302 -
0:0:0:0:0:0:0:1 - - [07/Nov/2020:01:43:55 -0800] "GET /login HTTP/1.1" 200 1657
0:0:0:0:0:0:0:1 - - [07/Nov/2020:01:56:03 -0800] "GET /integration?test=bo HTTP/1.1" 500 12038
0:0:0:0:0:0:0:1 - - [07/Nov/2020:01:56:03 -0800] "GET /favicon.ico HTTP/1.1" 302 -
0:0:0:0:0:0:0:1 - - [07/Nov/2020:01:56:03 -0800] "GET /login HTTP/1.1" 200 1657
0:0:0:0:0:0:0:1 - - [07/Nov/2020:12:37:03 -0800] "GET /integration HTTP/1.1" 400 9493
0:0:0:0:0:0:0:1 - - [07/Nov/2020:12:37:03 -0800] "GET /favicon.ico HTTP/1.1" 302 -
0:0:0:0:0:0:0:1 - - [07/Nov/2020:12:37:03 -0800] "GET /login HTTP/1.1" 200 1657
0:0:0:0:0:0:0:1 - - [07/Nov/2020:12:37:21 -0800] "GET /integration?test=bo HTTP/1.1" 500 12038
0:0:0:0:0:0:0:1 - - [07/Nov/2020:12:37:22 -0800] "GET /favicon.ico HTTP/1.1" 302 -
0:0:0:0:0:0:0:1 - - [07/Nov/2020:12:37:22 -0800] "GET /login HTTP/1.1" 200 1657
2600:1700:bac0:2b40:98fa:2a45:7296:982b - - [07/Nov/2020:12:45:06 -0800] "GET / HTTP/1.1" 302 -
2600:1700:bac0:2b40:98fa:2a45:7296:982b - - [07/Nov/2020:12:45:08 -0800] "GET /login HTTP/1.1" 200 1657
2600:1700:bac0:2b40:98fa:2a45:7296:982b - - [07/Nov/2020:12:45:30 -0800] "GET / HTTP/1.1" 302 -
2600:1700:bac0:2b40:98fa:2a45:7296:982b - - [07/Nov/2020:12:45:32 -0800] "GET /login HTTP/1.1" 200 1657
0:0:0:0:0:0:0:1 - - [07/Nov/2020:14:10:59 -0800] "GET /integration?test=bo HTTP/1.1" 500 13120
0:0:0:0:0:0:0:1 - - [07/Nov/2020:14:10:59 -0800] "GET /favicon.ico HTTP/1.1" 302 -
0:0:0:0:0:0:0:1 - - [07/Nov/2020:14:10:59 -0800] "GET /login HTTP/1.1" 200 1657
0:0:0:0:0:0:0:1 - - [07/Nov/2020:14:13:37 -0800] "GET /integration?test=bo HTTP/1.1" 200 2
0:0:0:0:0:0:0:1 - - [07/Nov/2020:14:13:37 -0800] "GET /favicon.ico HTTP/1.1" 302 -
0:0:0:0:0:0:0:1 - - [07/Nov/2020:14:13:37 -0800] "GET /login HTTP/1.1" 200 1657
0:0:0:0:0:0:0:1 - - [07/Nov/2020:14:38:03 -0800] "GET /integration?test=bo HTTP/1.1" 200 2
0:0:0:0:0:0:0:1 - - [07/Nov/2020:14:38:03 -0800] "GET /favicon.ico HTTP/1.1" 302 -
0:0:0:0:0:0:0:1 - - [07/Nov/2020:14:38:03 -0800] "GET /login HTTP/1.1" 200 1657
0:0:0:0:0:0:0:1 - - [07/Nov/2020:14:38:05 -0800] "GET /integration?test=bo HTTP/1.1" 200 2
0:0:0:0:0:0:0:1 - - [07/Nov/2020:14:38:05 -0800] "GET /favicon.ico HTTP/1.1" 302 -
0:0:0:0:0:0:0:1 - - [07/Nov/2020:14:38:05 -0800] "GET /login HTTP/1.1" 200 1657
