0:0:0:0:0:0:0:1 - - [08/Oct/2020:18:46:05 -0700] "GET /login HTTP/1.1" 200 1655
0:0:0:0:0:0:0:1 - - [08/Oct/2020:18:46:05 -0700] "GET /login HTTP/1.1" 200 1655
0:0:0:0:0:0:0:1 - - [08/Oct/2020:18:46:07 -0700] "GET /signup HTTP/1.1" 200 4862
0:0:0:0:0:0:0:1 - - [08/Oct/2020:18:46:07 -0700] "GET /js/pwstrength.js HTTP/1.1" 200 -
0:0:0:0:0:0:0:1 - - [08/Oct/2020:18:46:07 -0700] "GET /js/jquery-1.7.2.js HTTP/1.1" 200 293292
0:0:0:0:0:0:0:1 - - [08/Oct/2020:18:46:20 -0700] "POST /signup HTTP/1.1" 302 -
0:0:0:0:0:0:0:1 - - [08/Oct/2020:18:46:20 -0700] "GET /login HTTP/1.1" 200 1738
0:0:0:0:0:0:0:1 - - [08/Oct/2020:18:46:43 -0700] "GET /registrationConfirm?token=aaff0f98-0aab-4905-9aec-66d3701994ce HTTP/1.1" 302 -
0:0:0:0:0:0:0:1 - - [08/Oct/2020:18:46:43 -0700] "GET /login HTTP/1.1" 200 1728
0:0:0:0:0:0:0:1 - - [08/Oct/2020:18:46:54 -0700] "POST /doLogin HTTP/1.1" 302 -
0:0:0:0:0:0:0:1 - - [08/Oct/2020:18:46:54 -0700] "GET /loginSuccessful HTTP/1.1" 200 513
0:0:0:0:0:0:0:1 - - [08/Oct/2020:18:46:55 -0700] "GET /login HTTP/1.1" 200 1655
0:0:0:0:0:0:0:1 - - [08/Oct/2020:18:46:58 -0700] "GET /forgetPassword HTTP/1.1" 200 1885
0:0:0:0:0:0:0:1 - - [08/Oct/2020:18:46:58 -0700] "GET /js/pwstrength.js HTTP/1.1" 200 -
0:0:0:0:0:0:0:1 - - [08/Oct/2020:18:46:58 -0700] "GET /js/jquery-1.7.2.js HTTP/1.1" 200 293292
0:0:0:0:0:0:0:1 - - [08/Oct/2020:18:47:03 -0700] "POST /changePassword HTTP/1.1" 200 1985
0:0:0:0:0:0:0:1 - - [08/Oct/2020:18:47:03 -0700] "GET /js/pwstrength.js HTTP/1.1" 200 -
0:0:0:0:0:0:0:1 - - [08/Oct/2020:18:47:03 -0700] "GET /js/jquery-1.7.2.js HTTP/1.1" 200 293292
0:0:0:0:0:0:0:1 - - [08/Oct/2020:18:47:09 -0700] "POST /changePassword HTTP/1.1" 302 -
0:0:0:0:0:0:0:1 - - [08/Oct/2020:18:47:09 -0700] "GET /login HTTP/1.1" 200 1738
0:0:0:0:0:0:0:1 - - [08/Oct/2020:18:48:09 -0700] "GET /login HTTP/1.1" 200 1655
0:0:0:0:0:0:0:1 - - [08/Oct/2020:18:48:10 -0700] "GET /signup HTTP/1.1" 200 4862
0:0:0:0:0:0:0:1 - - [08/Oct/2020:18:48:10 -0700] "GET /js/pwstrength.js HTTP/1.1" 200 -
0:0:0:0:0:0:0:1 - - [08/Oct/2020:18:48:10 -0700] "GET /js/jquery-1.7.2.js HTTP/1.1" 200 293292
0:0:0:0:0:0:0:1 - - [08/Oct/2020:18:48:19 -0700] "POST /signup HTTP/1.1" 302 -
0:0:0:0:0:0:0:1 - - [08/Oct/2020:18:48:19 -0700] "GET /login HTTP/1.1" 200 1738
0:0:0:0:0:0:0:1 - - [08/Oct/2020:18:48:25 -0700] "GET /registrationConfirm?token=54787d28-a438-4975-b647-56f150b5af60 HTTP/1.1" 302 -
0:0:0:0:0:0:0:1 - - [08/Oct/2020:18:48:25 -0700] "GET /login HTTP/1.1" 200 1728
0:0:0:0:0:0:0:1 - - [08/Oct/2020:18:48:26 -0700] "GET /forgetPassword HTTP/1.1" 200 1885
0:0:0:0:0:0:0:1 - - [08/Oct/2020:18:48:26 -0700] "GET /js/pwstrength.js HTTP/1.1" 200 -
0:0:0:0:0:0:0:1 - - [08/Oct/2020:18:48:26 -0700] "GET /js/jquery-1.7.2.js HTTP/1.1" 200 293292
0:0:0:0:0:0:0:1 - - [08/Oct/2020:18:50:12 -0700] "GET /login HTTP/1.1" 200 1655
0:0:0:0:0:0:0:1 - - [08/Oct/2020:18:50:12 -0700] "GET /login HTTP/1.1" 200 1655
0:0:0:0:0:0:0:1 - - [08/Oct/2020:18:50:13 -0700] "GET /signup HTTP/1.1" 200 4862
0:0:0:0:0:0:0:1 - - [08/Oct/2020:18:50:13 -0700] "GET /js/pwstrength.js HTTP/1.1" 200 -
0:0:0:0:0:0:0:1 - - [08/Oct/2020:18:50:13 -0700] "GET /js/jquery-1.7.2.js HTTP/1.1" 200 293292
0:0:0:0:0:0:0:1 - - [08/Oct/2020:18:50:21 -0700] "POST /signup HTTP/1.1" 302 -
0:0:0:0:0:0:0:1 - - [08/Oct/2020:18:50:21 -0700] "GET /login HTTP/1.1" 200 1738
0:0:0:0:0:0:0:1 - - [08/Oct/2020:18:50:27 -0700] "GET /registrationConfirm?token=d64b5d43-c963-47c2-b238-d9090789cc40 HTTP/1.1" 302 -
0:0:0:0:0:0:0:1 - - [08/Oct/2020:18:50:27 -0700] "GET /login HTTP/1.1" 200 1728
0:0:0:0:0:0:0:1 - - [08/Oct/2020:18:50:33 -0700] "POST /doLogin HTTP/1.1" 302 -
0:0:0:0:0:0:0:1 - - [08/Oct/2020:18:50:33 -0700] "GET /loginSuccessful HTTP/1.1" 200 513
0:0:0:0:0:0:0:1 - - [08/Oct/2020:18:50:34 -0700] "GET /login HTTP/1.1" 200 1655
0:0:0:0:0:0:0:1 - - [08/Oct/2020:18:50:36 -0700] "POST /doLogin HTTP/1.1" 302 -
0:0:0:0:0:0:0:1 - - [08/Oct/2020:18:50:36 -0700] "GET /loginFailed HTTP/1.1" 302 -
0:0:0:0:0:0:0:1 - - [08/Oct/2020:18:50:36 -0700] "GET /login HTTP/1.1" 200 1655
0:0:0:0:0:0:0:1 - - [08/Oct/2020:18:50:38 -0700] "GET /forgetPassword HTTP/1.1" 200 1885
0:0:0:0:0:0:0:1 - - [08/Oct/2020:18:50:38 -0700] "GET /js/pwstrength.js HTTP/1.1" 200 -
0:0:0:0:0:0:0:1 - - [08/Oct/2020:18:50:38 -0700] "GET /js/jquery-1.7.2.js HTTP/1.1" 200 293292
0:0:0:0:0:0:0:1 - - [08/Oct/2020:18:50:46 -0700] "POST /changePassword HTTP/1.1" 302 -
0:0:0:0:0:0:0:1 - - [08/Oct/2020:18:50:46 -0700] "GET /login HTTP/1.1" 200 1738
0:0:0:0:0:0:0:1 - - [08/Oct/2020:18:51:06 -0700] "POST /doLogin HTTP/1.1" 302 -
0:0:0:0:0:0:0:1 - - [08/Oct/2020:18:51:06 -0700] "GET /loginSuccessful HTTP/1.1" 200 513
0:0:0:0:0:0:0:1 - - [08/Oct/2020:18:51:07 -0700] "GET /login HTTP/1.1" 200 1655
0:0:0:0:0:0:0:1 - - [08/Oct/2020:18:51:11 -0700] "POST /doLogin HTTP/1.1" 302 -
0:0:0:0:0:0:0:1 - - [08/Oct/2020:18:51:11 -0700] "GET /loginFailed HTTP/1.1" 302 -
0:0:0:0:0:0:0:1 - - [08/Oct/2020:18:51:11 -0700] "GET /login HTTP/1.1" 200 1655
0:0:0:0:0:0:0:1 - - [08/Oct/2020:18:51:15 -0700] "GET /resetPasswordConfirm?token=d32d9d72-6fc8-42ed-91a9-4ff3f4aad1da HTTP/1.1" 302 -
0:0:0:0:0:0:0:1 - - [08/Oct/2020:18:51:15 -0700] "GET /login HTTP/1.1" 200 1655
0:0:0:0:0:0:0:1 - - [08/Oct/2020:18:51:23 -0700] "POST /doLogin HTTP/1.1" 302 -
0:0:0:0:0:0:0:1 - - [08/Oct/2020:18:51:23 -0700] "GET /loginSuccessful HTTP/1.1" 200 513
0:0:0:0:0:0:0:1 - - [08/Oct/2020:18:51:24 -0700] "GET /login HTTP/1.1" 200 1655
0:0:0:0:0:0:0:1 - - [08/Oct/2020:18:51:27 -0700] "POST /doLogin HTTP/1.1" 302 -
0:0:0:0:0:0:0:1 - - [08/Oct/2020:18:51:27 -0700] "GET /loginSuccessful HTTP/1.1" 200 513
0:0:0:0:0:0:0:1 - - [08/Oct/2020:18:51:28 -0700] "GET /login HTTP/1.1" 200 1655
0:0:0:0:0:0:0:1 - - [08/Oct/2020:18:51:31 -0700] "POST /doLogin HTTP/1.1" 302 -
0:0:0:0:0:0:0:1 - - [08/Oct/2020:18:51:31 -0700] "GET /loginFailed HTTP/1.1" 302 -
0:0:0:0:0:0:0:1 - - [08/Oct/2020:18:51:31 -0700] "GET /login HTTP/1.1" 200 1655
0:0:0:0:0:0:0:1 - - [08/Oct/2020:18:52:10 -0700] "GET /forgetPassword HTTP/1.1" 200 1885
0:0:0:0:0:0:0:1 - - [08/Oct/2020:18:52:10 -0700] "GET /js/pwstrength.js HTTP/1.1" 200 -
0:0:0:0:0:0:0:1 - - [08/Oct/2020:18:52:10 -0700] "GET /js/jquery-1.7.2.js HTTP/1.1" 200 293292
0:0:0:0:0:0:0:1 - - [08/Oct/2020:18:52:23 -0700] "POST /changePassword HTTP/1.1" 302 -
0:0:0:0:0:0:0:1 - - [08/Oct/2020:18:52:23 -0700] "GET /login HTTP/1.1" 200 1738
0:0:0:0:0:0:0:1 - - [08/Oct/2020:18:52:34 -0700] "GET /resetPasswordConfirm?token=2a120056-e25a-4dcf-af4b-8827676fbe1e HTTP/1.1" 302 -
0:0:0:0:0:0:0:1 - - [08/Oct/2020:18:52:34 -0700] "GET /login HTTP/1.1" 200 1655
0:0:0:0:0:0:0:1 - - [08/Oct/2020:18:52:50 -0700] "POST /doLogin HTTP/1.1" 302 -
0:0:0:0:0:0:0:1 - - [08/Oct/2020:18:52:50 -0700] "GET /loginFailed HTTP/1.1" 302 -
0:0:0:0:0:0:0:1 - - [08/Oct/2020:18:52:50 -0700] "GET /login HTTP/1.1" 200 1655
0:0:0:0:0:0:0:1 - - [08/Oct/2020:18:52:54 -0700] "POST /doLogin HTTP/1.1" 302 -
0:0:0:0:0:0:0:1 - - [08/Oct/2020:18:52:54 -0700] "GET /loginSuccessful HTTP/1.1" 200 513
0:0:0:0:0:0:0:1 - - [08/Oct/2020:18:52:55 -0700] "GET /login HTTP/1.1" 200 1655
0:0:0:0:0:0:0:1 - - [08/Oct/2020:18:58:54 -0700] "GET /resetPasswordConfirm?token=2a120056-e25a-4dcf-af4b-8827676fbe1e HTTP/1.1" 404 306
0:0:0:0:0:0:0:1 - - [08/Oct/2020:19:10:24 -0700] "GET /login HTTP/1.1" 200 1655
0:0:0:0:0:0:0:1 - - [08/Oct/2020:19:10:24 -0700] "GET /login HTTP/1.1" 200 1655
0:0:0:0:0:0:0:1 - - [08/Oct/2020:19:10:35 -0700] "GET /signup HTTP/1.1" 200 4862
0:0:0:0:0:0:0:1 - - [08/Oct/2020:19:10:35 -0700] "GET /js/pwstrength.js HTTP/1.1" 200 -
0:0:0:0:0:0:0:1 - - [08/Oct/2020:19:10:35 -0700] "GET /js/jquery-1.7.2.js HTTP/1.1" 200 293292
0:0:0:0:0:0:0:1 - - [08/Oct/2020:19:10:47 -0700] "POST /signup HTTP/1.1" 302 -
0:0:0:0:0:0:0:1 - - [08/Oct/2020:19:10:47 -0700] "GET /login HTTP/1.1" 200 1738
0:0:0:0:0:0:0:1 - - [08/Oct/2020:19:10:49 -0700] "GET /registrationConfirm?token=7bde1085-3577-4b71-b86c-28e9f0aa9169 HTTP/1.1" 302 -
0:0:0:0:0:0:0:1 - - [08/Oct/2020:19:10:49 -0700] "GET /login HTTP/1.1" 200 1728
0:0:0:0:0:0:0:1 - - [08/Oct/2020:19:10:53 -0700] "POST /doLogin HTTP/1.1" 302 -
0:0:0:0:0:0:0:1 - - [08/Oct/2020:19:10:53 -0700] "GET /loginSuccessful HTTP/1.1" 200 513
0:0:0:0:0:0:0:1 - - [08/Oct/2020:19:10:54 -0700] "GET /login HTTP/1.1" 200 1655
0:0:0:0:0:0:0:1 - - [08/Oct/2020:19:10:55 -0700] "GET /forgetPassword HTTP/1.1" 200 1885
0:0:0:0:0:0:0:1 - - [08/Oct/2020:19:10:55 -0700] "GET /js/pwstrength.js HTTP/1.1" 200 -
0:0:0:0:0:0:0:1 - - [08/Oct/2020:19:10:55 -0700] "GET /js/jquery-1.7.2.js HTTP/1.1" 200 293292
0:0:0:0:0:0:0:1 - - [08/Oct/2020:19:11:05 -0700] "POST /changePassword HTTP/1.1" 302 -
0:0:0:0:0:0:0:1 - - [08/Oct/2020:19:11:05 -0700] "GET /login HTTP/1.1" 200 1738
0:0:0:0:0:0:0:1 - - [08/Oct/2020:19:11:45 -0700] "GET /resetPasswordConfirm?token=ed1eb2f8-68d2-4e49-904a-f116b14347e7 HTTP/1.1" 404 306
0:0:0:0:0:0:0:1 - - [08/Oct/2020:19:17:04 -0700] "GET /login HTTP/1.1" 200 1655
0:0:0:0:0:0:0:1 - - [08/Oct/2020:19:17:06 -0700] "GET /signup HTTP/1.1" 200 4862
0:0:0:0:0:0:0:1 - - [08/Oct/2020:19:17:06 -0700] "GET /js/pwstrength.js HTTP/1.1" 200 -
0:0:0:0:0:0:0:1 - - [08/Oct/2020:19:17:06 -0700] "GET /js/jquery-1.7.2.js HTTP/1.1" 200 293292
0:0:0:0:0:0:0:1 - - [08/Oct/2020:19:17:19 -0700] "POST /signup HTTP/1.1" 302 -
0:0:0:0:0:0:0:1 - - [08/Oct/2020:19:17:19 -0700] "GET /login HTTP/1.1" 200 1738
0:0:0:0:0:0:0:1 - - [08/Oct/2020:19:17:30 -0700] "GET /registrationConfirm?token=5d7535e5-35de-449f-823b-5c5a88e1e311 HTTP/1.1" 302 -
0:0:0:0:0:0:0:1 - - [08/Oct/2020:19:17:30 -0700] "GET /login HTTP/1.1" 200 1728
0:0:0:0:0:0:0:1 - - [08/Oct/2020:19:17:40 -0700] "POST /doLogin HTTP/1.1" 302 -
0:0:0:0:0:0:0:1 - - [08/Oct/2020:19:17:40 -0700] "GET /loginSuccessful HTTP/1.1" 200 513
0:0:0:0:0:0:0:1 - - [08/Oct/2020:19:17:41 -0700] "GET /login HTTP/1.1" 200 1655
0:0:0:0:0:0:0:1 - - [08/Oct/2020:19:17:42 -0700] "GET /forgetPassword HTTP/1.1" 200 1885
0:0:0:0:0:0:0:1 - - [08/Oct/2020:19:17:42 -0700] "GET /js/pwstrength.js HTTP/1.1" 200 -
0:0:0:0:0:0:0:1 - - [08/Oct/2020:19:17:42 -0700] "GET /js/jquery-1.7.2.js HTTP/1.1" 200 293292
0:0:0:0:0:0:0:1 - - [08/Oct/2020:19:17:56 -0700] "POST /changePassword HTTP/1.1" 302 -
0:0:0:0:0:0:0:1 - - [08/Oct/2020:19:17:56 -0700] "GET /login HTTP/1.1" 200 1738
0:0:0:0:0:0:0:1 - - [08/Oct/2020:19:18:29 -0700] "GET /resetPasswordConfirm?token=f4acd017-918e-4366-aa66-c165816b1cee HTTP/1.1" 404 306
0:0:0:0:0:0:0:1 - - [08/Oct/2020:19:19:52 -0700] "GET /login HTTP/1.1" 200 1655
0:0:0:0:0:0:0:1 - - [08/Oct/2020:19:19:52 -0700] "GET /login HTTP/1.1" 200 1655
0:0:0:0:0:0:0:1 - - [08/Oct/2020:19:22:48 -0700] "GET /login HTTP/1.1" 200 1655
0:0:0:0:0:0:0:1 - - [08/Oct/2020:19:22:53 -0700] "GET /signup HTTP/1.1" 200 4862
0:0:0:0:0:0:0:1 - - [08/Oct/2020:19:22:53 -0700] "GET /js/pwstrength.js HTTP/1.1" 200 -
0:0:0:0:0:0:0:1 - - [08/Oct/2020:19:22:53 -0700] "GET /js/jquery-1.7.2.js HTTP/1.1" 200 293292
0:0:0:0:0:0:0:1 - - [08/Oct/2020:19:23:07 -0700] "POST /signup HTTP/1.1" 302 -
0:0:0:0:0:0:0:1 - - [08/Oct/2020:19:23:07 -0700] "GET /login HTTP/1.1" 200 1738
0:0:0:0:0:0:0:1 - - [08/Oct/2020:19:23:14 -0700] "GET /registrationConfirm?token=0baa420f-157b-4ecf-a060-5c54a5401414 HTTP/1.1" 302 -
0:0:0:0:0:0:0:1 - - [08/Oct/2020:19:23:14 -0700] "GET /login HTTP/1.1" 200 1728
0:0:0:0:0:0:0:1 - - [08/Oct/2020:19:23:38 -0700] "POST /doLogin HTTP/1.1" 302 -
0:0:0:0:0:0:0:1 - - [08/Oct/2020:19:23:38 -0700] "POST /doLogin HTTP/1.1" 302 -
0:0:0:0:0:0:0:1 - - [08/Oct/2020:19:23:38 -0700] "GET /loginSuccessful HTTP/1.1" 200 513
0:0:0:0:0:0:0:1 - - [08/Oct/2020:19:23:39 -0700] "GET /login HTTP/1.1" 200 1655
0:0:0:0:0:0:0:1 - - [08/Oct/2020:19:24:03 -0700] "GET /forgetPassword HTTP/1.1" 200 1885
0:0:0:0:0:0:0:1 - - [08/Oct/2020:19:24:03 -0700] "GET /js/pwstrength.js HTTP/1.1" 200 -
0:0:0:0:0:0:0:1 - - [08/Oct/2020:19:24:03 -0700] "GET /js/jquery-1.7.2.js HTTP/1.1" 200 293292
0:0:0:0:0:0:0:1 - - [08/Oct/2020:19:26:45 -0700] "POST /changePassword HTTP/1.1" 302 -
0:0:0:0:0:0:0:1 - - [08/Oct/2020:19:26:45 -0700] "GET /login HTTP/1.1" 200 1738
0:0:0:0:0:0:0:1 - - [08/Oct/2020:19:35:36 -0700] "GET /resetPasswordConfirm?token=a4d2b8cd-8578-49e6-b3f2-3f6158603ef5 HTTP/1.1" 404 306
0:0:0:0:0:0:0:1 - - [08/Oct/2020:19:44:44 -0700] "GET /login HTTP/1.1" 200 1655
0:0:0:0:0:0:0:1 - - [08/Oct/2020:19:45:10 -0700] "GET /signup HTTP/1.1" 200 4862
0:0:0:0:0:0:0:1 - - [08/Oct/2020:19:45:10 -0700] "GET /js/pwstrength.js HTTP/1.1" 200 -
0:0:0:0:0:0:0:1 - - [08/Oct/2020:19:45:10 -0700] "GET /js/jquery-1.7.2.js HTTP/1.1" 200 293292
0:0:0:0:0:0:0:1 - - [08/Oct/2020:19:45:41 -0700] "POST /signup HTTP/1.1" 302 -
0:0:0:0:0:0:0:1 - - [08/Oct/2020:19:45:41 -0700] "GET /login HTTP/1.1" 200 1738
0:0:0:0:0:0:0:1 - - [08/Oct/2020:19:45:46 -0700] "GET /registrationConfirm?token=3d0ba903-1032-46f8-86f5-d014389df1fb HTTP/1.1" 302 -
0:0:0:0:0:0:0:1 - - [08/Oct/2020:19:45:46 -0700] "GET /login HTTP/1.1" 200 1728
0:0:0:0:0:0:0:1 - - [08/Oct/2020:19:45:51 -0700] "POST /doLogin HTTP/1.1" 302 -
0:0:0:0:0:0:0:1 - - [08/Oct/2020:19:45:51 -0700] "GET /loginSuccessful HTTP/1.1" 200 513
0:0:0:0:0:0:0:1 - - [08/Oct/2020:19:45:52 -0700] "GET /login HTTP/1.1" 200 1655
0:0:0:0:0:0:0:1 - - [08/Oct/2020:19:45:53 -0700] "GET /forgetPassword HTTP/1.1" 200 1885
0:0:0:0:0:0:0:1 - - [08/Oct/2020:19:45:53 -0700] "GET /js/pwstrength.js HTTP/1.1" 200 -
0:0:0:0:0:0:0:1 - - [08/Oct/2020:19:45:53 -0700] "GET /js/jquery-1.7.2.js HTTP/1.1" 200 293292
0:0:0:0:0:0:0:1 - - [08/Oct/2020:19:46:10 -0700] "POST /changePassword HTTP/1.1" 302 -
0:0:0:0:0:0:0:1 - - [08/Oct/2020:19:46:10 -0700] "GET /login HTTP/1.1" 200 1738
0:0:0:0:0:0:0:1 - - [08/Oct/2020:19:46:15 -0700] "POST /doLogin HTTP/1.1" 302 -
0:0:0:0:0:0:0:1 - - [08/Oct/2020:19:46:15 -0700] "GET /loginSuccessful HTTP/1.1" 200 513
0:0:0:0:0:0:0:1 - - [08/Oct/2020:19:46:16 -0700] "GET /login HTTP/1.1" 200 1655
0:0:0:0:0:0:0:1 - - [08/Oct/2020:19:46:20 -0700] "POST /doLogin HTTP/1.1" 302 -
0:0:0:0:0:0:0:1 - - [08/Oct/2020:19:46:20 -0700] "GET /loginFailed HTTP/1.1" 302 -
0:0:0:0:0:0:0:1 - - [08/Oct/2020:19:46:20 -0700] "GET /login HTTP/1.1" 200 1655
0:0:0:0:0:0:0:1 - - [08/Oct/2020:19:46:27 -0700] "GET /resetPasswordConfirm?token=9abb950a-8e42-48af-a4ad-a346ea5b2a0e HTTP/1.1" 302 -
0:0:0:0:0:0:0:1 - - [08/Oct/2020:19:46:27 -0700] "GET /login HTTP/1.1" 200 1655
0:0:0:0:0:0:0:1 - - [08/Oct/2020:19:50:11 -0700] "GET /login HTTP/1.1" 200 1655
0:0:0:0:0:0:0:1 - - [08/Oct/2020:19:50:12 -0700] "GET /signup HTTP/1.1" 200 4862
0:0:0:0:0:0:0:1 - - [08/Oct/2020:19:50:12 -0700] "GET /js/pwstrength.js HTTP/1.1" 200 -
0:0:0:0:0:0:0:1 - - [08/Oct/2020:19:50:12 -0700] "GET /js/jquery-1.7.2.js HTTP/1.1" 200 293292
0:0:0:0:0:0:0:1 - - [08/Oct/2020:19:50:31 -0700] "POST /signup HTTP/1.1" 302 -
0:0:0:0:0:0:0:1 - - [08/Oct/2020:19:50:31 -0700] "GET /login HTTP/1.1" 200 1738
0:0:0:0:0:0:0:1 - - [08/Oct/2020:19:50:36 -0700] "GET /registrationConfirm?token=177d4a64-4505-443b-90de-020de20fde95 HTTP/1.1" 302 -
0:0:0:0:0:0:0:1 - - [08/Oct/2020:19:50:36 -0700] "GET /login HTTP/1.1" 200 1728
0:0:0:0:0:0:0:1 - - [08/Oct/2020:19:50:44 -0700] "POST /doLogin HTTP/1.1" 302 -
0:0:0:0:0:0:0:1 - - [08/Oct/2020:19:50:44 -0700] "GET /loginSuccessful HTTP/1.1" 200 513
0:0:0:0:0:0:0:1 - - [08/Oct/2020:19:50:46 -0700] "GET /login HTTP/1.1" 200 1655
0:0:0:0:0:0:0:1 - - [08/Oct/2020:20:01:35 -0700] "GET /login HTTP/1.1" 200 1655
0:0:0:0:0:0:0:1 - - [08/Oct/2020:20:01:37 -0700] "GET /signup HTTP/1.1" 200 4862
0:0:0:0:0:0:0:1 - - [08/Oct/2020:20:01:37 -0700] "GET /js/pwstrength.js HTTP/1.1" 200 -
0:0:0:0:0:0:0:1 - - [08/Oct/2020:20:01:37 -0700] "GET /js/jquery-1.7.2.js HTTP/1.1" 200 293292
0:0:0:0:0:0:0:1 - - [08/Oct/2020:20:01:55 -0700] "POST /signup HTTP/1.1" 302 -
0:0:0:0:0:0:0:1 - - [08/Oct/2020:20:01:55 -0700] "GET /login HTTP/1.1" 200 1738
0:0:0:0:0:0:0:1 - - [08/Oct/2020:20:01:59 -0700] "GET /registrationConfirm?token=24d916cb-9f24-42b7-9193-5b978aec7580 HTTP/1.1" 302 -
0:0:0:0:0:0:0:1 - - [08/Oct/2020:20:01:59 -0700] "GET /login HTTP/1.1" 200 1728
0:0:0:0:0:0:0:1 - - [08/Oct/2020:20:02:11 -0700] "POST /doLogin HTTP/1.1" 302 -
0:0:0:0:0:0:0:1 - - [08/Oct/2020:20:02:11 -0700] "GET /loginSuccessful HTTP/1.1" 200 513
0:0:0:0:0:0:0:1 - - [08/Oct/2020:20:02:12 -0700] "GET /login HTTP/1.1" 200 1655
0:0:0:0:0:0:0:1 - - [08/Oct/2020:20:02:16 -0700] "GET /forgetPassword HTTP/1.1" 200 1885
0:0:0:0:0:0:0:1 - - [08/Oct/2020:20:02:16 -0700] "GET /js/pwstrength.js HTTP/1.1" 200 -
0:0:0:0:0:0:0:1 - - [08/Oct/2020:20:02:16 -0700] "GET /js/jquery-1.7.2.js HTTP/1.1" 200 293292
0:0:0:0:0:0:0:1 - - [08/Oct/2020:20:02:26 -0700] "POST /changePassword HTTP/1.1" 302 -
0:0:0:0:0:0:0:1 - - [08/Oct/2020:20:02:26 -0700] "GET /login HTTP/1.1" 200 1738
0:0:0:0:0:0:0:1 - - [08/Oct/2020:20:02:37 -0700] "POST /doLogin HTTP/1.1" 302 -
0:0:0:0:0:0:0:1 - - [08/Oct/2020:20:02:37 -0700] "GET /loginFailed HTTP/1.1" 302 -
0:0:0:0:0:0:0:1 - - [08/Oct/2020:20:02:37 -0700] "GET /login HTTP/1.1" 200 1655
0:0:0:0:0:0:0:1 - - [08/Oct/2020:20:02:43 -0700] "POST /doLogin HTTP/1.1" 302 -
0:0:0:0:0:0:0:1 - - [08/Oct/2020:20:02:43 -0700] "GET /loginSuccessful HTTP/1.1" 200 513
0:0:0:0:0:0:0:1 - - [08/Oct/2020:20:02:45 -0700] "GET /login HTTP/1.1" 200 1655
0:0:0:0:0:0:0:1 - - [08/Oct/2020:20:03:23 -0700] "GET /forgetPassword HTTP/1.1" 200 1885
0:0:0:0:0:0:0:1 - - [08/Oct/2020:20:03:23 -0700] "GET /js/pwstrength.js HTTP/1.1" 200 -
0:0:0:0:0:0:0:1 - - [08/Oct/2020:20:03:23 -0700] "GET /js/jquery-1.7.2.js HTTP/1.1" 200 293292
0:0:0:0:0:0:0:1 - - [08/Oct/2020:20:08:21 -0700] "POST /changePassword HTTP/1.1" 302 -
0:0:0:0:0:0:0:1 - - [08/Oct/2020:20:08:21 -0700] "GET /login HTTP/1.1" 200 1738
0:0:0:0:0:0:0:1 - - [08/Oct/2020:20:08:28 -0700] "GET /resetPasswordConfirm?token=07dd7d52-b3f6-4eeb-a6e0-4e526b9a5ead HTTP/1.1" 404 306
0:0:0:0:0:0:0:1 - - [08/Oct/2020:20:21:14 -0700] "GET /login HTTP/1.1" 200 1655
0:0:0:0:0:0:0:1 - - [08/Oct/2020:20:21:15 -0700] "GET /signup HTTP/1.1" 200 4862
0:0:0:0:0:0:0:1 - - [08/Oct/2020:20:21:15 -0700] "GET /js/pwstrength.js HTTP/1.1" 200 -
0:0:0:0:0:0:0:1 - - [08/Oct/2020:20:21:15 -0700] "GET /js/jquery-1.7.2.js HTTP/1.1" 200 293292
0:0:0:0:0:0:0:1 - - [08/Oct/2020:20:21:30 -0700] "POST /signup HTTP/1.1" 302 -
0:0:0:0:0:0:0:1 - - [08/Oct/2020:20:21:30 -0700] "GET /login HTTP/1.1" 200 1738
0:0:0:0:0:0:0:1 - - [08/Oct/2020:20:21:35 -0700] "GET /registrationConfirm?token=f5486c42-8007-4541-b52f-e2e3b3127432 HTTP/1.1" 302 -
0:0:0:0:0:0:0:1 - - [08/Oct/2020:20:21:35 -0700] "GET /login HTTP/1.1" 200 1728
0:0:0:0:0:0:0:1 - - [08/Oct/2020:20:21:40 -0700] "POST /doLogin HTTP/1.1" 302 -
0:0:0:0:0:0:0:1 - - [08/Oct/2020:20:21:40 -0700] "GET /loginSuccessful HTTP/1.1" 200 513
0:0:0:0:0:0:0:1 - - [08/Oct/2020:20:21:42 -0700] "GET /login HTTP/1.1" 200 1655
0:0:0:0:0:0:0:1 - - [08/Oct/2020:20:21:47 -0700] "GET /forgetPassword HTTP/1.1" 200 1885
0:0:0:0:0:0:0:1 - - [08/Oct/2020:20:21:47 -0700] "GET /js/pwstrength.js HTTP/1.1" 200 -
0:0:0:0:0:0:0:1 - - [08/Oct/2020:20:21:47 -0700] "GET /js/jquery-1.7.2.js HTTP/1.1" 200 293292
0:0:0:0:0:0:0:1 - - [08/Oct/2020:20:22:03 -0700] "POST /changePassword HTTP/1.1" 302 -
0:0:0:0:0:0:0:1 - - [08/Oct/2020:20:22:03 -0700] "GET /login HTTP/1.1" 200 1738
0:0:0:0:0:0:0:1 - - [08/Oct/2020:20:22:14 -0700] "GET /resetPasswordConfirm?token=0d372f42-ad18-40c5-830c-56a5dfa42883 HTTP/1.1" 404 306
0:0:0:0:0:0:0:1 - - [08/Oct/2020:20:23:16 -0700] "GET /login HTTP/1.1" 200 1655
0:0:0:0:0:0:0:1 - - [08/Oct/2020:20:23:16 -0700] "GET /login HTTP/1.1" 200 1655
0:0:0:0:0:0:0:1 - - [08/Oct/2020:20:23:18 -0700] "GET /signup HTTP/1.1" 200 4862
0:0:0:0:0:0:0:1 - - [08/Oct/2020:20:23:18 -0700] "GET /js/pwstrength.js HTTP/1.1" 200 -
0:0:0:0:0:0:0:1 - - [08/Oct/2020:20:23:18 -0700] "GET /js/jquery-1.7.2.js HTTP/1.1" 200 293292
0:0:0:0:0:0:0:1 - - [08/Oct/2020:20:23:31 -0700] "POST /signup HTTP/1.1" 302 -
0:0:0:0:0:0:0:1 - - [08/Oct/2020:20:23:31 -0700] "GET /login HTTP/1.1" 200 1738
0:0:0:0:0:0:0:1 - - [08/Oct/2020:20:23:36 -0700] "GET /registrationConfirm?token=34d35ccd-6955-4dfe-a12b-b53e17aecd0b HTTP/1.1" 302 -
0:0:0:0:0:0:0:1 - - [08/Oct/2020:20:23:36 -0700] "GET /login HTTP/1.1" 200 1728
0:0:0:0:0:0:0:1 - - [08/Oct/2020:20:23:41 -0700] "POST /doLogin HTTP/1.1" 302 -
0:0:0:0:0:0:0:1 - - [08/Oct/2020:20:23:41 -0700] "GET /loginSuccessful HTTP/1.1" 200 513
0:0:0:0:0:0:0:1 - - [08/Oct/2020:20:23:42 -0700] "GET /login HTTP/1.1" 200 1655
0:0:0:0:0:0:0:1 - - [08/Oct/2020:20:23:43 -0700] "GET /forgetPassword HTTP/1.1" 200 1885
0:0:0:0:0:0:0:1 - - [08/Oct/2020:20:23:43 -0700] "GET /js/pwstrength.js HTTP/1.1" 200 -
0:0:0:0:0:0:0:1 - - [08/Oct/2020:20:23:43 -0700] "GET /js/jquery-1.7.2.js HTTP/1.1" 200 293292
0:0:0:0:0:0:0:1 - - [08/Oct/2020:20:23:58 -0700] "POST /changePassword HTTP/1.1" 302 -
0:0:0:0:0:0:0:1 - - [08/Oct/2020:20:23:58 -0700] "GET /login HTTP/1.1" 200 1738
0:0:0:0:0:0:0:1 - - [08/Oct/2020:20:24:02 -0700] "GET /resetPasswordConfirm?token=abc3edb4-6dac-452b-a155-d1e0fc4411d9 HTTP/1.1" 404 306
0:0:0:0:0:0:0:1 - - [08/Oct/2020:20:26:17 -0700] "GET /login HTTP/1.1" 200 1655
0:0:0:0:0:0:0:1 - - [08/Oct/2020:20:26:23 -0700] "GET /signup HTTP/1.1" 200 4862
0:0:0:0:0:0:0:1 - - [08/Oct/2020:20:26:23 -0700] "GET /js/pwstrength.js HTTP/1.1" 200 -
0:0:0:0:0:0:0:1 - - [08/Oct/2020:20:26:23 -0700] "GET /js/jquery-1.7.2.js HTTP/1.1" 200 293292
0:0:0:0:0:0:0:1 - - [08/Oct/2020:20:26:37 -0700] "POST /signup HTTP/1.1" 302 -
0:0:0:0:0:0:0:1 - - [08/Oct/2020:20:26:37 -0700] "GET /login HTTP/1.1" 200 1738
0:0:0:0:0:0:0:1 - - [08/Oct/2020:20:26:41 -0700] "POST /doLogin HTTP/1.1" 302 -
0:0:0:0:0:0:0:1 - - [08/Oct/2020:20:26:41 -0700] "GET /loginFailed HTTP/1.1" 302 -
0:0:0:0:0:0:0:1 - - [08/Oct/2020:20:26:41 -0700] "GET /login HTTP/1.1" 200 1655
0:0:0:0:0:0:0:1 - - [08/Oct/2020:20:26:46 -0700] "POST /doLogin HTTP/1.1" 302 -
0:0:0:0:0:0:0:1 - - [08/Oct/2020:20:26:46 -0700] "GET /loginFailed HTTP/1.1" 302 -
0:0:0:0:0:0:0:1 - - [08/Oct/2020:20:26:46 -0700] "GET /login HTTP/1.1" 200 1655
0:0:0:0:0:0:0:1 - - [08/Oct/2020:20:26:49 -0700] "POST /doLogin HTTP/1.1" 302 -
0:0:0:0:0:0:0:1 - - [08/Oct/2020:20:26:49 -0700] "GET /loginFailed HTTP/1.1" 302 -
0:0:0:0:0:0:0:1 - - [08/Oct/2020:20:26:49 -0700] "GET /login HTTP/1.1" 200 1655
0:0:0:0:0:0:0:1 - - [08/Oct/2020:20:27:29 -0700] "GET /login HTTP/1.1" 200 1655
0:0:0:0:0:0:0:1 - - [08/Oct/2020:20:27:31 -0700] "GET /signup HTTP/1.1" 200 4862
0:0:0:0:0:0:0:1 - - [08/Oct/2020:20:27:31 -0700] "GET /js/pwstrength.js HTTP/1.1" 200 -
0:0:0:0:0:0:0:1 - - [08/Oct/2020:20:27:31 -0700] "GET /js/jquery-1.7.2.js HTTP/1.1" 200 293292
0:0:0:0:0:0:0:1 - - [08/Oct/2020:20:27:43 -0700] "POST /signup HTTP/1.1" 302 -
0:0:0:0:0:0:0:1 - - [08/Oct/2020:20:27:43 -0700] "GET /login HTTP/1.1" 200 1738
0:0:0:0:0:0:0:1 - - [08/Oct/2020:20:27:49 -0700] "GET /registrationConfirm?token=1508c38b-f2c8-40b6-9636-29d0b20deca2 HTTP/1.1" 302 -
0:0:0:0:0:0:0:1 - - [08/Oct/2020:20:27:49 -0700] "GET /login HTTP/1.1" 200 1728
0:0:0:0:0:0:0:1 - - [08/Oct/2020:20:27:55 -0700] "POST /doLogin HTTP/1.1" 302 -
0:0:0:0:0:0:0:1 - - [08/Oct/2020:20:27:55 -0700] "GET /loginSuccessful HTTP/1.1" 200 513
0:0:0:0:0:0:0:1 - - [08/Oct/2020:20:27:56 -0700] "GET /login HTTP/1.1" 200 1655
0:0:0:0:0:0:0:1 - - [08/Oct/2020:20:27:58 -0700] "GET /forgetPassword HTTP/1.1" 200 1885
0:0:0:0:0:0:0:1 - - [08/Oct/2020:20:27:58 -0700] "GET /js/pwstrength.js HTTP/1.1" 200 -
0:0:0:0:0:0:0:1 - - [08/Oct/2020:20:27:58 -0700] "GET /js/jquery-1.7.2.js HTTP/1.1" 200 293292
0:0:0:0:0:0:0:1 - - [08/Oct/2020:20:28:16 -0700] "POST /changePassword HTTP/1.1" 302 -
0:0:0:0:0:0:0:1 - - [08/Oct/2020:20:28:16 -0700] "GET /login HTTP/1.1" 200 1738
0:0:0:0:0:0:0:1 - - [08/Oct/2020:20:28:23 -0700] "GET /resetPasswordConfirm?token=3291c8e7-f44f-4f30-80fd-c82320ef9196 HTTP/1.1" 404 306
0:0:0:0:0:0:0:1 - - [08/Oct/2020:20:29:35 -0700] "GET /login HTTP/1.1" 200 1655
0:0:0:0:0:0:0:1 - - [08/Oct/2020:20:29:37 -0700] "GET /login HTTP/1.1" 200 1655
0:0:0:0:0:0:0:1 - - [08/Oct/2020:20:29:38 -0700] "GET /signup HTTP/1.1" 200 4862
0:0:0:0:0:0:0:1 - - [08/Oct/2020:20:29:39 -0700] "GET /js/pwstrength.js HTTP/1.1" 200 -
0:0:0:0:0:0:0:1 - - [08/Oct/2020:20:29:39 -0700] "GET /js/jquery-1.7.2.js HTTP/1.1" 200 293292
0:0:0:0:0:0:0:1 - - [08/Oct/2020:20:29:56 -0700] "POST /signup HTTP/1.1" 302 -
0:0:0:0:0:0:0:1 - - [08/Oct/2020:20:29:56 -0700] "GET /login HTTP/1.1" 200 1738
0:0:0:0:0:0:0:1 - - [08/Oct/2020:20:30:00 -0700] "GET /registrationConfirm?token=afec6ae0-b893-4e62-b93e-0e34d8b067e4 HTTP/1.1" 302 -
0:0:0:0:0:0:0:1 - - [08/Oct/2020:20:30:00 -0700] "GET /login HTTP/1.1" 200 1728
0:0:0:0:0:0:0:1 - - [08/Oct/2020:20:30:05 -0700] "POST /doLogin HTTP/1.1" 302 -
0:0:0:0:0:0:0:1 - - [08/Oct/2020:20:30:05 -0700] "GET /loginSuccessful HTTP/1.1" 200 513
0:0:0:0:0:0:0:1 - - [08/Oct/2020:20:30:06 -0700] "GET /login HTTP/1.1" 200 1655
0:0:0:0:0:0:0:1 - - [08/Oct/2020:20:30:07 -0700] "GET /forgetPassword HTTP/1.1" 200 1885
0:0:0:0:0:0:0:1 - - [08/Oct/2020:20:30:07 -0700] "GET /js/pwstrength.js HTTP/1.1" 200 -
0:0:0:0:0:0:0:1 - - [08/Oct/2020:20:30:07 -0700] "GET /js/jquery-1.7.2.js HTTP/1.1" 200 293292
0:0:0:0:0:0:0:1 - - [08/Oct/2020:20:30:21 -0700] "POST /changePassword HTTP/1.1" 302 -
0:0:0:0:0:0:0:1 - - [08/Oct/2020:20:30:21 -0700] "GET /login HTTP/1.1" 200 1738
0:0:0:0:0:0:0:1 - - [08/Oct/2020:20:30:25 -0700] "GET /resetPasswordConfirm?token=8e2b9aa3-c4db-4473-8933-1a91d54f46e1 HTTP/1.1" 404 306
0:0:0:0:0:0:0:1 - - [08/Oct/2020:20:32:35 -0700] "GET /login HTTP/1.1" 200 1655
0:0:0:0:0:0:0:1 - - [08/Oct/2020:20:32:35 -0700] "GET /login HTTP/1.1" 200 1655
0:0:0:0:0:0:0:1 - - [08/Oct/2020:20:32:37 -0700] "GET /signup HTTP/1.1" 200 4862
0:0:0:0:0:0:0:1 - - [08/Oct/2020:20:32:37 -0700] "GET /js/pwstrength.js HTTP/1.1" 200 -
0:0:0:0:0:0:0:1 - - [08/Oct/2020:20:32:37 -0700] "GET /js/jquery-1.7.2.js HTTP/1.1" 200 293292
0:0:0:0:0:0:0:1 - - [08/Oct/2020:20:32:47 -0700] "POST /signup HTTP/1.1" 200 5038
0:0:0:0:0:0:0:1 - - [08/Oct/2020:20:32:47 -0700] "GET /js/pwstrength.js HTTP/1.1" 200 -
0:0:0:0:0:0:0:1 - - [08/Oct/2020:20:32:47 -0700] "GET /js/jquery-1.7.2.js HTTP/1.1" 200 293292
0:0:0:0:0:0:0:1 - - [08/Oct/2020:20:33:49 -0700] "GET /signup HTTP/1.1" 200 4862
0:0:0:0:0:0:0:1 - - [08/Oct/2020:20:33:49 -0700] "GET /js/pwstrength.js HTTP/1.1" 200 -
0:0:0:0:0:0:0:1 - - [08/Oct/2020:20:33:49 -0700] "GET /js/jquery-1.7.2.js HTTP/1.1" 200 293292
0:0:0:0:0:0:0:1 - - [08/Oct/2020:20:34:00 -0700] "POST /signup HTTP/1.1" 302 -
0:0:0:0:0:0:0:1 - - [08/Oct/2020:20:34:00 -0700] "GET /login HTTP/1.1" 200 1738
0:0:0:0:0:0:0:1 - - [08/Oct/2020:20:34:03 -0700] "GET /registrationConfirm?token=ce28887c-8624-4d02-b161-cddade106499 HTTP/1.1" 302 -
0:0:0:0:0:0:0:1 - - [08/Oct/2020:20:34:03 -0700] "GET /login HTTP/1.1" 200 1728
0:0:0:0:0:0:0:1 - - [08/Oct/2020:20:34:09 -0700] "POST /doLogin HTTP/1.1" 302 -
0:0:0:0:0:0:0:1 - - [08/Oct/2020:20:34:09 -0700] "GET /loginSuccessful HTTP/1.1" 200 513
0:0:0:0:0:0:0:1 - - [08/Oct/2020:20:34:09 -0700] "GET /login HTTP/1.1" 200 1655
0:0:0:0:0:0:0:1 - - [08/Oct/2020:20:34:10 -0700] "GET /forgetPassword HTTP/1.1" 200 1885
0:0:0:0:0:0:0:1 - - [08/Oct/2020:20:34:10 -0700] "GET /js/pwstrength.js HTTP/1.1" 200 -
0:0:0:0:0:0:0:1 - - [08/Oct/2020:20:34:10 -0700] "GET /js/jquery-1.7.2.js HTTP/1.1" 200 293292
0:0:0:0:0:0:0:1 - - [08/Oct/2020:20:34:46 -0700] "POST /changePassword HTTP/1.1" 302 -
0:0:0:0:0:0:0:1 - - [08/Oct/2020:20:34:46 -0700] "GET /login HTTP/1.1" 200 1738
0:0:0:0:0:0:0:1 - - [08/Oct/2020:20:35:13 -0700] "GET /resetPasswordConfirm?token=4da70812-b658-43db-81b1-384e82f77089 HTTP/1.1" 404 306
0:0:0:0:0:0:0:1 - - [08/Oct/2020:21:07:54 -0700] "GET /login HTTP/1.1" 200 1655
0:0:0:0:0:0:0:1 - - [08/Oct/2020:21:07:54 -0700] "GET /login HTTP/1.1" 200 1655
0:0:0:0:0:0:0:1 - - [08/Oct/2020:21:07:56 -0700] "GET /signup HTTP/1.1" 200 4862
0:0:0:0:0:0:0:1 - - [08/Oct/2020:21:07:56 -0700] "GET /js/pwstrength.js HTTP/1.1" 200 -
0:0:0:0:0:0:0:1 - - [08/Oct/2020:21:07:56 -0700] "GET /js/jquery-1.7.2.js HTTP/1.1" 200 293292
0:0:0:0:0:0:0:1 - - [08/Oct/2020:21:08:03 -0700] "POST /signup HTTP/1.1" 200 5038
0:0:0:0:0:0:0:1 - - [08/Oct/2020:21:08:03 -0700] "GET /js/pwstrength.js HTTP/1.1" 200 -
0:0:0:0:0:0:0:1 - - [08/Oct/2020:21:08:03 -0700] "GET /js/jquery-1.7.2.js HTTP/1.1" 200 293292
0:0:0:0:0:0:0:1 - - [08/Oct/2020:21:08:35 -0700] "GET /signup HTTP/1.1" 200 4862
0:0:0:0:0:0:0:1 - - [08/Oct/2020:21:08:35 -0700] "GET /js/pwstrength.js HTTP/1.1" 200 -
0:0:0:0:0:0:0:1 - - [08/Oct/2020:21:08:35 -0700] "GET /js/jquery-1.7.2.js HTTP/1.1" 200 293292
0:0:0:0:0:0:0:1 - - [08/Oct/2020:21:08:55 -0700] "POST /signup HTTP/1.1" 302 -
0:0:0:0:0:0:0:1 - - [08/Oct/2020:21:08:55 -0700] "GET /login HTTP/1.1" 200 1738
0:0:0:0:0:0:0:1 - - [08/Oct/2020:21:09:00 -0700] "GET /registrationConfirm?token=2d975b3e-477c-4c12-bafd-cb0e8c3dbc18 HTTP/1.1" 302 -
0:0:0:0:0:0:0:1 - - [08/Oct/2020:21:09:00 -0700] "GET /login HTTP/1.1" 200 1728
0:0:0:0:0:0:0:1 - - [08/Oct/2020:21:09:04 -0700] "POST /doLogin HTTP/1.1" 302 -
0:0:0:0:0:0:0:1 - - [08/Oct/2020:21:09:04 -0700] "GET /loginSuccessful HTTP/1.1" 200 513
0:0:0:0:0:0:0:1 - - [08/Oct/2020:21:09:05 -0700] "GET /login HTTP/1.1" 200 1655
0:0:0:0:0:0:0:1 - - [08/Oct/2020:21:09:06 -0700] "GET /forgetPassword HTTP/1.1" 200 1885
0:0:0:0:0:0:0:1 - - [08/Oct/2020:21:09:06 -0700] "GET /js/pwstrength.js HTTP/1.1" 200 -
0:0:0:0:0:0:0:1 - - [08/Oct/2020:21:09:06 -0700] "GET /js/jquery-1.7.2.js HTTP/1.1" 200 293292
0:0:0:0:0:0:0:1 - - [08/Oct/2020:21:09:18 -0700] "POST /changePassword HTTP/1.1" 302 -
0:0:0:0:0:0:0:1 - - [08/Oct/2020:21:09:18 -0700] "GET /login HTTP/1.1" 200 1738
0:0:0:0:0:0:0:1 - - [08/Oct/2020:21:09:38 -0700] "POST /doLogin HTTP/1.1" 302 -
0:0:0:0:0:0:0:1 - - [08/Oct/2020:21:09:38 -0700] "GET /loginFailed HTTP/1.1" 302 -
0:0:0:0:0:0:0:1 - - [08/Oct/2020:21:09:38 -0700] "GET /login HTTP/1.1" 200 1655
0:0:0:0:0:0:0:1 - - [08/Oct/2020:21:09:43 -0700] "POST /doLogin HTTP/1.1" 302 -
0:0:0:0:0:0:0:1 - - [08/Oct/2020:21:09:43 -0700] "GET /loginSuccessful HTTP/1.1" 200 513
0:0:0:0:0:0:0:1 - - [08/Oct/2020:21:09:47 -0700] "GET /resetPasswordConfirm?token=69101bd0-e53f-49c3-a5e5-a63a39ec43da HTTP/1.1" 404 306
0:0:0:0:0:0:0:1 - - [08/Oct/2020:21:11:38 -0700] "GET /login HTTP/1.1" 200 1655
0:0:0:0:0:0:0:1 - - [08/Oct/2020:21:11:38 -0700] "GET /login HTTP/1.1" 200 1655
0:0:0:0:0:0:0:1 - - [08/Oct/2020:21:11:39 -0700] "GET /signup HTTP/1.1" 200 4862
0:0:0:0:0:0:0:1 - - [08/Oct/2020:21:11:39 -0700] "GET /js/pwstrength.js HTTP/1.1" 200 -
0:0:0:0:0:0:0:1 - - [08/Oct/2020:21:11:39 -0700] "GET /js/jquery-1.7.2.js HTTP/1.1" 200 293292
0:0:0:0:0:0:0:1 - - [08/Oct/2020:21:11:55 -0700] "POST /signup HTTP/1.1" 302 -
0:0:0:0:0:0:0:1 - - [08/Oct/2020:21:11:55 -0700] "GET /login HTTP/1.1" 200 1738
0:0:0:0:0:0:0:1 - - [08/Oct/2020:21:11:58 -0700] "GET /registrationConfirm?token=5745590a-ea03-4091-a1f0-bcaf7dc274ba HTTP/1.1" 302 -
0:0:0:0:0:0:0:1 - - [08/Oct/2020:21:11:58 -0700] "GET /login HTTP/1.1" 200 1728
0:0:0:0:0:0:0:1 - - [08/Oct/2020:21:12:03 -0700] "POST /doLogin HTTP/1.1" 302 -
0:0:0:0:0:0:0:1 - - [08/Oct/2020:21:12:03 -0700] "GET /loginSuccessful HTTP/1.1" 200 513
0:0:0:0:0:0:0:1 - - [08/Oct/2020:21:12:04 -0700] "GET /login HTTP/1.1" 200 1655
0:0:0:0:0:0:0:1 - - [08/Oct/2020:21:12:05 -0700] "GET /forgetPassword HTTP/1.1" 200 1885
0:0:0:0:0:0:0:1 - - [08/Oct/2020:21:12:05 -0700] "GET /js/pwstrength.js HTTP/1.1" 200 -
0:0:0:0:0:0:0:1 - - [08/Oct/2020:21:12:05 -0700] "GET /js/jquery-1.7.2.js HTTP/1.1" 200 293292
0:0:0:0:0:0:0:1 - - [08/Oct/2020:21:12:19 -0700] "POST /changePassword HTTP/1.1" 302 -
0:0:0:0:0:0:0:1 - - [08/Oct/2020:21:12:19 -0700] "GET /login HTTP/1.1" 200 1738
0:0:0:0:0:0:0:1 - - [08/Oct/2020:21:12:21 -0700] "GET /resetPasswordConfirm?token=52d9fdc7-1af8-4033-bb14-ab7845a36880 HTTP/1.1" 404 306
