0:0:0:0:0:0:0:1 - - [20/Sep/2020:22:20:27 -0700] "GET / HTTP/1.1" 302 -
0:0:0:0:0:0:0:1 - - [20/Sep/2020:22:20:27 -0700] "GET / HTTP/1.1" 302 -
0:0:0:0:0:0:0:1 - - [20/Sep/2020:22:20:27 -0700] "GET /login HTTP/1.1" 200 1343
0:0:0:0:0:0:0:1 - - [20/Sep/2020:22:20:27 -0700] "GET /login HTTP/1.1" 200 1343
0:0:0:0:0:0:0:1 - - [20/Sep/2020:22:20:29 -0700] "GET /signup HTTP/1.1" 200 2534
0:0:0:0:0:0:0:1 - - [20/Sep/2020:22:20:29 -0700] "GET /js/pwstrength.js HTTP/1.1" 200 10303
0:0:0:0:0:0:0:1 - - [20/Sep/2020:22:20:29 -0700] "GET /js/jquery-1.7.2.js HTTP/1.1" 200 274484
0:0:0:0:0:0:0:1 - - [20/Sep/2020:22:20:42 -0700] "POST /user/register HTTP/1.1" 500 15289
0:0:0:0:0:0:0:1 - - [20/Sep/2020:22:23:42 -0700] "GET / HTTP/1.1" 302 -
0:0:0:0:0:0:0:1 - - [20/Sep/2020:22:23:42 -0700] "GET / HTTP/1.1" 302 -
0:0:0:0:0:0:0:1 - - [20/Sep/2020:22:23:42 -0700] "GET /login HTTP/1.1" 200 1343
0:0:0:0:0:0:0:1 - - [20/Sep/2020:22:23:42 -0700] "GET /login HTTP/1.1" 200 1343
0:0:0:0:0:0:0:1 - - [20/Sep/2020:22:23:44 -0700] "GET /signup HTTP/1.1" 200 2534
0:0:0:0:0:0:0:1 - - [20/Sep/2020:22:23:44 -0700] "GET /js/pwstrength.js HTTP/1.1" 200 10303
0:0:0:0:0:0:0:1 - - [20/Sep/2020:22:23:44 -0700] "GET /js/jquery-1.7.2.js HTTP/1.1" 200 274484
0:0:0:0:0:0:0:1 - - [20/Sep/2020:22:23:58 -0700] "POST /user/register HTTP/1.1" 500 15289
0:0:0:0:0:0:0:1 - - [20/Sep/2020:22:30:59 -0700] "GET /login HTTP/1.1" 200 1343
0:0:0:0:0:0:0:1 - - [20/Sep/2020:22:31:00 -0700] "GET / HTTP/1.1" 302 -
0:0:0:0:0:0:0:1 - - [20/Sep/2020:22:31:00 -0700] "GET / HTTP/1.1" 302 -
0:0:0:0:0:0:0:1 - - [20/Sep/2020:22:31:00 -0700] "GET /login HTTP/1.1" 200 1343
0:0:0:0:0:0:0:1 - - [20/Sep/2020:22:31:01 -0700] "GET /signup HTTP/1.1" 200 2534
0:0:0:0:0:0:0:1 - - [20/Sep/2020:22:31:01 -0700] "GET /js/pwstrength.js HTTP/1.1" 200 10303
0:0:0:0:0:0:0:1 - - [20/Sep/2020:22:31:02 -0700] "GET /js/jquery-1.7.2.js HTTP/1.1" 200 274484
0:0:0:0:0:0:0:1 - - [20/Sep/2020:22:31:13 -0700] "POST /user/register HTTP/1.1" 500 15498
0:0:0:0:0:0:0:1 - - [20/Sep/2020:22:33:45 -0700] "GET / HTTP/1.1" 302 -
0:0:0:0:0:0:0:1 - - [20/Sep/2020:22:33:45 -0700] "GET / HTTP/1.1" 302 -
0:0:0:0:0:0:0:1 - - [20/Sep/2020:22:33:45 -0700] "GET /login HTTP/1.1" 200 1343
0:0:0:0:0:0:0:1 - - [20/Sep/2020:22:33:45 -0700] "GET /login HTTP/1.1" 200 1343
0:0:0:0:0:0:0:1 - - [20/Sep/2020:22:33:48 -0700] "GET /signup HTTP/1.1" 200 2534
0:0:0:0:0:0:0:1 - - [20/Sep/2020:22:33:48 -0700] "GET /js/pwstrength.js HTTP/1.1" 200 10303
0:0:0:0:0:0:0:1 - - [20/Sep/2020:22:33:48 -0700] "GET /js/jquery-1.7.2.js HTTP/1.1" 200 274484
0:0:0:0:0:0:0:1 - - [20/Sep/2020:22:34:02 -0700] "POST /user/register HTTP/1.1" 500 15498
0:0:0:0:0:0:0:1 - - [20/Sep/2020:22:34:47 -0700] "GET / HTTP/1.1" 302 -
0:0:0:0:0:0:0:1 - - [20/Sep/2020:22:34:47 -0700] "GET /login HTTP/1.1" 200 1343
0:0:0:0:0:0:0:1 - - [20/Sep/2020:22:34:47 -0700] "GET / HTTP/1.1" 302 -
0:0:0:0:0:0:0:1 - - [20/Sep/2020:22:34:47 -0700] "GET /login HTTP/1.1" 200 1343
0:0:0:0:0:0:0:1 - - [20/Sep/2020:22:34:49 -0700] "GET /signup HTTP/1.1" 200 2534
0:0:0:0:0:0:0:1 - - [20/Sep/2020:22:34:49 -0700] "GET /js/pwstrength.js HTTP/1.1" 200 10303
0:0:0:0:0:0:0:1 - - [20/Sep/2020:22:34:49 -0700] "GET /js/jquery-1.7.2.js HTTP/1.1" 200 274484
0:0:0:0:0:0:0:1 - - [20/Sep/2020:22:35:11 -0700] "POST /user/register HTTP/1.1" 500 15289
0:0:0:0:0:0:0:1 - - [20/Sep/2020:22:49:34 -0700] "GET / HTTP/1.1" 302 -
0:0:0:0:0:0:0:1 - - [20/Sep/2020:22:49:34 -0700] "GET /login HTTP/1.1" 200 1343
0:0:0:0:0:0:0:1 - - [20/Sep/2020:22:49:35 -0700] "GET / HTTP/1.1" 302 -
0:0:0:0:0:0:0:1 - - [20/Sep/2020:22:49:35 -0700] "GET /login HTTP/1.1" 200 1343
0:0:0:0:0:0:0:1 - - [20/Sep/2020:22:49:37 -0700] "GET /forgotPassword HTTP/1.1" 200 872
0:0:0:0:0:0:0:1 - - [20/Sep/2020:22:49:41 -0700] "POST /user/resetPassword HTTP/1.1" 500 14315
0:0:0:0:0:0:0:1 - - [20/Sep/2020:22:49:44 -0700] "GET /forgotPassword HTTP/1.1" 200 872
0:0:0:0:0:0:0:1 - - [20/Sep/2020:22:56:39 -0700] "GET /login HTTP/1.1" 200 1343
0:0:0:0:0:0:0:1 - - [20/Sep/2020:23:06:26 -0700] "GET / HTTP/1.1" 302 -
0:0:0:0:0:0:0:1 - - [20/Sep/2020:23:06:26 -0700] "GET / HTTP/1.1" 302 -
0:0:0:0:0:0:0:1 - - [20/Sep/2020:23:06:26 -0700] "GET /login HTTP/1.1" 200 1343
0:0:0:0:0:0:0:1 - - [20/Sep/2020:23:06:26 -0700] "GET /login HTTP/1.1" 200 1343
0:0:0:0:0:0:0:1 - - [20/Sep/2020:23:06:28 -0700] "GET /signup HTTP/1.1" 200 2534
0:0:0:0:0:0:0:1 - - [20/Sep/2020:23:06:28 -0700] "GET /js/pwstrength.js HTTP/1.1" 200 10303
0:0:0:0:0:0:0:1 - - [20/Sep/2020:23:06:28 -0700] "GET /js/jquery-1.7.2.js HTTP/1.1" 200 274484
0:0:0:0:0:0:0:1 - - [20/Sep/2020:23:06:42 -0700] "POST /user/register HTTP/1.1" 500 15289
0:0:0:0:0:0:0:1 - - [20/Sep/2020:23:19:08 -0700] "GET / HTTP/1.1" 302 -
0:0:0:0:0:0:0:1 - - [20/Sep/2020:23:19:08 -0700] "GET / HTTP/1.1" 302 -
0:0:0:0:0:0:0:1 - - [20/Sep/2020:23:19:09 -0700] "GET /login HTTP/1.1" 200 1343
0:0:0:0:0:0:0:1 - - [20/Sep/2020:23:19:09 -0700] "GET /login HTTP/1.1" 200 1343
0:0:0:0:0:0:0:1 - - [20/Sep/2020:23:19:13 -0700] "GET /signup HTTP/1.1" 200 2534
0:0:0:0:0:0:0:1 - - [20/Sep/2020:23:19:13 -0700] "GET /js/pwstrength.js HTTP/1.1" 200 10303
0:0:0:0:0:0:0:1 - - [20/Sep/2020:23:19:13 -0700] "GET /js/jquery-1.7.2.js HTTP/1.1" 200 274484
0:0:0:0:0:0:0:1 - - [20/Sep/2020:23:19:33 -0700] "POST /user/register HTTP/1.1" 500 15289
0:0:0:0:0:0:0:1 - - [20/Sep/2020:23:24:11 -0700] "GET / HTTP/1.1" 302 -
0:0:0:0:0:0:0:1 - - [20/Sep/2020:23:24:11 -0700] "GET /login HTTP/1.1" 200 1343
0:0:0:0:0:0:0:1 - - [20/Sep/2020:23:24:11 -0700] "GET / HTTP/1.1" 302 -
0:0:0:0:0:0:0:1 - - [20/Sep/2020:23:24:11 -0700] "GET /login HTTP/1.1" 200 1343
0:0:0:0:0:0:0:1 - - [20/Sep/2020:23:24:13 -0700] "GET /signup HTTP/1.1" 200 2534
0:0:0:0:0:0:0:1 - - [20/Sep/2020:23:24:13 -0700] "GET /js/pwstrength.js HTTP/1.1" 200 10303
0:0:0:0:0:0:0:1 - - [20/Sep/2020:23:24:13 -0700] "GET /js/jquery-1.7.2.js HTTP/1.1" 200 274484
0:0:0:0:0:0:0:1 - - [20/Sep/2020:23:24:25 -0700] "POST /user/register HTTP/1.1" 302 -
0:0:0:0:0:0:0:1 - - [20/Sep/2020:23:24:25 -0700] "GET /login HTTP/1.1" 200 1429
