0:0:0:0:0:0:0:1 - - [28/Sep/2020:00:15:14 -0700] "GET /login HTTP/1.1" 200 1646
0:0:0:0:0:0:0:1 - - [28/Sep/2020:00:15:16 -0700] "GET /signup HTTP/1.1" 200 4744
0:0:0:0:0:0:0:1 - - [28/Sep/2020:00:15:16 -0700] "GET /js/pwstrength.js HTTP/1.1" 200 -
0:0:0:0:0:0:0:1 - - [28/Sep/2020:00:15:16 -0700] "GET /js/jquery-1.7.2.js HTTP/1.1" 200 293292
0:0:0:0:0:0:0:1 - - [28/Sep/2020:00:15:49 -0700] "POST /signup HTTP/1.1" 302 -
0:0:0:0:0:0:0:1 - - [28/Sep/2020:00:15:49 -0700] "GET /login HTTP/1.1" 200 1646
0:0:0:0:0:0:0:1 - - [28/Sep/2020:00:15:57 -0700] "GET /registrationConfirm?token=ceea7cb4-4d8b-458f-a682-ba2148b2fe7e HTTP/1.1" 302 -
0:0:0:0:0:0:0:1 - - [28/Sep/2020:00:15:57 -0700] "GET /login HTTP/1.1" 200 1646
0:0:0:0:0:0:0:1 - - [28/Sep/2020:00:16:05 -0700] "POST /doLogin HTTP/1.1" 302 -
0:0:0:0:0:0:0:1 - - [28/Sep/2020:00:16:05 -0700] "GET /loginSuccessful HTTP/1.1" 302 -
0:0:0:0:0:0:0:1 - - [28/Sep/2020:00:16:05 -0700] "GET /login HTTP/1.1" 200 1646
0:0:0:0:0:0:0:1 - - [28/Sep/2020:00:16:14 -0700] "POST /doLogin HTTP/1.1" 302 -
0:0:0:0:0:0:0:1 - - [28/Sep/2020:00:16:14 -0700] "GET /loginSuccessful HTTP/1.1" 200 343
0:0:0:0:0:0:0:1 - - [28/Sep/2020:00:17:07 -0700] "GET /login HTTP/1.1" 200 1646
0:0:0:0:0:0:0:1 - - [28/Sep/2020:00:17:11 -0700] "POST /doLogin HTTP/1.1" 302 -
0:0:0:0:0:0:0:1 - - [28/Sep/2020:00:17:11 -0700] "GET /login?error HTTP/1.1" 500 13132
0:0:0:0:0:0:0:1 - - [28/Sep/2020:00:17:13 -0700] "GET /login HTTP/1.1" 200 1646
0:0:0:0:0:0:0:1 - - [28/Sep/2020:00:17:18 -0700] "POST /doLogin HTTP/1.1" 302 -
0:0:0:0:0:0:0:1 - - [28/Sep/2020:00:17:19 -0700] "GET /loginSuccessful HTTP/1.1" 200 343
0:0:0:0:0:0:0:1 - - [28/Sep/2020:00:21:36 -0700] "GET /login HTTP/1.1" 200 1646
0:0:0:0:0:0:0:1 - - [28/Sep/2020:00:22:01 -0700] "POST /doLogin HTTP/1.1" 302 -
0:0:0:0:0:0:0:1 - - [28/Sep/2020:00:22:01 -0700] "GET /loginSuccessful HTTP/1.1" 302 -
0:0:0:0:0:0:0:1 - - [28/Sep/2020:00:22:01 -0700] "GET /login HTTP/1.1" 200 1646
0:0:0:0:0:0:0:1 - - [28/Sep/2020:00:22:55 -0700] "GET /loginSuccessful HTTP/1.1" 302 -
0:0:0:0:0:0:0:1 - - [28/Sep/2020:00:22:55 -0700] "GET /login HTTP/1.1" 200 1646
0:0:0:0:0:0:0:1 - - [28/Sep/2020:00:24:46 -0700] "POST /doLogin HTTP/1.1" 302 -
0:0:0:0:0:0:0:1 - - [28/Sep/2020:00:24:46 -0700] "GET /loginSuccessful HTTP/1.1" 200 343
0:0:0:0:0:0:0:1 - - [28/Sep/2020:00:31:32 -0700] "GET /loginSuccessful HTTP/1.1" 302 -
0:0:0:0:0:0:0:1 - - [28/Sep/2020:00:31:32 -0700] "GET /login HTTP/1.1" 200 1646
0:0:0:0:0:0:0:1 - - [28/Sep/2020:00:31:38 -0700] "GET /login HTTP/1.1" 200 1646
0:0:0:0:0:0:0:1 - - [28/Sep/2020:00:31:38 -0700] "GET /login HTTP/1.1" 200 1646
0:0:0:0:0:0:0:1 - - [28/Sep/2020:00:31:38 -0700] "GET /login HTTP/1.1" 200 1646
0:0:0:0:0:0:0:1 - - [28/Sep/2020:00:31:53 -0700] "GET /loginSuccessful HTTP/1.1" 302 -
0:0:0:0:0:0:0:1 - - [28/Sep/2020:00:31:53 -0700] "GET /login HTTP/1.1" 200 1646
0:0:0:0:0:0:0:1 - - [28/Sep/2020:00:32:01 -0700] "GET /loginSuccessful HTTP/1.1" 302 -
0:0:0:0:0:0:0:1 - - [28/Sep/2020:00:32:01 -0700] "GET /login HTTP/1.1" 200 1646
0:0:0:0:0:0:0:1 - - [28/Sep/2020:00:35:30 -0700] "POST /doLogin HTTP/1.1" 302 -
0:0:0:0:0:0:0:1 - - [28/Sep/2020:00:35:30 -0700] "GET /loginSuccessful HTTP/1.1" 302 -
0:0:0:0:0:0:0:1 - - [28/Sep/2020:00:35:30 -0700] "GET /login HTTP/1.1" 200 1646
0:0:0:0:0:0:0:1 - - [28/Sep/2020:00:40:21 -0700] "GET /login HTTP/1.1" 200 1646
0:0:0:0:0:0:0:1 - - [28/Sep/2020:00:40:36 -0700] "GET /loginSuccessful HTTP/1.1" 302 -
0:0:0:0:0:0:0:1 - - [28/Sep/2020:00:40:36 -0700] "GET /login HTTP/1.1" 200 1646
0:0:0:0:0:0:0:1 - - [28/Sep/2020:00:41:31 -0700] "GET //loginSuccessful HTTP/1.1" 302 -
0:0:0:0:0:0:0:1 - - [28/Sep/2020:00:41:31 -0700] "GET /login HTTP/1.1" 200 1646
0:0:0:0:0:0:0:1 - - [28/Sep/2020:00:42:37 -0700] "POST /doLogin HTTP/1.1" 302 -
0:0:0:0:0:0:0:1 - - [28/Sep/2020:00:42:37 -0700] "GET /login?error HTTP/1.1" 500 13132
0:0:0:0:0:0:0:1 - - [28/Sep/2020:00:43:05 -0700] "GET /login HTTP/1.1" 200 1646
0:0:0:0:0:0:0:1 - - [28/Sep/2020:00:50:37 -0700] "POST /doLogin HTTP/1.1" 302 -
0:0:0:0:0:0:0:1 - - [28/Sep/2020:00:50:37 -0700] "GET /loginSuccessful HTTP/1.1" 200 343
0:0:0:0:0:0:0:1 - - [28/Sep/2020:00:51:44 -0700] "GET /login HTTP/1.1" 200 1646
0:0:0:0:0:0:0:1 - - [28/Sep/2020:00:52:08 -0700] "POST /doLogin HTTP/1.1" 302 -
0:0:0:0:0:0:0:1 - - [28/Sep/2020:00:52:08 -0700] "GET /loginSuccessful HTTP/1.1" 302 -
0:0:0:0:0:0:0:1 - - [28/Sep/2020:00:52:08 -0700] "GET /login HTTP/1.1" 200 1646
0:0:0:0:0:0:0:1 - - [28/Sep/2020:00:52:50 -0700] "GET /login HTTP/1.1" 200 1646
0:0:0:0:0:0:0:1 - - [28/Sep/2020:00:52:51 -0700] "GET /login HTTP/1.1" 200 1646
0:0:0:0:0:0:0:1 - - [28/Sep/2020:00:52:51 -0700] "GET /login HTTP/1.1" 200 1646
0:0:0:0:0:0:0:1 - - [28/Sep/2020:00:52:52 -0700] "GET /login HTTP/1.1" 200 1646
0:0:0:0:0:0:0:1 - - [28/Sep/2020:00:53:04 -0700] "POST /doLogin HTTP/1.1" 302 -
0:0:0:0:0:0:0:1 - - [28/Sep/2020:00:53:04 -0700] "GET /loginSuccessful HTTP/1.1" 302 -
0:0:0:0:0:0:0:1 - - [28/Sep/2020:00:53:04 -0700] "GET /login HTTP/1.1" 200 1646
0:0:0:0:0:0:0:1 - - [28/Sep/2020:00:56:39 -0700] "POST /doLogin HTTP/1.1" 302 -
0:0:0:0:0:0:0:1 - - [28/Sep/2020:00:56:39 -0700] "GET /loginSuccessful HTTP/1.1" 200 343
0:0:0:0:0:0:0:1 - - [28/Sep/2020:01:04:14 -0700] "GET /loginSuccessful HTTP/1.1" 200 343
0:0:0:0:0:0:0:1 - - [28/Sep/2020:01:05:48 -0700] "GET /login HTTP/1.1" 200 1646
0:0:0:0:0:0:0:1 - - [28/Sep/2020:01:06:00 -0700] "POST /doLogin HTTP/1.1" 302 -
0:0:0:0:0:0:0:1 - - [28/Sep/2020:01:06:00 -0700] "GET /loginSuccessful HTTP/1.1" 200 343
0:0:0:0:0:0:0:1 - - [28/Sep/2020:01:06:28 -0700] "GET /login HTTP/1.1" 200 1646
0:0:0:0:0:0:0:1 - - [28/Sep/2020:01:06:34 -0700] "POST /doLogin HTTP/1.1" 302 -
0:0:0:0:0:0:0:1 - - [28/Sep/2020:01:06:34 -0700] "GET /loginSuccessful HTTP/1.1" 302 -
0:0:0:0:0:0:0:1 - - [28/Sep/2020:01:06:34 -0700] "GET /login HTTP/1.1" 200 1646
0:0:0:0:0:0:0:1 - - [28/Sep/2020:01:08:36 -0700] "GET /login HTTP/1.1" 200 1646
0:0:0:0:0:0:0:1 - - [28/Sep/2020:01:08:36 -0700] "GET /favicon.ico HTTP/1.1" 302 -
0:0:0:0:0:0:0:1 - - [28/Sep/2020:01:08:36 -0700] "GET /login HTTP/1.1" 200 1646
0:0:0:0:0:0:0:1 - - [28/Sep/2020:01:08:41 -0700] "POST /doLogin HTTP/1.1" 302 -
0:0:0:0:0:0:0:1 - - [28/Sep/2020:01:08:41 -0700] "GET /loginSuccessful HTTP/1.1" 302 -
0:0:0:0:0:0:0:1 - - [28/Sep/2020:01:08:41 -0700] "GET /login HTTP/1.1" 200 1646
0:0:0:0:0:0:0:1 - - [28/Sep/2020:01:08:41 -0700] "GET /favicon.ico HTTP/1.1" 302 -
0:0:0:0:0:0:0:1 - - [28/Sep/2020:01:08:41 -0700] "GET /login HTTP/1.1" 200 1646
0:0:0:0:0:0:0:1 - - [28/Sep/2020:01:09:24 -0700] "POST /doLogin HTTP/1.1" 302 -
0:0:0:0:0:0:0:1 - - [28/Sep/2020:01:09:24 -0700] "GET /loginSuccessful HTTP/1.1" 302 -
0:0:0:0:0:0:0:1 - - [28/Sep/2020:01:09:24 -0700] "GET /login HTTP/1.1" 200 1646
0:0:0:0:0:0:0:1 - - [28/Sep/2020:01:09:24 -0700] "GET /favicon.ico HTTP/1.1" 302 -
0:0:0:0:0:0:0:1 - - [28/Sep/2020:01:09:24 -0700] "GET /login HTTP/1.1" 200 1646
0:0:0:0:0:0:0:1 - - [28/Sep/2020:01:09:33 -0700] "GET /doLogin HTTP/1.1" 404 306
0:0:0:0:0:0:0:1 - - [28/Sep/2020:01:09:33 -0700] "GET /favicon.ico HTTP/1.1" 302 -
0:0:0:0:0:0:0:1 - - [28/Sep/2020:01:09:33 -0700] "GET /login HTTP/1.1" 200 1646
0:0:0:0:0:0:0:1 - - [28/Sep/2020:01:14:39 -0700] "POST /doLogin HTTP/1.1" 302 -
0:0:0:0:0:0:0:1 - - [28/Sep/2020:01:14:39 -0700] "GET /loginSuccessful HTTP/1.1" 200 343
0:0:0:0:0:0:0:1 - - [28/Sep/2020:01:14:39 -0700] "GET /favicon.ico HTTP/1.1" 200 1150
0:0:0:0:0:0:0:1 - - [28/Sep/2020:01:15:38 -0700] "GET /login HTTP/1.1" 200 1646
0:0:0:0:0:0:0:1 - - [28/Sep/2020:01:15:46 -0700] "POST /doLogin HTTP/1.1" 302 -
0:0:0:0:0:0:0:1 - - [28/Sep/2020:01:15:46 -0700] "GET /loginSuccessful HTTP/1.1" 200 343
0:0:0:0:0:0:0:1 - - [28/Sep/2020:01:15:52 -0700] "GET /login HTTP/1.1" 200 1646
0:0:0:0:0:0:0:1 - - [28/Sep/2020:01:16:16 -0700] "POST /doLogin HTTP/1.1" 302 -
0:0:0:0:0:0:0:1 - - [28/Sep/2020:01:16:16 -0700] "GET /loginSuccessful HTTP/1.1" 302 -
0:0:0:0:0:0:0:1 - - [28/Sep/2020:01:16:16 -0700] "GET /login HTTP/1.1" 200 1646
0:0:0:0:0:0:0:1 - - [28/Sep/2020:01:17:16 -0700] "POST /doLogin HTTP/1.1" 302 -
0:0:0:0:0:0:0:1 - - [28/Sep/2020:01:17:16 -0700] "GET /loginSuccessful HTTP/1.1" 302 -
0:0:0:0:0:0:0:1 - - [28/Sep/2020:01:17:16 -0700] "GET /login HTTP/1.1" 200 1646
0:0:0:0:0:0:0:1 - - [28/Sep/2020:01:21:16 -0700] "GET /login HTTP/1.1" 200 1646
0:0:0:0:0:0:0:1 - - [28/Sep/2020:01:21:17 -0700] "GET /favicon.ico HTTP/1.1" 302 -
0:0:0:0:0:0:0:1 - - [28/Sep/2020:01:21:46 -0700] "GET /login HTTP/1.1" 200 1646
0:0:0:0:0:0:0:1 - - [28/Sep/2020:01:21:47 -0700] "GET /favicon.ico HTTP/1.1" 302 -
0:0:0:0:0:0:0:1 - - [28/Sep/2020:01:21:47 -0700] "GET /login HTTP/1.1" 200 1646
0:0:0:0:0:0:0:1 - - [28/Sep/2020:01:21:52 -0700] "POST /doLogin HTTP/1.1" 302 -
0:0:0:0:0:0:0:1 - - [28/Sep/2020:01:21:52 -0700] "GET /loginSuccessful HTTP/1.1" 200 343
0:0:0:0:0:0:0:1 - - [28/Sep/2020:01:22:22 -0700] "GET /login HTTP/1.1" 200 1646
0:0:0:0:0:0:0:1 - - [28/Sep/2020:01:22:28 -0700] "POST /doLogin HTTP/1.1" 302 -
0:0:0:0:0:0:0:1 - - [28/Sep/2020:01:22:28 -0700] "GET /loginSuccessful HTTP/1.1" 200 343
0:0:0:0:0:0:0:1 - - [28/Sep/2020:01:22:31 -0700] "GET /login HTTP/1.1" 200 1646
0:0:0:0:0:0:0:1 - - [28/Sep/2020:01:23:38 -0700] "GET /login HTTP/1.1" 200 1646
0:0:0:0:0:0:0:1 - - [28/Sep/2020:01:23:44 -0700] "POST /doLogin HTTP/1.1" 302 -
0:0:0:0:0:0:0:1 - - [28/Sep/2020:01:23:44 -0700] "GET /loginSuccessful HTTP/1.1" 200 343
0:0:0:0:0:0:0:1 - - [28/Sep/2020:16:07:26 -0700] "GET /login HTTP/1.1" 200 1646
0:0:0:0:0:0:0:1 - - [28/Sep/2020:16:07:51 -0700] "GET /login HTTP/1.1" 200 1646
0:0:0:0:0:0:0:1 - - [28/Sep/2020:16:07:51 -0700] "GET /favicon.ico HTTP/1.1" 302 -
0:0:0:0:0:0:0:1 - - [28/Sep/2020:16:07:54 -0700] "POST /doLogin HTTP/1.1" 302 -
0:0:0:0:0:0:0:1 - - [28/Sep/2020:16:07:54 -0700] "GET /loginSuccessful HTTP/1.1" 500 9079
0:0:0:0:0:0:0:1 - - [28/Sep/2020:16:09:14 -0700] "GET /login HTTP/1.1" 200 1646
0:0:0:0:0:0:0:1 - - [28/Sep/2020:16:09:46 -0700] "POST /doLogin HTTP/1.1" 302 -
0:0:0:0:0:0:0:1 - - [28/Sep/2020:16:09:46 -0700] "GET /loginSuccessful HTTP/1.1" 200 288
0:0:0:0:0:0:0:1 - - [28/Sep/2020:16:09:48 -0700] "GET /login HTTP/1.1" 200 1646
0:0:0:0:0:0:0:1 - - [28/Sep/2020:16:12:10 -0700] "GET /login HTTP/1.1" 200 1646
0:0:0:0:0:0:0:1 - - [28/Sep/2020:16:12:15 -0700] "POST /doLogin HTTP/1.1" 302 -
0:0:0:0:0:0:0:1 - - [28/Sep/2020:16:12:15 -0700] "GET /loginFailed HTTP/1.1" 302 -
0:0:0:0:0:0:0:1 - - [28/Sep/2020:16:12:16 -0700] "GET /login HTTP/1.1" 200 1646
0:0:0:0:0:0:0:1 - - [28/Sep/2020:16:14:27 -0700] "POST /doLogin HTTP/1.1" 302 -
0:0:0:0:0:0:0:1 - - [28/Sep/2020:16:14:27 -0700] "GET /loginFailed HTTP/1.1" 302 -
0:0:0:0:0:0:0:1 - - [28/Sep/2020:16:14:27 -0700] "GET /login HTTP/1.1" 200 1655
0:0:0:0:0:0:0:1 - - [28/Sep/2020:16:14:45 -0700] "GET /login HTTP/1.1" 200 1655
0:0:0:0:0:0:0:1 - - [28/Sep/2020:16:14:45 -0700] "GET /favicon.ico HTTP/1.1" 302 -
0:0:0:0:0:0:0:1 - - [28/Sep/2020:16:14:49 -0700] "POST /doLogin HTTP/1.1" 302 -
0:0:0:0:0:0:0:1 - - [28/Sep/2020:16:14:49 -0700] "GET /loginFailed HTTP/1.1" 302 -
0:0:0:0:0:0:0:1 - - [28/Sep/2020:16:14:49 -0700] "GET /login HTTP/1.1" 200 1655
0:0:0:0:0:0:0:1 - - [28/Sep/2020:16:15:00 -0700] "POST /doLogin HTTP/1.1" 302 -
0:0:0:0:0:0:0:1 - - [28/Sep/2020:16:15:00 -0700] "GET /loginFailed HTTP/1.1" 302 -
0:0:0:0:0:0:0:1 - - [28/Sep/2020:16:15:00 -0700] "GET /login HTTP/1.1" 200 1655
0:0:0:0:0:0:0:1 - - [28/Sep/2020:16:15:10 -0700] "POST /doLogin HTTP/1.1" 302 -
0:0:0:0:0:0:0:1 - - [28/Sep/2020:16:15:10 -0700] "GET /loginSuccessful HTTP/1.1" 200 288
0:0:0:0:0:0:0:1 - - [28/Sep/2020:16:15:12 -0700] "GET /login HTTP/1.1" 200 1655
0:0:0:0:0:0:0:1 - - [28/Sep/2020:16:16:53 -0700] "GET /login HTTP/1.1" 200 1655
0:0:0:0:0:0:0:1 - - [28/Sep/2020:16:16:58 -0700] "POST /doLogin HTTP/1.1" 302 -
0:0:0:0:0:0:0:1 - - [28/Sep/2020:16:16:58 -0700] "GET /loginFailed HTTP/1.1" 302 -
0:0:0:0:0:0:0:1 - - [28/Sep/2020:16:16:58 -0700] "GET /login HTTP/1.1" 200 1655
0:0:0:0:0:0:0:1 - - [28/Sep/2020:16:17:00 -0700] "POST /doLogin HTTP/1.1" 302 -
0:0:0:0:0:0:0:1 - - [28/Sep/2020:16:17:00 -0700] "GET /loginSuccessful HTTP/1.1" 200 288
0:0:0:0:0:0:0:1 - - [28/Sep/2020:16:17:02 -0700] "GET /login HTTP/1.1" 200 1655
0:0:0:0:0:0:0:1 - - [28/Sep/2020:16:17:05 -0700] "POST /doLogin HTTP/1.1" 302 -
0:0:0:0:0:0:0:1 - - [28/Sep/2020:16:17:05 -0700] "GET /loginFailed HTTP/1.1" 302 -
0:0:0:0:0:0:0:1 - - [28/Sep/2020:16:17:05 -0700] "GET /login HTTP/1.1" 200 1655
0:0:0:0:0:0:0:1 - - [28/Sep/2020:16:22:08 -0700] "GET /login HTTP/1.1" 200 1655
0:0:0:0:0:0:0:1 - - [28/Sep/2020:16:26:05 -0700] "GET /login HTTP/1.1" 200 1655
0:0:0:0:0:0:0:1 - - [28/Sep/2020:16:26:06 -0700] "GET /favicon.ico HTTP/1.1" 302 -
0:0:0:0:0:0:0:1 - - [28/Sep/2020:16:26:08 -0700] "POST /doLogin HTTP/1.1" 302 -
0:0:0:0:0:0:0:1 - - [28/Sep/2020:16:26:08 -0700] "GET /loginSuccessful HTTP/1.1" 200 288
0:0:0:0:0:0:0:1 - - [28/Sep/2020:16:26:10 -0700] "GET /login HTTP/1.1" 200 1655
0:0:0:0:0:0:0:1 - - [28/Sep/2020:16:26:13 -0700] "POST /doLogin HTTP/1.1" 302 -
0:0:0:0:0:0:0:1 - - [28/Sep/2020:16:26:13 -0700] "GET /loginFailed HTTP/1.1" 302 -
0:0:0:0:0:0:0:1 - - [28/Sep/2020:16:26:13 -0700] "GET /login HTTP/1.1" 200 1655
0:0:0:0:0:0:0:1 - - [28/Sep/2020:16:34:15 -0700] "GET /login HTTP/1.1" 200 1655
0:0:0:0:0:0:0:1 - - [28/Sep/2020:17:12:04 -0700] "GET /login HTTP/1.1" 200 1655
0:0:0:0:0:0:0:1 - - [28/Sep/2020:17:12:07 -0700] "POST /doLogin HTTP/1.1" 302 -
0:0:0:0:0:0:0:1 - - [28/Sep/2020:17:12:07 -0700] "GET /loginSuccessful HTTP/1.1" 200 288
0:0:0:0:0:0:0:1 - - [28/Sep/2020:17:12:08 -0700] "GET /login HTTP/1.1" 200 1655
0:0:0:0:0:0:0:1 - - [28/Sep/2020:17:12:09 -0700] "GET /forgotPassword HTTP/1.1" 500 9065
0:0:0:0:0:0:0:1 - - [28/Sep/2020:17:12:47 -0700] "GET /login HTTP/1.1" 200 1655
0:0:0:0:0:0:0:1 - - [28/Sep/2020:17:12:49 -0700] "GET /forgotPassword HTTP/1.1" 500 9065
0:0:0:0:0:0:0:1 - - [28/Sep/2020:17:48:28 -0700] "GET /login HTTP/1.1" 200 1655
0:0:0:0:0:0:0:1 - - [28/Sep/2020:17:48:30 -0700] "GET /forgotPassword HTTP/1.1" 500 9065
0:0:0:0:0:0:0:1 - - [28/Sep/2020:18:16:32 -0700] "GET /login HTTP/1.1" 200 1655
0:0:0:0:0:0:0:1 - - [28/Sep/2020:18:16:32 -0700] "GET /favicon.ico HTTP/1.1" 302 -
0:0:0:0:0:0:0:1 - - [28/Sep/2020:18:16:32 -0700] "GET /login HTTP/1.1" 200 1655
0:0:0:0:0:0:0:1 - - [28/Sep/2020:18:16:37 -0700] "POST /doLogin HTTP/1.1" 302 -
0:0:0:0:0:0:0:1 - - [28/Sep/2020:18:16:37 -0700] "GET /loginSuccessful HTTP/1.1" 302 -
0:0:0:0:0:0:0:1 - - [28/Sep/2020:18:16:37 -0700] "GET /login HTTP/1.1" 200 1655
0:0:0:0:0:0:0:1 - - [28/Sep/2020:18:16:37 -0700] "GET /favicon.ico HTTP/1.1" 302 -
0:0:0:0:0:0:0:1 - - [28/Sep/2020:18:16:37 -0700] "GET /login HTTP/1.1" 200 1655
0:0:0:0:0:0:0:1 - - [28/Sep/2020:18:16:41 -0700] "POST /doLogin HTTP/1.1" 302 -
0:0:0:0:0:0:0:1 - - [28/Sep/2020:18:16:41 -0700] "GET /loginSuccessful HTTP/1.1" 200 288
0:0:0:0:0:0:0:1 - - [28/Sep/2020:18:16:42 -0700] "GET /favicon.ico HTTP/1.1" 200 1150
0:0:0:0:0:0:0:1 - - [28/Sep/2020:18:16:46 -0700] "GET /login HTTP/1.1" 200 1655
0:0:0:0:0:0:0:1 - - [28/Sep/2020:18:16:48 -0700] "GET /forgotPassword HTTP/1.1" 500 9065
0:0:0:0:0:0:0:1 - - [28/Sep/2020:18:16:52 -0700] "GET /forgotPassword HTTP/1.1" 500 9065
0:0:0:0:0:0:0:1 - - [28/Sep/2020:18:16:54 -0700] "GET /forgotPassword HTTP/1.1" 500 9065
0:0:0:0:0:0:0:1 - - [28/Sep/2020:18:18:20 -0700] "GET /login HTTP/1.1" 200 1655
0:0:0:0:0:0:0:1 - - [28/Sep/2020:18:18:24 -0700] "POST /doLogin HTTP/1.1" 302 -
0:0:0:0:0:0:0:1 - - [28/Sep/2020:18:18:24 -0700] "GET /loginSuccessful HTTP/1.1" 200 288
0:0:0:0:0:0:0:1 - - [28/Sep/2020:18:18:25 -0700] "GET /login HTTP/1.1" 200 1655
0:0:0:0:0:0:0:1 - - [28/Sep/2020:18:18:27 -0700] "GET /forgotPassword HTTP/1.1" 500 9065
0:0:0:0:0:0:0:1 - - [28/Sep/2020:18:19:32 -0700] "GET /test HTTP/1.1" 200 1428
0:0:0:0:0:0:0:1 - - [28/Sep/2020:18:19:32 -0700] "GET /js/pwstrength.js HTTP/1.1" 200 -
0:0:0:0:0:0:0:1 - - [28/Sep/2020:18:19:32 -0700] "GET /js/jquery-1.7.2.js HTTP/1.1" 200 293292
0:0:0:0:0:0:0:1 - - [28/Sep/2020:18:23:08 -0700] "GET /login HTTP/1.1" 200 1645
0:0:0:0:0:0:0:1 - - [28/Sep/2020:18:23:08 -0700] "GET /login HTTP/1.1" 200 1645
0:0:0:0:0:0:0:1 - - [28/Sep/2020:18:23:11 -0700] "GET /test HTTP/1.1" 200 1423
0:0:0:0:0:0:0:1 - - [28/Sep/2020:18:23:11 -0700] "GET /js/jquery-1.7.2.js HTTP/1.1" 200 293292
0:0:0:0:0:0:0:1 - - [28/Sep/2020:18:23:11 -0700] "GET /js/pwstrength.js HTTP/1.1" 200 -
0:0:0:0:0:0:0:1 - - [28/Sep/2020:18:24:54 -0700] "GET /login HTTP/1.1" 200 1655
0:0:0:0:0:0:0:1 - - [28/Sep/2020:18:24:55 -0700] "GET /login HTTP/1.1" 200 1655
0:0:0:0:0:0:0:1 - - [28/Sep/2020:18:24:59 -0700] "GET /forgotPassword HTTP/1.1" 500 9065
0:0:0:0:0:0:0:1 - - [28/Sep/2020:18:28:48 -0700] "GET /login HTTP/1.1" 200 1655
0:0:0:0:0:0:0:1 - - [28/Sep/2020:18:28:49 -0700] "GET /login HTTP/1.1" 200 1655
0:0:0:0:0:0:0:1 - - [28/Sep/2020:18:28:51 -0700] "GET /forgetPassword HTTP/1.1" 200 1423
0:0:0:0:0:0:0:1 - - [28/Sep/2020:18:28:51 -0700] "GET /js/pwstrength.js HTTP/1.1" 200 -
0:0:0:0:0:0:0:1 - - [28/Sep/2020:18:28:51 -0700] "GET /js/jquery-1.7.2.js HTTP/1.1" 200 293292
0:0:0:0:0:0:0:1 - - [28/Sep/2020:19:47:35 -0700] "GET /login HTTP/1.1" 200 1655
0:0:0:0:0:0:0:1 - - [28/Sep/2020:19:47:37 -0700] "GET /signup HTTP/1.1" 200 4744
0:0:0:0:0:0:0:1 - - [28/Sep/2020:19:47:37 -0700] "GET /js/pwstrength.js HTTP/1.1" 200 -
0:0:0:0:0:0:0:1 - - [28/Sep/2020:19:47:37 -0700] "GET /js/jquery-1.7.2.js HTTP/1.1" 200 293292
0:0:0:0:0:0:0:1 - - [28/Sep/2020:19:47:48 -0700] "POST /signup HTTP/1.1" 200 4980
0:0:0:0:0:0:0:1 - - [28/Sep/2020:19:47:48 -0700] "GET /js/pwstrength.js HTTP/1.1" 200 -
0:0:0:0:0:0:0:1 - - [28/Sep/2020:19:47:48 -0700] "GET /js/jquery-1.7.2.js HTTP/1.1" 200 293292
0:0:0:0:0:0:0:1 - - [28/Sep/2020:19:47:59 -0700] "POST /signup HTTP/1.1" 200 4833
0:0:0:0:0:0:0:1 - - [28/Sep/2020:19:47:59 -0700] "GET /js/pwstrength.js HTTP/1.1" 200 -
0:0:0:0:0:0:0:1 - - [28/Sep/2020:19:47:59 -0700] "GET /js/jquery-1.7.2.js HTTP/1.1" 200 293292
0:0:0:0:0:0:0:1 - - [28/Sep/2020:19:50:31 -0700] "GET /signup HTTP/1.1" 200 4744
0:0:0:0:0:0:0:1 - - [28/Sep/2020:19:50:32 -0700] "GET /js/pwstrength.js HTTP/1.1" 200 -
0:0:0:0:0:0:0:1 - - [28/Sep/2020:19:50:32 -0700] "GET /js/jquery-1.7.2.js HTTP/1.1" 200 293292
0:0:0:0:0:0:0:1 - - [28/Sep/2020:19:50:38 -0700] "POST /signup HTTP/1.1" 200 5526
0:0:0:0:0:0:0:1 - - [28/Sep/2020:19:50:38 -0700] "GET /js/pwstrength.js HTTP/1.1" 200 -
0:0:0:0:0:0:0:1 - - [28/Sep/2020:19:50:38 -0700] "GET /js/jquery-1.7.2.js HTTP/1.1" 200 293292
0:0:0:0:0:0:0:1 - - [28/Sep/2020:19:51:10 -0700] "POST /signup HTTP/1.1" 200 4833
0:0:0:0:0:0:0:1 - - [28/Sep/2020:19:51:10 -0700] "GET /js/pwstrength.js HTTP/1.1" 200 -
0:0:0:0:0:0:0:1 - - [28/Sep/2020:19:51:10 -0700] "GET /js/jquery-1.7.2.js HTTP/1.1" 200 293292
0:0:0:0:0:0:0:1 - - [28/Sep/2020:19:51:13 -0700] "POST /signup HTTP/1.1" 200 4896
0:0:0:0:0:0:0:1 - - [28/Sep/2020:19:51:13 -0700] "GET /js/pwstrength.js HTTP/1.1" 200 -
0:0:0:0:0:0:0:1 - - [28/Sep/2020:19:51:13 -0700] "GET /js/jquery-1.7.2.js HTTP/1.1" 200 293292
0:0:0:0:0:0:0:1 - - [28/Sep/2020:19:51:57 -0700] "POST /signup HTTP/1.1" 200 4979
0:0:0:0:0:0:0:1 - - [28/Sep/2020:19:51:57 -0700] "GET /js/pwstrength.js HTTP/1.1" 200 -
0:0:0:0:0:0:0:1 - - [28/Sep/2020:19:51:57 -0700] "GET /js/jquery-1.7.2.js HTTP/1.1" 200 293292
0:0:0:0:0:0:0:1 - - [28/Sep/2020:19:52:09 -0700] "POST /signup HTTP/1.1" 200 5489
0:0:0:0:0:0:0:1 - - [28/Sep/2020:19:52:09 -0700] "GET /js/pwstrength.js HTTP/1.1" 200 -
0:0:0:0:0:0:0:1 - - [28/Sep/2020:19:52:09 -0700] "GET /js/jquery-1.7.2.js HTTP/1.1" 200 293292
0:0:0:0:0:0:0:1 - - [28/Sep/2020:20:09:13 -0700] "GET /login HTTP/1.1" 200 1655
0:0:0:0:0:0:0:1 - - [28/Sep/2020:20:09:13 -0700] "GET /login HTTP/1.1" 200 1655
0:0:0:0:0:0:0:1 - - [28/Sep/2020:20:09:15 -0700] "GET /signup HTTP/1.1" 200 4744
0:0:0:0:0:0:0:1 - - [28/Sep/2020:20:09:15 -0700] "GET /js/pwstrength.js HTTP/1.1" 200 -
0:0:0:0:0:0:0:1 - - [28/Sep/2020:20:09:15 -0700] "GET /js/jquery-1.7.2.js HTTP/1.1" 200 293292
0:0:0:0:0:0:0:1 - - [28/Sep/2020:20:09:17 -0700] "POST /signup HTTP/1.1" 200 5127
0:0:0:0:0:0:0:1 - - [28/Sep/2020:20:09:17 -0700] "GET /js/pwstrength.js HTTP/1.1" 200 -
0:0:0:0:0:0:0:1 - - [28/Sep/2020:20:09:17 -0700] "GET /js/jquery-1.7.2.js HTTP/1.1" 200 293292
0:0:0:0:0:0:0:1 - - [28/Sep/2020:20:14:18 -0700] "GET /signup HTTP/1.1" 200 4744
0:0:0:0:0:0:0:1 - - [28/Sep/2020:20:14:18 -0700] "GET /js/pwstrength.js HTTP/1.1" 200 -
0:0:0:0:0:0:0:1 - - [28/Sep/2020:20:14:18 -0700] "GET /js/jquery-1.7.2.js HTTP/1.1" 200 293292
0:0:0:0:0:0:0:1 - - [28/Sep/2020:20:14:35 -0700] "POST /signup HTTP/1.1" 302 -
0:0:0:0:0:0:0:1 - - [28/Sep/2020:20:14:35 -0700] "GET /login HTTP/1.1" 200 1655
0:0:0:0:0:0:0:1 - - [28/Sep/2020:20:15:41 -0700] "GET /registrationConfirm?token=2a46367f-13b2-44c1-95c0-e51799acd5f2 HTTP/1.1" 302 -
0:0:0:0:0:0:0:1 - - [28/Sep/2020:20:15:41 -0700] "GET /login HTTP/1.1" 200 1655
0:0:0:0:0:0:0:1 - - [28/Sep/2020:20:15:45 -0700] "GET /signup HTTP/1.1" 200 4744
0:0:0:0:0:0:0:1 - - [28/Sep/2020:20:15:45 -0700] "GET /js/pwstrength.js HTTP/1.1" 200 -
0:0:0:0:0:0:0:1 - - [28/Sep/2020:20:15:45 -0700] "GET /js/jquery-1.7.2.js HTTP/1.1" 200 293292
0:0:0:0:0:0:0:1 - - [28/Sep/2020:20:16:10 -0700] "POST /signup HTTP/1.1" 200 4835
0:0:0:0:0:0:0:1 - - [28/Sep/2020:20:16:10 -0700] "GET /js/pwstrength.js HTTP/1.1" 200 -
0:0:0:0:0:0:0:1 - - [28/Sep/2020:20:16:10 -0700] "GET /js/jquery-1.7.2.js HTTP/1.1" 200 293292
0:0:0:0:0:0:0:1 - - [28/Sep/2020:20:16:11 -0700] "POST /signup HTTP/1.1" 200 4898
0:0:0:0:0:0:0:1 - - [28/Sep/2020:20:16:11 -0700] "GET /js/pwstrength.js HTTP/1.1" 200 -
0:0:0:0:0:0:0:1 - - [28/Sep/2020:20:16:11 -0700] "GET /js/jquery-1.7.2.js HTTP/1.1" 200 293292
0:0:0:0:0:0:0:1 - - [28/Sep/2020:20:26:07 -0700] "GET /login HTTP/1.1" 200 1655
0:0:0:0:0:0:0:1 - - [28/Sep/2020:20:26:09 -0700] "GET /signup HTTP/1.1" 200 4744
0:0:0:0:0:0:0:1 - - [28/Sep/2020:20:26:09 -0700] "GET /js/pwstrength.js HTTP/1.1" 200 -
0:0:0:0:0:0:0:1 - - [28/Sep/2020:20:26:09 -0700] "GET /js/jquery-1.7.2.js HTTP/1.1" 200 293292
0:0:0:0:0:0:0:1 - - [28/Sep/2020:20:27:53 -0700] "POST /signup HTTP/1.1" 302 -
0:0:0:0:0:0:0:1 - - [28/Sep/2020:20:27:53 -0700] "GET /login HTTP/1.1" 200 1655
0:0:0:0:0:0:0:1 - - [28/Sep/2020:20:27:59 -0700] "GET /registrationConfirm?token=373f33ef-798c-4e2d-be81-59f55f947adb HTTP/1.1" 302 -
0:0:0:0:0:0:0:1 - - [28/Sep/2020:20:27:59 -0700] "GET /login HTTP/1.1" 200 1655
0:0:0:0:0:0:0:1 - - [28/Sep/2020:20:28:02 -0700] "GET /signup HTTP/1.1" 200 4744
0:0:0:0:0:0:0:1 - - [28/Sep/2020:20:28:03 -0700] "GET /js/pwstrength.js HTTP/1.1" 200 -
0:0:0:0:0:0:0:1 - - [28/Sep/2020:20:28:03 -0700] "GET /js/jquery-1.7.2.js HTTP/1.1" 200 293292
0:0:0:0:0:0:0:1 - - [28/Sep/2020:20:28:08 -0700] "POST /signup HTTP/1.1" 200 4981
0:0:0:0:0:0:0:1 - - [28/Sep/2020:20:28:08 -0700] "GET /js/pwstrength.js HTTP/1.1" 200 -
0:0:0:0:0:0:0:1 - - [28/Sep/2020:20:28:08 -0700] "GET /js/jquery-1.7.2.js HTTP/1.1" 200 293292
0:0:0:0:0:0:0:1 - - [28/Sep/2020:20:28:14 -0700] "POST /signup HTTP/1.1" 200 4896
0:0:0:0:0:0:0:1 - - [28/Sep/2020:20:28:14 -0700] "GET /js/pwstrength.js HTTP/1.1" 200 -
0:0:0:0:0:0:0:1 - - [28/Sep/2020:20:28:14 -0700] "GET /js/jquery-1.7.2.js HTTP/1.1" 200 293292
0:0:0:0:0:0:0:1 - - [28/Sep/2020:20:28:19 -0700] "POST /signup HTTP/1.1" 200 4896
0:0:0:0:0:0:0:1 - - [28/Sep/2020:20:28:19 -0700] "GET /js/pwstrength.js HTTP/1.1" 200 -
0:0:0:0:0:0:0:1 - - [28/Sep/2020:20:28:19 -0700] "GET /js/jquery-1.7.2.js HTTP/1.1" 200 293292
0:0:0:0:0:0:0:1 - - [28/Sep/2020:21:18:14 -0700] "GET /signup HTTP/1.1" 200 4740
0:0:0:0:0:0:0:1 - - [28/Sep/2020:21:18:14 -0700] "GET /js/pwstrength.js HTTP/1.1" 200 -
0:0:0:0:0:0:0:1 - - [28/Sep/2020:21:18:14 -0700] "GET /js/jquery-1.7.2.js HTTP/1.1" 200 293292
0:0:0:0:0:0:0:1 - - [28/Sep/2020:21:18:28 -0700] "POST /signup HTTP/1.1" 200 4866
0:0:0:0:0:0:0:1 - - [28/Sep/2020:21:18:28 -0700] "GET /js/pwstrength.js HTTP/1.1" 200 -
0:0:0:0:0:0:0:1 - - [28/Sep/2020:21:18:28 -0700] "GET /js/jquery-1.7.2.js HTTP/1.1" 200 293292
0:0:0:0:0:0:0:1 - - [28/Sep/2020:21:18:49 -0700] "POST /signup HTTP/1.1" 200 4914
0:0:0:0:0:0:0:1 - - [28/Sep/2020:21:18:49 -0700] "GET /js/pwstrength.js HTTP/1.1" 200 -
0:0:0:0:0:0:0:1 - - [28/Sep/2020:21:18:49 -0700] "GET /js/jquery-1.7.2.js HTTP/1.1" 200 293292
0:0:0:0:0:0:0:1 - - [28/Sep/2020:21:23:48 -0700] "GET /login HTTP/1.1" 200 1655
0:0:0:0:0:0:0:1 - - [28/Sep/2020:21:23:50 -0700] "GET /signup HTTP/1.1" 200 4737
0:0:0:0:0:0:0:1 - - [28/Sep/2020:21:23:50 -0700] "GET /js/pwstrength.js HTTP/1.1" 200 -
0:0:0:0:0:0:0:1 - - [28/Sep/2020:21:23:50 -0700] "GET /js/jquery-1.7.2.js HTTP/1.1" 200 293292
0:0:0:0:0:0:0:1 - - [28/Sep/2020:21:26:34 -0700] "GET /signup HTTP/1.1" 200 4730
0:0:0:0:0:0:0:1 - - [28/Sep/2020:21:26:35 -0700] "GET /js/pwstrength.js HTTP/1.1" 200 -
0:0:0:0:0:0:0:1 - - [28/Sep/2020:21:26:35 -0700] "GET /js/jquery-1.7.2.js HTTP/1.1" 200 293292
0:0:0:0:0:0:0:1 - - [28/Sep/2020:21:26:48 -0700] "POST /signup HTTP/1.1" 302 -
0:0:0:0:0:0:0:1 - - [28/Sep/2020:21:26:48 -0700] "GET /login HTTP/1.1" 200 1655
0:0:0:0:0:0:0:1 - - [28/Sep/2020:21:26:56 -0700] "GET /registrationConfirm?token=9afc8074-3657-4572-a9eb-6609ce8a06da HTTP/1.1" 302 -
0:0:0:0:0:0:0:1 - - [28/Sep/2020:21:26:56 -0700] "GET /login HTTP/1.1" 200 1655
0:0:0:0:0:0:0:1 - - [28/Sep/2020:21:27:00 -0700] "POST /doLogin HTTP/1.1" 302 -
0:0:0:0:0:0:0:1 - - [28/Sep/2020:21:27:00 -0700] "GET /loginSuccessful HTTP/1.1" 200 288
0:0:0:0:0:0:0:1 - - [28/Sep/2020:21:27:02 -0700] "GET /login HTTP/1.1" 200 1655
0:0:0:0:0:0:0:1 - - [28/Sep/2020:21:27:05 -0700] "GET /forgetPassword HTTP/1.1" 200 1425
0:0:0:0:0:0:0:1 - - [28/Sep/2020:21:27:05 -0700] "GET /js/pwstrength.js HTTP/1.1" 200 -
0:0:0:0:0:0:0:1 - - [28/Sep/2020:21:27:05 -0700] "GET /js/jquery-1.7.2.js HTTP/1.1" 200 293292
0:0:0:0:0:0:0:1 - - [28/Sep/2020:21:27:07 -0700] "GET /login HTTP/1.1" 200 1655
0:0:0:0:0:0:0:1 - - [28/Sep/2020:21:27:19 -0700] "GET /signup HTTP/1.1" 200 4730
0:0:0:0:0:0:0:1 - - [28/Sep/2020:21:27:20 -0700] "GET /js/pwstrength.js HTTP/1.1" 200 -
0:0:0:0:0:0:0:1 - - [28/Sep/2020:21:27:20 -0700] "GET /js/jquery-1.7.2.js HTTP/1.1" 200 293292
0:0:0:0:0:0:0:1 - - [28/Sep/2020:21:27:25 -0700] "POST /signup HTTP/1.1" 200 4967
0:0:0:0:0:0:0:1 - - [28/Sep/2020:21:27:25 -0700] "GET /js/pwstrength.js HTTP/1.1" 200 -
0:0:0:0:0:0:0:1 - - [28/Sep/2020:21:27:25 -0700] "GET /js/jquery-1.7.2.js HTTP/1.1" 200 293292
0:0:0:0:0:0:0:1 - - [28/Sep/2020:21:27:38 -0700] "POST /signup HTTP/1.1" 200 4927
0:0:0:0:0:0:0:1 - - [28/Sep/2020:21:27:38 -0700] "GET /js/pwstrength.js HTTP/1.1" 200 -
0:0:0:0:0:0:0:1 - - [28/Sep/2020:21:27:38 -0700] "GET /js/jquery-1.7.2.js HTTP/1.1" 200 293292
192.168.1.200 - - [28/Sep/2020:21:35:13 -0700] "GET / HTTP/1.1" 302 -
192.168.1.200 - - [28/Sep/2020:21:35:13 -0700] "GET /login HTTP/1.1" 200 1655
192.168.1.200 - - [28/Sep/2020:21:35:39 -0700] "GET /HNAP1/ HTTP/1.1" 302 -
0:0:0:0:0:0:0:1 - - [28/Sep/2020:21:40:45 -0700] "GET /signup HTTP/1.1" 200 4730
0:0:0:0:0:0:0:1 - - [28/Sep/2020:21:40:45 -0700] "GET /js/pwstrength.js HTTP/1.1" 200 -
0:0:0:0:0:0:0:1 - - [28/Sep/2020:21:40:45 -0700] "GET /js/jquery-1.7.2.js HTTP/1.1" 200 293292
0:0:0:0:0:0:0:1 - - [28/Sep/2020:21:41:20 -0700] "POST /signup HTTP/1.1" 302 -
0:0:0:0:0:0:0:1 - - [28/Sep/2020:21:41:20 -0700] "GET /login HTTP/1.1" 200 1655
0:0:0:0:0:0:0:1 - - [28/Sep/2020:21:41:24 -0700] "GET /signup HTTP/1.1" 200 4730
0:0:0:0:0:0:0:1 - - [28/Sep/2020:21:41:24 -0700] "GET /js/pwstrength.js HTTP/1.1" 200 -
0:0:0:0:0:0:0:1 - - [28/Sep/2020:21:41:24 -0700] "GET /js/jquery-1.7.2.js HTTP/1.1" 200 293292
0:0:0:0:0:0:0:1 - - [28/Sep/2020:21:41:29 -0700] "GET /registrationConfirm?token=4b255a35-c98d-41df-a372-1c023bf7a36b HTTP/1.1" 302 -
0:0:0:0:0:0:0:1 - - [28/Sep/2020:21:41:29 -0700] "GET /login HTTP/1.1" 200 1655
0:0:0:0:0:0:0:1 - - [28/Sep/2020:21:41:32 -0700] "GET /signup HTTP/1.1" 200 4730
0:0:0:0:0:0:0:1 - - [28/Sep/2020:21:41:33 -0700] "GET /js/pwstrength.js HTTP/1.1" 200 -
0:0:0:0:0:0:0:1 - - [28/Sep/2020:21:41:33 -0700] "GET /js/jquery-1.7.2.js HTTP/1.1" 200 293292
0:0:0:0:0:0:0:1 - - [28/Sep/2020:21:41:45 -0700] "POST /signup HTTP/1.1" 200 4906
0:0:0:0:0:0:0:1 - - [28/Sep/2020:21:41:45 -0700] "GET /js/pwstrength.js HTTP/1.1" 200 -
0:0:0:0:0:0:0:1 - - [28/Sep/2020:21:41:45 -0700] "GET /js/jquery-1.7.2.js HTTP/1.1" 200 293292
