0:0:0:0:0:0:0:1 - - [23/Oct/2020:00:05:59 -0700] "GET /findUser HTTP/1.1" 302 -
0:0:0:0:0:0:0:1 - - [23/Oct/2020:00:05:59 -0700] "GET /login HTTP/1.1" 200 1657
0:0:0:0:0:0:0:1 - - [23/Oct/2020:00:06:04 -0700] "POST /doLogin HTTP/1.1" 302 -
0:0:0:0:0:0:0:1 - - [23/Oct/2020:00:06:04 -0700] "GET /loginSuccessful HTTP/1.1" 200 650
0:0:0:0:0:0:0:1 - - [23/Oct/2020:00:07:43 -0700] "GET /findUser HTTP/1.1" 200 461
0:0:0:0:0:0:0:1 - - [23/Oct/2020:00:08:13 -0700] "GET /findUser HTTP/1.1" 200 168084
0:0:0:0:0:0:0:1 - - [23/Oct/2020:00:27:58 -0700] "GET /login HTTP/1.1" 200 1657
0:0:0:0:0:0:0:1 - - [23/Oct/2020:00:27:58 -0700] "GET /login HTTP/1.1" 200 1657
0:0:0:0:0:0:0:1 - - [23/Oct/2020:00:28:05 -0700] "POST /doLogin HTTP/1.1" 302 -
0:0:0:0:0:0:0:1 - - [23/Oct/2020:00:28:05 -0700] "GET /loginSuccessful HTTP/1.1" 200 650
0:0:0:0:0:0:0:1 - - [23/Oct/2020:00:28:25 -0700] "GET /searchBook HTTP/1.1" 200 678
0:0:0:0:0:0:0:1 - - [23/Oct/2020:00:28:28 -0700] "GET /searchBookByTitleOrAuthor?argument=Java HTTP/1.1" 200 2003
0:0:0:0:0:0:0:1 - - [23/Oct/2020:00:28:48 -0700] "GET /findUser HTTP/1.1" 200 168084
0:0:0:0:0:0:0:1 - - [23/Oct/2020:00:29:29 -0700] "GET /findUser HTTP/1.1" 200 168075
0:0:0:0:0:0:0:1 - - [23/Oct/2020:00:29:50 -0700] "GET /findUser HTTP/1.1" 200 168084
0:0:0:0:0:0:0:1 - - [23/Oct/2020:00:37:08 -0700] "GET /login HTTP/1.1" 200 1657
0:0:0:0:0:0:0:1 - - [23/Oct/2020:00:37:09 -0700] "GET /login HTTP/1.1" 200 1657
0:0:0:0:0:0:0:1 - - [23/Oct/2020:00:37:12 -0700] "POST /doLogin HTTP/1.1" 302 -
0:0:0:0:0:0:0:1 - - [23/Oct/2020:00:37:12 -0700] "GET /loginSuccessful HTTP/1.1" 200 650
0:0:0:0:0:0:0:1 - - [23/Oct/2020:00:37:13 -0700] "GET /searchBook HTTP/1.1" 200 678
0:0:0:0:0:0:0:1 - - [23/Oct/2020:00:37:17 -0700] "GET /searchBookByTitleOrAuthor?argument=Java HTTP/1.1" 200 2003
0:0:0:0:0:0:0:1 - - [23/Oct/2020:00:38:06 -0700] "GET /searchBookByTitleOrAuthor?argument=Java HTTP/1.1" 200 168076
0:0:0:0:0:0:0:1 - - [23/Oct/2020:00:42:26 -0700] "GET /searchBookByTitleOrAuthor?argument=Java HTTP/1.1" 200 2003
0:0:0:0:0:0:0:1 - - [23/Oct/2020:00:42:50 -0700] "GET /findUser HTTP/1.1" 200 168084
0:0:0:0:0:0:0:1 - - [23/Oct/2020:00:52:52 -0700] "GET /findUser HTTP/1.1" 200 184073
0:0:0:0:0:0:0:1 - - [23/Oct/2020:00:53:26 -0700] "GET /findUser HTTP/1.1" 200 80055
0:0:0:0:0:0:0:1 - - [23/Oct/2020:00:56:42 -0700] "GET /findUser HTTP/1.1" 302 -
0:0:0:0:0:0:0:1 - - [23/Oct/2020:00:56:43 -0700] "GET /login HTTP/1.1" 200 1657
0:0:0:0:0:0:0:1 - - [23/Oct/2020:00:56:43 -0700] "GET /favicon.ico HTTP/1.1" 302 -
0:0:0:0:0:0:0:1 - - [23/Oct/2020:00:56:43 -0700] "GET /login HTTP/1.1" 200 1657
0:0:0:0:0:0:0:1 - - [23/Oct/2020:00:56:47 -0700] "POST /doLogin HTTP/1.1" 302 -
0:0:0:0:0:0:0:1 - - [23/Oct/2020:00:56:47 -0700] "GET /loginSuccessful HTTP/1.1" 200 650
0:0:0:0:0:0:0:1 - - [23/Oct/2020:00:56:48 -0700] "GET /favicon.ico HTTP/1.1" 200 1150
0:0:0:0:0:0:0:1 - - [23/Oct/2020:00:56:52 -0700] "GET /findUser HTTP/1.1" 200 80055
0:0:0:0:0:0:0:1 - - [23/Oct/2020:01:01:43 -0700] "GET /login HTTP/1.1" 200 1657
0:0:0:0:0:0:0:1 - - [23/Oct/2020:01:01:43 -0700] "GET /login HTTP/1.1" 200 1657
0:0:0:0:0:0:0:1 - - [23/Oct/2020:01:01:48 -0700] "POST /doLogin HTTP/1.1" 302 -
0:0:0:0:0:0:0:1 - - [23/Oct/2020:01:01:48 -0700] "GET /loginSuccessful HTTP/1.1" 200 650
0:0:0:0:0:0:0:1 - - [23/Oct/2020:01:01:54 -0700] "GET /searchBook HTTP/1.1" 200 678
0:0:0:0:0:0:0:1 - - [23/Oct/2020:01:01:58 -0700] "GET /findUser HTTP/1.1" 200 6
0:0:0:0:0:0:0:1 - - [23/Oct/2020:01:01:58 -0700] "GET /findUser HTTP/1.1" 200 6
0:0:0:0:0:0:0:1 - - [23/Oct/2020:01:04:11 -0700] "GET /findUser HTTP/1.1" 200 461
0:0:0:0:0:0:0:1 - - [23/Oct/2020:01:05:01 -0700] "GET /findUser HTTP/1.1" 200 80055
0:0:0:0:0:0:0:1 - - [23/Oct/2020:04:22:24 -0700] "GET /findUser HTTP/1.1" 302 -
0:0:0:0:0:0:0:1 - - [23/Oct/2020:04:22:24 -0700] "GET /login HTTP/1.1" 200 1657
0:0:0:0:0:0:0:1 - - [23/Oct/2020:04:28:28 -0700] "POST /doLogin HTTP/1.1" 302 -
0:0:0:0:0:0:0:1 - - [23/Oct/2020:04:28:28 -0700] "GET /loginSuccessful HTTP/1.1" 200 650
0:0:0:0:0:0:0:1 - - [23/Oct/2020:04:28:31 -0700] "GET /findUser HTTP/1.1" 200 80055
0:0:0:0:0:0:0:1 - - [23/Oct/2020:04:28:31 -0700] "GET /findUser HTTP/1.1" 200 80055
0:0:0:0:0:0:0:1 - - [23/Oct/2020:04:29:13 -0700] "GET /findUser HTTP/1.1" 200 461
0:0:0:0:0:0:0:1 - - [23/Oct/2020:04:30:14 -0700] "GET /findUser HTTP/1.1" 200 461
0:0:0:0:0:0:0:1 - - [23/Oct/2020:04:30:16 -0700] "GET /findUser HTTP/1.1" 200 461
0:0:0:0:0:0:0:1 - - [23/Oct/2020:04:30:24 -0700] "GET /loginSuccessful HTTP/1.1" 200 650
0:0:0:0:0:0:0:1 - - [23/Oct/2020:04:30:25 -0700] "GET /searchCourses HTTP/1.1" 200 549
0:0:0:0:0:0:0:1 - - [23/Oct/2020:04:30:26 -0700] "GET /searchCoursesByTitle?title=COMSC-75 HTTP/1.1" 200 1622
0:0:0:0:0:0:0:1 - - [23/Oct/2020:04:30:28 -0700] "POST /registerForClassess HTTP/1.1" 302 -
0:0:0:0:0:0:0:1 - - [23/Oct/2020:04:30:28 -0700] "GET /searchCourses HTTP/1.1" 200 663
0:0:0:0:0:0:0:1 - - [23/Oct/2020:04:30:39 -0700] "GET /searchCoursesByTitle?title=COMSC-75 HTTP/1.1" 200 1622
0:0:0:0:0:0:0:1 - - [23/Oct/2020:04:30:40 -0700] "GET /searchCourses HTTP/1.1" 200 549
0:0:0:0:0:0:0:1 - - [23/Oct/2020:04:30:41 -0700] "GET /loginSuccessful HTTP/1.1" 200 650
0:0:0:0:0:0:0:1 - - [23/Oct/2020:04:30:44 -0700] "GET /findUser HTTP/1.1" 200 461
0:0:0:0:0:0:0:1 - - [23/Oct/2020:04:38:38 -0700] "GET /findUser HTTP/1.1" 200 461
0:0:0:0:0:0:0:1 - - [23/Oct/2020:04:43:21 -0700] "GET /findUser HTTP/1.1" 200 461
0:0:0:0:0:0:0:1 - - [23/Oct/2020:05:08:26 -0700] "GET /login HTTP/1.1" 200 1657
0:0:0:0:0:0:0:1 - - [23/Oct/2020:05:08:26 -0700] "GET /login HTTP/1.1" 200 1657
0:0:0:0:0:0:0:1 - - [23/Oct/2020:05:08:30 -0700] "POST /doLogin HTTP/1.1" 302 -
0:0:0:0:0:0:0:1 - - [23/Oct/2020:05:08:30 -0700] "GET /loginSuccessful HTTP/1.1" 200 650
0:0:0:0:0:0:0:1 - - [23/Oct/2020:05:08:31 -0700] "GET /searchBook HTTP/1.1" 200 678
0:0:0:0:0:0:0:1 - - [23/Oct/2020:05:08:33 -0700] "GET /searchBookByTitleOrAuthor?argument=Java HTTP/1.1" 200 2003
0:0:0:0:0:0:0:1 - - [23/Oct/2020:05:12:04 -0700] "GET /findTeacher HTTP/1.1" 404 306
0:0:0:0:0:0:0:1 - - [23/Oct/2020:05:12:12 -0700] "GET /getTeacher HTTP/1.1" 200 168082
0:0:0:0:0:0:0:1 - - [23/Oct/2020:05:12:56 -0700] "GET /getTeacher HTTP/1.1" 200 168082
0:0:0:0:0:0:0:1 - - [23/Oct/2020:05:15:44 -0700] "GET /getTeacher HTTP/1.1" 200 168082
0:0:0:0:0:0:0:1 - - [23/Oct/2020:05:20:32 -0700] "GET /getTeacher HTTP/1.1" 200 43
0:0:0:0:0:0:0:1 - - [23/Oct/2020:05:23:45 -0700] "GET /getUser HTTP/1.1" 200 461
0:0:0:0:0:0:0:1 - - [23/Oct/2020:05:24:26 -0700] "GET /getTeacher HTTP/1.1" 404 306
0:0:0:0:0:0:0:1 - - [23/Oct/2020:05:24:28 -0700] "GET /login HTTP/1.1" 200 1657
0:0:0:0:0:0:0:1 - - [23/Oct/2020:05:24:29 -0700] "GET /login HTTP/1.1" 200 1657
0:0:0:0:0:0:0:1 - - [23/Oct/2020:05:24:32 -0700] "POST /doLogin HTTP/1.1" 302 -
0:0:0:0:0:0:0:1 - - [23/Oct/2020:05:24:32 -0700] "GET /loginSuccessful HTTP/1.1" 200 650
0:0:0:0:0:0:0:1 - - [23/Oct/2020:05:24:33 -0700] "GET /searchCourses HTTP/1.1" 200 549
0:0:0:0:0:0:0:1 - - [23/Oct/2020:05:24:35 -0700] "GET /searchCoursesByTitle?title=COMSC-75 HTTP/1.1" 200 1622
0:0:0:0:0:0:0:1 - - [23/Oct/2020:05:24:38 -0700] "POST /registerForClassess HTTP/1.1" 302 -
0:0:0:0:0:0:0:1 - - [23/Oct/2020:05:24:38 -0700] "GET /searchCourses HTTP/1.1" 200 663
0:0:0:0:0:0:0:1 - - [23/Oct/2020:05:25:23 -0700] "GET /searchCourses HTTP/1.1" 200 549
0:0:0:0:0:0:0:1 - - [23/Oct/2020:05:25:24 -0700] "GET /searchCoursesByTitle?title=COMSC-75 HTTP/1.1" 200 1622
0:0:0:0:0:0:0:1 - - [23/Oct/2020:05:25:26 -0700] "POST /registerForClassess HTTP/1.1" 302 -
0:0:0:0:0:0:0:1 - - [23/Oct/2020:05:25:26 -0700] "GET /loginSuccessful HTTP/1.1" 200 650
0:0:0:0:0:0:0:1 - - [23/Oct/2020:05:25:33 -0700] "GET /getUser HTTP/1.1" 200 64007
0:0:0:0:0:0:0:1 - - [23/Oct/2020:05:25:51 -0700] "GET /getUser HTTP/1.1" 200 448
0:0:0:0:0:0:0:1 - - [23/Oct/2020:05:25:53 -0700] "GET /loginSuccessful HTTP/1.1" 200 650
0:0:0:0:0:0:0:1 - - [23/Oct/2020:05:25:55 -0700] "GET /searchCourses HTTP/1.1" 200 549
0:0:0:0:0:0:0:1 - - [23/Oct/2020:05:25:56 -0700] "GET /searchCoursesByTitle?title=COMSC-75 HTTP/1.1" 200 1622
0:0:0:0:0:0:0:1 - - [23/Oct/2020:05:25:58 -0700] "POST /registerForClassess HTTP/1.1" 302 -
0:0:0:0:0:0:0:1 - - [23/Oct/2020:05:25:58 -0700] "GET /searchCourses HTTP/1.1" 200 663
0:0:0:0:0:0:0:1 - - [23/Oct/2020:05:26:04 -0700] "GET /getUser HTTP/1.1" 200 448
0:0:0:0:0:0:0:1 - - [23/Oct/2020:05:26:17 -0700] "GET /getUser HTTP/1.1" 200 448
0:0:0:0:0:0:0:1 - - [23/Oct/2020:05:26:39 -0700] "GET /getUser HTTP/1.1" 200 437
0:0:0:0:0:0:0:1 - - [23/Oct/2020:05:28:17 -0700] "GET /login HTTP/1.1" 200 1657
0:0:0:0:0:0:0:1 - - [23/Oct/2020:05:28:21 -0700] "POST /doLogin HTTP/1.1" 302 -
0:0:0:0:0:0:0:1 - - [23/Oct/2020:05:28:21 -0700] "GET /loginSuccessful HTTP/1.1" 200 650
0:0:0:0:0:0:0:1 - - [23/Oct/2020:05:28:23 -0700] "GET /searchBook HTTP/1.1" 200 678
0:0:0:0:0:0:0:1 - - [23/Oct/2020:05:28:25 -0700] "GET /searchBookByTitleOrAuthor?argument=Java HTTP/1.1" 500 9087
0:0:0:0:0:0:0:1 - - [23/Oct/2020:05:29:46 -0700] "GET /searchBookByTitleOrAuthor?argument=Java HTTP/1.1" 200 80056
0:0:0:0:0:0:0:1 - - [23/Oct/2020:05:30:15 -0700] "GET /searchBookByTitleOrAuthor?argument=Java HTTP/1.1" 200 80055
0:0:0:0:0:0:0:1 - - [23/Oct/2020:05:34:10 -0700] "GET /login HTTP/1.1" 200 1657
0:0:0:0:0:0:0:1 - - [23/Oct/2020:05:34:10 -0700] "GET /login HTTP/1.1" 200 1657
0:0:0:0:0:0:0:1 - - [23/Oct/2020:05:34:13 -0700] "POST /doLogin HTTP/1.1" 302 -
0:0:0:0:0:0:0:1 - - [23/Oct/2020:05:34:13 -0700] "GET /loginSuccessful HTTP/1.1" 200 650
0:0:0:0:0:0:0:1 - - [23/Oct/2020:05:34:20 -0700] "GET /searchBook HTTP/1.1" 200 678
0:0:0:0:0:0:0:1 - - [23/Oct/2020:05:34:22 -0700] "GET /searchBookByTitleOrAuthor?argument=Java HTTP/1.1" 200 80055
0:0:0:0:0:0:0:1 - - [23/Oct/2020:05:36:38 -0700] "GET /searchBookByTitleOrAuthor?argument=Java HTTP/1.1" 200 80055
127.0.0.1 - - [23/Oct/2020:05:54:39 -0700] "GET /login HTTP/1.1" 200 1657
127.0.0.1 - - [23/Oct/2020:05:54:39 -0700] "GET /favicon.ico HTTP/1.1" 302 -
127.0.0.1 - - [23/Oct/2020:05:54:43 -0700] "POST /doLogin HTTP/1.1" 302 -
127.0.0.1 - - [23/Oct/2020:05:54:43 -0700] "GET /loginSuccessful HTTP/1.1" 200 650
127.0.0.1 - - [23/Oct/2020:05:54:46 -0700] "GET /searchBook HTTP/1.1" 200 678
127.0.0.1 - - [23/Oct/2020:05:54:50 -0700] "GET /searchBookByTitleOrAuthor?argument=Java HTTP/1.1" 200 80055
0:0:0:0:0:0:0:1 - - [23/Oct/2020:06:00:46 -0700] "GET /login HTTP/1.1" 200 1657
0:0:0:0:0:0:0:1 - - [23/Oct/2020:06:00:46 -0700] "GET /login HTTP/1.1" 200 1657
0:0:0:0:0:0:0:1 - - [23/Oct/2020:06:00:50 -0700] "POST /doLogin HTTP/1.1" 302 -
0:0:0:0:0:0:0:1 - - [23/Oct/2020:06:00:50 -0700] "GET /loginSuccessful HTTP/1.1" 200 650
0:0:0:0:0:0:0:1 - - [23/Oct/2020:06:00:51 -0700] "GET /searchBook HTTP/1.1" 200 678
0:0:0:0:0:0:0:1 - - [23/Oct/2020:06:00:54 -0700] "GET /searchBookByTitleOrAuthor?argument=Java HTTP/1.1" 200 80055
0:0:0:0:0:0:0:1 - - [23/Oct/2020:06:01:09 -0700] "GET /getBook HTTP/1.1" 500 324158
0:0:0:0:0:0:0:1 - - [23/Oct/2020:06:01:31 -0700] "GET /getBook HTTP/1.1" 500 324158
0:0:0:0:0:0:0:1 - - [23/Oct/2020:06:01:59 -0700] "GET /getBook HTTP/1.1" 200 80055
0:0:0:0:0:0:0:1 - - [23/Oct/2020:14:46:38 -0700] "GET /getBook HTTP/1.1" 302 -
0:0:0:0:0:0:0:1 - - [23/Oct/2020:14:46:38 -0700] "GET /login HTTP/1.1" 200 1657
0:0:0:0:0:0:0:1 - - [23/Oct/2020:14:46:41 -0700] "POST /doLogin HTTP/1.1" 302 -
0:0:0:0:0:0:0:1 - - [23/Oct/2020:14:46:41 -0700] "GET /loginSuccessful HTTP/1.1" 200 650
0:0:0:0:0:0:0:1 - - [23/Oct/2020:14:46:45 -0700] "GET /getBook HTTP/1.1" 200 157
0:0:0:0:0:0:0:1 - - [23/Oct/2020:14:51:49 -0700] "GET /getBook HTTP/1.1" 200 157
0:0:0:0:0:0:0:1 - - [23/Oct/2020:14:51:50 -0700] "GET /getBook HTTP/1.1" 200 157
0:0:0:0:0:0:0:1 - - [23/Oct/2020:14:52:29 -0700] "GET /getBook HTTP/1.1" 200 157
0:0:0:0:0:0:0:1 - - [23/Oct/2020:14:52:33 -0700] "GET /login HTTP/1.1" 200 1657
0:0:0:0:0:0:0:1 - - [23/Oct/2020:14:52:33 -0700] "GET /login HTTP/1.1" 200 1657
0:0:0:0:0:0:0:1 - - [23/Oct/2020:14:52:36 -0700] "POST /doLogin HTTP/1.1" 302 -
0:0:0:0:0:0:0:1 - - [23/Oct/2020:14:52:36 -0700] "GET /loginSuccessful HTTP/1.1" 200 650
0:0:0:0:0:0:0:1 - - [23/Oct/2020:14:52:39 -0700] "GET /getBook HTTP/1.1" 200 157
0:0:0:0:0:0:0:1 - - [23/Oct/2020:14:54:19 -0700] "GET /getBook HTTP/1.1" 200 168084
0:0:0:0:0:0:0:1 - - [23/Oct/2020:14:57:03 -0700] "GET /getBook HTTP/1.1" 200 168084
0:0:0:0:0:0:0:1 - - [23/Oct/2020:14:57:19 -0700] "GET /getBook HTTP/1.1" 200 168084
0:0:0:0:0:0:0:1 - - [23/Oct/2020:14:57:47 -0700] "GET /getBook HTTP/1.1" 200 188
0:0:0:0:0:0:0:1 - - [23/Oct/2020:14:59:03 -0700] "GET /getBook HTTP/1.1" 200 380
0:0:0:0:0:0:0:1 - - [23/Oct/2020:15:00:17 -0700] "GET /getBook HTTP/1.1" 200 380
0:0:0:0:0:0:0:1 - - [23/Oct/2020:15:00:22 -0700] "GET /getBook HTTP/1.1" 200 380
0:0:0:0:0:0:0:1 - - [23/Oct/2020:15:00:43 -0700] "GET /getBook HTTP/1.1" 200 168075
0:0:0:0:0:0:0:1 - - [23/Oct/2020:15:02:59 -0700] "GET /getBook HTTP/1.1" 200 309
0:0:0:0:0:0:0:1 - - [23/Oct/2020:15:06:04 -0700] "GET /login HTTP/1.1" 200 1657
0:0:0:0:0:0:0:1 - - [23/Oct/2020:15:06:04 -0700] "GET /login HTTP/1.1" 200 1657
0:0:0:0:0:0:0:1 - - [23/Oct/2020:15:06:08 -0700] "POST /doLogin HTTP/1.1" 302 -
0:0:0:0:0:0:0:1 - - [23/Oct/2020:15:06:08 -0700] "GET /loginSuccessful HTTP/1.1" 200 650
0:0:0:0:0:0:0:1 - - [23/Oct/2020:15:06:11 -0700] "GET /searchBook HTTP/1.1" 200 678
0:0:0:0:0:0:0:1 - - [23/Oct/2020:15:06:13 -0700] "GET /searchBookByTitleOrAuthor?argument=Java HTTP/1.1" 200 734
0:0:0:0:0:0:0:1 - - [23/Oct/2020:15:23:19 -0700] "GET /searchBookByTitleOrAuthor?argument=Java HTTP/1.1" 200 734
0:0:0:0:0:0:0:1 - - [23/Oct/2020:15:23:56 -0700] "GET /searchBookByTitleOrAuthor?argument=Java HTTP/1.1" 200 734
0:0:0:0:0:0:0:1 - - [23/Oct/2020:15:23:59 -0700] "GET /searchBookByTitleOrAuthor?argument=Java HTTP/1.1" 200 734
0:0:0:0:0:0:0:1 - - [23/Oct/2020:15:24:16 -0700] "GET /searchBookByTitleOrAuthor?argument=Java HTTP/1.1" 200 734
0:0:0:0:0:0:0:1 - - [23/Oct/2020:15:24:18 -0700] "GET /searchBookByTitleOrAuthor?argument=Java HTTP/1.1" 200 734
0:0:0:0:0:0:0:1 - - [23/Oct/2020:15:36:42 -0700] "GET /searchBookByTitleOrAuthor?argument=Java HTTP/1.1" 200 710
0:0:0:0:0:0:0:1 - - [23/Oct/2020:15:37:02 -0700] "GET /searchBookByTitleOrAuthor?argument=Java HTTP/1.1" 200 710
0:0:0:0:0:0:0:1 - - [23/Oct/2020:15:37:03 -0700] "GET /searchBookByTitleOrAuthor?argument=Java HTTP/1.1" 200 710
