0:0:0:0:0:0:0:1 - - [05/Oct/2020:00:01:56 -0700] "GET /searchBookByAuthor?author=aef HTTP/1.1" 302 -
0:0:0:0:0:0:0:1 - - [05/Oct/2020:00:01:56 -0700] "GET /loginSuccessful HTTP/1.1" 200 973
0:0:0:0:0:0:0:1 - - [05/Oct/2020:00:02:19 -0700] "GET /login HTTP/1.1" 200 1655
0:0:0:0:0:0:0:1 - - [05/Oct/2020:00:02:19 -0700] "GET /login HTTP/1.1" 200 1655
0:0:0:0:0:0:0:1 - - [05/Oct/2020:00:02:25 -0700] "POST /doLogin HTTP/1.1" 302 -
0:0:0:0:0:0:0:1 - - [05/Oct/2020:00:02:25 -0700] "GET /loginSuccessful HTTP/1.1" 200 890
0:0:0:0:0:0:0:1 - - [05/Oct/2020:00:02:27 -0700] "GET /searchBookByAuthor?author=asc HTTP/1.1" 302 -
0:0:0:0:0:0:0:1 - - [05/Oct/2020:00:02:27 -0700] "GET /loginSuccessful HTTP/1.1" 200 985
192.168.1.200 - - [05/Oct/2020:00:06:22 -0700] "GET / HTTP/1.1" 302 -
192.168.1.200 - - [05/Oct/2020:00:06:22 -0700] "GET /login HTTP/1.1" 200 1655
192.168.1.200 - - [05/Oct/2020:00:06:45 -0700] "GET /HNAP1/ HTTP/1.1" 302 -
0:0:0:0:0:0:0:1 - - [05/Oct/2020:00:29:15 -0700] "GET /searchBookByTitle?title=wf HTTP/1.1" 302 -
0:0:0:0:0:0:0:1 - - [05/Oct/2020:00:29:15 -0700] "GET /loginSuccessful HTTP/1.1" 200 973
0:0:0:0:0:0:0:1 - - [05/Oct/2020:00:40:10 -0700] "GET /login HTTP/1.1" 200 1655
0:0:0:0:0:0:0:1 - - [05/Oct/2020:00:40:11 -0700] "GET /login HTTP/1.1" 200 1655
0:0:0:0:0:0:0:1 - - [05/Oct/2020:00:40:16 -0700] "POST /doLogin HTTP/1.1" 302 -
0:0:0:0:0:0:0:1 - - [05/Oct/2020:00:40:16 -0700] "GET /loginSuccessful HTTP/1.1" 200 376
0:0:0:0:0:0:0:1 - - [05/Oct/2020:00:40:18 -0700] "GET /searchBook HTTP/1.1" 200 958
0:0:0:0:0:0:0:1 - - [05/Oct/2020:00:40:20 -0700] "GET /searchBookByTitle?title=Effective HTTP/1.1" 200 876
0:0:0:0:0:0:0:1 - - [05/Oct/2020:00:40:21 -0700] "GET /searchBook HTTP/1.1" 200 958
0:0:0:0:0:0:0:1 - - [05/Oct/2020:00:40:21 -0700] "GET /loginSuccessful HTTP/1.1" 200 376
0:0:0:0:0:0:0:1 - - [05/Oct/2020:00:40:23 -0700] "GET /searchBook HTTP/1.1" 200 958
0:0:0:0:0:0:0:1 - - [05/Oct/2020:00:40:25 -0700] "GET /loginSuccessful HTTP/1.1" 200 376
0:0:0:0:0:0:0:1 - - [05/Oct/2020:00:40:35 -0700] "GET /searchBook HTTP/1.1" 200 958
0:0:0:0:0:0:0:1 - - [05/Oct/2020:00:40:39 -0700] "GET /searchBookByTitle?title=Effective HTTP/1.1" 200 876
0:0:0:0:0:0:0:1 - - [05/Oct/2020:00:40:40 -0700] "GET /searchBook HTTP/1.1" 200 958
0:0:0:0:0:0:0:1 - - [05/Oct/2020:00:40:40 -0700] "GET /loginSuccessful HTTP/1.1" 200 376
0:0:0:0:0:0:0:1 - - [05/Oct/2020:00:40:41 -0700] "GET /login HTTP/1.1" 200 1655
0:0:0:0:0:0:0:1 - - [05/Oct/2020:00:40:53 -0700] "POST /doLogin HTTP/1.1" 302 -
0:0:0:0:0:0:0:1 - - [05/Oct/2020:00:40:53 -0700] "GET /loginSuccessful HTTP/1.1" 200 376
0:0:0:0:0:0:0:1 - - [05/Oct/2020:00:40:56 -0700] "GET /searchBook HTTP/1.1" 200 958
0:0:0:0:0:0:0:1 - - [05/Oct/2020:01:23:20 -0700] "GET /searchBook HTTP/1.1" 200 958
0:0:0:0:0:0:0:1 - - [05/Oct/2020:01:54:45 -0700] "GET /login HTTP/1.1" 200 1655
0:0:0:0:0:0:0:1 - - [05/Oct/2020:01:54:45 -0700] "GET /login HTTP/1.1" 200 1655
0:0:0:0:0:0:0:1 - - [05/Oct/2020:01:54:46 -0700] "GET /favicon.ico HTTP/1.1" 302 -
0:0:0:0:0:0:0:1 - - [05/Oct/2020:01:54:46 -0700] "GET /login HTTP/1.1" 200 1655
0:0:0:0:0:0:0:1 - - [05/Oct/2020:01:54:48 -0700] "GET /signup HTTP/1.1" 200 4862
0:0:0:0:0:0:0:1 - - [05/Oct/2020:01:54:48 -0700] "GET /js/pwstrength.js HTTP/1.1" 200 -
0:0:0:0:0:0:0:1 - - [05/Oct/2020:01:54:48 -0700] "GET /js/jquery-1.7.2.js HTTP/1.1" 200 293292
0:0:0:0:0:0:0:1 - - [05/Oct/2020:01:54:59 -0700] "POST /signup HTTP/1.1" 302 -
0:0:0:0:0:0:0:1 - - [05/Oct/2020:01:54:59 -0700] "GET /login HTTP/1.1" 200 1738
0:0:0:0:0:0:0:1 - - [05/Oct/2020:01:55:09 -0700] "GET /registrationConfirm?token=c4c42a6f-7409-484a-9d0b-28426753edcb HTTP/1.1" 302 -
0:0:0:0:0:0:0:1 - - [05/Oct/2020:01:55:09 -0700] "GET /login HTTP/1.1" 200 1728
0:0:0:0:0:0:0:1 - - [05/Oct/2020:01:55:15 -0700] "POST /doLogin HTTP/1.1" 302 -
0:0:0:0:0:0:0:1 - - [05/Oct/2020:01:55:15 -0700] "GET /loginSuccessful HTTP/1.1" 200 376
0:0:0:0:0:0:0:1 - - [05/Oct/2020:01:58:32 -0700] "GET /login HTTP/1.1" 200 1655
0:0:0:0:0:0:0:1 - - [05/Oct/2020:01:58:32 -0700] "GET /login HTTP/1.1" 200 1655
0:0:0:0:0:0:0:1 - - [05/Oct/2020:01:58:34 -0700] "GET /signup HTTP/1.1" 200 4862
0:0:0:0:0:0:0:1 - - [05/Oct/2020:01:58:34 -0700] "GET /js/pwstrength.js HTTP/1.1" 200 -
0:0:0:0:0:0:0:1 - - [05/Oct/2020:01:58:34 -0700] "GET /js/jquery-1.7.2.js HTTP/1.1" 200 293292
0:0:0:0:0:0:0:1 - - [05/Oct/2020:01:58:44 -0700] "POST /signup HTTP/1.1" 302 -
0:0:0:0:0:0:0:1 - - [05/Oct/2020:01:58:44 -0700] "GET /login HTTP/1.1" 200 1738
0:0:0:0:0:0:0:1 - - [05/Oct/2020:01:58:48 -0700] "GET /registrationConfirm?token=bb62c86d-6ca9-4b00-bf38-8f7aea66cbd9 HTTP/1.1" 302 -
0:0:0:0:0:0:0:1 - - [05/Oct/2020:01:58:48 -0700] "GET /login HTTP/1.1" 200 1728
0:0:0:0:0:0:0:1 - - [05/Oct/2020:01:59:18 -0700] "POST /doLogin HTTP/1.1" 302 -
0:0:0:0:0:0:0:1 - - [05/Oct/2020:01:59:18 -0700] "GET /loginSuccessful HTTP/1.1" 200 376
0:0:0:0:0:0:0:1 - - [05/Oct/2020:01:59:19 -0700] "GET /searchBook HTTP/1.1" 200 958
0:0:0:0:0:0:0:1 - - [05/Oct/2020:01:59:21 -0700] "GET /searchBookByTitle?title=Effective HTTP/1.1" 200 876
0:0:0:0:0:0:0:1 - - [05/Oct/2020:01:59:22 -0700] "GET /searchBook HTTP/1.1" 200 958
0:0:0:0:0:0:0:1 - - [05/Oct/2020:01:59:24 -0700] "GET /searchBookByAuthor?author=Phan+Manh+Quynh HTTP/1.1" 200 1010
0:0:0:0:0:0:0:1 - - [05/Oct/2020:01:59:26 -0700] "GET /searchBook HTTP/1.1" 200 958
0:0:0:0:0:0:0:1 - - [05/Oct/2020:01:59:35 -0700] "GET /searchBookByAuthor?author=Phan+Manh+Quynh HTTP/1.1" 200 1010
0:0:0:0:0:0:0:1 - - [05/Oct/2020:01:59:37 -0700] "GET /searchBook HTTP/1.1" 200 958
0:0:0:0:0:0:0:1 - - [05/Oct/2020:01:59:50 -0700] "GET /loginSuccessful HTTP/1.1" 200 376
0:0:0:0:0:0:0:1 - - [05/Oct/2020:01:59:51 -0700] "GET /login HTTP/1.1" 200 1655
0:0:0:0:0:0:0:1 - - [05/Oct/2020:01:59:53 -0700] "GET /loginSuccessful HTTP/1.1" 200 376
0:0:0:0:0:0:0:1 - - [05/Oct/2020:20:49:54 -0700] "GET /login HTTP/1.1" 200 1655
0:0:0:0:0:0:0:1 - - [05/Oct/2020:20:49:54 -0700] "GET /login HTTP/1.1" 200 1655
0:0:0:0:0:0:0:1 - - [05/Oct/2020:20:49:54 -0700] "GET /favicon.ico HTTP/1.1" 302 -
0:0:0:0:0:0:0:1 - - [05/Oct/2020:20:49:54 -0700] "GET /login HTTP/1.1" 200 1655
0:0:0:0:0:0:0:1 - - [05/Oct/2020:20:50:03 -0700] "POST /doLogin HTTP/1.1" 302 -
0:0:0:0:0:0:0:1 - - [05/Oct/2020:20:50:03 -0700] "GET /loginSuccessful HTTP/1.1" 200 376
0:0:0:0:0:0:0:1 - - [05/Oct/2020:20:50:03 -0700] "GET /favicon.ico HTTP/1.1" 200 1150
0:0:0:0:0:0:0:1 - - [05/Oct/2020:20:50:05 -0700] "GET /searchBook HTTP/1.1" 200 958
0:0:0:0:0:0:0:1 - - [05/Oct/2020:20:50:16 -0700] "GET /searchBookByAuthor?author=Effective HTTP/1.1" 200 1035
0:0:0:0:0:0:0:1 - - [05/Oct/2020:20:50:18 -0700] "GET /searchBook HTTP/1.1" 200 958
0:0:0:0:0:0:0:1 - - [05/Oct/2020:20:50:23 -0700] "GET /searchBookByAuthor?author=Phan+Manh+Quynh HTTP/1.1" 200 1010
0:0:0:0:0:0:0:1 - - [05/Oct/2020:20:50:24 -0700] "GET /searchBook HTTP/1.1" 200 958
0:0:0:0:0:0:0:1 - - [05/Oct/2020:21:06:58 -0700] "GET /login HTTP/1.1" 200 1655
0:0:0:0:0:0:0:1 - - [05/Oct/2020:21:06:58 -0700] "GET /login HTTP/1.1" 200 1655
0:0:0:0:0:0:0:1 - - [05/Oct/2020:21:07:06 -0700] "POST /doLogin HTTP/1.1" 302 -
0:0:0:0:0:0:0:1 - - [05/Oct/2020:21:07:06 -0700] "GET /loginSuccessful HTTP/1.1" 200 376
0:0:0:0:0:0:0:1 - - [05/Oct/2020:21:07:07 -0700] "GET /searchBook HTTP/1.1" 200 654
0:0:0:0:0:0:0:1 - - [05/Oct/2020:21:07:11 -0700] "GET /searchBookByField?field=Phan HTTP/1.1" 200 1010
0:0:0:0:0:0:0:1 - - [05/Oct/2020:21:07:12 -0700] "GET /searchBook HTTP/1.1" 200 654
0:0:0:0:0:0:0:1 - - [05/Oct/2020:21:07:17 -0700] "GET /searchBookByField?field=Effective HTTP/1.1" 200 1035
0:0:0:0:0:0:0:1 - - [05/Oct/2020:21:07:18 -0700] "GET /searchBook HTTP/1.1" 200 654
0:0:0:0:0:0:0:1 - - [05/Oct/2020:21:10:04 -0700] "GET /loginSuccessful HTTP/1.1" 200 376
0:0:0:0:0:0:0:1 - - [05/Oct/2020:21:14:28 -0700] "GET /login HTTP/1.1" 200 1655
0:0:0:0:0:0:0:1 - - [05/Oct/2020:21:14:28 -0700] "GET /login HTTP/1.1" 200 1655
0:0:0:0:0:0:0:1 - - [05/Oct/2020:21:14:32 -0700] "POST /doLogin HTTP/1.1" 302 -
0:0:0:0:0:0:0:1 - - [05/Oct/2020:21:14:32 -0700] "GET /loginSuccessful HTTP/1.1" 200 450
0:0:0:0:0:0:0:1 - - [05/Oct/2020:21:17:14 -0700] "GET /login HTTP/1.1" 200 1655
0:0:0:0:0:0:0:1 - - [05/Oct/2020:21:17:14 -0700] "GET /login HTTP/1.1" 200 1655
0:0:0:0:0:0:0:1 - - [05/Oct/2020:21:17:21 -0700] "POST /doLogin HTTP/1.1" 302 -
0:0:0:0:0:0:0:1 - - [05/Oct/2020:21:17:21 -0700] "GET /loginSuccessful HTTP/1.1" 200 464
0:0:0:0:0:0:0:1 - - [05/Oct/2020:21:17:34 -0700] "GET /login HTTP/1.1" 200 1655
0:0:0:0:0:0:0:1 - - [05/Oct/2020:21:17:34 -0700] "GET /login HTTP/1.1" 200 1655
0:0:0:0:0:0:0:1 - - [05/Oct/2020:21:17:39 -0700] "POST /doLogin HTTP/1.1" 302 -
0:0:0:0:0:0:0:1 - - [05/Oct/2020:21:17:39 -0700] "GET /loginSuccessful HTTP/1.1" 200 469
0:0:0:0:0:0:0:1 - - [05/Oct/2020:21:18:11 -0700] "GET /login HTTP/1.1" 200 1655
0:0:0:0:0:0:0:1 - - [05/Oct/2020:21:18:11 -0700] "GET /login HTTP/1.1" 200 1655
0:0:0:0:0:0:0:1 - - [05/Oct/2020:21:18:15 -0700] "POST /doLogin HTTP/1.1" 302 -
0:0:0:0:0:0:0:1 - - [05/Oct/2020:21:18:15 -0700] "GET /loginSuccessful HTTP/1.1" 200 513
