0:0:0:0:0:0:0:1 - - [17/Jan/2021:22:57:41 -0800] "GET /login HTTP/1.1" 200 5962
0:0:0:0:0:0:0:1 - - [17/Jan/2021:22:57:41 -0800] "GET /js/action.js HTTP/1.1" 200 -
0:0:0:0:0:0:0:1 - - [17/Jan/2021:22:57:41 -0800] "GET /css/main.css HTTP/1.1" 302 -
0:0:0:0:0:0:0:1 - - [17/Jan/2021:22:57:41 -0800] "GET /login HTTP/1.1" 200 5962
0:0:0:0:0:0:0:1 - - [17/Jan/2021:22:57:41 -0800] "GET /favicon.ico HTTP/1.1" 302 -
0:0:0:0:0:0:0:1 - - [17/Jan/2021:22:57:41 -0800] "GET /login HTTP/1.1" 200 5962
0:0:0:0:0:0:0:1 - - [17/Jan/2021:22:57:44 -0800] "GET /signup HTTP/1.1" 200 5168
0:0:0:0:0:0:0:1 - - [17/Jan/2021:22:57:44 -0800] "GET /css/main.css HTTP/1.1" 302 -
0:0:0:0:0:0:0:1 - - [17/Jan/2021:22:57:44 -0800] "GET /js/action.js HTTP/1.1" 200 -
0:0:0:0:0:0:0:1 - - [17/Jan/2021:22:57:44 -0800] "GET /login HTTP/1.1" 200 5962
0:0:0:0:0:0:0:1 - - [17/Jan/2021:22:57:44 -0800] "GET /favicon.ico HTTP/1.1" 302 -
0:0:0:0:0:0:0:1 - - [17/Jan/2021:22:57:44 -0800] "GET /login HTTP/1.1" 200 5962
0:0:0:0:0:0:0:1 - - [17/Jan/2021:22:57:56 -0800] "POST /signup HTTP/1.1" 200 5345
0:0:0:0:0:0:0:1 - - [17/Jan/2021:22:57:56 -0800] "GET /css/main.css HTTP/1.1" 302 -
0:0:0:0:0:0:0:1 - - [17/Jan/2021:22:57:56 -0800] "GET /js/action.js HTTP/1.1" 200 -
0:0:0:0:0:0:0:1 - - [17/Jan/2021:22:57:56 -0800] "GET /login HTTP/1.1" 200 5962
0:0:0:0:0:0:0:1 - - [17/Jan/2021:22:57:56 -0800] "GET /favicon.ico HTTP/1.1" 302 -
0:0:0:0:0:0:0:1 - - [17/Jan/2021:22:57:56 -0800] "GET /login HTTP/1.1" 200 5962
0:0:0:0:0:0:0:1 - - [17/Jan/2021:23:00:33 -0800] "POST /signup HTTP/1.1" 302 -
0:0:0:0:0:0:0:1 - - [17/Jan/2021:23:00:33 -0800] "GET /login HTTP/1.1" 200 6045
0:0:0:0:0:0:0:1 - - [17/Jan/2021:23:00:33 -0800] "GET /js/action.js HTTP/1.1" 200 -
0:0:0:0:0:0:0:1 - - [17/Jan/2021:23:00:33 -0800] "GET /css/main.css HTTP/1.1" 302 -
0:0:0:0:0:0:0:1 - - [17/Jan/2021:23:00:34 -0800] "GET /login HTTP/1.1" 200 5962
0:0:0:0:0:0:0:1 - - [17/Jan/2021:23:00:34 -0800] "GET /favicon.ico HTTP/1.1" 302 -
0:0:0:0:0:0:0:1 - - [17/Jan/2021:23:00:34 -0800] "GET /login HTTP/1.1" 200 5962
0:0:0:0:0:0:0:1 - - [17/Jan/2021:23:00:38 -0800] "GET /registrationConfirm?token=b24d404a-0dbb-48b5-ad27-0704f2145de2 HTTP/1.1" 302 -
0:0:0:0:0:0:0:1 - - [17/Jan/2021:23:00:38 -0800] "GET /login HTTP/1.1" 200 6035
0:0:0:0:0:0:0:1 - - [17/Jan/2021:23:00:38 -0800] "GET /css/main.css HTTP/1.1" 302 -
0:0:0:0:0:0:0:1 - - [17/Jan/2021:23:00:38 -0800] "GET /js/action.js HTTP/1.1" 200 -
0:0:0:0:0:0:0:1 - - [17/Jan/2021:23:00:38 -0800] "GET /login HTTP/1.1" 200 5962
0:0:0:0:0:0:0:1 - - [17/Jan/2021:23:00:38 -0800] "GET /favicon.ico HTTP/1.1" 302 -
0:0:0:0:0:0:0:1 - - [17/Jan/2021:23:00:38 -0800] "GET /login HTTP/1.1" 200 5962
0:0:0:0:0:0:0:1 - - [17/Jan/2021:23:00:44 -0800] "POST /doLogin HTTP/1.1" 302 -
0:0:0:0:0:0:0:1 - - [17/Jan/2021:23:00:44 -0800] "GET /loginFailed HTTP/1.1" 302 -
0:0:0:0:0:0:0:1 - - [17/Jan/2021:23:00:44 -0800] "GET /login HTTP/1.1" 200 6031
0:0:0:0:0:0:0:1 - - [17/Jan/2021:23:00:44 -0800] "GET /css/main.css HTTP/1.1" 302 -
0:0:0:0:0:0:0:1 - - [17/Jan/2021:23:00:44 -0800] "GET /js/action.js HTTP/1.1" 200 -
0:0:0:0:0:0:0:1 - - [17/Jan/2021:23:00:44 -0800] "GET /login HTTP/1.1" 200 5962
0:0:0:0:0:0:0:1 - - [17/Jan/2021:23:00:44 -0800] "GET /favicon.ico HTTP/1.1" 302 -
0:0:0:0:0:0:0:1 - - [17/Jan/2021:23:00:44 -0800] "GET /login HTTP/1.1" 200 5962
0:0:0:0:0:0:0:1 - - [17/Jan/2021:23:08:02 -0800] "GET /loginSuccessful HTTP/1.1" 302 -
0:0:0:0:0:0:0:1 - - [17/Jan/2021:23:08:02 -0800] "GET /login HTTP/1.1" 200 5962
0:0:0:0:0:0:0:1 - - [17/Jan/2021:23:08:02 -0800] "GET /css/main.css HTTP/1.1" 302 -
0:0:0:0:0:0:0:1 - - [17/Jan/2021:23:08:02 -0800] "GET /js/action.js HTTP/1.1" 200 -
0:0:0:0:0:0:0:1 - - [17/Jan/2021:23:08:02 -0800] "GET /login HTTP/1.1" 200 5962
0:0:0:0:0:0:0:1 - - [17/Jan/2021:23:08:02 -0800] "GET /favicon.ico HTTP/1.1" 302 -
0:0:0:0:0:0:0:1 - - [17/Jan/2021:23:08:02 -0800] "GET /login HTTP/1.1" 200 5962
0:0:0:0:0:0:0:1 - - [17/Jan/2021:23:08:06 -0800] "GET /loginSuccessful HTTP/1.1" 302 -
0:0:0:0:0:0:0:1 - - [17/Jan/2021:23:08:06 -0800] "GET /login HTTP/1.1" 200 5962
0:0:0:0:0:0:0:1 - - [17/Jan/2021:23:08:06 -0800] "GET /css/main.css HTTP/1.1" 302 -
0:0:0:0:0:0:0:1 - - [17/Jan/2021:23:08:06 -0800] "GET /js/action.js HTTP/1.1" 200 -
0:0:0:0:0:0:0:1 - - [17/Jan/2021:23:08:06 -0800] "GET /login HTTP/1.1" 200 5962
0:0:0:0:0:0:0:1 - - [17/Jan/2021:23:08:07 -0800] "GET /favicon.ico HTTP/1.1" 302 -
0:0:0:0:0:0:0:1 - - [17/Jan/2021:23:08:07 -0800] "GET /login HTTP/1.1" 200 5962
0:0:0:0:0:0:0:1 - - [17/Jan/2021:23:10:22 -0800] "GET /signup HTTP/1.1" 200 5168
0:0:0:0:0:0:0:1 - - [17/Jan/2021:23:10:22 -0800] "GET /js/action.js HTTP/1.1" 200 -
0:0:0:0:0:0:0:1 - - [17/Jan/2021:23:10:22 -0800] "GET /css/main.css HTTP/1.1" 302 -
0:0:0:0:0:0:0:1 - - [17/Jan/2021:23:10:22 -0800] "GET /login HTTP/1.1" 200 5962
0:0:0:0:0:0:0:1 - - [17/Jan/2021:23:10:22 -0800] "GET /favicon.ico HTTP/1.1" 302 -
0:0:0:0:0:0:0:1 - - [17/Jan/2021:23:10:23 -0800] "GET /login HTTP/1.1" 200 5962
0:0:0:0:0:0:0:1 - - [17/Jan/2021:23:10:32 -0800] "POST /signup HTTP/1.1" 302 -
0:0:0:0:0:0:0:1 - - [17/Jan/2021:23:10:32 -0800] "GET /login HTTP/1.1" 200 6045
0:0:0:0:0:0:0:1 - - [17/Jan/2021:23:10:32 -0800] "GET /css/main.css HTTP/1.1" 302 -
0:0:0:0:0:0:0:1 - - [17/Jan/2021:23:10:32 -0800] "GET /js/action.js HTTP/1.1" 200 -
0:0:0:0:0:0:0:1 - - [17/Jan/2021:23:10:32 -0800] "GET /login HTTP/1.1" 200 5962
0:0:0:0:0:0:0:1 - - [17/Jan/2021:23:10:32 -0800] "GET /favicon.ico HTTP/1.1" 302 -
0:0:0:0:0:0:0:1 - - [17/Jan/2021:23:10:32 -0800] "GET /login HTTP/1.1" 200 5962
0:0:0:0:0:0:0:1 - - [17/Jan/2021:23:10:40 -0800] "GET /registrationConfirm?token=a570f3ec-0d35-4e25-b2d7-859a442badab HTTP/1.1" 302 -
0:0:0:0:0:0:0:1 - - [17/Jan/2021:23:10:40 -0800] "GET /login HTTP/1.1" 200 6035
0:0:0:0:0:0:0:1 - - [17/Jan/2021:23:10:40 -0800] "GET /css/main.css HTTP/1.1" 302 -
0:0:0:0:0:0:0:1 - - [17/Jan/2021:23:10:40 -0800] "GET /js/action.js HTTP/1.1" 200 -
0:0:0:0:0:0:0:1 - - [17/Jan/2021:23:10:40 -0800] "GET /login HTTP/1.1" 200 5962
0:0:0:0:0:0:0:1 - - [17/Jan/2021:23:10:40 -0800] "GET /favicon.ico HTTP/1.1" 302 -
0:0:0:0:0:0:0:1 - - [17/Jan/2021:23:10:40 -0800] "GET /login HTTP/1.1" 200 5962
0:0:0:0:0:0:0:1 - - [17/Jan/2021:23:10:48 -0800] "POST /doLogin HTTP/1.1" 302 -
0:0:0:0:0:0:0:1 - - [17/Jan/2021:23:10:48 -0800] "GET /loginFailed HTTP/1.1" 302 -
0:0:0:0:0:0:0:1 - - [17/Jan/2021:23:10:48 -0800] "GET /login HTTP/1.1" 200 6031
0:0:0:0:0:0:0:1 - - [17/Jan/2021:23:10:48 -0800] "GET /css/main.css HTTP/1.1" 302 -
0:0:0:0:0:0:0:1 - - [17/Jan/2021:23:10:48 -0800] "GET /js/action.js HTTP/1.1" 200 -
0:0:0:0:0:0:0:1 - - [17/Jan/2021:23:10:48 -0800] "GET /login HTTP/1.1" 200 5962
0:0:0:0:0:0:0:1 - - [17/Jan/2021:23:10:48 -0800] "GET /favicon.ico HTTP/1.1" 302 -
0:0:0:0:0:0:0:1 - - [17/Jan/2021:23:10:48 -0800] "GET /login HTTP/1.1" 200 5962
0:0:0:0:0:0:0:1 - - [17/Jan/2021:23:12:52 -0800] "GET /signup HTTP/1.1" 200 5168
0:0:0:0:0:0:0:1 - - [17/Jan/2021:23:12:52 -0800] "GET /js/action.js HTTP/1.1" 200 -
0:0:0:0:0:0:0:1 - - [17/Jan/2021:23:12:53 -0800] "GET /css/main.css HTTP/1.1" 403 137
0:0:0:0:0:0:0:1 - - [17/Jan/2021:23:12:53 -0800] "GET /favicon.ico HTTP/1.1" 403 136
0:0:0:0:0:0:0:1 - - [17/Jan/2021:23:13:05 -0800] "POST /signup HTTP/1.1" 302 -
0:0:0:0:0:0:0:1 - - [17/Jan/2021:23:13:05 -0800] "GET /login HTTP/1.1" 403 299
0:0:0:0:0:0:0:1 - - [17/Jan/2021:23:13:06 -0800] "GET /favicon.ico HTTP/1.1" 403 136
0:0:0:0:0:0:0:1 - - [17/Jan/2021:23:13:08 -0800] "GET /registrationConfirm?token=5ab0d767-a063-4866-9d7b-ac297db232b8 HTTP/1.1" 302 -
0:0:0:0:0:0:0:1 - - [17/Jan/2021:23:13:08 -0800] "GET /login HTTP/1.1" 403 299
0:0:0:0:0:0:0:1 - - [17/Jan/2021:23:13:09 -0800] "GET /favicon.ico HTTP/1.1" 403 136
0:0:0:0:0:0:0:1 - - [17/Jan/2021:23:15:16 -0800] "GET /registrationConfirm?token=5ab0d767-a063-4866-9d7b-ac297db232b8 HTTP/1.1" 302 -
0:0:0:0:0:0:0:1 - - [17/Jan/2021:23:15:16 -0800] "GET /login HTTP/1.1" 200 6035
0:0:0:0:0:0:0:1 - - [17/Jan/2021:23:15:16 -0800] "GET /js/action.js HTTP/1.1" 200 -
0:0:0:0:0:0:0:1 - - [17/Jan/2021:23:15:16 -0800] "GET /css/main.css HTTP/1.1" 302 -
0:0:0:0:0:0:0:1 - - [17/Jan/2021:23:15:16 -0800] "GET /login HTTP/1.1" 200 5962
0:0:0:0:0:0:0:1 - - [17/Jan/2021:23:15:16 -0800] "GET /favicon.ico HTTP/1.1" 302 -
0:0:0:0:0:0:0:1 - - [17/Jan/2021:23:15:16 -0800] "GET /login HTTP/1.1" 200 5962
0:0:0:0:0:0:0:1 - - [17/Jan/2021:23:15:21 -0800] "POST /doLogin HTTP/1.1" 302 -
0:0:0:0:0:0:0:1 - - [17/Jan/2021:23:15:21 -0800] "GET /loginFailed HTTP/1.1" 302 -
0:0:0:0:0:0:0:1 - - [17/Jan/2021:23:15:21 -0800] "GET /login HTTP/1.1" 200 6031
0:0:0:0:0:0:0:1 - - [17/Jan/2021:23:15:21 -0800] "GET /css/main.css HTTP/1.1" 302 -
0:0:0:0:0:0:0:1 - - [17/Jan/2021:23:15:21 -0800] "GET /js/action.js HTTP/1.1" 200 -
0:0:0:0:0:0:0:1 - - [17/Jan/2021:23:15:21 -0800] "GET /login HTTP/1.1" 200 5962
0:0:0:0:0:0:0:1 - - [17/Jan/2021:23:15:21 -0800] "GET /favicon.ico HTTP/1.1" 302 -
0:0:0:0:0:0:0:1 - - [17/Jan/2021:23:15:21 -0800] "GET /login HTTP/1.1" 200 5962
0:0:0:0:0:0:0:1 - - [17/Jan/2021:23:15:23 -0800] "POST /doLogin HTTP/1.1" 302 -
0:0:0:0:0:0:0:1 - - [17/Jan/2021:23:15:23 -0800] "POST /doLogin HTTP/1.1" 302 -
0:0:0:0:0:0:0:1 - - [17/Jan/2021:23:15:23 -0800] "POST /doLogin HTTP/1.1" 302 -
0:0:0:0:0:0:0:1 - - [17/Jan/2021:23:15:23 -0800] "POST /doLogin HTTP/1.1" 302 -
0:0:0:0:0:0:0:1 - - [17/Jan/2021:23:15:23 -0800] "POST /doLogin HTTP/1.1" 302 -
0:0:0:0:0:0:0:1 - - [17/Jan/2021:23:15:24 -0800] "POST /doLogin HTTP/1.1" 302 -
0:0:0:0:0:0:0:1 - - [17/Jan/2021:23:15:24 -0800] "POST /doLogin HTTP/1.1" 302 -
0:0:0:0:0:0:0:1 - - [17/Jan/2021:23:15:24 -0800] "POST /doLogin HTTP/1.1" 302 -
0:0:0:0:0:0:0:1 - - [17/Jan/2021:23:15:24 -0800] "GET /loginFailed HTTP/1.1" 302 -
0:0:0:0:0:0:0:1 - - [17/Jan/2021:23:15:24 -0800] "GET /login HTTP/1.1" 200 6031
0:0:0:0:0:0:0:1 - - [17/Jan/2021:23:15:24 -0800] "GET /css/main.css HTTP/1.1" 302 -
0:0:0:0:0:0:0:1 - - [17/Jan/2021:23:15:24 -0800] "GET /js/action.js HTTP/1.1" 200 -
0:0:0:0:0:0:0:1 - - [17/Jan/2021:23:15:24 -0800] "GET /login HTTP/1.1" 200 5962
0:0:0:0:0:0:0:1 - - [17/Jan/2021:23:15:24 -0800] "GET /favicon.ico HTTP/1.1" 302 -
0:0:0:0:0:0:0:1 - - [17/Jan/2021:23:15:24 -0800] "GET /login HTTP/1.1" 200 5962
0:0:0:0:0:0:0:1 - - [17/Jan/2021:23:19:38 -0800] "POST /doLogin HTTP/1.1" 302 -
0:0:0:0:0:0:0:1 - - [17/Jan/2021:23:19:38 -0800] "GET /login HTTP/1.1" 200 5960
0:0:0:0:0:0:0:1 - - [17/Jan/2021:23:19:38 -0800] "GET /css/main.css HTTP/1.1" 302 -
0:0:0:0:0:0:0:1 - - [17/Jan/2021:23:19:38 -0800] "GET /js/action.js HTTP/1.1" 200 -
0:0:0:0:0:0:0:1 - - [17/Jan/2021:23:19:38 -0800] "GET /login HTTP/1.1" 200 5960
0:0:0:0:0:0:0:1 - - [17/Jan/2021:23:19:38 -0800] "GET /favicon.ico HTTP/1.1" 302 -
0:0:0:0:0:0:0:1 - - [17/Jan/2021:23:19:38 -0800] "GET /login HTTP/1.1" 200 5960
0:0:0:0:0:0:0:1 - - [17/Jan/2021:23:19:41 -0800] "POST /login HTTP/1.1" 302 -
0:0:0:0:0:0:0:1 - - [17/Jan/2021:23:19:41 -0800] "GET /loginFailed HTTP/1.1" 302 -
0:0:0:0:0:0:0:1 - - [17/Jan/2021:23:19:41 -0800] "GET /login HTTP/1.1" 200 6029
0:0:0:0:0:0:0:1 - - [17/Jan/2021:23:19:41 -0800] "GET /css/main.css HTTP/1.1" 302 -
0:0:0:0:0:0:0:1 - - [17/Jan/2021:23:19:41 -0800] "GET /js/action.js HTTP/1.1" 200 -
0:0:0:0:0:0:0:1 - - [17/Jan/2021:23:19:41 -0800] "GET /login HTTP/1.1" 200 5960
0:0:0:0:0:0:0:1 - - [17/Jan/2021:23:19:41 -0800] "GET /favicon.ico HTTP/1.1" 302 -
0:0:0:0:0:0:0:1 - - [17/Jan/2021:23:19:41 -0800] "GET /login HTTP/1.1" 200 5960
0:0:0:0:0:0:0:1 - - [17/Jan/2021:23:19:41 -0800] "POST /login HTTP/1.1" 302 -
0:0:0:0:0:0:0:1 - - [17/Jan/2021:23:19:41 -0800] "POST /login HTTP/1.1" 302 -
0:0:0:0:0:0:0:1 - - [17/Jan/2021:23:19:41 -0800] "GET /loginFailed HTTP/1.1" 302 -
0:0:0:0:0:0:0:1 - - [17/Jan/2021:23:19:41 -0800] "GET /login HTTP/1.1" 200 6029
0:0:0:0:0:0:0:1 - - [17/Jan/2021:23:19:41 -0800] "GET /css/main.css HTTP/1.1" 302 -
0:0:0:0:0:0:0:1 - - [17/Jan/2021:23:19:41 -0800] "GET /js/action.js HTTP/1.1" 200 -
0:0:0:0:0:0:0:1 - - [17/Jan/2021:23:19:41 -0800] "GET /login HTTP/1.1" 200 5960
0:0:0:0:0:0:0:1 - - [17/Jan/2021:23:19:41 -0800] "GET /favicon.ico HTTP/1.1" 302 -
0:0:0:0:0:0:0:1 - - [17/Jan/2021:23:19:41 -0800] "GET /login HTTP/1.1" 200 5960
0:0:0:0:0:0:0:1 - - [17/Jan/2021:23:19:42 -0800] "POST /login HTTP/1.1" 302 -
0:0:0:0:0:0:0:1 - - [17/Jan/2021:23:19:42 -0800] "POST /login HTTP/1.1" 302 -
0:0:0:0:0:0:0:1 - - [17/Jan/2021:23:19:42 -0800] "POST /login HTTP/1.1" 302 -
0:0:0:0:0:0:0:1 - - [17/Jan/2021:23:19:42 -0800] "POST /login HTTP/1.1" 302 -
0:0:0:0:0:0:0:1 - - [17/Jan/2021:23:19:42 -0800] "POST /login HTTP/1.1" 302 -
0:0:0:0:0:0:0:1 - - [17/Jan/2021:23:19:43 -0800] "POST /login HTTP/1.1" 302 -
0:0:0:0:0:0:0:1 - - [17/Jan/2021:23:19:43 -0800] "POST /login HTTP/1.1" 302 -
0:0:0:0:0:0:0:1 - - [17/Jan/2021:23:19:43 -0800] "POST /login HTTP/1.1" 302 -
0:0:0:0:0:0:0:1 - - [17/Jan/2021:23:19:43 -0800] "GET /loginFailed HTTP/1.1" 302 -
0:0:0:0:0:0:0:1 - - [17/Jan/2021:23:19:43 -0800] "GET /login HTTP/1.1" 200 6029
0:0:0:0:0:0:0:1 - - [17/Jan/2021:23:19:43 -0800] "GET /css/main.css HTTP/1.1" 302 -
0:0:0:0:0:0:0:1 - - [17/Jan/2021:23:19:43 -0800] "GET /js/action.js HTTP/1.1" 200 -
0:0:0:0:0:0:0:1 - - [17/Jan/2021:23:19:43 -0800] "GET /login HTTP/1.1" 200 5960
0:0:0:0:0:0:0:1 - - [17/Jan/2021:23:19:43 -0800] "GET /favicon.ico HTTP/1.1" 302 -
0:0:0:0:0:0:0:1 - - [17/Jan/2021:23:19:43 -0800] "GET /login HTTP/1.1" 200 5960
0:0:0:0:0:0:0:1 - - [17/Jan/2021:23:22:41 -0800] "POST /login HTTP/1.1" 405 9126
0:0:0:0:0:0:0:1 - - [17/Jan/2021:23:22:41 -0800] "GET /favicon.ico HTTP/1.1" 302 -
0:0:0:0:0:0:0:1 - - [17/Jan/2021:23:22:41 -0800] "GET /login HTTP/1.1" 200 5962
0:0:0:0:0:0:0:1 - - [17/Jan/2021:23:28:44 -0800] "GET /login HTTP/1.1" 200 5962
0:0:0:0:0:0:0:1 - - [17/Jan/2021:23:28:44 -0800] "GET /js/action.js HTTP/1.1" 200 -
0:0:0:0:0:0:0:1 - - [17/Jan/2021:23:28:44 -0800] "GET /css/main.css HTTP/1.1" 302 -
0:0:0:0:0:0:0:1 - - [17/Jan/2021:23:28:44 -0800] "GET /login HTTP/1.1" 200 5962
0:0:0:0:0:0:0:1 - - [17/Jan/2021:23:28:44 -0800] "GET /favicon.ico HTTP/1.1" 302 -
0:0:0:0:0:0:0:1 - - [17/Jan/2021:23:28:44 -0800] "GET /login HTTP/1.1" 200 5962
0:0:0:0:0:0:0:1 - - [17/Jan/2021:23:29:00 -0800] "POST /doLogin HTTP/1.1" 302 -
0:0:0:0:0:0:0:1 - - [17/Jan/2021:23:29:00 -0800] "GET /loginFailed HTTP/1.1" 302 -
0:0:0:0:0:0:0:1 - - [17/Jan/2021:23:29:00 -0800] "GET /login HTTP/1.1" 200 6031
0:0:0:0:0:0:0:1 - - [17/Jan/2021:23:29:00 -0800] "GET /css/main.css HTTP/1.1" 302 -
0:0:0:0:0:0:0:1 - - [17/Jan/2021:23:29:00 -0800] "GET /js/action.js HTTP/1.1" 200 -
0:0:0:0:0:0:0:1 - - [17/Jan/2021:23:29:00 -0800] "GET /login HTTP/1.1" 200 5962
0:0:0:0:0:0:0:1 - - [17/Jan/2021:23:29:00 -0800] "GET /favicon.ico HTTP/1.1" 302 -
0:0:0:0:0:0:0:1 - - [17/Jan/2021:23:29:00 -0800] "GET /login HTTP/1.1" 200 5962
0:0:0:0:0:0:0:1 - - [17/Jan/2021:23:48:56 -0800] "GET /login HTTP/1.1" 200 5962
0:0:0:0:0:0:0:1 - - [17/Jan/2021:23:48:56 -0800] "GET /js/action.js HTTP/1.1" 200 -
0:0:0:0:0:0:0:1 - - [17/Jan/2021:23:48:56 -0800] "GET /css/main.css HTTP/1.1" 302 -
0:0:0:0:0:0:0:1 - - [17/Jan/2021:23:48:56 -0800] "GET /loginPage.html HTTP/1.1" 302 -
0:0:0:0:0:0:0:1 - - [17/Jan/2021:23:48:56 -0800] "GET /loginPage.html HTTP/1.1" 302 -
0:0:0:0:0:0:0:1 - - [17/Jan/2021:23:48:56 -0800] "GET /loginPage.html HTTP/1.1" 302 -
0:0:0:0:0:0:0:1 - - [17/Jan/2021:23:48:56 -0800] "GET /loginPage.html HTTP/1.1" 302 -
0:0:0:0:0:0:0:1 - - [17/Jan/2021:23:48:56 -0800] "GET /loginPage.html HTTP/1.1" 302 -
0:0:0:0:0:0:0:1 - - [17/Jan/2021:23:48:56 -0800] "GET /loginPage.html HTTP/1.1" 302 -
0:0:0:0:0:0:0:1 - - [17/Jan/2021:23:48:56 -0800] "GET /loginPage.html HTTP/1.1" 302 -
0:0:0:0:0:0:0:1 - - [17/Jan/2021:23:48:56 -0800] "GET /loginPage.html HTTP/1.1" 302 -
0:0:0:0:0:0:0:1 - - [17/Jan/2021:23:48:56 -0800] "GET /loginPage.html HTTP/1.1" 302 -
0:0:0:0:0:0:0:1 - - [17/Jan/2021:23:48:56 -0800] "GET /loginPage.html HTTP/1.1" 302 -
0:0:0:0:0:0:0:1 - - [17/Jan/2021:23:48:56 -0800] "GET /loginPage.html HTTP/1.1" 302 -
0:0:0:0:0:0:0:1 - - [17/Jan/2021:23:48:56 -0800] "GET /loginPage.html HTTP/1.1" 302 -
0:0:0:0:0:0:0:1 - - [17/Jan/2021:23:48:56 -0800] "GET /loginPage.html HTTP/1.1" 302 -
0:0:0:0:0:0:0:1 - - [17/Jan/2021:23:48:56 -0800] "GET /loginPage.html HTTP/1.1" 302 -
0:0:0:0:0:0:0:1 - - [17/Jan/2021:23:48:56 -0800] "GET /loginPage.html HTTP/1.1" 302 -
0:0:0:0:0:0:0:1 - - [17/Jan/2021:23:48:56 -0800] "GET /loginPage.html HTTP/1.1" 302 -
0:0:0:0:0:0:0:1 - - [17/Jan/2021:23:48:56 -0800] "GET /loginPage.html HTTP/1.1" 302 -
0:0:0:0:0:0:0:1 - - [17/Jan/2021:23:48:56 -0800] "GET /loginPage.html HTTP/1.1" 302 -
0:0:0:0:0:0:0:1 - - [17/Jan/2021:23:48:56 -0800] "GET /loginPage.html HTTP/1.1" 302 -
0:0:0:0:0:0:0:1 - - [17/Jan/2021:23:48:56 -0800] "GET /loginPage.html HTTP/1.1" 302 -
0:0:0:0:0:0:0:1 - - [17/Jan/2021:23:48:56 -0800] "GET /favicon.ico HTTP/1.1" 302 -
0:0:0:0:0:0:0:1 - - [17/Jan/2021:23:48:56 -0800] "GET /loginPage.html HTTP/1.1" 302 -
0:0:0:0:0:0:0:1 - - [17/Jan/2021:23:48:56 -0800] "GET /loginPage.html HTTP/1.1" 302 -
0:0:0:0:0:0:0:1 - - [17/Jan/2021:23:48:56 -0800] "GET /loginPage.html HTTP/1.1" 302 -
0:0:0:0:0:0:0:1 - - [17/Jan/2021:23:48:56 -0800] "GET /loginPage.html HTTP/1.1" 302 -
0:0:0:0:0:0:0:1 - - [17/Jan/2021:23:48:56 -0800] "GET /loginPage.html HTTP/1.1" 302 -
0:0:0:0:0:0:0:1 - - [17/Jan/2021:23:48:56 -0800] "GET /loginPage.html HTTP/1.1" 302 -
0:0:0:0:0:0:0:1 - - [17/Jan/2021:23:48:56 -0800] "GET /loginPage.html HTTP/1.1" 302 -
0:0:0:0:0:0:0:1 - - [17/Jan/2021:23:48:56 -0800] "GET /loginPage.html HTTP/1.1" 302 -
0:0:0:0:0:0:0:1 - - [17/Jan/2021:23:48:56 -0800] "GET /loginPage.html HTTP/1.1" 302 -
0:0:0:0:0:0:0:1 - - [17/Jan/2021:23:48:56 -0800] "GET /loginPage.html HTTP/1.1" 302 -
0:0:0:0:0:0:0:1 - - [17/Jan/2021:23:48:56 -0800] "GET /loginPage.html HTTP/1.1" 302 -
0:0:0:0:0:0:0:1 - - [17/Jan/2021:23:48:56 -0800] "GET /loginPage.html HTTP/1.1" 302 -
0:0:0:0:0:0:0:1 - - [17/Jan/2021:23:48:56 -0800] "GET /loginPage.html HTTP/1.1" 302 -
0:0:0:0:0:0:0:1 - - [17/Jan/2021:23:48:56 -0800] "GET /loginPage.html HTTP/1.1" 302 -
0:0:0:0:0:0:0:1 - - [17/Jan/2021:23:48:56 -0800] "GET /loginPage.html HTTP/1.1" 302 -
0:0:0:0:0:0:0:1 - - [17/Jan/2021:23:48:56 -0800] "GET /loginPage.html HTTP/1.1" 302 -
0:0:0:0:0:0:0:1 - - [17/Jan/2021:23:48:56 -0800] "GET /loginPage.html HTTP/1.1" 302 -
0:0:0:0:0:0:0:1 - - [17/Jan/2021:23:48:56 -0800] "GET /loginPage.html HTTP/1.1" 302 -
0:0:0:0:0:0:0:1 - - [17/Jan/2021:23:48:56 -0800] "GET /loginPage.html HTTP/1.1" 302 -
0:0:0:0:0:0:0:1 - - [17/Jan/2021:23:48:56 -0800] "GET /loginPage.html HTTP/1.1" 302 -
0:0:0:0:0:0:0:1 - - [17/Jan/2021:23:49:02 -0800] "POST /doLogin HTTP/1.1" 302 -
0:0:0:0:0:0:0:1 - - [17/Jan/2021:23:49:02 -0800] "GET /loginPage.html HTTP/1.1" 302 -
0:0:0:0:0:0:0:1 - - [17/Jan/2021:23:49:02 -0800] "GET /loginPage.html HTTP/1.1" 302 -
0:0:0:0:0:0:0:1 - - [17/Jan/2021:23:49:02 -0800] "GET /loginPage.html HTTP/1.1" 302 -
0:0:0:0:0:0:0:1 - - [17/Jan/2021:23:49:02 -0800] "GET /loginPage.html HTTP/1.1" 302 -
0:0:0:0:0:0:0:1 - - [17/Jan/2021:23:49:02 -0800] "GET /loginPage.html HTTP/1.1" 302 -
0:0:0:0:0:0:0:1 - - [17/Jan/2021:23:49:02 -0800] "GET /loginPage.html HTTP/1.1" 302 -
0:0:0:0:0:0:0:1 - - [17/Jan/2021:23:49:02 -0800] "GET /loginPage.html HTTP/1.1" 302 -
0:0:0:0:0:0:0:1 - - [17/Jan/2021:23:49:02 -0800] "GET /loginPage.html HTTP/1.1" 302 -
0:0:0:0:0:0:0:1 - - [17/Jan/2021:23:49:02 -0800] "GET /loginPage.html HTTP/1.1" 302 -
0:0:0:0:0:0:0:1 - - [17/Jan/2021:23:49:02 -0800] "GET /loginPage.html HTTP/1.1" 302 -
0:0:0:0:0:0:0:1 - - [17/Jan/2021:23:49:02 -0800] "GET /loginPage.html HTTP/1.1" 302 -
0:0:0:0:0:0:0:1 - - [17/Jan/2021:23:49:03 -0800] "GET /loginPage.html HTTP/1.1" 302 -
0:0:0:0:0:0:0:1 - - [17/Jan/2021:23:49:03 -0800] "GET /loginPage.html HTTP/1.1" 302 -
0:0:0:0:0:0:0:1 - - [17/Jan/2021:23:49:03 -0800] "GET /loginPage.html HTTP/1.1" 302 -
0:0:0:0:0:0:0:1 - - [17/Jan/2021:23:49:03 -0800] "GET /loginPage.html HTTP/1.1" 302 -
0:0:0:0:0:0:0:1 - - [17/Jan/2021:23:49:03 -0800] "GET /loginPage.html HTTP/1.1" 302 -
0:0:0:0:0:0:0:1 - - [17/Jan/2021:23:49:03 -0800] "GET /loginPage.html HTTP/1.1" 302 -
0:0:0:0:0:0:0:1 - - [17/Jan/2021:23:49:03 -0800] "GET /loginPage.html HTTP/1.1" 302 -
0:0:0:0:0:0:0:1 - - [17/Jan/2021:23:49:03 -0800] "GET /loginPage.html HTTP/1.1" 302 -
0:0:0:0:0:0:0:1 - - [17/Jan/2021:23:49:04 -0800] "GET /loginPage.html HTTP/1.1" 302 -
0:0:0:0:0:0:0:1 - - [17/Jan/2021:23:49:04 -0800] "GET /loginPage.html HTTP/1.1" 302 -
0:0:0:0:0:0:0:1 - - [17/Jan/2021:23:49:04 -0800] "GET /loginPage.html HTTP/1.1" 302 -
0:0:0:0:0:0:0:1 - - [17/Jan/2021:23:49:04 -0800] "GET /loginPage.html HTTP/1.1" 302 -
0:0:0:0:0:0:0:1 - - [17/Jan/2021:23:49:04 -0800] "GET /loginPage.html HTTP/1.1" 302 -
0:0:0:0:0:0:0:1 - - [17/Jan/2021:23:49:04 -0800] "GET /loginPage.html HTTP/1.1" 302 -
0:0:0:0:0:0:0:1 - - [17/Jan/2021:23:49:04 -0800] "GET /loginPage.html HTTP/1.1" 302 -
0:0:0:0:0:0:0:1 - - [17/Jan/2021:23:49:04 -0800] "GET /loginPage.html HTTP/1.1" 302 -
0:0:0:0:0:0:0:1 - - [17/Jan/2021:23:49:04 -0800] "GET /loginPage.html HTTP/1.1" 302 -
0:0:0:0:0:0:0:1 - - [17/Jan/2021:23:49:04 -0800] "GET /loginPage.html HTTP/1.1" 302 -
0:0:0:0:0:0:0:1 - - [17/Jan/2021:23:49:04 -0800] "GET /loginPage.html HTTP/1.1" 302 -
0:0:0:0:0:0:0:1 - - [17/Jan/2021:23:49:04 -0800] "GET /loginPage.html HTTP/1.1" 302 -
0:0:0:0:0:0:0:1 - - [17/Jan/2021:23:49:04 -0800] "GET /loginPage.html HTTP/1.1" 302 -
0:0:0:0:0:0:0:1 - - [17/Jan/2021:23:49:04 -0800] "GET /loginPage.html HTTP/1.1" 302 -
0:0:0:0:0:0:0:1 - - [17/Jan/2021:23:49:04 -0800] "GET /loginPage.html HTTP/1.1" 302 -
0:0:0:0:0:0:0:1 - - [17/Jan/2021:23:49:04 -0800] "GET /loginPage.html HTTP/1.1" 302 -
0:0:0:0:0:0:0:1 - - [17/Jan/2021:23:49:04 -0800] "GET /loginPage.html HTTP/1.1" 302 -
0:0:0:0:0:0:0:1 - - [17/Jan/2021:23:49:04 -0800] "GET /loginPage.html HTTP/1.1" 302 -
0:0:0:0:0:0:0:1 - - [17/Jan/2021:23:49:04 -0800] "GET /loginPage.html HTTP/1.1" 302 -
0:0:0:0:0:0:0:1 - - [17/Jan/2021:23:49:04 -0800] "GET /loginPage.html HTTP/1.1" 302 -
0:0:0:0:0:0:0:1 - - [17/Jan/2021:23:49:09 -0800] "GET /loginPage.html HTTP/1.1" 302 -
0:0:0:0:0:0:0:1 - - [17/Jan/2021:23:49:09 -0800] "GET /loginPage.html HTTP/1.1" 302 -
0:0:0:0:0:0:0:1 - - [17/Jan/2021:23:49:09 -0800] "GET /loginPage.html HTTP/1.1" 302 -
0:0:0:0:0:0:0:1 - - [17/Jan/2021:23:49:09 -0800] "GET /loginPage.html HTTP/1.1" 302 -
0:0:0:0:0:0:0:1 - - [17/Jan/2021:23:49:09 -0800] "GET /loginPage.html HTTP/1.1" 302 -
0:0:0:0:0:0:0:1 - - [17/Jan/2021:23:49:09 -0800] "GET /loginPage.html HTTP/1.1" 302 -
0:0:0:0:0:0:0:1 - - [17/Jan/2021:23:49:09 -0800] "GET /loginPage.html HTTP/1.1" 302 -
0:0:0:0:0:0:0:1 - - [17/Jan/2021:23:49:09 -0800] "GET /loginPage.html HTTP/1.1" 302 -
0:0:0:0:0:0:0:1 - - [17/Jan/2021:23:49:09 -0800] "GET /loginPage.html HTTP/1.1" 302 -
0:0:0:0:0:0:0:1 - - [17/Jan/2021:23:49:09 -0800] "GET /loginPage.html HTTP/1.1" 302 -
0:0:0:0:0:0:0:1 - - [17/Jan/2021:23:49:09 -0800] "GET /loginPage.html HTTP/1.1" 302 -
0:0:0:0:0:0:0:1 - - [17/Jan/2021:23:49:09 -0800] "GET /loginPage.html HTTP/1.1" 302 -
0:0:0:0:0:0:0:1 - - [17/Jan/2021:23:49:09 -0800] "GET /loginPage.html HTTP/1.1" 302 -
0:0:0:0:0:0:0:1 - - [17/Jan/2021:23:49:09 -0800] "GET /loginPage.html HTTP/1.1" 302 -
0:0:0:0:0:0:0:1 - - [17/Jan/2021:23:49:09 -0800] "GET /loginPage.html HTTP/1.1" 302 -
0:0:0:0:0:0:0:1 - - [17/Jan/2021:23:49:09 -0800] "GET /loginPage.html HTTP/1.1" 302 -
0:0:0:0:0:0:0:1 - - [17/Jan/2021:23:49:09 -0800] "GET /loginPage.html HTTP/1.1" 302 -
0:0:0:0:0:0:0:1 - - [17/Jan/2021:23:49:09 -0800] "GET /loginPage.html HTTP/1.1" 302 -
0:0:0:0:0:0:0:1 - - [17/Jan/2021:23:49:09 -0800] "GET /loginPage.html HTTP/1.1" 302 -
0:0:0:0:0:0:0:1 - - [17/Jan/2021:23:49:09 -0800] "GET /loginPage.html HTTP/1.1" 302 -
0:0:0:0:0:0:0:1 - - [17/Jan/2021:23:49:57 -0800] "POST /doLogin HTTP/1.1" 302 -
0:0:0:0:0:0:0:1 - - [17/Jan/2021:23:49:57 -0800] "GET /loginPage HTTP/1.1" 302 -
0:0:0:0:0:0:0:1 - - [17/Jan/2021:23:49:57 -0800] "GET /loginPage HTTP/1.1" 302 -
0:0:0:0:0:0:0:1 - - [17/Jan/2021:23:49:57 -0800] "GET /loginPage HTTP/1.1" 302 -
0:0:0:0:0:0:0:1 - - [17/Jan/2021:23:49:57 -0800] "GET /loginPage HTTP/1.1" 302 -
0:0:0:0:0:0:0:1 - - [17/Jan/2021:23:49:57 -0800] "GET /loginPage HTTP/1.1" 302 -
0:0:0:0:0:0:0:1 - - [17/Jan/2021:23:49:57 -0800] "GET /loginPage HTTP/1.1" 302 -
0:0:0:0:0:0:0:1 - - [17/Jan/2021:23:49:57 -0800] "GET /loginPage HTTP/1.1" 302 -
0:0:0:0:0:0:0:1 - - [17/Jan/2021:23:49:57 -0800] "GET /loginPage HTTP/1.1" 302 -
0:0:0:0:0:0:0:1 - - [17/Jan/2021:23:49:57 -0800] "GET /loginPage HTTP/1.1" 302 -
0:0:0:0:0:0:0:1 - - [17/Jan/2021:23:49:57 -0800] "GET /loginPage HTTP/1.1" 302 -
0:0:0:0:0:0:0:1 - - [17/Jan/2021:23:49:57 -0800] "GET /loginPage HTTP/1.1" 302 -
0:0:0:0:0:0:0:1 - - [17/Jan/2021:23:49:57 -0800] "GET /loginPage HTTP/1.1" 302 -
0:0:0:0:0:0:0:1 - - [17/Jan/2021:23:49:57 -0800] "GET /loginPage HTTP/1.1" 302 -
0:0:0:0:0:0:0:1 - - [17/Jan/2021:23:49:57 -0800] "GET /loginPage HTTP/1.1" 302 -
0:0:0:0:0:0:0:1 - - [17/Jan/2021:23:49:57 -0800] "GET /loginPage HTTP/1.1" 302 -
0:0:0:0:0:0:0:1 - - [17/Jan/2021:23:49:57 -0800] "GET /loginPage HTTP/1.1" 302 -
0:0:0:0:0:0:0:1 - - [17/Jan/2021:23:49:57 -0800] "GET /loginPage HTTP/1.1" 302 -
0:0:0:0:0:0:0:1 - - [17/Jan/2021:23:49:57 -0800] "GET /loginPage HTTP/1.1" 302 -
0:0:0:0:0:0:0:1 - - [17/Jan/2021:23:49:57 -0800] "GET /loginPage HTTP/1.1" 302 -
0:0:0:0:0:0:0:1 - - [17/Jan/2021:23:49:59 -0800] "GET /loginPage HTTP/1.1" 302 -
0:0:0:0:0:0:0:1 - - [17/Jan/2021:23:49:59 -0800] "GET /loginPage HTTP/1.1" 302 -
0:0:0:0:0:0:0:1 - - [17/Jan/2021:23:49:59 -0800] "GET /loginPage HTTP/1.1" 302 -
0:0:0:0:0:0:0:1 - - [17/Jan/2021:23:49:59 -0800] "GET /loginPage HTTP/1.1" 302 -
0:0:0:0:0:0:0:1 - - [17/Jan/2021:23:49:59 -0800] "GET /loginPage HTTP/1.1" 302 -
0:0:0:0:0:0:0:1 - - [17/Jan/2021:23:49:59 -0800] "GET /loginPage HTTP/1.1" 302 -
0:0:0:0:0:0:0:1 - - [17/Jan/2021:23:49:59 -0800] "GET /loginPage HTTP/1.1" 302 -
0:0:0:0:0:0:0:1 - - [17/Jan/2021:23:49:59 -0800] "GET /loginPage HTTP/1.1" 302 -
0:0:0:0:0:0:0:1 - - [17/Jan/2021:23:49:59 -0800] "GET /loginPage HTTP/1.1" 302 -
0:0:0:0:0:0:0:1 - - [17/Jan/2021:23:49:59 -0800] "GET /loginPage HTTP/1.1" 302 -
0:0:0:0:0:0:0:1 - - [17/Jan/2021:23:49:59 -0800] "GET /loginPage HTTP/1.1" 302 -
0:0:0:0:0:0:0:1 - - [17/Jan/2021:23:49:59 -0800] "GET /loginPage HTTP/1.1" 302 -
0:0:0:0:0:0:0:1 - - [17/Jan/2021:23:49:59 -0800] "GET /loginPage HTTP/1.1" 302 -
0:0:0:0:0:0:0:1 - - [17/Jan/2021:23:49:59 -0800] "GET /loginPage HTTP/1.1" 302 -
0:0:0:0:0:0:0:1 - - [17/Jan/2021:23:49:59 -0800] "GET /loginPage HTTP/1.1" 302 -
0:0:0:0:0:0:0:1 - - [17/Jan/2021:23:49:59 -0800] "GET /loginPage HTTP/1.1" 302 -
0:0:0:0:0:0:0:1 - - [17/Jan/2021:23:49:59 -0800] "GET /loginPage HTTP/1.1" 302 -
0:0:0:0:0:0:0:1 - - [17/Jan/2021:23:49:59 -0800] "GET /loginPage HTTP/1.1" 302 -
0:0:0:0:0:0:0:1 - - [17/Jan/2021:23:49:59 -0800] "GET /loginPage HTTP/1.1" 302 -
0:0:0:0:0:0:0:1 - - [17/Jan/2021:23:49:59 -0800] "GET /loginPage HTTP/1.1" 302 -
0:0:0:0:0:0:0:1 - - [17/Jan/2021:23:50:04 -0800] "GET /loginPage HTTP/1.1" 302 -
0:0:0:0:0:0:0:1 - - [17/Jan/2021:23:50:04 -0800] "GET /loginPage HTTP/1.1" 302 -
0:0:0:0:0:0:0:1 - - [17/Jan/2021:23:50:04 -0800] "GET /loginPage HTTP/1.1" 302 -
0:0:0:0:0:0:0:1 - - [17/Jan/2021:23:50:04 -0800] "GET /loginPage HTTP/1.1" 302 -
0:0:0:0:0:0:0:1 - - [17/Jan/2021:23:50:04 -0800] "GET /loginPage HTTP/1.1" 302 -
0:0:0:0:0:0:0:1 - - [17/Jan/2021:23:50:04 -0800] "GET /loginPage HTTP/1.1" 302 -
0:0:0:0:0:0:0:1 - - [17/Jan/2021:23:50:04 -0800] "GET /loginPage HTTP/1.1" 302 -
0:0:0:0:0:0:0:1 - - [17/Jan/2021:23:50:04 -0800] "GET /loginPage HTTP/1.1" 302 -
0:0:0:0:0:0:0:1 - - [17/Jan/2021:23:50:04 -0800] "GET /loginPage HTTP/1.1" 302 -
0:0:0:0:0:0:0:1 - - [17/Jan/2021:23:50:04 -0800] "GET /loginPage HTTP/1.1" 302 -
0:0:0:0:0:0:0:1 - - [17/Jan/2021:23:50:04 -0800] "GET /loginPage HTTP/1.1" 302 -
0:0:0:0:0:0:0:1 - - [17/Jan/2021:23:50:04 -0800] "GET /loginPage HTTP/1.1" 302 -
0:0:0:0:0:0:0:1 - - [17/Jan/2021:23:50:04 -0800] "GET /loginPage HTTP/1.1" 302 -
0:0:0:0:0:0:0:1 - - [17/Jan/2021:23:50:04 -0800] "GET /loginPage HTTP/1.1" 302 -
0:0:0:0:0:0:0:1 - - [17/Jan/2021:23:50:04 -0800] "GET /loginPage HTTP/1.1" 302 -
0:0:0:0:0:0:0:1 - - [17/Jan/2021:23:50:04 -0800] "GET /loginPage HTTP/1.1" 302 -
0:0:0:0:0:0:0:1 - - [17/Jan/2021:23:50:04 -0800] "GET /loginPage HTTP/1.1" 302 -
0:0:0:0:0:0:0:1 - - [17/Jan/2021:23:50:04 -0800] "GET /loginPage HTTP/1.1" 302 -
0:0:0:0:0:0:0:1 - - [17/Jan/2021:23:50:04 -0800] "GET /loginPage HTTP/1.1" 302 -
0:0:0:0:0:0:0:1 - - [17/Jan/2021:23:50:04 -0800] "GET /loginPage HTTP/1.1" 302 -
0:0:0:0:0:0:0:1 - - [17/Jan/2021:23:50:21 -0800] "GET /loginPage HTTP/1.1" 302 -
0:0:0:0:0:0:0:1 - - [17/Jan/2021:23:50:21 -0800] "GET /loginPage HTTP/1.1" 302 -
0:0:0:0:0:0:0:1 - - [17/Jan/2021:23:50:21 -0800] "GET /loginPage HTTP/1.1" 302 -
0:0:0:0:0:0:0:1 - - [17/Jan/2021:23:50:21 -0800] "GET /loginPage HTTP/1.1" 302 -
0:0:0:0:0:0:0:1 - - [17/Jan/2021:23:50:21 -0800] "GET /loginPage HTTP/1.1" 302 -
0:0:0:0:0:0:0:1 - - [17/Jan/2021:23:50:21 -0800] "GET /loginPage HTTP/1.1" 302 -
0:0:0:0:0:0:0:1 - - [17/Jan/2021:23:50:21 -0800] "GET /loginPage HTTP/1.1" 302 -
0:0:0:0:0:0:0:1 - - [17/Jan/2021:23:50:21 -0800] "GET /loginPage HTTP/1.1" 302 -
0:0:0:0:0:0:0:1 - - [17/Jan/2021:23:50:21 -0800] "GET /loginPage HTTP/1.1" 302 -
0:0:0:0:0:0:0:1 - - [17/Jan/2021:23:50:21 -0800] "GET /loginPage HTTP/1.1" 302 -
0:0:0:0:0:0:0:1 - - [17/Jan/2021:23:50:21 -0800] "GET /loginPage HTTP/1.1" 302 -
0:0:0:0:0:0:0:1 - - [17/Jan/2021:23:50:21 -0800] "GET /loginPage HTTP/1.1" 302 -
0:0:0:0:0:0:0:1 - - [17/Jan/2021:23:50:21 -0800] "GET /loginPage HTTP/1.1" 302 -
0:0:0:0:0:0:0:1 - - [17/Jan/2021:23:50:21 -0800] "GET /loginPage HTTP/1.1" 302 -
0:0:0:0:0:0:0:1 - - [17/Jan/2021:23:50:21 -0800] "GET /loginPage HTTP/1.1" 302 -
0:0:0:0:0:0:0:1 - - [17/Jan/2021:23:50:21 -0800] "GET /loginPage HTTP/1.1" 302 -
0:0:0:0:0:0:0:1 - - [17/Jan/2021:23:50:21 -0800] "GET /loginPage HTTP/1.1" 302 -
0:0:0:0:0:0:0:1 - - [17/Jan/2021:23:50:21 -0800] "GET /loginPage HTTP/1.1" 302 -
0:0:0:0:0:0:0:1 - - [17/Jan/2021:23:50:21 -0800] "GET /loginPage HTTP/1.1" 302 -
0:0:0:0:0:0:0:1 - - [17/Jan/2021:23:50:21 -0800] "GET /loginPage HTTP/1.1" 302 -
0:0:0:0:0:0:0:1 - - [17/Jan/2021:23:50:22 -0800] "GET /loginPage HTTP/1.1" 302 -
0:0:0:0:0:0:0:1 - - [17/Jan/2021:23:50:22 -0800] "GET /loginPage HTTP/1.1" 302 -
0:0:0:0:0:0:0:1 - - [17/Jan/2021:23:50:22 -0800] "GET /loginPage HTTP/1.1" 302 -
0:0:0:0:0:0:0:1 - - [17/Jan/2021:23:50:22 -0800] "GET /loginPage HTTP/1.1" 302 -
0:0:0:0:0:0:0:1 - - [17/Jan/2021:23:50:22 -0800] "GET /loginPage HTTP/1.1" 302 -
0:0:0:0:0:0:0:1 - - [17/Jan/2021:23:50:22 -0800] "GET /loginPage HTTP/1.1" 302 -
0:0:0:0:0:0:0:1 - - [17/Jan/2021:23:50:22 -0800] "GET /loginPage HTTP/1.1" 302 -
0:0:0:0:0:0:0:1 - - [17/Jan/2021:23:50:22 -0800] "GET /loginPage HTTP/1.1" 302 -
0:0:0:0:0:0:0:1 - - [17/Jan/2021:23:50:22 -0800] "GET /loginPage HTTP/1.1" 302 -
0:0:0:0:0:0:0:1 - - [17/Jan/2021:23:50:22 -0800] "GET /loginPage HTTP/1.1" 302 -
0:0:0:0:0:0:0:1 - - [17/Jan/2021:23:50:22 -0800] "GET /loginPage HTTP/1.1" 302 -
0:0:0:0:0:0:0:1 - - [17/Jan/2021:23:50:22 -0800] "GET /loginPage HTTP/1.1" 302 -
0:0:0:0:0:0:0:1 - - [17/Jan/2021:23:50:22 -0800] "GET /loginPage HTTP/1.1" 302 -
0:0:0:0:0:0:0:1 - - [17/Jan/2021:23:50:22 -0800] "GET /loginPage HTTP/1.1" 302 -
0:0:0:0:0:0:0:1 - - [17/Jan/2021:23:50:22 -0800] "GET /loginPage HTTP/1.1" 302 -
0:0:0:0:0:0:0:1 - - [17/Jan/2021:23:50:22 -0800] "GET /loginPage HTTP/1.1" 302 -
0:0:0:0:0:0:0:1 - - [17/Jan/2021:23:50:22 -0800] "GET /loginPage HTTP/1.1" 302 -
0:0:0:0:0:0:0:1 - - [17/Jan/2021:23:50:22 -0800] "GET /loginPage HTTP/1.1" 302 -
0:0:0:0:0:0:0:1 - - [17/Jan/2021:23:50:22 -0800] "GET /loginPage HTTP/1.1" 302 -
0:0:0:0:0:0:0:1 - - [17/Jan/2021:23:50:22 -0800] "GET /loginPage HTTP/1.1" 302 -
0:0:0:0:0:0:0:1 - - [17/Jan/2021:23:50:24 -0800] "GET /login HTTP/1.1" 200 5962
0:0:0:0:0:0:0:1 - - [17/Jan/2021:23:50:25 -0800] "GET /css/main.css HTTP/1.1" 302 -
0:0:0:0:0:0:0:1 - - [17/Jan/2021:23:50:25 -0800] "GET /js/action.js HTTP/1.1" 200 -
0:0:0:0:0:0:0:1 - - [17/Jan/2021:23:50:25 -0800] "GET /loginPage HTTP/1.1" 302 -
0:0:0:0:0:0:0:1 - - [17/Jan/2021:23:50:25 -0800] "GET /loginPage HTTP/1.1" 302 -
0:0:0:0:0:0:0:1 - - [17/Jan/2021:23:50:25 -0800] "GET /loginPage HTTP/1.1" 302 -
0:0:0:0:0:0:0:1 - - [17/Jan/2021:23:50:25 -0800] "GET /loginPage HTTP/1.1" 302 -
0:0:0:0:0:0:0:1 - - [17/Jan/2021:23:50:25 -0800] "GET /loginPage HTTP/1.1" 302 -
0:0:0:0:0:0:0:1 - - [17/Jan/2021:23:50:25 -0800] "GET /loginPage HTTP/1.1" 302 -
0:0:0:0:0:0:0:1 - - [17/Jan/2021:23:50:25 -0800] "GET /loginPage HTTP/1.1" 302 -
0:0:0:0:0:0:0:1 - - [17/Jan/2021:23:50:25 -0800] "GET /loginPage HTTP/1.1" 302 -
0:0:0:0:0:0:0:1 - - [17/Jan/2021:23:50:25 -0800] "GET /loginPage HTTP/1.1" 302 -
0:0:0:0:0:0:0:1 - - [17/Jan/2021:23:50:25 -0800] "GET /loginPage HTTP/1.1" 302 -
0:0:0:0:0:0:0:1 - - [17/Jan/2021:23:50:25 -0800] "GET /loginPage HTTP/1.1" 302 -
0:0:0:0:0:0:0:1 - - [17/Jan/2021:23:50:25 -0800] "GET /loginPage HTTP/1.1" 302 -
0:0:0:0:0:0:0:1 - - [17/Jan/2021:23:50:25 -0800] "GET /loginPage HTTP/1.1" 302 -
0:0:0:0:0:0:0:1 - - [17/Jan/2021:23:50:25 -0800] "GET /loginPage HTTP/1.1" 302 -
0:0:0:0:0:0:0:1 - - [17/Jan/2021:23:50:25 -0800] "GET /loginPage HTTP/1.1" 302 -
0:0:0:0:0:0:0:1 - - [17/Jan/2021:23:50:25 -0800] "GET /loginPage HTTP/1.1" 302 -
0:0:0:0:0:0:0:1 - - [17/Jan/2021:23:50:25 -0800] "GET /loginPage HTTP/1.1" 302 -
0:0:0:0:0:0:0:1 - - [17/Jan/2021:23:50:25 -0800] "GET /loginPage HTTP/1.1" 302 -
0:0:0:0:0:0:0:1 - - [17/Jan/2021:23:50:25 -0800] "GET /loginPage HTTP/1.1" 302 -
0:0:0:0:0:0:0:1 - - [17/Jan/2021:23:50:25 -0800] "GET /loginPage HTTP/1.1" 302 -
0:0:0:0:0:0:0:1 - - [17/Jan/2021:23:50:25 -0800] "GET /favicon.ico HTTP/1.1" 302 -
0:0:0:0:0:0:0:1 - - [17/Jan/2021:23:50:25 -0800] "GET /loginPage HTTP/1.1" 302 -
0:0:0:0:0:0:0:1 - - [17/Jan/2021:23:50:25 -0800] "GET /loginPage HTTP/1.1" 302 -
0:0:0:0:0:0:0:1 - - [17/Jan/2021:23:50:25 -0800] "GET /loginPage HTTP/1.1" 302 -
0:0:0:0:0:0:0:1 - - [17/Jan/2021:23:50:25 -0800] "GET /loginPage HTTP/1.1" 302 -
0:0:0:0:0:0:0:1 - - [17/Jan/2021:23:50:25 -0800] "GET /loginPage HTTP/1.1" 302 -
0:0:0:0:0:0:0:1 - - [17/Jan/2021:23:50:25 -0800] "GET /loginPage HTTP/1.1" 302 -
0:0:0:0:0:0:0:1 - - [17/Jan/2021:23:50:25 -0800] "GET /loginPage HTTP/1.1" 302 -
0:0:0:0:0:0:0:1 - - [17/Jan/2021:23:50:25 -0800] "GET /loginPage HTTP/1.1" 302 -
0:0:0:0:0:0:0:1 - - [17/Jan/2021:23:50:25 -0800] "GET /loginPage HTTP/1.1" 302 -
0:0:0:0:0:0:0:1 - - [17/Jan/2021:23:50:25 -0800] "GET /loginPage HTTP/1.1" 302 -
0:0:0:0:0:0:0:1 - - [17/Jan/2021:23:50:25 -0800] "GET /loginPage HTTP/1.1" 302 -
0:0:0:0:0:0:0:1 - - [17/Jan/2021:23:50:25 -0800] "GET /loginPage HTTP/1.1" 302 -
0:0:0:0:0:0:0:1 - - [17/Jan/2021:23:50:25 -0800] "GET /loginPage HTTP/1.1" 302 -
0:0:0:0:0:0:0:1 - - [17/Jan/2021:23:50:25 -0800] "GET /loginPage HTTP/1.1" 302 -
0:0:0:0:0:0:0:1 - - [17/Jan/2021:23:50:25 -0800] "GET /loginPage HTTP/1.1" 302 -
0:0:0:0:0:0:0:1 - - [17/Jan/2021:23:50:25 -0800] "GET /loginPage HTTP/1.1" 302 -
0:0:0:0:0:0:0:1 - - [17/Jan/2021:23:50:25 -0800] "GET /loginPage HTTP/1.1" 302 -
0:0:0:0:0:0:0:1 - - [17/Jan/2021:23:50:25 -0800] "GET /loginPage HTTP/1.1" 302 -
0:0:0:0:0:0:0:1 - - [17/Jan/2021:23:50:25 -0800] "GET /loginPage HTTP/1.1" 302 -
0:0:0:0:0:0:0:1 - - [17/Jan/2021:23:50:25 -0800] "GET /loginPage HTTP/1.1" 302 -
0:0:0:0:0:0:0:1 - - [17/Jan/2021:23:50:29 -0800] "POST /doLogin HTTP/1.1" 302 -
0:0:0:0:0:0:0:1 - - [17/Jan/2021:23:50:29 -0800] "GET /loginFailed HTTP/1.1" 302 -
0:0:0:0:0:0:0:1 - - [17/Jan/2021:23:50:29 -0800] "GET /login HTTP/1.1" 200 6031
0:0:0:0:0:0:0:1 - - [17/Jan/2021:23:50:29 -0800] "GET /css/main.css HTTP/1.1" 302 -
0:0:0:0:0:0:0:1 - - [17/Jan/2021:23:50:29 -0800] "GET /js/action.js HTTP/1.1" 200 -
0:0:0:0:0:0:0:1 - - [17/Jan/2021:23:50:29 -0800] "GET /loginPage HTTP/1.1" 302 -
0:0:0:0:0:0:0:1 - - [17/Jan/2021:23:50:29 -0800] "GET /loginPage HTTP/1.1" 302 -
0:0:0:0:0:0:0:1 - - [17/Jan/2021:23:50:29 -0800] "GET /loginPage HTTP/1.1" 302 -
0:0:0:0:0:0:0:1 - - [17/Jan/2021:23:50:29 -0800] "GET /loginPage HTTP/1.1" 302 -
0:0:0:0:0:0:0:1 - - [17/Jan/2021:23:50:29 -0800] "GET /loginPage HTTP/1.1" 302 -
0:0:0:0:0:0:0:1 - - [17/Jan/2021:23:50:29 -0800] "GET /loginPage HTTP/1.1" 302 -
0:0:0:0:0:0:0:1 - - [17/Jan/2021:23:50:29 -0800] "GET /loginPage HTTP/1.1" 302 -
0:0:0:0:0:0:0:1 - - [17/Jan/2021:23:50:29 -0800] "GET /loginPage HTTP/1.1" 302 -
0:0:0:0:0:0:0:1 - - [17/Jan/2021:23:50:29 -0800] "GET /loginPage HTTP/1.1" 302 -
0:0:0:0:0:0:0:1 - - [17/Jan/2021:23:50:29 -0800] "GET /loginPage HTTP/1.1" 302 -
0:0:0:0:0:0:0:1 - - [17/Jan/2021:23:50:29 -0800] "GET /loginPage HTTP/1.1" 302 -
0:0:0:0:0:0:0:1 - - [17/Jan/2021:23:50:29 -0800] "GET /loginPage HTTP/1.1" 302 -
0:0:0:0:0:0:0:1 - - [17/Jan/2021:23:50:29 -0800] "GET /loginPage HTTP/1.1" 302 -
0:0:0:0:0:0:0:1 - - [17/Jan/2021:23:50:29 -0800] "GET /loginPage HTTP/1.1" 302 -
0:0:0:0:0:0:0:1 - - [17/Jan/2021:23:50:29 -0800] "GET /loginPage HTTP/1.1" 302 -
0:0:0:0:0:0:0:1 - - [17/Jan/2021:23:50:29 -0800] "GET /loginPage HTTP/1.1" 302 -
0:0:0:0:0:0:0:1 - - [17/Jan/2021:23:50:29 -0800] "GET /loginPage HTTP/1.1" 302 -
0:0:0:0:0:0:0:1 - - [17/Jan/2021:23:50:29 -0800] "GET /loginPage HTTP/1.1" 302 -
0:0:0:0:0:0:0:1 - - [17/Jan/2021:23:50:29 -0800] "GET /loginPage HTTP/1.1" 302 -
0:0:0:0:0:0:0:1 - - [17/Jan/2021:23:50:29 -0800] "GET /loginPage HTTP/1.1" 302 -
0:0:0:0:0:0:0:1 - - [17/Jan/2021:23:50:29 -0800] "GET /favicon.ico HTTP/1.1" 302 -
0:0:0:0:0:0:0:1 - - [17/Jan/2021:23:50:29 -0800] "GET /loginPage HTTP/1.1" 302 -
0:0:0:0:0:0:0:1 - - [17/Jan/2021:23:50:29 -0800] "GET /loginPage HTTP/1.1" 302 -
0:0:0:0:0:0:0:1 - - [17/Jan/2021:23:50:29 -0800] "GET /loginPage HTTP/1.1" 302 -
0:0:0:0:0:0:0:1 - - [17/Jan/2021:23:50:29 -0800] "GET /loginPage HTTP/1.1" 302 -
0:0:0:0:0:0:0:1 - - [17/Jan/2021:23:50:29 -0800] "GET /loginPage HTTP/1.1" 302 -
0:0:0:0:0:0:0:1 - - [17/Jan/2021:23:50:29 -0800] "GET /loginPage HTTP/1.1" 302 -
0:0:0:0:0:0:0:1 - - [17/Jan/2021:23:50:29 -0800] "GET /loginPage HTTP/1.1" 302 -
0:0:0:0:0:0:0:1 - - [17/Jan/2021:23:50:29 -0800] "GET /loginPage HTTP/1.1" 302 -
0:0:0:0:0:0:0:1 - - [17/Jan/2021:23:50:29 -0800] "GET /loginPage HTTP/1.1" 302 -
0:0:0:0:0:0:0:1 - - [17/Jan/2021:23:50:29 -0800] "GET /loginPage HTTP/1.1" 302 -
0:0:0:0:0:0:0:1 - - [17/Jan/2021:23:50:29 -0800] "GET /loginPage HTTP/1.1" 302 -
0:0:0:0:0:0:0:1 - - [17/Jan/2021:23:50:29 -0800] "GET /loginPage HTTP/1.1" 302 -
0:0:0:0:0:0:0:1 - - [17/Jan/2021:23:50:29 -0800] "GET /loginPage HTTP/1.1" 302 -
0:0:0:0:0:0:0:1 - - [17/Jan/2021:23:50:29 -0800] "GET /loginPage HTTP/1.1" 302 -
0:0:0:0:0:0:0:1 - - [17/Jan/2021:23:50:29 -0800] "GET /loginPage HTTP/1.1" 302 -
0:0:0:0:0:0:0:1 - - [17/Jan/2021:23:50:29 -0800] "GET /loginPage HTTP/1.1" 302 -
0:0:0:0:0:0:0:1 - - [17/Jan/2021:23:50:29 -0800] "GET /loginPage HTTP/1.1" 302 -
0:0:0:0:0:0:0:1 - - [17/Jan/2021:23:50:29 -0800] "GET /loginPage HTTP/1.1" 302 -
0:0:0:0:0:0:0:1 - - [17/Jan/2021:23:50:29 -0800] "GET /loginPage HTTP/1.1" 302 -
0:0:0:0:0:0:0:1 - - [17/Jan/2021:23:50:29 -0800] "GET /loginPage HTTP/1.1" 302 -
0:0:0:0:0:0:0:1 - - [17/Jan/2021:23:50:57 -0800] "GET /login HTTP/1.1" 200 5962
0:0:0:0:0:0:0:1 - - [17/Jan/2021:23:50:57 -0800] "GET /js/action.js HTTP/1.1" 200 -
0:0:0:0:0:0:0:1 - - [17/Jan/2021:23:50:57 -0800] "GET /css/main.css HTTP/1.1" 302 -
0:0:0:0:0:0:0:1 - - [17/Jan/2021:23:50:57 -0800] "GET /login HTTP/1.1" 200 5962
0:0:0:0:0:0:0:1 - - [17/Jan/2021:23:50:57 -0800] "GET /favicon.ico HTTP/1.1" 302 -
0:0:0:0:0:0:0:1 - - [17/Jan/2021:23:50:57 -0800] "GET /login HTTP/1.1" 200 5962
0:0:0:0:0:0:0:1 - - [17/Jan/2021:23:51:00 -0800] "POST /doLogin HTTP/1.1" 302 -
0:0:0:0:0:0:0:1 - - [17/Jan/2021:23:51:00 -0800] "GET /login HTTP/1.1" 200 5962
0:0:0:0:0:0:0:1 - - [17/Jan/2021:23:51:00 -0800] "GET /css/main.css HTTP/1.1" 302 -
0:0:0:0:0:0:0:1 - - [17/Jan/2021:23:51:00 -0800] "GET /js/action.js HTTP/1.1" 200 -
0:0:0:0:0:0:0:1 - - [17/Jan/2021:23:51:00 -0800] "GET /login HTTP/1.1" 200 5962
0:0:0:0:0:0:0:1 - - [17/Jan/2021:23:51:00 -0800] "GET /favicon.ico HTTP/1.1" 302 -
0:0:0:0:0:0:0:1 - - [17/Jan/2021:23:51:00 -0800] "GET /login HTTP/1.1" 200 5962
0:0:0:0:0:0:0:1 - - [17/Jan/2021:23:52:05 -0800] "GET /login HTTP/1.1" 200 5962
0:0:0:0:0:0:0:1 - - [17/Jan/2021:23:52:05 -0800] "GET /js/action.js HTTP/1.1" 200 -
0:0:0:0:0:0:0:1 - - [17/Jan/2021:23:52:05 -0800] "GET /css/main.css HTTP/1.1" 302 -
0:0:0:0:0:0:0:1 - - [17/Jan/2021:23:52:05 -0800] "GET /doLogin HTTP/1.1" 404 139
0:0:0:0:0:0:0:1 - - [17/Jan/2021:23:52:05 -0800] "GET /favicon.ico HTTP/1.1" 302 -
0:0:0:0:0:0:0:1 - - [17/Jan/2021:23:52:05 -0800] "GET /doLogin HTTP/1.1" 404 139
0:0:0:0:0:0:0:1 - - [17/Jan/2021:23:52:08 -0800] "POST /doLogin HTTP/1.1" 302 -
0:0:0:0:0:0:0:1 - - [17/Jan/2021:23:52:08 -0800] "GET /loginFailed HTTP/1.1" 302 -
0:0:0:0:0:0:0:1 - - [17/Jan/2021:23:52:08 -0800] "GET /login HTTP/1.1" 200 6031
0:0:0:0:0:0:0:1 - - [17/Jan/2021:23:52:08 -0800] "GET /css/main.css HTTP/1.1" 302 -
0:0:0:0:0:0:0:1 - - [17/Jan/2021:23:52:08 -0800] "GET /js/action.js HTTP/1.1" 200 -
0:0:0:0:0:0:0:1 - - [17/Jan/2021:23:52:08 -0800] "GET /doLogin HTTP/1.1" 404 139
