0:0:0:0:0:0:0:1 - - [31/Oct/2020:00:01:19 -0700] "GET /searchCoursesByArea?area=Computer_Science HTTP/1.1" 302 -
0:0:0:0:0:0:0:1 - - [31/Oct/2020:00:01:19 -0700] "GET /login HTTP/1.1" 200 1657
0:0:0:0:0:0:0:1 - - [31/Oct/2020:00:01:22 -0700] "POST /doLogin HTTP/1.1" 302 -
0:0:0:0:0:0:0:1 - - [31/Oct/2020:00:01:22 -0700] "GET /loginSuccessful HTTP/1.1" 200 650
0:0:0:0:0:0:0:1 - - [31/Oct/2020:00:01:23 -0700] "GET /searchCourses HTTP/1.1" 200 857
0:0:0:0:0:0:0:1 - - [31/Oct/2020:00:01:24 -0700] "GET /searchCoursesByArea?area=Computer_Science HTTP/1.1" 200 2969
0:0:0:0:0:0:0:1 - - [31/Oct/2020:00:01:41 -0700] "POST /registerForClassess HTTP/1.1" 500 9894
0:0:0:0:0:0:0:1 - - [31/Oct/2020:00:03:16 -0700] "GET /login HTTP/1.1" 200 1657
0:0:0:0:0:0:0:1 - - [31/Oct/2020:00:03:16 -0700] "GET /login HTTP/1.1" 200 1657
0:0:0:0:0:0:0:1 - - [31/Oct/2020:00:03:19 -0700] "POST /doLogin HTTP/1.1" 302 -
0:0:0:0:0:0:0:1 - - [31/Oct/2020:00:03:19 -0700] "GET /loginSuccessful HTTP/1.1" 200 650
0:0:0:0:0:0:0:1 - - [31/Oct/2020:00:03:20 -0700] "GET /searchCourses HTTP/1.1" 200 857
0:0:0:0:0:0:0:1 - - [31/Oct/2020:00:03:20 -0700] "GET /searchCoursesByArea?area=Computer_Science HTTP/1.1" 200 2969
0:0:0:0:0:0:0:1 - - [31/Oct/2020:00:03:22 -0700] "POST /registerForClassess HTTP/1.1" 500 9894
0:0:0:0:0:0:0:1 - - [31/Oct/2020:00:04:13 -0700] "GET /login HTTP/1.1" 200 1657
0:0:0:0:0:0:0:1 - - [31/Oct/2020:00:04:16 -0700] "POST /doLogin HTTP/1.1" 302 -
0:0:0:0:0:0:0:1 - - [31/Oct/2020:00:04:16 -0700] "GET /loginSuccessful HTTP/1.1" 200 650
0:0:0:0:0:0:0:1 - - [31/Oct/2020:00:04:16 -0700] "GET /searchCourses HTTP/1.1" 200 857
0:0:0:0:0:0:0:1 - - [31/Oct/2020:00:04:17 -0700] "GET /searchCoursesByArea?area=Computer_Science HTTP/1.1" 200 2969
0:0:0:0:0:0:0:1 - - [31/Oct/2020:00:04:19 -0700] "POST /registerForClassess HTTP/1.1" 302 -
0:0:0:0:0:0:0:1 - - [31/Oct/2020:00:04:19 -0700] "GET /searchCourses HTTP/1.1" 200 925
0:0:0:0:0:0:0:1 - - [31/Oct/2020:00:06:58 -0700] "GET /searchCourses HTTP/1.1" 200 857
0:0:0:0:0:0:0:1 - - [31/Oct/2020:00:06:59 -0700] "GET /searchCoursesByArea?area=Computer_Science HTTP/1.1" 200 2969
0:0:0:0:0:0:0:1 - - [31/Oct/2020:00:07:11 -0700] "POST /registerForClassess HTTP/1.1" 302 -
0:0:0:0:0:0:0:1 - - [31/Oct/2020:00:07:11 -0700] "GET /searchCourses HTTP/1.1" 200 915
0:0:0:0:0:0:0:1 - - [31/Oct/2020:00:07:27 -0700] "GET /searchCoursesByArea?area=Computer_Science HTTP/1.1" 200 2969
0:0:0:0:0:0:0:1 - - [31/Oct/2020:00:07:30 -0700] "GET /searchCourses HTTP/1.1" 200 857
0:0:0:0:0:0:0:1 - - [31/Oct/2020:00:07:32 -0700] "GET /searchCoursesByArea?area=Computer_Science HTTP/1.1" 200 2969
0:0:0:0:0:0:0:1 - - [31/Oct/2020:00:07:33 -0700] "GET /searchCourses HTTP/1.1" 200 857
0:0:0:0:0:0:0:1 - - [31/Oct/2020:00:07:34 -0700] "GET /searchCoursesByArea?area=Computer_Science HTTP/1.1" 200 2969
0:0:0:0:0:0:0:1 - - [31/Oct/2020:00:07:34 -0700] "GET /searchCourses HTTP/1.1" 200 857
0:0:0:0:0:0:0:1 - - [31/Oct/2020:00:07:35 -0700] "GET /loginSuccessful HTTP/1.1" 200 650
0:0:0:0:0:0:0:1 - - [31/Oct/2020:00:07:35 -0700] "GET /login HTTP/1.1" 200 1657
0:0:0:0:0:0:0:1 - - [31/Oct/2020:00:07:37 -0700] "GET /loginSuccessful HTTP/1.1" 200 650
0:0:0:0:0:0:0:1 - - [31/Oct/2020:00:07:38 -0700] "GET /dropClasses HTTP/1.1" 200 1194
0:0:0:0:0:0:0:1 - - [31/Oct/2020:00:07:41 -0700] "POST /dropClasses HTTP/1.1" 302 -
0:0:0:0:0:0:0:1 - - [31/Oct/2020:00:07:41 -0700] "GET /loginSuccessful HTTP/1.1" 200 650
0:0:0:0:0:0:0:1 - - [31/Oct/2020:00:07:41 -0700] "GET /searchCourses HTTP/1.1" 200 857
0:0:0:0:0:0:0:1 - - [31/Oct/2020:00:07:42 -0700] "GET /searchCoursesByArea?area=Computer_Science HTTP/1.1" 200 2969
0:0:0:0:0:0:0:1 - - [31/Oct/2020:00:07:45 -0700] "POST /registerForClassess HTTP/1.1" 302 -
0:0:0:0:0:0:0:1 - - [31/Oct/2020:00:07:45 -0700] "GET /searchCourses HTTP/1.1" 200 925
0:0:0:0:0:0:0:1 - - [31/Oct/2020:00:07:59 -0700] "GET /searchCoursesByArea?area=Computer_Science HTTP/1.1" 200 2969
0:0:0:0:0:0:0:1 - - [31/Oct/2020:00:08:43 -0700] "POST /registerForClassess HTTP/1.1" 302 -
0:0:0:0:0:0:0:1 - - [31/Oct/2020:00:08:43 -0700] "GET /searchCourses HTTP/1.1" 200 925
0:0:0:0:0:0:0:1 - - [31/Oct/2020:00:08:45 -0700] "GET /searchCoursesByArea?area=Computer_Science HTTP/1.1" 200 2969
0:0:0:0:0:0:0:1 - - [31/Oct/2020:00:08:49 -0700] "POST /registerForClassess HTTP/1.1" 302 -
0:0:0:0:0:0:0:1 - - [31/Oct/2020:00:08:49 -0700] "GET /searchCourses HTTP/1.1" 200 915
0:0:0:0:0:0:0:1 - - [31/Oct/2020:00:08:52 -0700] "GET /searchCoursesByArea?area=Computer_Science HTTP/1.1" 200 2969
0:0:0:0:0:0:0:1 - - [31/Oct/2020:00:10:33 -0700] "GET /searchCoursesByArea?area=Computer_Science HTTP/1.1" 200 2953
0:0:0:0:0:0:0:1 - - [31/Oct/2020:00:11:03 -0700] "POST /registerForClassess HTTP/1.1" 302 -
0:0:0:0:0:0:0:1 - - [31/Oct/2020:00:11:03 -0700] "GET /searchCourses HTTP/1.1" 200 925
0:0:0:0:0:0:0:1 - - [31/Oct/2020:00:11:17 -0700] "GET /searchCoursesByArea?area=Computer_Science HTTP/1.1" 200 2953
0:0:0:0:0:0:0:1 - - [31/Oct/2020:00:11:42 -0700] "GET /searchCourses HTTP/1.1" 200 857
0:0:0:0:0:0:0:1 - - [31/Oct/2020:00:11:44 -0700] "GET /searchCoursesByArea?area=Computer_Science HTTP/1.1" 200 2953
0:0:0:0:0:0:0:1 - - [31/Oct/2020:00:11:44 -0700] "GET /searchCourses HTTP/1.1" 200 857
0:0:0:0:0:0:0:1 - - [31/Oct/2020:00:11:45 -0700] "GET /searchCoursesByArea?area=Computer_Science HTTP/1.1" 200 2953
0:0:0:0:0:0:0:1 - - [31/Oct/2020:00:11:45 -0700] "GET /searchCourses HTTP/1.1" 200 857
0:0:0:0:0:0:0:1 - - [31/Oct/2020:00:11:46 -0700] "GET /searchCoursesByArea?area=Computer_Science HTTP/1.1" 200 2953
0:0:0:0:0:0:0:1 - - [31/Oct/2020:00:11:46 -0700] "GET /searchCourses HTTP/1.1" 200 857
0:0:0:0:0:0:0:1 - - [31/Oct/2020:00:11:47 -0700] "GET /searchCoursesByArea?area=Computer_Science HTTP/1.1" 200 2953
0:0:0:0:0:0:0:1 - - [31/Oct/2020:00:11:47 -0700] "GET /searchCourses HTTP/1.1" 200 857
0:0:0:0:0:0:0:1 - - [31/Oct/2020:00:11:48 -0700] "GET /loginSuccessful HTTP/1.1" 200 650
0:0:0:0:0:0:0:1 - - [31/Oct/2020:00:11:49 -0700] "GET /dropClasses HTTP/1.1" 500 10774
0:0:0:0:0:0:0:1 - - [31/Oct/2020:00:11:50 -0700] "GET /loginSuccessful HTTP/1.1" 200 650
0:0:0:0:0:0:0:1 - - [31/Oct/2020:00:11:53 -0700] "GET /dropClasses HTTP/1.1" 500 10774
0:0:0:0:0:0:0:1 - - [31/Oct/2020:00:12:57 -0700] "GET /login HTTP/1.1" 200 1657
0:0:0:0:0:0:0:1 - - [31/Oct/2020:00:12:58 -0700] "GET /login HTTP/1.1" 200 1657
0:0:0:0:0:0:0:1 - - [31/Oct/2020:00:13:02 -0700] "POST /doLogin HTTP/1.1" 302 -
0:0:0:0:0:0:0:1 - - [31/Oct/2020:00:13:02 -0700] "GET /loginSuccessful HTTP/1.1" 200 650
0:0:0:0:0:0:0:1 - - [31/Oct/2020:00:13:03 -0700] "GET /searchCourses HTTP/1.1" 200 857
0:0:0:0:0:0:0:1 - - [31/Oct/2020:00:13:04 -0700] "GET /searchCoursesByArea?area=Computer_Science HTTP/1.1" 200 2953
0:0:0:0:0:0:0:1 - - [31/Oct/2020:00:13:52 -0700] "POST /registerForClassess HTTP/1.1" 302 -
0:0:0:0:0:0:0:1 - - [31/Oct/2020:00:13:52 -0700] "GET /searchCourses HTTP/1.1" 200 925
0:0:0:0:0:0:0:1 - - [31/Oct/2020:00:30:02 -0700] "GET /searchCourses HTTP/1.1" 200 857
0:0:0:0:0:0:0:1 - - [31/Oct/2020:00:30:03 -0700] "GET /searchCoursesByArea?area=Computer_Science HTTP/1.1" 200 2953
0:0:0:0:0:0:0:1 - - [31/Oct/2020:00:30:10 -0700] "POST /registerForClassess HTTP/1.1" 500 9537
0:0:0:0:0:0:0:1 - - [31/Oct/2020:00:33:10 -0700] "GET /login HTTP/1.1" 200 1657
0:0:0:0:0:0:0:1 - - [31/Oct/2020:00:33:10 -0700] "GET /login HTTP/1.1" 200 1657
0:0:0:0:0:0:0:1 - - [31/Oct/2020:00:33:13 -0700] "POST /doLogin HTTP/1.1" 302 -
0:0:0:0:0:0:0:1 - - [31/Oct/2020:00:33:13 -0700] "GET /loginSuccessful HTTP/1.1" 200 650
0:0:0:0:0:0:0:1 - - [31/Oct/2020:00:33:14 -0700] "GET /searchCourses HTTP/1.1" 200 857
0:0:0:0:0:0:0:1 - - [31/Oct/2020:00:33:15 -0700] "GET /searchCoursesByArea?area=Computer_Science HTTP/1.1" 200 2953
0:0:0:0:0:0:0:1 - - [31/Oct/2020:00:33:21 -0700] "POST /registerForClassess HTTP/1.1" 500 9537
0:0:0:0:0:0:0:1 - - [31/Oct/2020:00:33:46 -0700] "GET /login HTTP/1.1" 200 1657
0:0:0:0:0:0:0:1 - - [31/Oct/2020:00:33:49 -0700] "POST /doLogin HTTP/1.1" 302 -
0:0:0:0:0:0:0:1 - - [31/Oct/2020:00:33:49 -0700] "GET /loginSuccessful HTTP/1.1" 200 650
0:0:0:0:0:0:0:1 - - [31/Oct/2020:00:33:50 -0700] "GET /searchCourses HTTP/1.1" 200 857
0:0:0:0:0:0:0:1 - - [31/Oct/2020:00:33:50 -0700] "GET /searchCoursesByArea?area=Computer_Science HTTP/1.1" 200 2953
0:0:0:0:0:0:0:1 - - [31/Oct/2020:00:33:54 -0700] "POST /registerForClassess HTTP/1.1" 302 -
0:0:0:0:0:0:0:1 - - [31/Oct/2020:00:33:54 -0700] "GET /searchCourses HTTP/1.1" 200 925
0:0:0:0:0:0:0:1 - - [31/Oct/2020:00:41:46 -0700] "GET /searchCourses HTTP/1.1" 200 857
0:0:0:0:0:0:0:1 - - [31/Oct/2020:00:41:47 -0700] "GET /searchCoursesByArea?area=Computer_Science HTTP/1.1" 200 2953
0:0:0:0:0:0:0:1 - - [31/Oct/2020:00:41:51 -0700] "POST /registerForClassess HTTP/1.1" 500 9537
0:0:0:0:0:0:0:1 - - [31/Oct/2020:00:42:08 -0700] "GET /login HTTP/1.1" 200 1657
0:0:0:0:0:0:0:1 - - [31/Oct/2020:00:42:09 -0700] "GET /login HTTP/1.1" 200 1657
0:0:0:0:0:0:0:1 - - [31/Oct/2020:00:42:12 -0700] "POST /doLogin HTTP/1.1" 302 -
0:0:0:0:0:0:0:1 - - [31/Oct/2020:00:42:12 -0700] "POST /doLogin HTTP/1.1" 302 -
0:0:0:0:0:0:0:1 - - [31/Oct/2020:00:42:12 -0700] "GET /loginSuccessful HTTP/1.1" 302 -
0:0:0:0:0:0:0:1 - - [31/Oct/2020:00:42:12 -0700] "GET /login HTTP/1.1" 200 1657
0:0:0:0:0:0:0:1 - - [31/Oct/2020:00:42:15 -0700] "POST /doLogin HTTP/1.1" 302 -
0:0:0:0:0:0:0:1 - - [31/Oct/2020:00:42:15 -0700] "GET /loginSuccessful HTTP/1.1" 200 650
0:0:0:0:0:0:0:1 - - [31/Oct/2020:00:42:16 -0700] "GET /searchCourses HTTP/1.1" 200 857
0:0:0:0:0:0:0:1 - - [31/Oct/2020:00:42:16 -0700] "GET /searchCoursesByArea?area=Computer_Science HTTP/1.1" 200 2953
0:0:0:0:0:0:0:1 - - [31/Oct/2020:00:42:29 -0700] "POST /registerForClassess HTTP/1.1" 500 9537
0:0:0:0:0:0:0:1 - - [31/Oct/2020:01:09:26 -0700] "GET /login HTTP/1.1" 200 1657
0:0:0:0:0:0:0:1 - - [31/Oct/2020:01:09:26 -0700] "GET /login HTTP/1.1" 200 1657
0:0:0:0:0:0:0:1 - - [31/Oct/2020:01:09:29 -0700] "POST /doLogin HTTP/1.1" 302 -
0:0:0:0:0:0:0:1 - - [31/Oct/2020:01:09:29 -0700] "GET /loginSuccessful HTTP/1.1" 200 650
0:0:0:0:0:0:0:1 - - [31/Oct/2020:01:09:29 -0700] "GET /searchCourses HTTP/1.1" 200 857
0:0:0:0:0:0:0:1 - - [31/Oct/2020:01:09:30 -0700] "GET /searchCoursesByArea?area=Computer_Science HTTP/1.1" 200 2953
0:0:0:0:0:0:0:1 - - [31/Oct/2020:01:09:33 -0700] "POST /registerForClassess HTTP/1.1" 302 -
0:0:0:0:0:0:0:1 - - [31/Oct/2020:01:09:33 -0700] "GET /searchCourses HTTP/1.1" 200 925
0:0:0:0:0:0:0:1 - - [31/Oct/2020:01:09:44 -0700] "GET /searchCoursesByArea?area=Computer_Science HTTP/1.1" 200 2953
0:0:0:0:0:0:0:1 - - [31/Oct/2020:01:09:50 -0700] "POST /registerForClassess HTTP/1.1" 302 -
0:0:0:0:0:0:0:1 - - [31/Oct/2020:01:09:50 -0700] "GET /searchCourses HTTP/1.1" 200 925
0:0:0:0:0:0:0:1 - - [31/Oct/2020:01:12:39 -0700] "GET /searchCourses HTTP/1.1" 200 857
0:0:0:0:0:0:0:1 - - [31/Oct/2020:01:12:40 -0700] "GET /searchCoursesByArea?area=Computer_Science HTTP/1.1" 200 2953
0:0:0:0:0:0:0:1 - - [31/Oct/2020:01:12:54 -0700] "POST /registerForClassess HTTP/1.1" 302 -
0:0:0:0:0:0:0:1 - - [31/Oct/2020:01:12:54 -0700] "GET /searchCourses HTTP/1.1" 200 925
0:0:0:0:0:0:0:1 - - [31/Oct/2020:01:13:19 -0700] "GET /searchCoursesByArea?area=Computer_Science HTTP/1.1" 200 2953
0:0:0:0:0:0:0:1 - - [31/Oct/2020:01:14:03 -0700] "GET /searchCoursesByArea?area=Computer_Science HTTP/1.1" 200 2953
0:0:0:0:0:0:0:1 - - [31/Oct/2020:01:14:09 -0700] "POST /registerForClassess HTTP/1.1" 302 -
0:0:0:0:0:0:0:1 - - [31/Oct/2020:01:14:09 -0700] "GET /searchCourses HTTP/1.1" 200 925
0:0:0:0:0:0:0:1 - - [31/Oct/2020:01:14:38 -0700] "GET /searchCoursesByArea?area=Computer_Science HTTP/1.1" 200 2953
0:0:0:0:0:0:0:1 - - [31/Oct/2020:01:15:33 -0700] "GET /searchCoursesByArea?area=Computer_Science HTTP/1.1" 200 2953
0:0:0:0:0:0:0:1 - - [31/Oct/2020:01:15:43 -0700] "POST /registerForClassess HTTP/1.1" 302 -
0:0:0:0:0:0:0:1 - - [31/Oct/2020:01:15:43 -0700] "GET /searchCourses HTTP/1.1" 200 925
0:0:0:0:0:0:0:1 - - [31/Oct/2020:01:15:53 -0700] "GET /searchCoursesByArea?area=Computer_Science HTTP/1.1" 200 2953
0:0:0:0:0:0:0:1 - - [31/Oct/2020:01:16:10 -0700] "POST /registerForClassess HTTP/1.1" 302 -
0:0:0:0:0:0:0:1 - - [31/Oct/2020:01:16:10 -0700] "GET /searchCourses HTTP/1.1" 200 915
0:0:0:0:0:0:0:1 - - [31/Oct/2020:01:16:53 -0700] "GET /searchCoursesByArea?area=Computer_Science HTTP/1.1" 200 2953
0:0:0:0:0:0:0:1 - - [31/Oct/2020:01:36:15 -0700] "GET /searchCoursesByArea?area=Computer_Science HTTP/1.1" 200 2953
0:0:0:0:0:0:0:1 - - [31/Oct/2020:01:36:27 -0700] "POST /registerForClassess HTTP/1.1" 302 -
0:0:0:0:0:0:0:1 - - [31/Oct/2020:01:36:27 -0700] "GET /searchCourses HTTP/1.1" 200 925
0:0:0:0:0:0:0:1 - - [31/Oct/2020:01:36:37 -0700] "GET /searchCoursesByArea?area=Computer_Science HTTP/1.1" 200 2953
0:0:0:0:0:0:0:1 - - [31/Oct/2020:01:50:08 -0700] "GET /searchCoursesByArea?area=Computer_Science HTTP/1.1" 200 2953
0:0:0:0:0:0:0:1 - - [31/Oct/2020:01:52:12 -0700] "GET /searchCoursesByArea?area=Computer_Science HTTP/1.1" 200 3083
0:0:0:0:0:0:0:1 - - [31/Oct/2020:01:52:13 -0700] "GET /loginSuccessful HTTP/1.1" 200 650
0:0:0:0:0:0:0:1 - - [31/Oct/2020:01:52:15 -0700] "GET /searchCourses HTTP/1.1" 200 857
0:0:0:0:0:0:0:1 - - [31/Oct/2020:01:52:19 -0700] "GET /searchCoursesByArea?area=Computer_Science HTTP/1.1" 200 3083
0:0:0:0:0:0:0:1 - - [31/Oct/2020:01:52:51 -0700] "GET /searchCoursesByArea?area=Computer_Science HTTP/1.1" 200 3099
0:0:0:0:0:0:0:1 - - [31/Oct/2020:02:03:04 -0700] "POST /registerForClassess HTTP/1.1" 302 -
0:0:0:0:0:0:0:1 - - [31/Oct/2020:02:03:04 -0700] "GET /searchCourses HTTP/1.1" 200 925
0:0:0:0:0:0:0:1 - - [31/Oct/2020:02:03:08 -0700] "GET /searchCoursesByArea?area=Computer_Science HTTP/1.1" 200 3099
0:0:0:0:0:0:0:1 - - [31/Oct/2020:02:06:25 -0700] "POST /registerForClassess HTTP/1.1" 302 -
0:0:0:0:0:0:0:1 - - [31/Oct/2020:02:06:25 -0700] "GET /searchCourses HTTP/1.1" 200 915
0:0:0:0:0:0:0:1 - - [31/Oct/2020:02:06:32 -0700] "GET /searchCoursesByArea?area=Computer_Science HTTP/1.1" 200 3099
0:0:0:0:0:0:0:1 - - [31/Oct/2020:02:17:02 -0700] "GET /searchCoursesByArea?area=Computer_Science HTTP/1.1" 200 3099
0:0:0:0:0:0:0:1 - - [31/Oct/2020:02:27:26 -0700] "GET /searchCoursesByArea?area=Computer_Science HTTP/1.1" 200 3099
0:0:0:0:0:0:0:1 - - [31/Oct/2020:02:29:22 -0700] "GET /searchCoursesByArea?area=Computer_Science HTTP/1.1" 200 3099
0:0:0:0:0:0:0:1 - - [31/Oct/2020:02:30:16 -0700] "GET /searchCoursesByArea?area=Computer_Science HTTP/1.1" 200 3099
0:0:0:0:0:0:0:1 - - [31/Oct/2020:02:33:45 -0700] "GET /searchCoursesByArea?area=Computer_Science HTTP/1.1" 200 3099
0:0:0:0:0:0:0:1 - - [31/Oct/2020:02:33:48 -0700] "GET /searchCoursesByArea?area=Computer_Science HTTP/1.1" 200 3099
0:0:0:0:0:0:0:1 - - [31/Oct/2020:02:35:23 -0700] "GET /searchCoursesByArea?area=Computer_Science HTTP/1.1" 200 3099
0:0:0:0:0:0:0:1 - - [31/Oct/2020:16:36:43 -0700] "GET /searchCoursesByArea?area=Computer_Science HTTP/1.1" 302 -
0:0:0:0:0:0:0:1 - - [31/Oct/2020:16:36:44 -0700] "GET /login HTTP/1.1" 200 1657
0:0:0:0:0:0:0:1 - - [31/Oct/2020:18:17:40 -0700] "POST /doLogin HTTP/1.1" 302 -
0:0:0:0:0:0:0:1 - - [31/Oct/2020:18:17:40 -0700] "GET /loginSuccessful HTTP/1.1" 200 650
0:0:0:0:0:0:0:1 - - [31/Oct/2020:18:17:41 -0700] "GET /searchCourses HTTP/1.1" 200 857
0:0:0:0:0:0:0:1 - - [31/Oct/2020:18:17:42 -0700] "GET /searchCoursesByArea?area=Computer_Science HTTP/1.1" 200 3099
192.168.1.200 - - [31/Oct/2020:22:42:34 -0700] "GET / HTTP/1.1" 302 -
192.168.1.200 - - [31/Oct/2020:22:42:34 -0700] "GET /login HTTP/1.1" 200 1657
192.168.1.200 - - [31/Oct/2020:22:43:00 -0700] "GET / HTTP/1.1" 302 -
192.168.1.200 - - [31/Oct/2020:22:43:00 -0700] "GET /login HTTP/1.1" 200 1657
192.168.1.200 - - [31/Oct/2020:22:43:08 -0700] "GET / HTTP/1.1" 302 -
192.168.1.200 - - [31/Oct/2020:22:43:08 -0700] "GET /login HTTP/1.1" 200 1657
0:0:0:0:0:0:0:1 - - [31/Oct/2020:22:56:54 -0700] "GET /searchCoursesByArea?area=Computer_Science HTTP/1.1" 302 -
0:0:0:0:0:0:0:1 - - [31/Oct/2020:22:56:54 -0700] "GET /login HTTP/1.1" 200 1657
0:0:0:0:0:0:0:1 - - [31/Oct/2020:22:56:58 -0700] "POST /doLogin HTTP/1.1" 302 -
0:0:0:0:0:0:0:1 - - [31/Oct/2020:22:56:58 -0700] "GET /loginSuccessful HTTP/1.1" 200 650
0:0:0:0:0:0:0:1 - - [31/Oct/2020:22:56:59 -0700] "GET /searchCourses HTTP/1.1" 200 857
0:0:0:0:0:0:0:1 - - [31/Oct/2020:22:57:00 -0700] "GET /searchCoursesByArea?area=Computer_Science HTTP/1.1" 200 3085
0:0:0:0:0:0:0:1 - - [31/Oct/2020:22:57:13 -0700] "POST /check HTTP/1.1" 302 -
0:0:0:0:0:0:0:1 - - [31/Oct/2020:22:57:13 -0700] "GET /searchCourses HTTP/1.1" 200 928
0:0:0:0:0:0:0:1 - - [31/Oct/2020:22:59:38 -0700] "GET /searchCourses HTTP/1.1" 200 857
0:0:0:0:0:0:0:1 - - [31/Oct/2020:22:59:41 -0700] "GET /searchCourses HTTP/1.1" 200 857
0:0:0:0:0:0:0:1 - - [31/Oct/2020:22:59:43 -0700] "GET /searchCoursesByArea?area=Computer_Science HTTP/1.1" 200 3085
0:0:0:0:0:0:0:1 - - [31/Oct/2020:23:00:07 -0700] "POST /check HTTP/1.1" 302 -
0:0:0:0:0:0:0:1 - - [31/Oct/2020:23:00:07 -0700] "GET /searchCourses HTTP/1.1" 200 925
0:0:0:0:0:0:0:1 - - [31/Oct/2020:23:00:24 -0700] "GET /searchCoursesByArea?area=Computer_Science HTTP/1.1" 200 3085
0:0:0:0:0:0:0:1 - - [31/Oct/2020:23:00:34 -0700] "POST /check HTTP/1.1" 302 -
0:0:0:0:0:0:0:1 - - [31/Oct/2020:23:00:34 -0700] "GET /searchCourses HTTP/1.1" 200 925
0:0:0:0:0:0:0:1 - - [31/Oct/2020:23:00:41 -0700] "GET /searchCoursesByArea?area=Computer_Science HTTP/1.1" 200 3085
0:0:0:0:0:0:0:1 - - [31/Oct/2020:23:20:08 -0700] "GET /searchCoursesByArea?area=Computer_Science HTTP/1.1" 200 3085
0:0:0:0:0:0:0:1 - - [31/Oct/2020:23:20:23 -0700] "POST /check HTTP/1.1" 302 -
0:0:0:0:0:0:0:1 - - [31/Oct/2020:23:20:23 -0700] "GET /searchCourses HTTP/1.1" 200 928
0:0:0:0:0:0:0:1 - - [31/Oct/2020:23:20:26 -0700] "GET /searchCoursesByArea?area=Computer_Science HTTP/1.1" 200 3085
0:0:0:0:0:0:0:1 - - [31/Oct/2020:23:20:28 -0700] "GET /searchCourses HTTP/1.1" 200 857
0:0:0:0:0:0:0:1 - - [31/Oct/2020:23:20:29 -0700] "GET /searchCoursesByArea?area=Computer_Science HTTP/1.1" 200 3085
0:0:0:0:0:0:0:1 - - [31/Oct/2020:23:20:30 -0700] "GET /loginSuccessful HTTP/1.1" 200 650
0:0:0:0:0:0:0:1 - - [31/Oct/2020:23:20:31 -0700] "GET /dropClasses HTTP/1.1" 200 1526
0:0:0:0:0:0:0:1 - - [31/Oct/2020:23:20:32 -0700] "POST /dropClasses HTTP/1.1" 302 -
0:0:0:0:0:0:0:1 - - [31/Oct/2020:23:20:32 -0700] "GET /dropClasses HTTP/1.1" 200 1605
0:0:0:0:0:0:0:1 - - [31/Oct/2020:23:20:35 -0700] "POST /dropClasses HTTP/1.1" 302 -
0:0:0:0:0:0:0:1 - - [31/Oct/2020:23:20:35 -0700] "GET /loginSuccessful HTTP/1.1" 200 650
0:0:0:0:0:0:0:1 - - [31/Oct/2020:23:20:37 -0700] "GET /searchCourses HTTP/1.1" 200 857
0:0:0:0:0:0:0:1 - - [31/Oct/2020:23:20:38 -0700] "GET /searchCoursesByArea?area=Computer_Science HTTP/1.1" 200 3085
0:0:0:0:0:0:0:1 - - [31/Oct/2020:23:21:04 -0700] "POST /check HTTP/1.1" 302 -
0:0:0:0:0:0:0:1 - - [31/Oct/2020:23:21:04 -0700] "GET /searchCourses HTTP/1.1" 200 918
0:0:0:0:0:0:0:1 - - [31/Oct/2020:23:21:12 -0700] "GET /searchCoursesByArea?area=Computer_Science HTTP/1.1" 200 3085
0:0:0:0:0:0:0:1 - - [31/Oct/2020:23:25:45 -0700] "GET /searchCoursesByArea?area=Computer_Science HTTP/1.1" 200 3085
0:0:0:0:0:0:0:1 - - [31/Oct/2020:23:41:43 -0700] "GET /searchCoursesByArea?area=Computer_Science HTTP/1.1" 200 3099
0:0:0:0:0:0:0:1 - - [31/Oct/2020:23:42:16 -0700] "POST /registerForClassess HTTP/1.1" 500 9076
0:0:0:0:0:0:0:1 - - [31/Oct/2020:23:44:23 -0700] "GET /login HTTP/1.1" 200 1657
0:0:0:0:0:0:0:1 - - [31/Oct/2020:23:44:23 -0700] "GET /login HTTP/1.1" 200 1657
0:0:0:0:0:0:0:1 - - [31/Oct/2020:23:44:26 -0700] "POST /doLogin HTTP/1.1" 302 -
0:0:0:0:0:0:0:1 - - [31/Oct/2020:23:44:26 -0700] "GET /loginSuccessful HTTP/1.1" 200 650
0:0:0:0:0:0:0:1 - - [31/Oct/2020:23:44:27 -0700] "GET /searchCourses HTTP/1.1" 200 857
0:0:0:0:0:0:0:1 - - [31/Oct/2020:23:44:28 -0700] "GET /searchCoursesByArea?area=Computer_Science HTTP/1.1" 200 3099
0:0:0:0:0:0:0:1 - - [31/Oct/2020:23:44:30 -0700] "POST /registerForClassess HTTP/1.1" 500 9076
0:0:0:0:0:0:0:1 - - [31/Oct/2020:23:51:47 -0700] "GET /login HTTP/1.1" 200 1657
0:0:0:0:0:0:0:1 - - [31/Oct/2020:23:51:47 -0700] "GET /login HTTP/1.1" 200 1657
0:0:0:0:0:0:0:1 - - [31/Oct/2020:23:51:50 -0700] "POST /doLogin HTTP/1.1" 302 -
0:0:0:0:0:0:0:1 - - [31/Oct/2020:23:51:50 -0700] "GET /loginSuccessful HTTP/1.1" 200 650
0:0:0:0:0:0:0:1 - - [31/Oct/2020:23:51:51 -0700] "GET /searchCourses HTTP/1.1" 200 857
0:0:0:0:0:0:0:1 - - [31/Oct/2020:23:51:52 -0700] "GET /searchCoursesByArea?area=Computer_Science HTTP/1.1" 200 3099
0:0:0:0:0:0:0:1 - - [31/Oct/2020:23:51:53 -0700] "POST /registerForClassess HTTP/1.1" 302 -
0:0:0:0:0:0:0:1 - - [31/Oct/2020:23:51:53 -0700] "GET /searchCourses HTTP/1.1" 200 943
0:0:0:0:0:0:0:1 - - [31/Oct/2020:23:51:56 -0700] "GET /searchCoursesByArea?area=Computer_Science HTTP/1.1" 200 3099
0:0:0:0:0:0:0:1 - - [31/Oct/2020:23:52:47 -0700] "GET /searchCoursesByArea?area=Computer_Science HTTP/1.1" 200 3099
0:0:0:0:0:0:0:1 - - [31/Oct/2020:23:52:49 -0700] "POST /registerForClassess HTTP/1.1" 500 9076
0:0:0:0:0:0:0:1 - - [31/Oct/2020:23:53:44 -0700] "GET /login HTTP/1.1" 200 1657
0:0:0:0:0:0:0:1 - - [31/Oct/2020:23:53:47 -0700] "POST /doLogin HTTP/1.1" 302 -
0:0:0:0:0:0:0:1 - - [31/Oct/2020:23:53:47 -0700] "GET /loginSuccessful HTTP/1.1" 200 650
0:0:0:0:0:0:0:1 - - [31/Oct/2020:23:53:48 -0700] "GET /searchCourses HTTP/1.1" 200 857
0:0:0:0:0:0:0:1 - - [31/Oct/2020:23:53:48 -0700] "GET /searchCoursesByArea?area=Computer_Science HTTP/1.1" 200 3099
0:0:0:0:0:0:0:1 - - [31/Oct/2020:23:53:50 -0700] "POST /registerForClassess HTTP/1.1" 302 -
0:0:0:0:0:0:0:1 - - [31/Oct/2020:23:53:50 -0700] "GET /loginSuccessful HTTP/1.1" 200 721
