0:0:0:0:0:0:0:1 - - [08/Dec/2020:05:43:46 -0800] "GET /login HTTP/1.1" 200 2343
0:0:0:0:0:0:0:1 - - [08/Dec/2020:05:43:46 -0800] "GET /css/main.css HTTP/1.1" 302 -
0:0:0:0:0:0:0:1 - - [08/Dec/2020:05:43:46 -0800] "GET /js/action.js HTTP/1.1" 200 -
0:0:0:0:0:0:0:1 - - [08/Dec/2020:05:43:46 -0800] "GET /login HTTP/1.1" 200 2343
0:0:0:0:0:0:0:1 - - [08/Dec/2020:05:43:48 -0800] "GET /signup HTTP/1.1" 200 5306
0:0:0:0:0:0:0:1 - - [08/Dec/2020:05:43:48 -0800] "GET /css/main.css HTTP/1.1" 302 -
0:0:0:0:0:0:0:1 - - [08/Dec/2020:05:43:48 -0800] "GET /js/action.js HTTP/1.1" 200 -
0:0:0:0:0:0:0:1 - - [08/Dec/2020:05:43:48 -0800] "GET /login HTTP/1.1" 200 2343
0:0:0:0:0:0:0:1 - - [08/Dec/2020:05:43:50 -0800] "GET /login HTTP/1.1" 200 2343
0:0:0:0:0:0:0:1 - - [08/Dec/2020:05:43:50 -0800] "GET /css/main.css HTTP/1.1" 302 -
0:0:0:0:0:0:0:1 - - [08/Dec/2020:05:43:50 -0800] "GET /login HTTP/1.1" 200 2343
0:0:0:0:0:0:0:1 - - [08/Dec/2020:05:43:51 -0800] "GET /forgetPassword HTTP/1.1" 200 2825
0:0:0:0:0:0:0:1 - - [08/Dec/2020:05:43:51 -0800] "GET /css/main.css HTTP/1.1" 302 -
0:0:0:0:0:0:0:1 - - [08/Dec/2020:05:43:51 -0800] "GET /js/action.js HTTP/1.1" 200 -
0:0:0:0:0:0:0:1 - - [08/Dec/2020:05:43:51 -0800] "GET /js/pwstrength.js HTTP/1.1" 200 -
0:0:0:0:0:0:0:1 - - [08/Dec/2020:05:43:51 -0800] "GET /js/jquery-1.7.2.js HTTP/1.1" 200 293292
0:0:0:0:0:0:0:1 - - [08/Dec/2020:05:43:51 -0800] "GET /login HTTP/1.1" 200 2343
0:0:0:0:0:0:0:1 - - [08/Dec/2020:05:43:53 -0800] "GET /login HTTP/1.1" 200 2343
0:0:0:0:0:0:0:1 - - [08/Dec/2020:05:43:53 -0800] "GET /css/main.css HTTP/1.1" 302 -
0:0:0:0:0:0:0:1 - - [08/Dec/2020:05:43:53 -0800] "GET /login HTTP/1.1" 200 2343
0:0:0:0:0:0:0:1 - - [08/Dec/2020:05:46:11 -0800] "POST /doLogin HTTP/1.1" 302 -
0:0:0:0:0:0:0:1 - - [08/Dec/2020:05:46:11 -0800] "GET /loginSuccessful HTTP/1.1" 200 869
0:0:0:0:0:0:0:1 - - [08/Dec/2020:05:46:11 -0800] "GET /js/action.js HTTP/1.1" 200 -
0:0:0:0:0:0:0:1 - - [08/Dec/2020:05:46:11 -0800] "GET /css/main.css HTTP/1.1" 200 2869
0:0:0:0:0:0:0:1 - - [08/Dec/2020:05:46:18 -0800] "GET /searchBook HTTP/1.1" 200 678
0:0:0:0:0:0:0:1 - - [08/Dec/2020:05:46:21 -0800] "GET /searchBookByTitleOrAuthor?argument=Java HTTP/1.1" 200 2309
0:0:0:0:0:0:0:1 - - [08/Dec/2020:05:46:21 -0800] "GET /css/main.css HTTP/1.1" 200 2869
0:0:0:0:0:0:0:1 - - [08/Dec/2020:05:46:21 -0800] "GET /js/action.js HTTP/1.1" 200 -
0:0:0:0:0:0:0:1 - - [08/Dec/2020:05:46:24 -0800] "GET /moreDetails?bookItem=1 HTTP/1.1" 200 2414
0:0:0:0:0:0:0:1 - - [08/Dec/2020:05:46:24 -0800] "GET /css/main.css HTTP/1.1" 200 2869
0:0:0:0:0:0:0:1 - - [08/Dec/2020:05:46:24 -0800] "GET /js/action.js HTTP/1.1" 200 -
0:0:0:0:0:0:0:1 - - [08/Dec/2020:05:47:48 -0800] "GET /searchBookByTitleOrAuthor?argument=Java HTTP/1.1" 200 2309
0:0:0:0:0:0:0:1 - - [08/Dec/2020:05:47:48 -0800] "GET /css/main.css HTTP/1.1" 200 2869
192.168.1.200 - - [08/Dec/2020:05:48:28 -0800] "GET / HTTP/1.1" 302 -
192.168.1.200 - - [08/Dec/2020:05:48:28 -0800] "GET /login HTTP/1.1" 200 2343
0:0:0:0:0:0:0:1 - - [08/Dec/2020:05:49:08 -0800] "GET /moreDetails?bookItem=1 HTTP/1.1" 200 2414
0:0:0:0:0:0:0:1 - - [08/Dec/2020:05:49:08 -0800] "GET /js/action.js HTTP/1.1" 200 -
0:0:0:0:0:0:0:1 - - [08/Dec/2020:05:49:08 -0800] "GET /css/main.css HTTP/1.1" 200 2869
0:0:0:0:0:0:0:1 - - [08/Dec/2020:05:49:39 -0800] "GET /moreDetails?bookItem=1 HTTP/1.1" 200 2424
0:0:0:0:0:0:0:1 - - [08/Dec/2020:05:49:39 -0800] "GET /js/action.js HTTP/1.1" 200 -
0:0:0:0:0:0:0:1 - - [08/Dec/2020:05:49:39 -0800] "GET /css/main.css HTTP/1.1" 200 2869
0:0:0:0:0:0:0:1 - - [08/Dec/2020:05:49:48 -0800] "GET /moreDetails?bookItem=1 HTTP/1.1" 200 2423
0:0:0:0:0:0:0:1 - - [08/Dec/2020:05:49:48 -0800] "GET /css/main.css HTTP/1.1" 200 2869
0:0:0:0:0:0:0:1 - - [08/Dec/2020:05:49:48 -0800] "GET /js/action.js HTTP/1.1" 200 -
0:0:0:0:0:0:0:1 - - [08/Dec/2020:05:50:05 -0800] "GET /searchBookByTitleOrAuthor?argument=Java HTTP/1.1" 200 2309
0:0:0:0:0:0:0:1 - - [08/Dec/2020:05:50:05 -0800] "GET /css/main.css HTTP/1.1" 200 2869
0:0:0:0:0:0:0:1 - - [08/Dec/2020:05:50:12 -0800] "GET /moreDetails?bookItem=2 HTTP/1.1" 200 1261
0:0:0:0:0:0:0:1 - - [08/Dec/2020:05:50:12 -0800] "GET /css/main.css HTTP/1.1" 200 2869
0:0:0:0:0:0:0:1 - - [08/Dec/2020:05:50:12 -0800] "GET /js/action.js HTTP/1.1" 200 -
0:0:0:0:0:0:0:1 - - [08/Dec/2020:05:50:23 -0800] "GET /searchBookByTitleOrAuthor?argument=Java HTTP/1.1" 200 2309
0:0:0:0:0:0:0:1 - - [08/Dec/2020:05:50:23 -0800] "GET /css/main.css HTTP/1.1" 200 2869
0:0:0:0:0:0:0:1 - - [08/Dec/2020:05:50:39 -0800] "GET /moreDetails?bookItem=1 HTTP/1.1" 200 2423
0:0:0:0:0:0:0:1 - - [08/Dec/2020:05:50:40 -0800] "GET /js/action.js HTTP/1.1" 200 -
0:0:0:0:0:0:0:1 - - [08/Dec/2020:05:50:40 -0800] "GET /css/main.css HTTP/1.1" 200 2869
0:0:0:0:0:0:0:1 - - [08/Dec/2020:05:50:41 -0800] "GET /searchBookByTitleOrAuthor?argument=Java HTTP/1.1" 200 2309
0:0:0:0:0:0:0:1 - - [08/Dec/2020:05:50:44 -0800] "GET /moreDetails?bookItem=1 HTTP/1.1" 200 2423
0:0:0:0:0:0:0:1 - - [08/Dec/2020:05:50:44 -0800] "GET /css/main.css HTTP/1.1" 200 2869
0:0:0:0:0:0:0:1 - - [08/Dec/2020:05:50:44 -0800] "GET /js/action.js HTTP/1.1" 200 -
0:0:0:0:0:0:0:1 - - [08/Dec/2020:05:51:25 -0800] "GET /searchBookByTitleOrAuthor?argument=Java HTTP/1.1" 200 2309
0:0:0:0:0:0:0:1 - - [08/Dec/2020:05:51:25 -0800] "GET /css/main.css HTTP/1.1" 200 2869
0:0:0:0:0:0:0:1 - - [08/Dec/2020:05:51:27 -0800] "GET /searchBook HTTP/1.1" 200 678
0:0:0:0:0:0:0:1 - - [08/Dec/2020:05:51:28 -0800] "GET /loginSuccessful HTTP/1.1" 200 869
0:0:0:0:0:0:0:1 - - [08/Dec/2020:05:51:32 -0800] "GET /getAllRequiredBooks HTTP/1.1" 302 -
0:0:0:0:0:0:0:1 - - [08/Dec/2020:05:51:32 -0800] "GET /loginSuccessful HTTP/1.1" 200 938
0:0:0:0:0:0:0:1 - - [08/Dec/2020:05:51:32 -0800] "GET /css/main.css HTTP/1.1" 200 2869
0:0:0:0:0:0:0:1 - - [08/Dec/2020:05:51:32 -0800] "GET /js/action.js HTTP/1.1" 200 -
0:0:0:0:0:0:0:1 - - [08/Dec/2020:05:51:38 -0800] "GET /searchCourses HTTP/1.1" 200 1001
0:0:0:0:0:0:0:1 - - [08/Dec/2020:05:51:38 -0800] "GET /js/action.js HTTP/1.1" 200 -
0:0:0:0:0:0:0:1 - - [08/Dec/2020:05:51:38 -0800] "GET /css/main.css HTTP/1.1" 200 2869
0:0:0:0:0:0:0:1 - - [08/Dec/2020:05:51:39 -0800] "GET /searchCoursesBySubject?subject=Computer_Science HTTP/1.1" 200 3626
0:0:0:0:0:0:0:1 - - [08/Dec/2020:05:51:39 -0800] "GET /css/main.css HTTP/1.1" 200 2869
0:0:0:0:0:0:0:1 - - [08/Dec/2020:05:51:39 -0800] "GET /js/action.js HTTP/1.1" 200 -
0:0:0:0:0:0:0:1 - - [08/Dec/2020:05:51:54 -0800] "POST /registerForClassess HTTP/1.1" 302 -
0:0:0:0:0:0:0:1 - - [08/Dec/2020:05:51:54 -0800] "GET /searchCourses HTTP/1.1" 200 1090
0:0:0:0:0:0:0:1 - - [08/Dec/2020:05:51:54 -0800] "GET /css/main.css HTTP/1.1" 200 2869
0:0:0:0:0:0:0:1 - - [08/Dec/2020:05:51:54 -0800] "GET /js/action.js HTTP/1.1" 200 -
0:0:0:0:0:0:0:1 - - [08/Dec/2020:05:51:57 -0800] "GET /searchCoursesBySubject?subject=Computer_Science HTTP/1.1" 200 3626
0:0:0:0:0:0:0:1 - - [08/Dec/2020:05:51:57 -0800] "GET /css/main.css HTTP/1.1" 200 2869
0:0:0:0:0:0:0:1 - - [08/Dec/2020:05:51:57 -0800] "GET /js/action.js HTTP/1.1" 200 -
0:0:0:0:0:0:0:1 - - [08/Dec/2020:05:52:03 -0800] "POST /registerForClassess HTTP/1.1" 302 -
0:0:0:0:0:0:0:1 - - [08/Dec/2020:05:52:03 -0800] "GET /searchCourses HTTP/1.1" 200 1051
0:0:0:0:0:0:0:1 - - [08/Dec/2020:05:52:03 -0800] "GET /css/main.css HTTP/1.1" 200 2869
0:0:0:0:0:0:0:1 - - [08/Dec/2020:05:52:03 -0800] "GET /js/action.js HTTP/1.1" 200 -
0:0:0:0:0:0:0:1 - - [08/Dec/2020:05:52:05 -0800] "GET /searchCoursesBySubject?subject=Computer_Science HTTP/1.1" 200 3626
0:0:0:0:0:0:0:1 - - [08/Dec/2020:05:52:05 -0800] "GET /css/main.css HTTP/1.1" 200 2869
0:0:0:0:0:0:0:1 - - [08/Dec/2020:05:52:08 -0800] "GET /searchCourses HTTP/1.1" 200 1001
0:0:0:0:0:0:0:1 - - [08/Dec/2020:05:52:08 -0800] "GET /searchCoursesBySubject?subject=Computer_Science HTTP/1.1" 200 3626
0:0:0:0:0:0:0:1 - - [08/Dec/2020:05:52:09 -0800] "GET /searchCourses HTTP/1.1" 200 1001
0:0:0:0:0:0:0:1 - - [08/Dec/2020:05:52:10 -0800] "GET /loginSuccessful HTTP/1.1" 200 869
0:0:0:0:0:0:0:1 - - [08/Dec/2020:05:52:10 -0800] "GET /css/main.css HTTP/1.1" 200 2869
0:0:0:0:0:0:0:1 - - [08/Dec/2020:05:52:12 -0800] "GET /getAllRequiredBooks HTTP/1.1" 200 2309
0:0:0:0:0:0:0:1 - - [08/Dec/2020:05:52:12 -0800] "GET /js/action.js HTTP/1.1" 200 -
0:0:0:0:0:0:0:1 - - [08/Dec/2020:05:52:12 -0800] "GET /css/main.css HTTP/1.1" 200 2869
0:0:0:0:0:0:0:1 - - [08/Dec/2020:05:52:58 -0800] "GET /moreDetails?bookItem=1 HTTP/1.1" 200 2423
0:0:0:0:0:0:0:1 - - [08/Dec/2020:05:52:58 -0800] "GET /js/action.js HTTP/1.1" 200 -
0:0:0:0:0:0:0:1 - - [08/Dec/2020:05:52:58 -0800] "GET /css/main.css HTTP/1.1" 200 2869
0:0:0:0:0:0:0:1 - - [08/Dec/2020:05:53:04 -0800] "GET /getAllRequiredBooks HTTP/1.1" 200 2309
0:0:0:0:0:0:0:1 - - [08/Dec/2020:06:23:58 -0800] "GET /getAllRequiredBooks HTTP/1.1" 302 -
0:0:0:0:0:0:0:1 - - [08/Dec/2020:06:23:58 -0800] "GET /login HTTP/1.1" 200 2343
0:0:0:0:0:0:0:1 - - [08/Dec/2020:06:23:58 -0800] "GET /css/main.css HTTP/1.1" 302 -
0:0:0:0:0:0:0:1 - - [08/Dec/2020:06:23:58 -0800] "GET /js/action.js HTTP/1.1" 200 -
0:0:0:0:0:0:0:1 - - [08/Dec/2020:06:23:58 -0800] "GET /login HTTP/1.1" 200 2343
0:0:0:0:0:0:0:1 - - [08/Dec/2020:06:24:05 -0800] "POST /doLogin HTTP/1.1" 302 -
0:0:0:0:0:0:0:1 - - [08/Dec/2020:06:24:05 -0800] "GET /loginFailed HTTP/1.1" 302 -
0:0:0:0:0:0:0:1 - - [08/Dec/2020:06:24:05 -0800] "GET /login HTTP/1.1" 200 2412
0:0:0:0:0:0:0:1 - - [08/Dec/2020:06:24:05 -0800] "GET /css/main.css HTTP/1.1" 302 -
0:0:0:0:0:0:0:1 - - [08/Dec/2020:06:24:05 -0800] "GET /js/action.js HTTP/1.1" 200 -
0:0:0:0:0:0:0:1 - - [08/Dec/2020:06:24:05 -0800] "GET /login HTTP/1.1" 200 2343
0:0:0:0:0:0:0:1 - - [08/Dec/2020:06:24:08 -0800] "GET /signup HTTP/1.1" 200 5306
0:0:0:0:0:0:0:1 - - [08/Dec/2020:06:24:08 -0800] "GET /css/main.css HTTP/1.1" 302 -
0:0:0:0:0:0:0:1 - - [08/Dec/2020:06:24:08 -0800] "GET /js/action.js HTTP/1.1" 200 -
0:0:0:0:0:0:0:1 - - [08/Dec/2020:06:24:08 -0800] "GET /login HTTP/1.1" 200 2343
0:0:0:0:0:0:0:1 - - [08/Dec/2020:06:24:20 -0800] "POST /signup HTTP/1.1" 302 -
0:0:0:0:0:0:0:1 - - [08/Dec/2020:06:24:20 -0800] "GET /login HTTP/1.1" 200 2426
0:0:0:0:0:0:0:1 - - [08/Dec/2020:06:24:20 -0800] "GET /css/main.css HTTP/1.1" 302 -
0:0:0:0:0:0:0:1 - - [08/Dec/2020:06:24:20 -0800] "GET /js/action.js HTTP/1.1" 200 -
0:0:0:0:0:0:0:1 - - [08/Dec/2020:06:24:20 -0800] "GET /login HTTP/1.1" 200 2343
0:0:0:0:0:0:0:1 - - [08/Dec/2020:06:24:36 -0800] "GET /registrationConfirm?token=9bc58c03-bbe3-4a18-a46b-de27f6f962e6 HTTP/1.1" 302 -
0:0:0:0:0:0:0:1 - - [08/Dec/2020:06:24:36 -0800] "GET /login HTTP/1.1" 200 2416
0:0:0:0:0:0:0:1 - - [08/Dec/2020:06:24:36 -0800] "GET /css/main.css HTTP/1.1" 302 -
0:0:0:0:0:0:0:1 - - [08/Dec/2020:06:24:36 -0800] "GET /js/action.js HTTP/1.1" 200 -
0:0:0:0:0:0:0:1 - - [08/Dec/2020:06:24:36 -0800] "GET /login HTTP/1.1" 200 2343
0:0:0:0:0:0:0:1 - - [08/Dec/2020:06:24:43 -0800] "POST /doLogin HTTP/1.1" 302 -
0:0:0:0:0:0:0:1 - - [08/Dec/2020:06:24:43 -0800] "GET /loginFailed HTTP/1.1" 302 -
0:0:0:0:0:0:0:1 - - [08/Dec/2020:06:24:43 -0800] "GET /login HTTP/1.1" 200 2412
0:0:0:0:0:0:0:1 - - [08/Dec/2020:06:24:43 -0800] "GET /css/main.css HTTP/1.1" 302 -
0:0:0:0:0:0:0:1 - - [08/Dec/2020:06:24:43 -0800] "GET /js/action.js HTTP/1.1" 200 -
0:0:0:0:0:0:0:1 - - [08/Dec/2020:06:24:43 -0800] "GET /login HTTP/1.1" 200 2343
0:0:0:0:0:0:0:1 - - [08/Dec/2020:06:24:46 -0800] "POST /doLogin HTTP/1.1" 302 -
0:0:0:0:0:0:0:1 - - [08/Dec/2020:06:24:46 -0800] "GET /loginFailed HTTP/1.1" 302 -
0:0:0:0:0:0:0:1 - - [08/Dec/2020:06:24:46 -0800] "GET /login HTTP/1.1" 200 2412
0:0:0:0:0:0:0:1 - - [08/Dec/2020:06:24:46 -0800] "GET /css/main.css HTTP/1.1" 302 -
0:0:0:0:0:0:0:1 - - [08/Dec/2020:06:24:46 -0800] "GET /js/action.js HTTP/1.1" 200 -
0:0:0:0:0:0:0:1 - - [08/Dec/2020:06:24:46 -0800] "GET /login HTTP/1.1" 200 2343
0:0:0:0:0:0:0:1 - - [08/Dec/2020:06:25:06 -0800] "GET /login HTTP/1.1" 200 2343
0:0:0:0:0:0:0:1 - - [08/Dec/2020:06:25:06 -0800] "GET /js/action.js HTTP/1.1" 200 -
0:0:0:0:0:0:0:1 - - [08/Dec/2020:06:25:06 -0800] "GET /css/main.css HTTP/1.1" 302 -
0:0:0:0:0:0:0:1 - - [08/Dec/2020:06:25:06 -0800] "GET /login HTTP/1.1" 200 2343
0:0:0:0:0:0:0:1 - - [08/Dec/2020:06:25:08 -0800] "GET /signup HTTP/1.1" 200 5306
0:0:0:0:0:0:0:1 - - [08/Dec/2020:06:25:08 -0800] "GET /css/main.css HTTP/1.1" 302 -
0:0:0:0:0:0:0:1 - - [08/Dec/2020:06:25:08 -0800] "GET /js/action.js HTTP/1.1" 200 -
0:0:0:0:0:0:0:1 - - [08/Dec/2020:06:25:08 -0800] "GET /login HTTP/1.1" 200 2343
0:0:0:0:0:0:0:1 - - [08/Dec/2020:06:25:15 -0800] "POST /signup HTTP/1.1" 200 5483
0:0:0:0:0:0:0:1 - - [08/Dec/2020:06:25:15 -0800] "GET /css/main.css HTTP/1.1" 302 -
0:0:0:0:0:0:0:1 - - [08/Dec/2020:06:25:15 -0800] "GET /js/action.js HTTP/1.1" 200 -
0:0:0:0:0:0:0:1 - - [08/Dec/2020:06:25:15 -0800] "GET /login HTTP/1.1" 200 2343
0:0:0:0:0:0:0:1 - - [08/Dec/2020:06:25:26 -0800] "GET /signup HTTP/1.1" 200 5306
0:0:0:0:0:0:0:1 - - [08/Dec/2020:06:25:26 -0800] "GET /css/main.css HTTP/1.1" 302 -
0:0:0:0:0:0:0:1 - - [08/Dec/2020:06:25:26 -0800] "GET /login HTTP/1.1" 200 2343
0:0:0:0:0:0:0:1 - - [08/Dec/2020:06:25:27 -0800] "GET /login HTTP/1.1" 200 2343
0:0:0:0:0:0:0:1 - - [08/Dec/2020:06:25:27 -0800] "GET /css/main.css HTTP/1.1" 302 -
0:0:0:0:0:0:0:1 - - [08/Dec/2020:06:25:27 -0800] "GET /login HTTP/1.1" 200 2343
0:0:0:0:0:0:0:1 - - [08/Dec/2020:06:25:31 -0800] "POST /doLogin HTTP/1.1" 302 -
0:0:0:0:0:0:0:1 - - [08/Dec/2020:06:25:31 -0800] "GET /loginFailed HTTP/1.1" 302 -
0:0:0:0:0:0:0:1 - - [08/Dec/2020:06:25:31 -0800] "GET /login HTTP/1.1" 200 2412
0:0:0:0:0:0:0:1 - - [08/Dec/2020:06:25:31 -0800] "GET /css/main.css HTTP/1.1" 302 -
0:0:0:0:0:0:0:1 - - [08/Dec/2020:06:25:31 -0800] "GET /js/action.js HTTP/1.1" 200 -
0:0:0:0:0:0:0:1 - - [08/Dec/2020:06:25:31 -0800] "GET /login HTTP/1.1" 200 2343
0:0:0:0:0:0:0:1 - - [08/Dec/2020:06:26:22 -0800] "GET /login HTTP/1.1" 200 2343
0:0:0:0:0:0:0:1 - - [08/Dec/2020:06:26:22 -0800] "GET /js/action.js HTTP/1.1" 200 -
0:0:0:0:0:0:0:1 - - [08/Dec/2020:06:26:22 -0800] "GET /css/main.css HTTP/1.1" 302 -
0:0:0:0:0:0:0:1 - - [08/Dec/2020:06:26:22 -0800] "GET /login HTTP/1.1" 200 2343
0:0:0:0:0:0:0:1 - - [08/Dec/2020:06:26:23 -0800] "GET /signup HTTP/1.1" 200 5306
0:0:0:0:0:0:0:1 - - [08/Dec/2020:06:26:23 -0800] "GET /css/main.css HTTP/1.1" 302 -
0:0:0:0:0:0:0:1 - - [08/Dec/2020:06:26:23 -0800] "GET /js/action.js HTTP/1.1" 200 -
0:0:0:0:0:0:0:1 - - [08/Dec/2020:06:26:23 -0800] "GET /login HTTP/1.1" 200 2343
0:0:0:0:0:0:0:1 - - [08/Dec/2020:06:26:33 -0800] "POST /signup HTTP/1.1" 302 -
0:0:0:0:0:0:0:1 - - [08/Dec/2020:06:26:33 -0800] "GET /login HTTP/1.1" 200 2426
0:0:0:0:0:0:0:1 - - [08/Dec/2020:06:26:33 -0800] "GET /css/main.css HTTP/1.1" 302 -
0:0:0:0:0:0:0:1 - - [08/Dec/2020:06:26:33 -0800] "GET /js/action.js HTTP/1.1" 200 -
0:0:0:0:0:0:0:1 - - [08/Dec/2020:06:26:33 -0800] "GET /login HTTP/1.1" 200 2343
0:0:0:0:0:0:0:1 - - [08/Dec/2020:06:26:41 -0800] "GET /registrationConfirm?token=1e9280d9-3591-4f24-a87c-dc6dd772d6b9 HTTP/1.1" 302 -
0:0:0:0:0:0:0:1 - - [08/Dec/2020:06:26:41 -0800] "GET /login HTTP/1.1" 200 2416
0:0:0:0:0:0:0:1 - - [08/Dec/2020:06:26:41 -0800] "GET /css/main.css HTTP/1.1" 302 -
0:0:0:0:0:0:0:1 - - [08/Dec/2020:06:26:41 -0800] "GET /js/action.js HTTP/1.1" 200 -
0:0:0:0:0:0:0:1 - - [08/Dec/2020:06:26:41 -0800] "GET /login HTTP/1.1" 200 2343
0:0:0:0:0:0:0:1 - - [08/Dec/2020:06:26:49 -0800] "POST /doLogin HTTP/1.1" 302 -
0:0:0:0:0:0:0:1 - - [08/Dec/2020:06:26:49 -0800] "GET /loginSuccessful HTTP/1.1" 200 869
0:0:0:0:0:0:0:1 - - [08/Dec/2020:06:26:49 -0800] "GET /js/action.js HTTP/1.1" 200 -
0:0:0:0:0:0:0:1 - - [08/Dec/2020:06:26:49 -0800] "GET /css/main.css HTTP/1.1" 200 2869
0:0:0:0:0:0:0:1 - - [08/Dec/2020:06:26:52 -0800] "GET /searchCourses HTTP/1.1" 200 1001
0:0:0:0:0:0:0:1 - - [08/Dec/2020:06:26:52 -0800] "GET /css/main.css HTTP/1.1" 200 2869
0:0:0:0:0:0:0:1 - - [08/Dec/2020:06:26:52 -0800] "GET /js/action.js HTTP/1.1" 200 -
0:0:0:0:0:0:0:1 - - [08/Dec/2020:06:26:55 -0800] "GET /searchCoursesBySubject?subject=Computer_Science HTTP/1.1" 200 3626
0:0:0:0:0:0:0:1 - - [08/Dec/2020:06:26:55 -0800] "GET /css/main.css HTTP/1.1" 200 2869
0:0:0:0:0:0:0:1 - - [08/Dec/2020:06:26:55 -0800] "GET /js/action.js HTTP/1.1" 200 -
0:0:0:0:0:0:0:1 - - [08/Dec/2020:06:27:05 -0800] "POST /registerForClassess HTTP/1.1" 302 -
0:0:0:0:0:0:0:1 - - [08/Dec/2020:06:27:05 -0800] "GET /searchCourses HTTP/1.1" 200 1051
0:0:0:0:0:0:0:1 - - [08/Dec/2020:06:27:05 -0800] "GET /css/main.css HTTP/1.1" 200 2869
0:0:0:0:0:0:0:1 - - [08/Dec/2020:06:27:05 -0800] "GET /js/action.js HTTP/1.1" 200 -
0:0:0:0:0:0:0:1 - - [08/Dec/2020:06:27:07 -0800] "GET /searchCoursesBySubject?subject=Computer_Science HTTP/1.1" 200 3626
0:0:0:0:0:0:0:1 - - [08/Dec/2020:06:27:07 -0800] "GET /js/action.js HTTP/1.1" 200 -
0:0:0:0:0:0:0:1 - - [08/Dec/2020:06:27:07 -0800] "GET /css/main.css HTTP/1.1" 200 2869
0:0:0:0:0:0:0:1 - - [08/Dec/2020:06:27:10 -0800] "POST /registerForClassess HTTP/1.1" 302 -
0:0:0:0:0:0:0:1 - - [08/Dec/2020:06:27:10 -0800] "GET /searchCourses HTTP/1.1" 200 1051
0:0:0:0:0:0:0:1 - - [08/Dec/2020:06:27:10 -0800] "GET /css/main.css HTTP/1.1" 200 2869
0:0:0:0:0:0:0:1 - - [08/Dec/2020:06:27:10 -0800] "GET /js/action.js HTTP/1.1" 200 -
0:0:0:0:0:0:0:1 - - [08/Dec/2020:06:27:11 -0800] "GET /searchCoursesBySubject?subject=Computer_Science HTTP/1.1" 200 3626
0:0:0:0:0:0:0:1 - - [08/Dec/2020:06:27:11 -0800] "GET /css/main.css HTTP/1.1" 200 2869
0:0:0:0:0:0:0:1 - - [08/Dec/2020:06:27:12 -0800] "GET /searchCourses HTTP/1.1" 200 1001
0:0:0:0:0:0:0:1 - - [08/Dec/2020:06:27:13 -0800] "GET /searchCoursesBySubject?subject=Computer_Science HTTP/1.1" 200 3626
0:0:0:0:0:0:0:1 - - [08/Dec/2020:06:27:14 -0800] "GET /searchCourses HTTP/1.1" 200 1001
0:0:0:0:0:0:0:1 - - [08/Dec/2020:06:27:15 -0800] "GET /loginSuccessful HTTP/1.1" 200 869
0:0:0:0:0:0:0:1 - - [08/Dec/2020:06:27:15 -0800] "GET /css/main.css HTTP/1.1" 200 2869
0:0:0:0:0:0:0:1 - - [08/Dec/2020:06:27:18 -0800] "GET /getAllRequiredBooks HTTP/1.1" 500 15585
0:0:0:0:0:0:0:1 - - [08/Dec/2020:06:29:42 -0800] "GET /getAllRequiredBooks HTTP/1.1" 500 15585
0:0:0:0:0:0:0:1 - - [08/Dec/2020:06:33:13 -0800] "GET /login HTTP/1.1" 200 2343
0:0:0:0:0:0:0:1 - - [08/Dec/2020:06:33:13 -0800] "GET /js/action.js HTTP/1.1" 200 -
0:0:0:0:0:0:0:1 - - [08/Dec/2020:06:33:13 -0800] "GET /css/main.css HTTP/1.1" 302 -
0:0:0:0:0:0:0:1 - - [08/Dec/2020:06:33:13 -0800] "GET /login HTTP/1.1" 200 2343
0:0:0:0:0:0:0:1 - - [08/Dec/2020:06:33:13 -0800] "GET /login HTTP/1.1" 200 2343
0:0:0:0:0:0:0:1 - - [08/Dec/2020:06:33:13 -0800] "GET /css/main.css HTTP/1.1" 302 -
0:0:0:0:0:0:0:1 - - [08/Dec/2020:06:33:13 -0800] "GET /js/action.js HTTP/1.1" 200 -
0:0:0:0:0:0:0:1 - - [08/Dec/2020:06:33:13 -0800] "GET /login HTTP/1.1" 200 2343
0:0:0:0:0:0:0:1 - - [08/Dec/2020:06:33:16 -0800] "POST /doLogin HTTP/1.1" 302 -
0:0:0:0:0:0:0:1 - - [08/Dec/2020:06:33:16 -0800] "GET /loginFailed HTTP/1.1" 302 -
0:0:0:0:0:0:0:1 - - [08/Dec/2020:06:33:16 -0800] "GET /login HTTP/1.1" 200 2412
0:0:0:0:0:0:0:1 - - [08/Dec/2020:06:33:16 -0800] "GET /css/main.css HTTP/1.1" 302 -
0:0:0:0:0:0:0:1 - - [08/Dec/2020:06:33:16 -0800] "GET /js/action.js HTTP/1.1" 200 -
0:0:0:0:0:0:0:1 - - [08/Dec/2020:06:33:16 -0800] "GET /login HTTP/1.1" 200 2343
0:0:0:0:0:0:0:1 - - [08/Dec/2020:06:33:20 -0800] "POST /doLogin HTTP/1.1" 302 -
0:0:0:0:0:0:0:1 - - [08/Dec/2020:06:33:20 -0800] "GET /loginSuccessful HTTP/1.1" 200 869
0:0:0:0:0:0:0:1 - - [08/Dec/2020:06:33:20 -0800] "GET /css/main.css HTTP/1.1" 200 2869
0:0:0:0:0:0:0:1 - - [08/Dec/2020:06:33:20 -0800] "GET /js/action.js HTTP/1.1" 200 -
0:0:0:0:0:0:0:1 - - [08/Dec/2020:06:33:23 -0800] "GET /searchCourses HTTP/1.1" 200 1001
0:0:0:0:0:0:0:1 - - [08/Dec/2020:06:33:23 -0800] "GET /css/main.css HTTP/1.1" 200 2869
0:0:0:0:0:0:0:1 - - [08/Dec/2020:06:33:23 -0800] "GET /js/action.js HTTP/1.1" 200 -
0:0:0:0:0:0:0:1 - - [08/Dec/2020:06:33:24 -0800] "GET /searchCoursesBySubject?subject=Computer_Science HTTP/1.1" 200 3626
0:0:0:0:0:0:0:1 - - [08/Dec/2020:06:33:24 -0800] "GET /js/action.js HTTP/1.1" 200 -
0:0:0:0:0:0:0:1 - - [08/Dec/2020:06:33:24 -0800] "GET /css/main.css HTTP/1.1" 200 2869
0:0:0:0:0:0:0:1 - - [08/Dec/2020:06:33:26 -0800] "POST /registerForClassess HTTP/1.1" 302 -
0:0:0:0:0:0:0:1 - - [08/Dec/2020:06:33:26 -0800] "GET /searchCourses HTTP/1.1" 200 1051
0:0:0:0:0:0:0:1 - - [08/Dec/2020:06:33:26 -0800] "GET /js/action.js HTTP/1.1" 200 -
0:0:0:0:0:0:0:1 - - [08/Dec/2020:06:33:26 -0800] "GET /css/main.css HTTP/1.1" 200 2869
0:0:0:0:0:0:0:1 - - [08/Dec/2020:06:33:28 -0800] "GET /searchCoursesBySubject?subject=Computer_Science HTTP/1.1" 200 3626
0:0:0:0:0:0:0:1 - - [08/Dec/2020:06:33:28 -0800] "GET /css/main.css HTTP/1.1" 200 2869
0:0:0:0:0:0:0:1 - - [08/Dec/2020:06:33:28 -0800] "GET /js/action.js HTTP/1.1" 200 -
0:0:0:0:0:0:0:1 - - [08/Dec/2020:06:33:29 -0800] "POST /registerForClassess HTTP/1.1" 302 -
0:0:0:0:0:0:0:1 - - [08/Dec/2020:06:33:29 -0800] "GET /searchCourses HTTP/1.1" 200 1051
0:0:0:0:0:0:0:1 - - [08/Dec/2020:06:33:29 -0800] "GET /js/action.js HTTP/1.1" 200 -
0:0:0:0:0:0:0:1 - - [08/Dec/2020:06:33:29 -0800] "GET /css/main.css HTTP/1.1" 200 2869
0:0:0:0:0:0:0:1 - - [08/Dec/2020:06:33:30 -0800] "GET /searchCoursesBySubject?subject=Computer_Science HTTP/1.1" 200 3626
0:0:0:0:0:0:0:1 - - [08/Dec/2020:06:33:30 -0800] "GET /searchCourses HTTP/1.1" 200 1001
0:0:0:0:0:0:0:1 - - [08/Dec/2020:06:33:30 -0800] "GET /searchCoursesBySubject?subject=Computer_Science HTTP/1.1" 200 3626
0:0:0:0:0:0:0:1 - - [08/Dec/2020:06:33:31 -0800] "GET /searchCourses HTTP/1.1" 200 1001
0:0:0:0:0:0:0:1 - - [08/Dec/2020:06:33:31 -0800] "GET /css/main.css HTTP/1.1" 200 2869
0:0:0:0:0:0:0:1 - - [08/Dec/2020:06:33:32 -0800] "GET /loginSuccessful HTTP/1.1" 200 869
0:0:0:0:0:0:0:1 - - [08/Dec/2020:06:33:34 -0800] "GET /getAllRequiredBooks HTTP/1.1" 500 15578
0:0:0:0:0:0:0:1 - - [08/Dec/2020:06:43:15 -0800] "GET /getAllRequiredBooks HTTP/1.1" 302 -
0:0:0:0:0:0:0:1 - - [08/Dec/2020:06:43:15 -0800] "GET /login HTTP/1.1" 200 2343
0:0:0:0:0:0:0:1 - - [08/Dec/2020:06:43:15 -0800] "GET /css/main.css HTTP/1.1" 302 -
0:0:0:0:0:0:0:1 - - [08/Dec/2020:06:43:15 -0800] "GET /js/action.js HTTP/1.1" 200 -
0:0:0:0:0:0:0:1 - - [08/Dec/2020:06:43:15 -0800] "GET /login HTTP/1.1" 200 2343
0:0:0:0:0:0:0:1 - - [08/Dec/2020:06:43:19 -0800] "POST /doLogin HTTP/1.1" 302 -
0:0:0:0:0:0:0:1 - - [08/Dec/2020:06:43:19 -0800] "GET /loginSuccessful HTTP/1.1" 200 869
0:0:0:0:0:0:0:1 - - [08/Dec/2020:06:43:19 -0800] "GET /js/action.js HTTP/1.1" 200 -
0:0:0:0:0:0:0:1 - - [08/Dec/2020:06:43:19 -0800] "GET /css/main.css HTTP/1.1" 200 2869
0:0:0:0:0:0:0:1 - - [08/Dec/2020:06:43:22 -0800] "GET /searchCourses HTTP/1.1" 200 1001
0:0:0:0:0:0:0:1 - - [08/Dec/2020:06:43:22 -0800] "GET /css/main.css HTTP/1.1" 200 2869
0:0:0:0:0:0:0:1 - - [08/Dec/2020:06:43:22 -0800] "GET /js/action.js HTTP/1.1" 200 -
0:0:0:0:0:0:0:1 - - [08/Dec/2020:06:43:24 -0800] "GET /searchCoursesBySubject?subject=Computer_Science HTTP/1.1" 200 3626
0:0:0:0:0:0:0:1 - - [08/Dec/2020:06:43:24 -0800] "GET /css/main.css HTTP/1.1" 200 2869
0:0:0:0:0:0:0:1 - - [08/Dec/2020:06:43:24 -0800] "GET /js/action.js HTTP/1.1" 200 -
0:0:0:0:0:0:0:1 - - [08/Dec/2020:06:43:26 -0800] "POST /registerForClassess HTTP/1.1" 302 -
0:0:0:0:0:0:0:1 - - [08/Dec/2020:06:43:26 -0800] "GET /searchCourses HTTP/1.1" 200 1051
0:0:0:0:0:0:0:1 - - [08/Dec/2020:06:43:26 -0800] "GET /css/main.css HTTP/1.1" 200 2869
0:0:0:0:0:0:0:1 - - [08/Dec/2020:06:43:26 -0800] "GET /js/action.js HTTP/1.1" 200 -
0:0:0:0:0:0:0:1 - - [08/Dec/2020:06:43:27 -0800] "GET /searchCoursesBySubject?subject=Computer_Science HTTP/1.1" 200 3626
0:0:0:0:0:0:0:1 - - [08/Dec/2020:06:43:27 -0800] "GET /js/action.js HTTP/1.1" 200 -
0:0:0:0:0:0:0:1 - - [08/Dec/2020:06:43:27 -0800] "GET /css/main.css HTTP/1.1" 200 2869
0:0:0:0:0:0:0:1 - - [08/Dec/2020:06:43:29 -0800] "POST /registerForClassess HTTP/1.1" 302 -
0:0:0:0:0:0:0:1 - - [08/Dec/2020:06:43:29 -0800] "GET /searchCourses HTTP/1.1" 200 1051
0:0:0:0:0:0:0:1 - - [08/Dec/2020:06:43:29 -0800] "GET /js/action.js HTTP/1.1" 200 -
0:0:0:0:0:0:0:1 - - [08/Dec/2020:06:43:29 -0800] "GET /css/main.css HTTP/1.1" 200 2869
0:0:0:0:0:0:0:1 - - [08/Dec/2020:06:43:29 -0800] "GET /searchCoursesBySubject?subject=Computer_Science HTTP/1.1" 200 3626
0:0:0:0:0:0:0:1 - - [08/Dec/2020:06:43:29 -0800] "GET /css/main.css HTTP/1.1" 200 2869
0:0:0:0:0:0:0:1 - - [08/Dec/2020:06:43:29 -0800] "GET /searchCourses HTTP/1.1" 200 1001
0:0:0:0:0:0:0:1 - - [08/Dec/2020:06:43:30 -0800] "GET /searchCoursesBySubject?subject=Computer_Science HTTP/1.1" 200 3626
0:0:0:0:0:0:0:1 - - [08/Dec/2020:06:43:31 -0800] "GET /searchCourses HTTP/1.1" 200 1001
0:0:0:0:0:0:0:1 - - [08/Dec/2020:06:43:31 -0800] "GET /loginSuccessful HTTP/1.1" 200 869
0:0:0:0:0:0:0:1 - - [08/Dec/2020:06:43:31 -0800] "GET /css/main.css HTTP/1.1" 200 2869
0:0:0:0:0:0:0:1 - - [08/Dec/2020:06:43:33 -0800] "GET /getAllRequiredBooks HTTP/1.1" 302 -
0:0:0:0:0:0:0:1 - - [08/Dec/2020:06:43:33 -0800] "GET /loginSuccessful HTTP/1.1" 200 938
0:0:0:0:0:0:0:1 - - [08/Dec/2020:06:43:33 -0800] "GET /css/main.css HTTP/1.1" 200 2869
0:0:0:0:0:0:0:1 - - [08/Dec/2020:06:43:33 -0800] "GET /js/action.js HTTP/1.1" 200 -
0:0:0:0:0:0:0:1 - - [08/Dec/2020:06:48:37 -0800] "GET /loginSuccessful HTTP/1.1" 302 -
0:0:0:0:0:0:0:1 - - [08/Dec/2020:06:48:37 -0800] "GET /login HTTP/1.1" 200 2343
0:0:0:0:0:0:0:1 - - [08/Dec/2020:06:48:37 -0800] "GET /css/main.css HTTP/1.1" 302 -
0:0:0:0:0:0:0:1 - - [08/Dec/2020:06:48:37 -0800] "GET /js/action.js HTTP/1.1" 200 -
0:0:0:0:0:0:0:1 - - [08/Dec/2020:06:48:37 -0800] "GET /login HTTP/1.1" 200 2343
0:0:0:0:0:0:0:1 - - [08/Dec/2020:06:48:41 -0800] "POST /doLogin HTTP/1.1" 302 -
0:0:0:0:0:0:0:1 - - [08/Dec/2020:06:48:41 -0800] "GET /loginSuccessful HTTP/1.1" 200 869
0:0:0:0:0:0:0:1 - - [08/Dec/2020:06:48:41 -0800] "GET /css/main.css HTTP/1.1" 200 2869
0:0:0:0:0:0:0:1 - - [08/Dec/2020:06:48:41 -0800] "GET /js/action.js HTTP/1.1" 200 -
0:0:0:0:0:0:0:1 - - [08/Dec/2020:06:48:43 -0800] "GET /searchCourses HTTP/1.1" 200 1001
0:0:0:0:0:0:0:1 - - [08/Dec/2020:06:48:43 -0800] "GET /js/action.js HTTP/1.1" 200 -
0:0:0:0:0:0:0:1 - - [08/Dec/2020:06:48:43 -0800] "GET /css/main.css HTTP/1.1" 200 2869
0:0:0:0:0:0:0:1 - - [08/Dec/2020:06:48:44 -0800] "GET /searchCoursesBySubject?subject=Computer_Science HTTP/1.1" 200 3626
0:0:0:0:0:0:0:1 - - [08/Dec/2020:06:48:44 -0800] "GET /css/main.css HTTP/1.1" 200 2869
0:0:0:0:0:0:0:1 - - [08/Dec/2020:06:48:44 -0800] "GET /js/action.js HTTP/1.1" 200 -
0:0:0:0:0:0:0:1 - - [08/Dec/2020:06:48:46 -0800] "POST /registerForClassess HTTP/1.1" 302 -
0:0:0:0:0:0:0:1 - - [08/Dec/2020:06:48:46 -0800] "GET /searchCourses HTTP/1.1" 200 1051
0:0:0:0:0:0:0:1 - - [08/Dec/2020:06:48:46 -0800] "GET /css/main.css HTTP/1.1" 200 2869
0:0:0:0:0:0:0:1 - - [08/Dec/2020:06:48:46 -0800] "GET /js/action.js HTTP/1.1" 200 -
0:0:0:0:0:0:0:1 - - [08/Dec/2020:06:48:47 -0800] "GET /searchCoursesBySubject?subject=Computer_Science HTTP/1.1" 200 3626
0:0:0:0:0:0:0:1 - - [08/Dec/2020:06:48:47 -0800] "GET /css/main.css HTTP/1.1" 200 2869
0:0:0:0:0:0:0:1 - - [08/Dec/2020:06:48:47 -0800] "GET /js/action.js HTTP/1.1" 200 -
0:0:0:0:0:0:0:1 - - [08/Dec/2020:06:48:48 -0800] "POST /registerForClassess HTTP/1.1" 302 -
0:0:0:0:0:0:0:1 - - [08/Dec/2020:06:48:48 -0800] "GET /searchCourses HTTP/1.1" 200 1051
0:0:0:0:0:0:0:1 - - [08/Dec/2020:06:48:48 -0800] "GET /css/main.css HTTP/1.1" 200 2869
0:0:0:0:0:0:0:1 - - [08/Dec/2020:06:48:48 -0800] "GET /js/action.js HTTP/1.1" 200 -
0:0:0:0:0:0:0:1 - - [08/Dec/2020:06:48:52 -0800] "GET /searchCoursesBySubject?subject=Computer_Science HTTP/1.1" 200 3626
0:0:0:0:0:0:0:1 - - [08/Dec/2020:06:48:52 -0800] "GET /searchCourses HTTP/1.1" 200 1001
0:0:0:0:0:0:0:1 - - [08/Dec/2020:06:48:53 -0800] "GET /searchCoursesBySubject?subject=Computer_Science HTTP/1.1" 200 3626
0:0:0:0:0:0:0:1 - - [08/Dec/2020:06:48:53 -0800] "GET /searchCourses HTTP/1.1" 200 1001
0:0:0:0:0:0:0:1 - - [08/Dec/2020:06:48:53 -0800] "GET /css/main.css HTTP/1.1" 200 2869
0:0:0:0:0:0:0:1 - - [08/Dec/2020:06:48:54 -0800] "GET /loginSuccessful HTTP/1.1" 200 869
0:0:0:0:0:0:0:1 - - [08/Dec/2020:06:48:54 -0800] "GET /css/main.css HTTP/1.1" 200 2869
0:0:0:0:0:0:0:1 - - [08/Dec/2020:06:48:55 -0800] "GET /getAllRequiredBooks HTTP/1.1" 200 2317
0:0:0:0:0:0:0:1 - - [08/Dec/2020:06:48:55 -0800] "GET /js/action.js HTTP/1.1" 200 -
0:0:0:0:0:0:0:1 - - [08/Dec/2020:06:48:55 -0800] "GET /css/main.css HTTP/1.1" 200 2869
0:0:0:0:0:0:0:1 - - [08/Dec/2020:06:49:52 -0800] "GET /getAllRequiredBooks HTTP/1.1" 302 -
0:0:0:0:0:0:0:1 - - [08/Dec/2020:06:49:52 -0800] "GET /login HTTP/1.1" 200 2343
0:0:0:0:0:0:0:1 - - [08/Dec/2020:06:49:52 -0800] "GET /css/main.css HTTP/1.1" 302 -
0:0:0:0:0:0:0:1 - - [08/Dec/2020:06:49:52 -0800] "GET /js/action.js HTTP/1.1" 200 -
0:0:0:0:0:0:0:1 - - [08/Dec/2020:06:49:52 -0800] "GET /login HTTP/1.1" 200 2343
0:0:0:0:0:0:0:1 - - [08/Dec/2020:06:49:56 -0800] "POST /doLogin HTTP/1.1" 302 -
0:0:0:0:0:0:0:1 - - [08/Dec/2020:06:49:56 -0800] "GET /loginSuccessful HTTP/1.1" 200 869
0:0:0:0:0:0:0:1 - - [08/Dec/2020:06:49:56 -0800] "GET /css/main.css HTTP/1.1" 200 2869
0:0:0:0:0:0:0:1 - - [08/Dec/2020:06:49:56 -0800] "GET /js/action.js HTTP/1.1" 200 -
0:0:0:0:0:0:0:1 - - [08/Dec/2020:06:49:57 -0800] "GET /searchCourses HTTP/1.1" 200 1001
0:0:0:0:0:0:0:1 - - [08/Dec/2020:06:49:57 -0800] "GET /js/action.js HTTP/1.1" 200 -
0:0:0:0:0:0:0:1 - - [08/Dec/2020:06:49:57 -0800] "GET /css/main.css HTTP/1.1" 200 2869
0:0:0:0:0:0:0:1 - - [08/Dec/2020:06:49:58 -0800] "GET /searchCoursesBySubject?subject=Computer_Science HTTP/1.1" 200 3626
0:0:0:0:0:0:0:1 - - [08/Dec/2020:06:49:58 -0800] "GET /css/main.css HTTP/1.1" 200 2869
0:0:0:0:0:0:0:1 - - [08/Dec/2020:06:49:58 -0800] "GET /js/action.js HTTP/1.1" 200 -
0:0:0:0:0:0:0:1 - - [08/Dec/2020:06:50:00 -0800] "POST /registerForClassess HTTP/1.1" 302 -
0:0:0:0:0:0:0:1 - - [08/Dec/2020:06:50:00 -0800] "GET /searchCourses HTTP/1.1" 200 1051
0:0:0:0:0:0:0:1 - - [08/Dec/2020:06:50:00 -0800] "GET /css/main.css HTTP/1.1" 200 2869
0:0:0:0:0:0:0:1 - - [08/Dec/2020:06:50:00 -0800] "GET /js/action.js HTTP/1.1" 200 -
0:0:0:0:0:0:0:1 - - [08/Dec/2020:06:50:01 -0800] "GET /searchCoursesBySubject?subject=Computer_Science HTTP/1.1" 200 3626
0:0:0:0:0:0:0:1 - - [08/Dec/2020:06:50:01 -0800] "GET /css/main.css HTTP/1.1" 200 2869
0:0:0:0:0:0:0:1 - - [08/Dec/2020:06:50:01 -0800] "GET /js/action.js HTTP/1.1" 200 -
0:0:0:0:0:0:0:1 - - [08/Dec/2020:06:50:02 -0800] "POST /registerForClassess HTTP/1.1" 302 -
0:0:0:0:0:0:0:1 - - [08/Dec/2020:06:50:02 -0800] "GET /searchCourses HTTP/1.1" 200 1051
0:0:0:0:0:0:0:1 - - [08/Dec/2020:06:50:02 -0800] "GET /css/main.css HTTP/1.1" 200 2869
0:0:0:0:0:0:0:1 - - [08/Dec/2020:06:50:02 -0800] "GET /js/action.js HTTP/1.1" 200 -
0:0:0:0:0:0:0:1 - - [08/Dec/2020:06:50:03 -0800] "GET /searchCoursesBySubject?subject=Computer_Science HTTP/1.1" 200 3626
0:0:0:0:0:0:0:1 - - [08/Dec/2020:06:50:03 -0800] "GET /searchCourses HTTP/1.1" 200 1001
0:0:0:0:0:0:0:1 - - [08/Dec/2020:06:50:04 -0800] "GET /searchCoursesBySubject?subject=Computer_Science HTTP/1.1" 200 3626
0:0:0:0:0:0:0:1 - - [08/Dec/2020:06:50:04 -0800] "GET /searchCourses HTTP/1.1" 200 1001
0:0:0:0:0:0:0:1 - - [08/Dec/2020:06:50:04 -0800] "GET /css/main.css HTTP/1.1" 200 2869
0:0:0:0:0:0:0:1 - - [08/Dec/2020:06:50:06 -0800] "GET /loginSuccessful HTTP/1.1" 200 869
0:0:0:0:0:0:0:1 - - [08/Dec/2020:06:50:07 -0800] "GET /getAllRequiredBooks HTTP/1.1" 200 2367
0:0:0:0:0:0:0:1 - - [08/Dec/2020:06:50:07 -0800] "GET /css/main.css HTTP/1.1" 200 2869
0:0:0:0:0:0:0:1 - - [08/Dec/2020:06:50:07 -0800] "GET /js/action.js HTTP/1.1" 200 -
0:0:0:0:0:0:0:1 - - [08/Dec/2020:06:50:53 -0800] "GET /getAllRequiredBooks HTTP/1.1" 200 2252
0:0:0:0:0:0:0:1 - - [08/Dec/2020:06:50:53 -0800] "GET /css/main.css HTTP/1.1" 200 2869
0:0:0:0:0:0:0:1 - - [08/Dec/2020:06:50:53 -0800] "GET /js/action.js HTTP/1.1" 200 -
0:0:0:0:0:0:0:1 - - [08/Dec/2020:07:01:18 -0800] "GET /getAllRequiredBooks HTTP/1.1" 302 -
0:0:0:0:0:0:0:1 - - [08/Dec/2020:07:01:18 -0800] "GET /login HTTP/1.1" 200 2343
0:0:0:0:0:0:0:1 - - [08/Dec/2020:07:01:18 -0800] "GET /css/main.css HTTP/1.1" 302 -
0:0:0:0:0:0:0:1 - - [08/Dec/2020:07:01:18 -0800] "GET /js/action.js HTTP/1.1" 200 -
0:0:0:0:0:0:0:1 - - [08/Dec/2020:07:01:18 -0800] "GET /login HTTP/1.1" 200 2343
0:0:0:0:0:0:0:1 - - [08/Dec/2020:07:01:34 -0800] "POST /doLogin HTTP/1.1" 302 -
0:0:0:0:0:0:0:1 - - [08/Dec/2020:07:01:35 -0800] "GET /loginFailed HTTP/1.1" 302 -
0:0:0:0:0:0:0:1 - - [08/Dec/2020:07:01:35 -0800] "GET /login HTTP/1.1" 200 2412
0:0:0:0:0:0:0:1 - - [08/Dec/2020:07:01:35 -0800] "GET /css/main.css HTTP/1.1" 302 -
0:0:0:0:0:0:0:1 - - [08/Dec/2020:07:01:35 -0800] "GET /js/action.js HTTP/1.1" 200 -
0:0:0:0:0:0:0:1 - - [08/Dec/2020:07:01:35 -0800] "GET /login HTTP/1.1" 200 2343
0:0:0:0:0:0:0:1 - - [08/Dec/2020:07:01:39 -0800] "POST /doLogin HTTP/1.1" 302 -
0:0:0:0:0:0:0:1 - - [08/Dec/2020:07:01:39 -0800] "GET /loginSuccessful HTTP/1.1" 200 869
0:0:0:0:0:0:0:1 - - [08/Dec/2020:07:01:39 -0800] "GET /css/main.css HTTP/1.1" 200 2869
0:0:0:0:0:0:0:1 - - [08/Dec/2020:07:01:39 -0800] "GET /js/action.js HTTP/1.1" 200 -
0:0:0:0:0:0:0:1 - - [08/Dec/2020:07:01:41 -0800] "GET /searchCourses HTTP/1.1" 200 1001
0:0:0:0:0:0:0:1 - - [08/Dec/2020:07:01:41 -0800] "GET /css/main.css HTTP/1.1" 200 2869
0:0:0:0:0:0:0:1 - - [08/Dec/2020:07:01:41 -0800] "GET /js/action.js HTTP/1.1" 200 -
0:0:0:0:0:0:0:1 - - [08/Dec/2020:07:01:43 -0800] "GET /searchCoursesBySubject?subject=Computer_Science HTTP/1.1" 200 3626
0:0:0:0:0:0:0:1 - - [08/Dec/2020:07:01:43 -0800] "GET /css/main.css HTTP/1.1" 200 2869
0:0:0:0:0:0:0:1 - - [08/Dec/2020:07:01:43 -0800] "GET /js/action.js HTTP/1.1" 200 -
0:0:0:0:0:0:0:1 - - [08/Dec/2020:07:01:47 -0800] "POST /registerForClassess HTTP/1.1" 302 -
0:0:0:0:0:0:0:1 - - [08/Dec/2020:07:01:47 -0800] "GET /searchCourses HTTP/1.1" 200 1051
0:0:0:0:0:0:0:1 - - [08/Dec/2020:07:01:47 -0800] "GET /css/main.css HTTP/1.1" 200 2869
0:0:0:0:0:0:0:1 - - [08/Dec/2020:07:01:47 -0800] "GET /js/action.js HTTP/1.1" 200 -
0:0:0:0:0:0:0:1 - - [08/Dec/2020:07:01:50 -0800] "GET /searchCoursesBySubject?subject=Computer_Science HTTP/1.1" 200 3626
0:0:0:0:0:0:0:1 - - [08/Dec/2020:07:01:50 -0800] "GET /css/main.css HTTP/1.1" 200 2869
0:0:0:0:0:0:0:1 - - [08/Dec/2020:07:01:50 -0800] "GET /js/action.js HTTP/1.1" 200 -
0:0:0:0:0:0:0:1 - - [08/Dec/2020:07:01:51 -0800] "GET /loginSuccessful HTTP/1.1" 200 869
0:0:0:0:0:0:0:1 - - [08/Dec/2020:07:01:51 -0800] "GET /js/action.js HTTP/1.1" 200 -
0:0:0:0:0:0:0:1 - - [08/Dec/2020:07:01:51 -0800] "GET /css/main.css HTTP/1.1" 200 2869
0:0:0:0:0:0:0:1 - - [08/Dec/2020:07:01:53 -0800] "GET /getAllRequiredBooks HTTP/1.1" 302 -
0:0:0:0:0:0:0:1 - - [08/Dec/2020:07:01:54 -0800] "GET /loginSuccessful HTTP/1.1" 200 938
0:0:0:0:0:0:0:1 - - [08/Dec/2020:07:01:54 -0800] "GET /js/action.js HTTP/1.1" 200 -
0:0:0:0:0:0:0:1 - - [08/Dec/2020:07:01:54 -0800] "GET /css/main.css HTTP/1.1" 200 2869
0:0:0:0:0:0:0:1 - - [08/Dec/2020:07:01:58 -0800] "GET /searchCourses HTTP/1.1" 200 1001
0:0:0:0:0:0:0:1 - - [08/Dec/2020:07:01:58 -0800] "GET /css/main.css HTTP/1.1" 200 2869
0:0:0:0:0:0:0:1 - - [08/Dec/2020:07:01:58 -0800] "GET /js/action.js HTTP/1.1" 200 -
0:0:0:0:0:0:0:1 - - [08/Dec/2020:07:02:00 -0800] "GET /searchCoursesBySubject?subject=Computer_Science HTTP/1.1" 200 3626
0:0:0:0:0:0:0:1 - - [08/Dec/2020:07:02:00 -0800] "GET /css/main.css HTTP/1.1" 200 2869
0:0:0:0:0:0:0:1 - - [08/Dec/2020:07:02:00 -0800] "GET /js/action.js HTTP/1.1" 200 -
0:0:0:0:0:0:0:1 - - [08/Dec/2020:07:02:03 -0800] "POST /registerForClassess HTTP/1.1" 302 -
0:0:0:0:0:0:0:1 - - [08/Dec/2020:07:02:03 -0800] "GET /searchCourses HTTP/1.1" 200 1070
0:0:0:0:0:0:0:1 - - [08/Dec/2020:07:02:03 -0800] "GET /css/main.css HTTP/1.1" 200 2869
0:0:0:0:0:0:0:1 - - [08/Dec/2020:07:02:03 -0800] "GET /js/action.js HTTP/1.1" 200 -
0:0:0:0:0:0:0:1 - - [08/Dec/2020:07:02:05 -0800] "GET /searchCoursesBySubject?subject=Computer_Science HTTP/1.1" 200 3626
0:0:0:0:0:0:0:1 - - [08/Dec/2020:07:02:08 -0800] "GET /loginSuccessful HTTP/1.1" 200 869
0:0:0:0:0:0:0:1 - - [08/Dec/2020:07:02:08 -0800] "GET /js/action.js HTTP/1.1" 200 -
0:0:0:0:0:0:0:1 - - [08/Dec/2020:07:02:08 -0800] "GET /css/main.css HTTP/1.1" 200 2869
0:0:0:0:0:0:0:1 - - [08/Dec/2020:07:02:10 -0800] "GET /dropClasses HTTP/1.1" 200 2010
0:0:0:0:0:0:0:1 - - [08/Dec/2020:07:02:10 -0800] "GET /js/action.js HTTP/1.1" 200 -
0:0:0:0:0:0:0:1 - - [08/Dec/2020:07:02:10 -0800] "GET /css/main.css HTTP/1.1" 200 2869
0:0:0:0:0:0:0:1 - - [08/Dec/2020:07:16:26 -0800] "GET /login HTTP/1.1" 200 2343
0:0:0:0:0:0:0:1 - - [08/Dec/2020:07:16:27 -0800] "GET /login HTTP/1.1" 200 2343
0:0:0:0:0:0:0:1 - - [08/Dec/2020:07:16:27 -0800] "GET /js/action.js HTTP/1.1" 200 -
0:0:0:0:0:0:0:1 - - [08/Dec/2020:07:16:27 -0800] "GET /css/main.css HTTP/1.1" 302 -
0:0:0:0:0:0:0:1 - - [08/Dec/2020:07:16:27 -0800] "GET /login HTTP/1.1" 200 2343
0:0:0:0:0:0:0:1 - - [08/Dec/2020:07:16:27 -0800] "GET /css/main.css HTTP/1.1" 302 -
0:0:0:0:0:0:0:1 - - [08/Dec/2020:07:16:27 -0800] "GET /js/action.js HTTP/1.1" 200 -
0:0:0:0:0:0:0:1 - - [08/Dec/2020:07:16:27 -0800] "GET /login HTTP/1.1" 200 2343
0:0:0:0:0:0:0:1 - - [08/Dec/2020:07:16:33 -0800] "POST /doLogin HTTP/1.1" 302 -
0:0:0:0:0:0:0:1 - - [08/Dec/2020:07:16:33 -0800] "GET /loginSuccessful HTTP/1.1" 200 869
0:0:0:0:0:0:0:1 - - [08/Dec/2020:07:16:33 -0800] "GET /css/main.css HTTP/1.1" 200 2869
0:0:0:0:0:0:0:1 - - [08/Dec/2020:07:16:33 -0800] "GET /js/action.js HTTP/1.1" 200 -
0:0:0:0:0:0:0:1 - - [08/Dec/2020:07:16:34 -0800] "GET /searchCourses HTTP/1.1" 200 1001
0:0:0:0:0:0:0:1 - - [08/Dec/2020:07:16:34 -0800] "GET /js/action.js HTTP/1.1" 200 -
0:0:0:0:0:0:0:1 - - [08/Dec/2020:07:16:34 -0800] "GET /css/main.css HTTP/1.1" 200 2869
0:0:0:0:0:0:0:1 - - [08/Dec/2020:07:16:35 -0800] "GET /searchCoursesBySubject?subject=Computer_Science HTTP/1.1" 200 3626
0:0:0:0:0:0:0:1 - - [08/Dec/2020:07:16:35 -0800] "GET /js/action.js HTTP/1.1" 200 -
0:0:0:0:0:0:0:1 - - [08/Dec/2020:07:16:35 -0800] "GET /css/main.css HTTP/1.1" 200 2869
0:0:0:0:0:0:0:1 - - [08/Dec/2020:07:16:38 -0800] "POST /registerForClassess HTTP/1.1" 302 -
0:0:0:0:0:0:0:1 - - [08/Dec/2020:07:16:38 -0800] "GET /searchCourses HTTP/1.1" 200 1051
0:0:0:0:0:0:0:1 - - [08/Dec/2020:07:16:38 -0800] "GET /css/main.css HTTP/1.1" 200 2869
0:0:0:0:0:0:0:1 - - [08/Dec/2020:07:16:38 -0800] "GET /js/action.js HTTP/1.1" 200 -
0:0:0:0:0:0:0:1 - - [08/Dec/2020:07:16:39 -0800] "GET /searchCoursesBySubject?subject=Computer_Science HTTP/1.1" 200 3626
0:0:0:0:0:0:0:1 - - [08/Dec/2020:07:16:39 -0800] "GET /css/main.css HTTP/1.1" 200 2869
0:0:0:0:0:0:0:1 - - [08/Dec/2020:07:16:39 -0800] "GET /js/action.js HTTP/1.1" 200 -
0:0:0:0:0:0:0:1 - - [08/Dec/2020:07:16:40 -0800] "POST /registerForClassess HTTP/1.1" 302 -
0:0:0:0:0:0:0:1 - - [08/Dec/2020:07:16:40 -0800] "GET /searchCourses HTTP/1.1" 200 1051
0:0:0:0:0:0:0:1 - - [08/Dec/2020:07:16:40 -0800] "GET /css/main.css HTTP/1.1" 200 2869
0:0:0:0:0:0:0:1 - - [08/Dec/2020:07:16:40 -0800] "GET /js/action.js HTTP/1.1" 200 -
0:0:0:0:0:0:0:1 - - [08/Dec/2020:07:16:41 -0800] "GET /searchCoursesBySubject?subject=Computer_Science HTTP/1.1" 200 3626
0:0:0:0:0:0:0:1 - - [08/Dec/2020:07:16:41 -0800] "GET /css/main.css HTTP/1.1" 200 2869
0:0:0:0:0:0:0:1 - - [08/Dec/2020:07:16:41 -0800] "GET /js/action.js HTTP/1.1" 200 -
0:0:0:0:0:0:0:1 - - [08/Dec/2020:07:16:42 -0800] "GET /loginSuccessful HTTP/1.1" 200 869
0:0:0:0:0:0:0:1 - - [08/Dec/2020:07:16:42 -0800] "GET /css/main.css HTTP/1.1" 200 2869
0:0:0:0:0:0:0:1 - - [08/Dec/2020:07:16:42 -0800] "GET /js/action.js HTTP/1.1" 200 -
0:0:0:0:0:0:0:1 - - [08/Dec/2020:07:16:50 -0800] "GET /dropClasses HTTP/1.1" 200 2010
0:0:0:0:0:0:0:1 - - [08/Dec/2020:07:16:50 -0800] "GET /js/action.js HTTP/1.1" 200 -
0:0:0:0:0:0:0:1 - - [08/Dec/2020:07:16:50 -0800] "GET /css/main.css HTTP/1.1" 200 2869
0:0:0:0:0:0:0:1 - - [08/Dec/2020:07:17:00 -0800] "POST /dropClasses HTTP/1.1" 302 -
0:0:0:0:0:0:0:1 - - [08/Dec/2020:07:17:00 -0800] "GET /loginSuccessful HTTP/1.1" 200 869
0:0:0:0:0:0:0:1 - - [08/Dec/2020:07:17:00 -0800] "GET /css/main.css HTTP/1.1" 200 2869
0:0:0:0:0:0:0:1 - - [08/Dec/2020:07:17:00 -0800] "GET /js/action.js HTTP/1.1" 200 -
0:0:0:0:0:0:0:1 - - [08/Dec/2020:07:17:07 -0800] "GET /searchCourses HTTP/1.1" 200 1001
0:0:0:0:0:0:0:1 - - [08/Dec/2020:07:17:07 -0800] "GET /css/main.css HTTP/1.1" 200 2869
0:0:0:0:0:0:0:1 - - [08/Dec/2020:07:17:07 -0800] "GET /js/action.js HTTP/1.1" 200 -
0:0:0:0:0:0:0:1 - - [08/Dec/2020:07:17:22 -0800] "GET /searchCoursesBySubject?subject=Computer_Science HTTP/1.1" 200 3626
0:0:0:0:0:0:0:1 - - [08/Dec/2020:07:17:22 -0800] "GET /css/main.css HTTP/1.1" 200 2869
0:0:0:0:0:0:0:1 - - [08/Dec/2020:07:17:22 -0800] "GET /js/action.js HTTP/1.1" 200 -
0:0:0:0:0:0:0:1 - - [08/Dec/2020:07:17:27 -0800] "POST /registerForClassess HTTP/1.1" 302 -
0:0:0:0:0:0:0:1 - - [08/Dec/2020:07:17:27 -0800] "GET /searchCourses HTTP/1.1" 200 1070
0:0:0:0:0:0:0:1 - - [08/Dec/2020:07:17:27 -0800] "GET /js/action.js HTTP/1.1" 200 -
0:0:0:0:0:0:0:1 - - [08/Dec/2020:07:17:27 -0800] "GET /css/main.css HTTP/1.1" 200 2869
0:0:0:0:0:0:0:1 - - [08/Dec/2020:07:17:29 -0800] "GET /searchCoursesBySubject?subject=Computer_Science HTTP/1.1" 200 3626
0:0:0:0:0:0:0:1 - - [08/Dec/2020:07:17:29 -0800] "GET /js/action.js HTTP/1.1" 200 -
0:0:0:0:0:0:0:1 - - [08/Dec/2020:07:17:29 -0800] "GET /css/main.css HTTP/1.1" 200 2869
0:0:0:0:0:0:0:1 - - [08/Dec/2020:07:17:30 -0800] "GET /loginSuccessful HTTP/1.1" 200 869
0:0:0:0:0:0:0:1 - - [08/Dec/2020:07:17:30 -0800] "GET /js/action.js HTTP/1.1" 200 -
0:0:0:0:0:0:0:1 - - [08/Dec/2020:07:17:30 -0800] "GET /css/main.css HTTP/1.1" 200 2869
0:0:0:0:0:0:0:1 - - [08/Dec/2020:07:17:34 -0800] "GET /dropClasses HTTP/1.1" 200 2010
0:0:0:0:0:0:0:1 - - [08/Dec/2020:07:17:34 -0800] "GET /css/main.css HTTP/1.1" 200 2869
0:0:0:0:0:0:0:1 - - [08/Dec/2020:07:17:34 -0800] "GET /js/action.js HTTP/1.1" 200 -
0:0:0:0:0:0:0:1 - - [08/Dec/2020:07:19:13 -0800] "GET /login HTTP/1.1" 200 2343
0:0:0:0:0:0:0:1 - - [08/Dec/2020:07:19:13 -0800] "GET /js/action.js HTTP/1.1" 200 -
0:0:0:0:0:0:0:1 - - [08/Dec/2020:07:19:13 -0800] "GET /css/main.css HTTP/1.1" 302 -
0:0:0:0:0:0:0:1 - - [08/Dec/2020:07:19:13 -0800] "GET /login HTTP/1.1" 200 2343
0:0:0:0:0:0:0:1 - - [08/Dec/2020:07:19:17 -0800] "POST /doLogin HTTP/1.1" 302 -
0:0:0:0:0:0:0:1 - - [08/Dec/2020:07:19:17 -0800] "GET /loginSuccessful HTTP/1.1" 200 869
0:0:0:0:0:0:0:1 - - [08/Dec/2020:07:19:18 -0800] "GET /js/action.js HTTP/1.1" 200 -
0:0:0:0:0:0:0:1 - - [08/Dec/2020:07:19:18 -0800] "GET /css/main.css HTTP/1.1" 200 2869
0:0:0:0:0:0:0:1 - - [08/Dec/2020:07:19:19 -0800] "GET /searchCourses HTTP/1.1" 200 1001
0:0:0:0:0:0:0:1 - - [08/Dec/2020:07:19:19 -0800] "GET /js/action.js HTTP/1.1" 200 -
0:0:0:0:0:0:0:1 - - [08/Dec/2020:07:19:19 -0800] "GET /css/main.css HTTP/1.1" 200 2869
0:0:0:0:0:0:0:1 - - [08/Dec/2020:07:19:20 -0800] "GET /searchCoursesBySubject?subject=Computer_Science HTTP/1.1" 200 3626
0:0:0:0:0:0:0:1 - - [08/Dec/2020:07:19:20 -0800] "GET /js/action.js HTTP/1.1" 200 -
0:0:0:0:0:0:0:1 - - [08/Dec/2020:07:19:20 -0800] "GET /css/main.css HTTP/1.1" 200 2869
0:0:0:0:0:0:0:1 - - [08/Dec/2020:07:19:27 -0800] "POST /registerForClassess HTTP/1.1" 302 -
0:0:0:0:0:0:0:1 - - [08/Dec/2020:07:19:27 -0800] "GET /searchCourses HTTP/1.1" 200 1051
0:0:0:0:0:0:0:1 - - [08/Dec/2020:07:19:27 -0800] "GET /css/main.css HTTP/1.1" 200 2869
0:0:0:0:0:0:0:1 - - [08/Dec/2020:07:19:27 -0800] "GET /js/action.js HTTP/1.1" 200 -
0:0:0:0:0:0:0:1 - - [08/Dec/2020:07:19:27 -0800] "GET /searchCoursesBySubject?subject=Computer_Science HTTP/1.1" 200 3626
0:0:0:0:0:0:0:1 - - [08/Dec/2020:07:19:28 -0800] "GET /js/action.js HTTP/1.1" 200 -
0:0:0:0:0:0:0:1 - - [08/Dec/2020:07:19:28 -0800] "GET /css/main.css HTTP/1.1" 200 2869
0:0:0:0:0:0:0:1 - - [08/Dec/2020:07:19:29 -0800] "POST /registerForClassess HTTP/1.1" 302 -
0:0:0:0:0:0:0:1 - - [08/Dec/2020:07:19:29 -0800] "GET /searchCourses HTTP/1.1" 200 1070
0:0:0:0:0:0:0:1 - - [08/Dec/2020:07:19:29 -0800] "GET /js/action.js HTTP/1.1" 200 -
0:0:0:0:0:0:0:1 - - [08/Dec/2020:07:19:29 -0800] "GET /css/main.css HTTP/1.1" 200 2869
0:0:0:0:0:0:0:1 - - [08/Dec/2020:07:19:30 -0800] "GET /searchCoursesBySubject?subject=Computer_Science HTTP/1.1" 200 3626
0:0:0:0:0:0:0:1 - - [08/Dec/2020:07:19:30 -0800] "GET /css/main.css HTTP/1.1" 200 2869
0:0:0:0:0:0:0:1 - - [08/Dec/2020:07:19:30 -0800] "GET /js/action.js HTTP/1.1" 200 -
0:0:0:0:0:0:0:1 - - [08/Dec/2020:07:19:31 -0800] "GET /loginSuccessful HTTP/1.1" 200 869
0:0:0:0:0:0:0:1 - - [08/Dec/2020:07:19:31 -0800] "GET /js/action.js HTTP/1.1" 200 -
0:0:0:0:0:0:0:1 - - [08/Dec/2020:07:19:31 -0800] "GET /css/main.css HTTP/1.1" 200 2869
0:0:0:0:0:0:0:1 - - [08/Dec/2020:07:19:36 -0800] "GET /dropClasses HTTP/1.1" 200 2010
0:0:0:0:0:0:0:1 - - [08/Dec/2020:07:19:36 -0800] "GET /js/action.js HTTP/1.1" 200 -
0:0:0:0:0:0:0:1 - - [08/Dec/2020:07:19:36 -0800] "GET /css/main.css HTTP/1.1" 200 2869
0:0:0:0:0:0:0:1 - - [08/Dec/2020:07:20:51 -0800] "GET /dropClasses HTTP/1.1" 302 -
0:0:0:0:0:0:0:1 - - [08/Dec/2020:07:20:51 -0800] "GET /login HTTP/1.1" 200 2343
0:0:0:0:0:0:0:1 - - [08/Dec/2020:07:20:51 -0800] "GET /css/main.css HTTP/1.1" 302 -
0:0:0:0:0:0:0:1 - - [08/Dec/2020:07:20:51 -0800] "GET /js/action.js HTTP/1.1" 200 -
0:0:0:0:0:0:0:1 - - [08/Dec/2020:07:20:51 -0800] "GET /login HTTP/1.1" 200 2343
0:0:0:0:0:0:0:1 - - [08/Dec/2020:07:20:55 -0800] "POST /doLogin HTTP/1.1" 302 -
0:0:0:0:0:0:0:1 - - [08/Dec/2020:07:20:55 -0800] "GET /loginSuccessful HTTP/1.1" 200 869
0:0:0:0:0:0:0:1 - - [08/Dec/2020:07:20:55 -0800] "GET /js/action.js HTTP/1.1" 200 -
0:0:0:0:0:0:0:1 - - [08/Dec/2020:07:20:55 -0800] "GET /css/main.css HTTP/1.1" 200 2869
0:0:0:0:0:0:0:1 - - [08/Dec/2020:07:21:55 -0800] "GET /searchCourses HTTP/1.1" 200 1001
0:0:0:0:0:0:0:1 - - [08/Dec/2020:07:21:55 -0800] "GET /css/main.css HTTP/1.1" 200 2869
0:0:0:0:0:0:0:1 - - [08/Dec/2020:07:21:55 -0800] "GET /js/action.js HTTP/1.1" 200 -
0:0:0:0:0:0:0:1 - - [08/Dec/2020:07:21:56 -0800] "GET /searchCoursesBySubject?subject=Computer_Science HTTP/1.1" 200 3626
0:0:0:0:0:0:0:1 - - [08/Dec/2020:07:21:56 -0800] "GET /css/main.css HTTP/1.1" 200 2869
0:0:0:0:0:0:0:1 - - [08/Dec/2020:07:21:56 -0800] "GET /js/action.js HTTP/1.1" 200 -
0:0:0:0:0:0:0:1 - - [08/Dec/2020:07:21:57 -0800] "POST /registerForClassess HTTP/1.1" 302 -
0:0:0:0:0:0:0:1 - - [08/Dec/2020:07:21:57 -0800] "GET /searchCourses HTTP/1.1" 200 1087
0:0:0:0:0:0:0:1 - - [08/Dec/2020:07:21:57 -0800] "GET /css/main.css HTTP/1.1" 200 2869
0:0:0:0:0:0:0:1 - - [08/Dec/2020:07:21:57 -0800] "GET /js/action.js HTTP/1.1" 200 -
0:0:0:0:0:0:0:1 - - [08/Dec/2020:07:21:58 -0800] "GET /searchCoursesBySubject?subject=Computer_Science HTTP/1.1" 200 3626
0:0:0:0:0:0:0:1 - - [08/Dec/2020:07:21:58 -0800] "GET /css/main.css HTTP/1.1" 200 2869
0:0:0:0:0:0:0:1 - - [08/Dec/2020:07:21:58 -0800] "GET /js/action.js HTTP/1.1" 200 -
0:0:0:0:0:0:0:1 - - [08/Dec/2020:07:22:00 -0800] "POST /registerForClassess HTTP/1.1" 302 -
0:0:0:0:0:0:0:1 - - [08/Dec/2020:07:22:00 -0800] "GET /searchCourses HTTP/1.1" 200 1051
0:0:0:0:0:0:0:1 - - [08/Dec/2020:07:22:00 -0800] "GET /css/main.css HTTP/1.1" 200 2869
0:0:0:0:0:0:0:1 - - [08/Dec/2020:07:22:00 -0800] "GET /js/action.js HTTP/1.1" 200 -
0:0:0:0:0:0:0:1 - - [08/Dec/2020:07:22:02 -0800] "GET /searchCoursesBySubject?subject=Computer_Science HTTP/1.1" 200 3626
0:0:0:0:0:0:0:1 - - [08/Dec/2020:07:22:02 -0800] "GET /js/action.js HTTP/1.1" 200 -
0:0:0:0:0:0:0:1 - - [08/Dec/2020:07:22:02 -0800] "GET /css/main.css HTTP/1.1" 200 2869
0:0:0:0:0:0:0:1 - - [08/Dec/2020:07:22:04 -0800] "POST /registerForClassess HTTP/1.1" 302 -
0:0:0:0:0:0:0:1 - - [08/Dec/2020:07:22:04 -0800] "GET /searchCourses HTTP/1.1" 200 1070
0:0:0:0:0:0:0:1 - - [08/Dec/2020:07:22:04 -0800] "GET /js/action.js HTTP/1.1" 200 -
0:0:0:0:0:0:0:1 - - [08/Dec/2020:07:22:04 -0800] "GET /css/main.css HTTP/1.1" 200 2869
0:0:0:0:0:0:0:1 - - [08/Dec/2020:07:22:04 -0800] "GET /searchCoursesBySubject?subject=Computer_Science HTTP/1.1" 200 3626
0:0:0:0:0:0:0:1 - - [08/Dec/2020:07:22:04 -0800] "GET /css/main.css HTTP/1.1" 200 2869
0:0:0:0:0:0:0:1 - - [08/Dec/2020:07:22:04 -0800] "GET /js/action.js HTTP/1.1" 200 -
0:0:0:0:0:0:0:1 - - [08/Dec/2020:07:22:05 -0800] "GET /loginSuccessful HTTP/1.1" 200 869
0:0:0:0:0:0:0:1 - - [08/Dec/2020:07:22:05 -0800] "GET /js/action.js HTTP/1.1" 200 -
0:0:0:0:0:0:0:1 - - [08/Dec/2020:07:22:05 -0800] "GET /css/main.css HTTP/1.1" 200 2869
0:0:0:0:0:0:0:1 - - [08/Dec/2020:07:22:08 -0800] "GET /dropClasses HTTP/1.1" 200 2010
0:0:0:0:0:0:0:1 - - [08/Dec/2020:07:22:08 -0800] "GET /css/main.css HTTP/1.1" 200 2869
0:0:0:0:0:0:0:1 - - [08/Dec/2020:07:22:08 -0800] "GET /js/action.js HTTP/1.1" 200 -
0:0:0:0:0:0:0:1 - - [08/Dec/2020:07:23:02 -0800] "GET /dropClasses HTTP/1.1" 302 -
0:0:0:0:0:0:0:1 - - [08/Dec/2020:07:23:02 -0800] "GET /login HTTP/1.1" 200 2343
0:0:0:0:0:0:0:1 - - [08/Dec/2020:07:23:02 -0800] "GET /css/main.css HTTP/1.1" 302 -
0:0:0:0:0:0:0:1 - - [08/Dec/2020:07:23:02 -0800] "GET /js/action.js HTTP/1.1" 200 -
0:0:0:0:0:0:0:1 - - [08/Dec/2020:07:23:02 -0800] "GET /login HTTP/1.1" 200 2343
0:0:0:0:0:0:0:1 - - [08/Dec/2020:07:23:05 -0800] "POST /doLogin HTTP/1.1" 302 -
0:0:0:0:0:0:0:1 - - [08/Dec/2020:07:23:05 -0800] "GET /loginSuccessful HTTP/1.1" 200 869
0:0:0:0:0:0:0:1 - - [08/Dec/2020:07:23:05 -0800] "GET /js/action.js HTTP/1.1" 200 -
0:0:0:0:0:0:0:1 - - [08/Dec/2020:07:23:05 -0800] "GET /css/main.css HTTP/1.1" 200 2869
0:0:0:0:0:0:0:1 - - [08/Dec/2020:07:23:08 -0800] "GET /searchCourses HTTP/1.1" 200 1001
0:0:0:0:0:0:0:1 - - [08/Dec/2020:07:23:08 -0800] "GET /css/main.css HTTP/1.1" 200 2869
0:0:0:0:0:0:0:1 - - [08/Dec/2020:07:23:08 -0800] "GET /js/action.js HTTP/1.1" 200 -
0:0:0:0:0:0:0:1 - - [08/Dec/2020:07:23:09 -0800] "GET /searchCoursesBySubject?subject=Computer_Science HTTP/1.1" 200 3626
0:0:0:0:0:0:0:1 - - [08/Dec/2020:07:23:09 -0800] "GET /css/main.css HTTP/1.1" 200 2869
0:0:0:0:0:0:0:1 - - [08/Dec/2020:07:23:09 -0800] "GET /js/action.js HTTP/1.1" 200 -
0:0:0:0:0:0:0:1 - - [08/Dec/2020:07:23:10 -0800] "POST /registerForClassess HTTP/1.1" 302 -
0:0:0:0:0:0:0:1 - - [08/Dec/2020:07:23:10 -0800] "GET /searchCourses HTTP/1.1" 200 1051
0:0:0:0:0:0:0:1 - - [08/Dec/2020:07:23:10 -0800] "GET /js/action.js HTTP/1.1" 200 -
0:0:0:0:0:0:0:1 - - [08/Dec/2020:07:23:10 -0800] "GET /css/main.css HTTP/1.1" 200 2869
0:0:0:0:0:0:0:1 - - [08/Dec/2020:07:23:11 -0800] "GET /searchCoursesBySubject?subject=Computer_Science HTTP/1.1" 200 3626
0:0:0:0:0:0:0:1 - - [08/Dec/2020:07:23:11 -0800] "GET /css/main.css HTTP/1.1" 200 2869
0:0:0:0:0:0:0:1 - - [08/Dec/2020:07:23:11 -0800] "GET /js/action.js HTTP/1.1" 200 -
0:0:0:0:0:0:0:1 - - [08/Dec/2020:07:23:12 -0800] "POST /registerForClassess HTTP/1.1" 500 9705
0:0:0:0:0:0:0:1 - - [08/Dec/2020:07:23:52 -0800] "GET /registerForClassess HTTP/1.1" 405 9123
0:0:0:0:0:0:0:1 - - [08/Dec/2020:07:24:31 -0800] "GET /registerForClassess HTTP/1.1" 302 -
0:0:0:0:0:0:0:1 - - [08/Dec/2020:07:24:31 -0800] "GET /login HTTP/1.1" 200 2343
0:0:0:0:0:0:0:1 - - [08/Dec/2020:07:24:31 -0800] "GET /css/main.css HTTP/1.1" 302 -
0:0:0:0:0:0:0:1 - - [08/Dec/2020:07:24:31 -0800] "GET /js/action.js HTTP/1.1" 200 -
0:0:0:0:0:0:0:1 - - [08/Dec/2020:07:24:31 -0800] "GET /login HTTP/1.1" 200 2343
0:0:0:0:0:0:0:1 - - [08/Dec/2020:07:24:35 -0800] "POST /doLogin HTTP/1.1" 302 -
0:0:0:0:0:0:0:1 - - [08/Dec/2020:07:24:35 -0800] "GET /loginSuccessful HTTP/1.1" 200 869
0:0:0:0:0:0:0:1 - - [08/Dec/2020:07:24:35 -0800] "GET /js/action.js HTTP/1.1" 200 -
0:0:0:0:0:0:0:1 - - [08/Dec/2020:07:24:35 -0800] "GET /css/main.css HTTP/1.1" 200 2869
0:0:0:0:0:0:0:1 - - [08/Dec/2020:07:24:36 -0800] "GET /searchCourses HTTP/1.1" 200 1001
0:0:0:0:0:0:0:1 - - [08/Dec/2020:07:24:36 -0800] "GET /js/action.js HTTP/1.1" 200 -
0:0:0:0:0:0:0:1 - - [08/Dec/2020:07:24:36 -0800] "GET /css/main.css HTTP/1.1" 200 2869
0:0:0:0:0:0:0:1 - - [08/Dec/2020:07:24:37 -0800] "GET /searchCoursesBySubject?subject=Computer_Science HTTP/1.1" 200 3626
0:0:0:0:0:0:0:1 - - [08/Dec/2020:07:24:37 -0800] "GET /js/action.js HTTP/1.1" 200 -
0:0:0:0:0:0:0:1 - - [08/Dec/2020:07:24:37 -0800] "GET /css/main.css HTTP/1.1" 200 2869
0:0:0:0:0:0:0:1 - - [08/Dec/2020:07:24:39 -0800] "POST /registerForClassess HTTP/1.1" 302 -
0:0:0:0:0:0:0:1 - - [08/Dec/2020:07:24:39 -0800] "GET /searchCourses HTTP/1.1" 200 1051
0:0:0:0:0:0:0:1 - - [08/Dec/2020:07:24:39 -0800] "GET /css/main.css HTTP/1.1" 200 2869
0:0:0:0:0:0:0:1 - - [08/Dec/2020:07:24:39 -0800] "GET /js/action.js HTTP/1.1" 200 -
0:0:0:0:0:0:0:1 - - [08/Dec/2020:07:24:40 -0800] "GET /searchCoursesBySubject?subject=Computer_Science HTTP/1.1" 200 3626
0:0:0:0:0:0:0:1 - - [08/Dec/2020:07:24:40 -0800] "GET /js/action.js HTTP/1.1" 200 -
0:0:0:0:0:0:0:1 - - [08/Dec/2020:07:24:40 -0800] "GET /css/main.css HTTP/1.1" 200 2869
0:0:0:0:0:0:0:1 - - [08/Dec/2020:07:24:42 -0800] "POST /registerForClassess HTTP/1.1" 302 -
0:0:0:0:0:0:0:1 - - [08/Dec/2020:07:24:42 -0800] "GET /searchCourses HTTP/1.1" 200 1070
0:0:0:0:0:0:0:1 - - [08/Dec/2020:07:24:42 -0800] "GET /css/main.css HTTP/1.1" 200 2869
0:0:0:0:0:0:0:1 - - [08/Dec/2020:07:24:42 -0800] "GET /js/action.js HTTP/1.1" 200 -
0:0:0:0:0:0:0:1 - - [08/Dec/2020:07:24:43 -0800] "GET /searchCoursesBySubject?subject=Computer_Science HTTP/1.1" 200 3626
0:0:0:0:0:0:0:1 - - [08/Dec/2020:07:24:43 -0800] "GET /css/main.css HTTP/1.1" 200 2869
0:0:0:0:0:0:0:1 - - [08/Dec/2020:07:24:43 -0800] "GET /js/action.js HTTP/1.1" 200 -
0:0:0:0:0:0:0:1 - - [08/Dec/2020:07:24:43 -0800] "GET /loginSuccessful HTTP/1.1" 200 869
0:0:0:0:0:0:0:1 - - [08/Dec/2020:07:24:43 -0800] "GET /js/action.js HTTP/1.1" 200 -
0:0:0:0:0:0:0:1 - - [08/Dec/2020:07:24:43 -0800] "GET /css/main.css HTTP/1.1" 200 2869
0:0:0:0:0:0:0:1 - - [08/Dec/2020:07:24:47 -0800] "GET /dropClasses HTTP/1.1" 200 2010
0:0:0:0:0:0:0:1 - - [08/Dec/2020:07:24:47 -0800] "GET /js/action.js HTTP/1.1" 200 -
0:0:0:0:0:0:0:1 - - [08/Dec/2020:07:24:47 -0800] "GET /css/main.css HTTP/1.1" 200 2869
0:0:0:0:0:0:0:1 - - [08/Dec/2020:07:25:15 -0800] "GET /dropClasses HTTP/1.1" 302 -
0:0:0:0:0:0:0:1 - - [08/Dec/2020:07:25:15 -0800] "GET /login HTTP/1.1" 200 2343
0:0:0:0:0:0:0:1 - - [08/Dec/2020:07:25:15 -0800] "GET /css/main.css HTTP/1.1" 302 -
0:0:0:0:0:0:0:1 - - [08/Dec/2020:07:25:15 -0800] "GET /js/action.js HTTP/1.1" 200 -
0:0:0:0:0:0:0:1 - - [08/Dec/2020:07:25:15 -0800] "GET /login HTTP/1.1" 200 2343
0:0:0:0:0:0:0:1 - - [08/Dec/2020:07:25:18 -0800] "POST /doLogin HTTP/1.1" 302 -
0:0:0:0:0:0:0:1 - - [08/Dec/2020:07:25:18 -0800] "GET /loginSuccessful HTTP/1.1" 200 869
0:0:0:0:0:0:0:1 - - [08/Dec/2020:07:25:18 -0800] "GET /js/action.js HTTP/1.1" 200 -
0:0:0:0:0:0:0:1 - - [08/Dec/2020:07:25:18 -0800] "GET /css/main.css HTTP/1.1" 200 2869
0:0:0:0:0:0:0:1 - - [08/Dec/2020:07:25:18 -0800] "GET /searchCourses HTTP/1.1" 200 1001
0:0:0:0:0:0:0:1 - - [08/Dec/2020:07:25:18 -0800] "GET /css/main.css HTTP/1.1" 200 2869
0:0:0:0:0:0:0:1 - - [08/Dec/2020:07:25:18 -0800] "GET /js/action.js HTTP/1.1" 200 -
0:0:0:0:0:0:0:1 - - [08/Dec/2020:07:25:19 -0800] "GET /searchCoursesBySubject?subject=Computer_Science HTTP/1.1" 200 3626
0:0:0:0:0:0:0:1 - - [08/Dec/2020:07:25:19 -0800] "GET /js/action.js HTTP/1.1" 200 -
0:0:0:0:0:0:0:1 - - [08/Dec/2020:07:25:19 -0800] "GET /css/main.css HTTP/1.1" 200 2869
0:0:0:0:0:0:0:1 - - [08/Dec/2020:07:25:21 -0800] "POST /registerForClassess HTTP/1.1" 302 -
0:0:0:0:0:0:0:1 - - [08/Dec/2020:07:25:21 -0800] "GET /searchCourses HTTP/1.1" 200 1051
0:0:0:0:0:0:0:1 - - [08/Dec/2020:07:25:21 -0800] "GET /css/main.css HTTP/1.1" 200 2869
0:0:0:0:0:0:0:1 - - [08/Dec/2020:07:25:21 -0800] "GET /js/action.js HTTP/1.1" 200 -
0:0:0:0:0:0:0:1 - - [08/Dec/2020:07:25:22 -0800] "GET /searchCoursesBySubject?subject=Computer_Science HTTP/1.1" 200 3626
0:0:0:0:0:0:0:1 - - [08/Dec/2020:07:25:22 -0800] "GET /css/main.css HTTP/1.1" 200 2869
0:0:0:0:0:0:0:1 - - [08/Dec/2020:07:25:22 -0800] "GET /js/action.js HTTP/1.1" 200 -
0:0:0:0:0:0:0:1 - - [08/Dec/2020:07:25:23 -0800] "POST /registerForClassess HTTP/1.1" 302 -
0:0:0:0:0:0:0:1 - - [08/Dec/2020:07:25:24 -0800] "GET /searchCourses HTTP/1.1" 200 1070
0:0:0:0:0:0:0:1 - - [08/Dec/2020:07:25:24 -0800] "GET /js/action.js HTTP/1.1" 200 -
0:0:0:0:0:0:0:1 - - [08/Dec/2020:07:25:24 -0800] "GET /css/main.css HTTP/1.1" 200 2869
0:0:0:0:0:0:0:1 - - [08/Dec/2020:07:25:24 -0800] "GET /searchCoursesBySubject?subject=Computer_Science HTTP/1.1" 200 3626
0:0:0:0:0:0:0:1 - - [08/Dec/2020:07:25:24 -0800] "GET /js/action.js HTTP/1.1" 200 -
0:0:0:0:0:0:0:1 - - [08/Dec/2020:07:25:24 -0800] "GET /css/main.css HTTP/1.1" 200 2869
0:0:0:0:0:0:0:1 - - [08/Dec/2020:07:25:25 -0800] "GET /loginSuccessful HTTP/1.1" 200 869
0:0:0:0:0:0:0:1 - - [08/Dec/2020:07:25:25 -0800] "GET /css/main.css HTTP/1.1" 200 2869
0:0:0:0:0:0:0:1 - - [08/Dec/2020:07:25:25 -0800] "GET /js/action.js HTTP/1.1" 200 -
0:0:0:0:0:0:0:1 - - [08/Dec/2020:07:25:27 -0800] "GET /dropClasses HTTP/1.1" 200 2010
0:0:0:0:0:0:0:1 - - [08/Dec/2020:07:25:27 -0800] "GET /css/main.css HTTP/1.1" 200 2869
0:0:0:0:0:0:0:1 - - [08/Dec/2020:07:25:27 -0800] "GET /js/action.js HTTP/1.1" 200 -
0:0:0:0:0:0:0:1 - - [08/Dec/2020:07:27:28 -0800] "GET /loginSuccessful HTTP/1.1" 200 869
0:0:0:0:0:0:0:1 - - [08/Dec/2020:07:27:28 -0800] "GET /css/main.css HTTP/1.1" 200 2869
0:0:0:0:0:0:0:1 - - [08/Dec/2020:07:27:30 -0800] "GET /searchCourses HTTP/1.1" 200 1001
0:0:0:0:0:0:0:1 - - [08/Dec/2020:07:27:30 -0800] "GET /css/main.css HTTP/1.1" 200 2869
0:0:0:0:0:0:0:1 - - [08/Dec/2020:07:27:30 -0800] "GET /js/action.js HTTP/1.1" 200 -
0:0:0:0:0:0:0:1 - - [08/Dec/2020:07:27:31 -0800] "GET /searchCoursesBySubject?subject=Computer_Science HTTP/1.1" 200 3626
0:0:0:0:0:0:0:1 - - [08/Dec/2020:07:27:31 -0800] "GET /css/main.css HTTP/1.1" 200 2869
0:0:0:0:0:0:0:1 - - [08/Dec/2020:07:27:31 -0800] "GET /js/action.js HTTP/1.1" 200 -
0:0:0:0:0:0:0:1 - - [08/Dec/2020:07:27:52 -0800] "POST /registerForClassess HTTP/1.1" 302 -
0:0:0:0:0:0:0:1 - - [08/Dec/2020:07:27:52 -0800] "GET /searchCourses HTTP/1.1" 200 1069
0:0:0:0:0:0:0:1 - - [08/Dec/2020:07:27:52 -0800] "GET /js/action.js HTTP/1.1" 200 -
0:0:0:0:0:0:0:1 - - [08/Dec/2020:07:27:52 -0800] "GET /css/main.css HTTP/1.1" 200 2869
0:0:0:0:0:0:0:1 - - [08/Dec/2020:07:28:40 -0800] "GET /searchCoursesBySubject?subject=Computer_Science HTTP/1.1" 200 3626
0:0:0:0:0:0:0:1 - - [08/Dec/2020:07:28:40 -0800] "GET /css/main.css HTTP/1.1" 200 2869
0:0:0:0:0:0:0:1 - - [08/Dec/2020:07:28:40 -0800] "GET /js/action.js HTTP/1.1" 200 -
0:0:0:0:0:0:0:1 - - [08/Dec/2020:07:28:42 -0800] "GET /loginSuccessful HTTP/1.1" 200 869
0:0:0:0:0:0:0:1 - - [08/Dec/2020:07:28:42 -0800] "GET /js/action.js HTTP/1.1" 200 -
0:0:0:0:0:0:0:1 - - [08/Dec/2020:07:28:42 -0800] "GET /css/main.css HTTP/1.1" 200 2869
0:0:0:0:0:0:0:1 - - [08/Dec/2020:07:28:43 -0800] "GET /dropClasses HTTP/1.1" 200 2342
0:0:0:0:0:0:0:1 - - [08/Dec/2020:07:28:43 -0800] "GET /js/action.js HTTP/1.1" 200 -
0:0:0:0:0:0:0:1 - - [08/Dec/2020:07:28:43 -0800] "GET /css/main.css HTTP/1.1" 200 2869
0:0:0:0:0:0:0:1 - - [08/Dec/2020:08:06:17 -0800] "GET /dropClasses HTTP/1.1" 302 -
0:0:0:0:0:0:0:1 - - [08/Dec/2020:08:06:17 -0800] "GET /login HTTP/1.1" 200 2343
0:0:0:0:0:0:0:1 - - [08/Dec/2020:08:06:17 -0800] "GET /css/main.css HTTP/1.1" 302 -
0:0:0:0:0:0:0:1 - - [08/Dec/2020:08:06:17 -0800] "GET /js/action.js HTTP/1.1" 200 -
0:0:0:0:0:0:0:1 - - [08/Dec/2020:08:06:17 -0800] "GET /login HTTP/1.1" 200 2343
0:0:0:0:0:0:0:1 - - [08/Dec/2020:08:06:22 -0800] "POST /doLogin HTTP/1.1" 302 -
0:0:0:0:0:0:0:1 - - [08/Dec/2020:08:06:22 -0800] "GET /loginSuccessful HTTP/1.1" 200 869
0:0:0:0:0:0:0:1 - - [08/Dec/2020:08:06:22 -0800] "GET /js/action.js HTTP/1.1" 200 -
0:0:0:0:0:0:0:1 - - [08/Dec/2020:08:06:22 -0800] "GET /css/main.css HTTP/1.1" 200 2869
0:0:0:0:0:0:0:1 - - [08/Dec/2020:08:06:23 -0800] "GET /searchCourses HTTP/1.1" 200 1001
0:0:0:0:0:0:0:1 - - [08/Dec/2020:08:06:23 -0800] "GET /js/action.js HTTP/1.1" 200 -
0:0:0:0:0:0:0:1 - - [08/Dec/2020:08:06:23 -0800] "GET /css/main.css HTTP/1.1" 200 2869
0:0:0:0:0:0:0:1 - - [08/Dec/2020:08:06:25 -0800] "GET /searchCoursesBySubject?subject=Computer_Science HTTP/1.1" 200 3626
0:0:0:0:0:0:0:1 - - [08/Dec/2020:08:06:25 -0800] "GET /css/main.css HTTP/1.1" 200 2869
0:0:0:0:0:0:0:1 - - [08/Dec/2020:08:06:25 -0800] "GET /js/action.js HTTP/1.1" 200 -
0:0:0:0:0:0:0:1 - - [08/Dec/2020:08:06:32 -0800] "POST /registerForClassess HTTP/1.1" 302 -
0:0:0:0:0:0:0:1 - - [08/Dec/2020:08:06:32 -0800] "GET /searchCourses HTTP/1.1" 200 1069
0:0:0:0:0:0:0:1 - - [08/Dec/2020:08:06:32 -0800] "GET /js/action.js HTTP/1.1" 200 -
0:0:0:0:0:0:0:1 - - [08/Dec/2020:08:06:32 -0800] "GET /css/main.css HTTP/1.1" 200 2869
0:0:0:0:0:0:0:1 - - [08/Dec/2020:08:06:34 -0800] "GET /searchCoursesBySubject?subject=Computer_Science HTTP/1.1" 200 3626
0:0:0:0:0:0:0:1 - - [08/Dec/2020:08:06:34 -0800] "GET /css/main.css HTTP/1.1" 200 2869
0:0:0:0:0:0:0:1 - - [08/Dec/2020:08:06:34 -0800] "GET /js/action.js HTTP/1.1" 200 -
0:0:0:0:0:0:0:1 - - [08/Dec/2020:08:06:39 -0800] "POST /registerForClassess HTTP/1.1" 302 -
0:0:0:0:0:0:0:1 - - [08/Dec/2020:08:06:39 -0800] "GET /searchCourses HTTP/1.1" 200 1069
0:0:0:0:0:0:0:1 - - [08/Dec/2020:08:06:39 -0800] "GET /css/main.css HTTP/1.1" 200 2869
0:0:0:0:0:0:0:1 - - [08/Dec/2020:08:06:39 -0800] "GET /js/action.js HTTP/1.1" 200 -
0:0:0:0:0:0:0:1 - - [08/Dec/2020:08:06:41 -0800] "GET /searchCoursesBySubject?subject=Computer_Science HTTP/1.1" 200 3626
0:0:0:0:0:0:0:1 - - [08/Dec/2020:08:06:41 -0800] "GET /js/action.js HTTP/1.1" 200 -
0:0:0:0:0:0:0:1 - - [08/Dec/2020:08:06:41 -0800] "GET /css/main.css HTTP/1.1" 200 2869
0:0:0:0:0:0:0:1 - - [08/Dec/2020:08:06:43 -0800] "GET /loginSuccessful HTTP/1.1" 200 869
0:0:0:0:0:0:0:1 - - [08/Dec/2020:08:06:43 -0800] "GET /css/main.css HTTP/1.1" 200 2869
0:0:0:0:0:0:0:1 - - [08/Dec/2020:08:06:43 -0800] "GET /js/action.js HTTP/1.1" 200 -
0:0:0:0:0:0:0:1 - - [08/Dec/2020:08:06:45 -0800] "GET /dropClasses HTTP/1.1" 302 -
0:0:0:0:0:0:0:1 - - [08/Dec/2020:08:06:45 -0800] "GET /loginSuccessful?error=You+have+no+class+to+drop HTTP/1.1" 200 869
0:0:0:0:0:0:0:1 - - [08/Dec/2020:08:06:45 -0800] "GET /css/main.css HTTP/1.1" 200 2869
0:0:0:0:0:0:0:1 - - [08/Dec/2020:08:06:45 -0800] "GET /js/action.js HTTP/1.1" 200 -
0:0:0:0:0:0:0:1 - - [08/Dec/2020:08:06:46 -0800] "GET /dropClasses HTTP/1.1" 302 -
0:0:0:0:0:0:0:1 - - [08/Dec/2020:08:06:46 -0800] "GET /loginSuccessful?error=You+have+no+class+to+drop HTTP/1.1" 200 869
0:0:0:0:0:0:0:1 - - [08/Dec/2020:08:06:46 -0800] "GET /css/main.css HTTP/1.1" 200 2869
0:0:0:0:0:0:0:1 - - [08/Dec/2020:08:06:46 -0800] "GET /js/action.js HTTP/1.1" 200 -
0:0:0:0:0:0:0:1 - - [08/Dec/2020:08:06:47 -0800] "GET /dropClasses HTTP/1.1" 302 -
0:0:0:0:0:0:0:1 - - [08/Dec/2020:08:06:47 -0800] "GET /loginSuccessful?error=You+have+no+class+to+drop HTTP/1.1" 200 869
0:0:0:0:0:0:0:1 - - [08/Dec/2020:08:06:47 -0800] "GET /js/action.js HTTP/1.1" 200 -
0:0:0:0:0:0:0:1 - - [08/Dec/2020:08:06:47 -0800] "GET /css/main.css HTTP/1.1" 200 2869
0:0:0:0:0:0:0:1 - - [08/Dec/2020:08:06:48 -0800] "GET /dropClasses HTTP/1.1" 302 -
0:0:0:0:0:0:0:1 - - [08/Dec/2020:08:06:48 -0800] "GET /loginSuccessful?error=You+have+no+class+to+drop HTTP/1.1" 200 869
0:0:0:0:0:0:0:1 - - [08/Dec/2020:08:06:48 -0800] "GET /js/action.js HTTP/1.1" 200 -
0:0:0:0:0:0:0:1 - - [08/Dec/2020:08:06:48 -0800] "GET /css/main.css HTTP/1.1" 200 2869
0:0:0:0:0:0:0:1 - - [08/Dec/2020:08:06:50 -0800] "GET /searchCourses HTTP/1.1" 200 1001
0:0:0:0:0:0:0:1 - - [08/Dec/2020:08:06:50 -0800] "GET /css/main.css HTTP/1.1" 200 2869
0:0:0:0:0:0:0:1 - - [08/Dec/2020:08:06:50 -0800] "GET /js/action.js HTTP/1.1" 200 -
0:0:0:0:0:0:0:1 - - [08/Dec/2020:08:06:52 -0800] "GET /searchCoursesBySubject?subject=Computer_Science HTTP/1.1" 200 3626
0:0:0:0:0:0:0:1 - - [08/Dec/2020:08:06:52 -0800] "GET /css/main.css HTTP/1.1" 200 2869
0:0:0:0:0:0:0:1 - - [08/Dec/2020:08:06:52 -0800] "GET /js/action.js HTTP/1.1" 200 -
0:0:0:0:0:0:0:1 - - [08/Dec/2020:08:09:24 -0800] "POST /registerForClassess HTTP/1.1" 302 -
0:0:0:0:0:0:0:1 - - [08/Dec/2020:08:09:24 -0800] "GET /searchCourses HTTP/1.1" 200 1062
0:0:0:0:0:0:0:1 - - [08/Dec/2020:08:09:24 -0800] "GET /js/action.js HTTP/1.1" 200 -
0:0:0:0:0:0:0:1 - - [08/Dec/2020:08:09:24 -0800] "GET /css/main.css HTTP/1.1" 200 2869
0:0:0:0:0:0:0:1 - - [08/Dec/2020:08:09:27 -0800] "GET /searchCoursesBySubject?subject=Computer_Science HTTP/1.1" 200 3626
0:0:0:0:0:0:0:1 - - [08/Dec/2020:08:09:27 -0800] "GET /css/main.css HTTP/1.1" 200 2869
0:0:0:0:0:0:0:1 - - [08/Dec/2020:08:09:27 -0800] "GET /js/action.js HTTP/1.1" 200 -
0:0:0:0:0:0:0:1 - - [08/Dec/2020:08:09:28 -0800] "GET /loginSuccessful HTTP/1.1" 200 869
0:0:0:0:0:0:0:1 - - [08/Dec/2020:08:09:28 -0800] "GET /js/action.js HTTP/1.1" 200 -
0:0:0:0:0:0:0:1 - - [08/Dec/2020:08:09:28 -0800] "GET /css/main.css HTTP/1.1" 200 2869
0:0:0:0:0:0:0:1 - - [08/Dec/2020:08:09:30 -0800] "GET /dropClasses HTTP/1.1" 302 -
0:0:0:0:0:0:0:1 - - [08/Dec/2020:08:09:30 -0800] "GET /loginSuccessful?error=You+have+no+class+to+drop HTTP/1.1" 200 869
0:0:0:0:0:0:0:1 - - [08/Dec/2020:08:09:30 -0800] "GET /css/main.css HTTP/1.1" 200 2869
0:0:0:0:0:0:0:1 - - [08/Dec/2020:08:09:30 -0800] "GET /js/action.js HTTP/1.1" 200 -
0:0:0:0:0:0:0:1 - - [08/Dec/2020:08:09:31 -0800] "GET /searchCourses HTTP/1.1" 200 1001
0:0:0:0:0:0:0:1 - - [08/Dec/2020:08:09:31 -0800] "GET /js/action.js HTTP/1.1" 200 -
0:0:0:0:0:0:0:1 - - [08/Dec/2020:08:09:31 -0800] "GET /css/main.css HTTP/1.1" 200 2869
0:0:0:0:0:0:0:1 - - [08/Dec/2020:08:09:32 -0800] "GET /searchCoursesBySubject?subject=Computer_Science HTTP/1.1" 200 3626
0:0:0:0:0:0:0:1 - - [08/Dec/2020:08:09:32 -0800] "GET /js/action.js HTTP/1.1" 200 -
0:0:0:0:0:0:0:1 - - [08/Dec/2020:08:09:32 -0800] "GET /css/main.css HTTP/1.1" 200 2869
0:0:0:0:0:0:0:1 - - [08/Dec/2020:08:09:48 -0800] "POST /registerForClassess HTTP/1.1" 302 -
0:0:0:0:0:0:0:1 - - [08/Dec/2020:08:09:48 -0800] "GET /searchCourses HTTP/1.1" 200 1069
0:0:0:0:0:0:0:1 - - [08/Dec/2020:08:09:48 -0800] "GET /css/main.css HTTP/1.1" 200 2869
0:0:0:0:0:0:0:1 - - [08/Dec/2020:08:09:48 -0800] "GET /js/action.js HTTP/1.1" 200 -
0:0:0:0:0:0:0:1 - - [08/Dec/2020:08:09:52 -0800] "GET /searchCoursesBySubject?subject=Computer_Science HTTP/1.1" 200 3626
0:0:0:0:0:0:0:1 - - [08/Dec/2020:08:09:52 -0800] "GET /css/main.css HTTP/1.1" 200 2869
0:0:0:0:0:0:0:1 - - [08/Dec/2020:08:09:52 -0800] "GET /js/action.js HTTP/1.1" 200 -
0:0:0:0:0:0:0:1 - - [08/Dec/2020:08:10:08 -0800] "GET /loginSuccessful HTTP/1.1" 200 869
0:0:0:0:0:0:0:1 - - [08/Dec/2020:08:10:08 -0800] "GET /js/action.js HTTP/1.1" 200 -
0:0:0:0:0:0:0:1 - - [08/Dec/2020:08:10:08 -0800] "GET /css/main.css HTTP/1.1" 200 2869
0:0:0:0:0:0:0:1 - - [08/Dec/2020:08:10:09 -0800] "GET /dropClasses HTTP/1.1" 302 -
0:0:0:0:0:0:0:1 - - [08/Dec/2020:08:10:09 -0800] "GET /loginSuccessful?error=You+have+no+class+to+drop HTTP/1.1" 200 869
0:0:0:0:0:0:0:1 - - [08/Dec/2020:08:10:09 -0800] "GET /js/action.js HTTP/1.1" 200 -
0:0:0:0:0:0:0:1 - - [08/Dec/2020:08:10:09 -0800] "GET /css/main.css HTTP/1.1" 200 2869
0:0:0:0:0:0:0:1 - - [08/Dec/2020:08:10:10 -0800] "GET /searchCourses HTTP/1.1" 200 1001
0:0:0:0:0:0:0:1 - - [08/Dec/2020:08:10:10 -0800] "GET /css/main.css HTTP/1.1" 200 2869
0:0:0:0:0:0:0:1 - - [08/Dec/2020:08:10:10 -0800] "GET /js/action.js HTTP/1.1" 200 -
0:0:0:0:0:0:0:1 - - [08/Dec/2020:08:41:38 -0800] "GET /searchCoursesBySubject?subject=Computer_Science HTTP/1.1" 302 -
0:0:0:0:0:0:0:1 - - [08/Dec/2020:08:41:38 -0800] "GET /login HTTP/1.1" 200 2343
0:0:0:0:0:0:0:1 - - [08/Dec/2020:08:41:38 -0800] "GET /css/main.css HTTP/1.1" 302 -
0:0:0:0:0:0:0:1 - - [08/Dec/2020:08:41:38 -0800] "GET /js/action.js HTTP/1.1" 200 -
0:0:0:0:0:0:0:1 - - [08/Dec/2020:08:41:38 -0800] "GET /login HTTP/1.1" 200 2343
0:0:0:0:0:0:0:1 - - [08/Dec/2020:09:20:19 -0800] "GET /login HTTP/1.1" 200 2343
0:0:0:0:0:0:0:1 - - [08/Dec/2020:09:20:19 -0800] "GET /js/action.js HTTP/1.1" 200 -
0:0:0:0:0:0:0:1 - - [08/Dec/2020:09:20:19 -0800] "GET /css/main.css HTTP/1.1" 302 -
0:0:0:0:0:0:0:1 - - [08/Dec/2020:09:20:19 -0800] "GET /login HTTP/1.1" 200 2343
0:0:0:0:0:0:0:1 - - [08/Dec/2020:09:20:23 -0800] "POST /doLogin HTTP/1.1" 302 -
0:0:0:0:0:0:0:1 - - [08/Dec/2020:09:20:23 -0800] "GET /loginSuccessful HTTP/1.1" 200 869
0:0:0:0:0:0:0:1 - - [08/Dec/2020:09:20:23 -0800] "GET /js/action.js HTTP/1.1" 200 -
0:0:0:0:0:0:0:1 - - [08/Dec/2020:09:20:23 -0800] "GET /css/main.css HTTP/1.1" 200 2869
0:0:0:0:0:0:0:1 - - [08/Dec/2020:09:20:25 -0800] "GET /searchCourses HTTP/1.1" 200 1001
0:0:0:0:0:0:0:1 - - [08/Dec/2020:09:20:25 -0800] "GET /css/main.css HTTP/1.1" 200 2869
0:0:0:0:0:0:0:1 - - [08/Dec/2020:09:20:25 -0800] "GET /js/action.js HTTP/1.1" 200 -
0:0:0:0:0:0:0:1 - - [08/Dec/2020:09:20:26 -0800] "GET /searchCoursesBySubject?subject=Computer_Science HTTP/1.1" 200 3626
0:0:0:0:0:0:0:1 - - [08/Dec/2020:09:20:26 -0800] "GET /css/main.css HTTP/1.1" 200 2869
0:0:0:0:0:0:0:1 - - [08/Dec/2020:09:20:26 -0800] "GET /js/action.js HTTP/1.1" 200 -
0:0:0:0:0:0:0:1 - - [08/Dec/2020:09:20:37 -0800] "POST /registerForClassess HTTP/1.1" 302 -
0:0:0:0:0:0:0:1 - - [08/Dec/2020:09:20:37 -0800] "GET /searchCourses HTTP/1.1" 200 1051
0:0:0:0:0:0:0:1 - - [08/Dec/2020:09:20:37 -0800] "GET /css/main.css HTTP/1.1" 200 2869
0:0:0:0:0:0:0:1 - - [08/Dec/2020:09:20:37 -0800] "GET /js/action.js HTTP/1.1" 200 -
0:0:0:0:0:0:0:1 - - [08/Dec/2020:09:20:39 -0800] "GET /searchCoursesBySubject?subject=Computer_Science HTTP/1.1" 200 3626
0:0:0:0:0:0:0:1 - - [08/Dec/2020:09:20:39 -0800] "GET /css/main.css HTTP/1.1" 200 2869
0:0:0:0:0:0:0:1 - - [08/Dec/2020:09:20:39 -0800] "GET /js/action.js HTTP/1.1" 200 -
0:0:0:0:0:0:0:1 - - [08/Dec/2020:09:20:43 -0800] "POST /registerForClassess HTTP/1.1" 302 -
0:0:0:0:0:0:0:1 - - [08/Dec/2020:09:20:43 -0800] "GET /searchCourses HTTP/1.1" 200 1070
0:0:0:0:0:0:0:1 - - [08/Dec/2020:09:20:43 -0800] "GET /css/main.css HTTP/1.1" 200 2869
0:0:0:0:0:0:0:1 - - [08/Dec/2020:09:20:43 -0800] "GET /js/action.js HTTP/1.1" 200 -
0:0:0:0:0:0:0:1 - - [08/Dec/2020:09:20:48 -0800] "GET /searchCoursesBySubject?subject=Computer_Science HTTP/1.1" 200 3626
0:0:0:0:0:0:0:1 - - [08/Dec/2020:09:20:48 -0800] "GET /js/action.js HTTP/1.1" 200 -
0:0:0:0:0:0:0:1 - - [08/Dec/2020:09:20:48 -0800] "GET /css/main.css HTTP/1.1" 200 2869
0:0:0:0:0:0:0:1 - - [08/Dec/2020:09:20:49 -0800] "GET /loginSuccessful HTTP/1.1" 200 869
0:0:0:0:0:0:0:1 - - [08/Dec/2020:09:20:49 -0800] "GET /js/action.js HTTP/1.1" 200 -
0:0:0:0:0:0:0:1 - - [08/Dec/2020:09:20:49 -0800] "GET /css/main.css HTTP/1.1" 200 2869
0:0:0:0:0:0:0:1 - - [08/Dec/2020:09:20:51 -0800] "GET /dropClasses HTTP/1.1" 200 2010
0:0:0:0:0:0:0:1 - - [08/Dec/2020:09:20:51 -0800] "GET /css/main.css HTTP/1.1" 200 2869
0:0:0:0:0:0:0:1 - - [08/Dec/2020:09:20:51 -0800] "GET /js/action.js HTTP/1.1" 200 -
0:0:0:0:0:0:0:1 - - [08/Dec/2020:19:56:35 -0800] "GET /login HTTP/1.1" 200 2343
0:0:0:0:0:0:0:1 - - [08/Dec/2020:19:56:35 -0800] "GET /js/action.js HTTP/1.1" 200 -
0:0:0:0:0:0:0:1 - - [08/Dec/2020:19:56:35 -0800] "GET /css/main.css HTTP/1.1" 302 -
0:0:0:0:0:0:0:1 - - [08/Dec/2020:19:56:35 -0800] "GET /login HTTP/1.1" 200 2343
0:0:0:0:0:0:0:1 - - [08/Dec/2020:20:23:57 -0800] "GET /login HTTP/1.1" 200 2343
0:0:0:0:0:0:0:1 - - [08/Dec/2020:20:23:57 -0800] "GET /css/main.css HTTP/1.1" 302 -
0:0:0:0:0:0:0:1 - - [08/Dec/2020:20:23:57 -0800] "GET /js/action.js HTTP/1.1" 200 -
0:0:0:0:0:0:0:1 - - [08/Dec/2020:20:23:57 -0800] "GET /login HTTP/1.1" 200 2343
