0:0:0:0:0:0:0:1 - - [24/Oct/2020:15:46:12 -0700] "GET /login HTTP/1.1" 200 1657
0:0:0:0:0:0:0:1 - - [24/Oct/2020:15:46:13 -0700] "GET /login HTTP/1.1" 200 1657
0:0:0:0:0:0:0:1 - - [24/Oct/2020:15:46:16 -0700] "GET /signup HTTP/1.1" 200 4862
0:0:0:0:0:0:0:1 - - [24/Oct/2020:15:46:16 -0700] "GET /js/pwstrength.js HTTP/1.1" 200 -
0:0:0:0:0:0:0:1 - - [24/Oct/2020:15:46:16 -0700] "GET /js/jquery-1.7.2.js HTTP/1.1" 200 293292
0:0:0:0:0:0:0:1 - - [24/Oct/2020:15:46:32 -0700] "POST /signup HTTP/1.1" 302 -
0:0:0:0:0:0:0:1 - - [24/Oct/2020:15:46:32 -0700] "GET /login HTTP/1.1" 200 1740
0:0:0:0:0:0:0:1 - - [24/Oct/2020:15:46:36 -0700] "GET /signup HTTP/1.1" 200 4862
0:0:0:0:0:0:0:1 - - [24/Oct/2020:15:46:36 -0700] "GET /js/pwstrength.js HTTP/1.1" 200 -
0:0:0:0:0:0:0:1 - - [24/Oct/2020:15:46:36 -0700] "GET /js/jquery-1.7.2.js HTTP/1.1" 200 293292
0:0:0:0:0:0:0:1 - - [24/Oct/2020:15:46:46 -0700] "POST /signup HTTP/1.1" 302 -
0:0:0:0:0:0:0:1 - - [24/Oct/2020:15:46:46 -0700] "GET /login HTTP/1.1" 200 1740
0:0:0:0:0:0:0:1 - - [24/Oct/2020:15:46:48 -0700] "GET /registrationConfirm?token=d1795295-8dfa-4e33-8a0c-d7e48dbdf7c0 HTTP/1.1" 302 -
0:0:0:0:0:0:0:1 - - [24/Oct/2020:15:46:48 -0700] "GET /login HTTP/1.1" 200 1730
0:0:0:0:0:0:0:1 - - [24/Oct/2020:15:46:59 -0700] "GET /registrationConfirm?token=a291f314-8290-444a-9536-c12dc021e858 HTTP/1.1" 302 -
0:0:0:0:0:0:0:1 - - [24/Oct/2020:15:46:59 -0700] "GET /login HTTP/1.1" 200 1730
0:0:0:0:0:0:0:1 - - [24/Oct/2020:15:47:07 -0700] "POST /doLogin HTTP/1.1" 302 -
0:0:0:0:0:0:0:1 - - [24/Oct/2020:15:47:07 -0700] "GET /loginSuccessful HTTP/1.1" 200 650
0:0:0:0:0:0:0:1 - - [24/Oct/2020:15:47:09 -0700] "GET /searchBook HTTP/1.1" 200 678
0:0:0:0:0:0:0:1 - - [24/Oct/2020:15:47:11 -0700] "GET /searchBookByTitleOrAuthor?argument=Java HTTP/1.1" 200 652
