0:0:0:0:0:0:0:1 - - [15/Oct/2020:01:00:06 -0700] "GET /login HTTP/1.1" 200 1655
0:0:0:0:0:0:0:1 - - [15/Oct/2020:01:00:07 -0700] "GET /favicon.ico HTTP/1.1" 302 -
0:0:0:0:0:0:0:1 - - [15/Oct/2020:01:00:07 -0700] "GET /login HTTP/1.1" 200 1655
0:0:0:0:0:0:0:1 - - [15/Oct/2020:01:00:09 -0700] "GET /signup HTTP/1.1" 200 4862
0:0:0:0:0:0:0:1 - - [15/Oct/2020:01:00:09 -0700] "GET /js/pwstrength.js HTTP/1.1" 200 -
0:0:0:0:0:0:0:1 - - [15/Oct/2020:01:00:09 -0700] "GET /js/jquery-1.7.2.js HTTP/1.1" 200 293292
0:0:0:0:0:0:0:1 - - [15/Oct/2020:01:00:09 -0700] "GET /favicon.ico HTTP/1.1" 302 -
0:0:0:0:0:0:0:1 - - [15/Oct/2020:01:00:09 -0700] "GET /login HTTP/1.1" 200 1655
0:0:0:0:0:0:0:1 - - [15/Oct/2020:01:00:33 -0700] "POST /signup HTTP/1.1" 302 -
0:0:0:0:0:0:0:1 - - [15/Oct/2020:01:00:33 -0700] "GET /login HTTP/1.1" 200 1738
0:0:0:0:0:0:0:1 - - [15/Oct/2020:01:00:33 -0700] "GET /favicon.ico HTTP/1.1" 302 -
0:0:0:0:0:0:0:1 - - [15/Oct/2020:01:00:33 -0700] "GET /login HTTP/1.1" 200 1655
0:0:0:0:0:0:0:1 - - [15/Oct/2020:01:00:34 -0700] "GET /signup HTTP/1.1" 200 4862
0:0:0:0:0:0:0:1 - - [15/Oct/2020:01:00:34 -0700] "GET /js/pwstrength.js HTTP/1.1" 200 -
0:0:0:0:0:0:0:1 - - [15/Oct/2020:01:00:34 -0700] "GET /js/jquery-1.7.2.js HTTP/1.1" 200 293292
0:0:0:0:0:0:0:1 - - [15/Oct/2020:01:00:34 -0700] "GET /favicon.ico HTTP/1.1" 302 -
0:0:0:0:0:0:0:1 - - [15/Oct/2020:01:00:34 -0700] "GET /login HTTP/1.1" 200 1655
0:0:0:0:0:0:0:1 - - [15/Oct/2020:01:00:45 -0700] "POST /signup HTTP/1.1" 302 -
0:0:0:0:0:0:0:1 - - [15/Oct/2020:01:00:45 -0700] "GET /login HTTP/1.1" 200 1738
0:0:0:0:0:0:0:1 - - [15/Oct/2020:01:00:45 -0700] "GET /favicon.ico HTTP/1.1" 302 -
0:0:0:0:0:0:0:1 - - [15/Oct/2020:01:00:45 -0700] "GET /login HTTP/1.1" 200 1655
0:0:0:0:0:0:0:1 - - [15/Oct/2020:01:00:56 -0700] "GET /registrationConfirm?token=1c2f1db5-ed4b-400d-8a61-3de2f992938b HTTP/1.1" 302 -
0:0:0:0:0:0:0:1 - - [15/Oct/2020:01:00:56 -0700] "GET /login HTTP/1.1" 200 1728
0:0:0:0:0:0:0:1 - - [15/Oct/2020:01:00:56 -0700] "GET /favicon.ico HTTP/1.1" 302 -
0:0:0:0:0:0:0:1 - - [15/Oct/2020:01:00:56 -0700] "GET /login HTTP/1.1" 200 1655
0:0:0:0:0:0:0:1 - - [15/Oct/2020:01:01:07 -0700] "GET /registrationConfirm?token=928466e1-c770-4368-a54e-1d8ad8dba7b9 HTTP/1.1" 302 -
0:0:0:0:0:0:0:1 - - [15/Oct/2020:01:01:07 -0700] "GET /login HTTP/1.1" 200 1728
0:0:0:0:0:0:0:1 - - [15/Oct/2020:01:01:07 -0700] "GET /favicon.ico HTTP/1.1" 302 -
0:0:0:0:0:0:0:1 - - [15/Oct/2020:01:01:07 -0700] "GET /login HTTP/1.1" 200 1655
0:0:0:0:0:0:0:1 - - [15/Oct/2020:01:09:17 -0700] "GET /login HTTP/1.1" 200 1655
0:0:0:0:0:0:0:1 - - [15/Oct/2020:01:09:17 -0700] "GET /login HTTP/1.1" 200 1655
0:0:0:0:0:0:0:1 - - [15/Oct/2020:01:09:17 -0700] "GET /favicon.ico HTTP/1.1" 302 -
0:0:0:0:0:0:0:1 - - [15/Oct/2020:01:09:17 -0700] "GET /login HTTP/1.1" 200 1655
0:0:0:0:0:0:0:1 - - [15/Oct/2020:01:09:22 -0700] "POST /doLogin HTTP/1.1" 302 -
0:0:0:0:0:0:0:1 - - [15/Oct/2020:01:09:22 -0700] "GET /loginSuccessful HTTP/1.1" 200 645
0:0:0:0:0:0:0:1 - - [15/Oct/2020:01:09:22 -0700] "GET /favicon.ico HTTP/1.1" 200 1150
0:0:0:0:0:0:0:1 - - [15/Oct/2020:01:09:23 -0700] "GET /searchCourses HTTP/1.1" 200 547
0:0:0:0:0:0:0:1 - - [15/Oct/2020:01:09:24 -0700] "GET /searchCoursesByTitle?title=COMSC-75 HTTP/1.1" 200 2384
0:0:0:0:0:0:0:1 - - [15/Oct/2020:01:10:09 -0700] "GET /searchCoursesByTitle?title=COMSC-75 HTTP/1.1" 200 1098
0:0:0:0:0:0:0:1 - - [15/Oct/2020:01:26:29 -0700] "GET /searchCoursesByTitle?title=COMSC-75 HTTP/1.1" 200 1106
0:0:0:0:0:0:0:1 - - [15/Oct/2020:01:31:17 -0700] "GET /searchCoursesByTitle?title=COMSC-75 HTTP/1.1" 500 13747
0:0:0:0:0:0:0:1 - - [15/Oct/2020:01:31:30 -0700] "GET /searchCoursesByTitle?title=COMSC-75 HTTP/1.1" 200 2448
0:0:0:0:0:0:0:1 - - [15/Oct/2020:01:43:54 -0700] "GET /searchCoursesByTitle?title=COMSC-75 HTTP/1.1" 200 1198
0:0:0:0:0:0:0:1 - - [15/Oct/2020:01:57:40 -0700] "GET /searchCoursesByTitle?title=COMSC-75 HTTP/1.1" 200 1174
0:0:0:0:0:0:0:1 - - [15/Oct/2020:01:59:42 -0700] "GET /searchCoursesByTitle?title=COMSC-75 HTTP/1.1" 200 1208
0:0:0:0:0:0:0:1 - - [15/Oct/2020:02:00:04 -0700] "GET /searchCoursesByTitle?title=COMSC-75 HTTP/1.1" 200 1224
0:0:0:0:0:0:0:1 - - [15/Oct/2020:02:02:48 -0700] "GET /searchCoursesByTitle?title=COMSC-75 HTTP/1.1" 200 1324
0:0:0:0:0:0:0:1 - - [15/Oct/2020:02:04:43 -0700] "GET /searchCoursesByTitle?title=COMSC-75 HTTP/1.1" 200 1365
0:0:0:0:0:0:0:1 - - [15/Oct/2020:02:05:02 -0700] "GET /searchCoursesByTitle?title=COMSC-75 HTTP/1.1" 200 1244
0:0:0:0:0:0:0:1 - - [15/Oct/2020:02:24:17 -0700] "GET /searchCoursesByTitle?title=COMSC-75 HTTP/1.1" 200 1346
0:0:0:0:0:0:0:1 - - [15/Oct/2020:02:24:49 -0700] "GET /searchCoursesByTitle?title=COMSC-75 HTTP/1.1" 200 1320
0:0:0:0:0:0:0:1 - - [15/Oct/2020:02:25:35 -0700] "GET /searchCoursesByTitle?title=COMSC-75 HTTP/1.1" 200 1370
0:0:0:0:0:0:0:1 - - [15/Oct/2020:12:53:51 -0700] "GET /login HTTP/1.1" 200 1655
0:0:0:0:0:0:0:1 - - [15/Oct/2020:12:53:51 -0700] "GET /favicon.ico HTTP/1.1" 302 -
0:0:0:0:0:0:0:1 - - [15/Oct/2020:12:53:52 -0700] "GET /login HTTP/1.1" 200 1655
0:0:0:0:0:0:0:1 - - [15/Oct/2020:12:53:55 -0700] "POST /doLogin HTTP/1.1" 302 -
0:0:0:0:0:0:0:1 - - [15/Oct/2020:12:53:56 -0700] "GET /loginSuccessful HTTP/1.1" 200 645
0:0:0:0:0:0:0:1 - - [15/Oct/2020:12:53:56 -0700] "GET /favicon.ico HTTP/1.1" 200 1150
0:0:0:0:0:0:0:1 - - [15/Oct/2020:12:53:57 -0700] "GET /searchCourses HTTP/1.1" 200 547
0:0:0:0:0:0:0:1 - - [15/Oct/2020:12:53:58 -0700] "GET /searchCoursesByTitle?title=COMSC-75 HTTP/1.1" 200 1096
0:0:0:0:0:0:0:1 - - [15/Oct/2020:12:57:58 -0700] "GET /searchCoursesByTitle?title=COMSC-75 HTTP/1.1" 200 1328
0:0:0:0:0:0:0:1 - - [15/Oct/2020:12:58:19 -0700] "GET /searchCoursesByTitle?title=COMSC-75 HTTP/1.1" 200 1310
0:0:0:0:0:0:0:1 - - [15/Oct/2020:13:00:21 -0700] "GET /searchCoursesByTitle?title=COMSC-75 HTTP/1.1" 200 1450
0:0:0:0:0:0:0:1 - - [15/Oct/2020:13:01:09 -0700] "GET /searchCoursesByTitle?title=COMSC-75 HTTP/1.1" 200 1432
0:0:0:0:0:0:0:1 - - [15/Oct/2020:13:15:19 -0700] "GET /searchCoursesByTitle?title=COMSC-75 HTTP/1.1" 200 1438
0:0:0:0:0:0:0:1 - - [15/Oct/2020:13:23:15 -0700] "GET /searchCoursesByTitle?title=COMSC-75 HTTP/1.1" 200 1480
0:0:0:0:0:0:0:1 - - [15/Oct/2020:13:23:19 -0700] "GET /login HTTP/1.1" 200 1655
0:0:0:0:0:0:0:1 - - [15/Oct/2020:13:23:19 -0700] "GET /login HTTP/1.1" 200 1655
0:0:0:0:0:0:0:1 - - [15/Oct/2020:13:23:23 -0700] "POST /doLogin HTTP/1.1" 302 -
0:0:0:0:0:0:0:1 - - [15/Oct/2020:13:23:23 -0700] "GET /loginSuccessful HTTP/1.1" 200 645
0:0:0:0:0:0:0:1 - - [15/Oct/2020:13:23:24 -0700] "GET /searchCourses HTTP/1.1" 200 547
0:0:0:0:0:0:0:1 - - [15/Oct/2020:13:23:34 -0700] "GET /searchCoursesByTitle?title=COMSC-75 HTTP/1.1" 200 1480
0:0:0:0:0:0:0:1 - - [15/Oct/2020:13:38:08 -0700] "GET /searchCoursesByTitle?title=COMSC-75 HTTP/1.1" 200 1487
0:0:0:0:0:0:0:1 - - [15/Oct/2020:14:16:48 -0700] "GET /searchCoursesByTitle?title=COMSC-75 HTTP/1.1" 302 -
0:0:0:0:0:0:0:1 - - [15/Oct/2020:14:16:48 -0700] "GET /login HTTP/1.1" 200 1655
0:0:0:0:0:0:0:1 - - [15/Oct/2020:14:16:52 -0700] "POST /doLogin HTTP/1.1" 302 -
0:0:0:0:0:0:0:1 - - [15/Oct/2020:14:16:52 -0700] "GET /loginSuccessful HTTP/1.1" 200 645
0:0:0:0:0:0:0:1 - - [15/Oct/2020:14:16:53 -0700] "GET /searchCourses HTTP/1.1" 200 547
0:0:0:0:0:0:0:1 - - [15/Oct/2020:14:16:54 -0700] "GET /searchCoursesByTitle?title=COMSC-75 HTTP/1.1" 200 1492
0:0:0:0:0:0:0:1 - - [15/Oct/2020:14:17:28 -0700] "GET /searchCoursesByTitle?title=COMSC-75 HTTP/1.1" 200 1639
0:0:0:0:0:0:0:1 - - [15/Oct/2020:14:17:35 -0700] "POST /registerForClassess HTTP/1.1" 500 9973
0:0:0:0:0:0:0:1 - - [15/Oct/2020:14:18:41 -0700] "GET /login HTTP/1.1" 200 1655
0:0:0:0:0:0:0:1 - - [15/Oct/2020:14:18:42 -0700] "GET /login HTTP/1.1" 200 1655
0:0:0:0:0:0:0:1 - - [15/Oct/2020:14:18:45 -0700] "POST /doLogin HTTP/1.1" 302 -
0:0:0:0:0:0:0:1 - - [15/Oct/2020:14:18:45 -0700] "GET /loginSuccessful HTTP/1.1" 200 645
0:0:0:0:0:0:0:1 - - [15/Oct/2020:14:18:46 -0700] "GET /searchCourses HTTP/1.1" 200 547
0:0:0:0:0:0:0:1 - - [15/Oct/2020:14:18:48 -0700] "GET /searchCoursesByTitle?title=COMSC-75 HTTP/1.1" 200 1641
0:0:0:0:0:0:0:1 - - [15/Oct/2020:14:18:51 -0700] "POST /registerForClassess HTTP/1.1" 500 9973
0:0:0:0:0:0:0:1 - - [15/Oct/2020:14:26:40 -0700] "GET /searchCoursesByTitle?title=COMSC-75 HTTP/1.1" 200 1641
0:0:0:0:0:0:0:1 - - [15/Oct/2020:14:39:38 -0700] "GET /searchCourses HTTP/1.1" 200 547
0:0:0:0:0:0:0:1 - - [15/Oct/2020:14:39:45 -0700] "GET /searchCoursesByTitle?title=COMSC-76 HTTP/1.1" 302 -
0:0:0:0:0:0:0:1 - - [15/Oct/2020:14:39:45 -0700] "GET /searchCourses HTTP/1.1" 200 547
0:0:0:0:0:0:0:1 - - [15/Oct/2020:14:39:46 -0700] "GET /searchCoursesByTitle?title=COMSC-75 HTTP/1.1" 200 1641
0:0:0:0:0:0:0:1 - - [15/Oct/2020:14:39:48 -0700] "GET /searchCourses HTTP/1.1" 200 547
0:0:0:0:0:0:0:1 - - [15/Oct/2020:14:39:50 -0700] "GET /searchCoursesByTitle?title=COMSC-76 HTTP/1.1" 302 -
0:0:0:0:0:0:0:1 - - [15/Oct/2020:14:39:50 -0700] "GET /searchCourses HTTP/1.1" 200 547
0:0:0:0:0:0:0:1 - - [15/Oct/2020:14:42:59 -0700] "GET /searchCourses HTTP/1.1" 200 547
0:0:0:0:0:0:0:1 - - [15/Oct/2020:14:43:01 -0700] "GET /searchCoursesByTitle?title=COMSC-75 HTTP/1.1" 200 1667
0:0:0:0:0:0:0:1 - - [15/Oct/2020:14:43:05 -0700] "GET /searchCoursesByTitle?title=COMSC-75 HTTP/1.1" 200 1667
0:0:0:0:0:0:0:1 - - [15/Oct/2020:14:43:06 -0700] "GET /login HTTP/1.1" 200 1655
0:0:0:0:0:0:0:1 - - [15/Oct/2020:14:43:06 -0700] "GET /login HTTP/1.1" 200 1655
0:0:0:0:0:0:0:1 - - [15/Oct/2020:14:43:10 -0700] "POST /doLogin HTTP/1.1" 302 -
0:0:0:0:0:0:0:1 - - [15/Oct/2020:14:43:10 -0700] "GET /loginSuccessful HTTP/1.1" 200 645
0:0:0:0:0:0:0:1 - - [15/Oct/2020:14:43:11 -0700] "GET /searchCourses HTTP/1.1" 200 547
0:0:0:0:0:0:0:1 - - [15/Oct/2020:14:43:12 -0700] "GET /searchCoursesByTitle?title=COMSC-75 HTTP/1.1" 200 1667
0:0:0:0:0:0:0:1 - - [15/Oct/2020:14:43:49 -0700] "POST /registerForClassess HTTP/1.1" 500 9973
0:0:0:0:0:0:0:1 - - [15/Oct/2020:16:17:35 -0700] "GET /login HTTP/1.1" 200 1655
0:0:0:0:0:0:0:1 - - [15/Oct/2020:16:17:35 -0700] "GET /login HTTP/1.1" 200 1655
0:0:0:0:0:0:0:1 - - [15/Oct/2020:16:17:39 -0700] "POST /doLogin HTTP/1.1" 302 -
0:0:0:0:0:0:0:1 - - [15/Oct/2020:16:17:39 -0700] "GET /loginSuccessful HTTP/1.1" 200 645
0:0:0:0:0:0:0:1 - - [15/Oct/2020:16:17:40 -0700] "GET /searchCourses HTTP/1.1" 200 547
0:0:0:0:0:0:0:1 - - [15/Oct/2020:16:17:41 -0700] "GET /searchCoursesByTitle?title=COMSC-75 HTTP/1.1" 200 1675
0:0:0:0:0:0:0:1 - - [15/Oct/2020:16:17:44 -0700] "POST /registerForClassess HTTP/1.1" 500 9973
0:0:0:0:0:0:0:1 - - [15/Oct/2020:16:17:47 -0700] "GET /searchCoursesByTitle?title=COMSC-75 HTTP/1.1" 200 1675
0:0:0:0:0:0:0:1 - - [15/Oct/2020:16:18:37 -0700] "POST /registerForClassess HTTP/1.1" 500 9973
0:0:0:0:0:0:0:1 - - [15/Oct/2020:16:18:39 -0700] "GET /searchCoursesByTitle?title=COMSC-75 HTTP/1.1" 200 1675
0:0:0:0:0:0:0:1 - - [15/Oct/2020:16:19:03 -0700] "GET /searchCoursesByTitle?title=COMSC-75 HTTP/1.1" 200 1659
0:0:0:0:0:0:0:1 - - [15/Oct/2020:16:22:08 -0700] "GET /searchCoursesByTitle?title=COMSC-75 HTTP/1.1" 200 1691
0:0:0:0:0:0:0:1 - - [15/Oct/2020:16:22:10 -0700] "GET /searchCoursesByTitle?title=COMSC-75 HTTP/1.1" 200 1691
0:0:0:0:0:0:0:1 - - [15/Oct/2020:16:22:11 -0700] "POST /registerForClassess HTTP/1.1" 500 9973
0:0:0:0:0:0:0:1 - - [15/Oct/2020:16:22:13 -0700] "GET /registerForClassess HTTP/1.1" 405 9123
0:0:0:0:0:0:0:1 - - [15/Oct/2020:16:22:15 -0700] "GET /login HTTP/1.1" 200 1655
0:0:0:0:0:0:0:1 - - [15/Oct/2020:16:22:18 -0700] "POST /doLogin HTTP/1.1" 302 -
0:0:0:0:0:0:0:1 - - [15/Oct/2020:16:22:18 -0700] "GET /loginSuccessful HTTP/1.1" 200 645
0:0:0:0:0:0:0:1 - - [15/Oct/2020:16:22:19 -0700] "GET /searchCourses HTTP/1.1" 200 547
0:0:0:0:0:0:0:1 - - [15/Oct/2020:16:22:21 -0700] "GET /searchCoursesByTitle?title=COMSC-75 HTTP/1.1" 200 1691
0:0:0:0:0:0:0:1 - - [15/Oct/2020:16:22:22 -0700] "POST /registerForClassess HTTP/1.1" 500 9973
0:0:0:0:0:0:0:1 - - [15/Oct/2020:16:24:12 -0700] "GET /login HTTP/1.1" 200 1655
0:0:0:0:0:0:0:1 - - [15/Oct/2020:16:24:12 -0700] "GET /login HTTP/1.1" 200 1655
0:0:0:0:0:0:0:1 - - [15/Oct/2020:16:24:16 -0700] "POST /doLogin HTTP/1.1" 302 -
0:0:0:0:0:0:0:1 - - [15/Oct/2020:16:24:16 -0700] "GET /loginSuccessful HTTP/1.1" 200 645
0:0:0:0:0:0:0:1 - - [15/Oct/2020:16:24:19 -0700] "GET /searchCourses HTTP/1.1" 200 547
0:0:0:0:0:0:0:1 - - [15/Oct/2020:16:24:20 -0700] "GET /searchCoursesByTitle?title=COMSC-75 HTTP/1.1" 200 1691
0:0:0:0:0:0:0:1 - - [15/Oct/2020:16:24:21 -0700] "POST /registerForClassess HTTP/1.1" 400 12816
0:0:0:0:0:0:0:1 - - [15/Oct/2020:16:33:07 -0700] "GET /registerForClassess HTTP/1.1" 400 9511
0:0:0:0:0:0:0:1 - - [15/Oct/2020:16:33:08 -0700] "GET /login HTTP/1.1" 200 1655
0:0:0:0:0:0:0:1 - - [15/Oct/2020:16:33:08 -0700] "GET /login HTTP/1.1" 200 1655
0:0:0:0:0:0:0:1 - - [15/Oct/2020:16:33:12 -0700] "POST /doLogin HTTP/1.1" 302 -
0:0:0:0:0:0:0:1 - - [15/Oct/2020:16:33:12 -0700] "GET /loginSuccessful HTTP/1.1" 200 645
0:0:0:0:0:0:0:1 - - [15/Oct/2020:16:33:13 -0700] "GET /searchCourses HTTP/1.1" 200 547
0:0:0:0:0:0:0:1 - - [15/Oct/2020:16:33:14 -0700] "GET /searchCoursesByTitle?title=COMSC-75 HTTP/1.1" 200 1690
0:0:0:0:0:0:0:1 - - [15/Oct/2020:16:33:16 -0700] "GET /registerForClassess?registerClasses=on&registerClasses=on HTTP/1.1" 400 12592
0:0:0:0:0:0:0:1 - - [15/Oct/2020:16:44:18 -0700] "GET /login HTTP/1.1" 200 1655
0:0:0:0:0:0:0:1 - - [15/Oct/2020:16:44:18 -0700] "GET /login HTTP/1.1" 200 1655
0:0:0:0:0:0:0:1 - - [15/Oct/2020:16:44:21 -0700] "POST /doLogin HTTP/1.1" 302 -
0:0:0:0:0:0:0:1 - - [15/Oct/2020:16:44:21 -0700] "GET /loginSuccessful HTTP/1.1" 200 645
0:0:0:0:0:0:0:1 - - [15/Oct/2020:16:44:23 -0700] "GET /searchCourses HTTP/1.1" 200 547
0:0:0:0:0:0:0:1 - - [15/Oct/2020:16:44:24 -0700] "GET /searchCoursesByTitle?title=COMSC-75 HTTP/1.1" 200 1690
0:0:0:0:0:0:0:1 - - [15/Oct/2020:17:08:46 -0700] "GET /searchCoursesByTitle?title=COMSC-75 HTTP/1.1" 200 1618
0:0:0:0:0:0:0:1 - - [15/Oct/2020:17:08:49 -0700] "GET /registerForClassess?registerClasses=on HTTP/1.1" 400 12588
0:0:0:0:0:0:0:1 - - [15/Oct/2020:17:11:30 -0700] "GET /registerForClassess?registerClasses=on HTTP/1.1" 400 12588
127.0.0.1 - - [15/Oct/2020:17:11:32 -0700] "GET /login HTTP/1.1" 200 1655
127.0.0.1 - - [15/Oct/2020:17:11:32 -0700] "GET /login HTTP/1.1" 200 1655
127.0.0.1 - - [15/Oct/2020:17:11:36 -0700] "POST /doLogin HTTP/1.1" 302 -
127.0.0.1 - - [15/Oct/2020:17:11:36 -0700] "GET /loginSuccessful HTTP/1.1" 200 645
127.0.0.1 - - [15/Oct/2020:17:11:37 -0700] "GET /searchCourses HTTP/1.1" 200 547
127.0.0.1 - - [15/Oct/2020:17:11:38 -0700] "GET /searchCoursesByTitle?title=COMSC-75 HTTP/1.1" 200 1618
127.0.0.1 - - [15/Oct/2020:17:11:43 -0700] "GET /registerForClassess?registerClasses=on HTTP/1.1" 400 12588
0:0:0:0:0:0:0:1 - - [15/Oct/2020:18:22:58 -0700] "GET /login HTTP/1.1" 200 1655
0:0:0:0:0:0:0:1 - - [15/Oct/2020:18:22:58 -0700] "GET /login HTTP/1.1" 200 1655
0:0:0:0:0:0:0:1 - - [15/Oct/2020:18:23:02 -0700] "POST /doLogin HTTP/1.1" 302 -
0:0:0:0:0:0:0:1 - - [15/Oct/2020:18:23:02 -0700] "GET /loginSuccessful HTTP/1.1" 200 645
0:0:0:0:0:0:0:1 - - [15/Oct/2020:18:23:03 -0700] "GET /searchCourses HTTP/1.1" 200 547
0:0:0:0:0:0:0:1 - - [15/Oct/2020:18:23:04 -0700] "GET /searchCoursesByTitle?title=COMSC-75 HTTP/1.1" 500 13016
0:0:0:0:0:0:0:1 - - [15/Oct/2020:18:24:27 -0700] "GET /login HTTP/1.1" 200 1655
0:0:0:0:0:0:0:1 - - [15/Oct/2020:18:24:31 -0700] "POST /doLogin HTTP/1.1" 302 -
0:0:0:0:0:0:0:1 - - [15/Oct/2020:18:24:31 -0700] "GET /loginSuccessful HTTP/1.1" 200 645
0:0:0:0:0:0:0:1 - - [15/Oct/2020:18:24:33 -0700] "GET /searchCourses HTTP/1.1" 200 547
0:0:0:0:0:0:0:1 - - [15/Oct/2020:18:24:34 -0700] "GET /searchCoursesByTitle?title=COMSC-75 HTTP/1.1" 500 13405
0:0:0:0:0:0:0:1 - - [15/Oct/2020:18:25:58 -0700] "GET /login HTTP/1.1" 200 1655
0:0:0:0:0:0:0:1 - - [15/Oct/2020:18:26:01 -0700] "POST /doLogin HTTP/1.1" 302 -
0:0:0:0:0:0:0:1 - - [15/Oct/2020:18:26:01 -0700] "GET /loginSuccessful HTTP/1.1" 200 645
0:0:0:0:0:0:0:1 - - [15/Oct/2020:18:26:02 -0700] "GET /searchCourses HTTP/1.1" 200 547
0:0:0:0:0:0:0:1 - - [15/Oct/2020:18:26:03 -0700] "GET /searchCoursesByTitle?title=COMSC-75 HTTP/1.1" 200 1619
0:0:0:0:0:0:0:1 - - [15/Oct/2020:18:26:35 -0700] "GET /registerForClassess?registerClasses=on HTTP/1.1" 400 12588
0:0:0:0:0:0:0:1 - - [15/Oct/2020:18:26:38 -0700] "GET /searchCoursesByTitle?title=COMSC-75 HTTP/1.1" 200 1619
0:0:0:0:0:0:0:1 - - [15/Oct/2020:18:26:42 -0700] "GET /registerForClassess?registerClasses=on HTTP/1.1" 400 12588
0:0:0:0:0:0:0:1 - - [15/Oct/2020:18:34:13 -0700] "GET /login HTTP/1.1" 200 1655
0:0:0:0:0:0:0:1 - - [15/Oct/2020:18:34:13 -0700] "GET /login HTTP/1.1" 200 1655
0:0:0:0:0:0:0:1 - - [15/Oct/2020:18:34:17 -0700] "POST /doLogin HTTP/1.1" 302 -
0:0:0:0:0:0:0:1 - - [15/Oct/2020:18:34:17 -0700] "GET /loginSuccessful HTTP/1.1" 200 645
0:0:0:0:0:0:0:1 - - [15/Oct/2020:18:34:18 -0700] "GET /searchCourses HTTP/1.1" 200 547
0:0:0:0:0:0:0:1 - - [15/Oct/2020:18:34:19 -0700] "GET /searchCoursesByTitle?title=COMSC-75 HTTP/1.1" 200 1655
0:0:0:0:0:0:0:1 - - [15/Oct/2020:18:34:21 -0700] "GET /registerForClassess?registerClasses=on&registerClasses=on HTTP/1.1" 400 12592
0:0:0:0:0:0:0:1 - - [15/Oct/2020:18:37:13 -0700] "GET /login HTTP/1.1" 200 1655
0:0:0:0:0:0:0:1 - - [15/Oct/2020:18:37:16 -0700] "POST /doLogin HTTP/1.1" 302 -
0:0:0:0:0:0:0:1 - - [15/Oct/2020:18:37:16 -0700] "GET /loginSuccessful HTTP/1.1" 200 645
0:0:0:0:0:0:0:1 - - [15/Oct/2020:18:37:18 -0700] "GET /searchCourses HTTP/1.1" 200 547
0:0:0:0:0:0:0:1 - - [15/Oct/2020:18:37:19 -0700] "GET /searchCoursesByTitle?title=COMSC-75 HTTP/1.1" 200 1619
0:0:0:0:0:0:0:1 - - [15/Oct/2020:18:37:23 -0700] "GET /registerForClassess?registerClasses=on HTTP/1.1" 400 12588
0:0:0:0:0:0:0:1 - - [15/Oct/2020:18:37:27 -0700] "GET /searchCoursesByTitle?title=COMSC-75 HTTP/1.1" 200 1619
0:0:0:0:0:0:0:1 - - [15/Oct/2020:19:30:18 -0700] "GET /searchCoursesByTitle?title=COMSC-75 HTTP/1.1" 302 -
0:0:0:0:0:0:0:1 - - [15/Oct/2020:19:30:18 -0700] "GET /login HTTP/1.1" 200 1655
0:0:0:0:0:0:0:1 - - [15/Oct/2020:19:30:21 -0700] "POST /doLogin HTTP/1.1" 302 -
0:0:0:0:0:0:0:1 - - [15/Oct/2020:19:30:21 -0700] "GET /loginSuccessful HTTP/1.1" 200 645
0:0:0:0:0:0:0:1 - - [15/Oct/2020:19:30:23 -0700] "GET /searchCourses HTTP/1.1" 200 547
0:0:0:0:0:0:0:1 - - [15/Oct/2020:19:30:24 -0700] "GET /searchCoursesByTitle?title=COMSC-75 HTTP/1.1" 200 1713
0:0:0:0:0:0:0:1 - - [15/Oct/2020:19:30:28 -0700] "GET /registerForClassess?registerClasses=com.baeldung.lss.model.Course%406ce1b0bb HTTP/1.1" 400 12840
0:0:0:0:0:0:0:1 - - [15/Oct/2020:19:31:27 -0700] "GET /login HTTP/1.1" 200 1655
0:0:0:0:0:0:0:1 - - [15/Oct/2020:19:31:27 -0700] "GET /login HTTP/1.1" 200 1655
0:0:0:0:0:0:0:1 - - [15/Oct/2020:19:31:33 -0700] "POST /doLogin HTTP/1.1" 302 -
0:0:0:0:0:0:0:1 - - [15/Oct/2020:19:31:33 -0700] "GET /loginSuccessful HTTP/1.1" 200 645
0:0:0:0:0:0:0:1 - - [15/Oct/2020:19:31:34 -0700] "GET /searchCourses HTTP/1.1" 200 547
0:0:0:0:0:0:0:1 - - [15/Oct/2020:19:31:35 -0700] "GET /searchCoursesByTitle?title=COMSC-75 HTTP/1.1" 500 13716
0:0:0:0:0:0:0:1 - - [15/Oct/2020:19:31:48 -0700] "GET /searchCoursesByTitle?title=COMSC-75 HTTP/1.1" 200 1647
0:0:0:0:0:0:0:1 - - [15/Oct/2020:19:31:51 -0700] "GET /registerForClassess?registerClasses=10101 HTTP/1.1" 200 645
0:0:0:0:0:0:0:1 - - [15/Oct/2020:19:34:48 -0700] "GET /login HTTP/1.1" 200 1655
0:0:0:0:0:0:0:1 - - [15/Oct/2020:19:34:52 -0700] "POST /doLogin HTTP/1.1" 302 -
0:0:0:0:0:0:0:1 - - [15/Oct/2020:19:34:52 -0700] "GET /loginSuccessful HTTP/1.1" 200 645
0:0:0:0:0:0:0:1 - - [15/Oct/2020:19:34:53 -0700] "GET /searchCourses HTTP/1.1" 200 547
0:0:0:0:0:0:0:1 - - [15/Oct/2020:19:34:54 -0700] "GET /searchCoursesByTitle?title=COMSC-75 HTTP/1.1" 200 1641
0:0:0:0:0:0:0:1 - - [15/Oct/2020:19:34:57 -0700] "GET /registerForClassess?regIdClasses=10101 HTTP/1.1" 200 645
0:0:0:0:0:0:0:1 - - [15/Oct/2020:19:38:27 -0700] "GET /login HTTP/1.1" 200 1655
0:0:0:0:0:0:0:1 - - [15/Oct/2020:19:38:27 -0700] "GET /login HTTP/1.1" 200 1655
0:0:0:0:0:0:0:1 - - [15/Oct/2020:19:38:30 -0700] "POST /doLogin HTTP/1.1" 302 -
0:0:0:0:0:0:0:1 - - [15/Oct/2020:19:38:30 -0700] "GET /loginSuccessful HTTP/1.1" 200 645
0:0:0:0:0:0:0:1 - - [15/Oct/2020:19:38:31 -0700] "GET /searchCourses HTTP/1.1" 200 547
0:0:0:0:0:0:0:1 - - [15/Oct/2020:19:38:32 -0700] "GET /searchCoursesByTitle?title=COMSC-75 HTTP/1.1" 200 1641
0:0:0:0:0:0:0:1 - - [15/Oct/2020:19:38:35 -0700] "GET /registerForClassess?regIdClasses=10101 HTTP/1.1" 200 645
0:0:0:0:0:0:0:1 - - [15/Oct/2020:19:38:46 -0700] "GET /searchCourses HTTP/1.1" 200 547
0:0:0:0:0:0:0:1 - - [15/Oct/2020:19:38:47 -0700] "GET /searchCoursesByTitle?title=COMSC-75 HTTP/1.1" 200 1641
0:0:0:0:0:0:0:1 - - [15/Oct/2020:19:38:50 -0700] "GET /registerForClassess?regIdClasses=10101&regIdClasses=10102 HTTP/1.1" 200 645
0:0:0:0:0:0:0:1 - - [15/Oct/2020:19:38:55 -0700] "GET /searchCourses HTTP/1.1" 200 547
0:0:0:0:0:0:0:1 - - [15/Oct/2020:19:48:40 -0700] "GET /login HTTP/1.1" 200 1655
0:0:0:0:0:0:0:1 - - [15/Oct/2020:19:48:40 -0700] "GET /login HTTP/1.1" 200 1655
0:0:0:0:0:0:0:1 - - [15/Oct/2020:19:48:44 -0700] "POST /doLogin HTTP/1.1" 302 -
0:0:0:0:0:0:0:1 - - [15/Oct/2020:19:48:44 -0700] "GET /loginSuccessful HTTP/1.1" 200 645
0:0:0:0:0:0:0:1 - - [15/Oct/2020:19:48:45 -0700] "GET /searchCourses HTTP/1.1" 200 547
0:0:0:0:0:0:0:1 - - [15/Oct/2020:19:48:46 -0700] "GET /searchCoursesByTitle?title=COMSC-75 HTTP/1.1" 200 1641
0:0:0:0:0:0:0:1 - - [15/Oct/2020:19:48:49 -0700] "GET /registerForClassess?regIdClasses=10101 HTTP/1.1" 200 645
0:0:0:0:0:0:0:1 - - [15/Oct/2020:19:50:46 -0700] "GET /login HTTP/1.1" 200 1655
0:0:0:0:0:0:0:1 - - [15/Oct/2020:19:50:50 -0700] "POST /doLogin HTTP/1.1" 302 -
0:0:0:0:0:0:0:1 - - [15/Oct/2020:19:50:50 -0700] "GET /loginSuccessful HTTP/1.1" 200 645
0:0:0:0:0:0:0:1 - - [15/Oct/2020:19:50:51 -0700] "GET /searchCourses HTTP/1.1" 200 547
0:0:0:0:0:0:0:1 - - [15/Oct/2020:19:50:52 -0700] "GET /searchCoursesByTitle?title=COMSC-75 HTTP/1.1" 200 1641
0:0:0:0:0:0:0:1 - - [15/Oct/2020:19:50:54 -0700] "GET /registerForClassess?regIdClasses=10101 HTTP/1.1" 200 645
0:0:0:0:0:0:0:1 - - [15/Oct/2020:19:53:09 -0700] "GET /login HTTP/1.1" 200 1655
0:0:0:0:0:0:0:1 - - [15/Oct/2020:19:53:13 -0700] "POST /doLogin HTTP/1.1" 302 -
0:0:0:0:0:0:0:1 - - [15/Oct/2020:19:53:13 -0700] "GET /loginSuccessful HTTP/1.1" 200 645
0:0:0:0:0:0:0:1 - - [15/Oct/2020:19:53:14 -0700] "GET /searchCourses HTTP/1.1" 200 547
0:0:0:0:0:0:0:1 - - [15/Oct/2020:19:53:16 -0700] "GET /searchCoursesByTitle?title=COMSC-75 HTTP/1.1" 200 1641
0:0:0:0:0:0:0:1 - - [15/Oct/2020:19:53:18 -0700] "GET /registerForClassess?regIdClasses=10102 HTTP/1.1" 200 645
0:0:0:0:0:0:0:1 - - [15/Oct/2020:19:53:57 -0700] "GET /searchCourses HTTP/1.1" 200 547
0:0:0:0:0:0:0:1 - - [15/Oct/2020:19:53:58 -0700] "GET /searchCoursesByTitle?title=COMSC-75 HTTP/1.1" 200 1641
0:0:0:0:0:0:0:1 - - [15/Oct/2020:19:54:03 -0700] "GET /registerForClassess?regIdClasses=10101 HTTP/1.1" 200 645
0:0:0:0:0:0:0:1 - - [15/Oct/2020:19:54:17 -0700] "GET /searchCourses HTTP/1.1" 200 547
0:0:0:0:0:0:0:1 - - [15/Oct/2020:19:54:19 -0700] "GET /searchCoursesByTitle?title=COMSC-75 HTTP/1.1" 200 1641
0:0:0:0:0:0:0:1 - - [15/Oct/2020:19:54:23 -0700] "GET /registerForClassess?regIdClasses=10101&regIdClasses=10102 HTTP/1.1" 200 645
0:0:0:0:0:0:0:1 - - [15/Oct/2020:19:59:36 -0700] "GET /registerForClassess?regIdClasses=10101&regIdClasses=10102 HTTP/1.1" 200 645
0:0:0:0:0:0:0:1 - - [15/Oct/2020:19:59:38 -0700] "GET /login HTTP/1.1" 200 1655
0:0:0:0:0:0:0:1 - - [15/Oct/2020:19:59:39 -0700] "GET /login HTTP/1.1" 200 1655
0:0:0:0:0:0:0:1 - - [15/Oct/2020:19:59:42 -0700] "POST /doLogin HTTP/1.1" 302 -
0:0:0:0:0:0:0:1 - - [15/Oct/2020:19:59:42 -0700] "GET /loginSuccessful HTTP/1.1" 200 645
0:0:0:0:0:0:0:1 - - [15/Oct/2020:19:59:43 -0700] "GET /searchCourses HTTP/1.1" 200 547
0:0:0:0:0:0:0:1 - - [15/Oct/2020:19:59:45 -0700] "GET /searchCoursesByTitle?title=COMSC-75 HTTP/1.1" 200 1641
0:0:0:0:0:0:0:1 - - [15/Oct/2020:19:59:47 -0700] "GET /registerForClassess?regIdClasses=10101 HTTP/1.1" 200 645
0:0:0:0:0:0:0:1 - - [15/Oct/2020:19:59:59 -0700] "GET /searchCourses HTTP/1.1" 200 547
0:0:0:0:0:0:0:1 - - [15/Oct/2020:20:00:02 -0700] "GET /searchCoursesByTitle?title=COMSC-76 HTTP/1.1" 302 -
0:0:0:0:0:0:0:1 - - [15/Oct/2020:20:00:02 -0700] "GET /searchCourses HTTP/1.1" 200 547
0:0:0:0:0:0:0:1 - - [15/Oct/2020:20:00:04 -0700] "GET /searchCoursesByTitle?title=COMSC-75 HTTP/1.1" 200 1641
0:0:0:0:0:0:0:1 - - [15/Oct/2020:20:00:07 -0700] "GET /registerForClassess?regIdClasses=10102 HTTP/1.1" 200 645
0:0:0:0:0:0:0:1 - - [15/Oct/2020:20:05:45 -0700] "GET /login HTTP/1.1" 200 1655
0:0:0:0:0:0:0:1 - - [15/Oct/2020:20:05:45 -0700] "GET /login HTTP/1.1" 200 1655
0:0:0:0:0:0:0:1 - - [15/Oct/2020:20:05:50 -0700] "POST /doLogin HTTP/1.1" 302 -
0:0:0:0:0:0:0:1 - - [15/Oct/2020:20:05:50 -0700] "GET /loginSuccessful HTTP/1.1" 200 645
0:0:0:0:0:0:0:1 - - [15/Oct/2020:20:05:51 -0700] "GET /searchCourses HTTP/1.1" 200 547
0:0:0:0:0:0:0:1 - - [15/Oct/2020:20:05:53 -0700] "GET /searchCoursesByTitle?title=COMSC-75 HTTP/1.1" 200 1641
0:0:0:0:0:0:0:1 - - [15/Oct/2020:20:05:55 -0700] "GET /registerForClassess?regIdClasses=10101 HTTP/1.1" 200 645
0:0:0:0:0:0:0:1 - - [15/Oct/2020:20:06:49 -0700] "GET /registerForClassess?regIdClasses=10101 HTTP/1.1" 500 12358
0:0:0:0:0:0:0:1 - - [15/Oct/2020:20:06:51 -0700] "GET /login HTTP/1.1" 200 1655
0:0:0:0:0:0:0:1 - - [15/Oct/2020:20:06:58 -0700] "POST /doLogin HTTP/1.1" 302 -
0:0:0:0:0:0:0:1 - - [15/Oct/2020:20:06:58 -0700] "GET /loginSuccessful HTTP/1.1" 200 645
0:0:0:0:0:0:0:1 - - [15/Oct/2020:20:07:00 -0700] "GET /searchCourses HTTP/1.1" 200 547
0:0:0:0:0:0:0:1 - - [15/Oct/2020:20:07:01 -0700] "GET /searchCoursesByTitle?title=COMSC-75 HTTP/1.1" 200 1641
0:0:0:0:0:0:0:1 - - [15/Oct/2020:20:07:03 -0700] "GET /registerForClassess?regIdClasses=10101 HTTP/1.1" 500 12358
0:0:0:0:0:0:0:1 - - [15/Oct/2020:20:07:24 -0700] "GET /login HTTP/1.1" 200 1655
0:0:0:0:0:0:0:1 - - [15/Oct/2020:20:07:28 -0700] "POST /doLogin HTTP/1.1" 302 -
0:0:0:0:0:0:0:1 - - [15/Oct/2020:20:07:28 -0700] "GET /loginSuccessful HTTP/1.1" 200 645
0:0:0:0:0:0:0:1 - - [15/Oct/2020:20:07:29 -0700] "GET /searchCourses HTTP/1.1" 200 547
0:0:0:0:0:0:0:1 - - [15/Oct/2020:20:07:30 -0700] "GET /searchCoursesByTitle?title=COMSC-75 HTTP/1.1" 200 1641
0:0:0:0:0:0:0:1 - - [15/Oct/2020:20:07:33 -0700] "GET /registerForClassess?regIdClasses=10101 HTTP/1.1" 200 645
0:0:0:0:0:0:0:1 - - [15/Oct/2020:20:14:43 -0700] "GET /login HTTP/1.1" 200 1655
0:0:0:0:0:0:0:1 - - [15/Oct/2020:20:14:43 -0700] "GET /login HTTP/1.1" 200 1655
0:0:0:0:0:0:0:1 - - [15/Oct/2020:20:14:46 -0700] "POST /doLogin HTTP/1.1" 302 -
0:0:0:0:0:0:0:1 - - [15/Oct/2020:20:14:46 -0700] "GET /loginSuccessful HTTP/1.1" 200 645
0:0:0:0:0:0:0:1 - - [15/Oct/2020:20:14:47 -0700] "GET /searchCourses HTTP/1.1" 200 547
0:0:0:0:0:0:0:1 - - [15/Oct/2020:20:14:48 -0700] "GET /searchCoursesByTitle?title=COMSC-75 HTTP/1.1" 200 1641
0:0:0:0:0:0:0:1 - - [15/Oct/2020:20:14:50 -0700] "GET /registerForClassess?regIdClasses=10101 HTTP/1.1" 200 645
0:0:0:0:0:0:0:1 - - [15/Oct/2020:20:15:08 -0700] "GET /searchCourses HTTP/1.1" 200 547
0:0:0:0:0:0:0:1 - - [15/Oct/2020:20:15:10 -0700] "GET /searchCoursesByTitle?title=COMSC-75 HTTP/1.1" 200 1641
0:0:0:0:0:0:0:1 - - [15/Oct/2020:20:15:12 -0700] "GET /registerForClassess?regIdClasses=10102 HTTP/1.1" 200 645
0:0:0:0:0:0:0:1 - - [15/Oct/2020:20:39:12 -0700] "GET /login HTTP/1.1" 200 1655
0:0:0:0:0:0:0:1 - - [15/Oct/2020:20:39:13 -0700] "GET /login HTTP/1.1" 200 1655
0:0:0:0:0:0:0:1 - - [15/Oct/2020:20:39:20 -0700] "POST /doLogin HTTP/1.1" 302 -
0:0:0:0:0:0:0:1 - - [15/Oct/2020:20:39:20 -0700] "GET /loginSuccessful HTTP/1.1" 200 645
0:0:0:0:0:0:0:1 - - [15/Oct/2020:20:39:23 -0700] "GET /searchCourses HTTP/1.1" 200 547
0:0:0:0:0:0:0:1 - - [15/Oct/2020:20:39:25 -0700] "GET /searchCoursesByTitle?title=COMSC-75 HTTP/1.1" 200 1641
0:0:0:0:0:0:0:1 - - [15/Oct/2020:20:39:29 -0700] "GET /registerForClassess?regIdClasses=10101 HTTP/1.1" 200 645
0:0:0:0:0:0:0:1 - - [15/Oct/2020:21:05:20 -0700] "GET /login HTTP/1.1" 200 1655
0:0:0:0:0:0:0:1 - - [15/Oct/2020:21:05:20 -0700] "GET /login HTTP/1.1" 200 1655
0:0:0:0:0:0:0:1 - - [15/Oct/2020:21:05:24 -0700] "POST /doLogin HTTP/1.1" 302 -
0:0:0:0:0:0:0:1 - - [15/Oct/2020:21:05:24 -0700] "GET /loginSuccessful HTTP/1.1" 200 645
0:0:0:0:0:0:0:1 - - [15/Oct/2020:21:05:25 -0700] "GET /searchCourses HTTP/1.1" 200 547
0:0:0:0:0:0:0:1 - - [15/Oct/2020:21:05:26 -0700] "GET /searchCoursesByTitle?title=COMSC-75 HTTP/1.1" 200 1641
0:0:0:0:0:0:0:1 - - [15/Oct/2020:21:05:30 -0700] "GET /registerForClassess?regIdClasses=10101 HTTP/1.1" 200 645
0:0:0:0:0:0:0:1 - - [15/Oct/2020:21:12:05 -0700] "GET /login HTTP/1.1" 200 1655
0:0:0:0:0:0:0:1 - - [15/Oct/2020:21:12:05 -0700] "GET /login HTTP/1.1" 200 1655
0:0:0:0:0:0:0:1 - - [15/Oct/2020:21:12:09 -0700] "POST /doLogin HTTP/1.1" 302 -
0:0:0:0:0:0:0:1 - - [15/Oct/2020:21:12:09 -0700] "GET /loginSuccessful HTTP/1.1" 200 645
0:0:0:0:0:0:0:1 - - [15/Oct/2020:21:12:11 -0700] "GET /searchCourses HTTP/1.1" 200 547
0:0:0:0:0:0:0:1 - - [15/Oct/2020:21:12:12 -0700] "GET /searchCoursesByTitle?title=COMSC-75 HTTP/1.1" 200 1641
0:0:0:0:0:0:0:1 - - [15/Oct/2020:21:12:15 -0700] "GET /registerForClassess?regIdClasses=10101 HTTP/1.1" 200 645
0:0:0:0:0:0:0:1 - - [15/Oct/2020:21:15:47 -0700] "GET /registerForClassess?regIdClasses=10101 HTTP/1.1" 200 645
0:0:0:0:0:0:0:1 - - [15/Oct/2020:21:15:49 -0700] "GET /login HTTP/1.1" 200 1655
0:0:0:0:0:0:0:1 - - [15/Oct/2020:21:16:30 -0700] "POST /doLogin HTTP/1.1" 302 -
0:0:0:0:0:0:0:1 - - [15/Oct/2020:21:16:30 -0700] "GET /loginSuccessful HTTP/1.1" 200 645
0:0:0:0:0:0:0:1 - - [15/Oct/2020:21:16:32 -0700] "GET /searchCourses HTTP/1.1" 200 547
0:0:0:0:0:0:0:1 - - [15/Oct/2020:21:16:34 -0700] "GET /searchCoursesByTitle?title=COMSC-75 HTTP/1.1" 200 1641
0:0:0:0:0:0:0:1 - - [15/Oct/2020:21:16:37 -0700] "GET /registerForClassess?regIdClasses=10101 HTTP/1.1" 200 645
