0:0:0:0:0:0:0:1 - - [18/Oct/2020:00:00:23 -0700] "GET /loginSuccessful HTTP/1.1" 200 697
0:0:0:0:0:0:0:1 - - [18/Oct/2020:00:29:38 -0700] "GET /searchBook HTTP/1.1" 200 678
0:0:0:0:0:0:0:1 - - [18/Oct/2020:00:29:41 -0700] "GET /loginSuccessful HTTP/1.1" 200 597
0:0:0:0:0:0:0:1 - - [18/Oct/2020:00:29:42 -0700] "GET /searchCourses HTTP/1.1" 200 547
0:0:0:0:0:0:0:1 - - [18/Oct/2020:00:29:44 -0700] "GET /loginSuccessful HTTP/1.1" 200 597
0:0:0:0:0:0:0:1 - - [18/Oct/2020:00:29:45 -0700] "GET /getAllRequiredBooks HTTP/1.1" 302 -
0:0:0:0:0:0:0:1 - - [18/Oct/2020:00:29:45 -0700] "GET /loginSuccessful HTTP/1.1" 200 597
0:0:0:0:0:0:0:1 - - [18/Oct/2020:20:54:51 -0700] "GET /login HTTP/1.1" 200 1657
0:0:0:0:0:0:0:1 - - [18/Oct/2020:20:54:51 -0700] "GET /favicon.ico HTTP/1.1" 302 -
0:0:0:0:0:0:0:1 - - [18/Oct/2020:20:54:51 -0700] "GET /login HTTP/1.1" 200 1657
0:0:0:0:0:0:0:1 - - [18/Oct/2020:20:54:53 -0700] "GET /signup HTTP/1.1" 200 4862
0:0:0:0:0:0:0:1 - - [18/Oct/2020:20:54:53 -0700] "GET /js/pwstrength.js HTTP/1.1" 200 -
0:0:0:0:0:0:0:1 - - [18/Oct/2020:20:54:53 -0700] "GET /js/jquery-1.7.2.js HTTP/1.1" 200 293292
0:0:0:0:0:0:0:1 - - [18/Oct/2020:20:54:53 -0700] "GET /favicon.ico HTTP/1.1" 302 -
0:0:0:0:0:0:0:1 - - [18/Oct/2020:20:54:53 -0700] "GET /login HTTP/1.1" 200 1657
0:0:0:0:0:0:0:1 - - [18/Oct/2020:20:55:04 -0700] "POST /signup HTTP/1.1" 302 -
0:0:0:0:0:0:0:1 - - [18/Oct/2020:20:55:04 -0700] "GET /login HTTP/1.1" 200 1740
0:0:0:0:0:0:0:1 - - [18/Oct/2020:20:55:05 -0700] "GET /favicon.ico HTTP/1.1" 302 -
0:0:0:0:0:0:0:1 - - [18/Oct/2020:20:55:05 -0700] "GET /login HTTP/1.1" 200 1657
0:0:0:0:0:0:0:1 - - [18/Oct/2020:20:55:09 -0700] "GET /signup HTTP/1.1" 200 4862
0:0:0:0:0:0:0:1 - - [18/Oct/2020:20:55:09 -0700] "GET /js/pwstrength.js HTTP/1.1" 200 -
0:0:0:0:0:0:0:1 - - [18/Oct/2020:20:55:09 -0700] "GET /js/jquery-1.7.2.js HTTP/1.1" 200 293292
0:0:0:0:0:0:0:1 - - [18/Oct/2020:20:55:09 -0700] "GET /favicon.ico HTTP/1.1" 302 -
0:0:0:0:0:0:0:1 - - [18/Oct/2020:20:55:09 -0700] "GET /login HTTP/1.1" 200 1657
0:0:0:0:0:0:0:1 - - [18/Oct/2020:20:55:18 -0700] "POST /signup HTTP/1.1" 302 -
0:0:0:0:0:0:0:1 - - [18/Oct/2020:20:55:18 -0700] "GET /login HTTP/1.1" 200 1740
0:0:0:0:0:0:0:1 - - [18/Oct/2020:20:55:19 -0700] "GET /favicon.ico HTTP/1.1" 302 -
0:0:0:0:0:0:0:1 - - [18/Oct/2020:20:55:19 -0700] "GET /login HTTP/1.1" 200 1657
0:0:0:0:0:0:0:1 - - [18/Oct/2020:20:55:20 -0700] "GET /registrationConfirm?token=ebf16b41-6a2d-451d-a286-1506db6d1813 HTTP/1.1" 302 -
0:0:0:0:0:0:0:1 - - [18/Oct/2020:20:55:20 -0700] "GET /login HTTP/1.1" 200 1730
0:0:0:0:0:0:0:1 - - [18/Oct/2020:20:55:20 -0700] "GET /favicon.ico HTTP/1.1" 302 -
0:0:0:0:0:0:0:1 - - [18/Oct/2020:20:55:20 -0700] "GET /login HTTP/1.1" 200 1657
0:0:0:0:0:0:0:1 - - [18/Oct/2020:20:55:31 -0700] "GET /registrationConfirm?token=6b989faf-aa4c-4d5d-b42d-b86690fed111 HTTP/1.1" 302 -
0:0:0:0:0:0:0:1 - - [18/Oct/2020:20:55:31 -0700] "GET /login HTTP/1.1" 200 1730
0:0:0:0:0:0:0:1 - - [18/Oct/2020:20:55:31 -0700] "GET /favicon.ico HTTP/1.1" 302 -
0:0:0:0:0:0:0:1 - - [18/Oct/2020:20:55:31 -0700] "GET /login HTTP/1.1" 200 1657
0:0:0:0:0:0:0:1 - - [18/Oct/2020:21:02:14 -0700] "POST /doLogin HTTP/1.1" 302 -
0:0:0:0:0:0:0:1 - - [18/Oct/2020:21:02:14 -0700] "GET /loginSuccessful HTTP/1.1" 200 597
0:0:0:0:0:0:0:1 - - [18/Oct/2020:21:02:14 -0700] "GET /favicon.ico HTTP/1.1" 200 1150
0:0:0:0:0:0:0:1 - - [18/Oct/2020:21:02:18 -0700] "GET /searchBook HTTP/1.1" 200 678
0:0:0:0:0:0:0:1 - - [18/Oct/2020:21:02:20 -0700] "GET /searchBookByTitleOrAuthor?argument=Java HTTP/1.1" 200 1446
0:0:0:0:0:0:0:1 - - [18/Oct/2020:21:02:23 -0700] "GET /searchBook HTTP/1.1" 200 678
0:0:0:0:0:0:0:1 - - [18/Oct/2020:21:02:24 -0700] "GET /loginSuccessful HTTP/1.1" 200 597
0:0:0:0:0:0:0:1 - - [18/Oct/2020:21:02:26 -0700] "GET /searchCourses HTTP/1.1" 200 547
0:0:0:0:0:0:0:1 - - [18/Oct/2020:21:02:27 -0700] "GET /searchCoursesByTitle?title=COMSC-75 HTTP/1.1" 302 -
0:0:0:0:0:0:0:1 - - [18/Oct/2020:21:02:27 -0700] "GET /searchCourses HTTP/1.1" 200 547
0:0:0:0:0:0:0:1 - - [18/Oct/2020:21:02:28 -0700] "GET /searchCoursesByTitle?title=COMSC-75 HTTP/1.1" 302 -
0:0:0:0:0:0:0:1 - - [18/Oct/2020:21:02:28 -0700] "GET /searchCourses HTTP/1.1" 200 547
0:0:0:0:0:0:0:1 - - [18/Oct/2020:21:03:23 -0700] "GET /searchCourses HTTP/1.1" 200 547
0:0:0:0:0:0:0:1 - - [18/Oct/2020:21:03:24 -0700] "GET /searchCoursesByTitle?title=COMSC-75 HTTP/1.1" 200 1621
0:0:0:0:0:0:0:1 - - [18/Oct/2020:21:03:29 -0700] "GET /registerForClassess?regIdClasses=10101&regIdClasses=10102 HTTP/1.1" 500 17996
0:0:0:0:0:0:0:1 - - [18/Oct/2020:21:04:13 -0700] "GET /login HTTP/1.1" 200 1657
0:0:0:0:0:0:0:1 - - [18/Oct/2020:21:04:25 -0700] "POST /doLogin HTTP/1.1" 302 -
0:0:0:0:0:0:0:1 - - [18/Oct/2020:21:04:25 -0700] "GET /loginSuccessful HTTP/1.1" 200 597
0:0:0:0:0:0:0:1 - - [18/Oct/2020:21:04:27 -0700] "GET /searchCourses HTTP/1.1" 200 547
0:0:0:0:0:0:0:1 - - [18/Oct/2020:21:04:28 -0700] "GET /searchCoursesByTitle?title=COMSC-75 HTTP/1.1" 200 1621
0:0:0:0:0:0:0:1 - - [18/Oct/2020:21:04:32 -0700] "GET /registerForClassess?regIdClasses=10101&regIdClasses=10102 HTTP/1.1" 500 18918
0:0:0:0:0:0:0:1 - - [18/Oct/2020:21:06:41 -0700] "GET /searchCoursesByTitle?title=COMSC-75 HTTP/1.1" 200 1621
0:0:0:0:0:0:0:1 - - [18/Oct/2020:21:08:11 -0700] "GET /login HTTP/1.1" 200 1657
0:0:0:0:0:0:0:1 - - [18/Oct/2020:21:08:14 -0700] "POST /doLogin HTTP/1.1" 302 -
0:0:0:0:0:0:0:1 - - [18/Oct/2020:21:08:14 -0700] "GET /loginSuccessful HTTP/1.1" 200 597
0:0:0:0:0:0:0:1 - - [18/Oct/2020:21:08:16 -0700] "GET /searchCourses HTTP/1.1" 200 547
0:0:0:0:0:0:0:1 - - [18/Oct/2020:21:08:17 -0700] "GET /searchCoursesByTitle?title=COMSC-75 HTTP/1.1" 200 1621
0:0:0:0:0:0:0:1 - - [18/Oct/2020:21:08:23 -0700] "GET /registerForClassess?regIdClasses=10101&regIdClasses=10102 HTTP/1.1" 500 18918
0:0:0:0:0:0:0:1 - - [18/Oct/2020:21:22:04 -0700] "GET /login HTTP/1.1" 200 1657
0:0:0:0:0:0:0:1 - - [18/Oct/2020:21:22:08 -0700] "POST /doLogin HTTP/1.1" 302 -
0:0:0:0:0:0:0:1 - - [18/Oct/2020:21:22:08 -0700] "GET /loginSuccessful HTTP/1.1" 200 597
0:0:0:0:0:0:0:1 - - [18/Oct/2020:21:22:09 -0700] "GET /searchCourses HTTP/1.1" 200 547
0:0:0:0:0:0:0:1 - - [18/Oct/2020:21:22:10 -0700] "GET /searchCoursesByTitle?title=COMSC-75 HTTP/1.1" 200 1621
0:0:0:0:0:0:0:1 - - [18/Oct/2020:21:22:15 -0700] "GET /registerForClassess?regIdClasses=10101&regIdClasses=10102 HTTP/1.1" 500 13348
0:0:0:0:0:0:0:1 - - [18/Oct/2020:21:23:30 -0700] "GET /login HTTP/1.1" 200 1657
0:0:0:0:0:0:0:1 - - [18/Oct/2020:21:23:34 -0700] "POST /doLogin HTTP/1.1" 302 -
0:0:0:0:0:0:0:1 - - [18/Oct/2020:21:23:34 -0700] "GET /loginSuccessful HTTP/1.1" 200 597
0:0:0:0:0:0:0:1 - - [18/Oct/2020:21:23:36 -0700] "GET /searchCourses HTTP/1.1" 200 547
0:0:0:0:0:0:0:1 - - [18/Oct/2020:21:23:37 -0700] "GET /searchCoursesByTitle?title=COMSC-75 HTTP/1.1" 200 1621
0:0:0:0:0:0:0:1 - - [18/Oct/2020:21:23:41 -0700] "GET /registerForClassess?regIdClasses=10101 HTTP/1.1" 500 13348
0:0:0:0:0:0:0:1 - - [18/Oct/2020:21:24:57 -0700] "GET /login HTTP/1.1" 200 1657
0:0:0:0:0:0:0:1 - - [18/Oct/2020:21:24:57 -0700] "GET /login HTTP/1.1" 200 1657
0:0:0:0:0:0:0:1 - - [18/Oct/2020:21:25:01 -0700] "POST /doLogin HTTP/1.1" 302 -
0:0:0:0:0:0:0:1 - - [18/Oct/2020:21:25:01 -0700] "GET /loginSuccessful HTTP/1.1" 200 597
0:0:0:0:0:0:0:1 - - [18/Oct/2020:21:25:03 -0700] "GET /searchCourses HTTP/1.1" 200 547
0:0:0:0:0:0:0:1 - - [18/Oct/2020:21:25:04 -0700] "GET /searchCoursesByTitle?title=COMSC-75 HTTP/1.1" 200 1621
0:0:0:0:0:0:0:1 - - [18/Oct/2020:21:25:06 -0700] "GET /registerForClassess?regIdClasses=10101 HTTP/1.1" 500 13343
0:0:0:0:0:0:0:1 - - [18/Oct/2020:21:25:11 -0700] "GET /searchCoursesByTitle?title=COMSC-75 HTTP/1.1" 200 1621
0:0:0:0:0:0:0:1 - - [18/Oct/2020:21:25:12 -0700] "GET /registerForClassess?regIdClasses=10101 HTTP/1.1" 500 13348
0:0:0:0:0:0:0:1 - - [18/Oct/2020:22:18:27 -0700] "GET /rl HTTP/1.1" 302 -
0:0:0:0:0:0:0:1 - - [18/Oct/2020:22:18:27 -0700] "GET /login HTTP/1.1" 200 1657
0:0:0:0:0:0:0:1 - - [18/Oct/2020:22:18:31 -0700] "POST /doLogin HTTP/1.1" 302 -
0:0:0:0:0:0:0:1 - - [18/Oct/2020:22:18:31 -0700] "GET /loginSuccessful HTTP/1.1" 200 597
0:0:0:0:0:0:0:1 - - [18/Oct/2020:22:18:33 -0700] "GET /searchCourses HTTP/1.1" 200 547
0:0:0:0:0:0:0:1 - - [18/Oct/2020:22:18:34 -0700] "GET /searchCoursesByTitle?title=COMSC-75 HTTP/1.1" 200 1621
0:0:0:0:0:0:0:1 - - [18/Oct/2020:22:18:36 -0700] "GET /registerForClassess?regIdClasses=10101 HTTP/1.1" 500 14913
0:0:0:0:0:0:0:1 - - [18/Oct/2020:22:19:24 -0700] "GET /login HTTP/1.1" 200 1657
0:0:0:0:0:0:0:1 - - [18/Oct/2020:22:19:28 -0700] "POST /doLogin HTTP/1.1" 302 -
0:0:0:0:0:0:0:1 - - [18/Oct/2020:22:19:28 -0700] "GET /loginSuccessful HTTP/1.1" 200 597
0:0:0:0:0:0:0:1 - - [18/Oct/2020:22:19:29 -0700] "GET /searchCourses HTTP/1.1" 200 547
0:0:0:0:0:0:0:1 - - [18/Oct/2020:22:19:30 -0700] "GET /searchCoursesByTitle?title=COMSC-75 HTTP/1.1" 200 1621
0:0:0:0:0:0:0:1 - - [18/Oct/2020:22:19:32 -0700] "GET /registerForClassess?regIdClasses=10101 HTTP/1.1" 302 -
0:0:0:0:0:0:0:1 - - [18/Oct/2020:22:19:33 -0700] "GET /loginSuccessful HTTP/1.1" 200 597
0:0:0:0:0:0:0:1 - - [18/Oct/2020:22:20:37 -0700] "GET /login HTTP/1.1" 200 1657
0:0:0:0:0:0:0:1 - - [18/Oct/2020:22:20:37 -0700] "GET /login HTTP/1.1" 200 1657
0:0:0:0:0:0:0:1 - - [18/Oct/2020:22:20:47 -0700] "POST /doLogin HTTP/1.1" 302 -
0:0:0:0:0:0:0:1 - - [18/Oct/2020:22:20:47 -0700] "GET /loginSuccessful HTTP/1.1" 200 597
0:0:0:0:0:0:0:1 - - [18/Oct/2020:22:20:48 -0700] "GET /searchCourses HTTP/1.1" 200 547
0:0:0:0:0:0:0:1 - - [18/Oct/2020:22:20:49 -0700] "GET /searchCoursesByTitle?title=COMSC-75 HTTP/1.1" 200 1621
0:0:0:0:0:0:0:1 - - [18/Oct/2020:22:20:52 -0700] "GET /registerForClassess?regIdClasses=10101 HTTP/1.1" 500 13348
0:0:0:0:0:0:0:1 - - [18/Oct/2020:22:23:53 -0700] "GET /login HTTP/1.1" 200 1657
0:0:0:0:0:0:0:1 - - [18/Oct/2020:22:23:56 -0700] "POST /doLogin HTTP/1.1" 302 -
0:0:0:0:0:0:0:1 - - [18/Oct/2020:22:23:56 -0700] "GET /loginSuccessful HTTP/1.1" 200 597
0:0:0:0:0:0:0:1 - - [18/Oct/2020:22:23:57 -0700] "GET /searchCourses HTTP/1.1" 200 547
0:0:0:0:0:0:0:1 - - [18/Oct/2020:22:23:59 -0700] "GET /searchCoursesByTitle?title=COMSC-75 HTTP/1.1" 200 1621
0:0:0:0:0:0:0:1 - - [18/Oct/2020:22:24:01 -0700] "GET /registerForClassess?regIdClasses=10101&regIdClasses=10102 HTTP/1.1" 500 13348
0:0:0:0:0:0:0:1 - - [18/Oct/2020:22:24:13 -0700] "GET /searchCoursesByTitle?title=COMSC-75 HTTP/1.1" 200 1621
0:0:0:0:0:0:0:1 - - [18/Oct/2020:22:24:15 -0700] "GET /registerForClassess?regIdClasses=10101 HTTP/1.1" 500 13343
0:0:0:0:0:0:0:1 - - [18/Oct/2020:22:24:17 -0700] "GET /searchCoursesByTitle?title=COMSC-75 HTTP/1.1" 200 1621
0:0:0:0:0:0:0:1 - - [18/Oct/2020:22:25:00 -0700] "GET /login HTTP/1.1" 200 1657
0:0:0:0:0:0:0:1 - - [18/Oct/2020:22:25:05 -0700] "POST /doLogin HTTP/1.1" 302 -
0:0:0:0:0:0:0:1 - - [18/Oct/2020:22:25:05 -0700] "GET /loginSuccessful HTTP/1.1" 200 597
0:0:0:0:0:0:0:1 - - [18/Oct/2020:22:25:05 -0700] "GET /searchCourses HTTP/1.1" 200 547
0:0:0:0:0:0:0:1 - - [18/Oct/2020:22:25:06 -0700] "GET /searchCoursesByTitle?title=COMSC-75 HTTP/1.1" 200 1621
0:0:0:0:0:0:0:1 - - [18/Oct/2020:22:25:10 -0700] "GET /registerForClassess?regIdClasses=10101&regIdClasses=10102 HTTP/1.1" 500 14913
0:0:0:0:0:0:0:1 - - [18/Oct/2020:22:28:06 -0700] "GET /searchCoursesByTitle?title=COMSC-75 HTTP/1.1" 200 1621
0:0:0:0:0:0:0:1 - - [18/Oct/2020:22:28:08 -0700] "GET /searchCourses HTTP/1.1" 200 547
192.168.1.200 - - [18/Oct/2020:22:52:51 -0700] "GET / HTTP/1.1" 302 -
192.168.1.200 - - [18/Oct/2020:22:52:51 -0700] "GET /login HTTP/1.1" 200 1657
0:0:0:0:0:0:0:1 - - [18/Oct/2020:23:17:54 -0700] "GET /login HTTP/1.1" 200 1657
0:0:0:0:0:0:0:1 - - [18/Oct/2020:23:17:54 -0700] "GET /login HTTP/1.1" 200 1657
0:0:0:0:0:0:0:1 - - [18/Oct/2020:23:17:57 -0700] "POST /doLogin HTTP/1.1" 302 -
0:0:0:0:0:0:0:1 - - [18/Oct/2020:23:17:57 -0700] "GET /loginSuccessful HTTP/1.1" 200 597
0:0:0:0:0:0:0:1 - - [18/Oct/2020:23:17:58 -0700] "GET /searchCourses HTTP/1.1" 200 547
0:0:0:0:0:0:0:1 - - [18/Oct/2020:23:17:59 -0700] "GET /searchCoursesByTitle?title=COMSC-75 HTTP/1.1" 200 1621
0:0:0:0:0:0:0:1 - - [18/Oct/2020:23:18:00 -0700] "GET /registerForClassess?regIdClasses=10101 HTTP/1.1" 500 14913
0:0:0:0:0:0:0:1 - - [18/Oct/2020:23:21:38 -0700] "GET /login HTTP/1.1" 200 1657
0:0:0:0:0:0:0:1 - - [18/Oct/2020:23:21:42 -0700] "POST /doLogin HTTP/1.1" 302 -
0:0:0:0:0:0:0:1 - - [18/Oct/2020:23:21:42 -0700] "GET /loginSuccessful HTTP/1.1" 200 597
0:0:0:0:0:0:0:1 - - [18/Oct/2020:23:21:44 -0700] "GET /searchCourses HTTP/1.1" 200 547
0:0:0:0:0:0:0:1 - - [18/Oct/2020:23:21:44 -0700] "GET /searchCoursesByTitle?title=COMSC-75 HTTP/1.1" 200 1621
0:0:0:0:0:0:0:1 - - [18/Oct/2020:23:21:46 -0700] "GET /registerForClassess?regIdClasses=10101 HTTP/1.1" 500 14913
0:0:0:0:0:0:0:1 - - [18/Oct/2020:23:45:14 -0700] "GET /login HTTP/1.1" 200 1657
0:0:0:0:0:0:0:1 - - [18/Oct/2020:23:45:14 -0700] "GET /login HTTP/1.1" 200 1657
0:0:0:0:0:0:0:1 - - [18/Oct/2020:23:45:17 -0700] "POST /doLogin HTTP/1.1" 302 -
0:0:0:0:0:0:0:1 - - [18/Oct/2020:23:45:17 -0700] "GET /loginSuccessful HTTP/1.1" 200 597
0:0:0:0:0:0:0:1 - - [18/Oct/2020:23:45:18 -0700] "GET /searchCourses HTTP/1.1" 200 547
0:0:0:0:0:0:0:1 - - [18/Oct/2020:23:45:19 -0700] "GET /searchCoursesByTitle?title=COMSC-75 HTTP/1.1" 200 1621
0:0:0:0:0:0:0:1 - - [18/Oct/2020:23:45:21 -0700] "GET /registerForClassess?regIdClasses=10101 HTTP/1.1" 500 14913
