0:0:0:0:0:0:0:1 - - [22/Oct/2020:00:00:07 -0700] "GET /dropClasses HTTP/1.1" 200 1194
0:0:0:0:0:0:0:1 - - [22/Oct/2020:00:00:10 -0700] "POST /dropClasses HTTP/1.1" 302 -
0:0:0:0:0:0:0:1 - - [22/Oct/2020:00:00:10 -0700] "GET /loginSuccessful HTTP/1.1" 200 650
0:0:0:0:0:0:0:1 - - [22/Oct/2020:00:01:33 -0700] "GET /dropClasses HTTP/1.1" 200 1194
0:0:0:0:0:0:0:1 - - [22/Oct/2020:00:01:36 -0700] "POST /dropClasses HTTP/1.1" 500 9517
0:0:0:0:0:0:0:1 - - [22/Oct/2020:00:01:45 -0700] "GET /dropClasses HTTP/1.1" 200 1194
0:0:0:0:0:0:0:1 - - [22/Oct/2020:00:01:47 -0700] "GET /loginSuccessful HTTP/1.1" 200 650
0:0:0:0:0:0:0:1 - - [22/Oct/2020:00:04:15 -0700] "GET /login HTTP/1.1" 200 1657
0:0:0:0:0:0:0:1 - - [22/Oct/2020:00:04:15 -0700] "GET /login HTTP/1.1" 200 1657
0:0:0:0:0:0:0:1 - - [22/Oct/2020:00:04:19 -0700] "POST /doLogin HTTP/1.1" 302 -
0:0:0:0:0:0:0:1 - - [22/Oct/2020:00:04:19 -0700] "GET /loginSuccessful HTTP/1.1" 200 650
0:0:0:0:0:0:0:1 - - [22/Oct/2020:00:04:20 -0700] "GET /searchCourses HTTP/1.1" 200 549
0:0:0:0:0:0:0:1 - - [22/Oct/2020:00:04:21 -0700] "GET /searchCoursesByTitle?title=COMSC-75 HTTP/1.1" 200 1621
0:0:0:0:0:0:0:1 - - [22/Oct/2020:00:04:24 -0700] "GET /registerForClassess?regIdClasses=10101 HTTP/1.1" 302 -
0:0:0:0:0:0:0:1 - - [22/Oct/2020:00:04:24 -0700] "GET /loginSuccessful HTTP/1.1" 200 650
0:0:0:0:0:0:0:1 - - [22/Oct/2020:00:04:49 -0700] "GET /dropClasses HTTP/1.1" 200 880
0:0:0:0:0:0:0:1 - - [22/Oct/2020:00:04:59 -0700] "GET /loginSuccessful HTTP/1.1" 200 650
0:0:0:0:0:0:0:1 - - [22/Oct/2020:00:05:00 -0700] "GET /searchCourses HTTP/1.1" 200 549
0:0:0:0:0:0:0:1 - - [22/Oct/2020:00:05:09 -0700] "GET /searchCoursesByTitle?title=COMSC-75 HTTP/1.1" 200 1621
0:0:0:0:0:0:0:1 - - [22/Oct/2020:00:05:12 -0700] "GET /registerForClassess?regIdClasses=10101 HTTP/1.1" 302 -
0:0:0:0:0:0:0:1 - - [22/Oct/2020:00:05:12 -0700] "GET /loginSuccessful HTTP/1.1" 200 650
0:0:0:0:0:0:0:1 - - [22/Oct/2020:00:05:15 -0700] "GET /searchCourses HTTP/1.1" 200 549
0:0:0:0:0:0:0:1 - - [22/Oct/2020:00:05:17 -0700] "GET /searchCoursesByTitle?title=COMSC-75 HTTP/1.1" 200 1621
0:0:0:0:0:0:0:1 - - [22/Oct/2020:00:05:20 -0700] "GET /registerForClassess?regIdClasses=10101 HTTP/1.1" 302 -
0:0:0:0:0:0:0:1 - - [22/Oct/2020:00:05:20 -0700] "GET /loginSuccessful HTTP/1.1" 200 650
0:0:0:0:0:0:0:1 - - [22/Oct/2020:00:06:48 -0700] "GET /login HTTP/1.1" 200 1657
0:0:0:0:0:0:0:1 - - [22/Oct/2020:00:06:53 -0700] "POST /doLogin HTTP/1.1" 302 -
0:0:0:0:0:0:0:1 - - [22/Oct/2020:00:06:53 -0700] "GET /loginSuccessful HTTP/1.1" 200 650
0:0:0:0:0:0:0:1 - - [22/Oct/2020:00:07:01 -0700] "GET /searchCourses HTTP/1.1" 200 549
0:0:0:0:0:0:0:1 - - [22/Oct/2020:00:07:02 -0700] "GET /searchCoursesByTitle?title=COMSC-75 HTTP/1.1" 200 1621
0:0:0:0:0:0:0:1 - - [22/Oct/2020:00:07:06 -0700] "GET /registerForClassess?regIdClasses=10101 HTTP/1.1" 302 -
0:0:0:0:0:0:0:1 - - [22/Oct/2020:00:07:06 -0700] "GET /loginSuccessful HTTP/1.1" 200 650
0:0:0:0:0:0:0:1 - - [22/Oct/2020:00:07:12 -0700] "GET /login HTTP/1.1" 200 1657
0:0:0:0:0:0:0:1 - - [22/Oct/2020:00:07:20 -0700] "POST /doLogin HTTP/1.1" 302 -
0:0:0:0:0:0:0:1 - - [22/Oct/2020:00:07:20 -0700] "GET /loginSuccessful HTTP/1.1" 200 650
0:0:0:0:0:0:0:1 - - [22/Oct/2020:00:07:22 -0700] "GET /searchCourses HTTP/1.1" 200 549
0:0:0:0:0:0:0:1 - - [22/Oct/2020:00:07:23 -0700] "GET /searchCoursesByTitle?title=COMSC-75 HTTP/1.1" 200 1621
0:0:0:0:0:0:0:1 - - [22/Oct/2020:00:07:25 -0700] "GET /registerForClassess?regIdClasses=10101 HTTP/1.1" 302 -
0:0:0:0:0:0:0:1 - - [22/Oct/2020:00:07:25 -0700] "GET /loginSuccessful HTTP/1.1" 200 650
0:0:0:0:0:0:0:1 - - [22/Oct/2020:00:09:39 -0700] "GET /login HTTP/1.1" 200 1657
0:0:0:0:0:0:0:1 - - [22/Oct/2020:00:09:39 -0700] "GET /login HTTP/1.1" 200 1657
0:0:0:0:0:0:0:1 - - [22/Oct/2020:00:09:43 -0700] "POST /doLogin HTTP/1.1" 302 -
0:0:0:0:0:0:0:1 - - [22/Oct/2020:00:09:43 -0700] "GET /loginSuccessful HTTP/1.1" 200 650
0:0:0:0:0:0:0:1 - - [22/Oct/2020:00:09:45 -0700] "GET /searchCourses HTTP/1.1" 200 549
0:0:0:0:0:0:0:1 - - [22/Oct/2020:00:09:46 -0700] "GET /searchCoursesByTitle?title=COMSC-75 HTTP/1.1" 200 1621
0:0:0:0:0:0:0:1 - - [22/Oct/2020:00:09:50 -0700] "GET /registerForClassess?regIdClasses=10101 HTTP/1.1" 302 -
0:0:0:0:0:0:0:1 - - [22/Oct/2020:00:09:50 -0700] "GET /loginSuccessful HTTP/1.1" 200 650
0:0:0:0:0:0:0:1 - - [22/Oct/2020:00:09:54 -0700] "GET /dropClasses HTTP/1.1" 200 1194
0:0:0:0:0:0:0:1 - - [22/Oct/2020:00:09:58 -0700] "POST /dropClasses HTTP/1.1" 302 -
0:0:0:0:0:0:0:1 - - [22/Oct/2020:00:09:58 -0700] "GET /loginSuccessful HTTP/1.1" 200 650
0:0:0:0:0:0:0:1 - - [22/Oct/2020:00:10:06 -0700] "GET /searchCourses HTTP/1.1" 200 549
0:0:0:0:0:0:0:1 - - [22/Oct/2020:00:10:08 -0700] "GET /searchCoursesByTitle?title=COMSC-75 HTTP/1.1" 200 1621
0:0:0:0:0:0:0:1 - - [22/Oct/2020:00:10:11 -0700] "GET /registerForClassess?regIdClasses=10101 HTTP/1.1" 302 -
0:0:0:0:0:0:0:1 - - [22/Oct/2020:00:10:11 -0700] "GET /loginSuccessful HTTP/1.1" 200 650
0:0:0:0:0:0:0:1 - - [22/Oct/2020:00:20:51 -0700] "GET /login HTTP/1.1" 200 1657
0:0:0:0:0:0:0:1 - - [22/Oct/2020:00:20:51 -0700] "GET /login HTTP/1.1" 200 1657
0:0:0:0:0:0:0:1 - - [22/Oct/2020:00:20:56 -0700] "POST /doLogin HTTP/1.1" 302 -
0:0:0:0:0:0:0:1 - - [22/Oct/2020:00:20:56 -0700] "GET /loginSuccessful HTTP/1.1" 200 650
0:0:0:0:0:0:0:1 - - [22/Oct/2020:00:20:57 -0700] "GET /searchCourses HTTP/1.1" 200 549
0:0:0:0:0:0:0:1 - - [22/Oct/2020:00:20:58 -0700] "GET /searchCoursesByTitle?title=COMSC-75 HTTP/1.1" 200 1621
0:0:0:0:0:0:0:1 - - [22/Oct/2020:00:20:59 -0700] "GET /registerForClassess?regIdClasses=10101 HTTP/1.1" 302 -
0:0:0:0:0:0:0:1 - - [22/Oct/2020:00:20:59 -0700] "GET /loginSuccessful HTTP/1.1" 200 650
0:0:0:0:0:0:0:1 - - [22/Oct/2020:00:21:43 -0700] "GET /login HTTP/1.1" 200 1657
0:0:0:0:0:0:0:1 - - [22/Oct/2020:00:21:46 -0700] "POST /doLogin HTTP/1.1" 302 -
0:0:0:0:0:0:0:1 - - [22/Oct/2020:00:21:47 -0700] "GET /loginSuccessful HTTP/1.1" 200 650
0:0:0:0:0:0:0:1 - - [22/Oct/2020:00:21:48 -0700] "GET /searchCourses HTTP/1.1" 200 549
0:0:0:0:0:0:0:1 - - [22/Oct/2020:00:21:49 -0700] "GET /searchCoursesByTitle?title=COMSC-75 HTTP/1.1" 200 1621
0:0:0:0:0:0:0:1 - - [22/Oct/2020:00:21:51 -0700] "GET /registerForClassess?regIdClasses=10101 HTTP/1.1" 302 -
0:0:0:0:0:0:0:1 - - [22/Oct/2020:00:21:51 -0700] "GET /loginSuccessful HTTP/1.1" 200 650
0:0:0:0:0:0:0:1 - - [22/Oct/2020:00:21:59 -0700] "GET /dropClasses HTTP/1.1" 200 1194
0:0:0:0:0:0:0:1 - - [22/Oct/2020:00:22:02 -0700] "POST /dropClasses HTTP/1.1" 302 -
0:0:0:0:0:0:0:1 - - [22/Oct/2020:00:22:02 -0700] "GET /loginSuccessful HTTP/1.1" 200 650
0:0:0:0:0:0:0:1 - - [22/Oct/2020:00:22:13 -0700] "GET /searchCourses HTTP/1.1" 200 549
0:0:0:0:0:0:0:1 - - [22/Oct/2020:00:22:15 -0700] "GET /searchCoursesByTitle?title=COMSC-75 HTTP/1.1" 200 1621
0:0:0:0:0:0:0:1 - - [22/Oct/2020:00:22:18 -0700] "GET /registerForClassess?regIdClasses=10101 HTTP/1.1" 302 -
0:0:0:0:0:0:0:1 - - [22/Oct/2020:00:22:18 -0700] "GET /loginSuccessful HTTP/1.1" 200 650
0:0:0:0:0:0:0:1 - - [22/Oct/2020:00:31:30 -0700] "GET /loginSuccessful HTTP/1.1" 200 650
0:0:0:0:0:0:0:1 - - [22/Oct/2020:00:31:31 -0700] "GET /searchCourses HTTP/1.1" 200 549
0:0:0:0:0:0:0:1 - - [22/Oct/2020:00:31:32 -0700] "GET /searchCoursesByTitle?title=COMSC-75 HTTP/1.1" 200 1621
0:0:0:0:0:0:0:1 - - [22/Oct/2020:00:31:34 -0700] "GET /registerForClassess?regIdClasses=10101&regIdClasses=10102 HTTP/1.1" 302 -
0:0:0:0:0:0:0:1 - - [22/Oct/2020:00:31:34 -0700] "GET /loginSuccessful HTTP/1.1" 200 650
0:0:0:0:0:0:0:1 - - [22/Oct/2020:00:32:31 -0700] "GET /loginSuccessful HTTP/1.1" 200 650
0:0:0:0:0:0:0:1 - - [22/Oct/2020:00:32:33 -0700] "GET /loginSuccessful HTTP/1.1" 200 650
0:0:0:0:0:0:0:1 - - [22/Oct/2020:00:32:34 -0700] "GET /searchCourses HTTP/1.1" 200 549
0:0:0:0:0:0:0:1 - - [22/Oct/2020:00:32:34 -0700] "GET /searchCoursesByTitle?title=COMSC-75 HTTP/1.1" 200 1621
0:0:0:0:0:0:0:1 - - [22/Oct/2020:00:32:37 -0700] "GET /registerForClassess?regIdClasses=10101&regIdClasses=10102 HTTP/1.1" 302 -
0:0:0:0:0:0:0:1 - - [22/Oct/2020:00:32:37 -0700] "GET /loginSuccessful HTTP/1.1" 200 650
0:0:0:0:0:0:0:1 - - [22/Oct/2020:00:33:09 -0700] "GET /loginSuccessful HTTP/1.1" 200 650
0:0:0:0:0:0:0:1 - - [22/Oct/2020:00:33:11 -0700] "GET /searchCourses HTTP/1.1" 200 549
0:0:0:0:0:0:0:1 - - [22/Oct/2020:00:33:11 -0700] "GET /searchCoursesByTitle?title=COMSC-75 HTTP/1.1" 200 1621
0:0:0:0:0:0:0:1 - - [22/Oct/2020:00:33:13 -0700] "GET /registerForClassess?regIdClasses=10101&regIdClasses=10102 HTTP/1.1" 302 -
0:0:0:0:0:0:0:1 - - [22/Oct/2020:00:33:13 -0700] "GET /loginSuccessful HTTP/1.1" 200 650
0:0:0:0:0:0:0:1 - - [22/Oct/2020:00:37:11 -0700] "GET /login HTTP/1.1" 200 1657
0:0:0:0:0:0:0:1 - - [22/Oct/2020:00:37:11 -0700] "GET /login HTTP/1.1" 200 1657
0:0:0:0:0:0:0:1 - - [22/Oct/2020:00:37:15 -0700] "POST /doLogin HTTP/1.1" 302 -
0:0:0:0:0:0:0:1 - - [22/Oct/2020:00:37:15 -0700] "GET /loginSuccessful HTTP/1.1" 200 650
0:0:0:0:0:0:0:1 - - [22/Oct/2020:00:37:16 -0700] "GET /searchCourses HTTP/1.1" 200 549
0:0:0:0:0:0:0:1 - - [22/Oct/2020:00:37:18 -0700] "GET /searchCoursesByTitle?title=COMSC-75 HTTP/1.1" 200 1621
0:0:0:0:0:0:0:1 - - [22/Oct/2020:00:37:19 -0700] "GET /registerForClassess?regIdClasses=10101 HTTP/1.1" 302 -
0:0:0:0:0:0:0:1 - - [22/Oct/2020:00:37:19 -0700] "GET /registerFailed HTTP/1.1" 200 637
0:0:0:0:0:0:0:1 - - [22/Oct/2020:00:37:52 -0700] "GET /login HTTP/1.1" 200 1657
0:0:0:0:0:0:0:1 - - [22/Oct/2020:00:37:55 -0700] "POST /doLogin HTTP/1.1" 302 -
0:0:0:0:0:0:0:1 - - [22/Oct/2020:00:37:55 -0700] "GET /loginSuccessful HTTP/1.1" 200 650
0:0:0:0:0:0:0:1 - - [22/Oct/2020:00:37:55 -0700] "GET /searchCourses HTTP/1.1" 200 549
0:0:0:0:0:0:0:1 - - [22/Oct/2020:00:37:56 -0700] "GET /searchCoursesByTitle?title=COMSC-75 HTTP/1.1" 200 1621
0:0:0:0:0:0:0:1 - - [22/Oct/2020:00:37:58 -0700] "GET /registerForClassess?regIdClasses=10101&regIdClasses=10102 HTTP/1.1" 302 -
0:0:0:0:0:0:0:1 - - [22/Oct/2020:00:37:58 -0700] "GET /loginSuccessful HTTP/1.1" 200 650
0:0:0:0:0:0:0:1 - - [22/Oct/2020:00:38:09 -0700] "GET /dropClasses HTTP/1.1" 200 1526
0:0:0:0:0:0:0:1 - - [22/Oct/2020:00:38:12 -0700] "POST /dropClasses HTTP/1.1" 302 -
0:0:0:0:0:0:0:1 - - [22/Oct/2020:00:38:12 -0700] "GET /loginSuccessful HTTP/1.1" 200 650
0:0:0:0:0:0:0:1 - - [22/Oct/2020:00:38:21 -0700] "GET /searchCourses HTTP/1.1" 200 549
0:0:0:0:0:0:0:1 - - [22/Oct/2020:00:38:22 -0700] "GET /searchCoursesByTitle?title=COMSC-75 HTTP/1.1" 200 1621
0:0:0:0:0:0:0:1 - - [22/Oct/2020:00:38:24 -0700] "GET /registerForClassess?regIdClasses=10101 HTTP/1.1" 302 -
0:0:0:0:0:0:0:1 - - [22/Oct/2020:00:38:24 -0700] "GET /registerFailed HTTP/1.1" 200 637
0:0:0:0:0:0:0:1 - - [22/Oct/2020:00:39:11 -0700] "GET /login HTTP/1.1" 200 1657
0:0:0:0:0:0:0:1 - - [22/Oct/2020:00:39:14 -0700] "POST /doLogin HTTP/1.1" 302 -
0:0:0:0:0:0:0:1 - - [22/Oct/2020:00:39:14 -0700] "GET /loginSuccessful HTTP/1.1" 200 650
0:0:0:0:0:0:0:1 - - [22/Oct/2020:00:39:15 -0700] "GET /searchCourses HTTP/1.1" 200 549
0:0:0:0:0:0:0:1 - - [22/Oct/2020:00:39:17 -0700] "GET /searchCoursesByTitle?title=COMSC-75 HTTP/1.1" 200 1621
0:0:0:0:0:0:0:1 - - [22/Oct/2020:00:39:20 -0700] "GET /registerForClassess?regIdClasses=10101&regIdClasses=10102 HTTP/1.1" 302 -
0:0:0:0:0:0:0:1 - - [22/Oct/2020:00:39:20 -0700] "GET /loginSuccessful HTTP/1.1" 200 650
0:0:0:0:0:0:0:1 - - [22/Oct/2020:00:39:22 -0700] "GET /dropClasses HTTP/1.1" 200 1526
0:0:0:0:0:0:0:1 - - [22/Oct/2020:00:39:25 -0700] "POST /dropClasses HTTP/1.1" 302 -
0:0:0:0:0:0:0:1 - - [22/Oct/2020:00:39:25 -0700] "GET /loginSuccessful HTTP/1.1" 200 650
0:0:0:0:0:0:0:1 - - [22/Oct/2020:00:39:26 -0700] "GET /searchCourses HTTP/1.1" 200 549
0:0:0:0:0:0:0:1 - - [22/Oct/2020:00:39:27 -0700] "GET /searchCoursesByTitle?title=COMSC-75 HTTP/1.1" 200 1621
0:0:0:0:0:0:0:1 - - [22/Oct/2020:00:39:28 -0700] "GET /registerForClassess?regIdClasses=10101 HTTP/1.1" 302 -
0:0:0:0:0:0:0:1 - - [22/Oct/2020:00:39:28 -0700] "GET /registerFailed HTTP/1.1" 200 637
0:0:0:0:0:0:0:1 - - [22/Oct/2020:00:45:20 -0700] "GET /login HTTP/1.1" 200 1657
0:0:0:0:0:0:0:1 - - [22/Oct/2020:00:45:20 -0700] "GET /login HTTP/1.1" 200 1657
0:0:0:0:0:0:0:1 - - [22/Oct/2020:00:45:23 -0700] "POST /doLogin HTTP/1.1" 302 -
0:0:0:0:0:0:0:1 - - [22/Oct/2020:00:45:23 -0700] "GET /loginSuccessful HTTP/1.1" 200 650
0:0:0:0:0:0:0:1 - - [22/Oct/2020:00:45:24 -0700] "GET /searchCourses HTTP/1.1" 200 549
0:0:0:0:0:0:0:1 - - [22/Oct/2020:00:45:25 -0700] "GET /searchCoursesByTitle?title=COMSC-75 HTTP/1.1" 200 1621
0:0:0:0:0:0:0:1 - - [22/Oct/2020:00:45:27 -0700] "GET /registerForClassess?regIdClasses=10101&regIdClasses=10102 HTTP/1.1" 302 -
0:0:0:0:0:0:0:1 - - [22/Oct/2020:00:45:27 -0700] "GET /loginSuccessful HTTP/1.1" 200 650
0:0:0:0:0:0:0:1 - - [22/Oct/2020:00:48:32 -0700] "GET /loginSuccessful HTTP/1.1" 200 650
0:0:0:0:0:0:0:1 - - [22/Oct/2020:00:48:33 -0700] "GET /searchCourses HTTP/1.1" 200 549
0:0:0:0:0:0:0:1 - - [22/Oct/2020:00:48:34 -0700] "GET /searchCoursesByTitle?title=COMSC-75 HTTP/1.1" 200 1621
0:0:0:0:0:0:0:1 - - [22/Oct/2020:00:48:35 -0700] "GET /registerForClassess?regIdClasses=10101&regIdClasses=10102 HTTP/1.1" 302 -
0:0:0:0:0:0:0:1 - - [22/Oct/2020:00:48:35 -0700] "GET /loginSuccessful HTTP/1.1" 200 650
0:0:0:0:0:0:0:1 - - [22/Oct/2020:00:49:16 -0700] "GET /loginSuccessful HTTP/1.1" 200 650
0:0:0:0:0:0:0:1 - - [22/Oct/2020:00:49:17 -0700] "GET /searchCourses HTTP/1.1" 200 549
0:0:0:0:0:0:0:1 - - [22/Oct/2020:00:49:18 -0700] "GET /searchCoursesByTitle?title=COMSC-75 HTTP/1.1" 200 1621
0:0:0:0:0:0:0:1 - - [22/Oct/2020:00:49:19 -0700] "GET /registerForClassess?regIdClasses=10101&regIdClasses=10102 HTTP/1.1" 302 -
0:0:0:0:0:0:0:1 - - [22/Oct/2020:00:49:19 -0700] "GET /loginSuccessful HTTP/1.1" 200 650
0:0:0:0:0:0:0:1 - - [22/Oct/2020:00:50:15 -0700] "GET /login HTTP/1.1" 200 1657
0:0:0:0:0:0:0:1 - - [22/Oct/2020:00:50:17 -0700] "POST /doLogin HTTP/1.1" 302 -
0:0:0:0:0:0:0:1 - - [22/Oct/2020:00:50:17 -0700] "GET /loginSuccessful HTTP/1.1" 200 650
0:0:0:0:0:0:0:1 - - [22/Oct/2020:00:50:18 -0700] "GET /searchCourses HTTP/1.1" 200 549
0:0:0:0:0:0:0:1 - - [22/Oct/2020:00:50:19 -0700] "GET /searchCoursesByTitle?title=COMSC-75 HTTP/1.1" 200 1621
0:0:0:0:0:0:0:1 - - [22/Oct/2020:00:50:21 -0700] "GET /registerForClassess?regIdClasses=10101&regIdClasses=10102 HTTP/1.1" 302 -
0:0:0:0:0:0:0:1 - - [22/Oct/2020:00:50:21 -0700] "GET /loginSuccessful HTTP/1.1" 200 650
0:0:0:0:0:0:0:1 - - [22/Oct/2020:00:53:25 -0700] "GET /login HTTP/1.1" 200 1657
0:0:0:0:0:0:0:1 - - [22/Oct/2020:00:53:25 -0700] "GET /login HTTP/1.1" 200 1657
0:0:0:0:0:0:0:1 - - [22/Oct/2020:00:53:30 -0700] "POST /doLogin HTTP/1.1" 302 -
0:0:0:0:0:0:0:1 - - [22/Oct/2020:00:53:30 -0700] "GET /loginSuccessful HTTP/1.1" 200 650
0:0:0:0:0:0:0:1 - - [22/Oct/2020:00:53:31 -0700] "GET /searchCourses HTTP/1.1" 200 549
0:0:0:0:0:0:0:1 - - [22/Oct/2020:00:53:33 -0700] "GET /searchCoursesByTitle?title=COMSC-75 HTTP/1.1" 200 1621
0:0:0:0:0:0:0:1 - - [22/Oct/2020:00:53:35 -0700] "GET /registerForClassess?regIdClasses=10101&regIdClasses=10102 HTTP/1.1" 302 -
0:0:0:0:0:0:0:1 - - [22/Oct/2020:00:53:35 -0700] "GET /loginSuccessful HTTP/1.1" 200 650
0:0:0:0:0:0:0:1 - - [22/Oct/2020:00:55:11 -0700] "GET /login HTTP/1.1" 200 1657
0:0:0:0:0:0:0:1 - - [22/Oct/2020:00:55:15 -0700] "POST /doLogin HTTP/1.1" 302 -
0:0:0:0:0:0:0:1 - - [22/Oct/2020:00:55:15 -0700] "GET /loginSuccessful HTTP/1.1" 200 650
0:0:0:0:0:0:0:1 - - [22/Oct/2020:00:55:16 -0700] "GET /searchCourses HTTP/1.1" 200 549
0:0:0:0:0:0:0:1 - - [22/Oct/2020:00:55:17 -0700] "GET /searchCoursesByTitle?title=COMSC-75 HTTP/1.1" 200 1621
0:0:0:0:0:0:0:1 - - [22/Oct/2020:00:55:21 -0700] "GET /registerForClassess?regIdClasses=10101&regIdClasses=10102 HTTP/1.1" 302 -
0:0:0:0:0:0:0:1 - - [22/Oct/2020:00:55:21 -0700] "GET /loginSuccessful HTTP/1.1" 200 650
0:0:0:0:0:0:0:1 - - [22/Oct/2020:00:58:20 -0700] "GET /loginSuccessful HTTP/1.1" 200 650
0:0:0:0:0:0:0:1 - - [22/Oct/2020:00:58:22 -0700] "GET /searchCourses HTTP/1.1" 200 549
0:0:0:0:0:0:0:1 - - [22/Oct/2020:00:58:23 -0700] "GET /searchCoursesByTitle?title=COMSC-75 HTTP/1.1" 200 1621
0:0:0:0:0:0:0:1 - - [22/Oct/2020:00:58:24 -0700] "GET /registerForClassess?regIdClasses=10101&regIdClasses=10102 HTTP/1.1" 302 -
0:0:0:0:0:0:0:1 - - [22/Oct/2020:00:58:24 -0700] "GET /loginSuccessful HTTP/1.1" 200 650
0:0:0:0:0:0:0:1 - - [22/Oct/2020:01:00:10 -0700] "GET /loginSuccessful HTTP/1.1" 200 650
0:0:0:0:0:0:0:1 - - [22/Oct/2020:01:00:12 -0700] "GET /searchCourses HTTP/1.1" 200 549
0:0:0:0:0:0:0:1 - - [22/Oct/2020:01:00:13 -0700] "GET /searchCoursesByTitle?title=COMSC-75 HTTP/1.1" 200 1621
0:0:0:0:0:0:0:1 - - [22/Oct/2020:01:00:14 -0700] "GET /registerForClassess?regIdClasses=10101&regIdClasses=10102 HTTP/1.1" 302 -
0:0:0:0:0:0:0:1 - - [22/Oct/2020:01:00:14 -0700] "GET /loginSuccessful HTTP/1.1" 200 650
0:0:0:0:0:0:0:1 - - [22/Oct/2020:01:00:25 -0700] "GET /dropClasses HTTP/1.1" 200 1526
0:0:0:0:0:0:0:1 - - [22/Oct/2020:01:00:27 -0700] "POST /dropClasses HTTP/1.1" 302 -
0:0:0:0:0:0:0:1 - - [22/Oct/2020:01:00:27 -0700] "GET /loginSuccessful HTTP/1.1" 200 650
0:0:0:0:0:0:0:1 - - [22/Oct/2020:01:00:36 -0700] "GET /searchCourses HTTP/1.1" 200 549
0:0:0:0:0:0:0:1 - - [22/Oct/2020:01:00:37 -0700] "GET /searchCoursesByTitle?title=COMSC-75 HTTP/1.1" 200 1621
0:0:0:0:0:0:0:1 - - [22/Oct/2020:01:00:38 -0700] "GET /registerForClassess?regIdClasses=10101 HTTP/1.1" 302 -
0:0:0:0:0:0:0:1 - - [22/Oct/2020:01:00:38 -0700] "GET /loginSuccessful HTTP/1.1" 200 650
0:0:0:0:0:0:0:1 - - [22/Oct/2020:01:02:09 -0700] "GET /dropClasses HTTP/1.1" 200 1526
0:0:0:0:0:0:0:1 - - [22/Oct/2020:01:02:12 -0700] "GET /loginSuccessful HTTP/1.1" 200 650
0:0:0:0:0:0:0:1 - - [22/Oct/2020:01:06:22 -0700] "GET /dropClasses HTTP/1.1" 200 1526
0:0:0:0:0:0:0:1 - - [22/Oct/2020:01:06:26 -0700] "GET /loginSuccessful HTTP/1.1" 200 650
0:0:0:0:0:0:0:1 - - [22/Oct/2020:01:06:30 -0700] "GET /getAllRequiredBooks HTTP/1.1" 200 2003
0:0:0:0:0:0:0:1 - - [22/Oct/2020:01:06:31 -0700] "GET /loginSuccessful HTTP/1.1" 200 650
0:0:0:0:0:0:0:1 - - [22/Oct/2020:01:07:00 -0700] "GET /login HTTP/1.1" 200 1657
0:0:0:0:0:0:0:1 - - [22/Oct/2020:01:07:00 -0700] "GET /login HTTP/1.1" 200 1657
0:0:0:0:0:0:0:1 - - [22/Oct/2020:01:07:04 -0700] "POST /doLogin HTTP/1.1" 302 -
0:0:0:0:0:0:0:1 - - [22/Oct/2020:01:07:04 -0700] "GET /loginSuccessful HTTP/1.1" 200 650
0:0:0:0:0:0:0:1 - - [22/Oct/2020:01:07:05 -0700] "GET /searchCourses HTTP/1.1" 200 549
0:0:0:0:0:0:0:1 - - [22/Oct/2020:01:07:06 -0700] "GET /searchCoursesByTitle?title=COMSC-75 HTTP/1.1" 200 1621
0:0:0:0:0:0:0:1 - - [22/Oct/2020:01:07:12 -0700] "GET /registerForClassess?regIdClasses=10101&regIdClasses=10102 HTTP/1.1" 302 -
0:0:0:0:0:0:0:1 - - [22/Oct/2020:01:07:12 -0700] "GET /loginSuccessful HTTP/1.1" 200 650
0:0:0:0:0:0:0:1 - - [22/Oct/2020:01:07:27 -0700] "GET /dropClasses HTTP/1.1" 200 1526
0:0:0:0:0:0:0:1 - - [22/Oct/2020:01:07:31 -0700] "POST /dropClasses HTTP/1.1" 302 -
0:0:0:0:0:0:0:1 - - [22/Oct/2020:01:07:31 -0700] "GET /loginSuccessful HTTP/1.1" 200 650
0:0:0:0:0:0:0:1 - - [22/Oct/2020:01:07:47 -0700] "GET /dropClasses HTTP/1.1" 200 1526
0:0:0:0:0:0:0:1 - - [22/Oct/2020:01:07:49 -0700] "GET /loginSuccessful HTTP/1.1" 200 650
0:0:0:0:0:0:0:1 - - [22/Oct/2020:01:10:16 -0700] "GET /login HTTP/1.1" 200 1657
0:0:0:0:0:0:0:1 - - [22/Oct/2020:01:10:20 -0700] "POST /doLogin HTTP/1.1" 302 -
0:0:0:0:0:0:0:1 - - [22/Oct/2020:01:10:20 -0700] "GET /loginSuccessful HTTP/1.1" 200 650
0:0:0:0:0:0:0:1 - - [22/Oct/2020:01:10:21 -0700] "GET /searchCourses HTTP/1.1" 200 549
0:0:0:0:0:0:0:1 - - [22/Oct/2020:01:10:22 -0700] "GET /searchCoursesByTitle?title=COMSC-75 HTTP/1.1" 200 1621
0:0:0:0:0:0:0:1 - - [22/Oct/2020:01:10:23 -0700] "GET /registerForClassess?regIdClasses=10101&regIdClasses=10102 HTTP/1.1" 302 -
0:0:0:0:0:0:0:1 - - [22/Oct/2020:01:10:23 -0700] "GET /loginSuccessful HTTP/1.1" 200 650
0:0:0:0:0:0:0:1 - - [22/Oct/2020:01:10:26 -0700] "GET /dropClasses HTTP/1.1" 200 1526
0:0:0:0:0:0:0:1 - - [22/Oct/2020:01:10:28 -0700] "POST /dropClasses HTTP/1.1" 302 -
0:0:0:0:0:0:0:1 - - [22/Oct/2020:01:10:28 -0700] "GET /loginSuccessful HTTP/1.1" 200 650
0:0:0:0:0:0:0:1 - - [22/Oct/2020:01:10:28 -0700] "GET /dropClasses HTTP/1.1" 200 880
0:0:0:0:0:0:0:1 - - [22/Oct/2020:01:12:05 -0700] "GET /login HTTP/1.1" 200 1657
0:0:0:0:0:0:0:1 - - [22/Oct/2020:01:12:05 -0700] "GET /login HTTP/1.1" 200 1657
0:0:0:0:0:0:0:1 - - [22/Oct/2020:01:12:08 -0700] "POST /doLogin HTTP/1.1" 302 -
0:0:0:0:0:0:0:1 - - [22/Oct/2020:01:12:08 -0700] "GET /loginSuccessful HTTP/1.1" 200 650
0:0:0:0:0:0:0:1 - - [22/Oct/2020:01:12:09 -0700] "GET /searchCourses HTTP/1.1" 200 549
0:0:0:0:0:0:0:1 - - [22/Oct/2020:01:12:17 -0700] "GET /searchCoursesByTitle?title=COMSC-75 HTTP/1.1" 200 1621
0:0:0:0:0:0:0:1 - - [22/Oct/2020:01:12:21 -0700] "GET /registerForClassess?regIdClasses=10101&regIdClasses=10102 HTTP/1.1" 302 -
0:0:0:0:0:0:0:1 - - [22/Oct/2020:01:12:21 -0700] "GET /loginSuccessful HTTP/1.1" 200 650
0:0:0:0:0:0:0:1 - - [22/Oct/2020:01:12:30 -0700] "GET /dropClasses HTTP/1.1" 200 1526
0:0:0:0:0:0:0:1 - - [22/Oct/2020:01:12:32 -0700] "POST /dropClasses HTTP/1.1" 302 -
0:0:0:0:0:0:0:1 - - [22/Oct/2020:01:12:32 -0700] "GET /loginSuccessful HTTP/1.1" 200 650
0:0:0:0:0:0:0:1 - - [22/Oct/2020:01:12:41 -0700] "GET /searchCourses HTTP/1.1" 200 549
0:0:0:0:0:0:0:1 - - [22/Oct/2020:01:12:42 -0700] "GET /searchCoursesByTitle?title=COMSC-75 HTTP/1.1" 200 1621
0:0:0:0:0:0:0:1 - - [22/Oct/2020:01:12:45 -0700] "GET /registerForClassess?regIdClasses=10101 HTTP/1.1" 302 -
0:0:0:0:0:0:0:1 - - [22/Oct/2020:01:12:45 -0700] "GET /loginSuccessful HTTP/1.1" 200 650
0:0:0:0:0:0:0:1 - - [22/Oct/2020:01:12:53 -0700] "GET /searchCourses HTTP/1.1" 200 549
0:0:0:0:0:0:0:1 - - [22/Oct/2020:01:12:54 -0700] "GET /searchCoursesByTitle?title=COMSC-75 HTTP/1.1" 200 1621
0:0:0:0:0:0:0:1 - - [22/Oct/2020:01:12:56 -0700] "GET /registerForClassess?regIdClasses=10101 HTTP/1.1" 302 -
0:0:0:0:0:0:0:1 - - [22/Oct/2020:01:12:57 -0700] "GET /loginSuccessful HTTP/1.1" 200 650
0:0:0:0:0:0:0:1 - - [22/Oct/2020:01:14:33 -0700] "GET /loginSuccessful HTTP/1.1" 200 650
0:0:0:0:0:0:0:1 - - [22/Oct/2020:01:14:34 -0700] "GET /searchCourses HTTP/1.1" 200 549
0:0:0:0:0:0:0:1 - - [22/Oct/2020:01:14:35 -0700] "GET /searchCoursesByTitle?title=COMSC-75 HTTP/1.1" 200 1621
0:0:0:0:0:0:0:1 - - [22/Oct/2020:01:14:37 -0700] "GET /registerForClassess?regIdClasses=10101&regIdClasses=10102 HTTP/1.1" 302 -
0:0:0:0:0:0:0:1 - - [22/Oct/2020:01:14:37 -0700] "GET /loginSuccessful HTTP/1.1" 200 650
0:0:0:0:0:0:0:1 - - [22/Oct/2020:01:14:45 -0700] "GET /dropClasses HTTP/1.1" 200 1526
0:0:0:0:0:0:0:1 - - [22/Oct/2020:01:14:46 -0700] "POST /dropClasses HTTP/1.1" 302 -
0:0:0:0:0:0:0:1 - - [22/Oct/2020:01:14:46 -0700] "GET /loginSuccessful HTTP/1.1" 200 650
0:0:0:0:0:0:0:1 - - [22/Oct/2020:01:14:55 -0700] "GET /dropClasses HTTP/1.1" 200 1526
0:0:0:0:0:0:0:1 - - [22/Oct/2020:01:14:59 -0700] "GET /loginSuccessful HTTP/1.1" 200 650
0:0:0:0:0:0:0:1 - - [22/Oct/2020:01:16:38 -0700] "GET /login HTTP/1.1" 200 1657
0:0:0:0:0:0:0:1 - - [22/Oct/2020:01:16:41 -0700] "POST /doLogin HTTP/1.1" 302 -
0:0:0:0:0:0:0:1 - - [22/Oct/2020:01:16:41 -0700] "GET /loginSuccessful HTTP/1.1" 200 650
0:0:0:0:0:0:0:1 - - [22/Oct/2020:01:16:42 -0700] "GET /searchCourses HTTP/1.1" 200 549
0:0:0:0:0:0:0:1 - - [22/Oct/2020:01:16:43 -0700] "GET /searchCoursesByTitle?title=COMSC-75 HTTP/1.1" 200 1621
0:0:0:0:0:0:0:1 - - [22/Oct/2020:01:16:47 -0700] "GET /registerForClassess?regIdClasses=10101&regIdClasses=10102 HTTP/1.1" 302 -
0:0:0:0:0:0:0:1 - - [22/Oct/2020:01:16:47 -0700] "GET /loginSuccessful HTTP/1.1" 200 650
0:0:0:0:0:0:0:1 - - [22/Oct/2020:01:16:48 -0700] "GET /dropClasses HTTP/1.1" 200 1526
0:0:0:0:0:0:0:1 - - [22/Oct/2020:01:16:50 -0700] "POST /dropClasses HTTP/1.1" 302 -
0:0:0:0:0:0:0:1 - - [22/Oct/2020:01:16:50 -0700] "GET /loginSuccessful HTTP/1.1" 200 650
0:0:0:0:0:0:0:1 - - [22/Oct/2020:01:16:58 -0700] "GET /dropClasses HTTP/1.1" 200 1194
0:0:0:0:0:0:0:1 - - [22/Oct/2020:01:17:01 -0700] "GET /loginSuccessful HTTP/1.1" 200 650
0:0:0:0:0:0:0:1 - - [22/Oct/2020:01:17:02 -0700] "GET /searchCourses HTTP/1.1" 200 549
0:0:0:0:0:0:0:1 - - [22/Oct/2020:01:17:07 -0700] "GET /searchCoursesByTitle?title=COMSC-75 HTTP/1.1" 200 1621
0:0:0:0:0:0:0:1 - - [22/Oct/2020:01:17:09 -0700] "GET /registerForClassess?regIdClasses=10101 HTTP/1.1" 302 -
0:0:0:0:0:0:0:1 - - [22/Oct/2020:01:17:09 -0700] "GET /registerFailed HTTP/1.1" 200 637
0:0:0:0:0:0:0:1 - - [22/Oct/2020:01:17:17 -0700] "GET /searchCoursesByTitle?title=COMSC-75 HTTP/1.1" 200 1621
0:0:0:0:0:0:0:1 - - [22/Oct/2020:01:17:20 -0700] "GET /registerForClassess?regIdClasses=10101 HTTP/1.1" 302 -
0:0:0:0:0:0:0:1 - - [22/Oct/2020:01:17:20 -0700] "GET /registerFailed HTTP/1.1" 200 637
0:0:0:0:0:0:0:1 - - [22/Oct/2020:01:20:07 -0700] "GET /login HTTP/1.1" 200 1657
0:0:0:0:0:0:0:1 - - [22/Oct/2020:01:20:10 -0700] "POST /doLogin HTTP/1.1" 302 -
0:0:0:0:0:0:0:1 - - [22/Oct/2020:01:20:10 -0700] "GET /loginSuccessful HTTP/1.1" 200 650
0:0:0:0:0:0:0:1 - - [22/Oct/2020:01:20:11 -0700] "GET /searchCourses HTTP/1.1" 200 549
0:0:0:0:0:0:0:1 - - [22/Oct/2020:01:20:12 -0700] "GET /searchCoursesByTitle?title=COMSC-75 HTTP/1.1" 200 1621
0:0:0:0:0:0:0:1 - - [22/Oct/2020:01:20:13 -0700] "GET /registerForClassess?regIdClasses=10101&regIdClasses=10102 HTTP/1.1" 302 -
0:0:0:0:0:0:0:1 - - [22/Oct/2020:01:20:13 -0700] "GET /loginSuccessful HTTP/1.1" 200 650
0:0:0:0:0:0:0:1 - - [22/Oct/2020:01:20:14 -0700] "GET /dropClasses HTTP/1.1" 200 1526
0:0:0:0:0:0:0:1 - - [22/Oct/2020:01:20:16 -0700] "POST /dropClasses HTTP/1.1" 302 -
0:0:0:0:0:0:0:1 - - [22/Oct/2020:01:20:16 -0700] "GET /loginSuccessful HTTP/1.1" 200 650
0:0:0:0:0:0:0:1 - - [22/Oct/2020:01:20:17 -0700] "GET /dropClasses HTTP/1.1" 200 1194
0:0:0:0:0:0:0:1 - - [22/Oct/2020:01:20:18 -0700] "GET /loginSuccessful HTTP/1.1" 200 650
0:0:0:0:0:0:0:1 - - [22/Oct/2020:01:20:21 -0700] "GET /dropClasses HTTP/1.1" 200 1194
0:0:0:0:0:0:0:1 - - [22/Oct/2020:01:20:23 -0700] "GET /loginSuccessful HTTP/1.1" 200 650
0:0:0:0:0:0:0:1 - - [22/Oct/2020:01:20:25 -0700] "GET /searchCourses HTTP/1.1" 200 549
0:0:0:0:0:0:0:1 - - [22/Oct/2020:01:20:27 -0700] "GET /searchCoursesByTitle?title=COMSC-75 HTTP/1.1" 200 1621
0:0:0:0:0:0:0:1 - - [22/Oct/2020:01:20:29 -0700] "GET /registerForClassess?regIdClasses=10102 HTTP/1.1" 302 -
0:0:0:0:0:0:0:1 - - [22/Oct/2020:01:20:29 -0700] "GET /registerFailed HTTP/1.1" 200 637
0:0:0:0:0:0:0:1 - - [22/Oct/2020:01:20:40 -0700] "GET /searchCoursesByTitle?title=COMSC-75 HTTP/1.1" 200 1621
0:0:0:0:0:0:0:1 - - [22/Oct/2020:01:20:41 -0700] "GET /registerFailed HTTP/1.1" 200 549
0:0:0:0:0:0:0:1 - - [22/Oct/2020:01:20:42 -0700] "GET /searchCoursesByTitle?title=COMSC-75 HTTP/1.1" 200 1621
0:0:0:0:0:0:0:1 - - [22/Oct/2020:01:20:43 -0700] "GET /searchCourses HTTP/1.1" 200 549
0:0:0:0:0:0:0:1 - - [22/Oct/2020:01:20:45 -0700] "GET /loginSuccessful HTTP/1.1" 200 650
0:0:0:0:0:0:0:1 - - [22/Oct/2020:01:20:46 -0700] "GET /dropClasses HTTP/1.1" 200 1194
0:0:0:0:0:0:0:1 - - [22/Oct/2020:01:20:54 -0700] "GET /loginSuccessful HTTP/1.1" 200 650
0:0:0:0:0:0:0:1 - - [22/Oct/2020:01:21:05 -0700] "GET /searchCourses HTTP/1.1" 200 549
0:0:0:0:0:0:0:1 - - [22/Oct/2020:01:21:06 -0700] "GET /searchCoursesByTitle?title=COMSC-75 HTTP/1.1" 200 1621
0:0:0:0:0:0:0:1 - - [22/Oct/2020:01:21:09 -0700] "GET /registerForClassess?regIdClasses=10101 HTTP/1.1" 302 -
0:0:0:0:0:0:0:1 - - [22/Oct/2020:01:21:09 -0700] "GET /registerFailed HTTP/1.1" 200 637
0:0:0:0:0:0:0:1 - - [22/Oct/2020:01:21:59 -0700] "GET /login HTTP/1.1" 200 1657
0:0:0:0:0:0:0:1 - - [22/Oct/2020:01:21:59 -0700] "GET /login HTTP/1.1" 200 1657
0:0:0:0:0:0:0:1 - - [22/Oct/2020:01:22:02 -0700] "POST /doLogin HTTP/1.1" 302 -
0:0:0:0:0:0:0:1 - - [22/Oct/2020:01:22:02 -0700] "GET /loginSuccessful HTTP/1.1" 200 650
0:0:0:0:0:0:0:1 - - [22/Oct/2020:01:22:03 -0700] "GET /searchCourses HTTP/1.1" 200 549
0:0:0:0:0:0:0:1 - - [22/Oct/2020:01:22:04 -0700] "GET /searchCoursesByTitle?title=COMSC-75 HTTP/1.1" 200 1621
0:0:0:0:0:0:0:1 - - [22/Oct/2020:01:22:05 -0700] "GET /registerForClassess?regIdClasses=10101&regIdClasses=10102 HTTP/1.1" 500 11167
0:0:0:0:0:0:0:1 - - [22/Oct/2020:01:22:17 -0700] "GET /searchCoursesByTitle?title=COMSC-75 HTTP/1.1" 200 1621
0:0:0:0:0:0:0:1 - - [22/Oct/2020:01:22:31 -0700] "GET /login HTTP/1.1" 200 1657
0:0:0:0:0:0:0:1 - - [22/Oct/2020:01:22:34 -0700] "POST /doLogin HTTP/1.1" 302 -
0:0:0:0:0:0:0:1 - - [22/Oct/2020:01:22:34 -0700] "GET /loginSuccessful HTTP/1.1" 200 650
0:0:0:0:0:0:0:1 - - [22/Oct/2020:01:22:35 -0700] "GET /searchCourses HTTP/1.1" 200 549
0:0:0:0:0:0:0:1 - - [22/Oct/2020:01:22:35 -0700] "GET /searchCoursesByTitle?title=COMSC-75 HTTP/1.1" 200 1621
0:0:0:0:0:0:0:1 - - [22/Oct/2020:01:22:37 -0700] "GET /registerForClassess?regIdClasses=10101&regIdClasses=10102 HTTP/1.1" 500 11167
0:0:0:0:0:0:0:1 - - [22/Oct/2020:01:23:06 -0700] "GET /login HTTP/1.1" 200 1657
0:0:0:0:0:0:0:1 - - [22/Oct/2020:01:23:09 -0700] "POST /doLogin HTTP/1.1" 302 -
0:0:0:0:0:0:0:1 - - [22/Oct/2020:01:23:09 -0700] "GET /loginSuccessful HTTP/1.1" 200 650
0:0:0:0:0:0:0:1 - - [22/Oct/2020:01:23:10 -0700] "GET /searchCourses HTTP/1.1" 200 549
0:0:0:0:0:0:0:1 - - [22/Oct/2020:01:23:10 -0700] "GET /searchCoursesByTitle?title=COMSC-75 HTTP/1.1" 200 1621
0:0:0:0:0:0:0:1 - - [22/Oct/2020:01:23:12 -0700] "GET /registerForClassess?regIdClasses=10101&regIdClasses=10102 HTTP/1.1" 302 -
0:0:0:0:0:0:0:1 - - [22/Oct/2020:01:23:12 -0700] "GET /loginSuccessful HTTP/1.1" 200 650
0:0:0:0:0:0:0:1 - - [22/Oct/2020:01:32:08 -0700] "GET /login HTTP/1.1" 200 1657
0:0:0:0:0:0:0:1 - - [22/Oct/2020:01:32:08 -0700] "GET /login HTTP/1.1" 200 1657
0:0:0:0:0:0:0:1 - - [22/Oct/2020:01:32:11 -0700] "POST /doLogin HTTP/1.1" 302 -
0:0:0:0:0:0:0:1 - - [22/Oct/2020:01:32:11 -0700] "GET /loginSuccessful HTTP/1.1" 200 650
0:0:0:0:0:0:0:1 - - [22/Oct/2020:01:32:12 -0700] "GET /searchCourses HTTP/1.1" 200 549
0:0:0:0:0:0:0:1 - - [22/Oct/2020:01:32:13 -0700] "GET /searchCoursesByTitle?title=COMSC-75 HTTP/1.1" 200 1621
0:0:0:0:0:0:0:1 - - [22/Oct/2020:01:32:15 -0700] "GET /registerForClassess?regIdClasses=10101&regIdClasses=10102 HTTP/1.1" 302 -
0:0:0:0:0:0:0:1 - - [22/Oct/2020:01:32:15 -0700] "GET /loginSuccessful HTTP/1.1" 200 650
0:0:0:0:0:0:0:1 - - [22/Oct/2020:01:32:16 -0700] "GET /dropClasses HTTP/1.1" 200 1526
0:0:0:0:0:0:0:1 - - [22/Oct/2020:01:32:20 -0700] "POST /dropClasses HTTP/1.1" 302 -
0:0:0:0:0:0:0:1 - - [22/Oct/2020:01:32:20 -0700] "GET /loginSuccessful HTTP/1.1" 200 650
0:0:0:0:0:0:0:1 - - [22/Oct/2020:01:32:21 -0700] "GET /dropClasses HTTP/1.1" 200 1194
0:0:0:0:0:0:0:1 - - [22/Oct/2020:01:32:23 -0700] "GET /loginSuccessful HTTP/1.1" 200 650
0:0:0:0:0:0:0:1 - - [22/Oct/2020:01:32:41 -0700] "GET /dropClasses HTTP/1.1" 200 1194
0:0:0:0:0:0:0:1 - - [22/Oct/2020:01:32:46 -0700] "GET /loginSuccessful HTTP/1.1" 200 650
0:0:0:0:0:0:0:1 - - [22/Oct/2020:01:32:49 -0700] "GET /searchCourses HTTP/1.1" 200 549
0:0:0:0:0:0:0:1 - - [22/Oct/2020:01:32:50 -0700] "GET /searchCoursesByTitle?title=COMSC-75 HTTP/1.1" 200 1621
0:0:0:0:0:0:0:1 - - [22/Oct/2020:01:32:52 -0700] "GET /registerForClassess?regIdClasses=10102 HTTP/1.1" 302 -
0:0:0:0:0:0:0:1 - - [22/Oct/2020:01:32:52 -0700] "GET /registerFailed HTTP/1.1" 200 637
0:0:0:0:0:0:0:1 - - [22/Oct/2020:01:34:47 -0700] "GET /login HTTP/1.1" 200 1657
0:0:0:0:0:0:0:1 - - [22/Oct/2020:01:34:50 -0700] "POST /doLogin HTTP/1.1" 302 -
0:0:0:0:0:0:0:1 - - [22/Oct/2020:01:34:50 -0700] "GET /loginSuccessful HTTP/1.1" 200 650
0:0:0:0:0:0:0:1 - - [22/Oct/2020:01:34:51 -0700] "GET /searchCourses HTTP/1.1" 200 549
0:0:0:0:0:0:0:1 - - [22/Oct/2020:01:34:52 -0700] "GET /searchCoursesByTitle?title=COMSC-75 HTTP/1.1" 200 1621
0:0:0:0:0:0:0:1 - - [22/Oct/2020:01:34:55 -0700] "GET /registerForClassess?regIdClasses=10101&regIdClasses=10102 HTTP/1.1" 302 -
0:0:0:0:0:0:0:1 - - [22/Oct/2020:01:34:55 -0700] "GET /loginSuccessful HTTP/1.1" 200 650
0:0:0:0:0:0:0:1 - - [22/Oct/2020:01:34:56 -0700] "GET /dropClasses HTTP/1.1" 200 1526
0:0:0:0:0:0:0:1 - - [22/Oct/2020:01:34:58 -0700] "POST /dropClasses HTTP/1.1" 302 -
0:0:0:0:0:0:0:1 - - [22/Oct/2020:01:34:58 -0700] "GET /loginSuccessful HTTP/1.1" 200 650
0:0:0:0:0:0:0:1 - - [22/Oct/2020:01:35:00 -0700] "GET /searchCourses HTTP/1.1" 200 549
0:0:0:0:0:0:0:1 - - [22/Oct/2020:01:35:01 -0700] "GET /searchCoursesByTitle?title=COMSC-75 HTTP/1.1" 200 1621
0:0:0:0:0:0:0:1 - - [22/Oct/2020:01:35:04 -0700] "GET /registerForClassess?regIdClasses=10102 HTTP/1.1" 302 -
0:0:0:0:0:0:0:1 - - [22/Oct/2020:01:35:04 -0700] "GET /registerFailed HTTP/1.1" 200 637
0:0:0:0:0:0:0:1 - - [22/Oct/2020:01:44:14 -0700] "GET /login HTTP/1.1" 200 1657
0:0:0:0:0:0:0:1 - - [22/Oct/2020:01:44:15 -0700] "GET /login HTTP/1.1" 200 1657
0:0:0:0:0:0:0:1 - - [22/Oct/2020:01:44:18 -0700] "POST /doLogin HTTP/1.1" 302 -
0:0:0:0:0:0:0:1 - - [22/Oct/2020:01:44:18 -0700] "GET /loginSuccessful HTTP/1.1" 200 650
0:0:0:0:0:0:0:1 - - [22/Oct/2020:01:44:19 -0700] "GET /searchCourses HTTP/1.1" 200 549
0:0:0:0:0:0:0:1 - - [22/Oct/2020:01:44:19 -0700] "GET /searchCoursesByTitle?title=COMSC-75 HTTP/1.1" 200 1621
0:0:0:0:0:0:0:1 - - [22/Oct/2020:01:44:21 -0700] "GET /registerForClassess?regIdClasses=10101&regIdClasses=10102 HTTP/1.1" 302 -
0:0:0:0:0:0:0:1 - - [22/Oct/2020:01:44:21 -0700] "GET /loginSuccessful HTTP/1.1" 200 650
0:0:0:0:0:0:0:1 - - [22/Oct/2020:01:44:24 -0700] "GET /dropClasses HTTP/1.1" 200 1526
0:0:0:0:0:0:0:1 - - [22/Oct/2020:01:44:40 -0700] "GET /; HTTP/1.1" 500 4085
0:0:0:0:0:0:0:1 - - [22/Oct/2020:01:44:43 -0700] "GET /login HTTP/1.1" 200 1657
0:0:0:0:0:0:0:1 - - [22/Oct/2020:01:44:46 -0700] "POST /doLogin HTTP/1.1" 302 -
0:0:0:0:0:0:0:1 - - [22/Oct/2020:01:44:46 -0700] "GET /loginSuccessful HTTP/1.1" 200 650
0:0:0:0:0:0:0:1 - - [22/Oct/2020:01:44:47 -0700] "GET /searchCourses HTTP/1.1" 200 549
0:0:0:0:0:0:0:1 - - [22/Oct/2020:01:44:48 -0700] "GET /searchCoursesByTitle?title=COMSC-75 HTTP/1.1" 200 1621
0:0:0:0:0:0:0:1 - - [22/Oct/2020:01:44:51 -0700] "GET /registerForClassess?regIdClasses=10101&regIdClasses=10102 HTTP/1.1" 302 -
0:0:0:0:0:0:0:1 - - [22/Oct/2020:01:44:51 -0700] "GET /loginSuccessful HTTP/1.1" 200 650
0:0:0:0:0:0:0:1 - - [22/Oct/2020:01:48:36 -0700] "GET /loginSuccessful HTTP/1.1" 200 650
0:0:0:0:0:0:0:1 - - [22/Oct/2020:01:48:37 -0700] "GET /searchCourses HTTP/1.1" 200 549
0:0:0:0:0:0:0:1 - - [22/Oct/2020:01:48:38 -0700] "GET /searchCoursesByTitle?title=COMSC-75 HTTP/1.1" 200 1621
0:0:0:0:0:0:0:1 - - [22/Oct/2020:01:48:39 -0700] "GET /registerForClassess?regIdClasses=10101&regIdClasses=10102 HTTP/1.1" 302 -
0:0:0:0:0:0:0:1 - - [22/Oct/2020:01:48:39 -0700] "GET /loginSuccessful HTTP/1.1" 200 650
0:0:0:0:0:0:0:1 - - [22/Oct/2020:01:48:44 -0700] "GET /dropClasses HTTP/1.1" 200 1526
0:0:0:0:0:0:0:1 - - [22/Oct/2020:01:48:46 -0700] "POST /dropClasses HTTP/1.1" 302 -
0:0:0:0:0:0:0:1 - - [22/Oct/2020:01:48:46 -0700] "GET /loginSuccessful HTTP/1.1" 200 650
0:0:0:0:0:0:0:1 - - [22/Oct/2020:01:48:57 -0700] "GET /dropClasses HTTP/1.1" 200 1194
0:0:0:0:0:0:0:1 - - [22/Oct/2020:01:48:58 -0700] "GET /loginSuccessful HTTP/1.1" 200 650
0:0:0:0:0:0:0:1 - - [22/Oct/2020:01:48:59 -0700] "GET /searchCourses HTTP/1.1" 200 549
0:0:0:0:0:0:0:1 - - [22/Oct/2020:01:49:00 -0700] "GET /searchCoursesByTitle?title=COMSC-75 HTTP/1.1" 200 1621
0:0:0:0:0:0:0:1 - - [22/Oct/2020:01:49:02 -0700] "GET /registerForClassess?regIdClasses=10102 HTTP/1.1" 500 11168
0:0:0:0:0:0:0:1 - - [22/Oct/2020:01:50:27 -0700] "GET /login HTTP/1.1" 200 1657
0:0:0:0:0:0:0:1 - - [22/Oct/2020:01:50:27 -0700] "GET /login HTTP/1.1" 200 1657
0:0:0:0:0:0:0:1 - - [22/Oct/2020:01:50:29 -0700] "POST /doLogin HTTP/1.1" 302 -
0:0:0:0:0:0:0:1 - - [22/Oct/2020:01:50:29 -0700] "GET /loginSuccessful HTTP/1.1" 200 650
0:0:0:0:0:0:0:1 - - [22/Oct/2020:01:50:30 -0700] "GET /searchCourses HTTP/1.1" 200 549
0:0:0:0:0:0:0:1 - - [22/Oct/2020:01:50:31 -0700] "GET /searchCoursesByTitle?title=COMSC-75 HTTP/1.1" 200 1621
0:0:0:0:0:0:0:1 - - [22/Oct/2020:01:50:33 -0700] "GET /registerForClassess?regIdClasses=10101&regIdClasses=10102 HTTP/1.1" 302 -
0:0:0:0:0:0:0:1 - - [22/Oct/2020:01:50:33 -0700] "GET /loginSuccessful HTTP/1.1" 200 650
0:0:0:0:0:0:0:1 - - [22/Oct/2020:01:50:34 -0700] "GET /dropClasses HTTP/1.1" 200 1526
0:0:0:0:0:0:0:1 - - [22/Oct/2020:01:50:35 -0700] "POST /dropClasses HTTP/1.1" 302 -
0:0:0:0:0:0:0:1 - - [22/Oct/2020:01:50:35 -0700] "GET /loginSuccessful HTTP/1.1" 200 650
0:0:0:0:0:0:0:1 - - [22/Oct/2020:01:50:37 -0700] "GET /searchCourses HTTP/1.1" 200 549
0:0:0:0:0:0:0:1 - - [22/Oct/2020:01:50:37 -0700] "GET /searchCoursesByTitle?title=COMSC-75 HTTP/1.1" 200 1621
0:0:0:0:0:0:0:1 - - [22/Oct/2020:01:50:39 -0700] "GET /registerForClassess?regIdClasses=10102 HTTP/1.1" 500 11168
0:0:0:0:0:0:0:1 - - [22/Oct/2020:01:53:04 -0700] "GET /login HTTP/1.1" 200 1657
0:0:0:0:0:0:0:1 - - [22/Oct/2020:01:53:08 -0700] "POST /doLogin HTTP/1.1" 302 -
0:0:0:0:0:0:0:1 - - [22/Oct/2020:01:53:08 -0700] "GET /loginSuccessful HTTP/1.1" 200 650
0:0:0:0:0:0:0:1 - - [22/Oct/2020:01:53:10 -0700] "GET /searchCourses HTTP/1.1" 200 549
0:0:0:0:0:0:0:1 - - [22/Oct/2020:01:53:11 -0700] "GET /searchCoursesByTitle?title=COMSC-75 HTTP/1.1" 200 1621
0:0:0:0:0:0:0:1 - - [22/Oct/2020:01:53:12 -0700] "GET /registerForClassess?regIdClasses=10101&regIdClasses=10102 HTTP/1.1" 302 -
0:0:0:0:0:0:0:1 - - [22/Oct/2020:01:53:12 -0700] "GET /loginSuccessful HTTP/1.1" 200 650
0:0:0:0:0:0:0:1 - - [22/Oct/2020:01:53:13 -0700] "GET /dropClasses HTTP/1.1" 200 1526
0:0:0:0:0:0:0:1 - - [22/Oct/2020:01:53:18 -0700] "POST /dropClasses HTTP/1.1" 302 -
0:0:0:0:0:0:0:1 - - [22/Oct/2020:01:53:18 -0700] "GET /loginSuccessful HTTP/1.1" 200 650
0:0:0:0:0:0:0:1 - - [22/Oct/2020:01:53:19 -0700] "GET /dropClasses HTTP/1.1" 200 1194
0:0:0:0:0:0:0:1 - - [22/Oct/2020:01:53:21 -0700] "GET /loginSuccessful HTTP/1.1" 200 650
0:0:0:0:0:0:0:1 - - [22/Oct/2020:01:53:22 -0700] "GET /searchCourses HTTP/1.1" 200 549
0:0:0:0:0:0:0:1 - - [22/Oct/2020:01:53:23 -0700] "GET /searchCoursesByTitle?title=COMSC-75 HTTP/1.1" 200 1621
0:0:0:0:0:0:0:1 - - [22/Oct/2020:01:53:24 -0700] "GET /registerForClassess?regIdClasses=10102 HTTP/1.1" 302 -
0:0:0:0:0:0:0:1 - - [22/Oct/2020:01:53:25 -0700] "GET /registerFailed HTTP/1.1" 200 637
0:0:0:0:0:0:0:1 - - [22/Oct/2020:01:54:22 -0700] "GET /login HTTP/1.1" 200 1657
0:0:0:0:0:0:0:1 - - [22/Oct/2020:01:54:25 -0700] "POST /doLogin HTTP/1.1" 302 -
0:0:0:0:0:0:0:1 - - [22/Oct/2020:01:54:25 -0700] "GET /loginSuccessful HTTP/1.1" 200 650
0:0:0:0:0:0:0:1 - - [22/Oct/2020:01:54:26 -0700] "GET /searchCourses HTTP/1.1" 200 549
0:0:0:0:0:0:0:1 - - [22/Oct/2020:01:54:27 -0700] "GET /searchCoursesByTitle?title=COMSC-75 HTTP/1.1" 200 1621
0:0:0:0:0:0:0:1 - - [22/Oct/2020:01:54:29 -0700] "GET /registerForClassess?regIdClasses=10101&regIdClasses=10102 HTTP/1.1" 302 -
0:0:0:0:0:0:0:1 - - [22/Oct/2020:01:54:29 -0700] "GET /loginSuccessful HTTP/1.1" 200 650
0:0:0:0:0:0:0:1 - - [22/Oct/2020:01:54:29 -0700] "GET /dropClasses HTTP/1.1" 200 1526
0:0:0:0:0:0:0:1 - - [22/Oct/2020:01:54:32 -0700] "POST /dropClasses HTTP/1.1" 302 -
0:0:0:0:0:0:0:1 - - [22/Oct/2020:01:54:32 -0700] "GET /loginSuccessful HTTP/1.1" 200 650
0:0:0:0:0:0:0:1 - - [22/Oct/2020:01:54:32 -0700] "GET /searchCourses HTTP/1.1" 200 549
0:0:0:0:0:0:0:1 - - [22/Oct/2020:01:54:33 -0700] "GET /searchCoursesByTitle?title=COMSC-75 HTTP/1.1" 200 1621
0:0:0:0:0:0:0:1 - - [22/Oct/2020:01:54:41 -0700] "GET /searchCourses HTTP/1.1" 200 549
0:0:0:0:0:0:0:1 - - [22/Oct/2020:01:54:41 -0700] "GET /loginSuccessful HTTP/1.1" 200 650
0:0:0:0:0:0:0:1 - - [22/Oct/2020:01:54:42 -0700] "GET /dropClasses HTTP/1.1" 200 1194
0:0:0:0:0:0:0:1 - - [22/Oct/2020:01:54:44 -0700] "GET /loginSuccessful HTTP/1.1" 200 650
0:0:0:0:0:0:0:1 - - [22/Oct/2020:01:54:44 -0700] "GET /searchCourses HTTP/1.1" 200 549
0:0:0:0:0:0:0:1 - - [22/Oct/2020:01:54:45 -0700] "GET /searchCoursesByTitle?title=COMSC-75 HTTP/1.1" 200 1621
0:0:0:0:0:0:0:1 - - [22/Oct/2020:01:54:46 -0700] "GET /registerForClassess?regIdClasses=10102 HTTP/1.1" 302 -
0:0:0:0:0:0:0:1 - - [22/Oct/2020:01:54:46 -0700] "GET /registerFailed HTTP/1.1" 200 637
0:0:0:0:0:0:0:1 - - [22/Oct/2020:01:56:15 -0700] "GET /login HTTP/1.1" 200 1657
0:0:0:0:0:0:0:1 - - [22/Oct/2020:01:56:15 -0700] "GET /login HTTP/1.1" 200 1657
0:0:0:0:0:0:0:1 - - [22/Oct/2020:01:56:17 -0700] "POST /doLogin HTTP/1.1" 302 -
0:0:0:0:0:0:0:1 - - [22/Oct/2020:01:56:17 -0700] "GET /loginFailed HTTP/1.1" 302 -
0:0:0:0:0:0:0:1 - - [22/Oct/2020:01:56:17 -0700] "GET /login HTTP/1.1" 200 1657
0:0:0:0:0:0:0:1 - - [22/Oct/2020:01:56:21 -0700] "POST /doLogin HTTP/1.1" 302 -
0:0:0:0:0:0:0:1 - - [22/Oct/2020:01:56:21 -0700] "GET /loginSuccessful HTTP/1.1" 200 650
0:0:0:0:0:0:0:1 - - [22/Oct/2020:01:56:22 -0700] "GET /searchCourses HTTP/1.1" 200 549
0:0:0:0:0:0:0:1 - - [22/Oct/2020:01:56:23 -0700] "GET /searchCoursesByTitle?title=COMSC-75 HTTP/1.1" 200 1621
0:0:0:0:0:0:0:1 - - [22/Oct/2020:01:56:24 -0700] "GET /registerForClassess?regIdClasses=10101&regIdClasses=10102 HTTP/1.1" 302 -
0:0:0:0:0:0:0:1 - - [22/Oct/2020:01:56:24 -0700] "GET /loginSuccessful HTTP/1.1" 200 650
0:0:0:0:0:0:0:1 - - [22/Oct/2020:01:56:25 -0700] "GET /dropClasses HTTP/1.1" 200 1526
0:0:0:0:0:0:0:1 - - [22/Oct/2020:01:56:27 -0700] "POST /dropClasses HTTP/1.1" 302 -
0:0:0:0:0:0:0:1 - - [22/Oct/2020:01:56:27 -0700] "GET /loginSuccessful HTTP/1.1" 200 650
0:0:0:0:0:0:0:1 - - [22/Oct/2020:01:56:28 -0700] "GET /searchCourses HTTP/1.1" 200 549
0:0:0:0:0:0:0:1 - - [22/Oct/2020:01:56:29 -0700] "GET /searchCoursesByTitle?title=COMSC-75 HTTP/1.1" 200 1621
0:0:0:0:0:0:0:1 - - [22/Oct/2020:01:56:30 -0700] "GET /registerForClassess?regIdClasses=10102 HTTP/1.1" 302 -
0:0:0:0:0:0:0:1 - - [22/Oct/2020:01:56:30 -0700] "GET /registerFailed HTTP/1.1" 200 637
0:0:0:0:0:0:0:1 - - [22/Oct/2020:01:56:54 -0700] "GET /login HTTP/1.1" 200 1657
0:0:0:0:0:0:0:1 - - [22/Oct/2020:01:56:57 -0700] "POST /doLogin HTTP/1.1" 302 -
0:0:0:0:0:0:0:1 - - [22/Oct/2020:01:56:57 -0700] "GET /loginSuccessful HTTP/1.1" 200 650
0:0:0:0:0:0:0:1 - - [22/Oct/2020:01:56:59 -0700] "GET /searchCourses HTTP/1.1" 200 549
0:0:0:0:0:0:0:1 - - [22/Oct/2020:01:57:01 -0700] "GET /searchCoursesByTitle?title=COMSC-75 HTTP/1.1" 200 1621
0:0:0:0:0:0:0:1 - - [22/Oct/2020:01:58:38 -0700] "GET /sl HTTP/1.1" 404 306
0:0:0:0:0:0:0:1 - - [22/Oct/2020:01:58:40 -0700] "GET /login HTTP/1.1" 200 1657
0:0:0:0:0:0:0:1 - - [22/Oct/2020:01:58:44 -0700] "POST /doLogin HTTP/1.1" 302 -
0:0:0:0:0:0:0:1 - - [22/Oct/2020:01:58:44 -0700] "GET /loginSuccessful HTTP/1.1" 200 650
0:0:0:0:0:0:0:1 - - [22/Oct/2020:01:58:45 -0700] "GET /searchCourses HTTP/1.1" 200 549
0:0:0:0:0:0:0:1 - - [22/Oct/2020:01:58:46 -0700] "GET /searchCoursesByTitle?title=COMSC-75 HTTP/1.1" 200 1621
0:0:0:0:0:0:0:1 - - [22/Oct/2020:01:58:50 -0700] "GET /registerForClassess?regIdClasses=10101&regIdClasses=10102 HTTP/1.1" 302 -
0:0:0:0:0:0:0:1 - - [22/Oct/2020:01:58:50 -0700] "GET /loginSuccessful HTTP/1.1" 200 650
0:0:0:0:0:0:0:1 - - [22/Oct/2020:01:58:51 -0700] "GET /dropClasses HTTP/1.1" 200 1526
0:0:0:0:0:0:0:1 - - [22/Oct/2020:01:58:54 -0700] "POST /dropClasses HTTP/1.1" 302 -
0:0:0:0:0:0:0:1 - - [22/Oct/2020:01:58:54 -0700] "GET /loginSuccessful HTTP/1.1" 200 650
0:0:0:0:0:0:0:1 - - [22/Oct/2020:01:58:55 -0700] "GET /searchCourses HTTP/1.1" 200 549
0:0:0:0:0:0:0:1 - - [22/Oct/2020:01:58:56 -0700] "GET /searchCoursesByTitle?title=COMSC-75 HTTP/1.1" 200 1621
0:0:0:0:0:0:0:1 - - [22/Oct/2020:01:58:59 -0700] "GET /registerForClassess?regIdClasses=10102 HTTP/1.1" 302 -
0:0:0:0:0:0:0:1 - - [22/Oct/2020:01:58:59 -0700] "GET /registerFailed HTTP/1.1" 200 637
0:0:0:0:0:0:0:1 - - [22/Oct/2020:02:01:07 -0700] "GET /login HTTP/1.1" 200 1657
0:0:0:0:0:0:0:1 - - [22/Oct/2020:02:01:10 -0700] "POST /doLogin HTTP/1.1" 302 -
0:0:0:0:0:0:0:1 - - [22/Oct/2020:02:01:10 -0700] "GET /loginSuccessful HTTP/1.1" 200 650
0:0:0:0:0:0:0:1 - - [22/Oct/2020:02:01:11 -0700] "GET /searchCourses HTTP/1.1" 200 549
0:0:0:0:0:0:0:1 - - [22/Oct/2020:02:01:12 -0700] "GET /searchCoursesByTitle?title=COMSC-75 HTTP/1.1" 200 1621
0:0:0:0:0:0:0:1 - - [22/Oct/2020:02:01:14 -0700] "GET /registerForClassess?regIdClasses=10101&regIdClasses=10102 HTTP/1.1" 302 -
0:0:0:0:0:0:0:1 - - [22/Oct/2020:02:01:14 -0700] "GET /loginSuccessful HTTP/1.1" 200 650
0:0:0:0:0:0:0:1 - - [22/Oct/2020:02:01:15 -0700] "GET /dropClasses HTTP/1.1" 200 1526
0:0:0:0:0:0:0:1 - - [22/Oct/2020:02:01:16 -0700] "POST /dropClasses HTTP/1.1" 302 -
0:0:0:0:0:0:0:1 - - [22/Oct/2020:02:01:16 -0700] "GET /loginSuccessful HTTP/1.1" 200 650
0:0:0:0:0:0:0:1 - - [22/Oct/2020:02:01:17 -0700] "GET /searchCourses HTTP/1.1" 200 549
0:0:0:0:0:0:0:1 - - [22/Oct/2020:02:01:18 -0700] "GET /searchCoursesByTitle?title=COMSC-75 HTTP/1.1" 200 1621
0:0:0:0:0:0:0:1 - - [22/Oct/2020:02:01:19 -0700] "GET /registerForClassess?regIdClasses=10102 HTTP/1.1" 302 -
0:0:0:0:0:0:0:1 - - [22/Oct/2020:02:01:19 -0700] "GET /registerFailed HTTP/1.1" 200 637
0:0:0:0:0:0:0:1 - - [22/Oct/2020:02:09:58 -0700] "GET /login HTTP/1.1" 200 1657
0:0:0:0:0:0:0:1 - - [22/Oct/2020:02:09:58 -0700] "GET /login HTTP/1.1" 200 1657
0:0:0:0:0:0:0:1 - - [22/Oct/2020:02:10:02 -0700] "POST /doLogin HTTP/1.1" 302 -
0:0:0:0:0:0:0:1 - - [22/Oct/2020:02:10:02 -0700] "GET /loginSuccessful HTTP/1.1" 200 650
0:0:0:0:0:0:0:1 - - [22/Oct/2020:02:10:03 -0700] "GET /searchCourses HTTP/1.1" 200 549
0:0:0:0:0:0:0:1 - - [22/Oct/2020:02:10:04 -0700] "GET /searchCoursesByTitle?title=COMSC-75 HTTP/1.1" 200 1621
0:0:0:0:0:0:0:1 - - [22/Oct/2020:02:10:07 -0700] "GET /registerForClassess?regIdClasses=10101&regIdClasses=10102 HTTP/1.1" 302 -
0:0:0:0:0:0:0:1 - - [22/Oct/2020:02:10:07 -0700] "GET /loginSuccessful HTTP/1.1" 200 650
0:0:0:0:0:0:0:1 - - [22/Oct/2020:02:10:08 -0700] "GET /dropClasses HTTP/1.1" 200 880
0:0:0:0:0:0:0:1 - - [22/Oct/2020:02:10:09 -0700] "GET /loginSuccessful HTTP/1.1" 200 650
0:0:0:0:0:0:0:1 - - [22/Oct/2020:07:48:30 -0700] "GET /loginSuccessful HTTP/1.1" 302 -
0:0:0:0:0:0:0:1 - - [22/Oct/2020:07:48:31 -0700] "GET /login HTTP/1.1" 200 1657
0:0:0:0:0:0:0:1 - - [22/Oct/2020:07:48:34 -0700] "POST /doLogin HTTP/1.1" 302 -
0:0:0:0:0:0:0:1 - - [22/Oct/2020:07:48:34 -0700] "GET /loginSuccessful HTTP/1.1" 200 650
0:0:0:0:0:0:0:1 - - [22/Oct/2020:07:48:36 -0700] "GET /searchCourses HTTP/1.1" 200 549
0:0:0:0:0:0:0:1 - - [22/Oct/2020:07:48:37 -0700] "GET /searchCoursesByTitle?title=COMSC-75 HTTP/1.1" 200 1621
0:0:0:0:0:0:0:1 - - [22/Oct/2020:07:48:40 -0700] "GET /registerForClassess?regIdClasses=10101&regIdClasses=10102 HTTP/1.1" 302 -
0:0:0:0:0:0:0:1 - - [22/Oct/2020:07:48:40 -0700] "GET /registerFailed HTTP/1.1" 200 637
0:0:0:0:0:0:0:1 - - [22/Oct/2020:07:49:02 -0700] "GET /login HTTP/1.1" 200 1657
0:0:0:0:0:0:0:1 - - [22/Oct/2020:07:49:06 -0700] "POST /doLogin HTTP/1.1" 302 -
0:0:0:0:0:0:0:1 - - [22/Oct/2020:07:49:06 -0700] "GET /loginSuccessful HTTP/1.1" 200 650
0:0:0:0:0:0:0:1 - - [22/Oct/2020:07:49:12 -0700] "GET /searchCourses HTTP/1.1" 200 549
0:0:0:0:0:0:0:1 - - [22/Oct/2020:07:49:14 -0700] "GET /searchCoursesByTitle?title=COMSC-75 HTTP/1.1" 200 1621
0:0:0:0:0:0:0:1 - - [22/Oct/2020:07:49:17 -0700] "GET /registerForClassess?regIdClasses=10101&regIdClasses=10102 HTTP/1.1" 302 -
0:0:0:0:0:0:0:1 - - [22/Oct/2020:07:49:17 -0700] "GET /registerFailed HTTP/1.1" 200 637
0:0:0:0:0:0:0:1 - - [22/Oct/2020:07:50:22 -0700] "GET /login HTTP/1.1" 200 1657
0:0:0:0:0:0:0:1 - - [22/Oct/2020:07:50:22 -0700] "GET /login HTTP/1.1" 200 1657
0:0:0:0:0:0:0:1 - - [22/Oct/2020:07:50:26 -0700] "POST /doLogin HTTP/1.1" 302 -
0:0:0:0:0:0:0:1 - - [22/Oct/2020:07:50:26 -0700] "GET /loginSuccessful HTTP/1.1" 200 650
0:0:0:0:0:0:0:1 - - [22/Oct/2020:07:50:42 -0700] "GET /searchCourses HTTP/1.1" 200 549
0:0:0:0:0:0:0:1 - - [22/Oct/2020:07:50:43 -0700] "GET /searchCoursesByTitle?title=COMSC-75 HTTP/1.1" 200 1621
0:0:0:0:0:0:0:1 - - [22/Oct/2020:07:50:45 -0700] "GET /registerForClassess?regIdClasses=10101&regIdClasses=10102 HTTP/1.1" 302 -
0:0:0:0:0:0:0:1 - - [22/Oct/2020:07:50:45 -0700] "GET /loginSuccessful HTTP/1.1" 200 650
0:0:0:0:0:0:0:1 - - [22/Oct/2020:07:50:47 -0700] "GET /dropClasses HTTP/1.1" 200 1526
0:0:0:0:0:0:0:1 - - [22/Oct/2020:07:50:49 -0700] "POST /dropClasses HTTP/1.1" 302 -
0:0:0:0:0:0:0:1 - - [22/Oct/2020:07:50:49 -0700] "GET /loginSuccessful HTTP/1.1" 200 650
0:0:0:0:0:0:0:1 - - [22/Oct/2020:07:50:50 -0700] "GET /searchCourses HTTP/1.1" 200 549
0:0:0:0:0:0:0:1 - - [22/Oct/2020:07:50:51 -0700] "GET /searchCoursesByTitle?title=COMSC-75 HTTP/1.1" 200 1621
0:0:0:0:0:0:0:1 - - [22/Oct/2020:07:50:53 -0700] "GET /registerForClassess?regIdClasses=10102 HTTP/1.1" 302 -
0:0:0:0:0:0:0:1 - - [22/Oct/2020:07:50:53 -0700] "GET /loginSuccessful HTTP/1.1" 200 650
0:0:0:0:0:0:0:1 - - [22/Oct/2020:07:51:13 -0700] "GET /dropClasses HTTP/1.1" 200 1526
0:0:0:0:0:0:0:1 - - [22/Oct/2020:07:51:17 -0700] "POST /dropClasses HTTP/1.1" 302 -
0:0:0:0:0:0:0:1 - - [22/Oct/2020:07:51:17 -0700] "GET /loginSuccessful HTTP/1.1" 200 650
0:0:0:0:0:0:0:1 - - [22/Oct/2020:07:53:38 -0700] "GET /loginSuccessful HTTP/1.1" 200 650
0:0:0:0:0:0:0:1 - - [22/Oct/2020:07:53:40 -0700] "GET /searchCourses HTTP/1.1" 200 549
0:0:0:0:0:0:0:1 - - [22/Oct/2020:07:53:41 -0700] "GET /searchCoursesByTitle?title=COMSC-75 HTTP/1.1" 200 1621
0:0:0:0:0:0:0:1 - - [22/Oct/2020:07:53:45 -0700] "GET /registerForClassess?regIdClasses=10101&regIdClasses=10102 HTTP/1.1" 302 -
0:0:0:0:0:0:0:1 - - [22/Oct/2020:07:53:45 -0700] "GET /loginSuccessful HTTP/1.1" 200 650
0:0:0:0:0:0:0:1 - - [22/Oct/2020:07:53:56 -0700] "GET /dropClasses HTTP/1.1" 200 1526
0:0:0:0:0:0:0:1 - - [22/Oct/2020:07:53:59 -0700] "POST /dropClasses HTTP/1.1" 302 -
0:0:0:0:0:0:0:1 - - [22/Oct/2020:07:53:59 -0700] "GET /loginSuccessful HTTP/1.1" 200 650
0:0:0:0:0:0:0:1 - - [22/Oct/2020:07:54:07 -0700] "GET /searchCourses HTTP/1.1" 200 549
0:0:0:0:0:0:0:1 - - [22/Oct/2020:07:54:09 -0700] "GET /searchCoursesByTitle?title=COMSC-75 HTTP/1.1" 200 1621
0:0:0:0:0:0:0:1 - - [22/Oct/2020:07:54:12 -0700] "GET /registerForClassess?regIdClasses=10102 HTTP/1.1" 302 -
0:0:0:0:0:0:0:1 - - [22/Oct/2020:07:54:12 -0700] "GET /loginSuccessful HTTP/1.1" 200 650
0:0:0:0:0:0:0:1 - - [22/Oct/2020:07:54:21 -0700] "GET /dropClasses HTTP/1.1" 200 1526
0:0:0:0:0:0:0:1 - - [22/Oct/2020:07:54:25 -0700] "POST /dropClasses HTTP/1.1" 302 -
0:0:0:0:0:0:0:1 - - [22/Oct/2020:07:54:25 -0700] "GET /loginSuccessful HTTP/1.1" 200 650
0:0:0:0:0:0:0:1 - - [22/Oct/2020:07:54:38 -0700] "GET /dropClasses HTTP/1.1" 200 1194
0:0:0:0:0:0:0:1 - - [22/Oct/2020:07:54:39 -0700] "GET /loginSuccessful HTTP/1.1" 200 650
0:0:0:0:0:0:0:1 - - [22/Oct/2020:07:54:41 -0700] "GET /searchCourses HTTP/1.1" 200 549
0:0:0:0:0:0:0:1 - - [22/Oct/2020:07:54:42 -0700] "GET /searchCoursesByTitle?title=COMSC-75 HTTP/1.1" 200 1621
0:0:0:0:0:0:0:1 - - [22/Oct/2020:07:54:45 -0700] "GET /registerForClassess?regIdClasses=10101 HTTP/1.1" 302 -
0:0:0:0:0:0:0:1 - - [22/Oct/2020:07:54:45 -0700] "GET /registerFailed HTTP/1.1" 200 637
0:0:0:0:0:0:0:1 - - [22/Oct/2020:08:06:14 -0700] "GET /searchCoursesByTitle?title=COMSC-75 HTTP/1.1" 200 1621
0:0:0:0:0:0:0:1 - - [22/Oct/2020:08:06:16 -0700] "GET /searchCourses HTTP/1.1" 200 549
0:0:0:0:0:0:0:1 - - [22/Oct/2020:08:06:16 -0700] "GET /loginSuccessful HTTP/1.1" 200 650
0:0:0:0:0:0:0:1 - - [22/Oct/2020:08:06:19 -0700] "GET /searchBook HTTP/1.1" 200 678
0:0:0:0:0:0:0:1 - - [22/Oct/2020:08:06:22 -0700] "GET /searchBookByTitleOrAuthor?argument=Java HTTP/1.1" 200 2003
0:0:0:0:0:0:0:1 - - [22/Oct/2020:08:06:24 -0700] "GET /moreDetails?bookItem=1 HTTP/1.1" 200 841
0:0:0:0:0:0:0:1 - - [22/Oct/2020:08:06:32 -0700] "GET /searchBookByTitleOrAuthor?argument=Java HTTP/1.1" 200 2003
0:0:0:0:0:0:0:1 - - [22/Oct/2020:08:06:32 -0700] "GET /searchBook HTTP/1.1" 200 678
0:0:0:0:0:0:0:1 - - [22/Oct/2020:08:06:33 -0700] "GET /loginSuccessful HTTP/1.1" 200 650
0:0:0:0:0:0:0:1 - - [22/Oct/2020:08:06:42 -0700] "GET /searchCourses HTTP/1.1" 200 549
0:0:0:0:0:0:0:1 - - [22/Oct/2020:08:06:44 -0700] "GET /searchCoursesByTitle?title=COMSC-75 HTTP/1.1" 200 1621
0:0:0:0:0:0:0:1 - - [22/Oct/2020:08:06:54 -0700] "GET /searchCourses HTTP/1.1" 200 549
0:0:0:0:0:0:0:1 - - [22/Oct/2020:08:06:56 -0700] "GET /loginSuccessful HTTP/1.1" 200 650
0:0:0:0:0:0:0:1 - - [22/Oct/2020:08:06:57 -0700] "GET /dropClasses HTTP/1.1" 200 880
0:0:0:0:0:0:0:1 - - [22/Oct/2020:08:06:59 -0700] "GET /loginSuccessful HTTP/1.1" 200 650
0:0:0:0:0:0:0:1 - - [22/Oct/2020:08:07:05 -0700] "GET /getAllRequiredBooks HTTP/1.1" 302 -
0:0:0:0:0:0:0:1 - - [22/Oct/2020:08:07:05 -0700] "GET /loginSuccessful HTTP/1.1" 200 719
0:0:0:0:0:0:0:1 - - [22/Oct/2020:08:33:14 -0700] "GET /loginSuccessful HTTP/1.1" 200 650
0:0:0:0:0:0:0:1 - - [22/Oct/2020:08:33:16 -0700] "GET /searchCourses HTTP/1.1" 200 549
0:0:0:0:0:0:0:1 - - [22/Oct/2020:08:33:18 -0700] "GET /searchCoursesByTitle?title=COMSC-75 HTTP/1.1" 200 1621
0:0:0:0:0:0:0:1 - - [22/Oct/2020:08:33:20 -0700] "GET /registerForClassess?regIdClasses=10101&regIdClasses=10102 HTTP/1.1" 302 -
0:0:0:0:0:0:0:1 - - [22/Oct/2020:08:33:20 -0700] "GET /loginSuccessful HTTP/1.1" 200 650
0:0:0:0:0:0:0:1 - - [22/Oct/2020:08:33:21 -0700] "GET /dropClasses HTTP/1.1" 200 1526
0:0:0:0:0:0:0:1 - - [22/Oct/2020:08:33:23 -0700] "POST /dropClasses HTTP/1.1" 400 9506
0:0:0:0:0:0:0:1 - - [22/Oct/2020:08:34:10 -0700] "GET /login HTTP/1.1" 200 1657
0:0:0:0:0:0:0:1 - - [22/Oct/2020:08:34:10 -0700] "GET /login HTTP/1.1" 200 1657
0:0:0:0:0:0:0:1 - - [22/Oct/2020:08:34:14 -0700] "POST /doLogin HTTP/1.1" 302 -
0:0:0:0:0:0:0:1 - - [22/Oct/2020:08:34:14 -0700] "GET /loginSuccessful HTTP/1.1" 200 650
0:0:0:0:0:0:0:1 - - [22/Oct/2020:08:34:15 -0700] "GET /searchCourses HTTP/1.1" 200 549
0:0:0:0:0:0:0:1 - - [22/Oct/2020:08:34:16 -0700] "GET /searchCoursesByTitle?title=COMSC-75 HTTP/1.1" 200 1621
0:0:0:0:0:0:0:1 - - [22/Oct/2020:08:34:17 -0700] "GET /registerForClassess?regIdClasses=10101&regIdClasses=10102 HTTP/1.1" 302 -
0:0:0:0:0:0:0:1 - - [22/Oct/2020:08:34:17 -0700] "GET /loginSuccessful HTTP/1.1" 200 650
0:0:0:0:0:0:0:1 - - [22/Oct/2020:08:34:18 -0700] "GET /dropClasses HTTP/1.1" 200 1526
0:0:0:0:0:0:0:1 - - [22/Oct/2020:08:34:19 -0700] "POST /dropClasses HTTP/1.1" 400 9506
0:0:0:0:0:0:0:1 - - [22/Oct/2020:08:37:02 -0700] "GET /login HTTP/1.1" 200 1657
0:0:0:0:0:0:0:1 - - [22/Oct/2020:08:37:05 -0700] "POST /doLogin HTTP/1.1" 302 -
0:0:0:0:0:0:0:1 - - [22/Oct/2020:08:37:05 -0700] "GET /loginSuccessful HTTP/1.1" 200 650
0:0:0:0:0:0:0:1 - - [22/Oct/2020:08:37:06 -0700] "GET /searchCourses HTTP/1.1" 200 549
0:0:0:0:0:0:0:1 - - [22/Oct/2020:08:37:07 -0700] "GET /searchCoursesByTitle?title=COMSC-75 HTTP/1.1" 200 1621
0:0:0:0:0:0:0:1 - - [22/Oct/2020:08:37:09 -0700] "GET /registerForClassess?regIdClasses=10101&regIdClasses=10102 HTTP/1.1" 302 -
0:0:0:0:0:0:0:1 - - [22/Oct/2020:08:37:09 -0700] "GET /loginSuccessful HTTP/1.1" 200 650
0:0:0:0:0:0:0:1 - - [22/Oct/2020:08:37:10 -0700] "GET /dropClasses HTTP/1.1" 200 1526
0:0:0:0:0:0:0:1 - - [22/Oct/2020:08:37:11 -0700] "POST /dropClasses HTTP/1.1" 400 9506
0:0:0:0:0:0:0:1 - - [22/Oct/2020:08:44:28 -0700] "GET /login HTTP/1.1" 200 1657
0:0:0:0:0:0:0:1 - - [22/Oct/2020:08:44:28 -0700] "GET /login HTTP/1.1" 200 1657
0:0:0:0:0:0:0:1 - - [22/Oct/2020:08:44:32 -0700] "POST /doLogin HTTP/1.1" 302 -
0:0:0:0:0:0:0:1 - - [22/Oct/2020:08:44:32 -0700] "GET /loginSuccessful HTTP/1.1" 200 650
0:0:0:0:0:0:0:1 - - [22/Oct/2020:08:44:33 -0700] "GET /searchCourses HTTP/1.1" 200 549
0:0:0:0:0:0:0:1 - - [22/Oct/2020:08:44:34 -0700] "GET /searchCoursesByTitle?title=COMSC-75 HTTP/1.1" 200 1621
0:0:0:0:0:0:0:1 - - [22/Oct/2020:08:44:38 -0700] "GET /registerForClassess?regIdClasses=10101&regIdClasses=10102 HTTP/1.1" 302 -
0:0:0:0:0:0:0:1 - - [22/Oct/2020:08:44:38 -0700] "GET /loginSuccessful HTTP/1.1" 200 650
0:0:0:0:0:0:0:1 - - [22/Oct/2020:08:44:39 -0700] "GET /dropClasses HTTP/1.1" 405 9123
0:0:0:0:0:0:0:1 - - [22/Oct/2020:08:46:47 -0700] "GET /login HTTP/1.1" 200 1657
0:0:0:0:0:0:0:1 - - [22/Oct/2020:08:46:50 -0700] "POST /doLogin HTTP/1.1" 302 -
0:0:0:0:0:0:0:1 - - [22/Oct/2020:08:46:50 -0700] "GET /loginSuccessful HTTP/1.1" 200 650
0:0:0:0:0:0:0:1 - - [22/Oct/2020:08:46:51 -0700] "GET /searchCourses HTTP/1.1" 200 549
0:0:0:0:0:0:0:1 - - [22/Oct/2020:08:46:53 -0700] "GET /searchCoursesByTitle?title=COMSC-75 HTTP/1.1" 200 1621
0:0:0:0:0:0:0:1 - - [22/Oct/2020:08:46:56 -0700] "GET /registerForClassess?regIdClasses=10101&regIdClasses=10102 HTTP/1.1" 302 -
0:0:0:0:0:0:0:1 - - [22/Oct/2020:08:46:56 -0700] "GET /loginSuccessful HTTP/1.1" 200 650
0:0:0:0:0:0:0:1 - - [22/Oct/2020:08:46:57 -0700] "GET /dropClasses HTTP/1.1" 200 1526
0:0:0:0:0:0:0:1 - - [22/Oct/2020:08:47:00 -0700] "POST /dropClasses HTTP/1.1" 400 9506
0:0:0:0:0:0:0:1 - - [22/Oct/2020:08:48:19 -0700] "GET /login HTTP/1.1" 200 1657
0:0:0:0:0:0:0:1 - - [22/Oct/2020:08:48:22 -0700] "POST /doLogin HTTP/1.1" 302 -
0:0:0:0:0:0:0:1 - - [22/Oct/2020:08:48:22 -0700] "GET /loginSuccessful HTTP/1.1" 200 650
0:0:0:0:0:0:0:1 - - [22/Oct/2020:08:48:24 -0700] "GET /searchCourses HTTP/1.1" 200 549
0:0:0:0:0:0:0:1 - - [22/Oct/2020:08:48:25 -0700] "GET /searchCoursesByTitle?title=COMSC-75 HTTP/1.1" 200 1621
0:0:0:0:0:0:0:1 - - [22/Oct/2020:08:48:28 -0700] "GET /registerForClassess?regIdClasses=10101&regIdClasses=10102 HTTP/1.1" 302 -
0:0:0:0:0:0:0:1 - - [22/Oct/2020:08:48:28 -0700] "GET /loginSuccessful HTTP/1.1" 200 650
0:0:0:0:0:0:0:1 - - [22/Oct/2020:08:48:29 -0700] "GET /dropClasses HTTP/1.1" 200 1526
0:0:0:0:0:0:0:1 - - [22/Oct/2020:08:48:31 -0700] "POST /dropClasses HTTP/1.1" 400 9506
0:0:0:0:0:0:0:1 - - [22/Oct/2020:08:51:00 -0700] "GET /login HTTP/1.1" 200 1657
0:0:0:0:0:0:0:1 - - [22/Oct/2020:08:51:01 -0700] "GET /login HTTP/1.1" 200 1657
0:0:0:0:0:0:0:1 - - [22/Oct/2020:08:51:04 -0700] "POST /doLogin HTTP/1.1" 302 -
0:0:0:0:0:0:0:1 - - [22/Oct/2020:08:51:04 -0700] "GET /loginSuccessful HTTP/1.1" 200 650
0:0:0:0:0:0:0:1 - - [22/Oct/2020:08:51:06 -0700] "GET /searchCourses HTTP/1.1" 200 549
0:0:0:0:0:0:0:1 - - [22/Oct/2020:08:51:07 -0700] "GET /searchCoursesByTitle?title=COMSC-75 HTTP/1.1" 200 1621
0:0:0:0:0:0:0:1 - - [22/Oct/2020:08:51:11 -0700] "GET /registerForClassess?regIdClasses=10101&regIdClasses=10102 HTTP/1.1" 302 -
0:0:0:0:0:0:0:1 - - [22/Oct/2020:08:51:11 -0700] "GET /loginSuccessful HTTP/1.1" 200 650
0:0:0:0:0:0:0:1 - - [22/Oct/2020:08:51:12 -0700] "GET /dropClasses HTTP/1.1" 200 1526
0:0:0:0:0:0:0:1 - - [22/Oct/2020:08:51:14 -0700] "POST /dropClasses HTTP/1.1" 400 9506
0:0:0:0:0:0:0:1 - - [22/Oct/2020:08:52:51 -0700] "GET /login HTTP/1.1" 200 1657
0:0:0:0:0:0:0:1 - - [22/Oct/2020:08:52:54 -0700] "POST /doLogin HTTP/1.1" 302 -
0:0:0:0:0:0:0:1 - - [22/Oct/2020:08:52:54 -0700] "GET /loginSuccessful HTTP/1.1" 200 650
0:0:0:0:0:0:0:1 - - [22/Oct/2020:08:52:56 -0700] "GET /searchCourses HTTP/1.1" 200 549
0:0:0:0:0:0:0:1 - - [22/Oct/2020:08:52:57 -0700] "GET /searchCoursesByTitle?title=COMSC-75 HTTP/1.1" 200 1621
0:0:0:0:0:0:0:1 - - [22/Oct/2020:08:53:03 -0700] "GET /registerForClassess?regIdClasses=10101&regIdClasses=10102 HTTP/1.1" 302 -
0:0:0:0:0:0:0:1 - - [22/Oct/2020:08:53:03 -0700] "GET /loginSuccessful HTTP/1.1" 200 650
0:0:0:0:0:0:0:1 - - [22/Oct/2020:08:53:04 -0700] "GET /dropClasses HTTP/1.1" 200 1526
0:0:0:0:0:0:0:1 - - [22/Oct/2020:08:53:05 -0700] "POST /dropClasses HTTP/1.1" 400 9506
0:0:0:0:0:0:0:1 - - [22/Oct/2020:09:01:39 -0700] "GET /login HTTP/1.1" 200 1657
0:0:0:0:0:0:0:1 - - [22/Oct/2020:09:01:39 -0700] "GET /login HTTP/1.1" 200 1657
0:0:0:0:0:0:0:1 - - [22/Oct/2020:09:01:42 -0700] "POST /doLogin HTTP/1.1" 302 -
0:0:0:0:0:0:0:1 - - [22/Oct/2020:09:01:43 -0700] "GET /loginSuccessful HTTP/1.1" 200 650
0:0:0:0:0:0:0:1 - - [22/Oct/2020:09:01:44 -0700] "GET /searchCourses HTTP/1.1" 200 549
0:0:0:0:0:0:0:1 - - [22/Oct/2020:09:01:45 -0700] "GET /searchCoursesByTitle?title=COMSC-75 HTTP/1.1" 200 1621
0:0:0:0:0:0:0:1 - - [22/Oct/2020:09:01:49 -0700] "GET /registerForClassess?regIdClasses=10101&regIdClasses=10102 HTTP/1.1" 302 -
0:0:0:0:0:0:0:1 - - [22/Oct/2020:09:01:49 -0700] "GET /loginSuccessful HTTP/1.1" 200 650
0:0:0:0:0:0:0:1 - - [22/Oct/2020:09:01:52 -0700] "GET /dropClasses HTTP/1.1" 200 1526
0:0:0:0:0:0:0:1 - - [22/Oct/2020:09:01:53 -0700] "POST /dropClasses HTTP/1.1" 302 -
0:0:0:0:0:0:0:1 - - [22/Oct/2020:09:01:53 -0700] "GET /dropClassesFailed HTTP/1.1" 200 1526
0:0:0:0:0:0:0:1 - - [22/Oct/2020:09:01:54 -0700] "POST /dropClasses HTTP/1.1" 302 -
0:0:0:0:0:0:0:1 - - [22/Oct/2020:09:01:54 -0700] "GET /dropClassesFailed HTTP/1.1" 200 1526
0:0:0:0:0:0:0:1 - - [22/Oct/2020:09:01:55 -0700] "POST /dropClasses HTTP/1.1" 302 -
0:0:0:0:0:0:0:1 - - [22/Oct/2020:09:01:55 -0700] "GET /dropClassesFailed HTTP/1.1" 200 1526
0:0:0:0:0:0:0:1 - - [22/Oct/2020:09:01:55 -0700] "POST /dropClasses HTTP/1.1" 302 -
0:0:0:0:0:0:0:1 - - [22/Oct/2020:09:01:55 -0700] "GET /dropClassesFailed HTTP/1.1" 200 1526
0:0:0:0:0:0:0:1 - - [22/Oct/2020:09:02:20 -0700] "GET /login HTTP/1.1" 200 1657
0:0:0:0:0:0:0:1 - - [22/Oct/2020:09:02:23 -0700] "POST /doLogin HTTP/1.1" 302 -
0:0:0:0:0:0:0:1 - - [22/Oct/2020:09:02:23 -0700] "GET /loginSuccessful HTTP/1.1" 200 650
0:0:0:0:0:0:0:1 - - [22/Oct/2020:09:02:24 -0700] "GET /searchCourses HTTP/1.1" 200 549
0:0:0:0:0:0:0:1 - - [22/Oct/2020:09:02:26 -0700] "GET /searchCoursesByTitle?title=COMSC-75 HTTP/1.1" 200 1621
0:0:0:0:0:0:0:1 - - [22/Oct/2020:09:02:29 -0700] "GET /registerForClassess?regIdClasses=10101&regIdClasses=10102 HTTP/1.1" 302 -
0:0:0:0:0:0:0:1 - - [22/Oct/2020:09:02:29 -0700] "GET /loginSuccessful HTTP/1.1" 200 650
0:0:0:0:0:0:0:1 - - [22/Oct/2020:09:02:31 -0700] "GET /dropClasses HTTP/1.1" 200 1526
0:0:0:0:0:0:0:1 - - [22/Oct/2020:09:02:32 -0700] "POST /dropClasses HTTP/1.1" 302 -
0:0:0:0:0:0:0:1 - - [22/Oct/2020:09:02:32 -0700] "GET /dropClasses HTTP/1.1" 200 1526
0:0:0:0:0:0:0:1 - - [22/Oct/2020:09:02:33 -0700] "POST /dropClasses HTTP/1.1" 302 -
0:0:0:0:0:0:0:1 - - [22/Oct/2020:09:02:33 -0700] "GET /dropClasses HTTP/1.1" 200 1526
0:0:0:0:0:0:0:1 - - [22/Oct/2020:09:02:33 -0700] "POST /dropClasses HTTP/1.1" 302 -
0:0:0:0:0:0:0:1 - - [22/Oct/2020:09:02:33 -0700] "GET /dropClasses HTTP/1.1" 200 1526
0:0:0:0:0:0:0:1 - - [22/Oct/2020:09:03:35 -0700] "GET /login HTTP/1.1" 200 1657
0:0:0:0:0:0:0:1 - - [22/Oct/2020:09:03:37 -0700] "POST /doLogin HTTP/1.1" 302 -
0:0:0:0:0:0:0:1 - - [22/Oct/2020:09:03:37 -0700] "GET /loginSuccessful HTTP/1.1" 200 650
0:0:0:0:0:0:0:1 - - [22/Oct/2020:09:03:39 -0700] "GET /searchCourses HTTP/1.1" 200 549
0:0:0:0:0:0:0:1 - - [22/Oct/2020:09:03:40 -0700] "GET /searchCoursesByTitle?title=COMSC-75 HTTP/1.1" 200 1621
0:0:0:0:0:0:0:1 - - [22/Oct/2020:09:03:43 -0700] "GET /registerForClassess?regIdClasses=10101&regIdClasses=10102 HTTP/1.1" 302 -
0:0:0:0:0:0:0:1 - - [22/Oct/2020:09:03:43 -0700] "GET /loginSuccessful HTTP/1.1" 200 650
0:0:0:0:0:0:0:1 - - [22/Oct/2020:09:03:44 -0700] "GET /dropClasses HTTP/1.1" 200 1526
0:0:0:0:0:0:0:1 - - [22/Oct/2020:09:03:45 -0700] "POST /dropClasses HTTP/1.1" 302 -
0:0:0:0:0:0:0:1 - - [22/Oct/2020:09:03:45 -0700] "GET /dropClasses HTTP/1.1" 200 1605
0:0:0:0:0:0:0:1 - - [22/Oct/2020:09:19:27 -0700] "GET /dropClasses HTTP/1.1" 200 880
0:0:0:0:0:0:0:1 - - [22/Oct/2020:09:19:28 -0700] "GET /loginSuccessful HTTP/1.1" 200 650
0:0:0:0:0:0:0:1 - - [22/Oct/2020:09:19:30 -0700] "GET /dropClasses HTTP/1.1" 200 880
0:0:0:0:0:0:0:1 - - [22/Oct/2020:09:19:32 -0700] "GET /loginSuccessful HTTP/1.1" 200 650
0:0:0:0:0:0:0:1 - - [22/Oct/2020:14:57:00 -0700] "GET /loginSuccessful HTTP/1.1" 302 -
0:0:0:0:0:0:0:1 - - [22/Oct/2020:14:57:00 -0700] "GET /login HTTP/1.1" 200 1657
0:0:0:0:0:0:0:1 - - [22/Oct/2020:14:57:04 -0700] "POST /doLogin HTTP/1.1" 302 -
0:0:0:0:0:0:0:1 - - [22/Oct/2020:14:57:04 -0700] "GET /loginSuccessful HTTP/1.1" 200 650
0:0:0:0:0:0:0:1 - - [22/Oct/2020:14:57:05 -0700] "GET /searchCourses HTTP/1.1" 200 549
0:0:0:0:0:0:0:1 - - [22/Oct/2020:14:57:06 -0700] "GET /loginSuccessful HTTP/1.1" 200 650
0:0:0:0:0:0:0:1 - - [22/Oct/2020:14:57:20 -0700] "GET /login HTTP/1.1" 200 1657
0:0:0:0:0:0:0:1 - - [22/Oct/2020:14:57:20 -0700] "GET /login HTTP/1.1" 200 1657
0:0:0:0:0:0:0:1 - - [22/Oct/2020:15:27:54 -0700] "GET /login HTTP/1.1" 200 1657
0:0:0:0:0:0:0:1 - - [22/Oct/2020:15:27:57 -0700] "POST /doLogin HTTP/1.1" 302 -
0:0:0:0:0:0:0:1 - - [22/Oct/2020:15:27:57 -0700] "GET /loginSuccessful HTTP/1.1" 200 650
0:0:0:0:0:0:0:1 - - [22/Oct/2020:15:27:58 -0700] "GET /searchCourses HTTP/1.1" 200 549
0:0:0:0:0:0:0:1 - - [22/Oct/2020:15:27:59 -0700] "GET /searchCoursesByTitle?title=COMSC-75 HTTP/1.1" 200 1621
0:0:0:0:0:0:0:1 - - [22/Oct/2020:15:28:03 -0700] "GET /registerForClassess?regIdClasses=10101&regIdClasses=10102 HTTP/1.1" 302 -
0:0:0:0:0:0:0:1 - - [22/Oct/2020:15:28:03 -0700] "GET /loginSuccessful HTTP/1.1" 200 650
0:0:0:0:0:0:0:1 - - [22/Oct/2020:15:28:05 -0700] "GET /dropClasses HTTP/1.1" 200 1526
0:0:0:0:0:0:0:1 - - [22/Oct/2020:15:28:07 -0700] "POST /dropClasses HTTP/1.1" 302 -
0:0:0:0:0:0:0:1 - - [22/Oct/2020:15:28:07 -0700] "GET /loginSuccessful HTTP/1.1" 200 650
0:0:0:0:0:0:0:1 - - [22/Oct/2020:15:28:09 -0700] "GET /searchCourses HTTP/1.1" 200 549
0:0:0:0:0:0:0:1 - - [22/Oct/2020:15:28:11 -0700] "GET /searchCoursesByTitle?title=COMSC-75 HTTP/1.1" 200 1621
0:0:0:0:0:0:0:1 - - [22/Oct/2020:15:28:15 -0700] "GET /registerForClassess?regIdClasses=10102 HTTP/1.1" 302 -
0:0:0:0:0:0:0:1 - - [22/Oct/2020:15:28:15 -0700] "GET /loginSuccessful HTTP/1.1" 200 650
0:0:0:0:0:0:0:1 - - [22/Oct/2020:15:28:17 -0700] "GET /searchCourses HTTP/1.1" 200 549
0:0:0:0:0:0:0:1 - - [22/Oct/2020:15:28:19 -0700] "GET /searchCoursesByTitle?title=COMSC-75 HTTP/1.1" 200 1621
0:0:0:0:0:0:0:1 - - [22/Oct/2020:15:28:22 -0700] "GET /registerForClassess?regIdClasses=10101 HTTP/1.1" 302 -
0:0:0:0:0:0:0:1 - - [22/Oct/2020:15:28:22 -0700] "GET /registerFailed HTTP/1.1" 200 637
0:0:0:0:0:0:0:1 - - [22/Oct/2020:15:33:46 -0700] "GET /login HTTP/1.1" 200 1657
0:0:0:0:0:0:0:1 - - [22/Oct/2020:15:33:46 -0700] "GET /login HTTP/1.1" 200 1657
0:0:0:0:0:0:0:1 - - [22/Oct/2020:15:33:50 -0700] "POST /doLogin HTTP/1.1" 302 -
0:0:0:0:0:0:0:1 - - [22/Oct/2020:15:33:50 -0700] "GET /loginSuccessful HTTP/1.1" 200 650
0:0:0:0:0:0:0:1 - - [22/Oct/2020:15:33:51 -0700] "GET /searchCourses HTTP/1.1" 200 549
0:0:0:0:0:0:0:1 - - [22/Oct/2020:15:33:53 -0700] "GET /searchCoursesByTitle?title=COMSC-75 HTTP/1.1" 200 1621
0:0:0:0:0:0:0:1 - - [22/Oct/2020:15:34:00 -0700] "GET /registerForClassess?regIdClasses=10101&regIdClasses=10102 HTTP/1.1" 302 -
0:0:0:0:0:0:0:1 - - [22/Oct/2020:15:34:00 -0700] "GET /loginSuccessful HTTP/1.1" 200 650
0:0:0:0:0:0:0:1 - - [22/Oct/2020:15:34:24 -0700] "GET /dropClasses HTTP/1.1" 200 1526
0:0:0:0:0:0:0:1 - - [22/Oct/2020:15:34:38 -0700] "POST /dropClasses HTTP/1.1" 302 -
0:0:0:0:0:0:0:1 - - [22/Oct/2020:15:34:38 -0700] "GET /loginSuccessful HTTP/1.1" 200 650
0:0:0:0:0:0:0:1 - - [22/Oct/2020:15:34:39 -0700] "GET /searchCourses HTTP/1.1" 200 549
0:0:0:0:0:0:0:1 - - [22/Oct/2020:15:34:43 -0700] "GET /searchCoursesByTitle?title=COMSC-75 HTTP/1.1" 200 1621
0:0:0:0:0:0:0:1 - - [22/Oct/2020:15:34:49 -0700] "GET /registerForClassess?regIdClasses=10102 HTTP/1.1" 302 -
0:0:0:0:0:0:0:1 - - [22/Oct/2020:15:34:49 -0700] "GET /loginSuccessful HTTP/1.1" 200 650
0:0:0:0:0:0:0:1 - - [22/Oct/2020:15:34:51 -0700] "GET /dropClasses HTTP/1.1" 200 1526
0:0:0:0:0:0:0:1 - - [22/Oct/2020:15:34:54 -0700] "POST /dropClasses HTTP/1.1" 302 -
0:0:0:0:0:0:0:1 - - [22/Oct/2020:15:34:54 -0700] "GET /loginSuccessful HTTP/1.1" 200 650
0:0:0:0:0:0:0:1 - - [22/Oct/2020:16:57:14 -0700] "GET /login HTTP/1.1" 200 1657
0:0:0:0:0:0:0:1 - - [22/Oct/2020:16:57:14 -0700] "GET /login HTTP/1.1" 200 1657
0:0:0:0:0:0:0:1 - - [22/Oct/2020:16:57:22 -0700] "POST /doLogin HTTP/1.1" 302 -
0:0:0:0:0:0:0:1 - - [22/Oct/2020:16:57:22 -0700] "GET /loginFailed HTTP/1.1" 302 -
0:0:0:0:0:0:0:1 - - [22/Oct/2020:16:57:22 -0700] "GET /login HTTP/1.1" 200 1657
0:0:0:0:0:0:0:1 - - [22/Oct/2020:16:57:25 -0700] "GET /forgetPassword HTTP/1.1" 200 1885
0:0:0:0:0:0:0:1 - - [22/Oct/2020:16:57:25 -0700] "GET /js/pwstrength.js HTTP/1.1" 200 -
0:0:0:0:0:0:0:1 - - [22/Oct/2020:16:57:25 -0700] "GET /js/jquery-1.7.2.js HTTP/1.1" 200 293292
0:0:0:0:0:0:0:1 - - [22/Oct/2020:16:57:32 -0700] "POST /changePassword HTTP/1.1" 200 1985
0:0:0:0:0:0:0:1 - - [22/Oct/2020:16:57:32 -0700] "GET /js/pwstrength.js HTTP/1.1" 200 -
0:0:0:0:0:0:0:1 - - [22/Oct/2020:16:57:32 -0700] "GET /js/jquery-1.7.2.js HTTP/1.1" 200 293292
0:0:0:0:0:0:0:1 - - [22/Oct/2020:16:58:03 -0700] "POST /changePassword HTTP/1.1" 200 1947
0:0:0:0:0:0:0:1 - - [22/Oct/2020:16:58:03 -0700] "GET /js/pwstrength.js HTTP/1.1" 200 -
0:0:0:0:0:0:0:1 - - [22/Oct/2020:16:58:03 -0700] "GET /js/jquery-1.7.2.js HTTP/1.1" 200 293292
0:0:0:0:0:0:0:1 - - [22/Oct/2020:16:58:45 -0700] "GET /forgetPassword HTTP/1.1" 200 1885
0:0:0:0:0:0:0:1 - - [22/Oct/2020:16:58:45 -0700] "GET /js/pwstrength.js HTTP/1.1" 200 -
0:0:0:0:0:0:0:1 - - [22/Oct/2020:16:58:45 -0700] "GET /js/jquery-1.7.2.js HTTP/1.1" 200 293292
0:0:0:0:0:0:0:1 - - [22/Oct/2020:16:58:47 -0700] "GET /login HTTP/1.1" 200 1657
0:0:0:0:0:0:0:1 - - [22/Oct/2020:16:59:14 -0700] "POST /doLogin HTTP/1.1" 302 -
0:0:0:0:0:0:0:1 - - [22/Oct/2020:16:59:14 -0700] "GET /loginSuccessful HTTP/1.1" 200 650
0:0:0:0:0:0:0:1 - - [22/Oct/2020:16:59:17 -0700] "GET /searchBook HTTP/1.1" 200 678
0:0:0:0:0:0:0:1 - - [22/Oct/2020:16:59:21 -0700] "GET /searchBookByTitleOrAuthor?argument=Java+1 HTTP/1.1" 200 1418
0:0:0:0:0:0:0:1 - - [22/Oct/2020:16:59:25 -0700] "GET /moreDetails?bookItem=1 HTTP/1.1" 200 841
0:0:0:0:0:0:0:1 - - [22/Oct/2020:17:00:07 -0700] "GET /searchBookByTitleOrAuthor?argument=Java+1 HTTP/1.1" 200 1418
0:0:0:0:0:0:0:1 - - [22/Oct/2020:17:00:18 -0700] "GET /searchBook HTTP/1.1" 200 678
0:0:0:0:0:0:0:1 - - [22/Oct/2020:17:00:23 -0700] "GET /searchBookByTitleOrAuthor?argument=Java+ HTTP/1.1" 200 2003
0:0:0:0:0:0:0:1 - - [22/Oct/2020:17:00:40 -0700] "GET /moreDetails?bookItem=2 HTTP/1.1" 200 652
0:0:0:0:0:0:0:1 - - [22/Oct/2020:17:00:42 -0700] "GET /searchBookByTitleOrAuthor?argument=Java+ HTTP/1.1" 200 2003
0:0:0:0:0:0:0:1 - - [22/Oct/2020:17:00:46 -0700] "GET /moreDetails?bookItem=1 HTTP/1.1" 200 841
0:0:0:0:0:0:0:1 - - [22/Oct/2020:17:00:54 -0700] "GET /searchBookByTitleOrAuthor?argument=Java+ HTTP/1.1" 200 2003
0:0:0:0:0:0:0:1 - - [22/Oct/2020:17:01:01 -0700] "GET /searchBook HTTP/1.1" 200 678
0:0:0:0:0:0:0:1 - - [22/Oct/2020:17:01:44 -0700] "GET /searchBookByTitleOrAuthor?argument=Phan HTTP/1.1" 200 2003
0:0:0:0:0:0:0:1 - - [22/Oct/2020:17:01:46 -0700] "GET /searchBook HTTP/1.1" 200 678
0:0:0:0:0:0:0:1 - - [22/Oct/2020:17:01:51 -0700] "GET /searchBookByTitleOrAuthor?argument=Pham+Hong HTTP/1.1" 200 1418
0:0:0:0:0:0:0:1 - - [22/Oct/2020:17:03:40 -0700] "GET /searchBook HTTP/1.1" 200 678
0:0:0:0:0:0:0:1 - - [22/Oct/2020:17:03:43 -0700] "GET /loginSuccessful HTTP/1.1" 200 650
0:0:0:0:0:0:0:1 - - [22/Oct/2020:17:42:50 -0700] "GET /searchBook HTTP/1.1" 302 -
0:0:0:0:0:0:0:1 - - [22/Oct/2020:17:42:50 -0700] "GET /login HTTP/1.1" 200 1657
0:0:0:0:0:0:0:1 - - [22/Oct/2020:17:42:55 -0700] "GET /loginSuccessful HTTP/1.1" 302 -
0:0:0:0:0:0:0:1 - - [22/Oct/2020:17:42:55 -0700] "GET /login HTTP/1.1" 200 1657
0:0:0:0:0:0:0:1 - - [22/Oct/2020:17:43:02 -0700] "GET /forgetPassword HTTP/1.1" 200 1885
0:0:0:0:0:0:0:1 - - [22/Oct/2020:17:43:02 -0700] "GET /js/pwstrength.js HTTP/1.1" 200 -
0:0:0:0:0:0:0:1 - - [22/Oct/2020:17:43:02 -0700] "GET /js/jquery-1.7.2.js HTTP/1.1" 200 293292
0:0:0:0:0:0:0:1 - - [22/Oct/2020:17:43:04 -0700] "GET /login HTTP/1.1" 200 1657
0:0:0:0:0:0:0:1 - - [22/Oct/2020:17:43:06 -0700] "GET /signup HTTP/1.1" 200 4862
0:0:0:0:0:0:0:1 - - [22/Oct/2020:17:43:06 -0700] "GET /js/pwstrength.js HTTP/1.1" 200 -
0:0:0:0:0:0:0:1 - - [22/Oct/2020:17:43:06 -0700] "GET /js/jquery-1.7.2.js HTTP/1.1" 200 293292
0:0:0:0:0:0:0:1 - - [22/Oct/2020:17:48:43 -0700] "GET /login HTTP/1.1" 200 1657
0:0:0:0:0:0:0:1 - - [22/Oct/2020:17:48:43 -0700] "GET /login HTTP/1.1" 200 1657
0:0:0:0:0:0:0:1 - - [22/Oct/2020:17:49:03 -0700] "POST /doLogin HTTP/1.1" 302 -
0:0:0:0:0:0:0:1 - - [22/Oct/2020:17:49:03 -0700] "GET /loginSuccessful HTTP/1.1" 200 650
0:0:0:0:0:0:0:1 - - [22/Oct/2020:17:49:04 -0700] "GET /searchBook HTTP/1.1" 200 678
0:0:0:0:0:0:0:1 - - [22/Oct/2020:17:49:06 -0700] "GET /searchBookByTitleOrAuthor?argument=Java HTTP/1.1" 200 2003
0:0:0:0:0:0:0:1 - - [22/Oct/2020:17:49:09 -0700] "GET /moreDetails?bookItem=2 HTTP/1.1" 200 652
0:0:0:0:0:0:0:1 - - [22/Oct/2020:17:49:10 -0700] "GET /searchBookByTitleOrAuthor?argument=Java HTTP/1.1" 200 2003
0:0:0:0:0:0:0:1 - - [22/Oct/2020:17:49:12 -0700] "GET /moreDetails?bookItem=1 HTTP/1.1" 200 841
0:0:0:0:0:0:0:1 - - [22/Oct/2020:17:50:55 -0700] "GET /searchBookByTitleOrAuthor?argument=Java HTTP/1.1" 200 2003
0:0:0:0:0:0:0:1 - - [22/Oct/2020:17:57:29 -0700] "GET /searchBook HTTP/1.1" 200 678
0:0:0:0:0:0:0:1 - - [22/Oct/2020:17:57:30 -0700] "GET /loginSuccessful HTTP/1.1" 200 650
0:0:0:0:0:0:0:1 - - [22/Oct/2020:17:57:31 -0700] "GET /login HTTP/1.1" 200 1657
0:0:0:0:0:0:0:1 - - [22/Oct/2020:17:57:32 -0700] "GET /loginSuccessful HTTP/1.1" 200 650
0:0:0:0:0:0:0:1 - - [22/Oct/2020:19:12:56 -0700] "GET /login HTTP/1.1" 200 1657
0:0:0:0:0:0:0:1 - - [22/Oct/2020:19:12:56 -0700] "GET /login HTTP/1.1" 200 1657
0:0:0:0:0:0:0:1 - - [22/Oct/2020:19:13:11 -0700] "POST /doLogin HTTP/1.1" 302 -
0:0:0:0:0:0:0:1 - - [22/Oct/2020:19:13:11 -0700] "GET /loginFailed HTTP/1.1" 302 -
0:0:0:0:0:0:0:1 - - [22/Oct/2020:19:13:12 -0700] "GET /login HTTP/1.1" 200 1657
0:0:0:0:0:0:0:1 - - [22/Oct/2020:19:13:13 -0700] "GET /signup HTTP/1.1" 200 4862
0:0:0:0:0:0:0:1 - - [22/Oct/2020:19:13:13 -0700] "GET /js/pwstrength.js HTTP/1.1" 200 -
0:0:0:0:0:0:0:1 - - [22/Oct/2020:19:13:13 -0700] "GET /js/jquery-1.7.2.js HTTP/1.1" 200 293292
0:0:0:0:0:0:0:1 - - [22/Oct/2020:19:13:17 -0700] "GET /login HTTP/1.1" 200 1657
0:0:0:0:0:0:0:1 - - [22/Oct/2020:19:13:20 -0700] "GET /forgetPassword HTTP/1.1" 200 1885
0:0:0:0:0:0:0:1 - - [22/Oct/2020:19:13:20 -0700] "GET /js/pwstrength.js HTTP/1.1" 200 -
0:0:0:0:0:0:0:1 - - [22/Oct/2020:19:13:20 -0700] "GET /js/jquery-1.7.2.js HTTP/1.1" 200 293292
0:0:0:0:0:0:0:1 - - [22/Oct/2020:19:13:24 -0700] "GET /login HTTP/1.1" 200 1657
0:0:0:0:0:0:0:1 - - [22/Oct/2020:19:13:28 -0700] "POST /doLogin HTTP/1.1" 302 -
0:0:0:0:0:0:0:1 - - [22/Oct/2020:19:13:28 -0700] "GET /loginSuccessful HTTP/1.1" 200 650
0:0:0:0:0:0:0:1 - - [22/Oct/2020:19:13:29 -0700] "GET /searchBook HTTP/1.1" 200 678
0:0:0:0:0:0:0:1 - - [22/Oct/2020:19:13:45 -0700] "GET /searchBookByTitleOrAuthor?argument=Java HTTP/1.1" 200 2003
0:0:0:0:0:0:0:1 - - [22/Oct/2020:19:13:52 -0700] "GET /moreDetails?bookItem=1 HTTP/1.1" 200 841
0:0:0:0:0:0:0:1 - - [22/Oct/2020:19:13:58 -0700] "GET /searchBookByTitleOrAuthor?argument=Java HTTP/1.1" 200 2003
0:0:0:0:0:0:0:1 - - [22/Oct/2020:19:14:00 -0700] "GET /searchBook HTTP/1.1" 200 678
0:0:0:0:0:0:0:1 - - [22/Oct/2020:19:14:01 -0700] "GET /loginSuccessful HTTP/1.1" 200 650
0:0:0:0:0:0:0:1 - - [22/Oct/2020:19:14:02 -0700] "GET /searchCourses HTTP/1.1" 200 549
0:0:0:0:0:0:0:1 - - [22/Oct/2020:19:14:04 -0700] "GET /loginSuccessful HTTP/1.1" 200 650
0:0:0:0:0:0:0:1 - - [22/Oct/2020:19:14:08 -0700] "GET /searchCourses HTTP/1.1" 200 549
0:0:0:0:0:0:0:1 - - [22/Oct/2020:19:14:13 -0700] "GET /searchCoursesByTitle?title=COMSC-75 HTTP/1.1" 200 1622
0:0:0:0:0:0:0:1 - - [22/Oct/2020:19:14:20 -0700] "GET /searchCourses HTTP/1.1" 200 549
0:0:0:0:0:0:0:1 - - [22/Oct/2020:19:14:21 -0700] "GET /loginSuccessful HTTP/1.1" 200 650
0:0:0:0:0:0:0:1 - - [22/Oct/2020:19:14:22 -0700] "GET /dropClasses HTTP/1.1" 200 880
0:0:0:0:0:0:0:1 - - [22/Oct/2020:19:14:24 -0700] "GET /loginSuccessful HTTP/1.1" 200 650
0:0:0:0:0:0:0:1 - - [22/Oct/2020:19:14:27 -0700] "GET /searchCourses HTTP/1.1" 200 549
0:0:0:0:0:0:0:1 - - [22/Oct/2020:19:14:28 -0700] "GET /searchCoursesByTitle?title=COMSC-75 HTTP/1.1" 200 1622
0:0:0:0:0:0:0:1 - - [22/Oct/2020:19:14:36 -0700] "POST /registerForClassess HTTP/1.1" 302 -
0:0:0:0:0:0:0:1 - - [22/Oct/2020:19:14:36 -0700] "GET /loginSuccessful HTTP/1.1" 200 650
0:0:0:0:0:0:0:1 - - [22/Oct/2020:19:14:36 -0700] "GET /dropClasses HTTP/1.1" 200 1526
0:0:0:0:0:0:0:1 - - [22/Oct/2020:19:14:42 -0700] "GET /loginSuccessful HTTP/1.1" 200 650
0:0:0:0:0:0:0:1 - - [22/Oct/2020:19:14:44 -0700] "GET /getAllRequiredBooks HTTP/1.1" 200 2003
0:0:0:0:0:0:0:1 - - [22/Oct/2020:19:14:47 -0700] "GET /loginSuccessful HTTP/1.1" 200 650
0:0:0:0:0:0:0:1 - - [22/Oct/2020:19:40:55 -0700] "GET /searchCourses HTTP/1.1" 200 549
0:0:0:0:0:0:0:1 - - [22/Oct/2020:19:40:56 -0700] "GET /searchCoursesByTitle?title=COMSC-75 HTTP/1.1" 200 1622
0:0:0:0:0:0:0:1 - - [22/Oct/2020:19:40:57 -0700] "POST /registerForClassess HTTP/1.1" 500 9459
0:0:0:0:0:0:0:1 - - [22/Oct/2020:19:41:01 -0700] "GET /searchCoursesByTitle?title=COMSC-75 HTTP/1.1" 200 1622
0:0:0:0:0:0:0:1 - - [22/Oct/2020:19:41:03 -0700] "GET /searchCourses HTTP/1.1" 200 549
0:0:0:0:0:0:0:1 - - [22/Oct/2020:19:41:04 -0700] "GET /loginSuccessful HTTP/1.1" 200 650
0:0:0:0:0:0:0:1 - - [22/Oct/2020:19:41:04 -0700] "GET /dropClasses HTTP/1.1" 200 1526
0:0:0:0:0:0:0:1 - - [22/Oct/2020:19:41:05 -0700] "POST /dropClasses HTTP/1.1" 302 -
0:0:0:0:0:0:0:1 - - [22/Oct/2020:19:41:05 -0700] "GET /dropClasses HTTP/1.1" 200 1605
0:0:0:0:0:0:0:1 - - [22/Oct/2020:19:41:27 -0700] "GET /dropClasses HTTP/1.1" 200 1526
0:0:0:0:0:0:0:1 - - [22/Oct/2020:19:41:29 -0700] "GET /loginSuccessful HTTP/1.1" 200 650
0:0:0:0:0:0:0:1 - - [22/Oct/2020:19:41:30 -0700] "GET /searchCourses HTTP/1.1" 200 549
0:0:0:0:0:0:0:1 - - [22/Oct/2020:19:41:31 -0700] "GET /searchCoursesByTitle?title=COMSC-75 HTTP/1.1" 200 1622
0:0:0:0:0:0:0:1 - - [22/Oct/2020:19:44:05 -0700] "GET /login HTTP/1.1" 200 1657
0:0:0:0:0:0:0:1 - - [22/Oct/2020:19:44:06 -0700] "GET /login HTTP/1.1" 200 1657
0:0:0:0:0:0:0:1 - - [22/Oct/2020:19:44:09 -0700] "POST /doLogin HTTP/1.1" 302 -
0:0:0:0:0:0:0:1 - - [22/Oct/2020:19:44:09 -0700] "GET /loginSuccessful HTTP/1.1" 200 650
0:0:0:0:0:0:0:1 - - [22/Oct/2020:19:44:10 -0700] "GET /searchCourses HTTP/1.1" 200 549
0:0:0:0:0:0:0:1 - - [22/Oct/2020:19:44:11 -0700] "GET /searchCoursesByTitle?title=COMSC-75 HTTP/1.1" 200 1622
0:0:0:0:0:0:0:1 - - [22/Oct/2020:19:44:12 -0700] "POST /registerForClassess HTTP/1.1" 500 9459
0:0:0:0:0:0:0:1 - - [22/Oct/2020:19:46:35 -0700] "GET /login HTTP/1.1" 200 1657
0:0:0:0:0:0:0:1 - - [22/Oct/2020:19:46:38 -0700] "POST /doLogin HTTP/1.1" 302 -
0:0:0:0:0:0:0:1 - - [22/Oct/2020:19:46:38 -0700] "GET /loginSuccessful HTTP/1.1" 200 650
0:0:0:0:0:0:0:1 - - [22/Oct/2020:19:46:39 -0700] "GET /searchCourses HTTP/1.1" 200 549
0:0:0:0:0:0:0:1 - - [22/Oct/2020:19:46:40 -0700] "GET /searchCoursesByTitle?title=COMSC-75 HTTP/1.1" 200 1622
0:0:0:0:0:0:0:1 - - [22/Oct/2020:19:46:42 -0700] "POST /registerForClassess HTTP/1.1" 302 -
0:0:0:0:0:0:0:1 - - [22/Oct/2020:19:46:42 -0700] "GET /searchCoursesByTitle HTTP/1.1" 400 9495
0:0:0:0:0:0:0:1 - - [22/Oct/2020:19:52:43 -0700] "GET /login HTTP/1.1" 200 1657
0:0:0:0:0:0:0:1 - - [22/Oct/2020:19:52:43 -0700] "GET /login HTTP/1.1" 200 1657
0:0:0:0:0:0:0:1 - - [22/Oct/2020:19:52:46 -0700] "POST /doLogin HTTP/1.1" 302 -
0:0:0:0:0:0:0:1 - - [22/Oct/2020:19:52:46 -0700] "GET /loginSuccessful HTTP/1.1" 200 650
0:0:0:0:0:0:0:1 - - [22/Oct/2020:19:52:47 -0700] "GET /searchCourses HTTP/1.1" 200 549
0:0:0:0:0:0:0:1 - - [22/Oct/2020:19:52:48 -0700] "GET /searchCoursesByTitle?title=COMSC-75 HTTP/1.1" 200 1622
0:0:0:0:0:0:0:1 - - [22/Oct/2020:19:52:51 -0700] "POST /registerForClassess HTTP/1.1" 302 -
0:0:0:0:0:0:0:1 - - [22/Oct/2020:19:52:51 -0700] "GET /loginSuccessful HTTP/1.1" 200 650
0:0:0:0:0:0:0:1 - - [22/Oct/2020:19:52:53 -0700] "GET /searchCourses HTTP/1.1" 200 549
0:0:0:0:0:0:0:1 - - [22/Oct/2020:19:52:54 -0700] "GET /searchCoursesByTitle?title=COMSC-75 HTTP/1.1" 200 1622
0:0:0:0:0:0:0:1 - - [22/Oct/2020:19:52:55 -0700] "POST /registerForClassess HTTP/1.1" 302 -
0:0:0:0:0:0:0:1 - - [22/Oct/2020:19:52:55 -0700] "GET /searchCourses HTTP/1.1" 200 549
0:0:0:0:0:0:0:1 - - [22/Oct/2020:19:53:34 -0700] "GET /login HTTP/1.1" 200 1657
0:0:0:0:0:0:0:1 - - [22/Oct/2020:19:53:37 -0700] "POST /doLogin HTTP/1.1" 302 -
0:0:0:0:0:0:0:1 - - [22/Oct/2020:19:53:37 -0700] "GET /loginSuccessful HTTP/1.1" 200 650
0:0:0:0:0:0:0:1 - - [22/Oct/2020:19:53:38 -0700] "GET /searchCourses HTTP/1.1" 200 549
0:0:0:0:0:0:0:1 - - [22/Oct/2020:19:53:39 -0700] "GET /searchCoursesByTitle?title=COMSC-75 HTTP/1.1" 200 1622
0:0:0:0:0:0:0:1 - - [22/Oct/2020:19:53:40 -0700] "POST /registerForClassess HTTP/1.1" 302 -
0:0:0:0:0:0:0:1 - - [22/Oct/2020:19:53:40 -0700] "GET /searchCourses HTTP/1.1" 200 633
0:0:0:0:0:0:0:1 - - [22/Oct/2020:19:53:52 -0700] "GET /searchCoursesByTitle?title=COMSC-75 HTTP/1.1" 200 1622
0:0:0:0:0:0:0:1 - - [22/Oct/2020:20:00:39 -0700] "POST /registerForClassess HTTP/1.1" 302 -
0:0:0:0:0:0:0:1 - - [22/Oct/2020:20:00:39 -0700] "GET /searchCourses HTTP/1.1" 200 633
0:0:0:0:0:0:0:1 - - [22/Oct/2020:20:00:46 -0700] "GET /searchCoursesByTitle?title=COMSC-75 HTTP/1.1" 200 1622
0:0:0:0:0:0:0:1 - - [22/Oct/2020:20:01:44 -0700] "GET /searchCourses HTTP/1.1" 200 549
0:0:0:0:0:0:0:1 - - [22/Oct/2020:20:01:46 -0700] "GET /searchCoursesByTitle?title=COMSC-75 HTTP/1.1" 200 1622
0:0:0:0:0:0:0:1 - - [22/Oct/2020:20:01:47 -0700] "GET /searchCourses HTTP/1.1" 200 549
0:0:0:0:0:0:0:1 - - [22/Oct/2020:20:01:47 -0700] "GET /searchCoursesByTitle?title=COMSC-75 HTTP/1.1" 200 1622
0:0:0:0:0:0:0:1 - - [22/Oct/2020:20:01:48 -0700] "GET /searchCourses HTTP/1.1" 200 549
0:0:0:0:0:0:0:1 - - [22/Oct/2020:20:01:49 -0700] "GET /loginSuccessful HTTP/1.1" 200 650
0:0:0:0:0:0:0:1 - - [22/Oct/2020:20:01:53 -0700] "GET /searchBook HTTP/1.1" 200 678
0:0:0:0:0:0:0:1 - - [22/Oct/2020:20:01:55 -0700] "GET /searchBookByTitleOrAuthor?argument= HTTP/1.1" 200 2003
0:0:0:0:0:0:0:1 - - [22/Oct/2020:20:01:58 -0700] "GET /moreDetails?bookItem=1 HTTP/1.1" 200 841
0:0:0:0:0:0:0:1 - - [22/Oct/2020:20:02:00 -0700] "GET /searchBookByTitleOrAuthor?argument= HTTP/1.1" 200 2003
0:0:0:0:0:0:0:1 - - [22/Oct/2020:20:02:00 -0700] "GET /searchBook HTTP/1.1" 200 678
0:0:0:0:0:0:0:1 - - [22/Oct/2020:20:02:01 -0700] "GET /loginSuccessful HTTP/1.1" 200 650
0:0:0:0:0:0:0:1 - - [22/Oct/2020:20:02:12 -0700] "GET /getAllRequiredBooks HTTP/1.1" 302 -
0:0:0:0:0:0:0:1 - - [22/Oct/2020:20:02:12 -0700] "GET /loginSuccessful HTTP/1.1" 200 719
0:0:0:0:0:0:0:1 - - [22/Oct/2020:20:02:14 -0700] "GET /dropClasses HTTP/1.1" 200 880
0:0:0:0:0:0:0:1 - - [22/Oct/2020:20:02:16 -0700] "GET /loginSuccessful HTTP/1.1" 200 650
0:0:0:0:0:0:0:1 - - [22/Oct/2020:20:02:17 -0700] "GET /searchCourses HTTP/1.1" 200 549
0:0:0:0:0:0:0:1 - - [22/Oct/2020:20:02:20 -0700] "GET /searchCoursesByTitle?title=COMSC-75 HTTP/1.1" 200 1622
0:0:0:0:0:0:0:1 - - [22/Oct/2020:20:02:27 -0700] "GET /searchCourses HTTP/1.1" 200 549
0:0:0:0:0:0:0:1 - - [22/Oct/2020:20:02:27 -0700] "GET /loginSuccessful HTTP/1.1" 200 650
0:0:0:0:0:0:0:1 - - [22/Oct/2020:20:02:28 -0700] "GET /getAllRequiredBooks HTTP/1.1" 302 -
0:0:0:0:0:0:0:1 - - [22/Oct/2020:20:02:28 -0700] "GET /loginSuccessful HTTP/1.1" 200 719
0:0:0:0:0:0:0:1 - - [22/Oct/2020:20:02:46 -0700] "GET /getAllRequiredBooks HTTP/1.1" 302 -
0:0:0:0:0:0:0:1 - - [22/Oct/2020:20:02:46 -0700] "GET /loginSuccessful HTTP/1.1" 200 719
0:0:0:0:0:0:0:1 - - [22/Oct/2020:20:02:48 -0700] "GET /getAllRequiredBooks HTTP/1.1" 302 -
0:0:0:0:0:0:0:1 - - [22/Oct/2020:20:02:48 -0700] "GET /loginSuccessful HTTP/1.1" 200 719
0:0:0:0:0:0:0:1 - - [22/Oct/2020:20:02:49 -0700] "GET /getAllRequiredBooks HTTP/1.1" 302 -
0:0:0:0:0:0:0:1 - - [22/Oct/2020:20:02:49 -0700] "GET /loginSuccessful HTTP/1.1" 200 719
0:0:0:0:0:0:0:1 - - [22/Oct/2020:20:02:50 -0700] "GET /getAllRequiredBooks HTTP/1.1" 302 -
0:0:0:0:0:0:0:1 - - [22/Oct/2020:20:02:50 -0700] "GET /loginSuccessful HTTP/1.1" 200 719
0:0:0:0:0:0:0:1 - - [22/Oct/2020:20:02:53 -0700] "GET /dropClasses HTTP/1.1" 200 880
0:0:0:0:0:0:0:1 - - [22/Oct/2020:20:02:55 -0700] "POST /dropClasses HTTP/1.1" 302 -
0:0:0:0:0:0:0:1 - - [22/Oct/2020:20:02:55 -0700] "GET /dropClasses HTTP/1.1" 200 959
0:0:0:0:0:0:0:1 - - [22/Oct/2020:20:02:59 -0700] "GET /dropClasses HTTP/1.1" 200 880
0:0:0:0:0:0:0:1 - - [22/Oct/2020:20:07:10 -0700] "GET /login HTTP/1.1" 200 1657
0:0:0:0:0:0:0:1 - - [22/Oct/2020:20:07:10 -0700] "GET /login HTTP/1.1" 200 1657
0:0:0:0:0:0:0:1 - - [22/Oct/2020:20:07:13 -0700] "POST /doLogin HTTP/1.1" 302 -
0:0:0:0:0:0:0:1 - - [22/Oct/2020:20:07:13 -0700] "GET /loginSuccessful HTTP/1.1" 200 650
0:0:0:0:0:0:0:1 - - [22/Oct/2020:20:07:15 -0700] "GET /dropClasses HTTP/1.1" 302 -
0:0:0:0:0:0:0:1 - - [22/Oct/2020:20:07:15 -0700] "GET /loginSuccessful?error=You+have+no+class+to+drop HTTP/1.1" 200 650
0:0:0:0:0:0:0:1 - - [22/Oct/2020:20:07:16 -0700] "GET /dropClasses HTTP/1.1" 302 -
0:0:0:0:0:0:0:1 - - [22/Oct/2020:20:07:16 -0700] "GET /loginSuccessful?error=You+have+no+class+to+drop HTTP/1.1" 200 650
0:0:0:0:0:0:0:1 - - [22/Oct/2020:20:07:17 -0700] "GET /dropClasses HTTP/1.1" 302 -
0:0:0:0:0:0:0:1 - - [22/Oct/2020:20:07:17 -0700] "GET /loginSuccessful?error=You+have+no+class+to+drop HTTP/1.1" 200 650
0:0:0:0:0:0:0:1 - - [22/Oct/2020:20:13:10 -0700] "GET /login HTTP/1.1" 200 1657
0:0:0:0:0:0:0:1 - - [22/Oct/2020:20:13:11 -0700] "GET /login HTTP/1.1" 200 1657
0:0:0:0:0:0:0:1 - - [22/Oct/2020:20:13:14 -0700] "POST /doLogin HTTP/1.1" 302 -
0:0:0:0:0:0:0:1 - - [22/Oct/2020:20:13:14 -0700] "GET /loginSuccessful HTTP/1.1" 200 650
0:0:0:0:0:0:0:1 - - [22/Oct/2020:20:13:15 -0700] "GET /getAllRequiredBooks HTTP/1.1" 302 -
0:0:0:0:0:0:0:1 - - [22/Oct/2020:20:13:15 -0700] "GET /loginSuccessful HTTP/1.1" 200 719
0:0:0:0:0:0:0:1 - - [22/Oct/2020:20:13:18 -0700] "GET /dropClasses HTTP/1.1" 302 -
0:0:0:0:0:0:0:1 - - [22/Oct/2020:20:13:18 -0700] "GET /loginSuccessful?error=You+have+no+class+to+drop HTTP/1.1" 200 650
0:0:0:0:0:0:0:1 - - [22/Oct/2020:20:13:19 -0700] "GET /dropClasses HTTP/1.1" 302 -
0:0:0:0:0:0:0:1 - - [22/Oct/2020:20:13:19 -0700] "GET /loginSuccessful?error=You+have+no+class+to+drop HTTP/1.1" 200 650
0:0:0:0:0:0:0:1 - - [22/Oct/2020:20:13:20 -0700] "GET /dropClasses HTTP/1.1" 302 -
0:0:0:0:0:0:0:1 - - [22/Oct/2020:20:13:20 -0700] "GET /loginSuccessful?error=You+have+no+class+to+drop HTTP/1.1" 200 650
0:0:0:0:0:0:0:1 - - [22/Oct/2020:20:36:23 -0700] "GET /dropClasses HTTP/1.1" 302 -
0:0:0:0:0:0:0:1 - - [22/Oct/2020:20:36:23 -0700] "GET /loginSuccessful?error=You+have+no+class+to+drop HTTP/1.1" 200 650
0:0:0:0:0:0:0:1 - - [22/Oct/2020:21:34:12 -0700] "GET /loginSuccessful?error=You+have+no+class+to+drop HTTP/1.1" 302 -
0:0:0:0:0:0:0:1 - - [22/Oct/2020:21:34:13 -0700] "GET /login HTTP/1.1" 200 1657
0:0:0:0:0:0:0:1 - - [22/Oct/2020:21:34:16 -0700] "POST /doLogin HTTP/1.1" 302 -
0:0:0:0:0:0:0:1 - - [22/Oct/2020:21:34:16 -0700] "GET /loginSuccessful HTTP/1.1" 200 650
0:0:0:0:0:0:0:1 - - [22/Oct/2020:21:34:17 -0700] "GET /searchCourses HTTP/1.1" 200 549
0:0:0:0:0:0:0:1 - - [22/Oct/2020:21:34:18 -0700] "GET /searchCoursesByTitle?title=COMSC-75 HTTP/1.1" 200 1622
0:0:0:0:0:0:0:1 - - [22/Oct/2020:21:34:19 -0700] "POST /registerForClassess HTTP/1.1" 302 -
0:0:0:0:0:0:0:1 - - [22/Oct/2020:21:34:19 -0700] "GET /registerFailed HTTP/1.1" 404 306
0:0:0:0:0:0:0:1 - - [22/Oct/2020:21:35:14 -0700] "GET /login HTTP/1.1" 200 1657
0:0:0:0:0:0:0:1 - - [22/Oct/2020:21:35:14 -0700] "GET /login HTTP/1.1" 200 1657
0:0:0:0:0:0:0:1 - - [22/Oct/2020:21:35:18 -0700] "POST /doLogin HTTP/1.1" 302 -
0:0:0:0:0:0:0:1 - - [22/Oct/2020:21:35:19 -0700] "GET /loginSuccessful HTTP/1.1" 200 650
0:0:0:0:0:0:0:1 - - [22/Oct/2020:21:35:19 -0700] "GET /searchCourses HTTP/1.1" 200 549
0:0:0:0:0:0:0:1 - - [22/Oct/2020:21:35:20 -0700] "GET /searchCoursesByTitle?title=COMSC-75 HTTP/1.1" 200 1622
0:0:0:0:0:0:0:1 - - [22/Oct/2020:21:35:22 -0700] "POST /registerForClassess HTTP/1.1" 302 -
0:0:0:0:0:0:0:1 - - [22/Oct/2020:21:35:22 -0700] "GET /searchCourses HTTP/1.1" 200 663
0:0:0:0:0:0:0:1 - - [22/Oct/2020:21:35:40 -0700] "GET /searchCoursesByTitle?title=COMSC-75 HTTP/1.1" 200 1622
0:0:0:0:0:0:0:1 - - [22/Oct/2020:21:35:42 -0700] "POST /registerForClassess HTTP/1.1" 302 -
0:0:0:0:0:0:0:1 - - [22/Oct/2020:21:35:42 -0700] "GET /searchCourses HTTP/1.1" 200 663
0:0:0:0:0:0:0:1 - - [22/Oct/2020:21:39:24 -0700] "GET /login HTTP/1.1" 200 1657
0:0:0:0:0:0:0:1 - - [22/Oct/2020:21:39:27 -0700] "POST /doLogin HTTP/1.1" 302 -
0:0:0:0:0:0:0:1 - - [22/Oct/2020:21:39:27 -0700] "GET /loginSuccessful HTTP/1.1" 200 650
0:0:0:0:0:0:0:1 - - [22/Oct/2020:21:39:28 -0700] "GET /searchCourses HTTP/1.1" 200 549
0:0:0:0:0:0:0:1 - - [22/Oct/2020:21:39:29 -0700] "GET /searchCoursesByTitle?title=COMSC-75 HTTP/1.1" 200 1622
0:0:0:0:0:0:0:1 - - [22/Oct/2020:21:39:30 -0700] "POST /registerForClassess HTTP/1.1" 302 -
0:0:0:0:0:0:0:1 - - [22/Oct/2020:21:39:30 -0700] "GET /searchCourses HTTP/1.1" 200 663
0:0:0:0:0:0:0:1 - - [22/Oct/2020:21:41:46 -0700] "GET /login HTTP/1.1" 200 1657
0:0:0:0:0:0:0:1 - - [22/Oct/2020:21:41:46 -0700] "GET /login HTTP/1.1" 200 1657
0:0:0:0:0:0:0:1 - - [22/Oct/2020:21:41:49 -0700] "POST /doLogin HTTP/1.1" 302 -
0:0:0:0:0:0:0:1 - - [22/Oct/2020:21:41:49 -0700] "GET /loginSuccessful HTTP/1.1" 200 650
0:0:0:0:0:0:0:1 - - [22/Oct/2020:21:41:50 -0700] "GET /searchCourses HTTP/1.1" 200 549
0:0:0:0:0:0:0:1 - - [22/Oct/2020:21:41:51 -0700] "GET /searchCoursesByTitle?title=COMSC-75 HTTP/1.1" 200 1622
0:0:0:0:0:0:0:1 - - [22/Oct/2020:21:41:52 -0700] "POST /registerForClassess HTTP/1.1" 302 -
0:0:0:0:0:0:0:1 - - [22/Oct/2020:21:41:52 -0700] "GET /loginSuccessful HTTP/1.1" 200 650
0:0:0:0:0:0:0:1 - - [22/Oct/2020:21:42:02 -0700] "GET /searchCourses HTTP/1.1" 200 549
0:0:0:0:0:0:0:1 - - [22/Oct/2020:21:42:03 -0700] "GET /searchCoursesByTitle?title=COMSC-75 HTTP/1.1" 200 1622
0:0:0:0:0:0:0:1 - - [22/Oct/2020:21:42:05 -0700] "POST /registerForClassess HTTP/1.1" 302 -
0:0:0:0:0:0:0:1 - - [22/Oct/2020:21:42:05 -0700] "GET /searchCourses HTTP/1.1" 200 663
0:0:0:0:0:0:0:1 - - [22/Oct/2020:21:42:12 -0700] "GET /searchCoursesByTitle?title=COMSC-75 HTTP/1.1" 200 1622
0:0:0:0:0:0:0:1 - - [22/Oct/2020:21:42:13 -0700] "GET /searchCourses HTTP/1.1" 200 549
0:0:0:0:0:0:0:1 - - [22/Oct/2020:21:42:14 -0700] "GET /loginSuccessful HTTP/1.1" 200 650
0:0:0:0:0:0:0:1 - - [22/Oct/2020:21:42:15 -0700] "GET /dropClasses HTTP/1.1" 200 1194
0:0:0:0:0:0:0:1 - - [22/Oct/2020:21:42:16 -0700] "POST /dropClasses HTTP/1.1" 302 -
0:0:0:0:0:0:0:1 - - [22/Oct/2020:21:42:16 -0700] "GET /loginSuccessful HTTP/1.1" 200 650
0:0:0:0:0:0:0:1 - - [22/Oct/2020:21:42:18 -0700] "GET /searchCourses HTTP/1.1" 200 549
0:0:0:0:0:0:0:1 - - [22/Oct/2020:21:42:18 -0700] "GET /searchCoursesByTitle?title=COMSC-75 HTTP/1.1" 200 1622
0:0:0:0:0:0:0:1 - - [22/Oct/2020:21:42:20 -0700] "POST /registerForClassess HTTP/1.1" 302 -
0:0:0:0:0:0:0:1 - - [22/Oct/2020:21:42:20 -0700] "GET /loginSuccessful HTTP/1.1" 200 650
0:0:0:0:0:0:0:1 - - [22/Oct/2020:21:42:32 -0700] "GET /login HTTP/1.1" 200 1657
0:0:0:0:0:0:0:1 - - [22/Oct/2020:21:43:09 -0700] "POST /doLogin HTTP/1.1" 302 -
0:0:0:0:0:0:0:1 - - [22/Oct/2020:21:43:09 -0700] "GET /loginSuccessful HTTP/1.1" 200 650
0:0:0:0:0:0:0:1 - - [22/Oct/2020:21:43:11 -0700] "GET /searchBook HTTP/1.1" 200 678
0:0:0:0:0:0:0:1 - - [22/Oct/2020:21:43:12 -0700] "GET /searchBookByTitleOrAuthor?argument=Java HTTP/1.1" 200 2003
0:0:0:0:0:0:0:1 - - [22/Oct/2020:21:43:13 -0700] "GET /searchBook HTTP/1.1" 200 678
0:0:0:0:0:0:0:1 - - [22/Oct/2020:21:43:14 -0700] "GET /loginSuccessful HTTP/1.1" 200 650
0:0:0:0:0:0:0:1 - - [22/Oct/2020:21:53:57 -0700] "GET /getAllRequiredBooks HTTP/1.1" 302 -
0:0:0:0:0:0:0:1 - - [22/Oct/2020:21:53:57 -0700] "GET /loginSuccessful HTTP/1.1" 200 719
0:0:0:0:0:0:0:1 - - [22/Oct/2020:21:53:58 -0700] "GET /dropClasses HTTP/1.1" 302 -
0:0:0:0:0:0:0:1 - - [22/Oct/2020:21:53:58 -0700] "GET /loginSuccessful?error=You+have+no+class+to+drop HTTP/1.1" 200 650
0:0:0:0:0:0:0:1 - - [22/Oct/2020:21:53:59 -0700] "GET /dropClasses HTTP/1.1" 302 -
0:0:0:0:0:0:0:1 - - [22/Oct/2020:21:53:59 -0700] "GET /loginSuccessful?error=You+have+no+class+to+drop HTTP/1.1" 200 650
0:0:0:0:0:0:0:1 - - [22/Oct/2020:21:53:59 -0700] "GET /dropClasses HTTP/1.1" 302 -
0:0:0:0:0:0:0:1 - - [22/Oct/2020:21:53:59 -0700] "GET /loginSuccessful?error=You+have+no+class+to+drop HTTP/1.1" 200 650
0:0:0:0:0:0:0:1 - - [22/Oct/2020:21:54:00 -0700] "GET /dropClasses HTTP/1.1" 302 -
0:0:0:0:0:0:0:1 - - [22/Oct/2020:21:54:00 -0700] "GET /loginSuccessful?error=You+have+no+class+to+drop HTTP/1.1" 200 650
0:0:0:0:0:0:0:1 - - [22/Oct/2020:21:54:00 -0700] "GET /dropClasses HTTP/1.1" 302 -
0:0:0:0:0:0:0:1 - - [22/Oct/2020:21:54:00 -0700] "GET /loginSuccessful?error=You+have+no+class+to+drop HTTP/1.1" 200 650
0:0:0:0:0:0:0:1 - - [22/Oct/2020:21:54:00 -0700] "GET /dropClasses HTTP/1.1" 302 -
0:0:0:0:0:0:0:1 - - [22/Oct/2020:21:54:00 -0700] "GET /loginSuccessful?error=You+have+no+class+to+drop HTTP/1.1" 200 650
0:0:0:0:0:0:0:1 - - [22/Oct/2020:21:54:01 -0700] "GET /searchCourses HTTP/1.1" 200 549
0:0:0:0:0:0:0:1 - - [22/Oct/2020:21:54:02 -0700] "GET /loginSuccessful?error=You+have+no+class+to+drop HTTP/1.1" 200 650
0:0:0:0:0:0:0:1 - - [22/Oct/2020:21:54:03 -0700] "GET /searchBook HTTP/1.1" 200 678
0:0:0:0:0:0:0:1 - - [22/Oct/2020:21:54:06 -0700] "GET /searchBookByTitleOrAuthor?argument= HTTP/1.1" 200 2003
0:0:0:0:0:0:0:1 - - [22/Oct/2020:21:54:07 -0700] "GET /searchBook HTTP/1.1" 200 678
0:0:0:0:0:0:0:1 - - [22/Oct/2020:21:54:08 -0700] "GET /searchBookByTitleOrAuthor?argument= HTTP/1.1" 200 2003
0:0:0:0:0:0:0:1 - - [22/Oct/2020:21:54:09 -0700] "GET /searchBook HTTP/1.1" 200 678
0:0:0:0:0:0:0:1 - - [22/Oct/2020:21:54:21 -0700] "GET /searchBookByTitleOrAuthor?argument=w HTTP/1.1" 302 -
0:0:0:0:0:0:0:1 - - [22/Oct/2020:21:54:21 -0700] "GET /searchBook HTTP/1.1" 200 760
0:0:0:0:0:0:0:1 - - [22/Oct/2020:21:57:35 -0700] "GET /searchBookByTitleOrAuthor?argument= HTTP/1.1" 200 2003
0:0:0:0:0:0:0:1 - - [22/Oct/2020:21:57:36 -0700] "GET /searchBook HTTP/1.1" 200 678
0:0:0:0:0:0:0:1 - - [22/Oct/2020:21:57:43 -0700] "GET /searchBookByTitleOrAuthor?argument=WF HTTP/1.1" 302 -
0:0:0:0:0:0:0:1 - - [22/Oct/2020:21:57:43 -0700] "GET /searchBook HTTP/1.1" 200 760
0:0:0:0:0:0:0:1 - - [22/Oct/2020:21:57:47 -0700] "GET /searchBookByTitleOrAuthor?argument=a HTTP/1.1" 200 2003
0:0:0:0:0:0:0:1 - - [22/Oct/2020:21:57:49 -0700] "GET /searchBook HTTP/1.1" 200 678
192.168.1.200 - - [22/Oct/2020:22:34:06 -0700] "GET / HTTP/1.1" 302 -
192.168.1.200 - - [22/Oct/2020:22:34:06 -0700] "GET /login HTTP/1.1" 200 1657
0:0:0:0:0:0:0:1 - - [22/Oct/2020:22:34:06 -0700] "GET /searchBook HTTP/1.1" 302 -
0:0:0:0:0:0:0:1 - - [22/Oct/2020:22:34:06 -0700] "GET /login HTTP/1.1" 200 1657
127.0.0.1 - - [22/Oct/2020:22:35:27 -0700] "GET /login HTTP/1.1" 200 1657
0:0:0:0:0:0:0:1 - - [22/Oct/2020:22:36:20 -0700] "POST /doLogin HTTP/1.1" 302 -
0:0:0:0:0:0:0:1 - - [22/Oct/2020:22:36:20 -0700] "GET /loginSuccessful HTTP/1.1" 200 650
127.0.0.1 - - [22/Oct/2020:22:38:35 -0700] "POST /login HTTP/1.1" 405 8568
127.0.0.1 - - [22/Oct/2020:22:38:56 -0700] "POST /login HTTP/1.1" 405 8568
127.0.0.1 - - [22/Oct/2020:22:38:58 -0700] "POST /login HTTP/1.1" 405 8568
0:0:0:0:0:0:0:1 - - [22/Oct/2020:22:39:50 -0700] "GET /searchBook HTTP/1.1" 200 678
0:0:0:0:0:0:0:1 - - [22/Oct/2020:22:40:03 -0700] "GET /searchBookByTitleOrAuthor?argument=Java HTTP/1.1" 200 2003
0:0:0:0:0:0:0:1 - - [22/Oct/2020:22:43:03 -0700] "GET /login HTTP/1.1" 200 1657
0:0:0:0:0:0:0:1 - - [22/Oct/2020:22:43:03 -0700] "GET /login HTTP/1.1" 200 1657
0:0:0:0:0:0:0:1 - - [22/Oct/2020:22:43:06 -0700] "POST /doLogin HTTP/1.1" 302 -
0:0:0:0:0:0:0:1 - - [22/Oct/2020:22:43:06 -0700] "GET /loginSuccessful HTTP/1.1" 200 650
0:0:0:0:0:0:0:1 - - [22/Oct/2020:22:43:10 -0700] "GET /searchBook HTTP/1.1" 200 678
0:0:0:0:0:0:0:1 - - [22/Oct/2020:22:43:14 -0700] "GET /searchBookByTitleOrAuthor?argument=Java HTTP/1.1" 200 168085
0:0:0:0:0:0:0:1 - - [22/Oct/2020:22:45:56 -0700] "GET /searchBookByTitleOrAuthor?argument=Java HTTP/1.1" 200 168085
192.168.1.94 - - [22/Oct/2020:22:46:32 -0700] "GET / HTTP/1.1" 302 -
192.168.1.94 - - [22/Oct/2020:22:46:35 -0700] "GET /login HTTP/1.1" 200 1657
192.168.1.94 - - [22/Oct/2020:22:46:53 -0700] "GET / HTTP/1.1" 302 -
192.168.1.94 - - [22/Oct/2020:22:46:55 -0700] "GET /login HTTP/1.1" 200 1657
0:0:0:0:0:0:0:1 - - [22/Oct/2020:22:54:16 -0700] "GET /login HTTP/1.1" 200 1657
0:0:0:0:0:0:0:1 - - [22/Oct/2020:22:54:17 -0700] "GET /login HTTP/1.1" 200 1657
0:0:0:0:0:0:0:1 - - [22/Oct/2020:22:54:20 -0700] "POST /doLogin HTTP/1.1" 302 -
0:0:0:0:0:0:0:1 - - [22/Oct/2020:22:54:20 -0700] "GET /loginSuccessful HTTP/1.1" 200 650
0:0:0:0:0:0:0:1 - - [22/Oct/2020:22:54:22 -0700] "GET /searchBook HTTP/1.1" 200 678
0:0:0:0:0:0:0:1 - - [22/Oct/2020:22:54:24 -0700] "GET /searchBookByTitleOrAuthor?argument=Java HTTP/1.1" 200 168085
0:0:0:0:0:0:0:1 - - [22/Oct/2020:22:55:49 -0700] "GET /searchBookByTitleOrAuthor?argument=Java HTTP/1.1" 200 168085
0:0:0:0:0:0:0:1 - - [22/Oct/2020:22:56:54 -0700] "GET /searchBookByTitleOrAuthor?argument=Java HTTP/1.1" 200 2003
0:0:0:0:0:0:0:1 - - [22/Oct/2020:23:00:29 -0700] "GET /searchBookByTitleOrAuthor?argument=Java HTTP/1.1" 200 168085
0:0:0:0:0:0:0:1 - - [22/Oct/2020:23:05:34 -0700] "GET /searchBookByTitleOrAuthor?argument=Java HTTP/1.1" 200 1
0:0:0:0:0:0:0:1 - - [22/Oct/2020:23:06:09 -0700] "GET /searchBookByTitleOrAuthor?argument=Java HTTP/1.1" 200 1
0:0:0:0:0:0:0:1 - - [22/Oct/2020:23:06:21 -0700] "GET /searchBookByTitleOrAuthor?argument=Java HTTP/1.1" 200 1
0:0:0:0:0:0:0:1 - - [22/Oct/2020:23:07:16 -0700] "GET /searchBookByTitleOrAuthor?argument=Java HTTP/1.1" 200 168085
0:0:0:0:0:0:0:1 - - [22/Oct/2020:23:09:25 -0700] "GET /searchBookByTitleOrAuthor?argument=Java HTTP/1.1" 200 168084
0:0:0:0:0:0:0:1 - - [22/Oct/2020:23:10:57 -0700] "GET /searchBookByTitleOrAuthor?argument=Java HTTP/1.1" 200 2003
0:0:0:0:0:0:0:1 - - [22/Oct/2020:23:11:13 -0700] "GET /searchBookByTitleOrAuthor?argument=Java HTTP/1.1" 200 2003
0:0:0:0:0:0:0:1 - - [22/Oct/2020:23:12:03 -0700] "GET /searchBookByTitleOrAuthor?argument=Java HTTP/1.1" 200 2003
0:0:0:0:0:0:0:1 - - [22/Oct/2020:23:12:57 -0700] "GET /searchBookByTitleOrAuthor?argument=Java HTTP/1.1" 200 2003
0:0:0:0:0:0:0:1 - - [22/Oct/2020:23:21:26 -0700] "GET /searchBookByTitleOrAuthor?argument=Java HTTP/1.1" 200 2003
0:0:0:0:0:0:0:1 - - [22/Oct/2020:23:22:24 -0700] "GET /searchBookByTitleOrAuthor?argument=Java HTTP/1.1" 500 9087
0:0:0:0:0:0:0:1 - - [22/Oct/2020:23:22:50 -0700] "GET /searchBookByTitleOrAuthor?argument=Java HTTP/1.1" 200 168075
0:0:0:0:0:0:0:1 - - [22/Oct/2020:23:25:33 -0700] "GET /findUser HTTP/1.1" 500 9053
0:0:0:0:0:0:0:1 - - [22/Oct/2020:23:26:07 -0700] "GET /findUser HTTP/1.1" 200 461
0:0:0:0:0:0:0:1 - - [22/Oct/2020:23:27:02 -0700] "GET /findUser HTTP/1.1" 200 168084
0:0:0:0:0:0:0:1 - - [22/Oct/2020:23:27:43 -0700] "GET /findUser HTTP/1.1" 200 461
