0:0:0:0:0:0:0:1 - - [16/Dec/2020:08:24:23 -0800] "GET /login HTTP/1.1" 200 5962
0:0:0:0:0:0:0:1 - - [16/Dec/2020:08:24:23 -0800] "GET /css/main.css HTTP/1.1" 302 -
0:0:0:0:0:0:0:1 - - [16/Dec/2020:08:24:23 -0800] "GET /js/action.js HTTP/1.1" 200 -
0:0:0:0:0:0:0:1 - - [16/Dec/2020:08:24:23 -0800] "GET /login HTTP/1.1" 200 5962
192.168.1.200 - - [16/Dec/2020:12:40:43 -0800] "GET / HTTP/1.1" 302 -
192.168.1.200 - - [16/Dec/2020:12:40:43 -0800] "GET /login HTTP/1.1" 200 5962
192.168.1.200 - - [16/Dec/2020:12:43:01 -0800] "GET / HTTP/1.1" 302 -
192.168.1.200 - - [16/Dec/2020:12:43:01 -0800] "GET /login HTTP/1.1" 200 5962
192.168.1.200 - - [16/Dec/2020:12:43:10 -0800] "GET / HTTP/1.1" 302 -
192.168.1.200 - - [16/Dec/2020:12:43:10 -0800] "GET /login HTTP/1.1" 200 5962
0:0:0:0:0:0:0:1 - - [16/Dec/2020:14:23:23 -0800] "GET /login HTTP/1.1" 200 5962
0:0:0:0:0:0:0:1 - - [16/Dec/2020:14:23:23 -0800] "GET /css/main.css HTTP/1.1" 302 -
0:0:0:0:0:0:0:1 - - [16/Dec/2020:14:23:23 -0800] "GET /js/action.js HTTP/1.1" 200 -
0:0:0:0:0:0:0:1 - - [16/Dec/2020:14:23:23 -0800] "GET /login HTTP/1.1" 200 5962
0:0:0:0:0:0:0:1 - - [16/Dec/2020:16:04:15 -0800] "GET /login HTTP/1.1" 200 5962
0:0:0:0:0:0:0:1 - - [16/Dec/2020:16:04:15 -0800] "GET /js/action.js HTTP/1.1" 200 -
0:0:0:0:0:0:0:1 - - [16/Dec/2020:16:04:15 -0800] "GET /css/main.css HTTP/1.1" 302 -
0:0:0:0:0:0:0:1 - - [16/Dec/2020:16:04:15 -0800] "GET /login HTTP/1.1" 200 5962
0:0:0:0:0:0:0:1 - - [16/Dec/2020:16:22:47 -0800] "GET /user HTTP/1.1" 302 -
0:0:0:0:0:0:0:1 - - [16/Dec/2020:16:22:47 -0800] "GET /login HTTP/1.1" 200 5962
0:0:0:0:0:0:0:1 - - [16/Dec/2020:16:22:48 -0800] "GET /css/main.css HTTP/1.1" 302 -
0:0:0:0:0:0:0:1 - - [16/Dec/2020:16:22:48 -0800] "GET /js/action.js HTTP/1.1" 200 -
0:0:0:0:0:0:0:1 - - [16/Dec/2020:16:22:48 -0800] "GET /login HTTP/1.1" 200 5962
0:0:0:0:0:0:0:1 - - [16/Dec/2020:16:22:49 -0800] "GET /user HTTP/1.1" 302 -
0:0:0:0:0:0:0:1 - - [16/Dec/2020:16:22:49 -0800] "GET /login HTTP/1.1" 200 5962
0:0:0:0:0:0:0:1 - - [16/Dec/2020:16:22:49 -0800] "GET /css/main.css HTTP/1.1" 302 -
0:0:0:0:0:0:0:1 - - [16/Dec/2020:16:22:49 -0800] "GET /js/action.js HTTP/1.1" 200 -
0:0:0:0:0:0:0:1 - - [16/Dec/2020:16:22:49 -0800] "GET /login HTTP/1.1" 200 5962
0:0:0:0:0:0:0:1 - - [16/Dec/2020:16:24:07 -0800] "GET /user HTTP/1.1" 302 -
0:0:0:0:0:0:0:1 - - [16/Dec/2020:16:24:07 -0800] "GET /login HTTP/1.1" 200 5962
0:0:0:0:0:0:0:1 - - [16/Dec/2020:16:24:07 -0800] "GET /css/main.css HTTP/1.1" 302 -
0:0:0:0:0:0:0:1 - - [16/Dec/2020:16:24:07 -0800] "GET /js/action.js HTTP/1.1" 200 -
0:0:0:0:0:0:0:1 - - [16/Dec/2020:16:24:07 -0800] "GET /login HTTP/1.1" 200 5962
0:0:0:0:0:0:0:1 - - [16/Dec/2020:16:25:56 -0800] "GET /user HTTP/1.1" 302 -
0:0:0:0:0:0:0:1 - - [16/Dec/2020:16:25:56 -0800] "GET /login HTTP/1.1" 200 5962
0:0:0:0:0:0:0:1 - - [16/Dec/2020:16:25:57 -0800] "GET /css/main.css HTTP/1.1" 302 -
0:0:0:0:0:0:0:1 - - [16/Dec/2020:16:25:57 -0800] "GET /js/action.js HTTP/1.1" 200 -
0:0:0:0:0:0:0:1 - - [16/Dec/2020:16:25:57 -0800] "GET /login HTTP/1.1" 200 5962
0:0:0:0:0:0:0:1 - - [16/Dec/2020:16:26:00 -0800] "GET /login HTTP/1.1" 200 5962
0:0:0:0:0:0:0:1 - - [16/Dec/2020:16:26:01 -0800] "GET /css/main.css HTTP/1.1" 302 -
0:0:0:0:0:0:0:1 - - [16/Dec/2020:16:26:01 -0800] "GET /js/action.js HTTP/1.1" 200 -
0:0:0:0:0:0:0:1 - - [16/Dec/2020:16:26:01 -0800] "GET /login HTTP/1.1" 200 5962
0:0:0:0:0:0:0:1 - - [16/Dec/2020:16:26:04 -0800] "GET /user HTTP/1.1" 302 -
0:0:0:0:0:0:0:1 - - [16/Dec/2020:16:26:04 -0800] "GET /login HTTP/1.1" 200 5962
0:0:0:0:0:0:0:1 - - [16/Dec/2020:16:26:04 -0800] "GET /css/main.css HTTP/1.1" 302 -
0:0:0:0:0:0:0:1 - - [16/Dec/2020:16:26:04 -0800] "GET /js/action.js HTTP/1.1" 200 -
0:0:0:0:0:0:0:1 - - [16/Dec/2020:16:26:04 -0800] "GET /login HTTP/1.1" 200 5962
0:0:0:0:0:0:0:1 - - [16/Dec/2020:16:26:09 -0800] "POST /doLogin HTTP/1.1" 302 -
0:0:0:0:0:0:0:1 - - [16/Dec/2020:16:26:09 -0800] "GET /loginSuccessful HTTP/1.1" 200 940
0:0:0:0:0:0:0:1 - - [16/Dec/2020:16:26:09 -0800] "GET /css/main.css HTTP/1.1" 200 6770
0:0:0:0:0:0:0:1 - - [16/Dec/2020:16:26:09 -0800] "GET /js/action.js HTTP/1.1" 200 -
0:0:0:0:0:0:0:1 - - [16/Dec/2020:16:26:11 -0800] "GET /user HTTP/1.1" 200 5607
0:0:0:0:0:0:0:1 - - [16/Dec/2020:16:26:11 -0800] "GET /js/action.js HTTP/1.1" 200 -
0:0:0:0:0:0:0:1 - - [16/Dec/2020:16:26:11 -0800] "GET /css/main.css HTTP/1.1" 200 6770
0:0:0:0:0:0:0:1 - - [16/Dec/2020:16:26:55 -0800] "GET /user HTTP/1.1" 200 5330
0:0:0:0:0:0:0:1 - - [16/Dec/2020:16:58:57 -0800] "GET /loginSuccessful HTTP/1.1" 302 -
0:0:0:0:0:0:0:1 - - [16/Dec/2020:16:58:57 -0800] "GET /login HTTP/1.1" 200 5962
0:0:0:0:0:0:0:1 - - [16/Dec/2020:16:58:57 -0800] "GET /css/main.css HTTP/1.1" 302 -
0:0:0:0:0:0:0:1 - - [16/Dec/2020:16:58:57 -0800] "GET /js/action.js HTTP/1.1" 200 -
0:0:0:0:0:0:0:1 - - [16/Dec/2020:16:58:57 -0800] "GET /login HTTP/1.1" 200 5962
0:0:0:0:0:0:0:1 - - [16/Dec/2020:16:58:59 -0800] "POST /doLogin HTTP/1.1" 302 -
0:0:0:0:0:0:0:1 - - [16/Dec/2020:16:58:59 -0800] "GET /loginFailed HTTP/1.1" 302 -
0:0:0:0:0:0:0:1 - - [16/Dec/2020:16:58:59 -0800] "GET /login HTTP/1.1" 200 6031
0:0:0:0:0:0:0:1 - - [16/Dec/2020:16:58:59 -0800] "GET /css/main.css HTTP/1.1" 302 -
0:0:0:0:0:0:0:1 - - [16/Dec/2020:16:58:59 -0800] "GET /js/action.js HTTP/1.1" 200 -
0:0:0:0:0:0:0:1 - - [16/Dec/2020:16:58:59 -0800] "GET /login HTTP/1.1" 200 5962
0:0:0:0:0:0:0:1 - - [16/Dec/2020:16:59:02 -0800] "POST /doLogin HTTP/1.1" 302 -
0:0:0:0:0:0:0:1 - - [16/Dec/2020:16:59:02 -0800] "GET /loginSuccessful HTTP/1.1" 200 940
0:0:0:0:0:0:0:1 - - [16/Dec/2020:16:59:02 -0800] "GET /js/action.js HTTP/1.1" 200 -
0:0:0:0:0:0:0:1 - - [16/Dec/2020:16:59:02 -0800] "GET /css/main.css HTTP/1.1" 200 6770
0:0:0:0:0:0:0:1 - - [16/Dec/2020:17:00:09 -0800] "GET /user HTTP/1.1" 200 5335
0:0:0:0:0:0:0:1 - - [16/Dec/2020:17:00:09 -0800] "GET /user HTTP/1.1" 200 5335
0:0:0:0:0:0:0:1 - - [16/Dec/2020:17:06:14 -0800] "GET /user HTTP/1.1" 302 -
0:0:0:0:0:0:0:1 - - [16/Dec/2020:17:06:14 -0800] "GET /login HTTP/1.1" 200 5962
0:0:0:0:0:0:0:1 - - [16/Dec/2020:17:06:14 -0800] "GET /css/main.css HTTP/1.1" 302 -
0:0:0:0:0:0:0:1 - - [16/Dec/2020:17:06:14 -0800] "GET /js/action.js HTTP/1.1" 200 -
0:0:0:0:0:0:0:1 - - [16/Dec/2020:17:06:14 -0800] "GET /login HTTP/1.1" 200 5962
0:0:0:0:0:0:0:1 - - [16/Dec/2020:17:06:17 -0800] "POST /doLogin HTTP/1.1" 302 -
0:0:0:0:0:0:0:1 - - [16/Dec/2020:17:06:17 -0800] "GET /loginSuccessful HTTP/1.1" 200 5335
0:0:0:0:0:0:0:1 - - [16/Dec/2020:17:29:14 -0800] "GET /loginSuccessful HTTP/1.1" 302 -
0:0:0:0:0:0:0:1 - - [16/Dec/2020:17:29:14 -0800] "GET /login HTTP/1.1" 200 5962
0:0:0:0:0:0:0:1 - - [16/Dec/2020:17:29:14 -0800] "GET /css/main.css HTTP/1.1" 302 -
0:0:0:0:0:0:0:1 - - [16/Dec/2020:17:29:14 -0800] "GET /js/action.js HTTP/1.1" 200 -
0:0:0:0:0:0:0:1 - - [16/Dec/2020:17:29:14 -0800] "GET /login HTTP/1.1" 200 5962
0:0:0:0:0:0:0:1 - - [16/Dec/2020:17:29:18 -0800] "POST /doLogin HTTP/1.1" 302 -
0:0:0:0:0:0:0:1 - - [16/Dec/2020:17:29:18 -0800] "GET /loginSuccessful HTTP/1.1" 200 5526
0:0:0:0:0:0:0:1 - - [16/Dec/2020:17:29:46 -0800] "GET /loginSuccessful HTTP/1.1" 200 5568
0:0:0:0:0:0:0:1 - - [16/Dec/2020:17:30:48 -0800] "GET /loginSuccessful HTTP/1.1" 200 5568
0:0:0:0:0:0:0:1 - - [16/Dec/2020:17:34:28 -0800] "GET /loginSuccessful HTTP/1.1" 200 5622
0:0:0:0:0:0:0:1 - - [16/Dec/2020:17:34:54 -0800] "GET /loginSuccessful HTTP/1.1" 302 -
0:0:0:0:0:0:0:1 - - [16/Dec/2020:17:34:54 -0800] "GET /login HTTP/1.1" 200 5962
0:0:0:0:0:0:0:1 - - [16/Dec/2020:17:34:54 -0800] "GET /css/main.css HTTP/1.1" 302 -
0:0:0:0:0:0:0:1 - - [16/Dec/2020:17:34:54 -0800] "GET /js/action.js HTTP/1.1" 200 -
0:0:0:0:0:0:0:1 - - [16/Dec/2020:17:34:54 -0800] "GET /login HTTP/1.1" 200 5962
0:0:0:0:0:0:0:1 - - [16/Dec/2020:17:34:58 -0800] "POST /doLogin HTTP/1.1" 302 -
0:0:0:0:0:0:0:1 - - [16/Dec/2020:17:34:58 -0800] "GET /loginSuccessful HTTP/1.1" 200 5622
0:0:0:0:0:0:0:1 - - [16/Dec/2020:18:00:33 -0800] "GET /login HTTP/1.1" 200 5962
0:0:0:0:0:0:0:1 - - [16/Dec/2020:18:00:33 -0800] "GET /css/main.css HTTP/1.1" 302 -
0:0:0:0:0:0:0:1 - - [16/Dec/2020:18:00:33 -0800] "GET /js/action.js HTTP/1.1" 200 -
0:0:0:0:0:0:0:1 - - [16/Dec/2020:18:00:33 -0800] "GET /login HTTP/1.1" 200 5962
0:0:0:0:0:0:0:1 - - [16/Dec/2020:18:00:37 -0800] "POST /doLogin HTTP/1.1" 302 -
0:0:0:0:0:0:0:1 - - [16/Dec/2020:18:00:37 -0800] "GET /loginSuccessful HTTP/1.1" 200 5622
0:0:0:0:0:0:0:1 - - [16/Dec/2020:18:03:07 -0800] "GET /loginSuccessful HTTP/1.1" 200 5641
0:0:0:0:0:0:0:1 - - [16/Dec/2020:20:14:27 -0800] "GET /loginSuccessful HTTP/1.1" 302 -
0:0:0:0:0:0:0:1 - - [16/Dec/2020:20:14:27 -0800] "GET /login HTTP/1.1" 200 5962
0:0:0:0:0:0:0:1 - - [16/Dec/2020:20:14:27 -0800] "GET /css/main.css HTTP/1.1" 302 -
0:0:0:0:0:0:0:1 - - [16/Dec/2020:20:14:27 -0800] "GET /js/action.js HTTP/1.1" 200 -
0:0:0:0:0:0:0:1 - - [16/Dec/2020:20:14:28 -0800] "GET /login HTTP/1.1" 200 5962
0:0:0:0:0:0:0:1 - - [16/Dec/2020:21:35:33 -0800] "GET /login HTTP/1.1" 200 5962
0:0:0:0:0:0:0:1 - - [16/Dec/2020:21:35:33 -0800] "GET /js/action.js HTTP/1.1" 200 -
0:0:0:0:0:0:0:1 - - [16/Dec/2020:21:35:33 -0800] "GET /css/main.css HTTP/1.1" 302 -
0:0:0:0:0:0:0:1 - - [16/Dec/2020:21:35:33 -0800] "GET /login HTTP/1.1" 200 5962
0:0:0:0:0:0:0:1 - - [16/Dec/2020:21:35:38 -0800] "POST /doLogin HTTP/1.1" 302 -
0:0:0:0:0:0:0:1 - - [16/Dec/2020:21:35:38 -0800] "GET /loginSuccessful HTTP/1.1" 200 6938
0:0:0:0:0:0:0:1 - - [16/Dec/2020:21:36:09 -0800] "GET /loginSuccessful HTTP/1.1" 200 7276
