0:0:0:0:0:0:0:1 - - [03/Oct/2020:00:00:01 -0700] "POST /signup HTTP/1.1" 302 -
0:0:0:0:0:0:0:1 - - [03/Oct/2020:00:00:01 -0700] "GET /login HTTP/1.1" 200 1655
0:0:0:0:0:0:0:1 - - [03/Oct/2020:00:00:36 -0700] "GET /login HTTP/1.1" 200 1655
0:0:0:0:0:0:0:1 - - [03/Oct/2020:00:00:38 -0700] "GET /signup HTTP/1.1" 200 4862
0:0:0:0:0:0:0:1 - - [03/Oct/2020:00:00:38 -0700] "GET /js/pwstrength.js HTTP/1.1" 200 -
0:0:0:0:0:0:0:1 - - [03/Oct/2020:00:00:38 -0700] "GET /js/jquery-1.7.2.js HTTP/1.1" 200 293292
0:0:0:0:0:0:0:1 - - [03/Oct/2020:00:00:54 -0700] "POST /signup HTTP/1.1" 302 -
0:0:0:0:0:0:0:1 - - [03/Oct/2020:00:00:54 -0700] "GET /login HTTP/1.1" 200 1655
0:0:0:0:0:0:0:1 - - [03/Oct/2020:00:01:17 -0700] "GET /registrationConfirm?token=d886ab27-606c-454f-9e82-f239c7fee483 HTTP/1.1" 302 -
0:0:0:0:0:0:0:1 - - [03/Oct/2020:00:01:17 -0700] "GET /login HTTP/1.1" 200 1655
0:0:0:0:0:0:0:1 - - [03/Oct/2020:00:13:16 -0700] "GET /login HTTP/1.1" 200 1655
0:0:0:0:0:0:0:1 - - [03/Oct/2020:00:13:20 -0700] "GET /signup HTTP/1.1" 200 4862
0:0:0:0:0:0:0:1 - - [03/Oct/2020:00:13:21 -0700] "GET /js/pwstrength.js HTTP/1.1" 200 -
0:0:0:0:0:0:0:1 - - [03/Oct/2020:00:13:21 -0700] "GET /js/jquery-1.7.2.js HTTP/1.1" 200 293292
0:0:0:0:0:0:0:1 - - [03/Oct/2020:00:13:28 -0700] "POST /signup HTTP/1.1" 500 12576
0:0:0:0:0:0:0:1 - - [03/Oct/2020:00:18:05 -0700] "GET /signup HTTP/1.1" 200 4862
0:0:0:0:0:0:0:1 - - [03/Oct/2020:00:18:05 -0700] "GET /js/pwstrength.js HTTP/1.1" 200 -
0:0:0:0:0:0:0:1 - - [03/Oct/2020:00:18:05 -0700] "GET /js/jquery-1.7.2.js HTTP/1.1" 200 293292
0:0:0:0:0:0:0:1 - - [03/Oct/2020:00:18:14 -0700] "POST /signup HTTP/1.1" 500 12576
0:0:0:0:0:0:0:1 - - [03/Oct/2020:00:19:20 -0700] "GET /signup HTTP/1.1" 200 4862
0:0:0:0:0:0:0:1 - - [03/Oct/2020:00:19:20 -0700] "GET /js/pwstrength.js HTTP/1.1" 200 -
0:0:0:0:0:0:0:1 - - [03/Oct/2020:00:19:20 -0700] "GET /js/jquery-1.7.2.js HTTP/1.1" 200 293292
0:0:0:0:0:0:0:1 - - [03/Oct/2020:00:19:31 -0700] "POST /signup HTTP/1.1" 500 12576
0:0:0:0:0:0:0:1 - - [03/Oct/2020:00:21:14 -0700] "GET /login HTTP/1.1" 200 1655
0:0:0:0:0:0:0:1 - - [03/Oct/2020:00:21:14 -0700] "GET /login HTTP/1.1" 200 1655
0:0:0:0:0:0:0:1 - - [03/Oct/2020:00:21:16 -0700] "GET /signup HTTP/1.1" 200 4862
0:0:0:0:0:0:0:1 - - [03/Oct/2020:00:21:16 -0700] "GET /js/pwstrength.js HTTP/1.1" 200 -
0:0:0:0:0:0:0:1 - - [03/Oct/2020:00:21:16 -0700] "GET /js/jquery-1.7.2.js HTTP/1.1" 200 293292
0:0:0:0:0:0:0:1 - - [03/Oct/2020:00:21:28 -0700] "POST /signup HTTP/1.1" 302 -
0:0:0:0:0:0:0:1 - - [03/Oct/2020:00:21:28 -0700] "GET /login HTTP/1.1" 200 1738
0:0:0:0:0:0:0:1 - - [03/Oct/2020:00:21:53 -0700] "GET /registrationConfirm?token=18a9d1cf-bfa0-45e8-82e3-e946fbd10117 HTTP/1.1" 302 -
0:0:0:0:0:0:0:1 - - [03/Oct/2020:00:21:53 -0700] "GET /login HTTP/1.1" 200 1728
0:0:0:0:0:0:0:1 - - [03/Oct/2020:00:40:00 -0700] "GET /login HTTP/1.1" 200 1655
0:0:0:0:0:0:0:1 - - [03/Oct/2020:00:40:03 -0700] "GET /signup HTTP/1.1" 200 4862
0:0:0:0:0:0:0:1 - - [03/Oct/2020:00:40:03 -0700] "GET /js/pwstrength.js HTTP/1.1" 200 -
0:0:0:0:0:0:0:1 - - [03/Oct/2020:00:40:03 -0700] "GET /js/jquery-1.7.2.js HTTP/1.1" 200 293292
0:0:0:0:0:0:0:1 - - [03/Oct/2020:01:07:35 -0700] "GET /signup HTTP/1.1" 200 4862
0:0:0:0:0:0:0:1 - - [03/Oct/2020:01:07:35 -0700] "GET /js/pwstrength.js HTTP/1.1" 200 -
0:0:0:0:0:0:0:1 - - [03/Oct/2020:01:07:35 -0700] "GET /js/jquery-1.7.2.js HTTP/1.1" 200 293292
0:0:0:0:0:0:0:1 - - [03/Oct/2020:01:07:57 -0700] "POST /signup HTTP/1.1" 302 -
0:0:0:0:0:0:0:1 - - [03/Oct/2020:01:07:57 -0700] "GET /login HTTP/1.1" 200 1738
0:0:0:0:0:0:0:1 - - [03/Oct/2020:01:08:00 -0700] "GET /registrationConfirm?token=3527f0f4-8346-40f4-b41e-7bb6beb467df HTTP/1.1" 302 -
0:0:0:0:0:0:0:1 - - [03/Oct/2020:01:08:00 -0700] "GET /login HTTP/1.1" 200 1728
0:0:0:0:0:0:0:1 - - [03/Oct/2020:01:22:11 -0700] "GET /login HTTP/1.1" 200 1655
0:0:0:0:0:0:0:1 - - [03/Oct/2020:01:22:16 -0700] "GET /test?email=bonguyens2001@gmail.com HTTP/1.1" 200 388
0:0:0:0:0:0:0:1 - - [03/Oct/2020:01:22:18 -0700] "GET /test?email=bonguyens2001@gmail.com HTTP/1.1" 200 388
0:0:0:0:0:0:0:1 - - [03/Oct/2020:01:22:28 -0700] "GET /test?email=bonguyens2001@gmail.com HTTP/1.1" 200 388
0:0:0:0:0:0:0:1 - - [03/Oct/2020:01:25:06 -0700] "GET /test?email=bonguyens2001@gmail.com HTTP/1.1" 200 388
0:0:0:0:0:0:0:1 - - [03/Oct/2020:01:25:10 -0700] "GET /test?email=bonguyens2001@gmail.com HTTP/1.1" 200 388
0:0:0:0:0:0:0:1 - - [03/Oct/2020:01:26:33 -0700] "GET /test?email=bonguyens2001@gmail.com HTTP/1.1" 200 388
0:0:0:0:0:0:0:1 - - [03/Oct/2020:01:26:36 -0700] "GET /test?email=bonguyens2001@gmail.com HTTP/1.1" 200 388
0:0:0:0:0:0:0:1 - - [03/Oct/2020:01:36:11 -0700] "GET /login HTTP/1.1" 200 1655
0:0:0:0:0:0:0:1 - - [03/Oct/2020:01:36:11 -0700] "GET /login HTTP/1.1" 200 1655
0:0:0:0:0:0:0:1 - - [03/Oct/2020:01:36:32 -0700] "GET /test?email=bonguyens2001@gmail.com HTTP/1.1" 200 388
0:0:0:0:0:0:0:1 - - [03/Oct/2020:01:36:33 -0700] "GET /test?email=bonguyens2001@gmail.com HTTP/1.1" 200 388
0:0:0:0:0:0:0:1 - - [03/Oct/2020:01:36:37 -0700] "GET /test?email=bonguyens2001@gmail.com HTTP/1.1" 200 388
0:0:0:0:0:0:0:1 - - [03/Oct/2020:01:41:10 -0700] "GET /login HTTP/1.1" 200 1655
0:0:0:0:0:0:0:1 - - [03/Oct/2020:01:41:10 -0700] "GET /login HTTP/1.1" 200 1655
0:0:0:0:0:0:0:1 - - [03/Oct/2020:01:41:14 -0700] "GET /test?email=bonguyens2001@gmail.com HTTP/1.1" 500 11329
0:0:0:0:0:0:0:1 - - [03/Oct/2020:01:41:49 -0700] "GET /test?email=bonguyens2001@gmail.com HTTP/1.1" 200 388
0:0:0:0:0:0:0:1 - - [03/Oct/2020:13:58:23 -0700] "GET /test?email=bonguyens2001@gmail.com HTTP/1.1" 200 388
0:0:0:0:0:0:0:1 - - [03/Oct/2020:13:58:24 -0700] "GET /login HTTP/1.1" 200 1655
0:0:0:0:0:0:0:1 - - [03/Oct/2020:13:58:25 -0700] "GET /login HTTP/1.1" 200 1655
0:0:0:0:0:0:0:1 - - [03/Oct/2020:13:58:30 -0700] "POST /doLogin HTTP/1.1" 302 -
0:0:0:0:0:0:0:1 - - [03/Oct/2020:13:58:30 -0700] "GET /loginFailed HTTP/1.1" 302 -
0:0:0:0:0:0:0:1 - - [03/Oct/2020:13:58:30 -0700] "GET /login HTTP/1.1" 200 1655
0:0:0:0:0:0:0:1 - - [03/Oct/2020:13:58:36 -0700] "POST /doLogin HTTP/1.1" 302 -
0:0:0:0:0:0:0:1 - - [03/Oct/2020:13:58:36 -0700] "GET /loginSuccessful HTTP/1.1" 200 288
0:0:0:0:0:0:0:1 - - [03/Oct/2020:13:58:37 -0700] "GET /login HTTP/1.1" 200 1655
0:0:0:0:0:0:0:1 - - [03/Oct/2020:13:58:50 -0700] "POST /doLogin HTTP/1.1" 302 -
0:0:0:0:0:0:0:1 - - [03/Oct/2020:13:58:50 -0700] "GET /loginSuccessful HTTP/1.1" 200 288
0:0:0:0:0:0:0:1 - - [03/Oct/2020:15:14:52 -0700] "GET /login HTTP/1.1" 200 1655
0:0:0:0:0:0:0:1 - - [03/Oct/2020:15:14:53 -0700] "GET /login HTTP/1.1" 200 1655
0:0:0:0:0:0:0:1 - - [03/Oct/2020:15:15:01 -0700] "GET /signup HTTP/1.1" 200 4862
0:0:0:0:0:0:0:1 - - [03/Oct/2020:15:15:01 -0700] "GET /js/pwstrength.js HTTP/1.1" 200 -
0:0:0:0:0:0:0:1 - - [03/Oct/2020:15:15:01 -0700] "GET /js/jquery-1.7.2.js HTTP/1.1" 200 293292
0:0:0:0:0:0:0:1 - - [03/Oct/2020:15:15:16 -0700] "POST /signup HTTP/1.1" 302 -
0:0:0:0:0:0:0:1 - - [03/Oct/2020:15:15:16 -0700] "GET /login HTTP/1.1" 200 1738
0:0:0:0:0:0:0:1 - - [03/Oct/2020:15:15:30 -0700] "GET /registrationConfirm?token=0dfff100-ca05-4165-b57b-362d9735e845 HTTP/1.1" 302 -
0:0:0:0:0:0:0:1 - - [03/Oct/2020:15:15:30 -0700] "GET /login HTTP/1.1" 200 1728
0:0:0:0:0:0:0:1 - - [03/Oct/2020:15:15:42 -0700] "POST /doLogin HTTP/1.1" 302 -
0:0:0:0:0:0:0:1 - - [03/Oct/2020:15:15:42 -0700] "GET /loginSuccessful HTTP/1.1" 200 347
0:0:0:0:0:0:0:1 - - [03/Oct/2020:15:15:47 -0700] "GET /login HTTP/1.1" 200 1655
0:0:0:0:0:0:0:1 - - [03/Oct/2020:15:21:00 -0700] "POST /doLogin HTTP/1.1" 302 -
0:0:0:0:0:0:0:1 - - [03/Oct/2020:15:21:00 -0700] "GET /loginSuccessful HTTP/1.1" 200 302
0:0:0:0:0:0:0:1 - - [03/Oct/2020:16:01:46 -0700] "GET /login HTTP/1.1" 200 1655
0:0:0:0:0:0:0:1 - - [03/Oct/2020:16:01:50 -0700] "POST /doLogin HTTP/1.1" 302 -
0:0:0:0:0:0:0:1 - - [03/Oct/2020:16:01:50 -0700] "GET /loginSuccessful HTTP/1.1" 200 651
0:0:0:0:0:0:0:1 - - [03/Oct/2020:16:01:55 -0700] "GET /search_book?name=bo HTTP/1.1" 200 722
0:0:0:0:0:0:0:1 - - [03/Oct/2020:16:01:59 -0700] "GET /loginSuccessful HTTP/1.1" 200 651
0:0:0:0:0:0:0:1 - - [03/Oct/2020:16:17:08 -0700] "GET /login HTTP/1.1" 200 1655
0:0:0:0:0:0:0:1 - - [03/Oct/2020:16:17:09 -0700] "GET /login HTTP/1.1" 200 1655
0:0:0:0:0:0:0:1 - - [03/Oct/2020:16:17:18 -0700] "POST /doLogin HTTP/1.1" 302 -
0:0:0:0:0:0:0:1 - - [03/Oct/2020:16:17:18 -0700] "GET /loginSuccessful HTTP/1.1" 200 651
0:0:0:0:0:0:0:1 - - [03/Oct/2020:16:17:28 -0700] "GET /search_book?name=Effective+Human+Relationship HTTP/1.1" 200 722
0:0:0:0:0:0:0:1 - - [03/Oct/2020:16:21:02 -0700] "GET /login HTTP/1.1" 200 1655
0:0:0:0:0:0:0:1 - - [03/Oct/2020:16:21:09 -0700] "POST /doLogin HTTP/1.1" 302 -
0:0:0:0:0:0:0:1 - - [03/Oct/2020:16:21:09 -0700] "GET /loginSuccessful HTTP/1.1" 200 651
0:0:0:0:0:0:0:1 - - [03/Oct/2020:16:21:12 -0700] "GET /search_book?name=Effective+Human+Relationship HTTP/1.1" 200 722
0:0:0:0:0:0:0:1 - - [03/Oct/2020:16:22:51 -0700] "GET /search_book?name=Effective+Human+Relationship HTTP/1.1" 200 722
0:0:0:0:0:0:0:1 - - [03/Oct/2020:16:26:12 -0700] "GET /loginSuccessful HTTP/1.1" 200 651
0:0:0:0:0:0:0:1 - - [03/Oct/2020:16:26:13 -0700] "GET /login HTTP/1.1" 200 1655
0:0:0:0:0:0:0:1 - - [03/Oct/2020:16:30:17 -0700] "GET /login HTTP/1.1" 200 1655
0:0:0:0:0:0:0:1 - - [03/Oct/2020:16:30:23 -0700] "POST /doLogin HTTP/1.1" 302 -
0:0:0:0:0:0:0:1 - - [03/Oct/2020:16:30:23 -0700] "GET /loginSuccessful HTTP/1.1" 200 651
0:0:0:0:0:0:0:1 - - [03/Oct/2020:16:30:29 -0700] "GET /search_book?name=Effective+Human+Relationship HTTP/1.1" 200 722
0:0:0:0:0:0:0:1 - - [03/Oct/2020:16:31:53 -0700] "GET /loginSuccessful HTTP/1.1" 200 651
0:0:0:0:0:0:0:1 - - [03/Oct/2020:16:31:55 -0700] "GET /login HTTP/1.1" 200 1655
0:0:0:0:0:0:0:1 - - [03/Oct/2020:16:31:58 -0700] "POST /doLogin HTTP/1.1" 302 -
0:0:0:0:0:0:0:1 - - [03/Oct/2020:16:31:58 -0700] "GET /loginSuccessful HTTP/1.1" 200 651
0:0:0:0:0:0:0:1 - - [03/Oct/2020:16:32:00 -0700] "GET /search_book?name=Effective+Human+Relationship HTTP/1.1" 200 722
0:0:0:0:0:0:0:1 - - [03/Oct/2020:16:35:14 -0700] "GET /search_book?name=Effective+Human+Relationship HTTP/1.1" 200 722
0:0:0:0:0:0:0:1 - - [03/Oct/2020:16:35:15 -0700] "GET /loginSuccessful HTTP/1.1" 200 646
0:0:0:0:0:0:0:1 - - [03/Oct/2020:16:35:17 -0700] "GET /login HTTP/1.1" 200 1655
0:0:0:0:0:0:0:1 - - [03/Oct/2020:16:35:21 -0700] "POST /doLogin HTTP/1.1" 302 -
0:0:0:0:0:0:0:1 - - [03/Oct/2020:16:35:21 -0700] "GET /loginSuccessful HTTP/1.1" 200 646
0:0:0:0:0:0:0:1 - - [03/Oct/2020:16:35:33 -0700] "GET /search_book?name=Effective+Human+Relationship HTTP/1.1" 200 722
0:0:0:0:0:0:0:1 - - [03/Oct/2020:16:42:35 -0700] "GET /login HTTP/1.1" 200 1655
0:0:0:0:0:0:0:1 - - [03/Oct/2020:16:42:35 -0700] "GET /login HTTP/1.1" 200 1655
0:0:0:0:0:0:0:1 - - [03/Oct/2020:16:42:41 -0700] "POST /doLogin HTTP/1.1" 302 -
0:0:0:0:0:0:0:1 - - [03/Oct/2020:16:42:41 -0700] "GET /loginSuccessful HTTP/1.1" 200 646
0:0:0:0:0:0:0:1 - - [03/Oct/2020:16:42:43 -0700] "GET /search_book?name=Effective+Human+Relationship HTTP/1.1" 400 9495
0:0:0:0:0:0:0:1 - - [03/Oct/2020:16:43:32 -0700] "GET /login HTTP/1.1" 200 1655
0:0:0:0:0:0:0:1 - - [03/Oct/2020:16:43:33 -0700] "GET /login HTTP/1.1" 200 1655
0:0:0:0:0:0:0:1 - - [03/Oct/2020:16:43:37 -0700] "POST /doLogin HTTP/1.1" 302 -
0:0:0:0:0:0:0:1 - - [03/Oct/2020:16:43:37 -0700] "GET /loginSuccessful HTTP/1.1" 200 647
0:0:0:0:0:0:0:1 - - [03/Oct/2020:16:43:56 -0700] "GET /search_book?title=Effective+Human+Relationship HTTP/1.1" 500 13714
0:0:0:0:0:0:0:1 - - [03/Oct/2020:16:44:34 -0700] "GET /login HTTP/1.1" 200 1655
0:0:0:0:0:0:0:1 - - [03/Oct/2020:16:44:34 -0700] "GET /login HTTP/1.1" 200 1655
0:0:0:0:0:0:0:1 - - [03/Oct/2020:16:44:39 -0700] "POST /doLogin HTTP/1.1" 302 -
0:0:0:0:0:0:0:1 - - [03/Oct/2020:16:44:39 -0700] "GET /loginSuccessful HTTP/1.1" 200 647
0:0:0:0:0:0:0:1 - - [03/Oct/2020:16:44:41 -0700] "GET /search_book?title=Effective+Human+Relationship HTTP/1.1" 200 879
0:0:0:0:0:0:0:1 - - [03/Oct/2020:16:46:22 -0700] "GET /loginSuccessful HTTP/1.1" 200 647
0:0:0:0:0:0:0:1 - - [03/Oct/2020:16:58:17 -0700] "GET /login HTTP/1.1" 200 1655
0:0:0:0:0:0:0:1 - - [03/Oct/2020:16:58:18 -0700] "GET /login HTTP/1.1" 200 1655
0:0:0:0:0:0:0:1 - - [03/Oct/2020:16:59:25 -0700] "POST /doLogin HTTP/1.1" 302 -
0:0:0:0:0:0:0:1 - - [03/Oct/2020:16:59:25 -0700] "GET /loginSuccessful HTTP/1.1" 200 647
0:0:0:0:0:0:0:1 - - [03/Oct/2020:16:59:29 -0700] "GET /search_book?title=hhgv HTTP/1.1" 302 -
0:0:0:0:0:0:0:1 - - [03/Oct/2020:16:59:29 -0700] "GET /%20loginSuccessful HTTP/1.1" 404 306
0:0:0:0:0:0:0:1 - - [03/Oct/2020:17:00:02 -0700] "GET /login HTTP/1.1" 200 1655
0:0:0:0:0:0:0:1 - - [03/Oct/2020:17:00:02 -0700] "GET /login HTTP/1.1" 200 1655
0:0:0:0:0:0:0:1 - - [03/Oct/2020:17:00:08 -0700] "POST /doLogin HTTP/1.1" 302 -
0:0:0:0:0:0:0:1 - - [03/Oct/2020:17:00:08 -0700] "GET /loginSuccessful HTTP/1.1" 200 647
0:0:0:0:0:0:0:1 - - [03/Oct/2020:17:00:10 -0700] "GET /search_book?title=nv+n HTTP/1.1" 302 -
0:0:0:0:0:0:0:1 - - [03/Oct/2020:17:00:10 -0700] "GET /loginSuccessful HTTP/1.1" 200 730
0:0:0:0:0:0:0:1 - - [03/Oct/2020:17:00:55 -0700] "GET /login HTTP/1.1" 200 1655
0:0:0:0:0:0:0:1 - - [03/Oct/2020:17:00:55 -0700] "GET /login HTTP/1.1" 200 1655
0:0:0:0:0:0:0:1 - - [03/Oct/2020:17:01:01 -0700] "POST /doLogin HTTP/1.1" 302 -
0:0:0:0:0:0:0:1 - - [03/Oct/2020:17:01:01 -0700] "GET /loginSuccessful HTTP/1.1" 200 580
0:0:0:0:0:0:0:1 - - [03/Oct/2020:17:01:53 -0700] "GET /loginSuccessful HTTP/1.1" 200 611
0:0:0:0:0:0:0:1 - - [03/Oct/2020:17:01:56 -0700] "GET /search_book?title=hhgv HTTP/1.1" 302 -
0:0:0:0:0:0:0:1 - - [03/Oct/2020:17:01:56 -0700] "GET /loginSuccessful HTTP/1.1" 200 694
0:0:0:0:0:0:0:1 - - [03/Oct/2020:17:02:17 -0700] "GET /loginSuccessful HTTP/1.1" 200 585
0:0:0:0:0:0:0:1 - - [03/Oct/2020:17:02:20 -0700] "GET /search_book?title=Effective+Human+Relationship HTTP/1.1" 200 879
0:0:0:0:0:0:0:1 - - [03/Oct/2020:17:02:22 -0700] "GET /loginSuccessful HTTP/1.1" 200 585
0:0:0:0:0:0:0:1 - - [03/Oct/2020:17:02:24 -0700] "GET /search_book?title=Effective+Human+Relationships HTTP/1.1" 302 -
0:0:0:0:0:0:0:1 - - [03/Oct/2020:17:02:24 -0700] "GET /loginSuccessful HTTP/1.1" 200 668
0:0:0:0:0:0:0:1 - - [03/Oct/2020:17:11:17 -0700] "GET /search_book?title=Effective+Human+Relationship HTTP/1.1" 200 879
0:0:0:0:0:0:0:1 - - [03/Oct/2020:17:12:07 -0700] "GET /loginSuccessful HTTP/1.1" 200 585
0:0:0:0:0:0:0:1 - - [03/Oct/2020:17:12:09 -0700] "GET /search_book?title=Effective+Human+Relationship HTTP/1.1" 200 879
0:0:0:0:0:0:0:1 - - [03/Oct/2020:17:12:10 -0700] "GET /loginSuccessful HTTP/1.1" 200 585
0:0:0:0:0:0:0:1 - - [03/Oct/2020:17:12:12 -0700] "GET /search_book?title=Effective+Human+Relationships HTTP/1.1" 302 -
0:0:0:0:0:0:0:1 - - [03/Oct/2020:17:12:12 -0700] "GET /loginSuccessful HTTP/1.1" 200 668
0:0:0:0:0:0:0:1 - - [03/Oct/2020:17:15:48 -0700] "GET /search_book?title=Effective+Human+Relationship HTTP/1.1" 200 879
