0:0:0:0:0:0:0:1 - - [03/Dec/2020:00:04:20 -0800] "GET /login HTTP/1.1" 200 1657
0:0:0:0:0:0:0:1 - - [03/Dec/2020:00:04:21 -0800] "GET /favicon.ico HTTP/1.1" 302 -
0:0:0:0:0:0:0:1 - - [03/Dec/2020:00:04:21 -0800] "GET /login HTTP/1.1" 200 1657
0:0:0:0:0:0:0:1 - - [03/Dec/2020:00:04:22 -0800] "GET /signup HTTP/1.1" 200 4862
0:0:0:0:0:0:0:1 - - [03/Dec/2020:00:04:22 -0800] "GET /js/pwstrength.js HTTP/1.1" 200 -
0:0:0:0:0:0:0:1 - - [03/Dec/2020:00:04:22 -0800] "GET /js/jquery-1.7.2.js HTTP/1.1" 200 293292
0:0:0:0:0:0:0:1 - - [03/Dec/2020:00:04:22 -0800] "GET /favicon.ico HTTP/1.1" 302 -
0:0:0:0:0:0:0:1 - - [03/Dec/2020:00:04:22 -0800] "GET /login HTTP/1.1" 200 1657
0:0:0:0:0:0:0:1 - - [03/Dec/2020:00:04:35 -0800] "POST /signup HTTP/1.1" 302 -
0:0:0:0:0:0:0:1 - - [03/Dec/2020:00:04:35 -0800] "GET /login HTTP/1.1" 200 1740
0:0:0:0:0:0:0:1 - - [03/Dec/2020:00:04:35 -0800] "GET /favicon.ico HTTP/1.1" 302 -
0:0:0:0:0:0:0:1 - - [03/Dec/2020:00:04:35 -0800] "GET /login HTTP/1.1" 200 1657
0:0:0:0:0:0:0:1 - - [03/Dec/2020:00:06:20 -0800] "GET /login HTTP/1.1" 200 1657
0:0:0:0:0:0:0:1 - - [03/Dec/2020:00:06:20 -0800] "GET /favicon.ico HTTP/1.1" 302 -
0:0:0:0:0:0:0:1 - - [03/Dec/2020:00:06:20 -0800] "GET /login HTTP/1.1" 200 1657
0:0:0:0:0:0:0:1 - - [03/Dec/2020:00:06:24 -0800] "GET /signup HTTP/1.1" 200 4862
0:0:0:0:0:0:0:1 - - [03/Dec/2020:00:06:24 -0800] "GET /js/jquery-1.7.2.js HTTP/1.1" 200 293292
0:0:0:0:0:0:0:1 - - [03/Dec/2020:00:06:24 -0800] "GET /js/pwstrength.js HTTP/1.1" 200 -
0:0:0:0:0:0:0:1 - - [03/Dec/2020:00:06:24 -0800] "GET /favicon.ico HTTP/1.1" 302 -
0:0:0:0:0:0:0:1 - - [03/Dec/2020:00:06:24 -0800] "GET /login HTTP/1.1" 200 1657
0:0:0:0:0:0:0:1 - - [03/Dec/2020:00:06:32 -0800] "POST /signup HTTP/1.1" 500 19705
0:0:0:0:0:0:0:1 - - [03/Dec/2020:00:06:33 -0800] "GET /favicon.ico HTTP/1.1" 302 -
0:0:0:0:0:0:0:1 - - [03/Dec/2020:00:06:33 -0800] "GET /login HTTP/1.1" 200 1657
0:0:0:0:0:0:0:1 - - [03/Dec/2020:00:32:55 -0800] "GET /login HTTP/1.1" 200 1657
0:0:0:0:0:0:0:1 - - [03/Dec/2020:00:32:56 -0800] "GET /favicon.ico HTTP/1.1" 302 -
0:0:0:0:0:0:0:1 - - [03/Dec/2020:00:32:56 -0800] "GET /login HTTP/1.1" 200 1657
0:0:0:0:0:0:0:1 - - [03/Dec/2020:00:32:58 -0800] "GET /signup HTTP/1.1" 200 4862
0:0:0:0:0:0:0:1 - - [03/Dec/2020:00:32:58 -0800] "GET /js/pwstrength.js HTTP/1.1" 200 -
0:0:0:0:0:0:0:1 - - [03/Dec/2020:00:32:58 -0800] "GET /js/jquery-1.7.2.js HTTP/1.1" 200 293292
0:0:0:0:0:0:0:1 - - [03/Dec/2020:00:32:58 -0800] "GET /favicon.ico HTTP/1.1" 302 -
0:0:0:0:0:0:0:1 - - [03/Dec/2020:00:32:58 -0800] "GET /login HTTP/1.1" 200 1657
0:0:0:0:0:0:0:1 - - [03/Dec/2020:00:33:05 -0800] "POST /signup HTTP/1.1" 500 19705
0:0:0:0:0:0:0:1 - - [03/Dec/2020:00:33:05 -0800] "GET /favicon.ico HTTP/1.1" 302 -
0:0:0:0:0:0:0:1 - - [03/Dec/2020:00:33:05 -0800] "GET /login HTTP/1.1" 200 1657
0:0:0:0:0:0:0:1 - - [03/Dec/2020:00:33:11 -0800] "GET /signup HTTP/1.1" 200 4862
0:0:0:0:0:0:0:1 - - [03/Dec/2020:00:33:11 -0800] "GET /favicon.ico HTTP/1.1" 302 -
0:0:0:0:0:0:0:1 - - [03/Dec/2020:00:33:11 -0800] "GET /login HTTP/1.1" 200 1657
0:0:0:0:0:0:0:1 - - [03/Dec/2020:00:36:29 -0800] "GET /signup HTTP/1.1" 200 4862
0:0:0:0:0:0:0:1 - - [03/Dec/2020:00:36:29 -0800] "GET /js/pwstrength.js HTTP/1.1" 200 -
0:0:0:0:0:0:0:1 - - [03/Dec/2020:00:36:29 -0800] "GET /js/jquery-1.7.2.js HTTP/1.1" 200 293292
0:0:0:0:0:0:0:1 - - [03/Dec/2020:00:36:29 -0800] "GET /favicon.ico HTTP/1.1" 302 -
0:0:0:0:0:0:0:1 - - [03/Dec/2020:00:36:29 -0800] "GET /login HTTP/1.1" 200 1657
0:0:0:0:0:0:0:1 - - [03/Dec/2020:00:36:36 -0800] "POST /signup HTTP/1.1" 500 19705
0:0:0:0:0:0:0:1 - - [03/Dec/2020:00:36:36 -0800] "GET /favicon.ico HTTP/1.1" 302 -
0:0:0:0:0:0:0:1 - - [03/Dec/2020:00:36:36 -0800] "GET /login HTTP/1.1" 200 1657
0:0:0:0:0:0:0:1 - - [03/Dec/2020:01:24:34 -0800] "GET /login HTTP/1.1" 200 1657
0:0:0:0:0:0:0:1 - - [03/Dec/2020:01:24:34 -0800] "GET /favicon.ico HTTP/1.1" 302 -
0:0:0:0:0:0:0:1 - - [03/Dec/2020:01:24:34 -0800] "GET /login HTTP/1.1" 200 1657
0:0:0:0:0:0:0:1 - - [03/Dec/2020:01:24:35 -0800] "GET /signup HTTP/1.1" 200 4862
0:0:0:0:0:0:0:1 - - [03/Dec/2020:01:24:35 -0800] "GET /js/pwstrength.js HTTP/1.1" 200 -
0:0:0:0:0:0:0:1 - - [03/Dec/2020:01:24:35 -0800] "GET /js/jquery-1.7.2.js HTTP/1.1" 200 293292
0:0:0:0:0:0:0:1 - - [03/Dec/2020:01:24:35 -0800] "GET /favicon.ico HTTP/1.1" 302 -
0:0:0:0:0:0:0:1 - - [03/Dec/2020:01:24:35 -0800] "GET /login HTTP/1.1" 200 1657
0:0:0:0:0:0:0:1 - - [03/Dec/2020:01:24:42 -0800] "POST /signup HTTP/1.1" 500 18086
0:0:0:0:0:0:0:1 - - [03/Dec/2020:01:24:42 -0800] "GET /favicon.ico HTTP/1.1" 302 -
0:0:0:0:0:0:0:1 - - [03/Dec/2020:01:24:42 -0800] "GET /login HTTP/1.1" 200 1657
192.168.1.200 - - [03/Dec/2020:07:53:58 -0800] "GET / HTTP/1.1" 302 -
192.168.1.200 - - [03/Dec/2020:07:53:58 -0800] "GET /login HTTP/1.1" 200 1657
0:0:0:0:0:0:0:1 - - [03/Dec/2020:07:54:00 -0800] "GET /signup HTTP/1.1" 200 4862
0:0:0:0:0:0:0:1 - - [03/Dec/2020:07:54:00 -0800] "GET /js/pwstrength.js HTTP/1.1" 200 -
0:0:0:0:0:0:0:1 - - [03/Dec/2020:07:54:00 -0800] "GET /js/jquery-1.7.2.js HTTP/1.1" 200 293292
0:0:0:0:0:0:0:1 - - [03/Dec/2020:07:54:00 -0800] "GET /favicon.ico HTTP/1.1" 302 -
0:0:0:0:0:0:0:1 - - [03/Dec/2020:07:54:00 -0800] "GET /login HTTP/1.1" 200 1657
0:0:0:0:0:0:0:1 - - [03/Dec/2020:08:25:49 -0800] "GET /login HTTP/1.1" 200 1657
0:0:0:0:0:0:0:1 - - [03/Dec/2020:08:25:50 -0800] "GET /favicon.ico HTTP/1.1" 302 -
0:0:0:0:0:0:0:1 - - [03/Dec/2020:08:25:50 -0800] "GET /login HTTP/1.1" 200 1657
0:0:0:0:0:0:0:1 - - [03/Dec/2020:08:25:51 -0800] "GET /signup HTTP/1.1" 200 4862
0:0:0:0:0:0:0:1 - - [03/Dec/2020:08:25:51 -0800] "GET /js/pwstrength.js HTTP/1.1" 200 -
0:0:0:0:0:0:0:1 - - [03/Dec/2020:08:25:51 -0800] "GET /js/jquery-1.7.2.js HTTP/1.1" 200 293292
0:0:0:0:0:0:0:1 - - [03/Dec/2020:08:25:51 -0800] "GET /favicon.ico HTTP/1.1" 302 -
0:0:0:0:0:0:0:1 - - [03/Dec/2020:08:25:51 -0800] "GET /login HTTP/1.1" 200 1657
0:0:0:0:0:0:0:1 - - [03/Dec/2020:08:26:00 -0800] "POST /signup HTTP/1.1" 500 19705
0:0:0:0:0:0:0:1 - - [03/Dec/2020:08:26:01 -0800] "GET /favicon.ico HTTP/1.1" 302 -
0:0:0:0:0:0:0:1 - - [03/Dec/2020:08:26:01 -0800] "GET /login HTTP/1.1" 200 1657
0:0:0:0:0:0:0:1 - - [03/Dec/2020:09:00:50 -0800] "GET /signup HTTP/1.1" 200 4862
0:0:0:0:0:0:0:1 - - [03/Dec/2020:09:00:50 -0800] "GET /js/pwstrength.js HTTP/1.1" 200 -
0:0:0:0:0:0:0:1 - - [03/Dec/2020:09:00:50 -0800] "GET /js/jquery-1.7.2.js HTTP/1.1" 200 293292
0:0:0:0:0:0:0:1 - - [03/Dec/2020:09:00:50 -0800] "GET /favicon.ico HTTP/1.1" 302 -
0:0:0:0:0:0:0:1 - - [03/Dec/2020:09:00:50 -0800] "GET /login HTTP/1.1" 200 1657
0:0:0:0:0:0:0:1 - - [03/Dec/2020:09:00:59 -0800] "POST /signup HTTP/1.1" 500 17976
0:0:0:0:0:0:0:1 - - [03/Dec/2020:09:00:59 -0800] "GET /favicon.ico HTTP/1.1" 302 -
0:0:0:0:0:0:0:1 - - [03/Dec/2020:09:00:59 -0800] "GET /login HTTP/1.1" 200 1657
0:0:0:0:0:0:0:1 - - [03/Dec/2020:09:38:45 -0800] "GET /signup HTTP/1.1" 200 4862
0:0:0:0:0:0:0:1 - - [03/Dec/2020:09:38:45 -0800] "GET /js/pwstrength.js HTTP/1.1" 200 -
0:0:0:0:0:0:0:1 - - [03/Dec/2020:09:38:45 -0800] "GET /js/jquery-1.7.2.js HTTP/1.1" 200 293292
0:0:0:0:0:0:0:1 - - [03/Dec/2020:09:38:45 -0800] "GET /favicon.ico HTTP/1.1" 302 -
0:0:0:0:0:0:0:1 - - [03/Dec/2020:09:38:45 -0800] "GET /login HTTP/1.1" 200 1657
0:0:0:0:0:0:0:1 - - [03/Dec/2020:09:38:55 -0800] "POST /signup HTTP/1.1" 500 18086
0:0:0:0:0:0:0:1 - - [03/Dec/2020:09:38:55 -0800] "GET /favicon.ico HTTP/1.1" 302 -
0:0:0:0:0:0:0:1 - - [03/Dec/2020:09:38:55 -0800] "GET /login HTTP/1.1" 200 1657
0:0:0:0:0:0:0:1 - - [03/Dec/2020:09:48:22 -0800] "GET /signup HTTP/1.1" 200 4862
0:0:0:0:0:0:0:1 - - [03/Dec/2020:09:48:22 -0800] "GET /js/pwstrength.js HTTP/1.1" 200 -
0:0:0:0:0:0:0:1 - - [03/Dec/2020:09:48:22 -0800] "GET /js/jquery-1.7.2.js HTTP/1.1" 200 293292
0:0:0:0:0:0:0:1 - - [03/Dec/2020:09:48:22 -0800] "GET /favicon.ico HTTP/1.1" 302 -
0:0:0:0:0:0:0:1 - - [03/Dec/2020:09:48:22 -0800] "GET /login HTTP/1.1" 200 1657
0:0:0:0:0:0:0:1 - - [03/Dec/2020:09:48:31 -0800] "POST /signup HTTP/1.1" 500 17976
0:0:0:0:0:0:0:1 - - [03/Dec/2020:09:48:31 -0800] "GET /favicon.ico HTTP/1.1" 302 -
0:0:0:0:0:0:0:1 - - [03/Dec/2020:09:48:31 -0800] "GET /login HTTP/1.1" 200 1657
0:0:0:0:0:0:0:1 - - [03/Dec/2020:10:19:19 -0800] "GET /login HTTP/1.1" 200 1657
0:0:0:0:0:0:0:1 - - [03/Dec/2020:10:19:19 -0800] "GET /favicon.ico HTTP/1.1" 302 -
0:0:0:0:0:0:0:1 - - [03/Dec/2020:10:19:19 -0800] "GET /login HTTP/1.1" 200 1657
0:0:0:0:0:0:0:1 - - [03/Dec/2020:10:19:20 -0800] "GET /signup HTTP/1.1" 200 4862
0:0:0:0:0:0:0:1 - - [03/Dec/2020:10:19:20 -0800] "GET /js/pwstrength.js HTTP/1.1" 200 -
0:0:0:0:0:0:0:1 - - [03/Dec/2020:10:19:20 -0800] "GET /js/jquery-1.7.2.js HTTP/1.1" 200 293292
0:0:0:0:0:0:0:1 - - [03/Dec/2020:10:19:20 -0800] "GET /favicon.ico HTTP/1.1" 302 -
0:0:0:0:0:0:0:1 - - [03/Dec/2020:10:19:20 -0800] "GET /login HTTP/1.1" 200 1657
0:0:0:0:0:0:0:1 - - [03/Dec/2020:10:19:27 -0800] "POST /signup HTTP/1.1" 500 17976
0:0:0:0:0:0:0:1 - - [03/Dec/2020:10:19:27 -0800] "GET /favicon.ico HTTP/1.1" 302 -
0:0:0:0:0:0:0:1 - - [03/Dec/2020:10:19:27 -0800] "GET /login HTTP/1.1" 200 1657
0:0:0:0:0:0:0:1 - - [03/Dec/2020:10:23:21 -0800] "GET /login HTTP/1.1" 200 1657
0:0:0:0:0:0:0:1 - - [03/Dec/2020:10:23:21 -0800] "GET /favicon.ico HTTP/1.1" 302 -
0:0:0:0:0:0:0:1 - - [03/Dec/2020:10:23:21 -0800] "GET /login HTTP/1.1" 200 1657
0:0:0:0:0:0:0:1 - - [03/Dec/2020:10:23:24 -0800] "GET /signup HTTP/1.1" 200 4862
0:0:0:0:0:0:0:1 - - [03/Dec/2020:10:23:24 -0800] "GET /js/pwstrength.js HTTP/1.1" 200 -
0:0:0:0:0:0:0:1 - - [03/Dec/2020:10:23:24 -0800] "GET /js/jquery-1.7.2.js HTTP/1.1" 200 293292
0:0:0:0:0:0:0:1 - - [03/Dec/2020:10:23:24 -0800] "GET /favicon.ico HTTP/1.1" 302 -
0:0:0:0:0:0:0:1 - - [03/Dec/2020:10:23:24 -0800] "GET /login HTTP/1.1" 200 1657
0:0:0:0:0:0:0:1 - - [03/Dec/2020:10:23:32 -0800] "POST /signup HTTP/1.1" 500 17928
0:0:0:0:0:0:0:1 - - [03/Dec/2020:10:23:32 -0800] "GET /favicon.ico HTTP/1.1" 302 -
0:0:0:0:0:0:0:1 - - [03/Dec/2020:10:23:32 -0800] "GET /login HTTP/1.1" 200 1657
0:0:0:0:0:0:0:1 - - [03/Dec/2020:10:24:44 -0800] "GET /you HTTP/1.1" 302 -
0:0:0:0:0:0:0:1 - - [03/Dec/2020:10:24:44 -0800] "GET /login HTTP/1.1" 200 1657
0:0:0:0:0:0:0:1 - - [03/Dec/2020:10:24:44 -0800] "GET /favicon.ico HTTP/1.1" 302 -
0:0:0:0:0:0:0:1 - - [03/Dec/2020:10:24:44 -0800] "GET /login HTTP/1.1" 200 1657
0:0:0:0:0:0:0:1 - - [03/Dec/2020:10:42:41 -0800] "GET /login HTTP/1.1" 200 1657
0:0:0:0:0:0:0:1 - - [03/Dec/2020:10:42:41 -0800] "GET /favicon.ico HTTP/1.1" 302 -
0:0:0:0:0:0:0:1 - - [03/Dec/2020:10:42:41 -0800] "GET /login HTTP/1.1" 200 1657
0:0:0:0:0:0:0:1 - - [03/Dec/2020:10:42:42 -0800] "GET /signup HTTP/1.1" 200 4862
0:0:0:0:0:0:0:1 - - [03/Dec/2020:10:42:42 -0800] "GET /js/pwstrength.js HTTP/1.1" 200 -
0:0:0:0:0:0:0:1 - - [03/Dec/2020:10:42:42 -0800] "GET /js/jquery-1.7.2.js HTTP/1.1" 200 293292
0:0:0:0:0:0:0:1 - - [03/Dec/2020:10:42:42 -0800] "GET /favicon.ico HTTP/1.1" 302 -
0:0:0:0:0:0:0:1 - - [03/Dec/2020:10:42:42 -0800] "GET /login HTTP/1.1" 200 1657
0:0:0:0:0:0:0:1 - - [03/Dec/2020:10:42:55 -0800] "POST /signup HTTP/1.1" 500 19705
0:0:0:0:0:0:0:1 - - [03/Dec/2020:10:42:55 -0800] "GET /favicon.ico HTTP/1.1" 302 -
0:0:0:0:0:0:0:1 - - [03/Dec/2020:10:42:55 -0800] "GET /login HTTP/1.1" 200 1657
0:0:0:0:0:0:0:1 - - [03/Dec/2020:10:46:50 -0800] "GET /signup HTTP/1.1" 200 4862
0:0:0:0:0:0:0:1 - - [03/Dec/2020:10:46:50 -0800] "GET /js/pwstrength.js HTTP/1.1" 200 -
0:0:0:0:0:0:0:1 - - [03/Dec/2020:10:46:50 -0800] "GET /js/jquery-1.7.2.js HTTP/1.1" 200 293292
0:0:0:0:0:0:0:1 - - [03/Dec/2020:10:46:50 -0800] "GET /favicon.ico HTTP/1.1" 302 -
0:0:0:0:0:0:0:1 - - [03/Dec/2020:10:46:50 -0800] "GET /login HTTP/1.1" 200 1657
0:0:0:0:0:0:0:1 - - [03/Dec/2020:10:46:59 -0800] "POST /signup HTTP/1.1" 500 18085
0:0:0:0:0:0:0:1 - - [03/Dec/2020:10:46:59 -0800] "GET /favicon.ico HTTP/1.1" 302 -
0:0:0:0:0:0:0:1 - - [03/Dec/2020:10:46:59 -0800] "GET /login HTTP/1.1" 200 1657
0:0:0:0:0:0:0:1 - - [03/Dec/2020:11:19:15 -0800] "GET /login HTTP/1.1" 200 1657
0:0:0:0:0:0:0:1 - - [03/Dec/2020:11:19:16 -0800] "GET /favicon.ico HTTP/1.1" 302 -
0:0:0:0:0:0:0:1 - - [03/Dec/2020:11:19:16 -0800] "GET /login HTTP/1.1" 200 1657
0:0:0:0:0:0:0:1 - - [03/Dec/2020:11:19:17 -0800] "GET /signup HTTP/1.1" 200 4862
0:0:0:0:0:0:0:1 - - [03/Dec/2020:11:19:17 -0800] "GET /js/pwstrength.js HTTP/1.1" 200 -
0:0:0:0:0:0:0:1 - - [03/Dec/2020:11:19:17 -0800] "GET /js/jquery-1.7.2.js HTTP/1.1" 200 293292
0:0:0:0:0:0:0:1 - - [03/Dec/2020:11:19:17 -0800] "GET /favicon.ico HTTP/1.1" 302 -
0:0:0:0:0:0:0:1 - - [03/Dec/2020:11:19:17 -0800] "GET /login HTTP/1.1" 200 1657
0:0:0:0:0:0:0:1 - - [03/Dec/2020:11:19:26 -0800] "POST /signup HTTP/1.1" 500 19700
0:0:0:0:0:0:0:1 - - [03/Dec/2020:11:19:26 -0800] "GET /favicon.ico HTTP/1.1" 302 -
0:0:0:0:0:0:0:1 - - [03/Dec/2020:11:19:26 -0800] "GET /login HTTP/1.1" 200 1657
0:0:0:0:0:0:0:1 - - [03/Dec/2020:11:25:10 -0800] "GET /login HTTP/1.1" 200 1657
0:0:0:0:0:0:0:1 - - [03/Dec/2020:11:25:10 -0800] "GET /favicon.ico HTTP/1.1" 302 -
0:0:0:0:0:0:0:1 - - [03/Dec/2020:11:25:10 -0800] "GET /login HTTP/1.1" 200 1657
0:0:0:0:0:0:0:1 - - [03/Dec/2020:11:25:12 -0800] "GET /signup HTTP/1.1" 200 4862
0:0:0:0:0:0:0:1 - - [03/Dec/2020:11:25:12 -0800] "GET /js/jquery-1.7.2.js HTTP/1.1" 200 293292
0:0:0:0:0:0:0:1 - - [03/Dec/2020:11:25:12 -0800] "GET /js/pwstrength.js HTTP/1.1" 200 -
0:0:0:0:0:0:0:1 - - [03/Dec/2020:11:25:12 -0800] "GET /favicon.ico HTTP/1.1" 302 -
0:0:0:0:0:0:0:1 - - [03/Dec/2020:11:25:12 -0800] "GET /login HTTP/1.1" 200 1657
0:0:0:0:0:0:0:1 - - [03/Dec/2020:11:25:19 -0800] "POST /signup HTTP/1.1" 500 19705
0:0:0:0:0:0:0:1 - - [03/Dec/2020:11:25:19 -0800] "GET /favicon.ico HTTP/1.1" 302 -
0:0:0:0:0:0:0:1 - - [03/Dec/2020:11:25:19 -0800] "GET /login HTTP/1.1" 200 1657
0:0:0:0:0:0:0:1 - - [03/Dec/2020:11:37:39 -0800] "GET /signup HTTP/1.1" 200 4862
0:0:0:0:0:0:0:1 - - [03/Dec/2020:11:37:39 -0800] "GET /js/pwstrength.js HTTP/1.1" 200 -
0:0:0:0:0:0:0:1 - - [03/Dec/2020:11:37:39 -0800] "GET /js/jquery-1.7.2.js HTTP/1.1" 200 293292
0:0:0:0:0:0:0:1 - - [03/Dec/2020:11:37:39 -0800] "GET /favicon.ico HTTP/1.1" 302 -
0:0:0:0:0:0:0:1 - - [03/Dec/2020:11:37:39 -0800] "GET /login HTTP/1.1" 200 1657
0:0:0:0:0:0:0:1 - - [03/Dec/2020:11:38:23 -0800] "POST /signup HTTP/1.1" 500 19705
0:0:0:0:0:0:0:1 - - [03/Dec/2020:11:38:23 -0800] "GET /favicon.ico HTTP/1.1" 302 -
0:0:0:0:0:0:0:1 - - [03/Dec/2020:11:38:23 -0800] "GET /login HTTP/1.1" 200 1657
0:0:0:0:0:0:0:1 - - [03/Dec/2020:11:39:44 -0800] "GET /signup HTTP/1.1" 200 4862
0:0:0:0:0:0:0:1 - - [03/Dec/2020:11:39:44 -0800] "GET /js/pwstrength.js HTTP/1.1" 200 -
0:0:0:0:0:0:0:1 - - [03/Dec/2020:11:39:44 -0800] "GET /js/jquery-1.7.2.js HTTP/1.1" 200 293292
0:0:0:0:0:0:0:1 - - [03/Dec/2020:11:39:44 -0800] "GET /favicon.ico HTTP/1.1" 302 -
0:0:0:0:0:0:0:1 - - [03/Dec/2020:11:39:44 -0800] "GET /login HTTP/1.1" 200 1657
0:0:0:0:0:0:0:1 - - [03/Dec/2020:11:39:51 -0800] "POST /signup HTTP/1.1" 500 19705
0:0:0:0:0:0:0:1 - - [03/Dec/2020:11:39:52 -0800] "GET /favicon.ico HTTP/1.1" 302 -
0:0:0:0:0:0:0:1 - - [03/Dec/2020:11:39:52 -0800] "GET /login HTTP/1.1" 200 1657
0:0:0:0:0:0:0:1 - - [03/Dec/2020:12:37:26 -0800] "GET /login HTTP/1.1" 200 1657
0:0:0:0:0:0:0:1 - - [03/Dec/2020:12:37:26 -0800] "GET /favicon.ico HTTP/1.1" 302 -
0:0:0:0:0:0:0:1 - - [03/Dec/2020:12:37:26 -0800] "GET /login HTTP/1.1" 200 1657
0:0:0:0:0:0:0:1 - - [03/Dec/2020:12:37:27 -0800] "GET /signup HTTP/1.1" 200 4862
0:0:0:0:0:0:0:1 - - [03/Dec/2020:12:37:27 -0800] "GET /js/pwstrength.js HTTP/1.1" 200 -
0:0:0:0:0:0:0:1 - - [03/Dec/2020:12:37:27 -0800] "GET /js/jquery-1.7.2.js HTTP/1.1" 200 293292
0:0:0:0:0:0:0:1 - - [03/Dec/2020:12:37:27 -0800] "GET /favicon.ico HTTP/1.1" 302 -
0:0:0:0:0:0:0:1 - - [03/Dec/2020:12:37:27 -0800] "GET /login HTTP/1.1" 200 1657
0:0:0:0:0:0:0:1 - - [03/Dec/2020:12:37:35 -0800] "POST /signup HTTP/1.1" 500 19705
0:0:0:0:0:0:0:1 - - [03/Dec/2020:12:37:35 -0800] "GET /favicon.ico HTTP/1.1" 302 -
0:0:0:0:0:0:0:1 - - [03/Dec/2020:12:37:35 -0800] "GET /login HTTP/1.1" 200 1657
0:0:0:0:0:0:0:1 - - [03/Dec/2020:18:25:48 -0800] "GET /signup HTTP/1.1" 200 4862
0:0:0:0:0:0:0:1 - - [03/Dec/2020:18:25:49 -0800] "GET /js/pwstrength.js HTTP/1.1" 200 -
0:0:0:0:0:0:0:1 - - [03/Dec/2020:18:25:49 -0800] "GET /js/jquery-1.7.2.js HTTP/1.1" 200 293292
0:0:0:0:0:0:0:1 - - [03/Dec/2020:18:25:49 -0800] "GET /favicon.ico HTTP/1.1" 302 -
0:0:0:0:0:0:0:1 - - [03/Dec/2020:18:25:49 -0800] "GET /login HTTP/1.1" 200 1657
0:0:0:0:0:0:0:1 - - [03/Dec/2020:19:00:32 -0800] "GET /signup HTTP/1.1" 200 4862
0:0:0:0:0:0:0:1 - - [03/Dec/2020:19:00:32 -0800] "GET /js/pwstrength.js HTTP/1.1" 200 -
0:0:0:0:0:0:0:1 - - [03/Dec/2020:19:00:32 -0800] "GET /js/jquery-1.7.2.js HTTP/1.1" 200 293292
0:0:0:0:0:0:0:1 - - [03/Dec/2020:19:00:32 -0800] "GET /favicon.ico HTTP/1.1" 302 -
0:0:0:0:0:0:0:1 - - [03/Dec/2020:19:00:32 -0800] "GET /login HTTP/1.1" 200 1657
0:0:0:0:0:0:0:1 - - [03/Dec/2020:19:00:41 -0800] "POST /signup HTTP/1.1" 500 19817
0:0:0:0:0:0:0:1 - - [03/Dec/2020:19:00:42 -0800] "GET /favicon.ico HTTP/1.1" 302 -
0:0:0:0:0:0:0:1 - - [03/Dec/2020:19:00:42 -0800] "GET /login HTTP/1.1" 200 1657
0:0:0:0:0:0:0:1 - - [03/Dec/2020:19:04:44 -0800] "GET /signup HTTP/1.1" 200 4862
0:0:0:0:0:0:0:1 - - [03/Dec/2020:19:04:44 -0800] "GET /js/pwstrength.js HTTP/1.1" 200 -
0:0:0:0:0:0:0:1 - - [03/Dec/2020:19:04:44 -0800] "GET /js/jquery-1.7.2.js HTTP/1.1" 200 293292
0:0:0:0:0:0:0:1 - - [03/Dec/2020:19:04:44 -0800] "GET /favicon.ico HTTP/1.1" 302 -
0:0:0:0:0:0:0:1 - - [03/Dec/2020:19:04:44 -0800] "GET /login HTTP/1.1" 200 1657
0:0:0:0:0:0:0:1 - - [03/Dec/2020:19:04:51 -0800] "POST /signup HTTP/1.1" 500 19708
0:0:0:0:0:0:0:1 - - [03/Dec/2020:19:04:51 -0800] "GET /favicon.ico HTTP/1.1" 302 -
0:0:0:0:0:0:0:1 - - [03/Dec/2020:19:04:51 -0800] "GET /login HTTP/1.1" 200 1657
0:0:0:0:0:0:0:1 - - [03/Dec/2020:19:26:56 -0800] "GET /login HTTP/1.1" 200 1657
0:0:0:0:0:0:0:1 - - [03/Dec/2020:19:26:56 -0800] "GET /favicon.ico HTTP/1.1" 302 -
0:0:0:0:0:0:0:1 - - [03/Dec/2020:19:26:57 -0800] "GET /login HTTP/1.1" 200 1657
0:0:0:0:0:0:0:1 - - [03/Dec/2020:19:26:58 -0800] "GET /signup HTTP/1.1" 200 4862
0:0:0:0:0:0:0:1 - - [03/Dec/2020:19:26:58 -0800] "GET /js/pwstrength.js HTTP/1.1" 200 -
0:0:0:0:0:0:0:1 - - [03/Dec/2020:19:26:58 -0800] "GET /js/jquery-1.7.2.js HTTP/1.1" 200 293292
0:0:0:0:0:0:0:1 - - [03/Dec/2020:19:26:58 -0800] "GET /favicon.ico HTTP/1.1" 302 -
0:0:0:0:0:0:0:1 - - [03/Dec/2020:19:26:58 -0800] "GET /login HTTP/1.1" 200 1657
0:0:0:0:0:0:0:1 - - [03/Dec/2020:19:27:08 -0800] "POST /signup HTTP/1.1" 500 19703
0:0:0:0:0:0:0:1 - - [03/Dec/2020:19:27:08 -0800] "GET /favicon.ico HTTP/1.1" 302 -
0:0:0:0:0:0:0:1 - - [03/Dec/2020:19:27:08 -0800] "GET /login HTTP/1.1" 200 1657
0:0:0:0:0:0:0:1 - - [03/Dec/2020:19:29:46 -0800] "GET /signup HTTP/1.1" 200 4862
0:0:0:0:0:0:0:1 - - [03/Dec/2020:19:29:46 -0800] "GET /js/pwstrength.js HTTP/1.1" 200 -
0:0:0:0:0:0:0:1 - - [03/Dec/2020:19:29:46 -0800] "GET /js/jquery-1.7.2.js HTTP/1.1" 200 293292
0:0:0:0:0:0:0:1 - - [03/Dec/2020:19:29:46 -0800] "GET /favicon.ico HTTP/1.1" 302 -
0:0:0:0:0:0:0:1 - - [03/Dec/2020:19:29:46 -0800] "GET /login HTTP/1.1" 200 1657
0:0:0:0:0:0:0:1 - - [03/Dec/2020:19:30:04 -0800] "POST /signup HTTP/1.1" 302 -
0:0:0:0:0:0:0:1 - - [03/Dec/2020:19:30:04 -0800] "GET /login HTTP/1.1" 200 1740
0:0:0:0:0:0:0:1 - - [03/Dec/2020:19:30:04 -0800] "GET /favicon.ico HTTP/1.1" 302 -
0:0:0:0:0:0:0:1 - - [03/Dec/2020:19:30:04 -0800] "GET /login HTTP/1.1" 200 1657
192.168.1.94 - - [03/Dec/2020:19:33:02 -0800] "GET / HTTP/1.1" 302 -
192.168.1.94 - - [03/Dec/2020:19:33:02 -0800] "GET /login HTTP/1.1" 200 1657
0:0:0:0:0:0:0:1 - - [03/Dec/2020:19:55:15 -0800] "GET /login HTTP/1.1" 200 1657
0:0:0:0:0:0:0:1 - - [03/Dec/2020:19:55:15 -0800] "GET /favicon.ico HTTP/1.1" 302 -
0:0:0:0:0:0:0:1 - - [03/Dec/2020:19:55:15 -0800] "GET /login HTTP/1.1" 200 1657
0:0:0:0:0:0:0:1 - - [03/Dec/2020:19:55:17 -0800] "GET /signup HTTP/1.1" 200 4862
0:0:0:0:0:0:0:1 - - [03/Dec/2020:19:55:17 -0800] "GET /js/pwstrength.js HTTP/1.1" 200 -
0:0:0:0:0:0:0:1 - - [03/Dec/2020:19:55:17 -0800] "GET /js/jquery-1.7.2.js HTTP/1.1" 200 293292
0:0:0:0:0:0:0:1 - - [03/Dec/2020:19:55:17 -0800] "GET /favicon.ico HTTP/1.1" 302 -
0:0:0:0:0:0:0:1 - - [03/Dec/2020:19:55:17 -0800] "GET /login HTTP/1.1" 200 1657
0:0:0:0:0:0:0:1 - - [03/Dec/2020:19:55:23 -0800] "POST /signup HTTP/1.1" 500 16970
0:0:0:0:0:0:0:1 - - [03/Dec/2020:19:55:24 -0800] "GET /favicon.ico HTTP/1.1" 302 -
0:0:0:0:0:0:0:1 - - [03/Dec/2020:19:55:24 -0800] "GET /login HTTP/1.1" 200 1657
0:0:0:0:0:0:0:1 - - [03/Dec/2020:19:56:22 -0800] "GET /signup HTTP/1.1" 200 4862
0:0:0:0:0:0:0:1 - - [03/Dec/2020:19:56:22 -0800] "GET /js/pwstrength.js HTTP/1.1" 200 -
0:0:0:0:0:0:0:1 - - [03/Dec/2020:19:56:22 -0800] "GET /js/jquery-1.7.2.js HTTP/1.1" 200 293292
0:0:0:0:0:0:0:1 - - [03/Dec/2020:19:56:22 -0800] "GET /favicon.ico HTTP/1.1" 302 -
0:0:0:0:0:0:0:1 - - [03/Dec/2020:19:56:22 -0800] "GET /login HTTP/1.1" 200 1657
0:0:0:0:0:0:0:1 - - [03/Dec/2020:19:56:51 -0800] "POST /signup HTTP/1.1" 302 -
0:0:0:0:0:0:0:1 - - [03/Dec/2020:19:56:51 -0800] "GET /login HTTP/1.1" 200 1740
0:0:0:0:0:0:0:1 - - [03/Dec/2020:19:56:51 -0800] "GET /favicon.ico HTTP/1.1" 302 -
0:0:0:0:0:0:0:1 - - [03/Dec/2020:19:56:51 -0800] "GET /login HTTP/1.1" 200 1657
0:0:0:0:0:0:0:1 - - [03/Dec/2020:20:04:17 -0800] "GET /login HTTP/1.1" 200 1657
0:0:0:0:0:0:0:1 - - [03/Dec/2020:20:04:17 -0800] "GET /favicon.ico HTTP/1.1" 302 -
0:0:0:0:0:0:0:1 - - [03/Dec/2020:20:04:17 -0800] "GET /login HTTP/1.1" 200 1657
0:0:0:0:0:0:0:1 - - [03/Dec/2020:20:04:18 -0800] "GET /signup HTTP/1.1" 200 4862
0:0:0:0:0:0:0:1 - - [03/Dec/2020:20:04:18 -0800] "GET /js/pwstrength.js HTTP/1.1" 200 -
0:0:0:0:0:0:0:1 - - [03/Dec/2020:20:04:18 -0800] "GET /js/jquery-1.7.2.js HTTP/1.1" 200 293292
0:0:0:0:0:0:0:1 - - [03/Dec/2020:20:04:18 -0800] "GET /favicon.ico HTTP/1.1" 302 -
0:0:0:0:0:0:0:1 - - [03/Dec/2020:20:04:18 -0800] "GET /login HTTP/1.1" 200 1657
0:0:0:0:0:0:0:1 - - [03/Dec/2020:20:04:24 -0800] "POST /signup HTTP/1.1" 500 19711
0:0:0:0:0:0:0:1 - - [03/Dec/2020:20:04:25 -0800] "GET /favicon.ico HTTP/1.1" 302 -
0:0:0:0:0:0:0:1 - - [03/Dec/2020:20:04:25 -0800] "GET /login HTTP/1.1" 200 1657
