192.168.1.200 - - [02/Dec/2020:03:10:58 -0800] "GET / HTTP/1.1" 302 -
192.168.1.200 - - [02/Dec/2020:03:10:58 -0800] "GET /login HTTP/1.1" 200 1657
192.168.1.235 - - [02/Dec/2020:20:32:39 -0800] "GET / HTTP/1.1" 302 -
0:0:0:0:0:0:0:1 - - [02/Dec/2020:20:34:57 -0800] "GET /login HTTP/1.1" 200 1657
0:0:0:0:0:0:0:1 - - [02/Dec/2020:20:35:11 -0800] "GET /login HTTP/1.1" 200 1657
0:0:0:0:0:0:0:1 - - [02/Dec/2020:20:36:00 -0800] "GET /login HTTP/1.1" 200 1657
0:0:0:0:0:0:0:1 - - [02/Dec/2020:20:36:07 -0800] "GET /login HTTP/1.1" 200 1657
0:0:0:0:0:0:0:1 - - [02/Dec/2020:20:41:53 -0800] "GET /login HTTP/1.1" 200 1657
0:0:0:0:0:0:0:1 - - [02/Dec/2020:20:56:02 -0800] "GET /forgetPassword HTTP/1.1" 200 1885
0:0:0:0:0:0:0:1 - - [02/Dec/2020:20:56:02 -0800] "GET /js/pwstrength.js HTTP/1.1" 200 -
0:0:0:0:0:0:0:1 - - [02/Dec/2020:20:56:02 -0800] "GET /js/jquery-1.7.2.js HTTP/1.1" 200 293292
0:0:0:0:0:0:0:1 - - [02/Dec/2020:21:39:55 -0800] "GET /login HTTP/1.1" 200 1657
0:0:0:0:0:0:0:1 - - [02/Dec/2020:21:51:59 -0800] "GET /login HTTP/1.1" 200 1657
0:0:0:0:0:0:0:1 - - [02/Dec/2020:21:59:35 -0800] "GET /login HTTP/1.1" 200 1657
0:0:0:0:0:0:0:1 - - [02/Dec/2020:21:59:36 -0800] "GET /login HTTP/1.1" 200 1657
0:0:0:0:0:0:0:1 - - [02/Dec/2020:21:59:40 -0800] "GET /login HTTP/1.1" 200 1657
0:0:0:0:0:0:0:1 - - [02/Dec/2020:22:02:38 -0800] "GET /login HTTP/1.1" 200 1657
0:0:0:0:0:0:0:1 - - [02/Dec/2020:22:02:40 -0800] "GET /login HTTP/1.1" 200 1657
0:0:0:0:0:0:0:1 - - [02/Dec/2020:22:02:44 -0800] "GET /login HTTP/1.1" 200 1657
0:0:0:0:0:0:0:1 - - [02/Dec/2020:22:06:14 -0800] "GET /login HTTP/1.1" 200 1657
0:0:0:0:0:0:0:1 - - [02/Dec/2020:22:06:17 -0800] "GET /favicon.ico HTTP/1.1" 302 -
0:0:0:0:0:0:0:1 - - [02/Dec/2020:22:06:17 -0800] "GET /login HTTP/1.1" 200 1657
0:0:0:0:0:0:0:1 - - [02/Dec/2020:22:07:02 -0800] "GET /login HTTP/1.1" 200 1657
0:0:0:0:0:0:0:1 - - [02/Dec/2020:22:07:02 -0800] "GET /favicon.ico HTTP/1.1" 302 -
0:0:0:0:0:0:0:1 - - [02/Dec/2020:22:07:02 -0800] "GET /login HTTP/1.1" 200 1657
0:0:0:0:0:0:0:1 - - [02/Dec/2020:23:10:42 -0800] "GET /login HTTP/1.1" 200 1657
0:0:0:0:0:0:0:1 - - [02/Dec/2020:23:10:42 -0800] "GET /favicon.ico HTTP/1.1" 302 -
0:0:0:0:0:0:0:1 - - [02/Dec/2020:23:10:42 -0800] "GET /login HTTP/1.1" 200 1657
0:0:0:0:0:0:0:1 - - [02/Dec/2020:23:10:47 -0800] "GET /signup HTTP/1.1" 200 4862
0:0:0:0:0:0:0:1 - - [02/Dec/2020:23:10:47 -0800] "GET /js/pwstrength.js HTTP/1.1" 200 -
0:0:0:0:0:0:0:1 - - [02/Dec/2020:23:10:47 -0800] "GET /js/jquery-1.7.2.js HTTP/1.1" 200 293292
0:0:0:0:0:0:0:1 - - [02/Dec/2020:23:10:47 -0800] "GET /favicon.ico HTTP/1.1" 302 -
0:0:0:0:0:0:0:1 - - [02/Dec/2020:23:10:47 -0800] "GET /login HTTP/1.1" 200 1657
0:0:0:0:0:0:0:1 - - [02/Dec/2020:23:46:31 -0800] "GET /signup HTTP/1.1" 200 4862
0:0:0:0:0:0:0:1 - - [02/Dec/2020:23:46:31 -0800] "GET /js/pwstrength.js HTTP/1.1" 200 -
0:0:0:0:0:0:0:1 - - [02/Dec/2020:23:46:31 -0800] "GET /js/jquery-1.7.2.js HTTP/1.1" 200 293292
0:0:0:0:0:0:0:1 - - [02/Dec/2020:23:46:31 -0800] "GET /favicon.ico HTTP/1.1" 302 -
0:0:0:0:0:0:0:1 - - [02/Dec/2020:23:46:32 -0800] "GET /login HTTP/1.1" 200 1657
0:0:0:0:0:0:0:1 - - [02/Dec/2020:23:46:55 -0800] "POST /signup HTTP/1.1" 302 -
0:0:0:0:0:0:0:1 - - [02/Dec/2020:23:46:55 -0800] "GET /login HTTP/1.1" 200 1740
0:0:0:0:0:0:0:1 - - [02/Dec/2020:23:46:55 -0800] "GET /favicon.ico HTTP/1.1" 302 -
0:0:0:0:0:0:0:1 - - [02/Dec/2020:23:46:55 -0800] "GET /login HTTP/1.1" 200 1657
0:0:0:0:0:0:0:1 - - [02/Dec/2020:23:52:13 -0800] "GET /login HTTP/1.1" 200 1657
0:0:0:0:0:0:0:1 - - [02/Dec/2020:23:52:14 -0800] "GET /favicon.ico HTTP/1.1" 302 -
0:0:0:0:0:0:0:1 - - [02/Dec/2020:23:52:14 -0800] "GET /login HTTP/1.1" 200 1657
0:0:0:0:0:0:0:1 - - [02/Dec/2020:23:52:16 -0800] "GET /signup HTTP/1.1" 200 4862
0:0:0:0:0:0:0:1 - - [02/Dec/2020:23:52:16 -0800] "GET /js/pwstrength.js HTTP/1.1" 200 -
0:0:0:0:0:0:0:1 - - [02/Dec/2020:23:52:16 -0800] "GET /js/jquery-1.7.2.js HTTP/1.1" 200 293292
0:0:0:0:0:0:0:1 - - [02/Dec/2020:23:52:16 -0800] "GET /favicon.ico HTTP/1.1" 302 -
0:0:0:0:0:0:0:1 - - [02/Dec/2020:23:52:16 -0800] "GET /login HTTP/1.1" 200 1657
0:0:0:0:0:0:0:1 - - [02/Dec/2020:23:53:00 -0800] "POST /signup HTTP/1.1" 302 -
0:0:0:0:0:0:0:1 - - [02/Dec/2020:23:53:00 -0800] "GET /login HTTP/1.1" 200 1740
0:0:0:0:0:0:0:1 - - [02/Dec/2020:23:53:00 -0800] "GET /favicon.ico HTTP/1.1" 302 -
0:0:0:0:0:0:0:1 - - [02/Dec/2020:23:53:00 -0800] "GET /login HTTP/1.1" 200 1657
0:0:0:0:0:0:0:1 - - [02/Dec/2020:23:55:05 -0800] "GET /login HTTP/1.1" 200 1657
0:0:0:0:0:0:0:1 - - [02/Dec/2020:23:55:05 -0800] "GET /favicon.ico HTTP/1.1" 302 -
0:0:0:0:0:0:0:1 - - [02/Dec/2020:23:55:05 -0800] "GET /login HTTP/1.1" 200 1657
0:0:0:0:0:0:0:1 - - [02/Dec/2020:23:55:06 -0800] "GET /signup HTTP/1.1" 200 4862
0:0:0:0:0:0:0:1 - - [02/Dec/2020:23:55:07 -0800] "GET /js/pwstrength.js HTTP/1.1" 200 -
0:0:0:0:0:0:0:1 - - [02/Dec/2020:23:55:07 -0800] "GET /js/jquery-1.7.2.js HTTP/1.1" 200 293292
0:0:0:0:0:0:0:1 - - [02/Dec/2020:23:55:07 -0800] "GET /favicon.ico HTTP/1.1" 302 -
0:0:0:0:0:0:0:1 - - [02/Dec/2020:23:55:07 -0800] "GET /login HTTP/1.1" 200 1657
0:0:0:0:0:0:0:1 - - [02/Dec/2020:23:55:16 -0800] "POST /signup HTTP/1.1" 200 5101
0:0:0:0:0:0:0:1 - - [02/Dec/2020:23:55:16 -0800] "GET /js/pwstrength.js HTTP/1.1" 200 -
0:0:0:0:0:0:0:1 - - [02/Dec/2020:23:55:16 -0800] "GET /js/jquery-1.7.2.js HTTP/1.1" 200 293292
0:0:0:0:0:0:0:1 - - [02/Dec/2020:23:55:16 -0800] "GET /favicon.ico HTTP/1.1" 302 -
0:0:0:0:0:0:0:1 - - [02/Dec/2020:23:55:16 -0800] "GET /login HTTP/1.1" 200 1657
0:0:0:0:0:0:0:1 - - [02/Dec/2020:23:55:26 -0800] "POST /signup HTTP/1.1" 500 19705
0:0:0:0:0:0:0:1 - - [02/Dec/2020:23:55:26 -0800] "GET /favicon.ico HTTP/1.1" 302 -
0:0:0:0:0:0:0:1 - - [02/Dec/2020:23:55:26 -0800] "GET /login HTTP/1.1" 200 1657
0:0:0:0:0:0:0:1 - - [02/Dec/2020:23:55:29 -0800] "GET /signup HTTP/1.1" 200 4862
0:0:0:0:0:0:0:1 - - [02/Dec/2020:23:55:29 -0800] "GET /js/pwstrength.js HTTP/1.1" 200 -
0:0:0:0:0:0:0:1 - - [02/Dec/2020:23:55:29 -0800] "GET /js/jquery-1.7.2.js HTTP/1.1" 200 293292
0:0:0:0:0:0:0:1 - - [02/Dec/2020:23:55:30 -0800] "GET /favicon.ico HTTP/1.1" 302 -
0:0:0:0:0:0:0:1 - - [02/Dec/2020:23:55:30 -0800] "GET /login HTTP/1.1" 200 1657
0:0:0:0:0:0:0:1 - - [02/Dec/2020:23:55:41 -0800] "POST /signup HTTP/1.1" 500 19705
0:0:0:0:0:0:0:1 - - [02/Dec/2020:23:55:41 -0800] "GET /favicon.ico HTTP/1.1" 302 -
0:0:0:0:0:0:0:1 - - [02/Dec/2020:23:55:41 -0800] "GET /login HTTP/1.1" 200 1657
0:0:0:0:0:0:0:1 - - [02/Dec/2020:23:57:35 -0800] "GET /signup HTTP/1.1" 200 4862
0:0:0:0:0:0:0:1 - - [02/Dec/2020:23:57:35 -0800] "GET /js/pwstrength.js HTTP/1.1" 200 -
0:0:0:0:0:0:0:1 - - [02/Dec/2020:23:57:35 -0800] "GET /js/jquery-1.7.2.js HTTP/1.1" 200 293292
0:0:0:0:0:0:0:1 - - [02/Dec/2020:23:57:35 -0800] "GET /favicon.ico HTTP/1.1" 302 -
0:0:0:0:0:0:0:1 - - [02/Dec/2020:23:57:35 -0800] "GET /login HTTP/1.1" 200 1657
0:0:0:0:0:0:0:1 - - [02/Dec/2020:23:57:43 -0800] "POST /signup HTTP/1.1" 500 19705
0:0:0:0:0:0:0:1 - - [02/Dec/2020:23:57:43 -0800] "GET /favicon.ico HTTP/1.1" 302 -
0:0:0:0:0:0:0:1 - - [02/Dec/2020:23:57:43 -0800] "GET /login HTTP/1.1" 200 1657
0:0:0:0:0:0:0:1 - - [02/Dec/2020:23:58:12 -0800] "GET /signup HTTP/1.1" 200 4862
0:0:0:0:0:0:0:1 - - [02/Dec/2020:23:58:12 -0800] "GET /js/pwstrength.js HTTP/1.1" 200 -
0:0:0:0:0:0:0:1 - - [02/Dec/2020:23:58:12 -0800] "GET /js/jquery-1.7.2.js HTTP/1.1" 200 293292
0:0:0:0:0:0:0:1 - - [02/Dec/2020:23:58:12 -0800] "GET /favicon.ico HTTP/1.1" 302 -
0:0:0:0:0:0:0:1 - - [02/Dec/2020:23:58:12 -0800] "GET /login HTTP/1.1" 200 1657
0:0:0:0:0:0:0:1 - - [02/Dec/2020:23:58:33 -0800] "POST /signup HTTP/1.1" 302 -
0:0:0:0:0:0:0:1 - - [02/Dec/2020:23:58:33 -0800] "GET /login HTTP/1.1" 200 1740
0:0:0:0:0:0:0:1 - - [02/Dec/2020:23:58:33 -0800] "GET /favicon.ico HTTP/1.1" 302 -
0:0:0:0:0:0:0:1 - - [02/Dec/2020:23:58:33 -0800] "GET /login HTTP/1.1" 200 1657
