0:0:0:0:0:0:0:1 - - [22/Sep/2020:17:24:42 -0700] "GET / HTTP/1.1" 302 -
0:0:0:0:0:0:0:1 - - [22/Sep/2020:17:24:42 -0700] "GET /login HTTP/1.1" 200 1343
0:0:0:0:0:0:0:1 - - [22/Sep/2020:17:24:42 -0700] "GET /favicon.ico HTTP/1.1" 302 -
0:0:0:0:0:0:0:1 - - [22/Sep/2020:17:24:42 -0700] "GET /login HTTP/1.1" 200 1343
0:0:0:0:0:0:0:1 - - [22/Sep/2020:17:24:48 -0700] "GET /signup HTTP/1.1" 200 2534
0:0:0:0:0:0:0:1 - - [22/Sep/2020:17:24:48 -0700] "GET /js/pwstrength.js HTTP/1.1" 200 10303
0:0:0:0:0:0:0:1 - - [22/Sep/2020:17:24:48 -0700] "GET /js/jquery-1.7.2.js HTTP/1.1" 200 274484
0:0:0:0:0:0:0:1 - - [22/Sep/2020:17:24:48 -0700] "GET /favicon.ico HTTP/1.1" 302 -
0:0:0:0:0:0:0:1 - - [22/Sep/2020:17:24:48 -0700] "GET /login HTTP/1.1" 200 1343
0:0:0:0:0:0:0:1 - - [22/Sep/2020:17:24:58 -0700] "POST /user/register HTTP/1.1" 500 15289
0:0:0:0:0:0:0:1 - - [22/Sep/2020:17:24:58 -0700] "GET /favicon.ico HTTP/1.1" 302 -
0:0:0:0:0:0:0:1 - - [22/Sep/2020:17:24:59 -0700] "GET /login HTTP/1.1" 200 1343
0:0:0:0:0:0:0:1 - - [22/Sep/2020:18:45:35 -0700] "GET / HTTP/1.1" 302 -
0:0:0:0:0:0:0:1 - - [22/Sep/2020:18:45:35 -0700] "GET /login HTTP/1.1" 200 1343
0:0:0:0:0:0:0:1 - - [22/Sep/2020:18:45:35 -0700] "GET /favicon.ico HTTP/1.1" 302 -
0:0:0:0:0:0:0:1 - - [22/Sep/2020:18:45:35 -0700] "GET /login HTTP/1.1" 200 1343
0:0:0:0:0:0:0:1 - - [22/Sep/2020:18:45:40 -0700] "GET /signup HTTP/1.1" 200 2534
0:0:0:0:0:0:0:1 - - [22/Sep/2020:18:45:40 -0700] "GET /js/pwstrength.js HTTP/1.1" 200 10303
0:0:0:0:0:0:0:1 - - [22/Sep/2020:18:45:40 -0700] "GET /js/jquery-1.7.2.js HTTP/1.1" 200 274484
0:0:0:0:0:0:0:1 - - [22/Sep/2020:18:45:40 -0700] "GET /favicon.ico HTTP/1.1" 302 -
0:0:0:0:0:0:0:1 - - [22/Sep/2020:18:45:40 -0700] "GET /login HTTP/1.1" 200 1343
0:0:0:0:0:0:0:1 - - [22/Sep/2020:18:45:41 -0700] "GET /login HTTP/1.1" 200 1343
0:0:0:0:0:0:0:1 - - [22/Sep/2020:18:45:41 -0700] "GET /favicon.ico HTTP/1.1" 302 -
0:0:0:0:0:0:0:1 - - [22/Sep/2020:18:45:41 -0700] "GET /login HTTP/1.1" 200 1343
0:0:0:0:0:0:0:1 - - [22/Sep/2020:18:45:47 -0700] "GET /signup HTTP/1.1" 200 2534
0:0:0:0:0:0:0:1 - - [22/Sep/2020:18:45:47 -0700] "GET /js/pwstrength.js HTTP/1.1" 200 10303
0:0:0:0:0:0:0:1 - - [22/Sep/2020:18:45:47 -0700] "GET /js/jquery-1.7.2.js HTTP/1.1" 200 274484
0:0:0:0:0:0:0:1 - - [22/Sep/2020:18:45:47 -0700] "GET /favicon.ico HTTP/1.1" 302 -
0:0:0:0:0:0:0:1 - - [22/Sep/2020:18:45:47 -0700] "GET /login HTTP/1.1" 200 1343
0:0:0:0:0:0:0:1 - - [22/Sep/2020:18:46:11 -0700] "POST /user/register HTTP/1.1" 302 -
0:0:0:0:0:0:0:1 - - [22/Sep/2020:18:46:11 -0700] "GET /login HTTP/1.1" 200 1429
0:0:0:0:0:0:0:1 - - [22/Sep/2020:18:46:11 -0700] "GET /favicon.ico HTTP/1.1" 302 -
0:0:0:0:0:0:0:1 - - [22/Sep/2020:18:46:11 -0700] "GET /login HTTP/1.1" 200 1343
0:0:0:0:0:0:0:1 - - [22/Sep/2020:18:46:41 -0700] "GET /registrationConfirm?token=ca43ed96-ba7a-4140-a71a-2a9c8230c43a HTTP/1.1" 302 -
0:0:0:0:0:0:0:1 - - [22/Sep/2020:18:46:41 -0700] "GET /login HTTP/1.1" 200 1416
0:0:0:0:0:0:0:1 - - [22/Sep/2020:18:46:41 -0700] "GET /favicon.ico HTTP/1.1" 302 -
0:0:0:0:0:0:0:1 - - [22/Sep/2020:18:46:41 -0700] "GET /login HTTP/1.1" 200 1343
0:0:0:0:0:0:0:1 - - [22/Sep/2020:18:46:54 -0700] "POST /doLogin HTTP/1.1" 302 -
0:0:0:0:0:0:0:1 - - [22/Sep/2020:18:46:54 -0700] "GET / HTTP/1.1" 302 -
0:0:0:0:0:0:0:1 - - [22/Sep/2020:18:46:54 -0700] "GET /user HTTP/1.1" 200 1345
0:0:0:0:0:0:0:1 - - [22/Sep/2020:18:46:54 -0700] "GET /favicon.ico HTTP/1.1" 200 1150
0:0:0:0:0:0:0:1 - - [22/Sep/2020:19:07:54 -0700] "GET / HTTP/1.1" 302 -
0:0:0:0:0:0:0:1 - - [22/Sep/2020:19:07:54 -0700] "GET /user HTTP/1.1" 200 1345
0:0:0:0:0:0:0:1 - - [22/Sep/2020:19:07:54 -0700] "GET / HTTP/1.1" 302 -
0:0:0:0:0:0:0:1 - - [22/Sep/2020:19:07:54 -0700] "GET /user HTTP/1.1" 200 1345
0:0:0:0:0:0:0:1 - - [22/Sep/2020:19:08:00 -0700] "GET /logout HTTP/1.1" 302 -
0:0:0:0:0:0:0:1 - - [22/Sep/2020:19:08:00 -0700] "GET /login?logout HTTP/1.1" 200 1407
0:0:0:0:0:0:0:1 - - [22/Sep/2020:19:08:10 -0700] "POST /doLogin HTTP/1.1" 302 -
0:0:0:0:0:0:0:1 - - [22/Sep/2020:19:08:10 -0700] "GET / HTTP/1.1" 302 -
0:0:0:0:0:0:0:1 - - [22/Sep/2020:19:08:10 -0700] "GET /user HTTP/1.1" 200 1345
0:0:0:0:0:0:0:1 - - [22/Sep/2020:19:08:18 -0700] "GET /logout HTTP/1.1" 302 -
0:0:0:0:0:0:0:1 - - [22/Sep/2020:19:08:18 -0700] "GET /login?logout HTTP/1.1" 200 1407
0:0:0:0:0:0:0:1 - - [22/Sep/2020:19:34:27 -0700] "GET / HTTP/1.1" 302 -
0:0:0:0:0:0:0:1 - - [22/Sep/2020:19:34:27 -0700] "GET /login HTTP/1.1" 200 1343
0:0:0:0:0:0:0:1 - - [22/Sep/2020:19:34:28 -0700] "GET / HTTP/1.1" 302 -
0:0:0:0:0:0:0:1 - - [22/Sep/2020:19:34:28 -0700] "GET /login HTTP/1.1" 200 1343
0:0:0:0:0:0:0:1 - - [22/Sep/2020:22:41:07 -0700] "GET /login HTTP/1.1" 200 1345
0:0:0:0:0:0:0:1 - - [22/Sep/2020:22:41:09 -0700] "GET /signup HTTP/1.1" 200 2534
0:0:0:0:0:0:0:1 - - [22/Sep/2020:22:41:09 -0700] "GET /js/pwstrength.js HTTP/1.1" 200 10303
0:0:0:0:0:0:0:1 - - [22/Sep/2020:22:41:09 -0700] "GET /js/jquery-1.7.2.js HTTP/1.1" 200 274484
0:0:0:0:0:0:0:1 - - [22/Sep/2020:22:41:24 -0700] "POST /user/register HTTP/1.1" 500 16723
0:0:0:0:0:0:0:1 - - [22/Sep/2020:22:41:30 -0700] "GET /signup HTTP/1.1" 200 2534
0:0:0:0:0:0:0:1 - - [22/Sep/2020:22:42:32 -0700] "GET / HTTP/1.1" 302 -
0:0:0:0:0:0:0:1 - - [22/Sep/2020:22:42:32 -0700] "GET / HTTP/1.1" 302 -
0:0:0:0:0:0:0:1 - - [22/Sep/2020:22:42:33 -0700] "GET /login HTTP/1.1" 200 1345
0:0:0:0:0:0:0:1 - - [22/Sep/2020:22:42:33 -0700] "GET /login HTTP/1.1" 200 1345
0:0:0:0:0:0:0:1 - - [22/Sep/2020:22:42:37 -0700] "GET /signup HTTP/1.1" 200 2534
0:0:0:0:0:0:0:1 - - [22/Sep/2020:22:42:37 -0700] "GET /js/pwstrength.js HTTP/1.1" 200 10303
0:0:0:0:0:0:0:1 - - [22/Sep/2020:22:42:37 -0700] "GET /js/jquery-1.7.2.js HTTP/1.1" 200 274484
0:0:0:0:0:0:0:1 - - [22/Sep/2020:22:42:47 -0700] "POST /user/register HTTP/1.1" 302 -
0:0:0:0:0:0:0:1 - - [22/Sep/2020:22:42:47 -0700] "GET /login HTTP/1.1" 200 1431
0:0:0:0:0:0:0:1 - - [22/Sep/2020:22:42:56 -0700] "GET /registrationConfirm?token=6101b152-0562-4fbe-9c0c-8a4594a6715f HTTP/1.1" 302 -
0:0:0:0:0:0:0:1 - - [22/Sep/2020:22:42:56 -0700] "GET /login HTTP/1.1" 200 1418
0:0:0:0:0:0:0:1 - - [22/Sep/2020:22:43:02 -0700] "POST /doLogin HTTP/1.1" 302 -
0:0:0:0:0:0:0:1 - - [22/Sep/2020:22:43:02 -0700] "GET /login HTTP/1.1" 200 1345
0:0:0:0:0:0:0:1 - - [22/Sep/2020:23:14:04 -0700] "GET / HTTP/1.1" 302 -
0:0:0:0:0:0:0:1 - - [22/Sep/2020:23:14:04 -0700] "GET / HTTP/1.1" 302 -
0:0:0:0:0:0:0:1 - - [22/Sep/2020:23:14:04 -0700] "GET /login HTTP/1.1" 200 1345
0:0:0:0:0:0:0:1 - - [22/Sep/2020:23:14:04 -0700] "GET /login HTTP/1.1" 200 1345
0:0:0:0:0:0:0:1 - - [22/Sep/2020:23:14:05 -0700] "GET /signup HTTP/1.1" 200 2534
0:0:0:0:0:0:0:1 - - [22/Sep/2020:23:14:05 -0700] "GET /js/pwstrength.js HTTP/1.1" 200 10303
0:0:0:0:0:0:0:1 - - [22/Sep/2020:23:14:05 -0700] "GET /js/jquery-1.7.2.js HTTP/1.1" 200 274484
0:0:0:0:0:0:0:1 - - [22/Sep/2020:23:14:18 -0700] "POST /user/register HTTP/1.1" 302 -
0:0:0:0:0:0:0:1 - - [22/Sep/2020:23:14:18 -0700] "GET /login HTTP/1.1" 200 1431
0:0:0:0:0:0:0:1 - - [22/Sep/2020:23:14:44 -0700] "GET /registrationConfirm?token=341e4ed7-258e-41fe-9ae0-0a9346ef65d7 HTTP/1.1" 302 -
0:0:0:0:0:0:0:1 - - [22/Sep/2020:23:14:44 -0700] "GET /login HTTP/1.1" 200 1418
0:0:0:0:0:0:0:1 - - [22/Sep/2020:23:14:56 -0700] "POST /doLogin HTTP/1.1" 302 -
0:0:0:0:0:0:0:1 - - [22/Sep/2020:23:14:56 -0700] "GET / HTTP/1.1" 302 -
0:0:0:0:0:0:0:1 - - [22/Sep/2020:23:14:57 -0700] "GET /user HTTP/1.1" 200 1346
