0:0:0:0:0:0:0:1 - - [13/Oct/2020:14:31:41 -0700] "GET /login HTTP/1.1" 200 1655
0:0:0:0:0:0:0:1 - - [13/Oct/2020:14:31:41 -0700] "GET /login HTTP/1.1" 200 1655
0:0:0:0:0:0:0:1 - - [13/Oct/2020:14:31:46 -0700] "POST /doLogin HTTP/1.1" 302 -
0:0:0:0:0:0:0:1 - - [13/Oct/2020:14:31:46 -0700] "GET /loginFailed HTTP/1.1" 302 -
0:0:0:0:0:0:0:1 - - [13/Oct/2020:14:31:46 -0700] "GET /login HTTP/1.1" 200 1655
0:0:0:0:0:0:0:1 - - [13/Oct/2020:14:31:54 -0700] "POST /doLogin HTTP/1.1" 302 -
0:0:0:0:0:0:0:1 - - [13/Oct/2020:14:31:54 -0700] "GET /loginFailed HTTP/1.1" 302 -
0:0:0:0:0:0:0:1 - - [13/Oct/2020:14:31:54 -0700] "GET /login HTTP/1.1" 200 1655
0:0:0:0:0:0:0:1 - - [13/Oct/2020:14:32:13 -0700] "POST /doLogin HTTP/1.1" 302 -
0:0:0:0:0:0:0:1 - - [13/Oct/2020:14:32:13 -0700] "GET /loginFailed HTTP/1.1" 302 -
0:0:0:0:0:0:0:1 - - [13/Oct/2020:14:32:13 -0700] "GET /login HTTP/1.1" 200 1655
0:0:0:0:0:0:0:1 - - [13/Oct/2020:14:32:18 -0700] "POST /doLogin HTTP/1.1" 302 -
0:0:0:0:0:0:0:1 - - [13/Oct/2020:14:32:18 -0700] "GET /loginFailed HTTP/1.1" 302 -
0:0:0:0:0:0:0:1 - - [13/Oct/2020:14:32:18 -0700] "GET /login HTTP/1.1" 200 1655
0:0:0:0:0:0:0:1 - - [13/Oct/2020:14:32:24 -0700] "POST /doLogin HTTP/1.1" 302 -
0:0:0:0:0:0:0:1 - - [13/Oct/2020:14:32:24 -0700] "GET /loginFailed HTTP/1.1" 302 -
0:0:0:0:0:0:0:1 - - [13/Oct/2020:14:32:24 -0700] "GET /login HTTP/1.1" 200 1655
0:0:0:0:0:0:0:1 - - [13/Oct/2020:14:32:50 -0700] "POST /doLogin HTTP/1.1" 302 -
0:0:0:0:0:0:0:1 - - [13/Oct/2020:14:32:50 -0700] "GET /loginSuccessful HTTP/1.1" 200 634
0:0:0:0:0:0:0:1 - - [13/Oct/2020:14:32:52 -0700] "GET /searchCourses HTTP/1.1" 200 541
0:0:0:0:0:0:0:1 - - [13/Oct/2020:14:32:54 -0700] "POST /searchCoursesByTitle HTTP/1.1" 302 -
0:0:0:0:0:0:0:1 - - [13/Oct/2020:14:32:54 -0700] "GET /loginSuccessful HTTP/1.1" 200 634
0:0:0:0:0:0:0:1 - - [13/Oct/2020:14:32:57 -0700] "GET /searchCourses HTTP/1.1" 200 541
0:0:0:0:0:0:0:1 - - [13/Oct/2020:14:33:00 -0700] "POST /searchCoursesByTitle HTTP/1.1" 302 -
0:0:0:0:0:0:0:1 - - [13/Oct/2020:14:33:00 -0700] "GET /loginSuccessful HTTP/1.1" 200 634
0:0:0:0:0:0:0:1 - - [13/Oct/2020:14:33:02 -0700] "GET /searchCourses HTTP/1.1" 200 541
0:0:0:0:0:0:0:1 - - [13/Oct/2020:14:34:12 -0700] "GET /login HTTP/1.1" 200 1655
0:0:0:0:0:0:0:1 - - [13/Oct/2020:14:34:17 -0700] "POST /doLogin HTTP/1.1" 302 -
0:0:0:0:0:0:0:1 - - [13/Oct/2020:14:34:17 -0700] "GET /loginSuccessful HTTP/1.1" 200 634
0:0:0:0:0:0:0:1 - - [13/Oct/2020:14:34:19 -0700] "GET /searchCourses HTTP/1.1" 200 541
0:0:0:0:0:0:0:1 - - [13/Oct/2020:14:34:20 -0700] "POST /searchCoursesByTitle HTTP/1.1" 302 -
0:0:0:0:0:0:0:1 - - [13/Oct/2020:14:34:20 -0700] "GET /loginSuccessful HTTP/1.1" 200 634
0:0:0:0:0:0:0:1 - - [13/Oct/2020:14:35:18 -0700] "GET /login HTTP/1.1" 200 1655
0:0:0:0:0:0:0:1 - - [13/Oct/2020:14:35:22 -0700] "POST /doLogin HTTP/1.1" 302 -
0:0:0:0:0:0:0:1 - - [13/Oct/2020:14:35:22 -0700] "GET /loginSuccessful HTTP/1.1" 200 634
0:0:0:0:0:0:0:1 - - [13/Oct/2020:14:35:24 -0700] "GET /searchCourses HTTP/1.1" 200 547
0:0:0:0:0:0:0:1 - - [13/Oct/2020:14:35:25 -0700] "POST /searchCoursesByTitle HTTP/1.1" 200 621
0:0:0:0:0:0:0:1 - - [13/Oct/2020:14:35:28 -0700] "GET /searchCourses HTTP/1.1" 200 547
0:0:0:0:0:0:0:1 - - [13/Oct/2020:14:35:31 -0700] "POST /searchCoursesByTitle HTTP/1.1" 200 621
0:0:0:0:0:0:0:1 - - [13/Oct/2020:14:36:31 -0700] "GET /login HTTP/1.1" 200 1655
0:0:0:0:0:0:0:1 - - [13/Oct/2020:14:36:35 -0700] "POST /doLogin HTTP/1.1" 302 -
0:0:0:0:0:0:0:1 - - [13/Oct/2020:14:36:35 -0700] "GET /loginSuccessful HTTP/1.1" 200 634
0:0:0:0:0:0:0:1 - - [13/Oct/2020:14:36:37 -0700] "GET /searchCourses HTTP/1.1" 200 546
0:0:0:0:0:0:0:1 - - [13/Oct/2020:14:36:38 -0700] "GET /searchCoursesByTitle?title=COMSC-75 HTTP/1.1" 200 621
0:0:0:0:0:0:0:1 - - [13/Oct/2020:14:36:50 -0700] "GET /searchCourses HTTP/1.1" 200 546
0:0:0:0:0:0:0:1 - - [13/Oct/2020:14:36:54 -0700] "GET /searchCoursesByTitle?title=COMSC-76 HTTP/1.1" 200 621
0:0:0:0:0:0:0:1 - - [13/Oct/2020:14:36:59 -0700] "GET /searchCourses HTTP/1.1" 200 546
0:0:0:0:0:0:0:1 - - [13/Oct/2020:14:37:05 -0700] "GET /loginSuccessful HTTP/1.1" 200 634
0:0:0:0:0:0:0:1 - - [13/Oct/2020:16:34:24 -0700] "GET /login HTTP/1.1" 200 1655
0:0:0:0:0:0:0:1 - - [13/Oct/2020:16:34:29 -0700] "POST /doLogin HTTP/1.1" 302 -
0:0:0:0:0:0:0:1 - - [13/Oct/2020:16:34:29 -0700] "GET /loginSuccessful HTTP/1.1" 200 634
0:0:0:0:0:0:0:1 - - [13/Oct/2020:16:35:24 -0700] "GET /login HTTP/1.1" 200 1655
0:0:0:0:0:0:0:1 - - [13/Oct/2020:16:35:24 -0700] "GET /login HTTP/1.1" 200 1655
0:0:0:0:0:0:0:1 - - [13/Oct/2020:16:35:31 -0700] "POST /doLogin HTTP/1.1" 302 -
0:0:0:0:0:0:0:1 - - [13/Oct/2020:16:35:31 -0700] "GET /loginSuccessful HTTP/1.1" 200 640
0:0:0:0:0:0:0:1 - - [13/Oct/2020:16:35:32 -0700] "GET /searchCourses HTTP/1.1" 200 547
0:0:0:0:0:0:0:1 - - [13/Oct/2020:16:35:33 -0700] "GET /loginSuccessful HTTP/1.1" 200 640
0:0:0:0:0:0:0:1 - - [13/Oct/2020:16:35:53 -0700] "GET /login HTTP/1.1" 200 1655
0:0:0:0:0:0:0:1 - - [13/Oct/2020:16:35:57 -0700] "POST /doLogin HTTP/1.1" 302 -
0:0:0:0:0:0:0:1 - - [13/Oct/2020:16:35:57 -0700] "GET /loginSuccessful HTTP/1.1" 200 640
0:0:0:0:0:0:0:1 - - [13/Oct/2020:16:36:15 -0700] "GET /login HTTP/1.1" 200 1655
0:0:0:0:0:0:0:1 - - [13/Oct/2020:16:36:22 -0700] "POST /doLogin HTTP/1.1" 302 -
0:0:0:0:0:0:0:1 - - [13/Oct/2020:16:36:22 -0700] "GET /loginSuccessful HTTP/1.1" 200 645
0:0:0:0:0:0:0:1 - - [13/Oct/2020:16:36:24 -0700] "GET /searchCourses HTTP/1.1" 200 547
0:0:0:0:0:0:0:1 - - [13/Oct/2020:16:36:28 -0700] "GET /searchCoursesByTitle?title=COMSC-75 HTTP/1.1" 200 621
0:0:0:0:0:0:0:1 - - [13/Oct/2020:16:36:29 -0700] "GET /searchCourses HTTP/1.1" 200 547
0:0:0:0:0:0:0:1 - - [13/Oct/2020:17:34:38 -0700] "GET /login HTTP/1.1" 200 1655
0:0:0:0:0:0:0:1 - - [13/Oct/2020:17:34:38 -0700] "GET /login HTTP/1.1" 200 1655
0:0:0:0:0:0:0:1 - - [13/Oct/2020:17:34:42 -0700] "POST /doLogin HTTP/1.1" 302 -
0:0:0:0:0:0:0:1 - - [13/Oct/2020:17:34:42 -0700] "GET /loginSuccessful HTTP/1.1" 200 645
0:0:0:0:0:0:0:1 - - [13/Oct/2020:17:34:48 -0700] "GET /searchCourses HTTP/1.1" 200 547
0:0:0:0:0:0:0:1 - - [13/Oct/2020:17:34:49 -0700] "GET /searchCoursesByTitle?title=COMSC-75 HTTP/1.1" 200 817
0:0:0:0:0:0:0:1 - - [13/Oct/2020:17:35:05 -0700] "GET /searchCourses HTTP/1.1" 200 547
0:0:0:0:0:0:0:1 - - [13/Oct/2020:17:35:06 -0700] "GET /searchCoursesByTitle?title=COMSC-75 HTTP/1.1" 200 817
0:0:0:0:0:0:0:1 - - [13/Oct/2020:17:35:13 -0700] "GET /searchCourses HTTP/1.1" 200 547
0:0:0:0:0:0:0:1 - - [13/Oct/2020:17:35:13 -0700] "GET /loginSuccessful HTTP/1.1" 200 645
0:0:0:0:0:0:0:1 - - [13/Oct/2020:17:35:17 -0700] "GET /updateBook HTTP/1.1" 404 306
0:0:0:0:0:0:0:1 - - [13/Oct/2020:17:35:18 -0700] "GET /loginSuccessful HTTP/1.1" 200 645
0:0:0:0:0:0:0:1 - - [13/Oct/2020:17:50:04 -0700] "GET /login HTTP/1.1" 200 1655
0:0:0:0:0:0:0:1 - - [13/Oct/2020:17:50:05 -0700] "GET /login HTTP/1.1" 200 1655
0:0:0:0:0:0:0:1 - - [13/Oct/2020:17:50:08 -0700] "POST /doLogin HTTP/1.1" 302 -
0:0:0:0:0:0:0:1 - - [13/Oct/2020:17:50:08 -0700] "GET /loginSuccessful HTTP/1.1" 200 645
0:0:0:0:0:0:0:1 - - [13/Oct/2020:17:50:10 -0700] "GET /searchCourses HTTP/1.1" 200 547
0:0:0:0:0:0:0:1 - - [13/Oct/2020:17:50:10 -0700] "GET /searchCoursesByTitle?title=COMSC-75 HTTP/1.1" 500 17509
0:0:0:0:0:0:0:1 - - [13/Oct/2020:17:50:47 -0700] "GET /login HTTP/1.1" 200 1655
0:0:0:0:0:0:0:1 - - [13/Oct/2020:17:50:51 -0700] "POST /doLogin HTTP/1.1" 302 -
0:0:0:0:0:0:0:1 - - [13/Oct/2020:17:50:51 -0700] "GET /loginSuccessful HTTP/1.1" 200 645
0:0:0:0:0:0:0:1 - - [13/Oct/2020:17:50:52 -0700] "GET /searchCourses HTTP/1.1" 200 547
0:0:0:0:0:0:0:1 - - [13/Oct/2020:17:50:53 -0700] "GET /searchCoursesByTitle?title=COMSC-75 HTTP/1.1" 200 817
0:0:0:0:0:0:0:1 - - [13/Oct/2020:17:53:39 -0700] "GET /login HTTP/1.1" 200 1655
0:0:0:0:0:0:0:1 - - [13/Oct/2020:17:53:43 -0700] "POST /doLogin HTTP/1.1" 302 -
0:0:0:0:0:0:0:1 - - [13/Oct/2020:17:53:43 -0700] "GET /loginSuccessful HTTP/1.1" 200 645
0:0:0:0:0:0:0:1 - - [13/Oct/2020:17:53:44 -0700] "GET /searchCourses HTTP/1.1" 200 547
0:0:0:0:0:0:0:1 - - [13/Oct/2020:17:53:45 -0700] "GET /searchCoursesByTitle?title=COMSC-75 HTTP/1.1" 500 13706
0:0:0:0:0:0:0:1 - - [13/Oct/2020:17:55:38 -0700] "GET /login HTTP/1.1" 200 1655
0:0:0:0:0:0:0:1 - - [13/Oct/2020:17:55:39 -0700] "GET /login HTTP/1.1" 200 1655
0:0:0:0:0:0:0:1 - - [13/Oct/2020:17:55:42 -0700] "POST /doLogin HTTP/1.1" 302 -
0:0:0:0:0:0:0:1 - - [13/Oct/2020:17:55:42 -0700] "GET /loginSuccessful HTTP/1.1" 200 645
0:0:0:0:0:0:0:1 - - [13/Oct/2020:17:55:43 -0700] "GET /searchCourses HTTP/1.1" 200 547
0:0:0:0:0:0:0:1 - - [13/Oct/2020:17:55:44 -0700] "GET /searchCoursesByTitle?title=COMSC-75 HTTP/1.1" 500 13709
0:0:0:0:0:0:0:1 - - [13/Oct/2020:17:57:50 -0700] "GET /login HTTP/1.1" 200 1655
0:0:0:0:0:0:0:1 - - [13/Oct/2020:17:57:54 -0700] "POST /doLogin HTTP/1.1" 302 -
0:0:0:0:0:0:0:1 - - [13/Oct/2020:17:57:54 -0700] "GET /loginSuccessful HTTP/1.1" 200 645
0:0:0:0:0:0:0:1 - - [13/Oct/2020:17:57:55 -0700] "GET /searchCourses HTTP/1.1" 200 547
0:0:0:0:0:0:0:1 - - [13/Oct/2020:17:57:55 -0700] "GET /searchCoursesByTitle?title=COMSC-75 HTTP/1.1" 200 836
0:0:0:0:0:0:0:1 - - [13/Oct/2020:17:58:58 -0700] "GET /login HTTP/1.1" 200 1655
0:0:0:0:0:0:0:1 - - [13/Oct/2020:17:59:07 -0700] "POST /doLogin HTTP/1.1" 302 -
0:0:0:0:0:0:0:1 - - [13/Oct/2020:17:59:07 -0700] "GET /loginSuccessful HTTP/1.1" 200 645
0:0:0:0:0:0:0:1 - - [13/Oct/2020:17:59:07 -0700] "GET /searchCourses HTTP/1.1" 200 547
0:0:0:0:0:0:0:1 - - [13/Oct/2020:17:59:08 -0700] "GET /searchCoursesByTitle?title=COMSC-75 HTTP/1.1" 500 13619
0:0:0:0:0:0:0:1 - - [13/Oct/2020:17:59:44 -0700] "GET /login HTTP/1.1" 200 1655
0:0:0:0:0:0:0:1 - - [13/Oct/2020:17:59:48 -0700] "POST /doLogin HTTP/1.1" 302 -
0:0:0:0:0:0:0:1 - - [13/Oct/2020:17:59:48 -0700] "GET /loginSuccessful HTTP/1.1" 200 645
0:0:0:0:0:0:0:1 - - [13/Oct/2020:17:59:49 -0700] "GET /searchCourses HTTP/1.1" 200 547
0:0:0:0:0:0:0:1 - - [13/Oct/2020:17:59:50 -0700] "GET /searchCoursesByTitle?title=COMSC-75 HTTP/1.1" 200 804
0:0:0:0:0:0:0:1 - - [13/Oct/2020:18:00:08 -0700] "GET /login HTTP/1.1" 200 1655
0:0:0:0:0:0:0:1 - - [13/Oct/2020:18:00:12 -0700] "GET /login HTTP/1.1" 200 1655
0:0:0:0:0:0:0:1 - - [13/Oct/2020:18:00:16 -0700] "POST /doLogin HTTP/1.1" 302 -
0:0:0:0:0:0:0:1 - - [13/Oct/2020:18:00:16 -0700] "GET /loginSuccessful HTTP/1.1" 200 645
0:0:0:0:0:0:0:1 - - [13/Oct/2020:18:00:18 -0700] "GET /searchCourses HTTP/1.1" 200 547
0:0:0:0:0:0:0:1 - - [13/Oct/2020:18:00:18 -0700] "GET /searchCoursesByTitle?title=COMSC-75 HTTP/1.1" 200 795
0:0:0:0:0:0:0:1 - - [13/Oct/2020:18:00:39 -0700] "GET /login HTTP/1.1" 200 1655
0:0:0:0:0:0:0:1 - - [13/Oct/2020:18:00:39 -0700] "GET /login HTTP/1.1" 200 1655
0:0:0:0:0:0:0:1 - - [13/Oct/2020:18:00:42 -0700] "POST /doLogin HTTP/1.1" 302 -
0:0:0:0:0:0:0:1 - - [13/Oct/2020:18:00:42 -0700] "GET /loginSuccessful HTTP/1.1" 200 645
0:0:0:0:0:0:0:1 - - [13/Oct/2020:18:00:43 -0700] "GET /searchCourses HTTP/1.1" 200 547
0:0:0:0:0:0:0:1 - - [13/Oct/2020:18:00:44 -0700] "GET /searchCoursesByTitle?title=COMSC-75 HTTP/1.1" 200 836
0:0:0:0:0:0:0:1 - - [13/Oct/2020:18:01:17 -0700] "GET /login HTTP/1.1" 200 1655
0:0:0:0:0:0:0:1 - - [13/Oct/2020:18:01:22 -0700] "POST /doLogin HTTP/1.1" 302 -
0:0:0:0:0:0:0:1 - - [13/Oct/2020:18:01:22 -0700] "GET /loginSuccessful HTTP/1.1" 200 645
0:0:0:0:0:0:0:1 - - [13/Oct/2020:18:01:23 -0700] "GET /searchCourses HTTP/1.1" 200 547
0:0:0:0:0:0:0:1 - - [13/Oct/2020:18:01:23 -0700] "GET /searchCoursesByTitle?title=COMSC-75 HTTP/1.1" 200 850
0:0:0:0:0:0:0:1 - - [13/Oct/2020:18:01:54 -0700] "GET /login HTTP/1.1" 200 1655
0:0:0:0:0:0:0:1 - - [13/Oct/2020:18:01:58 -0700] "GET /login HTTP/1.1" 200 1655
0:0:0:0:0:0:0:1 - - [13/Oct/2020:18:02:03 -0700] "POST /doLogin HTTP/1.1" 302 -
0:0:0:0:0:0:0:1 - - [13/Oct/2020:18:02:03 -0700] "GET /loginSuccessful HTTP/1.1" 200 645
0:0:0:0:0:0:0:1 - - [13/Oct/2020:18:02:05 -0700] "GET /searchCourses HTTP/1.1" 200 547
0:0:0:0:0:0:0:1 - - [13/Oct/2020:18:02:06 -0700] "GET /searchCoursesByTitle?title=COMSC-75 HTTP/1.1" 200 850
0:0:0:0:0:0:0:1 - - [13/Oct/2020:18:03:29 -0700] "GET /login HTTP/1.1" 200 1655
0:0:0:0:0:0:0:1 - - [13/Oct/2020:18:03:33 -0700] "POST /doLogin HTTP/1.1" 302 -
0:0:0:0:0:0:0:1 - - [13/Oct/2020:18:03:33 -0700] "GET /loginSuccessful HTTP/1.1" 200 645
0:0:0:0:0:0:0:1 - - [13/Oct/2020:18:03:34 -0700] "GET /searchCourses HTTP/1.1" 200 547
0:0:0:0:0:0:0:1 - - [13/Oct/2020:18:03:35 -0700] "GET /searchCoursesByTitle?title=COMSC-75 HTTP/1.1" 200 898
0:0:0:0:0:0:0:1 - - [13/Oct/2020:18:03:41 -0700] "GET /searchCourses HTTP/1.1" 200 547
0:0:0:0:0:0:0:1 - - [13/Oct/2020:18:04:00 -0700] "GET /searchCoursesByTitle?title=COMSC-75 HTTP/1.1" 200 898
0:0:0:0:0:0:0:1 - - [13/Oct/2020:18:04:42 -0700] "GET /searchCourses HTTP/1.1" 200 547
0:0:0:0:0:0:0:1 - - [13/Oct/2020:19:02:04 -0700] "GET /searchCoursesByTitle?title=COMSC-75 HTTP/1.1" 200 898
0:0:0:0:0:0:0:1 - - [13/Oct/2020:19:02:06 -0700] "GET /searchCourses HTTP/1.1" 200 547
0:0:0:0:0:0:0:1 - - [13/Oct/2020:19:02:07 -0700] "GET /searchCoursesByTitle?title=COMSC-75 HTTP/1.1" 200 898
0:0:0:0:0:0:0:1 - - [13/Oct/2020:19:02:09 -0700] "GET /searchCourses HTTP/1.1" 200 547
