0:0:0:0:0:0:0:1 - - [04/Oct/2020:11:33:30 -0700] "GET /search_book?title=Effective+Human+Relationship HTTP/1.1" 302 -
0:0:0:0:0:0:0:1 - - [04/Oct/2020:11:33:30 -0700] "GET /login HTTP/1.1" 200 1655
0:0:0:0:0:0:0:1 - - [04/Oct/2020:11:53:39 -0700] "GET /login HTTP/1.1" 200 1655
0:0:0:0:0:0:0:1 - - [04/Oct/2020:11:53:44 -0700] "POST /doLogin HTTP/1.1" 302 -
0:0:0:0:0:0:0:1 - - [04/Oct/2020:11:53:44 -0700] "GET /loginFailed HTTP/1.1" 302 -
0:0:0:0:0:0:0:1 - - [04/Oct/2020:11:53:44 -0700] "GET /login HTTP/1.1" 200 1655
0:0:0:0:0:0:0:1 - - [04/Oct/2020:11:54:01 -0700] "GET /signup HTTP/1.1" 200 4862
0:0:0:0:0:0:0:1 - - [04/Oct/2020:11:54:01 -0700] "GET /js/pwstrength.js HTTP/1.1" 200 -
0:0:0:0:0:0:0:1 - - [04/Oct/2020:11:54:01 -0700] "GET /js/jquery-1.7.2.js HTTP/1.1" 200 293292
0:0:0:0:0:0:0:1 - - [04/Oct/2020:11:54:12 -0700] "POST /signup HTTP/1.1" 302 -
0:0:0:0:0:0:0:1 - - [04/Oct/2020:11:54:12 -0700] "GET /login HTTP/1.1" 200 1738
0:0:0:0:0:0:0:1 - - [04/Oct/2020:11:54:18 -0700] "GET /registrationConfirm?token=ce396292-130e-43d0-a62f-c2d413e0b426 HTTP/1.1" 302 -
0:0:0:0:0:0:0:1 - - [04/Oct/2020:11:54:18 -0700] "GET /login HTTP/1.1" 200 1728
0:0:0:0:0:0:0:1 - - [04/Oct/2020:11:54:24 -0700] "POST /doLogin HTTP/1.1" 302 -
0:0:0:0:0:0:0:1 - - [04/Oct/2020:11:54:24 -0700] "GET /loginSuccessful HTTP/1.1" 200 585
0:0:0:0:0:0:0:1 - - [04/Oct/2020:11:54:28 -0700] "GET /search_book?title=Effective+Human+Relationship HTTP/1.1" 200 876
0:0:0:0:0:0:0:1 - - [04/Oct/2020:11:54:30 -0700] "GET /loginSuccessful HTTP/1.1" 200 585
0:0:0:0:0:0:0:1 - - [04/Oct/2020:11:54:34 -0700] "GET /search_book?title=Effective HTTP/1.1" 302 -
0:0:0:0:0:0:0:1 - - [04/Oct/2020:11:54:34 -0700] "GET /loginSuccessful HTTP/1.1" 200 668
0:0:0:0:0:0:0:1 - - [04/Oct/2020:11:55:58 -0700] "GET /search_book?title=Relationship HTTP/1.1" 200 876
0:0:0:0:0:0:0:1 - - [04/Oct/2020:11:56:00 -0700] "GET /loginSuccessful HTTP/1.1" 200 585
0:0:0:0:0:0:0:1 - - [04/Oct/2020:11:57:51 -0700] "GET /search_book?title=Relationship HTTP/1.1" 200 876
0:0:0:0:0:0:0:1 - - [04/Oct/2020:12:11:02 -0700] "GET /login HTTP/1.1" 200 1655
0:0:0:0:0:0:0:1 - - [04/Oct/2020:12:11:03 -0700] "GET /login HTTP/1.1" 200 1655
0:0:0:0:0:0:0:1 - - [04/Oct/2020:12:11:11 -0700] "POST /doLogin HTTP/1.1" 302 -
0:0:0:0:0:0:0:1 - - [04/Oct/2020:12:11:11 -0700] "GET /loginSuccessful HTTP/1.1" 200 585
0:0:0:0:0:0:0:1 - - [04/Oct/2020:12:22:16 -0700] "GET /search_book?title=Effective HTTP/1.1" 302 -
0:0:0:0:0:0:0:1 - - [04/Oct/2020:12:22:16 -0700] "GET /loginSuccessful HTTP/1.1" 200 668
0:0:0:0:0:0:0:1 - - [04/Oct/2020:12:26:24 -0700] "GET /login HTTP/1.1" 200 1655
0:0:0:0:0:0:0:1 - - [04/Oct/2020:12:26:25 -0700] "GET /login HTTP/1.1" 200 1655
0:0:0:0:0:0:0:1 - - [04/Oct/2020:12:26:30 -0700] "POST /doLogin HTTP/1.1" 302 -
0:0:0:0:0:0:0:1 - - [04/Oct/2020:12:26:30 -0700] "GET /loginFailed HTTP/1.1" 302 -
0:0:0:0:0:0:0:1 - - [04/Oct/2020:12:26:30 -0700] "GET /login HTTP/1.1" 200 1655
0:0:0:0:0:0:0:1 - - [04/Oct/2020:12:26:49 -0700] "GET /signup HTTP/1.1" 200 4862
0:0:0:0:0:0:0:1 - - [04/Oct/2020:12:26:49 -0700] "GET /js/pwstrength.js HTTP/1.1" 200 -
0:0:0:0:0:0:0:1 - - [04/Oct/2020:12:26:49 -0700] "GET /js/jquery-1.7.2.js HTTP/1.1" 200 293292
0:0:0:0:0:0:0:1 - - [04/Oct/2020:12:26:56 -0700] "POST /signup HTTP/1.1" 200 5038
0:0:0:0:0:0:0:1 - - [04/Oct/2020:12:26:56 -0700] "GET /js/pwstrength.js HTTP/1.1" 200 -
0:0:0:0:0:0:0:1 - - [04/Oct/2020:12:26:56 -0700] "GET /js/jquery-1.7.2.js HTTP/1.1" 200 293292
0:0:0:0:0:0:0:1 - - [04/Oct/2020:12:27:41 -0700] "GET /signup HTTP/1.1" 200 4862
0:0:0:0:0:0:0:1 - - [04/Oct/2020:12:27:43 -0700] "GET /login HTTP/1.1" 200 1655
0:0:0:0:0:0:0:1 - - [04/Oct/2020:12:27:43 -0700] "GET /login HTTP/1.1" 200 1655
0:0:0:0:0:0:0:1 - - [04/Oct/2020:12:27:49 -0700] "POST /doLogin HTTP/1.1" 302 -
0:0:0:0:0:0:0:1 - - [04/Oct/2020:12:27:49 -0700] "GET /loginSuccessful HTTP/1.1" 200 585
0:0:0:0:0:0:0:1 - - [04/Oct/2020:12:27:58 -0700] "GET /search_book?title=Effective HTTP/1.1" 302 -
0:0:0:0:0:0:0:1 - - [04/Oct/2020:12:27:58 -0700] "GET /loginSuccessful HTTP/1.1" 200 668
0:0:0:0:0:0:0:1 - - [04/Oct/2020:12:29:34 -0700] "GET /login HTTP/1.1" 200 1655
0:0:0:0:0:0:0:1 - - [04/Oct/2020:12:29:35 -0700] "GET /login HTTP/1.1" 200 1655
0:0:0:0:0:0:0:1 - - [04/Oct/2020:12:29:40 -0700] "POST /doLogin HTTP/1.1" 302 -
0:0:0:0:0:0:0:1 - - [04/Oct/2020:12:29:40 -0700] "GET /loginFailed HTTP/1.1" 302 -
0:0:0:0:0:0:0:1 - - [04/Oct/2020:12:29:40 -0700] "GET /login HTTP/1.1" 200 1655
0:0:0:0:0:0:0:1 - - [04/Oct/2020:12:29:54 -0700] "GET /login HTTP/1.1" 200 1655
0:0:0:0:0:0:0:1 - - [04/Oct/2020:12:29:59 -0700] "POST /doLogin HTTP/1.1" 302 -
0:0:0:0:0:0:0:1 - - [04/Oct/2020:12:29:59 -0700] "GET /loginSuccessful HTTP/1.1" 200 585
0:0:0:0:0:0:0:1 - - [04/Oct/2020:12:30:03 -0700] "GET /search_book?title=Effective HTTP/1.1" 302 -
0:0:0:0:0:0:0:1 - - [04/Oct/2020:12:30:03 -0700] "GET /loginSuccessful HTTP/1.1" 200 668
0:0:0:0:0:0:0:1 - - [04/Oct/2020:12:30:24 -0700] "GET /login HTTP/1.1" 200 1655
0:0:0:0:0:0:0:1 - - [04/Oct/2020:12:30:24 -0700] "GET /login HTTP/1.1" 200 1655
0:0:0:0:0:0:0:1 - - [04/Oct/2020:12:30:34 -0700] "POST /doLogin HTTP/1.1" 302 -
0:0:0:0:0:0:0:1 - - [04/Oct/2020:12:30:34 -0700] "GET /loginSuccessful HTTP/1.1" 200 585
0:0:0:0:0:0:0:1 - - [04/Oct/2020:12:30:36 -0700] "GET /search_book?title=Effective HTTP/1.1" 200 876
0:0:0:0:0:0:0:1 - - [04/Oct/2020:12:30:47 -0700] "GET /loginSuccessful HTTP/1.1" 200 585
0:0:0:0:0:0:0:1 - - [04/Oct/2020:12:30:54 -0700] "GET /search_book?title=Human HTTP/1.1" 200 876
0:0:0:0:0:0:0:1 - - [04/Oct/2020:12:34:23 -0700] "GET /loginSuccessful HTTP/1.1" 200 585
0:0:0:0:0:0:0:1 - - [04/Oct/2020:12:34:26 -0700] "GET /search_book?title=g HTTP/1.1" 302 -
0:0:0:0:0:0:0:1 - - [04/Oct/2020:12:34:26 -0700] "GET /loginSuccessful HTTP/1.1" 200 668
0:0:0:0:0:0:0:1 - - [04/Oct/2020:12:34:31 -0700] "GET /search_book?title=E HTTP/1.1" 200 876
0:0:0:0:0:0:0:1 - - [04/Oct/2020:12:34:32 -0700] "GET /loginSuccessful HTTP/1.1" 200 585
0:0:0:0:0:0:0:1 - - [04/Oct/2020:12:34:35 -0700] "GET /search_book?title=T HTTP/1.1" 200 876
0:0:0:0:0:0:0:1 - - [04/Oct/2020:12:34:38 -0700] "GET /loginSuccessful HTTP/1.1" 200 585
0:0:0:0:0:0:0:1 - - [04/Oct/2020:12:38:11 -0700] "GET /search_book?title=ets HTTP/1.1" 302 -
0:0:0:0:0:0:0:1 - - [04/Oct/2020:12:38:11 -0700] "GET /loginSuccessful HTTP/1.1" 200 668
0:0:0:0:0:0:0:1 - - [04/Oct/2020:14:07:29 -0700] "GET /login HTTP/1.1" 200 1655
0:0:0:0:0:0:0:1 - - [04/Oct/2020:14:07:29 -0700] "GET /login HTTP/1.1" 200 1655
0:0:0:0:0:0:0:1 - - [04/Oct/2020:14:07:39 -0700] "POST /doLogin HTTP/1.1" 302 -
0:0:0:0:0:0:0:1 - - [04/Oct/2020:14:07:39 -0700] "GET /loginSuccessful HTTP/1.1" 200 585
0:0:0:0:0:0:0:1 - - [04/Oct/2020:14:07:50 -0700] "GET /search_book?title=Effective+Human+Relationship HTTP/1.1" 200 876
0:0:0:0:0:0:0:1 - - [04/Oct/2020:14:07:51 -0700] "GET /loginSuccessful HTTP/1.1" 200 585
0:0:0:0:0:0:0:1 - - [04/Oct/2020:14:18:42 -0700] "GET /login HTTP/1.1" 200 1655
0:0:0:0:0:0:0:1 - - [04/Oct/2020:14:18:42 -0700] "GET /login HTTP/1.1" 200 1655
0:0:0:0:0:0:0:1 - - [04/Oct/2020:14:18:52 -0700] "POST /doLogin HTTP/1.1" 302 -
0:0:0:0:0:0:0:1 - - [04/Oct/2020:14:18:52 -0700] "GET /loginSuccessful HTTP/1.1" 200 585
0:0:0:0:0:0:0:1 - - [04/Oct/2020:14:18:55 -0700] "GET /search_book?title=Effective HTTP/1.1" 302 -
0:0:0:0:0:0:0:1 - - [04/Oct/2020:14:18:55 -0700] "GET /loginSuccessful HTTP/1.1" 200 668
0:0:0:0:0:0:0:1 - - [04/Oct/2020:14:19:32 -0700] "GET /login HTTP/1.1" 200 1655
0:0:0:0:0:0:0:1 - - [04/Oct/2020:14:19:33 -0700] "GET /login HTTP/1.1" 200 1655
0:0:0:0:0:0:0:1 - - [04/Oct/2020:14:19:40 -0700] "POST /doLogin HTTP/1.1" 302 -
0:0:0:0:0:0:0:1 - - [04/Oct/2020:14:19:40 -0700] "GET /loginSuccessful HTTP/1.1" 200 585
0:0:0:0:0:0:0:1 - - [04/Oct/2020:14:19:42 -0700] "GET /search_book?title=Effective HTTP/1.1" 302 -
0:0:0:0:0:0:0:1 - - [04/Oct/2020:14:19:42 -0700] "GET /loginSuccessful HTTP/1.1" 200 668
0:0:0:0:0:0:0:1 - - [04/Oct/2020:14:19:55 -0700] "GET /search_book?title=Effective__ HTTP/1.1" 302 -
0:0:0:0:0:0:0:1 - - [04/Oct/2020:14:19:55 -0700] "GET /loginSuccessful HTTP/1.1" 200 668
0:0:0:0:0:0:0:1 - - [04/Oct/2020:14:22:28 -0700] "GET /login HTTP/1.1" 200 1655
0:0:0:0:0:0:0:1 - - [04/Oct/2020:14:22:29 -0700] "GET /login HTTP/1.1" 200 1655
0:0:0:0:0:0:0:1 - - [04/Oct/2020:14:22:35 -0700] "POST /doLogin HTTP/1.1" 302 -
0:0:0:0:0:0:0:1 - - [04/Oct/2020:14:22:35 -0700] "GET /loginSuccessful HTTP/1.1" 200 585
0:0:0:0:0:0:0:1 - - [04/Oct/2020:14:22:37 -0700] "GET /search_book?title=Effective HTTP/1.1" 302 -
0:0:0:0:0:0:0:1 - - [04/Oct/2020:14:22:37 -0700] "GET /loginSuccessful HTTP/1.1" 200 668
192.168.1.86 - - [04/Oct/2020:15:37:22 -0700] "GET / HTTP/1.1" 302 -
192.168.1.86 - - [04/Oct/2020:15:37:22 -0700] "GET /login HTTP/1.1" 200 1655
192.168.1.86 - - [04/Oct/2020:15:37:34 -0700] "GET /HNAP1/ HTTP/1.1" 302 -
192.168.1.86 - - [04/Oct/2020:15:37:45 -0700] "GET / HTTP/1.1" 302 -
192.168.1.86 - - [04/Oct/2020:15:37:46 -0700] "GET /login HTTP/1.1" 200 1655
192.168.1.86 - - [04/Oct/2020:15:37:47 -0700] "GET /HNAP1/ HTTP/1.1" 302 -
0:0:0:0:0:0:0:1 - - [04/Oct/2020:22:52:34 -0700] "GET /login HTTP/1.1" 200 1655
0:0:0:0:0:0:0:1 - - [04/Oct/2020:22:52:34 -0700] "GET /login HTTP/1.1" 200 1655
0:0:0:0:0:0:0:1 - - [04/Oct/2020:22:52:41 -0700] "POST /doLogin HTTP/1.1" 302 -
0:0:0:0:0:0:0:1 - - [04/Oct/2020:22:52:41 -0700] "GET /loginSuccessful HTTP/1.1" 200 900
0:0:0:0:0:0:0:1 - - [04/Oct/2020:22:52:44 -0700] "GET /search_book_by_title?title=Effective HTTP/1.1" 302 -
0:0:0:0:0:0:0:1 - - [04/Oct/2020:22:52:44 -0700] "GET /loginSuccessful HTTP/1.1" 200 1066
0:0:0:0:0:0:0:1 - - [04/Oct/2020:22:52:52 -0700] "GET /search_book_by_title?title=Effective HTTP/1.1" 302 -
0:0:0:0:0:0:0:1 - - [04/Oct/2020:22:52:52 -0700] "GET /loginSuccessful HTTP/1.1" 200 1066
0:0:0:0:0:0:0:1 - - [04/Oct/2020:22:54:58 -0700] "GET /login HTTP/1.1" 200 1655
0:0:0:0:0:0:0:1 - - [04/Oct/2020:22:54:58 -0700] "GET /login HTTP/1.1" 200 1655
0:0:0:0:0:0:0:1 - - [04/Oct/2020:22:55:07 -0700] "POST /doLogin HTTP/1.1" 302 -
0:0:0:0:0:0:0:1 - - [04/Oct/2020:22:55:07 -0700] "GET /loginSuccessful HTTP/1.1" 200 604
0:0:0:0:0:0:0:1 - - [04/Oct/2020:22:55:09 -0700] "GET /search_book_by_title?title=Effective HTTP/1.1" 302 -
0:0:0:0:0:0:0:1 - - [04/Oct/2020:22:55:09 -0700] "GET /loginSuccessful HTTP/1.1" 200 687
0:0:0:0:0:0:0:1 - - [04/Oct/2020:22:57:08 -0700] "GET /login HTTP/1.1" 200 1655
0:0:0:0:0:0:0:1 - - [04/Oct/2020:22:57:08 -0700] "GET /login HTTP/1.1" 200 1655
0:0:0:0:0:0:0:1 - - [04/Oct/2020:22:57:14 -0700] "POST /doLogin HTTP/1.1" 302 -
0:0:0:0:0:0:0:1 - - [04/Oct/2020:22:57:14 -0700] "GET /loginSuccessful HTTP/1.1" 200 585
0:0:0:0:0:0:0:1 - - [04/Oct/2020:22:57:17 -0700] "GET /search_book?title=Effective HTTP/1.1" 302 -
0:0:0:0:0:0:0:1 - - [04/Oct/2020:22:57:17 -0700] "GET /loginSuccessful HTTP/1.1" 200 668
0:0:0:0:0:0:0:1 - - [04/Oct/2020:22:59:35 -0700] "GET /login HTTP/1.1" 200 1655
0:0:0:0:0:0:0:1 - - [04/Oct/2020:22:59:35 -0700] "GET /login HTTP/1.1" 200 1655
0:0:0:0:0:0:0:1 - - [04/Oct/2020:22:59:41 -0700] "POST /doLogin HTTP/1.1" 302 -
0:0:0:0:0:0:0:1 - - [04/Oct/2020:22:59:41 -0700] "GET /loginSuccessful HTTP/1.1" 200 585
0:0:0:0:0:0:0:1 - - [04/Oct/2020:22:59:43 -0700] "GET /search_book?title=Effective HTTP/1.1" 302 -
0:0:0:0:0:0:0:1 - - [04/Oct/2020:22:59:43 -0700] "GET /loginSuccessful HTTP/1.1" 200 668
0:0:0:0:0:0:0:1 - - [04/Oct/2020:23:03:38 -0700] "GET /login HTTP/1.1" 200 1655
0:0:0:0:0:0:0:1 - - [04/Oct/2020:23:03:38 -0700] "GET /login HTTP/1.1" 200 1655
0:0:0:0:0:0:0:1 - - [04/Oct/2020:23:03:44 -0700] "POST /doLogin HTTP/1.1" 302 -
0:0:0:0:0:0:0:1 - - [04/Oct/2020:23:03:44 -0700] "GET /loginSuccessful HTTP/1.1" 200 585
0:0:0:0:0:0:0:1 - - [04/Oct/2020:23:03:46 -0700] "GET /search_book?title=Effective HTTP/1.1" 302 -
0:0:0:0:0:0:0:1 - - [04/Oct/2020:23:03:46 -0700] "GET /loginSuccessful HTTP/1.1" 200 668
0:0:0:0:0:0:0:1 - - [04/Oct/2020:23:03:48 -0700] "GET /loginSuccessful HTTP/1.1" 200 585
0:0:0:0:0:0:0:1 - - [04/Oct/2020:23:05:57 -0700] "GET /login HTTP/1.1" 200 1655
0:0:0:0:0:0:0:1 - - [04/Oct/2020:23:05:57 -0700] "GET /login HTTP/1.1" 200 1655
0:0:0:0:0:0:0:1 - - [04/Oct/2020:23:06:03 -0700] "POST /doLogin HTTP/1.1" 302 -
0:0:0:0:0:0:0:1 - - [04/Oct/2020:23:06:03 -0700] "GET /loginSuccessful HTTP/1.1" 200 585
0:0:0:0:0:0:0:1 - - [04/Oct/2020:23:06:05 -0700] "GET /search_book?title=Effective HTTP/1.1" 302 -
0:0:0:0:0:0:0:1 - - [04/Oct/2020:23:06:05 -0700] "GET /loginSuccessful HTTP/1.1" 200 668
0:0:0:0:0:0:0:1 - - [04/Oct/2020:23:07:09 -0700] "GET /search_book?title=Physic HTTP/1.1" 302 -
0:0:0:0:0:0:0:1 - - [04/Oct/2020:23:07:09 -0700] "GET /loginSuccessful HTTP/1.1" 200 668
0:0:0:0:0:0:0:1 - - [04/Oct/2020:23:09:35 -0700] "GET /login HTTP/1.1" 200 1655
0:0:0:0:0:0:0:1 - - [04/Oct/2020:23:09:35 -0700] "GET /login HTTP/1.1" 200 1655
0:0:0:0:0:0:0:1 - - [04/Oct/2020:23:09:40 -0700] "POST /doLogin HTTP/1.1" 302 -
0:0:0:0:0:0:0:1 - - [04/Oct/2020:23:09:40 -0700] "GET /loginSuccessful HTTP/1.1" 200 585
0:0:0:0:0:0:0:1 - - [04/Oct/2020:23:09:46 -0700] "GET /search_book?title= HTTP/1.1" 200 1010
0:0:0:0:0:0:0:1 - - [04/Oct/2020:23:11:26 -0700] "GET /login HTTP/1.1" 200 1655
0:0:0:0:0:0:0:1 - - [04/Oct/2020:23:11:26 -0700] "GET /login HTTP/1.1" 200 1655
0:0:0:0:0:0:0:1 - - [04/Oct/2020:23:11:33 -0700] "POST /doLogin HTTP/1.1" 302 -
0:0:0:0:0:0:0:1 - - [04/Oct/2020:23:11:33 -0700] "GET /loginSuccessful HTTP/1.1" 200 585
0:0:0:0:0:0:0:1 - - [04/Oct/2020:23:11:47 -0700] "GET /search_book?title=Effective HTTP/1.1" 302 -
0:0:0:0:0:0:0:1 - - [04/Oct/2020:23:11:47 -0700] "GET /loginSuccessful HTTP/1.1" 200 668
0:0:0:0:0:0:0:1 - - [04/Oct/2020:23:13:28 -0700] "GET /login HTTP/1.1" 200 1655
0:0:0:0:0:0:0:1 - - [04/Oct/2020:23:13:29 -0700] "GET /login HTTP/1.1" 200 1655
0:0:0:0:0:0:0:1 - - [04/Oct/2020:23:13:35 -0700] "POST /doLogin HTTP/1.1" 302 -
0:0:0:0:0:0:0:1 - - [04/Oct/2020:23:13:35 -0700] "GET /loginSuccessful HTTP/1.1" 200 585
0:0:0:0:0:0:0:1 - - [04/Oct/2020:23:13:38 -0700] "GET /search_book?title=Physic HTTP/1.1" 302 -
0:0:0:0:0:0:0:1 - - [04/Oct/2020:23:13:38 -0700] "GET /loginSuccessful HTTP/1.1" 200 668
0:0:0:0:0:0:0:1 - - [04/Oct/2020:23:13:56 -0700] "GET /login HTTP/1.1" 200 1655
0:0:0:0:0:0:0:1 - - [04/Oct/2020:23:13:56 -0700] "GET /login HTTP/1.1" 200 1655
0:0:0:0:0:0:0:1 - - [04/Oct/2020:23:14:00 -0700] "POST /doLogin HTTP/1.1" 302 -
0:0:0:0:0:0:0:1 - - [04/Oct/2020:23:14:00 -0700] "GET /loginSuccessful HTTP/1.1" 200 585
0:0:0:0:0:0:0:1 - - [04/Oct/2020:23:14:03 -0700] "GET /search_book?title=Physic HTTP/1.1" 302 -
0:0:0:0:0:0:0:1 - - [04/Oct/2020:23:14:03 -0700] "GET /loginSuccessful HTTP/1.1" 200 668
0:0:0:0:0:0:0:1 - - [04/Oct/2020:23:14:23 -0700] "GET /login HTTP/1.1" 200 1655
0:0:0:0:0:0:0:1 - - [04/Oct/2020:23:14:23 -0700] "GET /login HTTP/1.1" 200 1655
0:0:0:0:0:0:0:1 - - [04/Oct/2020:23:14:27 -0700] "POST /doLogin HTTP/1.1" 302 -
0:0:0:0:0:0:0:1 - - [04/Oct/2020:23:14:27 -0700] "GET /loginSuccessful HTTP/1.1" 200 585
0:0:0:0:0:0:0:1 - - [04/Oct/2020:23:14:28 -0700] "GET /search_book?title= HTTP/1.1" 200 851
0:0:0:0:0:0:0:1 - - [04/Oct/2020:23:19:57 -0700] "GET /login HTTP/1.1" 200 1655
0:0:0:0:0:0:0:1 - - [04/Oct/2020:23:19:57 -0700] "GET /login HTTP/1.1" 200 1655
0:0:0:0:0:0:0:1 - - [04/Oct/2020:23:20:02 -0700] "POST /doLogin HTTP/1.1" 302 -
0:0:0:0:0:0:0:1 - - [04/Oct/2020:23:20:02 -0700] "GET /loginSuccessful HTTP/1.1" 200 585
0:0:0:0:0:0:0:1 - - [04/Oct/2020:23:20:04 -0700] "GET /search_book?title=Effective+Human+Relationship HTTP/1.1" 302 -
0:0:0:0:0:0:0:1 - - [04/Oct/2020:23:20:04 -0700] "GET /loginSuccessful HTTP/1.1" 200 668
0:0:0:0:0:0:0:1 - - [04/Oct/2020:23:21:40 -0700] "GET /login HTTP/1.1" 200 1655
0:0:0:0:0:0:0:1 - - [04/Oct/2020:23:21:40 -0700] "GET /login HTTP/1.1" 200 1655
0:0:0:0:0:0:0:1 - - [04/Oct/2020:23:21:45 -0700] "POST /doLogin HTTP/1.1" 302 -
0:0:0:0:0:0:0:1 - - [04/Oct/2020:23:21:45 -0700] "GET /loginSuccessful HTTP/1.1" 200 585
0:0:0:0:0:0:0:1 - - [04/Oct/2020:23:21:47 -0700] "GET /search_book?title=Effective+Human+Relationship HTTP/1.1" 302 -
0:0:0:0:0:0:0:1 - - [04/Oct/2020:23:21:47 -0700] "GET /loginSuccessful HTTP/1.1" 200 668
0:0:0:0:0:0:0:1 - - [04/Oct/2020:23:22:03 -0700] "GET /login HTTP/1.1" 200 1655
0:0:0:0:0:0:0:1 - - [04/Oct/2020:23:22:03 -0700] "GET /login HTTP/1.1" 200 1655
0:0:0:0:0:0:0:1 - - [04/Oct/2020:23:22:08 -0700] "POST /doLogin HTTP/1.1" 302 -
0:0:0:0:0:0:0:1 - - [04/Oct/2020:23:22:08 -0700] "GET /loginSuccessful HTTP/1.1" 200 585
0:0:0:0:0:0:0:1 - - [04/Oct/2020:23:22:10 -0700] "GET /search_book?title=Effective+Human+Relationship HTTP/1.1" 200 876
0:0:0:0:0:0:0:1 - - [04/Oct/2020:23:22:39 -0700] "GET /login HTTP/1.1" 200 1655
0:0:0:0:0:0:0:1 - - [04/Oct/2020:23:22:40 -0700] "GET /login HTTP/1.1" 200 1655
0:0:0:0:0:0:0:1 - - [04/Oct/2020:23:22:45 -0700] "POST /doLogin HTTP/1.1" 302 -
0:0:0:0:0:0:0:1 - - [04/Oct/2020:23:22:45 -0700] "GET /loginFailed HTTP/1.1" 302 -
0:0:0:0:0:0:0:1 - - [04/Oct/2020:23:22:45 -0700] "GET /login HTTP/1.1" 200 1655
0:0:0:0:0:0:0:1 - - [04/Oct/2020:23:22:50 -0700] "POST /doLogin HTTP/1.1" 302 -
0:0:0:0:0:0:0:1 - - [04/Oct/2020:23:22:50 -0700] "GET /loginSuccessful HTTP/1.1" 200 585
0:0:0:0:0:0:0:1 - - [04/Oct/2020:23:22:52 -0700] "GET /search_book?title=Effective+Human+Relationship HTTP/1.1" 302 -
0:0:0:0:0:0:0:1 - - [04/Oct/2020:23:22:52 -0700] "GET /loginSuccessful HTTP/1.1" 200 668
0:0:0:0:0:0:0:1 - - [04/Oct/2020:23:23:05 -0700] "GET /search_book?title=Effective HTTP/1.1" 302 -
0:0:0:0:0:0:0:1 - - [04/Oct/2020:23:23:05 -0700] "GET /loginSuccessful HTTP/1.1" 200 668
0:0:0:0:0:0:0:1 - - [04/Oct/2020:23:23:09 -0700] "GET /search_book?title=Human HTTP/1.1" 302 -
0:0:0:0:0:0:0:1 - - [04/Oct/2020:23:23:09 -0700] "GET /loginSuccessful HTTP/1.1" 200 668
0:0:0:0:0:0:0:1 - - [04/Oct/2020:23:23:12 -0700] "GET /search_book?title=Effective+Human+Relationship HTTP/1.1" 302 -
0:0:0:0:0:0:0:1 - - [04/Oct/2020:23:23:12 -0700] "GET /loginSuccessful HTTP/1.1" 200 668
0:0:0:0:0:0:0:1 - - [04/Oct/2020:23:24:07 -0700] "GET /login HTTP/1.1" 200 1655
0:0:0:0:0:0:0:1 - - [04/Oct/2020:23:24:07 -0700] "GET /login HTTP/1.1" 200 1655
0:0:0:0:0:0:0:1 - - [04/Oct/2020:23:24:14 -0700] "POST /doLogin HTTP/1.1" 302 -
0:0:0:0:0:0:0:1 - - [04/Oct/2020:23:24:14 -0700] "GET /loginSuccessful HTTP/1.1" 200 585
0:0:0:0:0:0:0:1 - - [04/Oct/2020:23:24:16 -0700] "GET /search_book?title=Effective HTTP/1.1" 302 -
0:0:0:0:0:0:0:1 - - [04/Oct/2020:23:24:16 -0700] "GET /loginSuccessful HTTP/1.1" 200 668
0:0:0:0:0:0:0:1 - - [04/Oct/2020:23:24:20 -0700] "GET /search_book?title=Effective+Human+Relationship HTTP/1.1" 302 -
0:0:0:0:0:0:0:1 - - [04/Oct/2020:23:24:20 -0700] "GET /loginSuccessful HTTP/1.1" 200 668
0:0:0:0:0:0:0:1 - - [04/Oct/2020:23:26:11 -0700] "GET /login HTTP/1.1" 200 1655
0:0:0:0:0:0:0:1 - - [04/Oct/2020:23:26:11 -0700] "GET /login HTTP/1.1" 200 1655
0:0:0:0:0:0:0:1 - - [04/Oct/2020:23:26:16 -0700] "POST /doLogin HTTP/1.1" 302 -
0:0:0:0:0:0:0:1 - - [04/Oct/2020:23:26:16 -0700] "GET /loginSuccessful HTTP/1.1" 200 585
0:0:0:0:0:0:0:1 - - [04/Oct/2020:23:26:17 -0700] "GET /search_book?title=Effective HTTP/1.1" 302 -
0:0:0:0:0:0:0:1 - - [04/Oct/2020:23:26:17 -0700] "GET /loginSuccessful HTTP/1.1" 200 668
0:0:0:0:0:0:0:1 - - [04/Oct/2020:23:26:40 -0700] "GET /login HTTP/1.1" 200 1655
0:0:0:0:0:0:0:1 - - [04/Oct/2020:23:26:40 -0700] "GET /login HTTP/1.1" 200 1655
0:0:0:0:0:0:0:1 - - [04/Oct/2020:23:26:45 -0700] "GET /login HTTP/1.1" 200 1655
0:0:0:0:0:0:0:1 - - [04/Oct/2020:23:26:51 -0700] "POST /doLogin HTTP/1.1" 302 -
0:0:0:0:0:0:0:1 - - [04/Oct/2020:23:26:51 -0700] "GET /loginSuccessful HTTP/1.1" 200 585
0:0:0:0:0:0:0:1 - - [04/Oct/2020:23:26:52 -0700] "GET /search_book?title=Effective HTTP/1.1" 200 876
0:0:0:0:0:0:0:1 - - [04/Oct/2020:23:26:59 -0700] "GET /loginSuccessful HTTP/1.1" 200 585
0:0:0:0:0:0:0:1 - - [04/Oct/2020:23:27:01 -0700] "GET /search_book?title=Effective+Human+Relationship HTTP/1.1" 200 876
0:0:0:0:0:0:0:1 - - [04/Oct/2020:23:27:03 -0700] "GET /loginSuccessful HTTP/1.1" 200 585
0:0:0:0:0:0:0:1 - - [04/Oct/2020:23:27:08 -0700] "GET /search_book?title=Human HTTP/1.1" 200 876
0:0:0:0:0:0:0:1 - - [04/Oct/2020:23:28:34 -0700] "GET /login HTTP/1.1" 200 1655
0:0:0:0:0:0:0:1 - - [04/Oct/2020:23:28:34 -0700] "GET /login HTTP/1.1" 200 1655
0:0:0:0:0:0:0:1 - - [04/Oct/2020:23:28:39 -0700] "POST /doLogin HTTP/1.1" 302 -
0:0:0:0:0:0:0:1 - - [04/Oct/2020:23:28:39 -0700] "GET /loginSuccessful HTTP/1.1" 200 585
0:0:0:0:0:0:0:1 - - [04/Oct/2020:23:28:40 -0700] "GET /search_book?title=Effective HTTP/1.1" 404 306
0:0:0:0:0:0:0:1 - - [04/Oct/2020:23:28:58 -0700] "GET /login HTTP/1.1" 200 1655
0:0:0:0:0:0:0:1 - - [04/Oct/2020:23:28:59 -0700] "GET /login HTTP/1.1" 200 1655
0:0:0:0:0:0:0:1 - - [04/Oct/2020:23:29:04 -0700] "POST /doLogin HTTP/1.1" 302 -
0:0:0:0:0:0:0:1 - - [04/Oct/2020:23:29:04 -0700] "GET /loginSuccessful HTTP/1.1" 200 591
0:0:0:0:0:0:0:1 - - [04/Oct/2020:23:29:05 -0700] "GET /searchBookByTitle?title=Effective HTTP/1.1" 200 876
0:0:0:0:0:0:0:1 - - [04/Oct/2020:23:29:41 -0700] "GET /login HTTP/1.1" 200 1655
0:0:0:0:0:0:0:1 - - [04/Oct/2020:23:29:41 -0700] "GET /login HTTP/1.1" 200 1655
0:0:0:0:0:0:0:1 - - [04/Oct/2020:23:29:46 -0700] "POST /doLogin HTTP/1.1" 302 -
0:0:0:0:0:0:0:1 - - [04/Oct/2020:23:29:46 -0700] "GET /loginSuccessful HTTP/1.1" 200 890
0:0:0:0:0:0:0:1 - - [04/Oct/2020:23:29:55 -0700] "GET /searchBookByAuthor?author=Phan+Manh+Quynh HTTP/1.1" 302 -
0:0:0:0:0:0:0:1 - - [04/Oct/2020:23:29:55 -0700] "GET /loginSuccessful HTTP/1.1" 200 1056
0:0:0:0:0:0:0:1 - - [04/Oct/2020:23:48:06 -0700] "GET /loginSuccessfull HTTP/1.1" 404 306
0:0:0:0:0:0:0:1 - - [04/Oct/2020:23:48:08 -0700] "GET /login HTTP/1.1" 200 1655
0:0:0:0:0:0:0:1 - - [04/Oct/2020:23:48:09 -0700] "GET /login HTTP/1.1" 200 1655
0:0:0:0:0:0:0:1 - - [04/Oct/2020:23:48:14 -0700] "POST /doLogin HTTP/1.1" 302 -
0:0:0:0:0:0:0:1 - - [04/Oct/2020:23:48:14 -0700] "GET /loginSuccessful HTTP/1.1" 200 890
0:0:0:0:0:0:0:1 - - [04/Oct/2020:23:48:16 -0700] "GET /searchBookByAuthor?author=Phan+Manh+Quynh HTTP/1.1" 200 1010
0:0:0:0:0:0:0:1 - - [04/Oct/2020:23:48:53 -0700] "GET /loginSuccessful HTTP/1.1" 200 890
0:0:0:0:0:0:0:1 - - [04/Oct/2020:23:49:12 -0700] "GET /searchBookByAuthor?author=Phan HTTP/1.1" 200 1010
0:0:0:0:0:0:0:1 - - [04/Oct/2020:23:52:28 -0700] "GET /loginSuccessful HTTP/1.1" 200 890
0:0:0:0:0:0:0:1 - - [04/Oct/2020:23:52:32 -0700] "GET /searchBookByAuthor?author=Phansg HTTP/1.1" 302 -
0:0:0:0:0:0:0:1 - - [04/Oct/2020:23:52:32 -0700] "GET /loginSuccessful HTTP/1.1" 200 890
0:0:0:0:0:0:0:1 - - [04/Oct/2020:23:53:19 -0700] "GET /login HTTP/1.1" 200 1655
0:0:0:0:0:0:0:1 - - [04/Oct/2020:23:53:20 -0700] "GET /login HTTP/1.1" 200 1655
0:0:0:0:0:0:0:1 - - [04/Oct/2020:23:53:26 -0700] "POST /doLogin HTTP/1.1" 302 -
0:0:0:0:0:0:0:1 - - [04/Oct/2020:23:53:26 -0700] "GET /loginSuccessful HTTP/1.1" 200 890
0:0:0:0:0:0:0:1 - - [04/Oct/2020:23:53:29 -0700] "GET /searchBookByAuthor?author=aef HTTP/1.1" 302 -
0:0:0:0:0:0:0:1 - - [04/Oct/2020:23:53:29 -0700] "GET /loginSuccessful HTTP/1.1" 200 973
0:0:0:0:0:0:0:1 - - [04/Oct/2020:23:53:30 -0700] "GET /loginSuccessful HTTP/1.1" 200 890
