0:0:0:0:0:0:0:1 - - [20/Oct/2020:14:26:06 -0700] "GET /login HTTP/1.1" 200 1657
0:0:0:0:0:0:0:1 - - [20/Oct/2020:14:26:06 -0700] "GET /login HTTP/1.1" 200 1657
0:0:0:0:0:0:0:1 - - [20/Oct/2020:14:26:08 -0700] "POST /doLogin HTTP/1.1" 302 -
0:0:0:0:0:0:0:1 - - [20/Oct/2020:14:26:08 -0700] "GET /loginFailed HTTP/1.1" 302 -
0:0:0:0:0:0:0:1 - - [20/Oct/2020:14:26:08 -0700] "GET /login HTTP/1.1" 200 1657
0:0:0:0:0:0:0:1 - - [20/Oct/2020:14:26:15 -0700] "POST /doLogin HTTP/1.1" 302 -
0:0:0:0:0:0:0:1 - - [20/Oct/2020:14:26:15 -0700] "GET /loginFailed HTTP/1.1" 302 -
0:0:0:0:0:0:0:1 - - [20/Oct/2020:14:26:15 -0700] "GET /login HTTP/1.1" 200 1657
0:0:0:0:0:0:0:1 - - [20/Oct/2020:14:26:19 -0700] "GET /signup HTTP/1.1" 200 4862
0:0:0:0:0:0:0:1 - - [20/Oct/2020:14:26:19 -0700] "GET /js/pwstrength.js HTTP/1.1" 200 -
0:0:0:0:0:0:0:1 - - [20/Oct/2020:14:26:19 -0700] "GET /js/jquery-1.7.2.js HTTP/1.1" 200 293292
0:0:0:0:0:0:0:1 - - [20/Oct/2020:14:26:30 -0700] "POST /signup HTTP/1.1" 302 -
0:0:0:0:0:0:0:1 - - [20/Oct/2020:14:26:31 -0700] "GET /login HTTP/1.1" 200 1740
0:0:0:0:0:0:0:1 - - [20/Oct/2020:14:26:38 -0700] "GET /signup HTTP/1.1" 200 4862
0:0:0:0:0:0:0:1 - - [20/Oct/2020:14:26:38 -0700] "GET /js/pwstrength.js HTTP/1.1" 200 -
0:0:0:0:0:0:0:1 - - [20/Oct/2020:14:26:38 -0700] "GET /js/jquery-1.7.2.js HTTP/1.1" 200 293292
0:0:0:0:0:0:0:1 - - [20/Oct/2020:14:26:48 -0700] "POST /signup HTTP/1.1" 200 5035
0:0:0:0:0:0:0:1 - - [20/Oct/2020:14:26:48 -0700] "GET /js/pwstrength.js HTTP/1.1" 200 -
0:0:0:0:0:0:0:1 - - [20/Oct/2020:14:26:48 -0700] "GET /js/jquery-1.7.2.js HTTP/1.1" 200 293292
0:0:0:0:0:0:0:1 - - [20/Oct/2020:14:26:52 -0700] "POST /signup HTTP/1.1" 302 -
0:0:0:0:0:0:0:1 - - [20/Oct/2020:14:26:54 -0700] "POST /signup HTTP/1.1" 200 5095
0:0:0:0:0:0:0:1 - - [20/Oct/2020:14:26:54 -0700] "GET /js/pwstrength.js HTTP/1.1" 200 -
0:0:0:0:0:0:0:1 - - [20/Oct/2020:14:26:54 -0700] "GET /js/jquery-1.7.2.js HTTP/1.1" 200 293292
0:0:0:0:0:0:0:1 - - [20/Oct/2020:14:27:00 -0700] "GET /registrationConfirm?token=455ae7c4-c212-44ca-9ff5-a6605f6e2f91 HTTP/1.1" 302 -
0:0:0:0:0:0:0:1 - - [20/Oct/2020:14:27:00 -0700] "GET /login HTTP/1.1" 200 1740
0:0:0:0:0:0:0:1 - - [20/Oct/2020:14:27:15 -0700] "POST /signup HTTP/1.1" 200 5035
0:0:0:0:0:0:0:1 - - [20/Oct/2020:14:27:15 -0700] "GET /js/pwstrength.js HTTP/1.1" 200 -
0:0:0:0:0:0:0:1 - - [20/Oct/2020:14:27:15 -0700] "GET /js/jquery-1.7.2.js HTTP/1.1" 200 293292
0:0:0:0:0:0:0:1 - - [20/Oct/2020:14:27:27 -0700] "GET /registrationConfirm?token=279ade60-7895-455a-94f5-044a050373a2 HTTP/1.1" 302 -
0:0:0:0:0:0:0:1 - - [20/Oct/2020:14:27:27 -0700] "GET /login HTTP/1.1" 200 1730
0:0:0:0:0:0:0:1 - - [20/Oct/2020:14:27:50 -0700] "GET /login HTTP/1.1" 200 1657
0:0:0:0:0:0:0:1 - - [20/Oct/2020:14:27:56 -0700] "POST /doLogin HTTP/1.1" 302 -
0:0:0:0:0:0:0:1 - - [20/Oct/2020:14:27:56 -0700] "GET /loginSuccessful HTTP/1.1" 200 650
0:0:0:0:0:0:0:1 - - [20/Oct/2020:14:28:10 -0700] "GET /login HTTP/1.1" 200 1657
0:0:0:0:0:0:0:1 - - [20/Oct/2020:14:28:14 -0700] "POST /doLogin HTTP/1.1" 302 -
0:0:0:0:0:0:0:1 - - [20/Oct/2020:14:28:14 -0700] "GET /loginSuccessful HTTP/1.1" 200 650
0:0:0:0:0:0:0:1 - - [20/Oct/2020:14:28:19 -0700] "GET /searchBook HTTP/1.1" 200 678
0:0:0:0:0:0:0:1 - - [20/Oct/2020:14:28:20 -0700] "GET /searchBookByTitleOrAuthor?argument=Java HTTP/1.1" 200 1446
0:0:0:0:0:0:0:1 - - [20/Oct/2020:14:29:22 -0700] "GET /login HTTP/1.1" 200 1657
0:0:0:0:0:0:0:1 - - [20/Oct/2020:14:29:25 -0700] "POST /doLogin HTTP/1.1" 302 -
0:0:0:0:0:0:0:1 - - [20/Oct/2020:14:29:25 -0700] "GET /loginSuccessful HTTP/1.1" 200 650
0:0:0:0:0:0:0:1 - - [20/Oct/2020:14:29:28 -0700] "GET /searchBook HTTP/1.1" 200 678
0:0:0:0:0:0:0:1 - - [20/Oct/2020:14:29:30 -0700] "GET /searchBookByTitleOrAuthor?argument=Java HTTP/1.1" 200 1446
0:0:0:0:0:0:0:1 - - [20/Oct/2020:19:51:00 -0700] "GET /login HTTP/1.1" 200 1657
0:0:0:0:0:0:0:1 - - [20/Oct/2020:19:51:00 -0700] "GET /login HTTP/1.1" 200 1657
0:0:0:0:0:0:0:1 - - [20/Oct/2020:19:51:04 -0700] "POST /doLogin HTTP/1.1" 302 -
0:0:0:0:0:0:0:1 - - [20/Oct/2020:19:51:04 -0700] "GET /loginSuccessful HTTP/1.1" 200 650
0:0:0:0:0:0:0:1 - - [20/Oct/2020:19:51:08 -0700] "GET /searchBook HTTP/1.1" 200 678
0:0:0:0:0:0:0:1 - - [20/Oct/2020:19:51:09 -0700] "GET /searchBookByTitleOrAuthor?argument=Java HTTP/1.1" 200 1564
0:0:0:0:0:0:0:1 - - [20/Oct/2020:19:51:50 -0700] "GET /login HTTP/1.1" 200 1657
0:0:0:0:0:0:0:1 - - [20/Oct/2020:19:51:52 -0700] "POST /doLogin HTTP/1.1" 302 -
0:0:0:0:0:0:0:1 - - [20/Oct/2020:19:51:52 -0700] "GET /loginSuccessful HTTP/1.1" 200 650
0:0:0:0:0:0:0:1 - - [20/Oct/2020:19:51:53 -0700] "GET /searchBook HTTP/1.1" 200 678
0:0:0:0:0:0:0:1 - - [20/Oct/2020:19:51:54 -0700] "GET /searchBookByTitleOrAuthor?argument=Java HTTP/1.1" 200 1564
0:0:0:0:0:0:0:1 - - [20/Oct/2020:19:52:01 -0700] "GET /searchBookByTitleOrAuthor?argument=Java HTTP/1.1" 200 1564
0:0:0:0:0:0:0:1 - - [20/Oct/2020:20:03:59 -0700] "GET /login HTTP/1.1" 200 1657
0:0:0:0:0:0:0:1 - - [20/Oct/2020:20:03:59 -0700] "GET /login HTTP/1.1" 200 1657
0:0:0:0:0:0:0:1 - - [20/Oct/2020:20:04:02 -0700] "POST /doLogin HTTP/1.1" 302 -
0:0:0:0:0:0:0:1 - - [20/Oct/2020:20:04:02 -0700] "GET /loginSuccessful HTTP/1.1" 200 650
0:0:0:0:0:0:0:1 - - [20/Oct/2020:20:04:03 -0700] "GET /searchBook HTTP/1.1" 200 678
0:0:0:0:0:0:0:1 - - [20/Oct/2020:20:04:05 -0700] "GET /searchBookByTitleOrAuthor?argument=Java HTTP/1.1" 200 1693
0:0:0:0:0:0:0:1 - - [20/Oct/2020:20:15:13 -0700] "GET /searchBookByTitleOrAuthor?argument=Java HTTP/1.1" 200 1927
0:0:0:0:0:0:0:1 - - [20/Oct/2020:20:20:14 -0700] "GET /login HTTP/1.1" 200 1657
0:0:0:0:0:0:0:1 - - [20/Oct/2020:20:20:14 -0700] "GET /login HTTP/1.1" 200 1657
0:0:0:0:0:0:0:1 - - [20/Oct/2020:20:20:17 -0700] "POST /doLogin HTTP/1.1" 302 -
0:0:0:0:0:0:0:1 - - [20/Oct/2020:20:20:17 -0700] "GET /loginSuccessful HTTP/1.1" 200 650
0:0:0:0:0:0:0:1 - - [20/Oct/2020:20:20:18 -0700] "GET /searchBook HTTP/1.1" 200 678
0:0:0:0:0:0:0:1 - - [20/Oct/2020:20:20:20 -0700] "GET /searchBookByTitleOrAuthor?argument=Java HTTP/1.1" 200 1927
0:0:0:0:0:0:0:1 - - [20/Oct/2020:20:20:22 -0700] "GET /moreDetails? HTTP/1.1" 400 9499
0:0:0:0:0:0:0:1 - - [20/Oct/2020:20:22:24 -0700] "GET /login HTTP/1.1" 200 1657
0:0:0:0:0:0:0:1 - - [20/Oct/2020:20:22:28 -0700] "POST /doLogin HTTP/1.1" 302 -
0:0:0:0:0:0:0:1 - - [20/Oct/2020:20:22:28 -0700] "GET /loginSuccessful HTTP/1.1" 200 650
0:0:0:0:0:0:0:1 - - [20/Oct/2020:20:22:29 -0700] "GET /searchBook HTTP/1.1" 200 678
0:0:0:0:0:0:0:1 - - [20/Oct/2020:20:22:30 -0700] "GET /searchBookByTitleOrAuthor?argument=Java HTTP/1.1" 200 1929
0:0:0:0:0:0:0:1 - - [20/Oct/2020:20:22:31 -0700] "GET /moreDetails? HTTP/1.1" 400 9499
0:0:0:0:0:0:0:1 - - [20/Oct/2020:20:30:03 -0700] "GET /login HTTP/1.1" 200 1657
0:0:0:0:0:0:0:1 - - [20/Oct/2020:20:30:03 -0700] "GET /login HTTP/1.1" 200 1657
0:0:0:0:0:0:0:1 - - [20/Oct/2020:20:30:06 -0700] "POST /doLogin HTTP/1.1" 302 -
0:0:0:0:0:0:0:1 - - [20/Oct/2020:20:30:06 -0700] "GET /loginSuccessful HTTP/1.1" 200 650
0:0:0:0:0:0:0:1 - - [20/Oct/2020:20:30:07 -0700] "GET /searchBook HTTP/1.1" 200 678
0:0:0:0:0:0:0:1 - - [20/Oct/2020:20:30:09 -0700] "GET /searchBookByTitleOrAuthor?argument=Java HTTP/1.1" 200 1961
0:0:0:0:0:0:0:1 - - [20/Oct/2020:20:30:09 -0700] "GET /moreDetails?bookItem=More+Details HTTP/1.1" 400 12466
0:0:0:0:0:0:0:1 - - [20/Oct/2020:20:32:20 -0700] "GET /login HTTP/1.1" 200 1657
0:0:0:0:0:0:0:1 - - [20/Oct/2020:20:32:23 -0700] "POST /doLogin HTTP/1.1" 302 -
0:0:0:0:0:0:0:1 - - [20/Oct/2020:20:32:23 -0700] "GET /loginSuccessful HTTP/1.1" 200 650
0:0:0:0:0:0:0:1 - - [20/Oct/2020:20:32:24 -0700] "GET /searchBook HTTP/1.1" 200 678
0:0:0:0:0:0:0:1 - - [20/Oct/2020:20:32:25 -0700] "GET /searchBookByTitleOrAuthor?argument=Java HTTP/1.1" 200 1961
0:0:0:0:0:0:0:1 - - [20/Oct/2020:20:33:47 -0700] "GET /searchBookByTitleOrAuthor?argument=Java HTTP/1.1" 200 2008
0:0:0:0:0:0:0:1 - - [20/Oct/2020:20:34:09 -0700] "GET /searchBookByTitleOrAuthor?argument=Java HTTP/1.1" 200 1963
0:0:0:0:0:0:0:1 - - [20/Oct/2020:20:34:18 -0700] "GET /searchBookByTitleOrAuthor?argument=Java HTTP/1.1" 200 2052
0:0:0:0:0:0:0:1 - - [20/Oct/2020:20:34:20 -0700] "GET /moreDetails?bookItem=More+Details HTTP/1.1" 400 12466
0:0:0:0:0:0:0:1 - - [20/Oct/2020:20:36:38 -0700] "GET /login HTTP/1.1" 200 1657
0:0:0:0:0:0:0:1 - - [20/Oct/2020:20:36:38 -0700] "GET /login HTTP/1.1" 200 1657
0:0:0:0:0:0:0:1 - - [20/Oct/2020:20:36:41 -0700] "POST /doLogin HTTP/1.1" 302 -
0:0:0:0:0:0:0:1 - - [20/Oct/2020:20:36:41 -0700] "GET /loginSuccessful HTTP/1.1" 200 650
0:0:0:0:0:0:0:1 - - [20/Oct/2020:20:36:42 -0700] "GET /searchBook HTTP/1.1" 200 678
0:0:0:0:0:0:0:1 - - [20/Oct/2020:20:36:43 -0700] "GET /searchBookByTitleOrAuthor?argument=Java HTTP/1.1" 200 2134
0:0:0:0:0:0:0:1 - - [20/Oct/2020:20:50:01 -0700] "GET /searchBookByTitleOrAuthor?argument=Java HTTP/1.1" 200 2126
0:0:0:0:0:0:0:1 - - [20/Oct/2020:20:50:14 -0700] "GET /searchBookByTitleOrAuthor?argument=Java HTTP/1.1" 200 1901
0:0:0:0:0:0:0:1 - - [20/Oct/2020:20:50:16 -0700] "GET /moreDetails?bookItem=Submit HTTP/1.1" 400 12428
0:0:0:0:0:0:0:1 - - [20/Oct/2020:20:56:02 -0700] "GET /searchBookByTitleOrAuthor?argument=Java HTTP/1.1" 200 1901
0:0:0:0:0:0:0:1 - - [20/Oct/2020:20:56:12 -0700] "GET /searchBookByTitleOrAuthor?argument=Java HTTP/1.1" 200 2168
0:0:0:0:0:0:0:1 - - [20/Oct/2020:20:57:00 -0700] "GET /searchBookByTitleOrAuthor?argument=Java HTTP/1.1" 200 1937
0:0:0:0:0:0:0:1 - - [20/Oct/2020:21:04:28 -0700] "GET /searchBookByTitleOrAuthor?argument=Java HTTP/1.1" 200 2023
0:0:0:0:0:0:0:1 - - [20/Oct/2020:21:04:29 -0700] "GET /moreDetails?bookItem=%24%7BbookItem%7D HTTP/1.1" 400 12463
0:0:0:0:0:0:0:1 - - [20/Oct/2020:21:05:30 -0700] "GET /login HTTP/1.1" 200 1657
0:0:0:0:0:0:0:1 - - [20/Oct/2020:21:05:30 -0700] "GET /login HTTP/1.1" 200 1657
0:0:0:0:0:0:0:1 - - [20/Oct/2020:21:05:33 -0700] "POST /doLogin HTTP/1.1" 302 -
0:0:0:0:0:0:0:1 - - [20/Oct/2020:21:05:33 -0700] "GET /loginSuccessful HTTP/1.1" 200 650
0:0:0:0:0:0:0:1 - - [20/Oct/2020:21:05:34 -0700] "GET /searchBook HTTP/1.1" 200 678
0:0:0:0:0:0:0:1 - - [20/Oct/2020:21:05:35 -0700] "GET /searchBookByTitleOrAuthor?argument=Java HTTP/1.1" 200 2023
0:0:0:0:0:0:0:1 - - [20/Oct/2020:21:05:36 -0700] "GET /moreDetails?bookItem=%24%7BbookItem%7D HTTP/1.1" 200 734
0:0:0:0:0:0:0:1 - - [20/Oct/2020:21:06:49 -0700] "GET /searchBookByTitleOrAuthor?argument=Java HTTP/1.1" 200 2072
0:0:0:0:0:0:0:1 - - [20/Oct/2020:21:06:51 -0700] "GET /searchBookByTitleOrAuthor?argument=Java HTTP/1.1" 200 2072
0:0:0:0:0:0:0:1 - - [20/Oct/2020:21:06:53 -0700] "GET /moreDetails?bookItem=com.baeldung.lss.book.Books%403317ba8 HTTP/1.1" 200 734
0:0:0:0:0:0:0:1 - - [20/Oct/2020:21:07:46 -0700] "GET /searchBookByTitleOrAuthor?argument=Java HTTP/1.1" 200 2073
0:0:0:0:0:0:0:1 - - [20/Oct/2020:21:07:47 -0700] "GET /searchBookByTitleOrAuthor?argument=Java HTTP/1.1" 200 2073
0:0:0:0:0:0:0:1 - - [20/Oct/2020:21:07:48 -0700] "GET /moreDetails?bookItem=com.baeldung.lss.book.Books%401635eb98 HTTP/1.1" 400 12638
0:0:0:0:0:0:0:1 - - [20/Oct/2020:21:08:26 -0700] "GET /login HTTP/1.1" 200 1657
0:0:0:0:0:0:0:1 - - [20/Oct/2020:21:08:30 -0700] "POST /doLogin HTTP/1.1" 302 -
0:0:0:0:0:0:0:1 - - [20/Oct/2020:21:08:30 -0700] "GET /loginSuccessful HTTP/1.1" 200 650
0:0:0:0:0:0:0:1 - - [20/Oct/2020:21:08:31 -0700] "GET /searchBook HTTP/1.1" 200 678
0:0:0:0:0:0:0:1 - - [20/Oct/2020:21:08:32 -0700] "GET /searchBookByTitleOrAuthor?argument=Java HTTP/1.1" 200 2073
0:0:0:0:0:0:0:1 - - [20/Oct/2020:21:08:33 -0700] "GET /moreDetails?bookItem=com.baeldung.lss.book.Books%40692883c0 HTTP/1.1" 200 734
0:0:0:0:0:0:0:1 - - [20/Oct/2020:21:09:37 -0700] "GET /searchBookByTitleOrAuthor?argument=Java HTTP/1.1" 200 2003
0:0:0:0:0:0:0:1 - - [20/Oct/2020:21:09:38 -0700] "GET /searchBookByTitleOrAuthor?argument=Java HTTP/1.1" 200 2003
0:0:0:0:0:0:0:1 - - [20/Oct/2020:21:09:39 -0700] "GET /moreDetails?bookItem=1 HTTP/1.1" 200 734
0:0:0:0:0:0:0:1 - - [20/Oct/2020:21:20:55 -0700] "GET /login HTTP/1.1" 200 1657
0:0:0:0:0:0:0:1 - - [20/Oct/2020:21:20:56 -0700] "GET /login HTTP/1.1" 200 1657
0:0:0:0:0:0:0:1 - - [20/Oct/2020:21:21:02 -0700] "POST /doLogin HTTP/1.1" 302 -
0:0:0:0:0:0:0:1 - - [20/Oct/2020:21:21:02 -0700] "GET /loginSuccessful HTTP/1.1" 200 650
0:0:0:0:0:0:0:1 - - [20/Oct/2020:21:21:03 -0700] "GET /searchBook HTTP/1.1" 200 678
0:0:0:0:0:0:0:1 - - [20/Oct/2020:21:21:04 -0700] "GET /searchBookByTitleOrAuthor?argument=Java HTTP/1.1" 200 2003
0:0:0:0:0:0:0:1 - - [20/Oct/2020:21:21:06 -0700] "GET /moreDetails?bookItem=1 HTTP/1.1" 200 652
0:0:0:0:0:0:0:1 - - [20/Oct/2020:21:21:40 -0700] "GET /searchBookByTitleOrAuthor?argument=Java HTTP/1.1" 200 2003
0:0:0:0:0:0:0:1 - - [20/Oct/2020:21:21:41 -0700] "GET /searchBookByTitleOrAuthor?argument=Java HTTP/1.1" 200 2003
0:0:0:0:0:0:0:1 - - [20/Oct/2020:21:21:43 -0700] "GET /moreDetails?bookItem=1 HTTP/1.1" 200 652
0:0:0:0:0:0:0:1 - - [20/Oct/2020:21:23:24 -0700] "GET /searchBookByTitleOrAuthor?argument=Java HTTP/1.1" 200 2003
0:0:0:0:0:0:0:1 - - [20/Oct/2020:21:23:25 -0700] "GET /searchBookByTitleOrAuthor?argument=Java HTTP/1.1" 200 2003
0:0:0:0:0:0:0:1 - - [20/Oct/2020:21:23:25 -0700] "GET /moreDetails?bookItem=1 HTTP/1.1" 200 652
0:0:0:0:0:0:0:1 - - [20/Oct/2020:21:23:52 -0700] "GET /searchBookByTitleOrAuthor?argument=Java HTTP/1.1" 200 2003
0:0:0:0:0:0:0:1 - - [20/Oct/2020:21:23:53 -0700] "GET /searchBookByTitleOrAuthor?argument=Java HTTP/1.1" 200 2003
0:0:0:0:0:0:0:1 - - [20/Oct/2020:21:23:54 -0700] "GET /moreDetails?bookItem=1 HTTP/1.1" 200 652
0:0:0:0:0:0:0:1 - - [20/Oct/2020:21:24:22 -0700] "GET /searchBookByTitleOrAuthor?argument=Java HTTP/1.1" 200 2003
0:0:0:0:0:0:0:1 - - [20/Oct/2020:21:24:23 -0700] "GET /searchBookByTitleOrAuthor?argument=Java HTTP/1.1" 200 2003
0:0:0:0:0:0:0:1 - - [20/Oct/2020:21:24:24 -0700] "GET /moreDetails?bookItem=1 HTTP/1.1" 200 652
0:0:0:0:0:0:0:1 - - [20/Oct/2020:21:26:38 -0700] "GET /searchBookByTitleOrAuthor?argument=Java HTTP/1.1" 200 2003
0:0:0:0:0:0:0:1 - - [20/Oct/2020:21:26:39 -0700] "GET /searchBookByTitleOrAuthor?argument=Java HTTP/1.1" 200 2003
0:0:0:0:0:0:0:1 - - [20/Oct/2020:21:26:40 -0700] "GET /moreDetails?bookItem=1 HTTP/1.1" 200 652
0:0:0:0:0:0:0:1 - - [20/Oct/2020:21:27:01 -0700] "GET /searchBookByTitleOrAuthor?argument=Java HTTP/1.1" 200 2003
0:0:0:0:0:0:0:1 - - [20/Oct/2020:21:27:02 -0700] "GET /searchBookByTitleOrAuthor?argument=Java HTTP/1.1" 200 2003
0:0:0:0:0:0:0:1 - - [20/Oct/2020:21:27:03 -0700] "GET /moreDetails?bookItem=1 HTTP/1.1" 200 652
0:0:0:0:0:0:0:1 - - [20/Oct/2020:21:28:52 -0700] "GET /searchBookByTitleOrAuthor?argument=Java HTTP/1.1" 200 2003
0:0:0:0:0:0:0:1 - - [20/Oct/2020:21:28:53 -0700] "GET /searchBookByTitleOrAuthor?argument=Java HTTP/1.1" 200 2003
0:0:0:0:0:0:0:1 - - [20/Oct/2020:21:28:54 -0700] "GET /moreDetails?bookItem=1 HTTP/1.1" 200 652
0:0:0:0:0:0:0:1 - - [20/Oct/2020:21:29:48 -0700] "GET /searchBookByTitleOrAuthor?argument=Java HTTP/1.1" 200 2003
0:0:0:0:0:0:0:1 - - [20/Oct/2020:21:29:53 -0700] "GET /searchBookByTitleOrAuthor?argument=Java HTTP/1.1" 200 2003
0:0:0:0:0:0:0:1 - - [20/Oct/2020:21:29:56 -0700] "GET /moreDetails?bookItem=1 HTTP/1.1" 200 652
0:0:0:0:0:0:0:1 - - [20/Oct/2020:21:34:20 -0700] "GET /searchBookByTitleOrAuthor?argument=Java HTTP/1.1" 200 2003
0:0:0:0:0:0:0:1 - - [20/Oct/2020:21:34:21 -0700] "GET /searchBookByTitleOrAuthor?argument=Java HTTP/1.1" 200 2003
0:0:0:0:0:0:0:1 - - [20/Oct/2020:21:34:21 -0700] "GET /moreDetails?bookItem=1 HTTP/1.1" 200 833
0:0:0:0:0:0:0:1 - - [20/Oct/2020:21:34:26 -0700] "GET /searchBookByTitleOrAuthor?argument=Java HTTP/1.1" 200 2003
0:0:0:0:0:0:0:1 - - [20/Oct/2020:21:34:33 -0700] "GET /moreDetails?bookItem=1 HTTP/1.1" 200 833
0:0:0:0:0:0:0:1 - - [20/Oct/2020:21:34:35 -0700] "GET /searchBookByTitleOrAuthor?argument=Java HTTP/1.1" 200 2003
0:0:0:0:0:0:0:1 - - [20/Oct/2020:21:34:36 -0700] "GET /moreDetails?bookItem=2 HTTP/1.1" 200 652
0:0:0:0:0:0:0:1 - - [20/Oct/2020:21:34:38 -0700] "GET /searchBookByTitleOrAuthor?argument=Java HTTP/1.1" 200 2003
0:0:0:0:0:0:0:1 - - [20/Oct/2020:21:35:13 -0700] "GET /moreDetails?bookItem=1 HTTP/1.1" 200 833
0:0:0:0:0:0:0:1 - - [20/Oct/2020:21:35:52 -0700] "GET /moreDetails?bookItem=1 HTTP/1.1" 500 12605
0:0:0:0:0:0:0:1 - - [20/Oct/2020:21:36:49 -0700] "GET /moreDetails?bookItem=1 HTTP/1.1" 200 835
0:0:0:0:0:0:0:1 - - [20/Oct/2020:21:37:08 -0700] "GET /moreDetails?bookItem=1 HTTP/1.1" 200 841
0:0:0:0:0:0:0:1 - - [20/Oct/2020:21:37:09 -0700] "GET /searchBookByTitleOrAuthor?argument=Java HTTP/1.1" 200 2003
0:0:0:0:0:0:0:1 - - [20/Oct/2020:21:37:13 -0700] "GET /searchBookByTitleOrAuthor?argument=Java HTTP/1.1" 200 2003
0:0:0:0:0:0:0:1 - - [20/Oct/2020:21:37:16 -0700] "GET /moreDetails?bookItem=1 HTTP/1.1" 200 841
0:0:0:0:0:0:0:1 - - [20/Oct/2020:21:40:30 -0700] "GET /searchBookByTitleOrAuthor?argument=Java HTTP/1.1" 200 2003
0:0:0:0:0:0:0:1 - - [20/Oct/2020:21:40:48 -0700] "GET /moreDetails?bookItem=1 HTTP/1.1" 200 841
0:0:0:0:0:0:0:1 - - [20/Oct/2020:21:41:04 -0700] "GET /searchBookByTitleOrAuthor?argument=Java HTTP/1.1" 200 2003
0:0:0:0:0:0:0:1 - - [20/Oct/2020:21:41:48 -0700] "GET /searchBook HTTP/1.1" 200 678
0:0:0:0:0:0:0:1 - - [20/Oct/2020:21:41:49 -0700] "GET /loginSuccessful HTTP/1.1" 200 650
0:0:0:0:0:0:0:1 - - [20/Oct/2020:21:41:50 -0700] "GET /searchCourses HTTP/1.1" 200 547
0:0:0:0:0:0:0:1 - - [20/Oct/2020:21:41:51 -0700] "GET /searchCoursesByTitle?title=COMSC-75 HTTP/1.1" 200 1621
0:0:0:0:0:0:0:1 - - [20/Oct/2020:21:41:53 -0700] "GET /registerForClassess?regIdClasses=10101&regIdClasses=10102 HTTP/1.1" 302 -
0:0:0:0:0:0:0:1 - - [20/Oct/2020:21:41:53 -0700] "GET /loginSuccessful HTTP/1.1" 200 650
0:0:0:0:0:0:0:1 - - [20/Oct/2020:21:41:54 -0700] "GET /getAllRequiredBooks HTTP/1.1" 200 2003
0:0:0:0:0:0:0:1 - - [20/Oct/2020:21:42:19 -0700] "GET /loginSuccessful HTTP/1.1" 200 650
0:0:0:0:0:0:0:1 - - [20/Oct/2020:21:43:30 -0700] "GET /searchBook HTTP/1.1" 200 678
0:0:0:0:0:0:0:1 - - [20/Oct/2020:21:43:33 -0700] "GET /searchBookByTitleOrAuthor?argument=Java HTTP/1.1" 200 2003
0:0:0:0:0:0:0:1 - - [20/Oct/2020:21:43:35 -0700] "GET /moreDetails?bookItem=2 HTTP/1.1" 200 652
0:0:0:0:0:0:0:1 - - [20/Oct/2020:21:43:36 -0700] "GET /searchBookByTitleOrAuthor?argument=Java HTTP/1.1" 200 2003
0:0:0:0:0:0:0:1 - - [20/Oct/2020:21:44:47 -0700] "GET /moreDetails?bookItem=1 HTTP/1.1" 200 841
192.168.1.200 - - [20/Oct/2020:23:02:07 -0700] "GET / HTTP/1.1" 302 -
192.168.1.200 - - [20/Oct/2020:23:02:07 -0700] "GET /login HTTP/1.1" 200 1657
