0:0:0:0:0:0:0:1 - - [09/Oct/2020:02:18:05 -0700] "GET /login HTTP/1.1" 200 1655
0:0:0:0:0:0:0:1 - - [09/Oct/2020:02:18:05 -0700] "GET /login HTTP/1.1" 200 1655
0:0:0:0:0:0:0:1 - - [09/Oct/2020:02:18:07 -0700] "GET /signup HTTP/1.1" 200 4862
0:0:0:0:0:0:0:1 - - [09/Oct/2020:02:18:07 -0700] "GET /js/pwstrength.js HTTP/1.1" 200 -
0:0:0:0:0:0:0:1 - - [09/Oct/2020:02:18:07 -0700] "GET /js/jquery-1.7.2.js HTTP/1.1" 200 293292
0:0:0:0:0:0:0:1 - - [09/Oct/2020:02:18:16 -0700] "POST /signup HTTP/1.1" 500 12576
0:0:0:0:0:0:0:1 - - [09/Oct/2020:02:18:49 -0700] "GET /signup HTTP/1.1" 200 4862
0:0:0:0:0:0:0:1 - - [09/Oct/2020:02:18:49 -0700] "GET /js/pwstrength.js HTTP/1.1" 200 -
0:0:0:0:0:0:0:1 - - [09/Oct/2020:02:18:49 -0700] "GET /js/jquery-1.7.2.js HTTP/1.1" 200 293292
0:0:0:0:0:0:0:1 - - [09/Oct/2020:02:18:52 -0700] "POST /signup HTTP/1.1" 200 5014
0:0:0:0:0:0:0:1 - - [09/Oct/2020:02:18:52 -0700] "GET /js/pwstrength.js HTTP/1.1" 200 -
0:0:0:0:0:0:0:1 - - [09/Oct/2020:02:18:52 -0700] "GET /js/jquery-1.7.2.js HTTP/1.1" 200 293292
0:0:0:0:0:0:0:1 - - [09/Oct/2020:02:18:56 -0700] "POST /signup HTTP/1.1" 200 5038
0:0:0:0:0:0:0:1 - - [09/Oct/2020:02:18:56 -0700] "GET /js/pwstrength.js HTTP/1.1" 200 -
0:0:0:0:0:0:0:1 - - [09/Oct/2020:02:18:56 -0700] "GET /js/jquery-1.7.2.js HTTP/1.1" 200 293292
0:0:0:0:0:0:0:1 - - [09/Oct/2020:02:19:52 -0700] "GET /signup HTTP/1.1" 200 4862
0:0:0:0:0:0:0:1 - - [09/Oct/2020:02:19:52 -0700] "GET /js/pwstrength.js HTTP/1.1" 200 -
0:0:0:0:0:0:0:1 - - [09/Oct/2020:02:19:52 -0700] "GET /js/jquery-1.7.2.js HTTP/1.1" 200 293292
0:0:0:0:0:0:0:1 - - [09/Oct/2020:02:20:09 -0700] "POST /signup HTTP/1.1" 302 -
0:0:0:0:0:0:0:1 - - [09/Oct/2020:02:20:09 -0700] "GET /login HTTP/1.1" 200 1738
0:0:0:0:0:0:0:1 - - [09/Oct/2020:02:20:15 -0700] "GET /registrationConfirm?token=8d148407-a127-4640-b3f3-74bb867245ae HTTP/1.1" 302 -
0:0:0:0:0:0:0:1 - - [09/Oct/2020:02:20:15 -0700] "GET /login HTTP/1.1" 200 1728
0:0:0:0:0:0:0:1 - - [09/Oct/2020:02:20:19 -0700] "GET /forgetPassword HTTP/1.1" 200 1885
0:0:0:0:0:0:0:1 - - [09/Oct/2020:02:20:19 -0700] "GET /js/pwstrength.js HTTP/1.1" 200 -
0:0:0:0:0:0:0:1 - - [09/Oct/2020:02:20:19 -0700] "GET /js/jquery-1.7.2.js HTTP/1.1" 200 293292
0:0:0:0:0:0:0:1 - - [09/Oct/2020:02:21:18 -0700] "POST /changePassword HTTP/1.1" 302 -
0:0:0:0:0:0:0:1 - - [09/Oct/2020:02:21:18 -0700] "GET /login HTTP/1.1" 200 1738
0:0:0:0:0:0:0:1 - - [09/Oct/2020:02:21:22 -0700] "GET /resetPasswordConfirm?token=c935c127-b3e3-4c86-a4da-527f2290f913 HTTP/1.1" 302 -
0:0:0:0:0:0:0:1 - - [09/Oct/2020:02:21:22 -0700] "GET /login HTTP/1.1" 200 1655
0:0:0:0:0:0:0:1 - - [09/Oct/2020:02:21:40 -0700] "GET /resetPasswordConfirm?token=c935c127-b3e3-4c86-a4da-527f2290f913 HTTP/1.1" 302 -
0:0:0:0:0:0:0:1 - - [09/Oct/2020:02:21:40 -0700] "GET /login HTTP/1.1" 200 1655
0:0:0:0:0:0:0:1 - - [09/Oct/2020:02:35:21 -0700] "GET /login HTTP/1.1" 200 1655
0:0:0:0:0:0:0:1 - - [09/Oct/2020:02:35:26 -0700] "GET /signup HTTP/1.1" 200 4862
0:0:0:0:0:0:0:1 - - [09/Oct/2020:02:35:26 -0700] "GET /js/pwstrength.js HTTP/1.1" 200 -
0:0:0:0:0:0:0:1 - - [09/Oct/2020:02:35:26 -0700] "GET /js/jquery-1.7.2.js HTTP/1.1" 200 293292
0:0:0:0:0:0:0:1 - - [09/Oct/2020:02:35:44 -0700] "POST /signup HTTP/1.1" 302 -
0:0:0:0:0:0:0:1 - - [09/Oct/2020:02:35:44 -0700] "GET /login HTTP/1.1" 200 1738
0:0:0:0:0:0:0:1 - - [09/Oct/2020:02:35:47 -0700] "GET /registrationConfirm?token=5990cb50-5976-46de-95b0-ff14d5585f9c HTTP/1.1" 302 -
0:0:0:0:0:0:0:1 - - [09/Oct/2020:02:35:47 -0700] "GET /login HTTP/1.1" 200 1728
0:0:0:0:0:0:0:1 - - [09/Oct/2020:02:35:51 -0700] "GET /forgetPassword HTTP/1.1" 200 1885
0:0:0:0:0:0:0:1 - - [09/Oct/2020:02:35:51 -0700] "GET /js/pwstrength.js HTTP/1.1" 200 -
0:0:0:0:0:0:0:1 - - [09/Oct/2020:02:35:51 -0700] "GET /js/jquery-1.7.2.js HTTP/1.1" 200 293292
0:0:0:0:0:0:0:1 - - [09/Oct/2020:02:36:13 -0700] "POST /changePassword HTTP/1.1" 302 -
0:0:0:0:0:0:0:1 - - [09/Oct/2020:02:36:13 -0700] "GET /login HTTP/1.1" 200 1738
0:0:0:0:0:0:0:1 - - [09/Oct/2020:02:36:18 -0700] "GET /resetPasswordConfirm?token=d3e9987c-2713-4a6f-a39d-d1067e30aa10 HTTP/1.1" 302 -
0:0:0:0:0:0:0:1 - - [09/Oct/2020:02:36:18 -0700] "GET /login HTTP/1.1" 200 1655
0:0:0:0:0:0:0:1 - - [09/Oct/2020:02:36:25 -0700] "POST /doLogin HTTP/1.1" 302 -
0:0:0:0:0:0:0:1 - - [09/Oct/2020:02:36:25 -0700] "GET /loginFailed HTTP/1.1" 302 -
0:0:0:0:0:0:0:1 - - [09/Oct/2020:02:36:25 -0700] "GET /login HTTP/1.1" 200 1655
0:0:0:0:0:0:0:1 - - [09/Oct/2020:02:36:35 -0700] "POST /doLogin HTTP/1.1" 302 -
0:0:0:0:0:0:0:1 - - [09/Oct/2020:02:36:35 -0700] "GET /loginFailed HTTP/1.1" 302 -
0:0:0:0:0:0:0:1 - - [09/Oct/2020:02:36:35 -0700] "GET /login HTTP/1.1" 200 1655
0:0:0:0:0:0:0:1 - - [09/Oct/2020:02:36:40 -0700] "POST /doLogin HTTP/1.1" 302 -
0:0:0:0:0:0:0:1 - - [09/Oct/2020:02:36:40 -0700] "GET /loginSuccessful HTTP/1.1" 200 513
0:0:0:0:0:0:0:1 - - [09/Oct/2020:02:47:09 -0700] "GET /login HTTP/1.1" 200 1655
0:0:0:0:0:0:0:1 - - [09/Oct/2020:02:47:09 -0700] "GET /login HTTP/1.1" 200 1655
0:0:0:0:0:0:0:1 - - [09/Oct/2020:02:47:17 -0700] "GET /signup HTTP/1.1" 200 4862
0:0:0:0:0:0:0:1 - - [09/Oct/2020:02:47:17 -0700] "GET /js/pwstrength.js HTTP/1.1" 200 -
0:0:0:0:0:0:0:1 - - [09/Oct/2020:02:47:17 -0700] "GET /js/jquery-1.7.2.js HTTP/1.1" 200 293292
0:0:0:0:0:0:0:1 - - [09/Oct/2020:02:47:34 -0700] "POST /signup HTTP/1.1" 302 -
0:0:0:0:0:0:0:1 - - [09/Oct/2020:02:47:34 -0700] "GET /login HTTP/1.1" 200 1738
0:0:0:0:0:0:0:1 - - [09/Oct/2020:02:47:41 -0700] "GET /registrationConfirm?token=cfc4ec9d-9879-47e3-ab65-190b3aba2633 HTTP/1.1" 302 -
0:0:0:0:0:0:0:1 - - [09/Oct/2020:02:47:41 -0700] "GET /login HTTP/1.1" 200 1728
0:0:0:0:0:0:0:1 - - [09/Oct/2020:02:47:46 -0700] "POST /doLogin HTTP/1.1" 302 -
0:0:0:0:0:0:0:1 - - [09/Oct/2020:02:47:46 -0700] "GET /loginSuccessful HTTP/1.1" 200 513
0:0:0:0:0:0:0:1 - - [09/Oct/2020:02:47:48 -0700] "GET /login HTTP/1.1" 200 1655
0:0:0:0:0:0:0:1 - - [09/Oct/2020:02:47:49 -0700] "GET /forgetPassword HTTP/1.1" 200 1885
0:0:0:0:0:0:0:1 - - [09/Oct/2020:02:47:49 -0700] "GET /js/pwstrength.js HTTP/1.1" 200 -
0:0:0:0:0:0:0:1 - - [09/Oct/2020:02:47:49 -0700] "GET /js/jquery-1.7.2.js HTTP/1.1" 200 293292
0:0:0:0:0:0:0:1 - - [09/Oct/2020:02:47:57 -0700] "POST /changePassword HTTP/1.1" 302 -
0:0:0:0:0:0:0:1 - - [09/Oct/2020:02:47:57 -0700] "GET /login HTTP/1.1" 200 1738
0:0:0:0:0:0:0:1 - - [09/Oct/2020:02:48:02 -0700] "GET /resetPasswordConfirm?token=822df242-1d08-4316-874e-5f8bfb3e484e HTTP/1.1" 404 306
0:0:0:0:0:0:0:1 - - [09/Oct/2020:02:49:36 -0700] "GET /login HTTP/1.1" 200 1655
0:0:0:0:0:0:0:1 - - [09/Oct/2020:02:49:37 -0700] "GET /signup HTTP/1.1" 200 4862
0:0:0:0:0:0:0:1 - - [09/Oct/2020:02:49:37 -0700] "GET /js/pwstrength.js HTTP/1.1" 200 -
0:0:0:0:0:0:0:1 - - [09/Oct/2020:02:49:37 -0700] "GET /js/jquery-1.7.2.js HTTP/1.1" 200 293292
0:0:0:0:0:0:0:1 - - [09/Oct/2020:02:49:47 -0700] "POST /signup HTTP/1.1" 302 -
0:0:0:0:0:0:0:1 - - [09/Oct/2020:02:49:47 -0700] "GET /login HTTP/1.1" 200 1738
0:0:0:0:0:0:0:1 - - [09/Oct/2020:02:49:50 -0700] "GET /registrationConfirm?token=84182f97-f76a-42d1-9c7d-86cf597850cd HTTP/1.1" 302 -
0:0:0:0:0:0:0:1 - - [09/Oct/2020:02:49:50 -0700] "GET /login HTTP/1.1" 200 1728
0:0:0:0:0:0:0:1 - - [09/Oct/2020:02:49:57 -0700] "POST /doLogin HTTP/1.1" 302 -
0:0:0:0:0:0:0:1 - - [09/Oct/2020:02:49:57 -0700] "GET /loginSuccessful HTTP/1.1" 200 513
0:0:0:0:0:0:0:1 - - [09/Oct/2020:02:49:58 -0700] "GET /login HTTP/1.1" 200 1655
0:0:0:0:0:0:0:1 - - [09/Oct/2020:02:49:59 -0700] "GET /forgetPassword HTTP/1.1" 200 1885
0:0:0:0:0:0:0:1 - - [09/Oct/2020:02:49:59 -0700] "GET /js/pwstrength.js HTTP/1.1" 200 -
0:0:0:0:0:0:0:1 - - [09/Oct/2020:02:49:59 -0700] "GET /js/jquery-1.7.2.js HTTP/1.1" 200 293292
0:0:0:0:0:0:0:1 - - [09/Oct/2020:02:50:10 -0700] "POST /changePassword HTTP/1.1" 302 -
0:0:0:0:0:0:0:1 - - [09/Oct/2020:02:50:10 -0700] "GET /login HTTP/1.1" 200 1738
0:0:0:0:0:0:0:1 - - [09/Oct/2020:02:50:13 -0700] "GET /resetPasswordConfirm?token=bcd44028-1548-41e0-b404-435dd02fd893 HTTP/1.1" 404 306
0:0:0:0:0:0:0:1 - - [09/Oct/2020:02:51:58 -0700] "GET /login HTTP/1.1" 200 1655
0:0:0:0:0:0:0:1 - - [09/Oct/2020:02:51:59 -0700] "GET /login HTTP/1.1" 200 1655
0:0:0:0:0:0:0:1 - - [09/Oct/2020:02:52:01 -0700] "GET /signup HTTP/1.1" 200 4862
0:0:0:0:0:0:0:1 - - [09/Oct/2020:02:52:01 -0700] "GET /js/pwstrength.js HTTP/1.1" 200 -
0:0:0:0:0:0:0:1 - - [09/Oct/2020:02:52:01 -0700] "GET /js/jquery-1.7.2.js HTTP/1.1" 200 293292
0:0:0:0:0:0:0:1 - - [09/Oct/2020:02:52:09 -0700] "POST /signup HTTP/1.1" 302 -
0:0:0:0:0:0:0:1 - - [09/Oct/2020:02:52:09 -0700] "GET /login HTTP/1.1" 200 1738
0:0:0:0:0:0:0:1 - - [09/Oct/2020:02:52:13 -0700] "GET /registrationConfirm?token=b4ff79bb-f932-4556-a144-6558ab5400cf HTTP/1.1" 302 -
0:0:0:0:0:0:0:1 - - [09/Oct/2020:02:52:13 -0700] "GET /login HTTP/1.1" 200 1728
0:0:0:0:0:0:0:1 - - [09/Oct/2020:02:52:18 -0700] "POST /doLogin HTTP/1.1" 302 -
0:0:0:0:0:0:0:1 - - [09/Oct/2020:02:52:18 -0700] "GET /loginSuccessful HTTP/1.1" 200 513
0:0:0:0:0:0:0:1 - - [09/Oct/2020:02:52:19 -0700] "GET /login HTTP/1.1" 200 1655
0:0:0:0:0:0:0:1 - - [09/Oct/2020:02:52:21 -0700] "GET /forgetPassword HTTP/1.1" 200 1885
0:0:0:0:0:0:0:1 - - [09/Oct/2020:02:52:21 -0700] "GET /js/pwstrength.js HTTP/1.1" 200 -
0:0:0:0:0:0:0:1 - - [09/Oct/2020:02:52:21 -0700] "GET /js/jquery-1.7.2.js HTTP/1.1" 200 293292
0:0:0:0:0:0:0:1 - - [09/Oct/2020:02:52:41 -0700] "POST /changePassword HTTP/1.1" 302 -
0:0:0:0:0:0:0:1 - - [09/Oct/2020:02:52:41 -0700] "GET /login HTTP/1.1" 200 1738
0:0:0:0:0:0:0:1 - - [09/Oct/2020:02:52:44 -0700] "GET /resetPasswordConfirm?token=4bfe096d-b2bb-4123-95c1-908426295070 HTTP/1.1" 404 306
0:0:0:0:0:0:0:1 - - [09/Oct/2020:02:54:49 -0700] "GET /login HTTP/1.1" 200 1655
0:0:0:0:0:0:0:1 - - [09/Oct/2020:02:54:49 -0700] "GET /login HTTP/1.1" 200 1655
0:0:0:0:0:0:0:1 - - [09/Oct/2020:02:54:51 -0700] "GET /signup HTTP/1.1" 200 4862
0:0:0:0:0:0:0:1 - - [09/Oct/2020:02:54:51 -0700] "GET /js/pwstrength.js HTTP/1.1" 200 -
0:0:0:0:0:0:0:1 - - [09/Oct/2020:02:54:51 -0700] "GET /js/jquery-1.7.2.js HTTP/1.1" 200 293292
0:0:0:0:0:0:0:1 - - [09/Oct/2020:02:55:01 -0700] "POST /signup HTTP/1.1" 302 -
0:0:0:0:0:0:0:1 - - [09/Oct/2020:02:55:01 -0700] "GET /login HTTP/1.1" 200 1738
0:0:0:0:0:0:0:1 - - [09/Oct/2020:02:55:06 -0700] "GET /registrationConfirm?token=5a166d76-a3e5-4cc8-a3a1-3919ce367ffb HTTP/1.1" 302 -
0:0:0:0:0:0:0:1 - - [09/Oct/2020:02:55:06 -0700] "GET /login HTTP/1.1" 200 1728
0:0:0:0:0:0:0:1 - - [09/Oct/2020:02:55:08 -0700] "GET /forgetPassword HTTP/1.1" 200 1885
0:0:0:0:0:0:0:1 - - [09/Oct/2020:02:55:08 -0700] "GET /js/pwstrength.js HTTP/1.1" 200 -
0:0:0:0:0:0:0:1 - - [09/Oct/2020:02:55:08 -0700] "GET /js/jquery-1.7.2.js HTTP/1.1" 200 293292
0:0:0:0:0:0:0:1 - - [09/Oct/2020:02:55:15 -0700] "POST /changePassword HTTP/1.1" 302 -
0:0:0:0:0:0:0:1 - - [09/Oct/2020:02:55:15 -0700] "GET /login HTTP/1.1" 200 1738
0:0:0:0:0:0:0:1 - - [09/Oct/2020:02:55:20 -0700] "GET /resetPasswordConfirm?token=2119313a-6213-4347-9623-a1a92d715262 HTTP/1.1" 404 306
0:0:0:0:0:0:0:1 - - [09/Oct/2020:02:59:34 -0700] "GET /login HTTP/1.1" 200 1655
0:0:0:0:0:0:0:1 - - [09/Oct/2020:02:59:34 -0700] "GET /login HTTP/1.1" 200 1655
0:0:0:0:0:0:0:1 - - [09/Oct/2020:02:59:44 -0700] "GET /signup HTTP/1.1" 200 4862
0:0:0:0:0:0:0:1 - - [09/Oct/2020:02:59:44 -0700] "GET /js/pwstrength.js HTTP/1.1" 200 -
0:0:0:0:0:0:0:1 - - [09/Oct/2020:02:59:44 -0700] "GET /js/jquery-1.7.2.js HTTP/1.1" 200 293292
0:0:0:0:0:0:0:1 - - [09/Oct/2020:02:59:53 -0700] "POST /signup HTTP/1.1" 302 -
0:0:0:0:0:0:0:1 - - [09/Oct/2020:02:59:53 -0700] "GET /login HTTP/1.1" 200 1738
0:0:0:0:0:0:0:1 - - [09/Oct/2020:02:59:59 -0700] "GET /registrationConfirm?token=0ad93d06-a620-4664-b7fb-3689b7cd8c32 HTTP/1.1" 302 -
0:0:0:0:0:0:0:1 - - [09/Oct/2020:02:59:59 -0700] "GET /login HTTP/1.1" 200 1728
0:0:0:0:0:0:0:1 - - [09/Oct/2020:03:00:01 -0700] "GET /forgetPassword HTTP/1.1" 200 1885
0:0:0:0:0:0:0:1 - - [09/Oct/2020:03:00:01 -0700] "GET /js/pwstrength.js HTTP/1.1" 200 -
0:0:0:0:0:0:0:1 - - [09/Oct/2020:03:00:01 -0700] "GET /js/jquery-1.7.2.js HTTP/1.1" 200 293292
0:0:0:0:0:0:0:1 - - [09/Oct/2020:03:00:10 -0700] "POST /changePassword HTTP/1.1" 302 -
0:0:0:0:0:0:0:1 - - [09/Oct/2020:03:00:10 -0700] "GET /login HTTP/1.1" 200 1738
0:0:0:0:0:0:0:1 - - [09/Oct/2020:03:00:14 -0700] "GET /resetPasswordConfirm?token=a08bf48c-46f1-470f-84e7-d2a724480020 HTTP/1.1" 404 306
0:0:0:0:0:0:0:1 - - [09/Oct/2020:03:02:20 -0700] "GET /login HTTP/1.1" 200 1655
0:0:0:0:0:0:0:1 - - [09/Oct/2020:03:02:20 -0700] "GET /login HTTP/1.1" 200 1655
0:0:0:0:0:0:0:1 - - [09/Oct/2020:03:02:23 -0700] "GET /signup HTTP/1.1" 200 4862
0:0:0:0:0:0:0:1 - - [09/Oct/2020:03:02:23 -0700] "GET /js/pwstrength.js HTTP/1.1" 200 -
0:0:0:0:0:0:0:1 - - [09/Oct/2020:03:02:23 -0700] "GET /js/jquery-1.7.2.js HTTP/1.1" 200 293292
0:0:0:0:0:0:0:1 - - [09/Oct/2020:03:02:32 -0700] "POST /signup HTTP/1.1" 302 -
0:0:0:0:0:0:0:1 - - [09/Oct/2020:03:02:32 -0700] "GET /login HTTP/1.1" 200 1738
0:0:0:0:0:0:0:1 - - [09/Oct/2020:03:02:38 -0700] "GET /registrationConfirm?token=bd0a417a-1e22-4852-bcaf-10529d4429dd HTTP/1.1" 302 -
0:0:0:0:0:0:0:1 - - [09/Oct/2020:03:02:38 -0700] "GET /login HTTP/1.1" 200 1728
0:0:0:0:0:0:0:1 - - [09/Oct/2020:03:02:41 -0700] "POST /doLogin HTTP/1.1" 302 -
0:0:0:0:0:0:0:1 - - [09/Oct/2020:03:02:41 -0700] "GET /loginSuccessful HTTP/1.1" 200 513
0:0:0:0:0:0:0:1 - - [09/Oct/2020:03:02:42 -0700] "GET /login HTTP/1.1" 200 1655
0:0:0:0:0:0:0:1 - - [09/Oct/2020:03:02:44 -0700] "GET /forgetPassword HTTP/1.1" 200 1885
0:0:0:0:0:0:0:1 - - [09/Oct/2020:03:02:44 -0700] "GET /js/pwstrength.js HTTP/1.1" 200 -
0:0:0:0:0:0:0:1 - - [09/Oct/2020:03:02:44 -0700] "GET /js/jquery-1.7.2.js HTTP/1.1" 200 293292
0:0:0:0:0:0:0:1 - - [09/Oct/2020:03:02:53 -0700] "POST /changePassword HTTP/1.1" 302 -
0:0:0:0:0:0:0:1 - - [09/Oct/2020:03:02:53 -0700] "GET /login HTTP/1.1" 200 1738
0:0:0:0:0:0:0:1 - - [09/Oct/2020:03:02:58 -0700] "GET /resetPasswordConfirm?token=bbd22553-a4ce-4c85-9f45-57e5947bf3b5 HTTP/1.1" 404 306
0:0:0:0:0:0:0:1 - - [09/Oct/2020:03:04:30 -0700] "GET /login HTTP/1.1" 200 1655
0:0:0:0:0:0:0:1 - - [09/Oct/2020:03:04:30 -0700] "GET /login HTTP/1.1" 200 1655
0:0:0:0:0:0:0:1 - - [09/Oct/2020:03:05:02 -0700] "POST /doLogin HTTP/1.1" 302 -
0:0:0:0:0:0:0:1 - - [09/Oct/2020:03:05:02 -0700] "GET /loginFailed HTTP/1.1" 302 -
0:0:0:0:0:0:0:1 - - [09/Oct/2020:03:05:02 -0700] "GET /login HTTP/1.1" 200 1655
0:0:0:0:0:0:0:1 - - [09/Oct/2020:03:05:07 -0700] "POST /doLogin HTTP/1.1" 302 -
0:0:0:0:0:0:0:1 - - [09/Oct/2020:03:05:07 -0700] "GET /loginFailed HTTP/1.1" 302 -
0:0:0:0:0:0:0:1 - - [09/Oct/2020:03:05:07 -0700] "GET /login HTTP/1.1" 200 1655
0:0:0:0:0:0:0:1 - - [09/Oct/2020:03:05:12 -0700] "GET /signup HTTP/1.1" 200 4862
0:0:0:0:0:0:0:1 - - [09/Oct/2020:03:05:12 -0700] "GET /js/pwstrength.js HTTP/1.1" 200 -
0:0:0:0:0:0:0:1 - - [09/Oct/2020:03:05:12 -0700] "GET /js/jquery-1.7.2.js HTTP/1.1" 200 293292
0:0:0:0:0:0:0:1 - - [09/Oct/2020:03:05:22 -0700] "POST /signup HTTP/1.1" 302 -
0:0:0:0:0:0:0:1 - - [09/Oct/2020:03:05:22 -0700] "GET /login HTTP/1.1" 200 1738
0:0:0:0:0:0:0:1 - - [09/Oct/2020:03:05:28 -0700] "GET /registrationConfirm?token=202d23ab-6f6b-4705-b83d-a48bd15ba280 HTTP/1.1" 302 -
0:0:0:0:0:0:0:1 - - [09/Oct/2020:03:05:28 -0700] "GET /login HTTP/1.1" 200 1728
0:0:0:0:0:0:0:1 - - [09/Oct/2020:03:05:31 -0700] "GET /forgetPassword HTTP/1.1" 200 1885
0:0:0:0:0:0:0:1 - - [09/Oct/2020:03:05:31 -0700] "GET /js/pwstrength.js HTTP/1.1" 200 -
0:0:0:0:0:0:0:1 - - [09/Oct/2020:03:05:31 -0700] "GET /js/jquery-1.7.2.js HTTP/1.1" 200 293292
0:0:0:0:0:0:0:1 - - [09/Oct/2020:03:05:41 -0700] "POST /changePassword HTTP/1.1" 302 -
0:0:0:0:0:0:0:1 - - [09/Oct/2020:03:05:41 -0700] "GET /login HTTP/1.1" 200 1738
0:0:0:0:0:0:0:1 - - [09/Oct/2020:03:05:43 -0700] "GET /resetPasswordConfirm?token=82dee66a-d617-46d3-bf08-3f2064c1e88e HTTP/1.1" 302 -
0:0:0:0:0:0:0:1 - - [09/Oct/2020:03:05:43 -0700] "GET /login HTTP/1.1" 200 1721
0:0:0:0:0:0:0:1 - - [09/Oct/2020:03:11:55 -0700] "GET /login HTTP/1.1" 200 1655
0:0:0:0:0:0:0:1 - - [09/Oct/2020:03:11:57 -0700] "GET /signup HTTP/1.1" 200 4862
0:0:0:0:0:0:0:1 - - [09/Oct/2020:03:11:57 -0700] "GET /js/pwstrength.js HTTP/1.1" 200 -
0:0:0:0:0:0:0:1 - - [09/Oct/2020:03:11:57 -0700] "GET /js/jquery-1.7.2.js HTTP/1.1" 200 293292
0:0:0:0:0:0:0:1 - - [09/Oct/2020:03:12:06 -0700] "POST /signup HTTP/1.1" 302 -
0:0:0:0:0:0:0:1 - - [09/Oct/2020:03:12:06 -0700] "GET /login HTTP/1.1" 200 1738
0:0:0:0:0:0:0:1 - - [09/Oct/2020:03:12:09 -0700] "GET /forgetPassword HTTP/1.1" 200 1885
0:0:0:0:0:0:0:1 - - [09/Oct/2020:03:12:09 -0700] "GET /js/pwstrength.js HTTP/1.1" 200 -
0:0:0:0:0:0:0:1 - - [09/Oct/2020:03:12:09 -0700] "GET /js/jquery-1.7.2.js HTTP/1.1" 200 293292
0:0:0:0:0:0:0:1 - - [09/Oct/2020:03:12:16 -0700] "POST /changePassword HTTP/1.1" 302 -
0:0:0:0:0:0:0:1 - - [09/Oct/2020:03:12:16 -0700] "GET /login HTTP/1.1" 200 1738
0:0:0:0:0:0:0:1 - - [09/Oct/2020:03:12:21 -0700] "GET /registrationConfirm?token=7e052bbd-741c-4180-a8e9-18a2153947d4 HTTP/1.1" 302 -
0:0:0:0:0:0:0:1 - - [09/Oct/2020:03:12:21 -0700] "GET /login HTTP/1.1" 200 1728
0:0:0:0:0:0:0:1 - - [09/Oct/2020:03:12:29 -0700] "POST /doLogin HTTP/1.1" 302 -
0:0:0:0:0:0:0:1 - - [09/Oct/2020:03:12:29 -0700] "GET /loginFailed HTTP/1.1" 302 -
0:0:0:0:0:0:0:1 - - [09/Oct/2020:03:12:29 -0700] "GET /login HTTP/1.1" 200 1655
0:0:0:0:0:0:0:1 - - [09/Oct/2020:03:12:34 -0700] "POST /doLogin HTTP/1.1" 302 -
0:0:0:0:0:0:0:1 - - [09/Oct/2020:03:12:34 -0700] "GET /loginSuccessful HTTP/1.1" 200 513
0:0:0:0:0:0:0:1 - - [09/Oct/2020:03:12:35 -0700] "GET /login HTTP/1.1" 200 1655
0:0:0:0:0:0:0:1 - - [09/Oct/2020:03:15:09 -0700] "GET /login HTTP/1.1" 200 1655
0:0:0:0:0:0:0:1 - - [09/Oct/2020:03:15:11 -0700] "GET /signup HTTP/1.1" 200 4862
0:0:0:0:0:0:0:1 - - [09/Oct/2020:03:15:11 -0700] "GET /js/pwstrength.js HTTP/1.1" 200 -
0:0:0:0:0:0:0:1 - - [09/Oct/2020:03:15:11 -0700] "GET /js/jquery-1.7.2.js HTTP/1.1" 200 293292
0:0:0:0:0:0:0:1 - - [09/Oct/2020:03:15:20 -0700] "POST /signup HTTP/1.1" 302 -
0:0:0:0:0:0:0:1 - - [09/Oct/2020:03:15:20 -0700] "GET /login HTTP/1.1" 200 1738
0:0:0:0:0:0:0:1 - - [09/Oct/2020:03:15:27 -0700] "GET /registrationConfirm?token=c925134d-3b5c-4105-99c6-10ae6c2bd2e1 HTTP/1.1" 302 -
0:0:0:0:0:0:0:1 - - [09/Oct/2020:03:15:27 -0700] "GET /login HTTP/1.1" 200 1728
0:0:0:0:0:0:0:1 - - [09/Oct/2020:03:15:33 -0700] "POST /doLogin HTTP/1.1" 302 -
0:0:0:0:0:0:0:1 - - [09/Oct/2020:03:15:33 -0700] "GET /loginSuccessful HTTP/1.1" 200 513
0:0:0:0:0:0:0:1 - - [09/Oct/2020:03:15:35 -0700] "GET /login HTTP/1.1" 200 1655
0:0:0:0:0:0:0:1 - - [09/Oct/2020:03:15:38 -0700] "GET /forgetPassword HTTP/1.1" 200 1885
0:0:0:0:0:0:0:1 - - [09/Oct/2020:03:15:38 -0700] "GET /js/pwstrength.js HTTP/1.1" 200 -
0:0:0:0:0:0:0:1 - - [09/Oct/2020:03:15:38 -0700] "GET /js/jquery-1.7.2.js HTTP/1.1" 200 293292
0:0:0:0:0:0:0:1 - - [09/Oct/2020:03:15:47 -0700] "POST /changePassword HTTP/1.1" 302 -
0:0:0:0:0:0:0:1 - - [09/Oct/2020:03:15:47 -0700] "GET /login HTTP/1.1" 200 1738
0:0:0:0:0:0:0:1 - - [09/Oct/2020:03:15:52 -0700] "POST /doLogin HTTP/1.1" 302 -
0:0:0:0:0:0:0:1 - - [09/Oct/2020:03:15:52 -0700] "GET /loginFailed HTTP/1.1" 302 -
0:0:0:0:0:0:0:1 - - [09/Oct/2020:03:15:52 -0700] "GET /login HTTP/1.1" 200 1655
0:0:0:0:0:0:0:1 - - [09/Oct/2020:03:15:56 -0700] "POST /doLogin HTTP/1.1" 302 -
0:0:0:0:0:0:0:1 - - [09/Oct/2020:03:15:56 -0700] "GET /loginSuccessful HTTP/1.1" 200 513
0:0:0:0:0:0:0:1 - - [09/Oct/2020:03:15:58 -0700] "GET /login HTTP/1.1" 200 1655
0:0:0:0:0:0:0:1 - - [09/Oct/2020:03:16:11 -0700] "GET /resetPasswordConfirm?token=13385901-d21c-4166-bdda-d431e5453cbc HTTP/1.1" 302 -
0:0:0:0:0:0:0:1 - - [09/Oct/2020:03:16:11 -0700] "GET /login HTTP/1.1" 200 1721
0:0:0:0:0:0:0:1 - - [09/Oct/2020:03:19:50 -0700] "GET /login HTTP/1.1" 200 1655
0:0:0:0:0:0:0:1 - - [09/Oct/2020:03:19:51 -0700] "GET /signup HTTP/1.1" 200 4862
0:0:0:0:0:0:0:1 - - [09/Oct/2020:03:19:52 -0700] "GET /js/pwstrength.js HTTP/1.1" 200 -
0:0:0:0:0:0:0:1 - - [09/Oct/2020:03:19:52 -0700] "GET /js/jquery-1.7.2.js HTTP/1.1" 200 293292
0:0:0:0:0:0:0:1 - - [09/Oct/2020:03:20:01 -0700] "POST /signup HTTP/1.1" 302 -
0:0:0:0:0:0:0:1 - - [09/Oct/2020:03:20:01 -0700] "GET /login HTTP/1.1" 200 1738
0:0:0:0:0:0:0:1 - - [09/Oct/2020:03:20:04 -0700] "GET /registrationConfirm?token=fea0c5d8-e86c-4c40-b9f3-755c1cc35a94 HTTP/1.1" 302 -
0:0:0:0:0:0:0:1 - - [09/Oct/2020:03:20:04 -0700] "GET /login HTTP/1.1" 200 1728
0:0:0:0:0:0:0:1 - - [09/Oct/2020:03:20:06 -0700] "GET /forgetPassword HTTP/1.1" 200 1885
0:0:0:0:0:0:0:1 - - [09/Oct/2020:03:20:06 -0700] "GET /js/pwstrength.js HTTP/1.1" 200 -
0:0:0:0:0:0:0:1 - - [09/Oct/2020:03:20:06 -0700] "GET /js/jquery-1.7.2.js HTTP/1.1" 200 293292
0:0:0:0:0:0:0:1 - - [09/Oct/2020:03:20:14 -0700] "POST /changePassword HTTP/1.1" 302 -
0:0:0:0:0:0:0:1 - - [09/Oct/2020:03:20:14 -0700] "GET /login HTTP/1.1" 200 1738
0:0:0:0:0:0:0:1 - - [09/Oct/2020:03:20:26 -0700] "GET /resetPasswordConfirm?token=c0625769-36e8-46b6-bdca-40b7734bcb83 HTTP/1.1" 302 -
0:0:0:0:0:0:0:1 - - [09/Oct/2020:03:20:26 -0700] "GET /login HTTP/1.1" 200 1721
0:0:0:0:0:0:0:1 - - [09/Oct/2020:03:20:31 -0700] "POST /doLogin HTTP/1.1" 302 -
0:0:0:0:0:0:0:1 - - [09/Oct/2020:03:20:31 -0700] "GET /loginSuccessful HTTP/1.1" 200 513
0:0:0:0:0:0:0:1 - - [09/Oct/2020:03:20:32 -0700] "GET /login HTTP/1.1" 200 1655
0:0:0:0:0:0:0:1 - - [09/Oct/2020:03:20:37 -0700] "POST /doLogin HTTP/1.1" 302 -
0:0:0:0:0:0:0:1 - - [09/Oct/2020:03:20:37 -0700] "GET /loginFailed HTTP/1.1" 302 -
0:0:0:0:0:0:0:1 - - [09/Oct/2020:03:20:37 -0700] "GET /login HTTP/1.1" 200 1655
0:0:0:0:0:0:0:1 - - [09/Oct/2020:03:27:27 -0700] "GET /login HTTP/1.1" 200 1655
0:0:0:0:0:0:0:1 - - [09/Oct/2020:03:27:28 -0700] "GET /signup HTTP/1.1" 200 4862
0:0:0:0:0:0:0:1 - - [09/Oct/2020:03:27:28 -0700] "GET /js/pwstrength.js HTTP/1.1" 200 -
0:0:0:0:0:0:0:1 - - [09/Oct/2020:03:27:28 -0700] "GET /js/jquery-1.7.2.js HTTP/1.1" 200 293292
0:0:0:0:0:0:0:1 - - [09/Oct/2020:03:27:41 -0700] "POST /signup HTTP/1.1" 302 -
0:0:0:0:0:0:0:1 - - [09/Oct/2020:03:27:41 -0700] "GET /login HTTP/1.1" 200 1738
0:0:0:0:0:0:0:1 - - [09/Oct/2020:03:27:53 -0700] "GET /forgetPassword HTTP/1.1" 200 1885
0:0:0:0:0:0:0:1 - - [09/Oct/2020:03:27:53 -0700] "GET /js/pwstrength.js HTTP/1.1" 200 -
0:0:0:0:0:0:0:1 - - [09/Oct/2020:03:27:53 -0700] "GET /js/jquery-1.7.2.js HTTP/1.1" 200 293292
0:0:0:0:0:0:0:1 - - [09/Oct/2020:03:28:03 -0700] "POST /changePassword HTTP/1.1" 200 1985
0:0:0:0:0:0:0:1 - - [09/Oct/2020:03:28:03 -0700] "GET /js/pwstrength.js HTTP/1.1" 200 -
0:0:0:0:0:0:0:1 - - [09/Oct/2020:03:28:03 -0700] "GET /js/jquery-1.7.2.js HTTP/1.1" 200 293292
0:0:0:0:0:0:0:1 - - [09/Oct/2020:03:28:12 -0700] "POST /changePassword HTTP/1.1" 302 -
0:0:0:0:0:0:0:1 - - [09/Oct/2020:03:28:12 -0700] "GET /login HTTP/1.1" 200 1738
0:0:0:0:0:0:0:1 - - [09/Oct/2020:03:28:46 -0700] "GET /registrationConfirm?token=c402a932-fb94-4c33-b983-126d1182e81b HTTP/1.1" 302 -
0:0:0:0:0:0:0:1 - - [09/Oct/2020:03:28:46 -0700] "GET /login HTTP/1.1" 200 1728
0:0:0:0:0:0:0:1 - - [09/Oct/2020:03:29:31 -0700] "GET /resetPasswordConfirm?token=9a255851-373d-435f-a9bc-823db21aaf22 HTTP/1.1" 302 -
0:0:0:0:0:0:0:1 - - [09/Oct/2020:03:29:31 -0700] "GET /login HTTP/1.1" 200 1721
0:0:0:0:0:0:0:1 - - [09/Oct/2020:03:33:13 -0700] "GET /login HTTP/1.1" 200 1655
0:0:0:0:0:0:0:1 - - [09/Oct/2020:03:33:18 -0700] "GET /signup HTTP/1.1" 200 4862
0:0:0:0:0:0:0:1 - - [09/Oct/2020:03:33:18 -0700] "GET /js/pwstrength.js HTTP/1.1" 200 -
0:0:0:0:0:0:0:1 - - [09/Oct/2020:03:33:18 -0700] "GET /js/jquery-1.7.2.js HTTP/1.1" 200 293292
0:0:0:0:0:0:0:1 - - [09/Oct/2020:03:33:28 -0700] "POST /signup HTTP/1.1" 302 -
0:0:0:0:0:0:0:1 - - [09/Oct/2020:03:33:28 -0700] "GET /login HTTP/1.1" 200 1738
0:0:0:0:0:0:0:1 - - [09/Oct/2020:03:33:30 -0700] "GET /registrationConfirm?token=49867786-12cf-49c3-b377-5e5fc4f647a3 HTTP/1.1" 302 -
0:0:0:0:0:0:0:1 - - [09/Oct/2020:03:33:30 -0700] "GET /login HTTP/1.1" 200 1728
0:0:0:0:0:0:0:1 - - [09/Oct/2020:03:33:36 -0700] "GET /forgetPassword HTTP/1.1" 200 1885
0:0:0:0:0:0:0:1 - - [09/Oct/2020:03:33:36 -0700] "GET /js/pwstrength.js HTTP/1.1" 200 -
0:0:0:0:0:0:0:1 - - [09/Oct/2020:03:33:36 -0700] "GET /js/jquery-1.7.2.js HTTP/1.1" 200 293292
0:0:0:0:0:0:0:1 - - [09/Oct/2020:03:33:47 -0700] "POST /changePassword HTTP/1.1" 302 -
0:0:0:0:0:0:0:1 - - [09/Oct/2020:03:33:47 -0700] "GET /login HTTP/1.1" 200 1738
0:0:0:0:0:0:0:1 - - [09/Oct/2020:03:34:12 -0700] "GET /resetPasswordConfirm?token=9297ce77-3adc-4ef8-814f-e0ef9576ec33 HTTP/1.1" 302 -
0:0:0:0:0:0:0:1 - - [09/Oct/2020:03:34:12 -0700] "GET /login HTTP/1.1" 200 1721
0:0:0:0:0:0:0:1 - - [09/Oct/2020:03:35:29 -0700] "GET /login HTTP/1.1" 200 1655
0:0:0:0:0:0:0:1 - - [09/Oct/2020:03:35:33 -0700] "POST /doLogin HTTP/1.1" 302 -
0:0:0:0:0:0:0:1 - - [09/Oct/2020:03:35:33 -0700] "GET /loginSuccessful HTTP/1.1" 200 513
0:0:0:0:0:0:0:1 - - [09/Oct/2020:03:35:35 -0700] "GET /login HTTP/1.1" 200 1655
0:0:0:0:0:0:0:1 - - [09/Oct/2020:12:49:13 -0700] "GET /login HTTP/1.1" 200 1655
0:0:0:0:0:0:0:1 - - [09/Oct/2020:12:49:15 -0700] "GET /signup HTTP/1.1" 200 4862
0:0:0:0:0:0:0:1 - - [09/Oct/2020:12:49:15 -0700] "GET /js/pwstrength.js HTTP/1.1" 200 -
0:0:0:0:0:0:0:1 - - [09/Oct/2020:12:49:15 -0700] "GET /js/jquery-1.7.2.js HTTP/1.1" 200 293292
0:0:0:0:0:0:0:1 - - [09/Oct/2020:12:49:31 -0700] "POST /signup HTTP/1.1" 302 -
0:0:0:0:0:0:0:1 - - [09/Oct/2020:12:49:31 -0700] "GET /login HTTP/1.1" 200 1738
0:0:0:0:0:0:0:1 - - [09/Oct/2020:12:49:35 -0700] "GET /registrationConfirm?token=7536193e-2b42-4cac-b7a5-6d2685062cc9 HTTP/1.1" 302 -
0:0:0:0:0:0:0:1 - - [09/Oct/2020:12:49:35 -0700] "GET /login HTTP/1.1" 200 1728
0:0:0:0:0:0:0:1 - - [09/Oct/2020:12:49:43 -0700] "GET /forgetPassword HTTP/1.1" 200 1885
0:0:0:0:0:0:0:1 - - [09/Oct/2020:12:49:43 -0700] "GET /js/pwstrength.js HTTP/1.1" 200 -
0:0:0:0:0:0:0:1 - - [09/Oct/2020:12:49:43 -0700] "GET /js/jquery-1.7.2.js HTTP/1.1" 200 293292
0:0:0:0:0:0:0:1 - - [09/Oct/2020:12:50:12 -0700] "POST /changePassword HTTP/1.1" 302 -
0:0:0:0:0:0:0:1 - - [09/Oct/2020:12:50:12 -0700] "GET /login HTTP/1.1" 200 1738
0:0:0:0:0:0:0:1 - - [09/Oct/2020:12:55:15 -0700] "GET /resetPasswordConfirm?token=ab4a5ee2-9eaa-47c4-8b5a-020d81036515 HTTP/1.1" 302 -
0:0:0:0:0:0:0:1 - - [09/Oct/2020:12:55:15 -0700] "GET /login HTTP/1.1" 200 1721
0:0:0:0:0:0:0:1 - - [09/Oct/2020:12:55:20 -0700] "POST /doLogin HTTP/1.1" 302 -
0:0:0:0:0:0:0:1 - - [09/Oct/2020:12:55:20 -0700] "GET /loginSuccessful HTTP/1.1" 200 513
0:0:0:0:0:0:0:1 - - [09/Oct/2020:12:55:22 -0700] "GET /login HTTP/1.1" 200 1655
0:0:0:0:0:0:0:1 - - [09/Oct/2020:12:55:25 -0700] "POST /doLogin HTTP/1.1" 302 -
0:0:0:0:0:0:0:1 - - [09/Oct/2020:12:55:25 -0700] "GET /loginFailed HTTP/1.1" 302 -
0:0:0:0:0:0:0:1 - - [09/Oct/2020:12:55:25 -0700] "GET /login HTTP/1.1" 200 1655
0:0:0:0:0:0:0:1 - - [09/Oct/2020:12:57:58 -0700] "GET /signup HTTP/1.1" 200 4862
0:0:0:0:0:0:0:1 - - [09/Oct/2020:12:57:58 -0700] "GET /js/pwstrength.js HTTP/1.1" 200 -
0:0:0:0:0:0:0:1 - - [09/Oct/2020:12:57:58 -0700] "GET /js/jquery-1.7.2.js HTTP/1.1" 200 293292
0:0:0:0:0:0:0:1 - - [09/Oct/2020:12:58:08 -0700] "POST /signup HTTP/1.1" 302 -
0:0:0:0:0:0:0:1 - - [09/Oct/2020:12:58:08 -0700] "GET /login HTTP/1.1" 200 1738
0:0:0:0:0:0:0:1 - - [09/Oct/2020:12:58:15 -0700] "GET /registrationConfirm?token=7009a253-2bcc-4e38-a0d6-1b316a11b98c HTTP/1.1" 302 -
0:0:0:0:0:0:0:1 - - [09/Oct/2020:12:58:15 -0700] "GET /login HTTP/1.1" 200 1728
0:0:0:0:0:0:0:1 - - [09/Oct/2020:12:58:25 -0700] "POST /doLogin HTTP/1.1" 302 -
0:0:0:0:0:0:0:1 - - [09/Oct/2020:12:58:25 -0700] "GET /loginSuccessful HTTP/1.1" 200 513
0:0:0:0:0:0:0:1 - - [09/Oct/2020:12:58:26 -0700] "GET /login HTTP/1.1" 200 1655
0:0:0:0:0:0:0:1 - - [09/Oct/2020:12:58:28 -0700] "GET /forgetPassword HTTP/1.1" 200 1885
0:0:0:0:0:0:0:1 - - [09/Oct/2020:12:58:28 -0700] "GET /js/pwstrength.js HTTP/1.1" 200 -
0:0:0:0:0:0:0:1 - - [09/Oct/2020:12:58:28 -0700] "GET /js/jquery-1.7.2.js HTTP/1.1" 200 293292
0:0:0:0:0:0:0:1 - - [09/Oct/2020:12:59:38 -0700] "POST /changePassword HTTP/1.1" 302 -
0:0:0:0:0:0:0:1 - - [09/Oct/2020:12:59:38 -0700] "GET /login HTTP/1.1" 200 1738
0:0:0:0:0:0:0:1 - - [09/Oct/2020:12:59:44 -0700] "GET /resetPasswordConfirm?token=ae17ecb9-75fc-47ab-a10b-a206e967ca13 HTTP/1.1" 302 -
0:0:0:0:0:0:0:1 - - [09/Oct/2020:12:59:44 -0700] "GET /login HTTP/1.1" 200 1721
0:0:0:0:0:0:0:1 - - [09/Oct/2020:13:08:58 -0700] "GET /login HTTP/1.1" 200 1655
0:0:0:0:0:0:0:1 - - [09/Oct/2020:13:08:59 -0700] "GET /signup HTTP/1.1" 200 4862
0:0:0:0:0:0:0:1 - - [09/Oct/2020:13:08:59 -0700] "GET /js/pwstrength.js HTTP/1.1" 200 -
0:0:0:0:0:0:0:1 - - [09/Oct/2020:13:08:59 -0700] "GET /js/jquery-1.7.2.js HTTP/1.1" 200 293292
0:0:0:0:0:0:0:1 - - [09/Oct/2020:13:09:11 -0700] "POST /signup HTTP/1.1" 302 -
0:0:0:0:0:0:0:1 - - [09/Oct/2020:13:09:11 -0700] "GET /login HTTP/1.1" 200 1738
0:0:0:0:0:0:0:1 - - [09/Oct/2020:13:09:15 -0700] "GET /registrationConfirm?token=5a4a4b6e-8e0e-4ec7-9fc7-27c30a96468b HTTP/1.1" 302 -
0:0:0:0:0:0:0:1 - - [09/Oct/2020:13:09:15 -0700] "GET /login HTTP/1.1" 200 1728
0:0:0:0:0:0:0:1 - - [09/Oct/2020:13:09:28 -0700] "POST /doLogin HTTP/1.1" 302 -
0:0:0:0:0:0:0:1 - - [09/Oct/2020:13:09:28 -0700] "GET /loginSuccessful HTTP/1.1" 200 513
0:0:0:0:0:0:0:1 - - [09/Oct/2020:13:09:29 -0700] "GET /login HTTP/1.1" 200 1655
0:0:0:0:0:0:0:1 - - [09/Oct/2020:13:09:30 -0700] "GET /forgetPassword HTTP/1.1" 200 1885
0:0:0:0:0:0:0:1 - - [09/Oct/2020:13:09:30 -0700] "GET /js/pwstrength.js HTTP/1.1" 200 -
0:0:0:0:0:0:0:1 - - [09/Oct/2020:13:09:30 -0700] "GET /js/jquery-1.7.2.js HTTP/1.1" 200 293292
0:0:0:0:0:0:0:1 - - [09/Oct/2020:13:09:39 -0700] "POST /changePassword HTTP/1.1" 200 1985
0:0:0:0:0:0:0:1 - - [09/Oct/2020:13:09:39 -0700] "GET /js/pwstrength.js HTTP/1.1" 200 -
0:0:0:0:0:0:0:1 - - [09/Oct/2020:13:09:40 -0700] "GET /js/jquery-1.7.2.js HTTP/1.1" 200 293292
0:0:0:0:0:0:0:1 - - [09/Oct/2020:13:09:53 -0700] "POST /changePassword HTTP/1.1" 302 -
0:0:0:0:0:0:0:1 - - [09/Oct/2020:13:09:53 -0700] "GET /login HTTP/1.1" 200 1738
0:0:0:0:0:0:0:1 - - [09/Oct/2020:13:09:58 -0700] "GET /resetPasswordConfirm?token=93c7a145-f871-4451-bc7a-681881159e49 HTTP/1.1" 302 -
0:0:0:0:0:0:0:1 - - [09/Oct/2020:13:09:58 -0700] "GET /login HTTP/1.1" 200 1721
0:0:0:0:0:0:0:1 - - [09/Oct/2020:13:10:01 -0700] "POST /doLogin HTTP/1.1" 302 -
0:0:0:0:0:0:0:1 - - [09/Oct/2020:13:10:01 -0700] "GET /loginFailed HTTP/1.1" 302 -
0:0:0:0:0:0:0:1 - - [09/Oct/2020:13:10:01 -0700] "GET /login HTTP/1.1" 200 1655
0:0:0:0:0:0:0:1 - - [09/Oct/2020:13:10:05 -0700] "POST /doLogin HTTP/1.1" 302 -
0:0:0:0:0:0:0:1 - - [09/Oct/2020:13:10:05 -0700] "GET /loginFailed HTTP/1.1" 302 -
0:0:0:0:0:0:0:1 - - [09/Oct/2020:13:10:05 -0700] "GET /login HTTP/1.1" 200 1655
0:0:0:0:0:0:0:1 - - [09/Oct/2020:13:10:11 -0700] "POST /doLogin HTTP/1.1" 302 -
0:0:0:0:0:0:0:1 - - [09/Oct/2020:13:10:11 -0700] "GET /loginFailed HTTP/1.1" 302 -
0:0:0:0:0:0:0:1 - - [09/Oct/2020:13:10:11 -0700] "GET /login HTTP/1.1" 200 1655
0:0:0:0:0:0:0:1 - - [09/Oct/2020:13:11:31 -0700] "GET /login HTTP/1.1" 200 1655
0:0:0:0:0:0:0:1 - - [09/Oct/2020:13:11:32 -0700] "GET /signup HTTP/1.1" 200 4862
0:0:0:0:0:0:0:1 - - [09/Oct/2020:13:11:32 -0700] "GET /js/pwstrength.js HTTP/1.1" 200 -
0:0:0:0:0:0:0:1 - - [09/Oct/2020:13:11:32 -0700] "GET /js/jquery-1.7.2.js HTTP/1.1" 200 293292
0:0:0:0:0:0:0:1 - - [09/Oct/2020:13:12:21 -0700] "POST /signup HTTP/1.1" 302 -
0:0:0:0:0:0:0:1 - - [09/Oct/2020:13:12:21 -0700] "GET /login HTTP/1.1" 200 1738
0:0:0:0:0:0:0:1 - - [09/Oct/2020:13:12:26 -0700] "GET /registrationConfirm?token=d0223eab-e26f-417d-a6d6-6c48aaef9853 HTTP/1.1" 302 -
0:0:0:0:0:0:0:1 - - [09/Oct/2020:13:12:26 -0700] "GET /login HTTP/1.1" 200 1728
0:0:0:0:0:0:0:1 - - [09/Oct/2020:13:12:31 -0700] "POST /doLogin HTTP/1.1" 302 -
0:0:0:0:0:0:0:1 - - [09/Oct/2020:13:12:31 -0700] "GET /loginSuccessful HTTP/1.1" 200 513
0:0:0:0:0:0:0:1 - - [09/Oct/2020:13:12:32 -0700] "GET /login HTTP/1.1" 200 1655
0:0:0:0:0:0:0:1 - - [09/Oct/2020:13:12:34 -0700] "GET /forgetPassword HTTP/1.1" 200 1885
0:0:0:0:0:0:0:1 - - [09/Oct/2020:13:12:34 -0700] "GET /js/pwstrength.js HTTP/1.1" 200 -
0:0:0:0:0:0:0:1 - - [09/Oct/2020:13:12:34 -0700] "GET /js/jquery-1.7.2.js HTTP/1.1" 200 293292
0:0:0:0:0:0:0:1 - - [09/Oct/2020:13:12:47 -0700] "POST /changePassword HTTP/1.1" 302 -
0:0:0:0:0:0:0:1 - - [09/Oct/2020:13:12:47 -0700] "GET /login HTTP/1.1" 200 1738
0:0:0:0:0:0:0:1 - - [09/Oct/2020:13:12:50 -0700] "GET /resetPasswordConfirm?token=5d8a46ed-f594-4d5a-8e00-005e52fa3b13 HTTP/1.1" 302 -
0:0:0:0:0:0:0:1 - - [09/Oct/2020:13:12:50 -0700] "GET /login HTTP/1.1" 200 1721
0:0:0:0:0:0:0:1 - - [09/Oct/2020:13:12:54 -0700] "POST /doLogin HTTP/1.1" 302 -
0:0:0:0:0:0:0:1 - - [09/Oct/2020:13:12:54 -0700] "GET /loginFailed HTTP/1.1" 302 -
0:0:0:0:0:0:0:1 - - [09/Oct/2020:13:12:54 -0700] "GET /login HTTP/1.1" 200 1655
0:0:0:0:0:0:0:1 - - [09/Oct/2020:13:13:00 -0700] "POST /doLogin HTTP/1.1" 302 -
0:0:0:0:0:0:0:1 - - [09/Oct/2020:13:13:00 -0700] "GET /loginSuccessful HTTP/1.1" 200 513
0:0:0:0:0:0:0:1 - - [09/Oct/2020:13:21:40 -0700] "GET /login HTTP/1.1" 200 1655
0:0:0:0:0:0:0:1 - - [09/Oct/2020:13:21:45 -0700] "POST /doLogin HTTP/1.1" 302 -
0:0:0:0:0:0:0:1 - - [09/Oct/2020:13:21:45 -0700] "GET /loginSuccessful HTTP/1.1" 200 513
0:0:0:0:0:0:0:1 - - [09/Oct/2020:13:21:47 -0700] "GET /updateBook HTTP/1.1" 404 306
0:0:0:0:0:0:0:1 - - [09/Oct/2020:13:21:49 -0700] "GET /loginSuccessful HTTP/1.1" 200 513
0:0:0:0:0:0:0:1 - - [09/Oct/2020:13:21:50 -0700] "GET /searchBook HTTP/1.1" 200 654
0:0:0:0:0:0:0:1 - - [09/Oct/2020:13:21:54 -0700] "GET /searchBookByField?field=Phan HTTP/1.1" 200 1010
0:0:0:0:0:0:0:1 - - [09/Oct/2020:13:21:56 -0700] "GET /searchBook HTTP/1.1" 200 654
0:0:0:0:0:0:0:1 - - [09/Oct/2020:13:21:59 -0700] "GET /searchBookByField?field=Phan HTTP/1.1" 200 1010
0:0:0:0:0:0:0:1 - - [09/Oct/2020:13:22:20 -0700] "GET /searchBook HTTP/1.1" 200 654
0:0:0:0:0:0:0:1 - - [09/Oct/2020:13:22:30 -0700] "GET /loginSuccessful HTTP/1.1" 200 513
0:0:0:0:0:0:0:1 - - [09/Oct/2020:13:22:31 -0700] "GET /login HTTP/1.1" 200 1655
0:0:0:0:0:0:0:1 - - [09/Oct/2020:15:39:37 -0700] "GET /login HTTP/1.1" 200 1655
0:0:0:0:0:0:0:1 - - [09/Oct/2020:15:39:40 -0700] "GET /signup HTTP/1.1" 200 4862
0:0:0:0:0:0:0:1 - - [09/Oct/2020:15:39:40 -0700] "GET /js/pwstrength.js HTTP/1.1" 200 -
0:0:0:0:0:0:0:1 - - [09/Oct/2020:15:39:40 -0700] "GET /js/jquery-1.7.2.js HTTP/1.1" 200 293292
0:0:0:0:0:0:0:1 - - [09/Oct/2020:15:39:44 -0700] "GET /login HTTP/1.1" 200 1655
0:0:0:0:0:0:0:1 - - [09/Oct/2020:17:25:36 -0700] "GET /login HTTP/1.1" 200 1655
0:0:0:0:0:0:0:1 - - [09/Oct/2020:17:25:36 -0700] "GET /login HTTP/1.1" 200 1655
0:0:0:0:0:0:0:1 - - [09/Oct/2020:17:25:39 -0700] "GET /forgetPassword HTTP/1.1" 200 1885
0:0:0:0:0:0:0:1 - - [09/Oct/2020:17:25:39 -0700] "GET /js/pwstrength.js HTTP/1.1" 200 -
0:0:0:0:0:0:0:1 - - [09/Oct/2020:17:25:39 -0700] "GET /js/jquery-1.7.2.js HTTP/1.1" 200 293292
0:0:0:0:0:0:0:1 - - [09/Oct/2020:17:25:41 -0700] "GET /login HTTP/1.1" 200 1655
0:0:0:0:0:0:0:1 - - [09/Oct/2020:17:25:43 -0700] "POST /doLogin HTTP/1.1" 302 -
0:0:0:0:0:0:0:1 - - [09/Oct/2020:17:25:43 -0700] "GET /loginFailed HTTP/1.1" 302 -
0:0:0:0:0:0:0:1 - - [09/Oct/2020:17:25:43 -0700] "GET /login HTTP/1.1" 200 1655
0:0:0:0:0:0:0:1 - - [09/Oct/2020:17:25:44 -0700] "GET /signup HTTP/1.1" 200 4862
0:0:0:0:0:0:0:1 - - [09/Oct/2020:17:25:44 -0700] "GET /js/pwstrength.js HTTP/1.1" 200 -
0:0:0:0:0:0:0:1 - - [09/Oct/2020:17:25:44 -0700] "GET /js/jquery-1.7.2.js HTTP/1.1" 200 293292
0:0:0:0:0:0:0:1 - - [09/Oct/2020:17:25:46 -0700] "GET /login HTTP/1.1" 200 1655
0:0:0:0:0:0:0:1 - - [09/Oct/2020:17:26:03 -0700] "POST /doLogin HTTP/1.1" 302 -
0:0:0:0:0:0:0:1 - - [09/Oct/2020:17:26:03 -0700] "GET /loginSuccessful HTTP/1.1" 200 513
0:0:0:0:0:0:0:1 - - [09/Oct/2020:17:26:10 -0700] "GET /loginSuccessful HTTP/1.1" 200 513
0:0:0:0:0:0:0:1 - - [09/Oct/2020:17:26:31 -0700] "GET /loginSuccessful HTTP/1.1" 302 -
0:0:0:0:0:0:0:1 - - [09/Oct/2020:17:26:31 -0700] "GET /login HTTP/1.1" 200 1655
0:0:0:0:0:0:0:1 - - [09/Oct/2020:17:26:37 -0700] "POST /doLogin HTTP/1.1" 302 -
0:0:0:0:0:0:0:1 - - [09/Oct/2020:17:26:37 -0700] "GET /loginSuccessful HTTP/1.1" 200 513
0:0:0:0:0:0:0:1 - - [09/Oct/2020:17:26:39 -0700] "GET /login HTTP/1.1" 200 1655
0:0:0:0:0:0:0:1 - - [09/Oct/2020:17:26:44 -0700] "POST /doLogin HTTP/1.1" 302 -
0:0:0:0:0:0:0:1 - - [09/Oct/2020:17:26:44 -0700] "GET /loginSuccessful HTTP/1.1" 200 513
0:0:0:0:0:0:0:1 - - [09/Oct/2020:17:26:51 -0700] "GET /loginSuccessful HTTP/1.1" 200 513
0:0:0:0:0:0:0:1 - - [09/Oct/2020:17:27:09 -0700] "GET /login HTTP/1.1" 200 1655
0:0:0:0:0:0:0:1 - - [09/Oct/2020:17:27:11 -0700] "GET /login HTTP/1.1" 200 1655
0:0:0:0:0:0:0:1 - - [09/Oct/2020:17:34:28 -0700] "GET /signup HTTP/1.1" 200 4862
0:0:0:0:0:0:0:1 - - [09/Oct/2020:17:34:28 -0700] "GET /js/pwstrength.js HTTP/1.1" 200 -
0:0:0:0:0:0:0:1 - - [09/Oct/2020:17:34:28 -0700] "GET /js/jquery-1.7.2.js HTTP/1.1" 200 293292
0:0:0:0:0:0:0:1 - - [09/Oct/2020:17:34:29 -0700] "GET /login HTTP/1.1" 200 1655
0:0:0:0:0:0:0:1 - - [09/Oct/2020:17:34:32 -0700] "POST /doLogin HTTP/1.1" 302 -
0:0:0:0:0:0:0:1 - - [09/Oct/2020:17:34:32 -0700] "GET /loginFailed HTTP/1.1" 302 -
0:0:0:0:0:0:0:1 - - [09/Oct/2020:17:34:32 -0700] "GET /login HTTP/1.1" 200 1655
0:0:0:0:0:0:0:1 - - [09/Oct/2020:17:34:37 -0700] "GET /forgetPassword HTTP/1.1" 200 1885
0:0:0:0:0:0:0:1 - - [09/Oct/2020:17:34:37 -0700] "GET /js/pwstrength.js HTTP/1.1" 200 -
0:0:0:0:0:0:0:1 - - [09/Oct/2020:17:34:37 -0700] "GET /js/jquery-1.7.2.js HTTP/1.1" 200 293292
