0:0:0:0:0:0:0:1 - - [26/Oct/2020:18:51:39 -0700] "GET /login HTTP/1.1" 200 1657
0:0:0:0:0:0:0:1 - - [26/Oct/2020:18:51:40 -0700] "GET /login HTTP/1.1" 200 1657
0:0:0:0:0:0:0:1 - - [26/Oct/2020:18:51:41 -0700] "GET /favicon.ico HTTP/1.1" 302 -
0:0:0:0:0:0:0:1 - - [26/Oct/2020:18:51:41 -0700] "GET /login HTTP/1.1" 200 1657
0:0:0:0:0:0:0:1 - - [26/Oct/2020:18:51:45 -0700] "POST /doLogin HTTP/1.1" 302 -
0:0:0:0:0:0:0:1 - - [26/Oct/2020:18:51:45 -0700] "GET /loginFailed HTTP/1.1" 302 -
0:0:0:0:0:0:0:1 - - [26/Oct/2020:18:51:45 -0700] "GET /login HTTP/1.1" 200 1657
0:0:0:0:0:0:0:1 - - [26/Oct/2020:18:51:45 -0700] "GET /favicon.ico HTTP/1.1" 302 -
0:0:0:0:0:0:0:1 - - [26/Oct/2020:18:51:45 -0700] "GET /login HTTP/1.1" 200 1657
0:0:0:0:0:0:0:1 - - [26/Oct/2020:21:05:11 -0700] "GET /login HTTP/1.1" 200 1657
0:0:0:0:0:0:0:1 - - [26/Oct/2020:21:05:11 -0700] "GET /favicon.ico HTTP/1.1" 302 -
0:0:0:0:0:0:0:1 - - [26/Oct/2020:21:05:11 -0700] "GET /login HTTP/1.1" 200 1657
0:0:0:0:0:0:0:1 - - [26/Oct/2020:21:05:12 -0700] "GET /signup HTTP/1.1" 200 4862
0:0:0:0:0:0:0:1 - - [26/Oct/2020:21:05:12 -0700] "GET /js/pwstrength.js HTTP/1.1" 200 -
0:0:0:0:0:0:0:1 - - [26/Oct/2020:21:05:12 -0700] "GET /js/jquery-1.7.2.js HTTP/1.1" 200 293292
0:0:0:0:0:0:0:1 - - [26/Oct/2020:21:05:12 -0700] "GET /favicon.ico HTTP/1.1" 302 -
0:0:0:0:0:0:0:1 - - [26/Oct/2020:21:05:12 -0700] "GET /login HTTP/1.1" 200 1657
0:0:0:0:0:0:0:1 - - [26/Oct/2020:21:05:28 -0700] "POST /signup HTTP/1.1" 302 -
0:0:0:0:0:0:0:1 - - [26/Oct/2020:21:05:28 -0700] "GET /login HTTP/1.1" 200 1740
0:0:0:0:0:0:0:1 - - [26/Oct/2020:21:05:29 -0700] "GET /favicon.ico HTTP/1.1" 302 -
0:0:0:0:0:0:0:1 - - [26/Oct/2020:21:05:29 -0700] "GET /login HTTP/1.1" 200 1657
0:0:0:0:0:0:0:1 - - [26/Oct/2020:21:05:35 -0700] "GET /registrationConfirm?token=ad52db44-b6ba-4fd7-bd50-428dbded2018 HTTP/1.1" 302 -
0:0:0:0:0:0:0:1 - - [26/Oct/2020:21:05:35 -0700] "GET /login HTTP/1.1" 200 1730
0:0:0:0:0:0:0:1 - - [26/Oct/2020:21:05:35 -0700] "GET /favicon.ico HTTP/1.1" 302 -
0:0:0:0:0:0:0:1 - - [26/Oct/2020:21:05:35 -0700] "GET /login HTTP/1.1" 200 1657
0:0:0:0:0:0:0:1 - - [26/Oct/2020:21:05:40 -0700] "POST /doLogin HTTP/1.1" 302 -
0:0:0:0:0:0:0:1 - - [26/Oct/2020:21:05:40 -0700] "GET /loginSuccessful HTTP/1.1" 200 650
0:0:0:0:0:0:0:1 - - [26/Oct/2020:21:05:40 -0700] "GET /favicon.ico HTTP/1.1" 200 1150
0:0:0:0:0:0:0:1 - - [26/Oct/2020:21:05:41 -0700] "GET /searchBook HTTP/1.1" 200 678
0:0:0:0:0:0:0:1 - - [26/Oct/2020:21:05:42 -0700] "GET /searchBookByTitleOrAuthor?argument=Java HTTP/1.1" 200 1919
0:0:0:0:0:0:0:1 - - [26/Oct/2020:21:06:05 -0700] "GET /buyBook HTTP/1.1" 405 9123
0:0:0:0:0:0:0:1 - - [26/Oct/2020:21:06:52 -0700] "GET /buyBook HTTP/1.1" 500 9354
0:0:0:0:0:0:0:1 - - [26/Oct/2020:21:12:13 -0700] "GET /buyBook HTTP/1.1" 200 11
0:0:0:0:0:0:0:1 - - [26/Oct/2020:21:12:44 -0700] "GET /buyBook HTTP/1.1" 500 9354
0:0:0:0:0:0:0:1 - - [26/Oct/2020:21:13:24 -0700] "GET /buyBook HTTP/1.1" 500 9354
0:0:0:0:0:0:0:1 - - [26/Oct/2020:21:13:27 -0700] "GET /buyBook HTTP/1.1" 500 9354
0:0:0:0:0:0:0:1 - - [26/Oct/2020:21:23:42 -0700] "GET /demo?json=bo HTTP/1.1" 400 9630
0:0:0:0:0:0:0:1 - - [26/Oct/2020:21:23:46 -0700] "GET /demo HTTP/1.1" 400 9630
0:0:0:0:0:0:0:1 - - [26/Oct/2020:21:25:23 -0700] "GET /demo?json=bo HTTP/1.1" 200 2
0:0:0:0:0:0:0:1 - - [26/Oct/2020:21:26:06 -0700] "GET /demo HTTP/1.1" 405 9123
0:0:0:0:0:0:0:1 - - [26/Oct/2020:21:26:12 -0700] "GET /demo HTTP/1.1" 405 9123
0:0:0:0:0:0:0:1 - - [26/Oct/2020:21:26:26 -0700] "GET /demo HTTP/1.1" 405 9123
0:0:0:0:0:0:0:1 - - [26/Oct/2020:21:27:04 -0700] "GET /demo HTTP/1.1" 405 9123
0:0:0:0:0:0:0:1 - - [26/Oct/2020:21:27:05 -0700] "GET /demo HTTP/1.1" 405 9123
0:0:0:0:0:0:0:1 - - [26/Oct/2020:21:28:28 -0700] "GET /demo HTTP/1.1" 405 9147
0:0:0:0:0:0:0:1 - - [26/Oct/2020:21:28:50 -0700] "POST /demo HTTP/1.1" 400 9701
0:0:0:0:0:0:0:1 - - [26/Oct/2020:21:30:21 -0700] "POST /demo HTTP/1.1" 200 2
0:0:0:0:0:0:0:1 - - [26/Oct/2020:21:30:55 -0700] "POST /demo HTTP/1.1" 200 787
0:0:0:0:0:0:0:1 - - [26/Oct/2020:21:37:12 -0700] "GET /demogo HTTP/1.1" 404 306
0:0:0:0:0:0:0:1 - - [26/Oct/2020:21:44:53 -0700] "GET /buyBook HTTP/1.1" 200 11
0:0:0:0:0:0:0:1 - - [26/Oct/2020:22:00:00 -0700] "GET /buyBook HTTP/1.1" 200 11
0:0:0:0:0:0:0:1 - - [26/Oct/2020:22:02:07 -0700] "GET /buyBook HTTP/1.1" 200 11
0:0:0:0:0:0:0:1 - - [26/Oct/2020:22:02:09 -0700] "GET /buyBook HTTP/1.1" 200 11
0:0:0:0:0:0:0:1 - - [26/Oct/2020:22:03:54 -0700] "GET /searchBook HTTP/1.1" 200 678
0:0:0:0:0:0:0:1 - - [26/Oct/2020:22:04:36 -0700] "GET /searchBook HTTP/1.1" 302 -
0:0:0:0:0:0:0:1 - - [26/Oct/2020:22:04:37 -0700] "GET /login HTTP/1.1" 200 1657
0:0:0:0:0:0:0:1 - - [26/Oct/2020:22:04:42 -0700] "GET /signup HTTP/1.1" 200 4862
0:0:0:0:0:0:0:1 - - [26/Oct/2020:22:04:42 -0700] "GET /js/pwstrength.js HTTP/1.1" 200 -
0:0:0:0:0:0:0:1 - - [26/Oct/2020:22:04:42 -0700] "GET /js/jquery-1.7.2.js HTTP/1.1" 200 293292
0:0:0:0:0:0:0:1 - - [26/Oct/2020:22:04:58 -0700] "POST /signup HTTP/1.1" 302 -
0:0:0:0:0:0:0:1 - - [26/Oct/2020:22:04:58 -0700] "GET /login HTTP/1.1" 200 1740
0:0:0:0:0:0:0:1 - - [26/Oct/2020:22:05:13 -0700] "GET /registrationConfirm?token=15f732bc-d735-4ac4-9baf-ed4ffa5893c5 HTTP/1.1" 302 -
0:0:0:0:0:0:0:1 - - [26/Oct/2020:22:05:13 -0700] "GET /login HTTP/1.1" 200 1730
0:0:0:0:0:0:0:1 - - [26/Oct/2020:22:05:18 -0700] "POST /doLogin HTTP/1.1" 302 -
0:0:0:0:0:0:0:1 - - [26/Oct/2020:22:05:18 -0700] "GET /loginSuccessful HTTP/1.1" 200 650
0:0:0:0:0:0:0:1 - - [26/Oct/2020:22:05:31 -0700] "GET /loginSuccessful HTTP/1.1" 200 650
0:0:0:0:0:0:0:1 - - [26/Oct/2020:22:06:56 -0700] "GET /loginSuccessful HTTP/1.1" 200 650
0:0:0:0:0:0:0:1 - - [26/Oct/2020:22:08:31 -0700] "GET /loginSuccessful HTTP/1.1" 302 -
0:0:0:0:0:0:0:1 - - [26/Oct/2020:22:08:31 -0700] "GET /login HTTP/1.1" 200 1657
0:0:0:0:0:0:0:1 - - [26/Oct/2020:22:09:23 -0700] "POST /doLogin HTTP/1.1" 302 -
0:0:0:0:0:0:0:1 - - [26/Oct/2020:22:09:23 -0700] "GET /loginSuccessful HTTP/1.1" 200 650
0:0:0:0:0:0:0:1 - - [26/Oct/2020:22:11:06 -0700] "GET /login HTTP/1.1" 200 1657
0:0:0:0:0:0:0:1 - - [26/Oct/2020:22:11:07 -0700] "GET /login HTTP/1.1" 200 1657
0:0:0:0:0:0:0:1 - - [26/Oct/2020:22:11:16 -0700] "POST /doLogin HTTP/1.1" 302 -
0:0:0:0:0:0:0:1 - - [26/Oct/2020:22:11:16 -0700] "GET /loginSuccessful HTTP/1.1" 200 650
0:0:0:0:0:0:0:1 - - [26/Oct/2020:22:11:27 -0700] "GET /login HTTP/1.1" 200 1657
0:0:0:0:0:0:0:1 - - [26/Oct/2020:22:12:12 -0700] "POST /doLogin HTTP/1.1" 302 -
0:0:0:0:0:0:0:1 - - [26/Oct/2020:22:12:12 -0700] "GET /loginSuccessful HTTP/1.1" 200 650
0:0:0:0:0:0:0:1 - - [26/Oct/2020:22:12:23 -0700] "GET /searchBook HTTP/1.1" 200 678
0:0:0:0:0:0:0:1 - - [26/Oct/2020:22:12:25 -0700] "GET /searchBookByTitleOrAuthor?argument=Java HTTP/1.1" 200 1919
0:0:0:0:0:0:0:1 - - [26/Oct/2020:22:12:31 -0700] "GET /buyBook HTTP/1.1" 200 11
192.168.1.200 - - [26/Oct/2020:22:33:34 -0700] "GET / HTTP/1.1" 302 -
192.168.1.200 - - [26/Oct/2020:22:33:34 -0700] "GET /login HTTP/1.1" 200 1657
192.168.1.200 - - [26/Oct/2020:22:34:10 -0700] "GET / HTTP/1.1" 302 -
192.168.1.200 - - [26/Oct/2020:22:34:10 -0700] "GET /login HTTP/1.1" 200 1657
0:0:0:0:0:0:0:1 - - [26/Oct/2020:22:45:44 -0700] "GET /buyBook HTTP/1.1" 302 -
0:0:0:0:0:0:0:1 - - [26/Oct/2020:22:45:44 -0700] "GET /login HTTP/1.1" 200 1657
0:0:0:0:0:0:0:1 - - [26/Oct/2020:22:45:47 -0700] "GET /signup HTTP/1.1" 200 4862
0:0:0:0:0:0:0:1 - - [26/Oct/2020:22:45:47 -0700] "GET /js/pwstrength.js HTTP/1.1" 200 -
0:0:0:0:0:0:0:1 - - [26/Oct/2020:22:45:47 -0700] "GET /js/jquery-1.7.2.js HTTP/1.1" 200 293292
0:0:0:0:0:0:0:1 - - [26/Oct/2020:22:46:01 -0700] "POST /signup HTTP/1.1" 302 -
0:0:0:0:0:0:0:1 - - [26/Oct/2020:22:46:01 -0700] "GET /login HTTP/1.1" 200 1740
0:0:0:0:0:0:0:1 - - [26/Oct/2020:22:46:08 -0700] "GET /registrationConfirm?token=61040a3d-4eb0-4f5d-a11a-a6b5208d2707 HTTP/1.1" 302 -
0:0:0:0:0:0:0:1 - - [26/Oct/2020:22:46:08 -0700] "GET /login HTTP/1.1" 200 1730
0:0:0:0:0:0:0:1 - - [26/Oct/2020:22:46:12 -0700] "POST /doLogin HTTP/1.1" 302 -
0:0:0:0:0:0:0:1 - - [26/Oct/2020:22:46:12 -0700] "GET /loginSuccessful HTTP/1.1" 200 650
0:0:0:0:0:0:0:1 - - [26/Oct/2020:22:46:59 -0700] "GET /buyBook HTTP/1.1" 200 11
0:0:0:0:0:0:0:1 - - [26/Oct/2020:22:49:21 -0700] "GET /buyBook HTTP/1.1" 200 11
0:0:0:0:0:0:0:1 - - [26/Oct/2020:22:50:09 -0700] "GET /buyBook HTTP/1.1" 200 11
0:0:0:0:0:0:0:1 - - [26/Oct/2020:23:01:54 -0700] "GET /login HTTP/1.1" 200 1657
0:0:0:0:0:0:0:1 - - [26/Oct/2020:23:01:55 -0700] "GET /signup HTTP/1.1" 200 4862
0:0:0:0:0:0:0:1 - - [26/Oct/2020:23:01:55 -0700] "GET /js/pwstrength.js HTTP/1.1" 200 -
0:0:0:0:0:0:0:1 - - [26/Oct/2020:23:01:55 -0700] "GET /js/jquery-1.7.2.js HTTP/1.1" 200 293292
0:0:0:0:0:0:0:1 - - [26/Oct/2020:23:02:11 -0700] "POST /signup HTTP/1.1" 302 -
0:0:0:0:0:0:0:1 - - [26/Oct/2020:23:02:11 -0700] "GET /login HTTP/1.1" 200 1740
0:0:0:0:0:0:0:1 - - [26/Oct/2020:23:02:20 -0700] "GET /registrationConfirm?token=3bc04bc4-9503-4ab1-b924-83ea7539dee1 HTTP/1.1" 302 -
0:0:0:0:0:0:0:1 - - [26/Oct/2020:23:02:20 -0700] "GET /login HTTP/1.1" 200 1730
0:0:0:0:0:0:0:1 - - [26/Oct/2020:23:02:24 -0700] "POST /doLogin HTTP/1.1" 302 -
0:0:0:0:0:0:0:1 - - [26/Oct/2020:23:02:24 -0700] "GET /loginSuccessful HTTP/1.1" 200 650
0:0:0:0:0:0:0:1 - - [26/Oct/2020:23:02:28 -0700] "GET /searchBook HTTP/1.1" 200 678
0:0:0:0:0:0:0:1 - - [26/Oct/2020:23:02:30 -0700] "GET /searchBookByTitleOrAuthor?argument=Java HTTP/1.1" 200 1919
0:0:0:0:0:0:0:1 - - [26/Oct/2020:23:02:32 -0700] "GET /moreDetails?bookItem=1 HTTP/1.1" 200 2299
0:0:0:0:0:0:0:1 - - [26/Oct/2020:23:03:13 -0700] "GET /buyBook HTTP/1.1" 200 11
