0:0:0:0:0:0:0:1 - - [01/Oct/2020:01:52:41 -0700] "GET /login HTTP/1.1" 200 1655
0:0:0:0:0:0:0:1 - - [01/Oct/2020:01:52:41 -0700] "GET /login HTTP/1.1" 200 1655
0:0:0:0:0:0:0:1 - - [01/Oct/2020:01:52:43 -0700] "GET /forgetPassword HTTP/1.1" 500 12517
0:0:0:0:0:0:0:1 - - [01/Oct/2020:02:17:25 -0700] "GET /login HTTP/1.1" 200 1655
0:0:0:0:0:0:0:1 - - [01/Oct/2020:02:17:26 -0700] "GET /forgetPassword HTTP/1.1" 500 12517
0:0:0:0:0:0:0:1 - - [01/Oct/2020:02:17:42 -0700] "GET /login HTTP/1.1" 200 1655
0:0:0:0:0:0:0:1 - - [01/Oct/2020:02:17:43 -0700] "GET /login HTTP/1.1" 200 1655
0:0:0:0:0:0:0:1 - - [01/Oct/2020:02:17:44 -0700] "GET /forgetPassword HTTP/1.1" 500 12519
0:0:0:0:0:0:0:1 - - [01/Oct/2020:02:23:57 -0700] "GET /login HTTP/1.1" 200 1655
0:0:0:0:0:0:0:1 - - [01/Oct/2020:02:23:59 -0700] "GET /forgetPassword HTTP/1.1" 500 11725
0:0:0:0:0:0:0:1 - - [01/Oct/2020:02:25:39 -0700] "GET /login HTTP/1.1" 200 1655
0:0:0:0:0:0:0:1 - - [01/Oct/2020:02:25:41 -0700] "GET /forgetPassword HTTP/1.1" 500 10007
0:0:0:0:0:0:0:1 - - [01/Oct/2020:02:27:06 -0700] "GET /login HTTP/1.1" 200 1655
0:0:0:0:0:0:0:1 - - [01/Oct/2020:02:27:07 -0700] "GET /forgetPassword HTTP/1.1" 200 1839
0:0:0:0:0:0:0:1 - - [01/Oct/2020:02:27:07 -0700] "GET /js/pwstrength.js HTTP/1.1" 200 -
0:0:0:0:0:0:0:1 - - [01/Oct/2020:02:27:07 -0700] "GET /js/jquery-1.7.2.js HTTP/1.1" 200 293292
0:0:0:0:0:0:0:1 - - [01/Oct/2020:02:27:30 -0700] "POST /changePassword HTTP/1.1" 302 -
0:0:0:0:0:0:0:1 - - [01/Oct/2020:02:27:30 -0700] "GET /login HTTP/1.1" 200 1655
0:0:0:0:0:0:0:1 - - [01/Oct/2020:02:28:42 -0700] "GET /login HTTP/1.1" 200 1655
0:0:0:0:0:0:0:1 - - [01/Oct/2020:02:28:45 -0700] "GET /signup HTTP/1.1" 200 4730
0:0:0:0:0:0:0:1 - - [01/Oct/2020:02:28:45 -0700] "GET /js/pwstrength.js HTTP/1.1" 200 -
0:0:0:0:0:0:0:1 - - [01/Oct/2020:02:28:45 -0700] "GET /js/jquery-1.7.2.js HTTP/1.1" 200 293292
0:0:0:0:0:0:0:1 - - [01/Oct/2020:02:28:54 -0700] "POST /signup HTTP/1.1" 200 4819
0:0:0:0:0:0:0:1 - - [01/Oct/2020:02:28:54 -0700] "GET /js/pwstrength.js HTTP/1.1" 200 -
0:0:0:0:0:0:0:1 - - [01/Oct/2020:02:28:54 -0700] "GET /js/jquery-1.7.2.js HTTP/1.1" 200 293292
0:0:0:0:0:0:0:1 - - [01/Oct/2020:02:29:03 -0700] "POST /signup HTTP/1.1" 200 4819
0:0:0:0:0:0:0:1 - - [01/Oct/2020:02:29:03 -0700] "GET /js/pwstrength.js HTTP/1.1" 200 -
0:0:0:0:0:0:0:1 - - [01/Oct/2020:02:29:03 -0700] "GET /js/jquery-1.7.2.js HTTP/1.1" 200 293292
0:0:0:0:0:0:0:1 - - [01/Oct/2020:02:30:12 -0700] "GET /signup HTTP/1.1" 200 4730
0:0:0:0:0:0:0:1 - - [01/Oct/2020:02:30:12 -0700] "GET /js/pwstrength.js HTTP/1.1" 200 -
0:0:0:0:0:0:0:1 - - [01/Oct/2020:02:30:12 -0700] "GET /js/jquery-1.7.2.js HTTP/1.1" 200 293292
0:0:0:0:0:0:0:1 - - [01/Oct/2020:02:30:24 -0700] "POST /signup HTTP/1.1" 200 4819
0:0:0:0:0:0:0:1 - - [01/Oct/2020:02:30:24 -0700] "GET /js/pwstrength.js HTTP/1.1" 200 -
0:0:0:0:0:0:0:1 - - [01/Oct/2020:02:30:24 -0700] "GET /js/jquery-1.7.2.js HTTP/1.1" 200 293292
0:0:0:0:0:0:0:1 - - [01/Oct/2020:02:31:10 -0700] "POST /signup HTTP/1.1" 200 4819
0:0:0:0:0:0:0:1 - - [01/Oct/2020:02:31:10 -0700] "GET /js/pwstrength.js HTTP/1.1" 200 -
0:0:0:0:0:0:0:1 - - [01/Oct/2020:02:31:10 -0700] "GET /js/jquery-1.7.2.js HTTP/1.1" 200 293292
0:0:0:0:0:0:0:1 - - [01/Oct/2020:02:31:20 -0700] "GET /signup HTTP/1.1" 200 4730
0:0:0:0:0:0:0:1 - - [01/Oct/2020:02:31:20 -0700] "GET /js/pwstrength.js HTTP/1.1" 200 -
0:0:0:0:0:0:0:1 - - [01/Oct/2020:02:31:20 -0700] "GET /js/jquery-1.7.2.js HTTP/1.1" 200 293292
0:0:0:0:0:0:0:1 - - [01/Oct/2020:02:31:21 -0700] "POST /signup HTTP/1.1" 200 5512
0:0:0:0:0:0:0:1 - - [01/Oct/2020:02:31:21 -0700] "GET /js/pwstrength.js HTTP/1.1" 200 -
0:0:0:0:0:0:0:1 - - [01/Oct/2020:02:31:21 -0700] "GET /js/jquery-1.7.2.js HTTP/1.1" 200 293292
0:0:0:0:0:0:0:1 - - [01/Oct/2020:02:33:24 -0700] "GET / HTTP/1.1" 302 -
0:0:0:0:0:0:0:1 - - [01/Oct/2020:02:33:24 -0700] "GET /login HTTP/1.1" 200 1655
0:0:0:0:0:0:0:1 - - [01/Oct/2020:02:33:25 -0700] "GET /favicon.ico HTTP/1.1" 302 -
0:0:0:0:0:0:0:1 - - [01/Oct/2020:02:33:27 -0700] "POST /doLogin HTTP/1.1" 302 -
0:0:0:0:0:0:0:1 - - [01/Oct/2020:02:33:27 -0700] "GET /loginFailed HTTP/1.1" 302 -
0:0:0:0:0:0:0:1 - - [01/Oct/2020:02:33:27 -0700] "GET /login HTTP/1.1" 200 1655
0:0:0:0:0:0:0:1 - - [01/Oct/2020:02:33:30 -0700] "GET /signup HTTP/1.1" 200 4730
0:0:0:0:0:0:0:1 - - [01/Oct/2020:02:33:30 -0700] "GET /js/pwstrength.js HTTP/1.1" 200 -
0:0:0:0:0:0:0:1 - - [01/Oct/2020:02:33:30 -0700] "GET /js/jquery-1.7.2.js HTTP/1.1" 200 293292
0:0:0:0:0:0:0:1 - - [01/Oct/2020:02:34:14 -0700] "POST /signup HTTP/1.1" 200 4831
0:0:0:0:0:0:0:1 - - [01/Oct/2020:02:34:14 -0700] "GET /js/pwstrength.js HTTP/1.1" 200 -
0:0:0:0:0:0:0:1 - - [01/Oct/2020:02:34:14 -0700] "GET /js/jquery-1.7.2.js HTTP/1.1" 200 293292
0:0:0:0:0:0:0:1 - - [01/Oct/2020:02:34:16 -0700] "POST /signup HTTP/1.1" 200 4831
0:0:0:0:0:0:0:1 - - [01/Oct/2020:02:34:16 -0700] "GET /js/pwstrength.js HTTP/1.1" 200 -
0:0:0:0:0:0:0:1 - - [01/Oct/2020:02:34:16 -0700] "GET /js/jquery-1.7.2.js HTTP/1.1" 200 293292
0:0:0:0:0:0:0:1 - - [01/Oct/2020:02:34:17 -0700] "POST /signup HTTP/1.1" 200 4831
0:0:0:0:0:0:0:1 - - [01/Oct/2020:02:34:17 -0700] "GET /js/pwstrength.js HTTP/1.1" 200 -
0:0:0:0:0:0:0:1 - - [01/Oct/2020:02:34:17 -0700] "GET /js/jquery-1.7.2.js HTTP/1.1" 200 293292
0:0:0:0:0:0:0:1 - - [01/Oct/2020:02:34:18 -0700] "POST /signup HTTP/1.1" 200 4831
0:0:0:0:0:0:0:1 - - [01/Oct/2020:02:34:18 -0700] "GET /js/pwstrength.js HTTP/1.1" 200 -
0:0:0:0:0:0:0:1 - - [01/Oct/2020:02:34:18 -0700] "GET /js/jquery-1.7.2.js HTTP/1.1" 200 293292
0:0:0:0:0:0:0:1 - - [01/Oct/2020:02:35:43 -0700] "GET /login HTTP/1.1" 200 1655
0:0:0:0:0:0:0:1 - - [01/Oct/2020:02:35:44 -0700] "GET /login HTTP/1.1" 200 1655
0:0:0:0:0:0:0:1 - - [01/Oct/2020:02:35:45 -0700] "GET /signup HTTP/1.1" 200 4730
0:0:0:0:0:0:0:1 - - [01/Oct/2020:02:35:45 -0700] "GET /js/pwstrength.js HTTP/1.1" 200 -
0:0:0:0:0:0:0:1 - - [01/Oct/2020:02:35:45 -0700] "GET /js/jquery-1.7.2.js HTTP/1.1" 200 293292
0:0:0:0:0:0:0:1 - - [01/Oct/2020:02:35:54 -0700] "POST /signup HTTP/1.1" 200 4819
0:0:0:0:0:0:0:1 - - [01/Oct/2020:02:35:54 -0700] "GET /js/pwstrength.js HTTP/1.1" 200 -
0:0:0:0:0:0:0:1 - - [01/Oct/2020:02:35:54 -0700] "GET /js/jquery-1.7.2.js HTTP/1.1" 200 293292
0:0:0:0:0:0:0:1 - - [01/Oct/2020:02:36:36 -0700] "POST /signup HTTP/1.1" 200 5029
0:0:0:0:0:0:0:1 - - [01/Oct/2020:02:36:36 -0700] "GET /js/pwstrength.js HTTP/1.1" 200 -
0:0:0:0:0:0:0:1 - - [01/Oct/2020:02:36:36 -0700] "GET /js/jquery-1.7.2.js HTTP/1.1" 200 293292
0:0:0:0:0:0:0:1 - - [01/Oct/2020:02:42:54 -0700] "POST /signup HTTP/1.1" 200 4819
0:0:0:0:0:0:0:1 - - [01/Oct/2020:02:42:54 -0700] "GET /js/pwstrength.js HTTP/1.1" 200 -
0:0:0:0:0:0:0:1 - - [01/Oct/2020:02:42:54 -0700] "GET /js/jquery-1.7.2.js HTTP/1.1" 200 293292
127.0.0.1 - - [01/Oct/2020:02:43:30 -0700] "GET /signup HTTP/1.1" 200 4730
127.0.0.1 - - [01/Oct/2020:02:43:30 -0700] "GET /js/pwstrength.js HTTP/1.1" 200 -
127.0.0.1 - - [01/Oct/2020:02:43:30 -0700] "GET /js/jquery-1.7.2.js HTTP/1.1" 200 293292
0:0:0:0:0:0:0:1 - - [01/Oct/2020:02:43:40 -0700] "POST /signup HTTP/1.1" 200 4819
0:0:0:0:0:0:0:1 - - [01/Oct/2020:02:43:40 -0700] "GET /js/pwstrength.js HTTP/1.1" 200 -
0:0:0:0:0:0:0:1 - - [01/Oct/2020:02:43:40 -0700] "GET /js/jquery-1.7.2.js HTTP/1.1" 200 293292
0:0:0:0:0:0:0:1 - - [01/Oct/2020:02:44:21 -0700] "GET /login HTTP/1.1" 200 1655
0:0:0:0:0:0:0:1 - - [01/Oct/2020:02:44:21 -0700] "GET /login HTTP/1.1" 200 1655
0:0:0:0:0:0:0:1 - - [01/Oct/2020:02:44:23 -0700] "GET /signup HTTP/1.1" 200 4730
0:0:0:0:0:0:0:1 - - [01/Oct/2020:02:44:23 -0700] "GET /js/pwstrength.js HTTP/1.1" 200 -
0:0:0:0:0:0:0:1 - - [01/Oct/2020:02:44:23 -0700] "GET /js/jquery-1.7.2.js HTTP/1.1" 200 293292
0:0:0:0:0:0:0:1 - - [01/Oct/2020:02:44:30 -0700] "POST /signup HTTP/1.1" 200 4819
0:0:0:0:0:0:0:1 - - [01/Oct/2020:02:44:30 -0700] "GET /js/pwstrength.js HTTP/1.1" 200 -
0:0:0:0:0:0:0:1 - - [01/Oct/2020:02:44:30 -0700] "GET /js/jquery-1.7.2.js HTTP/1.1" 200 293292
0:0:0:0:0:0:0:1 - - [01/Oct/2020:02:50:13 -0700] "GET /signup HTTP/1.1" 200 4862
0:0:0:0:0:0:0:1 - - [01/Oct/2020:02:50:13 -0700] "GET /js/pwstrength.js HTTP/1.1" 200 -
0:0:0:0:0:0:0:1 - - [01/Oct/2020:02:50:14 -0700] "GET /js/jquery-1.7.2.js HTTP/1.1" 200 293292
0:0:0:0:0:0:0:1 - - [01/Oct/2020:02:50:35 -0700] "POST /signup HTTP/1.1" 302 -
0:0:0:0:0:0:0:1 - - [01/Oct/2020:02:50:35 -0700] "GET /login HTTP/1.1" 200 1655
0:0:0:0:0:0:0:1 - - [01/Oct/2020:02:50:40 -0700] "GET /registrationConfirm?token=7b436b8c-ec6e-4395-b09d-13f0e7f123b5 HTTP/1.1" 302 -
0:0:0:0:0:0:0:1 - - [01/Oct/2020:02:50:41 -0700] "GET /login HTTP/1.1" 200 1655
0:0:0:0:0:0:0:1 - - [01/Oct/2020:02:50:48 -0700] "GET /forgetPassword HTTP/1.1" 200 1839
0:0:0:0:0:0:0:1 - - [01/Oct/2020:02:50:48 -0700] "GET /js/pwstrength.js HTTP/1.1" 200 -
0:0:0:0:0:0:0:1 - - [01/Oct/2020:02:50:48 -0700] "GET /js/jquery-1.7.2.js HTTP/1.1" 200 293292
0:0:0:0:0:0:0:1 - - [01/Oct/2020:02:51:00 -0700] "POST /changePassword HTTP/1.1" 302 -
0:0:0:0:0:0:0:1 - - [01/Oct/2020:02:51:00 -0700] "GET /login HTTP/1.1" 200 1655
0:0:0:0:0:0:0:1 - - [01/Oct/2020:02:51:13 -0700] "GET /forgetPassword HTTP/1.1" 200 1839
0:0:0:0:0:0:0:1 - - [01/Oct/2020:02:51:13 -0700] "GET /js/pwstrength.js HTTP/1.1" 200 -
0:0:0:0:0:0:0:1 - - [01/Oct/2020:02:51:13 -0700] "GET /js/jquery-1.7.2.js HTTP/1.1" 200 293292
0:0:0:0:0:0:0:1 - - [01/Oct/2020:02:51:40 -0700] "POST /changePassword HTTP/1.1" 302 -
0:0:0:0:0:0:0:1 - - [01/Oct/2020:02:51:40 -0700] "GET /login HTTP/1.1" 200 1655
0:0:0:0:0:0:0:1 - - [01/Oct/2020:02:51:57 -0700] "POST /doLogin HTTP/1.1" 302 -
0:0:0:0:0:0:0:1 - - [01/Oct/2020:02:51:57 -0700] "GET /loginSuccessful HTTP/1.1" 200 288
0:0:0:0:0:0:0:1 - - [01/Oct/2020:02:52:00 -0700] "GET /login HTTP/1.1" 200 1655
0:0:0:0:0:0:0:1 - - [01/Oct/2020:02:52:21 -0700] "POST /doLogin HTTP/1.1" 302 -
0:0:0:0:0:0:0:1 - - [01/Oct/2020:02:52:21 -0700] "GET /loginFailed HTTP/1.1" 302 -
0:0:0:0:0:0:0:1 - - [01/Oct/2020:02:52:21 -0700] "GET /login HTTP/1.1" 200 1655
0:0:0:0:0:0:0:1 - - [01/Oct/2020:02:56:01 -0700] "GET /login HTTP/1.1" 200 1655
0:0:0:0:0:0:0:1 - - [01/Oct/2020:02:56:02 -0700] "GET /forgetPassword HTTP/1.1" 200 1839
0:0:0:0:0:0:0:1 - - [01/Oct/2020:02:56:02 -0700] "GET /js/pwstrength.js HTTP/1.1" 200 -
0:0:0:0:0:0:0:1 - - [01/Oct/2020:02:56:02 -0700] "GET /js/jquery-1.7.2.js HTTP/1.1" 200 293292
0:0:0:0:0:0:0:1 - - [01/Oct/2020:02:56:12 -0700] "POST /changePassword HTTP/1.1" 302 -
0:0:0:0:0:0:0:1 - - [01/Oct/2020:02:56:12 -0700] "GET /login HTTP/1.1" 200 1655
0:0:0:0:0:0:0:1 - - [01/Oct/2020:02:59:47 -0700] "GET /login HTTP/1.1" 200 1655
0:0:0:0:0:0:0:1 - - [01/Oct/2020:02:59:49 -0700] "GET /forgetPassword HTTP/1.1" 500 12524
0:0:0:0:0:0:0:1 - - [01/Oct/2020:03:01:24 -0700] "GET /forgetPassword HTTP/1.1" 500 12524
0:0:0:0:0:0:0:1 - - [01/Oct/2020:03:01:28 -0700] "GET /login HTTP/1.1" 200 1655
0:0:0:0:0:0:0:1 - - [01/Oct/2020:03:01:28 -0700] "GET /login HTTP/1.1" 200 1655
0:0:0:0:0:0:0:1 - - [01/Oct/2020:03:01:30 -0700] "GET /forgetPassword HTTP/1.1" 500 12524
0:0:0:0:0:0:0:1 - - [01/Oct/2020:03:05:53 -0700] "GET /login HTTP/1.1" 200 1655
0:0:0:0:0:0:0:1 - - [01/Oct/2020:03:05:54 -0700] "GET /login HTTP/1.1" 200 1655
0:0:0:0:0:0:0:1 - - [01/Oct/2020:03:05:55 -0700] "GET /forgetPassword HTTP/1.1" 200 1839
0:0:0:0:0:0:0:1 - - [01/Oct/2020:03:05:55 -0700] "GET /js/pwstrength.js HTTP/1.1" 200 -
0:0:0:0:0:0:0:1 - - [01/Oct/2020:03:05:55 -0700] "GET /js/jquery-1.7.2.js HTTP/1.1" 200 293292
0:0:0:0:0:0:0:1 - - [01/Oct/2020:03:06:01 -0700] "GET /login HTTP/1.1" 200 1655
0:0:0:0:0:0:0:1 - - [01/Oct/2020:03:06:03 -0700] "GET /login HTTP/1.1" 200 1655
0:0:0:0:0:0:0:1 - - [01/Oct/2020:03:06:04 -0700] "GET /forgetPassword HTTP/1.1" 200 1839
0:0:0:0:0:0:0:1 - - [01/Oct/2020:03:06:04 -0700] "GET /js/pwstrength.js HTTP/1.1" 200 -
0:0:0:0:0:0:0:1 - - [01/Oct/2020:03:06:04 -0700] "GET /js/jquery-1.7.2.js HTTP/1.1" 200 293292
0:0:0:0:0:0:0:1 - - [01/Oct/2020:03:06:24 -0700] "POST /changePassword HTTP/1.1" 302 -
0:0:0:0:0:0:0:1 - - [01/Oct/2020:03:06:24 -0700] "GET /login HTTP/1.1" 200 1655
0:0:0:0:0:0:0:1 - - [01/Oct/2020:03:06:54 -0700] "GET /login HTTP/1.1" 200 1655
0:0:0:0:0:0:0:1 - - [01/Oct/2020:03:06:56 -0700] "GET /login HTTP/1.1" 200 1655
0:0:0:0:0:0:0:1 - - [01/Oct/2020:03:06:58 -0700] "GET /forgetPassword HTTP/1.1" 200 1839
127.0.0.1 - - [01/Oct/2020:03:06:58 -0700] "GET /js/pwstrength.js HTTP/1.1" 200 -
0:0:0:0:0:0:0:1 - - [01/Oct/2020:03:06:58 -0700] "GET /js/jquery-1.7.2.js HTTP/1.1" 200 293292
0:0:0:0:0:0:0:1 - - [01/Oct/2020:03:07:03 -0700] "POST /changePassword HTTP/1.1" 302 -
0:0:0:0:0:0:0:1 - - [01/Oct/2020:03:07:03 -0700] "GET /login HTTP/1.1" 200 1655
0:0:0:0:0:0:0:1 - - [01/Oct/2020:03:18:50 -0700] "GET /login HTTP/1.1" 200 1655
0:0:0:0:0:0:0:1 - - [01/Oct/2020:03:18:51 -0700] "GET /signup HTTP/1.1" 200 4862
0:0:0:0:0:0:0:1 - - [01/Oct/2020:03:18:51 -0700] "GET /js/pwstrength.js HTTP/1.1" 200 -
0:0:0:0:0:0:0:1 - - [01/Oct/2020:03:18:51 -0700] "GET /js/jquery-1.7.2.js HTTP/1.1" 200 293292
0:0:0:0:0:0:0:1 - - [01/Oct/2020:03:18:53 -0700] "GET /login HTTP/1.1" 200 1655
0:0:0:0:0:0:0:1 - - [01/Oct/2020:03:18:54 -0700] "GET /forgetPassword HTTP/1.1" 200 1839
0:0:0:0:0:0:0:1 - - [01/Oct/2020:03:18:54 -0700] "GET /js/pwstrength.js HTTP/1.1" 200 -
0:0:0:0:0:0:0:1 - - [01/Oct/2020:03:18:54 -0700] "GET /js/jquery-1.7.2.js HTTP/1.1" 200 293292
0:0:0:0:0:0:0:1 - - [01/Oct/2020:03:19:01 -0700] "POST /changePassword HTTP/1.1" 302 -
0:0:0:0:0:0:0:1 - - [01/Oct/2020:03:19:01 -0700] "GET /login HTTP/1.1" 200 1655
0:0:0:0:0:0:0:1 - - [01/Oct/2020:03:19:43 -0700] "GET /login HTTP/1.1" 200 1655
0:0:0:0:0:0:0:1 - - [01/Oct/2020:03:19:44 -0700] "GET /forgetPassword HTTP/1.1" 200 1839
0:0:0:0:0:0:0:1 - - [01/Oct/2020:03:19:44 -0700] "GET /js/pwstrength.js HTTP/1.1" 200 -
0:0:0:0:0:0:0:1 - - [01/Oct/2020:03:19:44 -0700] "GET /js/jquery-1.7.2.js HTTP/1.1" 200 293292
0:0:0:0:0:0:0:1 - - [01/Oct/2020:03:19:50 -0700] "POST /changePassword HTTP/1.1" 302 -
0:0:0:0:0:0:0:1 - - [01/Oct/2020:03:19:50 -0700] "GET /login HTTP/1.1" 200 1655
0:0:0:0:0:0:0:1 - - [01/Oct/2020:03:25:22 -0700] "GET /login HTTP/1.1" 200 1655
0:0:0:0:0:0:0:1 - - [01/Oct/2020:03:25:24 -0700] "GET /forgetPassword HTTP/1.1" 200 1839
0:0:0:0:0:0:0:1 - - [01/Oct/2020:03:25:24 -0700] "GET /js/pwstrength.js HTTP/1.1" 200 -
0:0:0:0:0:0:0:1 - - [01/Oct/2020:03:25:24 -0700] "GET /js/jquery-1.7.2.js HTTP/1.1" 200 293292
0:0:0:0:0:0:0:1 - - [01/Oct/2020:03:25:29 -0700] "POST /changePassword HTTP/1.1" 302 -
0:0:0:0:0:0:0:1 - - [01/Oct/2020:03:25:29 -0700] "GET /login HTTP/1.1" 200 1655
0:0:0:0:0:0:0:1 - - [01/Oct/2020:08:40:27 -0700] "GET /forgetPassword HTTP/1.1" 200 1839
0:0:0:0:0:0:0:1 - - [01/Oct/2020:08:40:27 -0700] "GET /js/jquery-1.7.2.js HTTP/1.1" 200 293292
0:0:0:0:0:0:0:1 - - [01/Oct/2020:08:40:27 -0700] "GET /js/pwstrength.js HTTP/1.1" 200 -
0:0:0:0:0:0:0:1 - - [01/Oct/2020:09:08:22 -0700] "GET /forgetPassword HTTP/1.1" 200 1839
0:0:0:0:0:0:0:1 - - [01/Oct/2020:09:08:22 -0700] "GET /js/pwstrength.js HTTP/1.1" 200 -
0:0:0:0:0:0:0:1 - - [01/Oct/2020:09:08:22 -0700] "GET /js/jquery-1.7.2.js HTTP/1.1" 200 293292
0:0:0:0:0:0:0:1 - - [01/Oct/2020:09:08:27 -0700] "POST /changePassword HTTP/1.1" 302 -
0:0:0:0:0:0:0:1 - - [01/Oct/2020:09:08:27 -0700] "GET /login HTTP/1.1" 200 1655
0:0:0:0:0:0:0:1 - - [01/Oct/2020:09:20:46 -0700] "GET /forgetPassword HTTP/1.1" 200 1839
0:0:0:0:0:0:0:1 - - [01/Oct/2020:09:20:46 -0700] "GET /js/pwstrength.js HTTP/1.1" 200 -
0:0:0:0:0:0:0:1 - - [01/Oct/2020:09:20:46 -0700] "GET /js/jquery-1.7.2.js HTTP/1.1" 200 293292
0:0:0:0:0:0:0:1 - - [01/Oct/2020:11:27:37 -0700] "GET /forgetPassword HTTP/1.1" 200 1839
0:0:0:0:0:0:0:1 - - [01/Oct/2020:11:27:37 -0700] "GET /js/pwstrength.js HTTP/1.1" 200 -
0:0:0:0:0:0:0:1 - - [01/Oct/2020:11:27:37 -0700] "GET /js/jquery-1.7.2.js HTTP/1.1" 200 293292
0:0:0:0:0:0:0:1 - - [01/Oct/2020:13:17:52 -0700] "GET /login HTTP/1.1" 200 1655
0:0:0:0:0:0:0:1 - - [01/Oct/2020:13:17:53 -0700] "GET /login HTTP/1.1" 200 1655
0:0:0:0:0:0:0:1 - - [01/Oct/2020:13:17:55 -0700] "GET /forgetPassword HTTP/1.1" 200 1839
0:0:0:0:0:0:0:1 - - [01/Oct/2020:13:17:55 -0700] "GET /js/pwstrength.js HTTP/1.1" 200 -
0:0:0:0:0:0:0:1 - - [01/Oct/2020:13:17:55 -0700] "GET /js/jquery-1.7.2.js HTTP/1.1" 200 293292
0:0:0:0:0:0:0:1 - - [01/Oct/2020:13:17:56 -0700] "POST /changePassword HTTP/1.1" 302 -
0:0:0:0:0:0:0:1 - - [01/Oct/2020:13:17:56 -0700] "GET /login HTTP/1.1" 200 1655
0:0:0:0:0:0:0:1 - - [01/Oct/2020:13:17:58 -0700] "GET /signup HTTP/1.1" 200 4862
0:0:0:0:0:0:0:1 - - [01/Oct/2020:13:17:58 -0700] "GET /js/pwstrength.js HTTP/1.1" 200 -
0:0:0:0:0:0:0:1 - - [01/Oct/2020:13:17:58 -0700] "GET /js/jquery-1.7.2.js HTTP/1.1" 200 293292
0:0:0:0:0:0:0:1 - - [01/Oct/2020:13:34:27 -0700] "GET /login HTTP/1.1" 200 1655
0:0:0:0:0:0:0:1 - - [01/Oct/2020:13:34:27 -0700] "GET /login HTTP/1.1" 200 1655
0:0:0:0:0:0:0:1 - - [01/Oct/2020:13:34:29 -0700] "GET /forgetPassword HTTP/1.1" 200 1839
0:0:0:0:0:0:0:1 - - [01/Oct/2020:13:34:29 -0700] "GET /js/pwstrength.js HTTP/1.1" 200 -
0:0:0:0:0:0:0:1 - - [01/Oct/2020:13:34:29 -0700] "GET /js/jquery-1.7.2.js HTTP/1.1" 200 293292
0:0:0:0:0:0:0:1 - - [01/Oct/2020:13:34:34 -0700] "POST /changePassword HTTP/1.1" 302 -
0:0:0:0:0:0:0:1 - - [01/Oct/2020:13:34:34 -0700] "GET /signup HTTP/1.1" 200 4862
0:0:0:0:0:0:0:1 - - [01/Oct/2020:13:34:34 -0700] "GET /js/pwstrength.js HTTP/1.1" 200 -
0:0:0:0:0:0:0:1 - - [01/Oct/2020:13:34:34 -0700] "GET /js/jquery-1.7.2.js HTTP/1.1" 200 293292
0:0:0:0:0:0:0:1 - - [01/Oct/2020:13:35:16 -0700] "GET /login HTTP/1.1" 200 1655
0:0:0:0:0:0:0:1 - - [01/Oct/2020:13:35:16 -0700] "GET /login HTTP/1.1" 200 1655
0:0:0:0:0:0:0:1 - - [01/Oct/2020:13:35:18 -0700] "GET /forgetPassword HTTP/1.1" 200 1839
0:0:0:0:0:0:0:1 - - [01/Oct/2020:13:35:18 -0700] "GET /js/pwstrength.js HTTP/1.1" 200 -
0:0:0:0:0:0:0:1 - - [01/Oct/2020:13:35:18 -0700] "GET /js/jquery-1.7.2.js HTTP/1.1" 200 293292
0:0:0:0:0:0:0:1 - - [01/Oct/2020:13:35:22 -0700] "POST /changePassword HTTP/1.1" 500 11801
0:0:0:0:0:0:0:1 - - [01/Oct/2020:13:35:57 -0700] "GET /forgetPassword HTTP/1.1" 200 1839
0:0:0:0:0:0:0:1 - - [01/Oct/2020:13:35:57 -0700] "GET /js/pwstrength.js HTTP/1.1" 200 -
0:0:0:0:0:0:0:1 - - [01/Oct/2020:13:35:57 -0700] "GET /js/jquery-1.7.2.js HTTP/1.1" 200 293292
0:0:0:0:0:0:0:1 - - [01/Oct/2020:13:36:02 -0700] "POST /changePassword HTTP/1.1" 500 11801
0:0:0:0:0:0:0:1 - - [01/Oct/2020:13:49:39 -0700] "GET /login HTTP/1.1" 200 1655
0:0:0:0:0:0:0:1 - - [01/Oct/2020:13:49:39 -0700] "GET /login HTTP/1.1" 200 1655
0:0:0:0:0:0:0:1 - - [01/Oct/2020:13:49:42 -0700] "GET /forgetPassword HTTP/1.1" 200 1839
0:0:0:0:0:0:0:1 - - [01/Oct/2020:13:49:42 -0700] "GET /js/pwstrength.js HTTP/1.1" 200 -
0:0:0:0:0:0:0:1 - - [01/Oct/2020:13:49:42 -0700] "GET /js/jquery-1.7.2.js HTTP/1.1" 200 293292
0:0:0:0:0:0:0:1 - - [01/Oct/2020:13:49:47 -0700] "POST /changePassword HTTP/1.1" 500 11801
0:0:0:0:0:0:0:1 - - [01/Oct/2020:15:18:03 -0700] "GET /login HTTP/1.1" 200 1655
0:0:0:0:0:0:0:1 - - [01/Oct/2020:15:18:04 -0700] "GET /login HTTP/1.1" 200 1655
0:0:0:0:0:0:0:1 - - [01/Oct/2020:15:18:05 -0700] "GET /forgetPassword HTTP/1.1" 500 12524
0:0:0:0:0:0:0:1 - - [01/Oct/2020:15:22:39 -0700] "GET /forgetPassword HTTP/1.1" 200 707
0:0:0:0:0:0:0:1 - - [01/Oct/2020:15:22:39 -0700] "GET /js/pwstrength.js HTTP/1.1" 200 -
0:0:0:0:0:0:0:1 - - [01/Oct/2020:15:22:39 -0700] "GET /js/jquery-1.7.2.js HTTP/1.1" 200 293292
0:0:0:0:0:0:0:1 - - [01/Oct/2020:15:27:08 -0700] "GET /forgetPassword HTTP/1.1" 200 944
0:0:0:0:0:0:0:1 - - [01/Oct/2020:15:27:08 -0700] "GET /js/pwstrength.js HTTP/1.1" 200 -
0:0:0:0:0:0:0:1 - - [01/Oct/2020:15:27:08 -0700] "GET /js/jquery-1.7.2.js HTTP/1.1" 200 293292
0:0:0:0:0:0:0:1 - - [01/Oct/2020:15:27:18 -0700] "GET /forgetPassword HTTP/1.1" 200 944
0:0:0:0:0:0:0:1 - - [01/Oct/2020:15:27:18 -0700] "GET /js/pwstrength.js HTTP/1.1" 200 -
0:0:0:0:0:0:0:1 - - [01/Oct/2020:15:27:18 -0700] "GET /js/jquery-1.7.2.js HTTP/1.1" 200 293292
0:0:0:0:0:0:0:1 - - [01/Oct/2020:15:27:19 -0700] "GET /forgetPassword HTTP/1.1" 200 944
0:0:0:0:0:0:0:1 - - [01/Oct/2020:15:27:19 -0700] "GET /js/pwstrength.js HTTP/1.1" 200 -
0:0:0:0:0:0:0:1 - - [01/Oct/2020:15:27:19 -0700] "GET /js/jquery-1.7.2.js HTTP/1.1" 200 293292
0:0:0:0:0:0:0:1 - - [01/Oct/2020:15:27:52 -0700] "GET /forgetPassword HTTP/1.1" 200 944
0:0:0:0:0:0:0:1 - - [01/Oct/2020:15:27:52 -0700] "GET /js/pwstrength.js HTTP/1.1" 200 -
0:0:0:0:0:0:0:1 - - [01/Oct/2020:15:27:52 -0700] "GET /js/jquery-1.7.2.js HTTP/1.1" 200 293292
0:0:0:0:0:0:0:1 - - [01/Oct/2020:15:27:54 -0700] "GET /login HTTP/1.1" 200 1655
0:0:0:0:0:0:0:1 - - [01/Oct/2020:15:27:55 -0700] "GET /login HTTP/1.1" 200 1655
0:0:0:0:0:0:0:1 - - [01/Oct/2020:15:27:56 -0700] "GET /forgetPassword HTTP/1.1" 200 944
0:0:0:0:0:0:0:1 - - [01/Oct/2020:15:27:56 -0700] "GET /js/pwstrength.js HTTP/1.1" 200 -
0:0:0:0:0:0:0:1 - - [01/Oct/2020:15:27:56 -0700] "GET /js/jquery-1.7.2.js HTTP/1.1" 200 293292
0:0:0:0:0:0:0:1 - - [01/Oct/2020:15:29:41 -0700] "GET /login HTTP/1.1" 200 1655
0:0:0:0:0:0:0:1 - - [01/Oct/2020:15:29:41 -0700] "GET /login HTTP/1.1" 200 1655
0:0:0:0:0:0:0:1 - - [01/Oct/2020:15:29:42 -0700] "GET /forgetPassword HTTP/1.1" 200 1095
0:0:0:0:0:0:0:1 - - [01/Oct/2020:15:29:42 -0700] "GET /js/pwstrength.js HTTP/1.1" 200 -
0:0:0:0:0:0:0:1 - - [01/Oct/2020:15:29:42 -0700] "GET /js/jquery-1.7.2.js HTTP/1.1" 200 293292
0:0:0:0:0:0:0:1 - - [01/Oct/2020:15:29:47 -0700] "POST /changePassword HTTP/1.1" 500 11886
0:0:0:0:0:0:0:1 - - [01/Oct/2020:15:44:04 -0700] "GET /login HTTP/1.1" 200 1655
0:0:0:0:0:0:0:1 - - [01/Oct/2020:15:44:04 -0700] "GET /login HTTP/1.1" 200 1655
0:0:0:0:0:0:0:1 - - [01/Oct/2020:15:44:05 -0700] "GET /forgetPassword HTTP/1.1" 200 1853
0:0:0:0:0:0:0:1 - - [01/Oct/2020:15:44:05 -0700] "GET /js/pwstrength.js HTTP/1.1" 200 -
0:0:0:0:0:0:0:1 - - [01/Oct/2020:15:44:05 -0700] "GET /js/jquery-1.7.2.js HTTP/1.1" 200 293292
0:0:0:0:0:0:0:1 - - [01/Oct/2020:15:44:10 -0700] "POST /changePassword HTTP/1.1" 500 11843
0:0:0:0:0:0:0:1 - - [01/Oct/2020:16:10:58 -0700] "GET /forgetPassword HTTP/1.1" 200 1853
0:0:0:0:0:0:0:1 - - [01/Oct/2020:16:10:58 -0700] "GET /js/pwstrength.js HTTP/1.1" 200 -
0:0:0:0:0:0:0:1 - - [01/Oct/2020:16:10:58 -0700] "GET /js/jquery-1.7.2.js HTTP/1.1" 200 293292
0:0:0:0:0:0:0:1 - - [01/Oct/2020:16:17:44 -0700] "GET /login HTTP/1.1" 200 1655
0:0:0:0:0:0:0:1 - - [01/Oct/2020:16:17:44 -0700] "GET /login HTTP/1.1" 200 1655
0:0:0:0:0:0:0:1 - - [01/Oct/2020:16:17:46 -0700] "GET /forgetPassword HTTP/1.1" 200 1853
0:0:0:0:0:0:0:1 - - [01/Oct/2020:16:17:46 -0700] "GET /js/pwstrength.js HTTP/1.1" 200 -
0:0:0:0:0:0:0:1 - - [01/Oct/2020:16:17:46 -0700] "GET /js/jquery-1.7.2.js HTTP/1.1" 200 293292
0:0:0:0:0:0:0:1 - - [01/Oct/2020:16:17:50 -0700] "POST /changePassword HTTP/1.1" 302 -
0:0:0:0:0:0:0:1 - - [01/Oct/2020:16:17:50 -0700] "GET /login HTTP/1.1" 200 1655
0:0:0:0:0:0:0:1 - - [01/Oct/2020:16:18:50 -0700] "GET /login HTTP/1.1" 200 1655
0:0:0:0:0:0:0:1 - - [01/Oct/2020:16:18:52 -0700] "GET /forgetPassword HTTP/1.1" 200 1853
0:0:0:0:0:0:0:1 - - [01/Oct/2020:16:18:52 -0700] "GET /js/pwstrength.js HTTP/1.1" 200 -
0:0:0:0:0:0:0:1 - - [01/Oct/2020:16:18:52 -0700] "GET /js/jquery-1.7.2.js HTTP/1.1" 200 293292
0:0:0:0:0:0:0:1 - - [01/Oct/2020:16:18:58 -0700] "POST /changePassword HTTP/1.1" 302 -
0:0:0:0:0:0:0:1 - - [01/Oct/2020:16:18:58 -0700] "GET /login HTTP/1.1" 200 1655
0:0:0:0:0:0:0:1 - - [01/Oct/2020:16:20:29 -0700] "GET /login HTTP/1.1" 200 1655
0:0:0:0:0:0:0:1 - - [01/Oct/2020:16:20:31 -0700] "GET /forgetPassword HTTP/1.1" 200 1853
0:0:0:0:0:0:0:1 - - [01/Oct/2020:16:20:31 -0700] "GET /js/pwstrength.js HTTP/1.1" 200 -
0:0:0:0:0:0:0:1 - - [01/Oct/2020:16:20:31 -0700] "GET /js/jquery-1.7.2.js HTTP/1.1" 200 293292
0:0:0:0:0:0:0:1 - - [01/Oct/2020:16:20:36 -0700] "POST /changePassword HTTP/1.1" 302 -
0:0:0:0:0:0:0:1 - - [01/Oct/2020:16:20:36 -0700] "GET /login HTTP/1.1" 200 1655
0:0:0:0:0:0:0:1 - - [01/Oct/2020:16:21:27 -0700] "GET /login HTTP/1.1" 200 1655
0:0:0:0:0:0:0:1 - - [01/Oct/2020:16:21:29 -0700] "GET /forgetPassword HTTP/1.1" 200 1853
0:0:0:0:0:0:0:1 - - [01/Oct/2020:16:21:29 -0700] "GET /js/pwstrength.js HTTP/1.1" 200 -
0:0:0:0:0:0:0:1 - - [01/Oct/2020:16:21:29 -0700] "GET /js/jquery-1.7.2.js HTTP/1.1" 200 293292
0:0:0:0:0:0:0:1 - - [01/Oct/2020:16:21:35 -0700] "POST /changePassword HTTP/1.1" 302 -
0:0:0:0:0:0:0:1 - - [01/Oct/2020:16:21:35 -0700] "GET /login HTTP/1.1" 200 1655
0:0:0:0:0:0:0:1 - - [01/Oct/2020:16:21:58 -0700] "POST /doLogin HTTP/1.1" 302 -
0:0:0:0:0:0:0:1 - - [01/Oct/2020:16:21:58 -0700] "GET /loginFailed HTTP/1.1" 302 -
0:0:0:0:0:0:0:1 - - [01/Oct/2020:16:21:58 -0700] "GET /login HTTP/1.1" 200 1655
0:0:0:0:0:0:0:1 - - [01/Oct/2020:16:22:02 -0700] "POST /doLogin HTTP/1.1" 302 -
0:0:0:0:0:0:0:1 - - [01/Oct/2020:16:22:02 -0700] "GET /loginSuccessful HTTP/1.1" 200 288
0:0:0:0:0:0:0:1 - - [01/Oct/2020:16:22:06 -0700] "GET /login HTTP/1.1" 200 1655
0:0:0:0:0:0:0:1 - - [01/Oct/2020:16:35:28 -0700] "GET /login HTTP/1.1" 200 1655
0:0:0:0:0:0:0:1 - - [01/Oct/2020:16:35:29 -0700] "GET /signup HTTP/1.1" 200 4862
0:0:0:0:0:0:0:1 - - [01/Oct/2020:16:35:29 -0700] "GET /js/pwstrength.js HTTP/1.1" 200 -
0:0:0:0:0:0:0:1 - - [01/Oct/2020:16:35:29 -0700] "GET /js/jquery-1.7.2.js HTTP/1.1" 200 293292
0:0:0:0:0:0:0:1 - - [01/Oct/2020:16:35:33 -0700] "POST /signup HTTP/1.1" 200 5244
0:0:0:0:0:0:0:1 - - [01/Oct/2020:16:35:33 -0700] "GET /js/pwstrength.js HTTP/1.1" 200 -
0:0:0:0:0:0:0:1 - - [01/Oct/2020:16:35:33 -0700] "GET /js/jquery-1.7.2.js HTTP/1.1" 200 293292
0:0:0:0:0:0:0:1 - - [01/Oct/2020:16:35:51 -0700] "POST /signup HTTP/1.1" 200 5038
0:0:0:0:0:0:0:1 - - [01/Oct/2020:16:35:51 -0700] "GET /js/pwstrength.js HTTP/1.1" 200 -
0:0:0:0:0:0:0:1 - - [01/Oct/2020:16:35:51 -0700] "GET /js/jquery-1.7.2.js HTTP/1.1" 200 293292
192.168.1.86 - - [01/Oct/2020:18:35:27 -0700] "GET / HTTP/1.1" 302 -
192.168.1.86 - - [01/Oct/2020:18:35:27 -0700] "GET /login HTTP/1.1" 200 1655
192.168.1.86 - - [01/Oct/2020:18:35:33 -0700] "GET /HNAP1/ HTTP/1.1" 302 -
192.168.1.86 - - [01/Oct/2020:18:36:32 -0700] "GET / HTTP/1.1" 302 -
192.168.1.86 - - [01/Oct/2020:18:36:36 -0700] "GET /login HTTP/1.1" 200 1655
192.168.1.86 - - [01/Oct/2020:18:36:39 -0700] "GET /HNAP1/ HTTP/1.1" 302 -
0:0:0:0:0:0:0:1 - - [01/Oct/2020:18:52:13 -0700] "GET /signup HTTP/1.1" 200 4862
0:0:0:0:0:0:0:1 - - [01/Oct/2020:18:52:13 -0700] "GET /js/pwstrength.js HTTP/1.1" 200 -
0:0:0:0:0:0:0:1 - - [01/Oct/2020:18:52:13 -0700] "GET /js/jquery-1.7.2.js HTTP/1.1" 200 293292
0:0:0:0:0:0:0:1 - - [01/Oct/2020:18:52:29 -0700] "POST /signup HTTP/1.1" 302 -
0:0:0:0:0:0:0:1 - - [01/Oct/2020:18:52:29 -0700] "GET /login HTTP/1.1" 200 1655
0:0:0:0:0:0:0:1 - - [01/Oct/2020:18:52:37 -0700] "GET /registrationConfirm?token=7d0ff19a-6786-4dad-91ba-37ece347a723 HTTP/1.1" 404 306
0:0:0:0:0:0:0:1 - - [01/Oct/2020:19:07:35 -0700] "GET /login HTTP/1.1" 200 1655
0:0:0:0:0:0:0:1 - - [01/Oct/2020:19:07:37 -0700] "GET /signup HTTP/1.1" 200 4862
0:0:0:0:0:0:0:1 - - [01/Oct/2020:19:07:37 -0700] "GET /js/pwstrength.js HTTP/1.1" 200 -
0:0:0:0:0:0:0:1 - - [01/Oct/2020:19:07:37 -0700] "GET /js/jquery-1.7.2.js HTTP/1.1" 200 293292
0:0:0:0:0:0:0:1 - - [01/Oct/2020:19:07:50 -0700] "POST /signup HTTP/1.1" 302 -
0:0:0:0:0:0:0:1 - - [01/Oct/2020:19:07:50 -0700] "GET /login HTTP/1.1" 200 1655
0:0:0:0:0:0:0:1 - - [01/Oct/2020:19:07:58 -0700] "GET /registrationConfirm?token=4402e632-febe-40c5-a8e8-ba047892d817 HTTP/1.1" 302 -
0:0:0:0:0:0:0:1 - - [01/Oct/2020:19:07:58 -0700] "GET /login HTTP/1.1" 200 1655
0:0:0:0:0:0:0:1 - - [01/Oct/2020:19:08:01 -0700] "GET /forgetPassword HTTP/1.1" 500 11907
0:0:0:0:0:0:0:1 - - [01/Oct/2020:19:08:42 -0700] "GET /registrationConfirm?token=4402e632-febe-40c5-a8e8-ba047892d817 HTTP/1.1" 302 -
0:0:0:0:0:0:0:1 - - [01/Oct/2020:19:08:42 -0700] "GET /login HTTP/1.1" 200 1655
0:0:0:0:0:0:0:1 - - [01/Oct/2020:19:08:44 -0700] "GET /forgetPassword HTTP/1.1" 500 11907
0:0:0:0:0:0:0:1 - - [01/Oct/2020:19:09:11 -0700] "GET /login HTTP/1.1" 200 1655
0:0:0:0:0:0:0:1 - - [01/Oct/2020:19:09:11 -0700] "GET /login HTTP/1.1" 200 1655
0:0:0:0:0:0:0:1 - - [01/Oct/2020:19:09:12 -0700] "GET /forgetPassword HTTP/1.1" 500 11907
0:0:0:0:0:0:0:1 - - [01/Oct/2020:19:09:34 -0700] "GET /forgetPassword HTTP/1.1" 200 1853
0:0:0:0:0:0:0:1 - - [01/Oct/2020:19:09:34 -0700] "GET /js/pwstrength.js HTTP/1.1" 200 -
0:0:0:0:0:0:0:1 - - [01/Oct/2020:19:09:34 -0700] "GET /js/jquery-1.7.2.js HTTP/1.1" 200 293292
0:0:0:0:0:0:0:1 - - [01/Oct/2020:19:09:40 -0700] "POST /changePassword HTTP/1.1" 400 10048
0:0:0:0:0:0:0:1 - - [01/Oct/2020:19:11:47 -0700] "GET /login HTTP/1.1" 200 1655
0:0:0:0:0:0:0:1 - - [01/Oct/2020:19:11:47 -0700] "GET /login HTTP/1.1" 200 1655
0:0:0:0:0:0:0:1 - - [01/Oct/2020:19:11:49 -0700] "GET /forgetPassword HTTP/1.1" 200 1853
0:0:0:0:0:0:0:1 - - [01/Oct/2020:19:11:49 -0700] "GET /js/pwstrength.js HTTP/1.1" 200 -
0:0:0:0:0:0:0:1 - - [01/Oct/2020:19:11:49 -0700] "GET /js/jquery-1.7.2.js HTTP/1.1" 200 293292
0:0:0:0:0:0:0:1 - - [01/Oct/2020:19:11:53 -0700] "POST /changePassword HTTP/1.1" 302 -
0:0:0:0:0:0:0:1 - - [01/Oct/2020:19:11:53 -0700] "GET /login HTTP/1.1" 200 1655
0:0:0:0:0:0:0:1 - - [01/Oct/2020:19:12:00 -0700] "POST /doLogin HTTP/1.1" 302 -
0:0:0:0:0:0:0:1 - - [01/Oct/2020:19:12:00 -0700] "GET /loginSuccessful HTTP/1.1" 302 -
0:0:0:0:0:0:0:1 - - [01/Oct/2020:19:12:00 -0700] "GET /login HTTP/1.1" 200 1655
0:0:0:0:0:0:0:1 - - [01/Oct/2020:19:13:26 -0700] "POST /doLogin HTTP/1.1" 302 -
0:0:0:0:0:0:0:1 - - [01/Oct/2020:19:13:26 -0700] "GET /loginFailed HTTP/1.1" 302 -
0:0:0:0:0:0:0:1 - - [01/Oct/2020:19:13:26 -0700] "GET /login HTTP/1.1" 200 1655
0:0:0:0:0:0:0:1 - - [01/Oct/2020:19:14:16 -0700] "GET /login HTTP/1.1" 200 1655
0:0:0:0:0:0:0:1 - - [01/Oct/2020:19:14:18 -0700] "GET /signup HTTP/1.1" 200 4862
0:0:0:0:0:0:0:1 - - [01/Oct/2020:19:14:18 -0700] "GET /js/jquery-1.7.2.js HTTP/1.1" 200 293292
0:0:0:0:0:0:0:1 - - [01/Oct/2020:19:14:18 -0700] "GET /js/pwstrength.js HTTP/1.1" 200 -
0:0:0:0:0:0:0:1 - - [01/Oct/2020:19:14:29 -0700] "POST /signup HTTP/1.1" 302 -
0:0:0:0:0:0:0:1 - - [01/Oct/2020:19:14:29 -0700] "GET /login HTTP/1.1" 200 1655
0:0:0:0:0:0:0:1 - - [01/Oct/2020:19:14:34 -0700] "GET /registrationConfirm?token=e86bab43-4d9b-43c4-80a1-07d41f93a829 HTTP/1.1" 302 -
0:0:0:0:0:0:0:1 - - [01/Oct/2020:19:14:34 -0700] "GET /login HTTP/1.1" 200 1655
0:0:0:0:0:0:0:1 - - [01/Oct/2020:19:14:38 -0700] "POST /doLogin HTTP/1.1" 302 -
0:0:0:0:0:0:0:1 - - [01/Oct/2020:19:14:38 -0700] "GET /loginSuccessful HTTP/1.1" 302 -
0:0:0:0:0:0:0:1 - - [01/Oct/2020:19:14:38 -0700] "GET /login HTTP/1.1" 200 1655
0:0:0:0:0:0:0:1 - - [01/Oct/2020:19:17:03 -0700] "GET /login HTTP/1.1" 200 1655
0:0:0:0:0:0:0:1 - - [01/Oct/2020:19:17:13 -0700] "POST /doLogin HTTP/1.1" 302 -
0:0:0:0:0:0:0:1 - - [01/Oct/2020:19:17:13 -0700] "GET /loginFailed HTTP/1.1" 302 -
0:0:0:0:0:0:0:1 - - [01/Oct/2020:19:17:13 -0700] "GET /login HTTP/1.1" 200 1655
0:0:0:0:0:0:0:1 - - [01/Oct/2020:19:19:15 -0700] "GET /login HTTP/1.1" 200 1655
0:0:0:0:0:0:0:1 - - [01/Oct/2020:19:19:16 -0700] "GET /signup HTTP/1.1" 200 4862
0:0:0:0:0:0:0:1 - - [01/Oct/2020:19:19:16 -0700] "GET /js/pwstrength.js HTTP/1.1" 200 -
0:0:0:0:0:0:0:1 - - [01/Oct/2020:19:19:16 -0700] "GET /js/jquery-1.7.2.js HTTP/1.1" 200 293292
0:0:0:0:0:0:0:1 - - [01/Oct/2020:19:19:29 -0700] "POST /signup HTTP/1.1" 302 -
0:0:0:0:0:0:0:1 - - [01/Oct/2020:19:19:29 -0700] "GET /login HTTP/1.1" 200 1655
0:0:0:0:0:0:0:1 - - [01/Oct/2020:19:19:33 -0700] "GET /registrationConfirm?token=4b2058e0-5005-4d14-9870-5412d1b7f204 HTTP/1.1" 302 -
0:0:0:0:0:0:0:1 - - [01/Oct/2020:19:19:33 -0700] "GET /login HTTP/1.1" 200 1655
0:0:0:0:0:0:0:1 - - [01/Oct/2020:19:19:38 -0700] "POST /doLogin HTTP/1.1" 302 -
0:0:0:0:0:0:0:1 - - [01/Oct/2020:19:19:38 -0700] "GET /loginSuccessful HTTP/1.1" 200 288
0:0:0:0:0:0:0:1 - - [01/Oct/2020:19:19:41 -0700] "GET /login HTTP/1.1" 200 1655
0:0:0:0:0:0:0:1 - - [01/Oct/2020:19:19:43 -0700] "GET /forgetPassword HTTP/1.1" 200 1853
0:0:0:0:0:0:0:1 - - [01/Oct/2020:19:19:43 -0700] "GET /js/pwstrength.js HTTP/1.1" 200 -
0:0:0:0:0:0:0:1 - - [01/Oct/2020:19:19:44 -0700] "GET /js/jquery-1.7.2.js HTTP/1.1" 200 293292
0:0:0:0:0:0:0:1 - - [01/Oct/2020:19:19:49 -0700] "POST /changePassword HTTP/1.1" 302 -
0:0:0:0:0:0:0:1 - - [01/Oct/2020:19:19:49 -0700] "GET /login HTTP/1.1" 200 1655
0:0:0:0:0:0:0:1 - - [01/Oct/2020:19:19:53 -0700] "POST /doLogin HTTP/1.1" 302 -
0:0:0:0:0:0:0:1 - - [01/Oct/2020:19:19:53 -0700] "GET /loginFailed HTTP/1.1" 302 -
0:0:0:0:0:0:0:1 - - [01/Oct/2020:19:19:53 -0700] "GET /login HTTP/1.1" 200 1655
0:0:0:0:0:0:0:1 - - [01/Oct/2020:19:19:59 -0700] "POST /doLogin HTTP/1.1" 302 -
0:0:0:0:0:0:0:1 - - [01/Oct/2020:19:19:59 -0700] "GET /loginSuccessful HTTP/1.1" 200 288
0:0:0:0:0:0:0:1 - - [01/Oct/2020:19:20:01 -0700] "GET /login HTTP/1.1" 200 1655
0:0:0:0:0:0:0:1 - - [01/Oct/2020:19:20:30 -0700] "GET /forgetPassword HTTP/1.1" 200 1853
0:0:0:0:0:0:0:1 - - [01/Oct/2020:19:20:30 -0700] "GET /js/pwstrength.js HTTP/1.1" 200 -
0:0:0:0:0:0:0:1 - - [01/Oct/2020:19:20:30 -0700] "GET /js/jquery-1.7.2.js HTTP/1.1" 200 293292
0:0:0:0:0:0:0:1 - - [01/Oct/2020:19:20:34 -0700] "POST /changePassword HTTP/1.1" 302 -
0:0:0:0:0:0:0:1 - - [01/Oct/2020:19:20:34 -0700] "GET /login HTTP/1.1" 200 1655
0:0:0:0:0:0:0:1 - - [01/Oct/2020:19:20:53 -0700] "POST /doLogin HTTP/1.1" 302 -
0:0:0:0:0:0:0:1 - - [01/Oct/2020:19:20:53 -0700] "GET /loginFailed HTTP/1.1" 302 -
0:0:0:0:0:0:0:1 - - [01/Oct/2020:19:20:53 -0700] "GET /login HTTP/1.1" 200 1655
0:0:0:0:0:0:0:1 - - [01/Oct/2020:19:20:58 -0700] "POST /doLogin HTTP/1.1" 302 -
0:0:0:0:0:0:0:1 - - [01/Oct/2020:19:20:58 -0700] "GET /loginSuccessful HTTP/1.1" 200 288
0:0:0:0:0:0:0:1 - - [01/Oct/2020:19:21:48 -0700] "GET /login HTTP/1.1" 200 1655
0:0:0:0:0:0:0:1 - - [01/Oct/2020:19:21:48 -0700] "GET /login HTTP/1.1" 200 1655
0:0:0:0:0:0:0:1 - - [01/Oct/2020:19:21:51 -0700] "GET /forgetPassword HTTP/1.1" 200 1853
0:0:0:0:0:0:0:1 - - [01/Oct/2020:19:21:51 -0700] "GET /js/pwstrength.js HTTP/1.1" 200 -
0:0:0:0:0:0:0:1 - - [01/Oct/2020:19:21:51 -0700] "GET /js/jquery-1.7.2.js HTTP/1.1" 200 293292
0:0:0:0:0:0:0:1 - - [01/Oct/2020:19:21:56 -0700] "POST /changePassword HTTP/1.1" 302 -
0:0:0:0:0:0:0:1 - - [01/Oct/2020:19:21:57 -0700] "GET /login HTTP/1.1" 200 1655
0:0:0:0:0:0:0:1 - - [01/Oct/2020:19:22:34 -0700] "POST /doLogin HTTP/1.1" 302 -
0:0:0:0:0:0:0:1 - - [01/Oct/2020:19:22:34 -0700] "GET /loginFailed HTTP/1.1" 302 -
0:0:0:0:0:0:0:1 - - [01/Oct/2020:19:22:34 -0700] "GET /login HTTP/1.1" 200 1655
0:0:0:0:0:0:0:1 - - [01/Oct/2020:19:22:39 -0700] "POST /doLogin HTTP/1.1" 302 -
0:0:0:0:0:0:0:1 - - [01/Oct/2020:19:22:39 -0700] "GET /loginFailed HTTP/1.1" 302 -
0:0:0:0:0:0:0:1 - - [01/Oct/2020:19:22:39 -0700] "GET /login HTTP/1.1" 200 1655
0:0:0:0:0:0:0:1 - - [01/Oct/2020:19:22:42 -0700] "GET /login HTTP/1.1" 200 1655
0:0:0:0:0:0:0:1 - - [01/Oct/2020:19:24:28 -0700] "GET /login HTTP/1.1" 200 1655
0:0:0:0:0:0:0:1 - - [01/Oct/2020:19:24:31 -0700] "GET /signup HTTP/1.1" 200 4862
0:0:0:0:0:0:0:1 - - [01/Oct/2020:19:24:31 -0700] "GET /js/pwstrength.js HTTP/1.1" 200 -
0:0:0:0:0:0:0:1 - - [01/Oct/2020:19:24:31 -0700] "GET /js/jquery-1.7.2.js HTTP/1.1" 200 293292
0:0:0:0:0:0:0:1 - - [01/Oct/2020:19:24:48 -0700] "POST /signup HTTP/1.1" 302 -
0:0:0:0:0:0:0:1 - - [01/Oct/2020:19:24:48 -0700] "GET /login HTTP/1.1" 200 1655
0:0:0:0:0:0:0:1 - - [01/Oct/2020:19:24:52 -0700] "GET /registrationConfirm?token=26cda10a-714c-467b-a1ff-da599374bcfd HTTP/1.1" 302 -
0:0:0:0:0:0:0:1 - - [01/Oct/2020:19:24:52 -0700] "GET /login HTTP/1.1" 200 1655
0:0:0:0:0:0:0:1 - - [01/Oct/2020:19:24:57 -0700] "POST /doLogin HTTP/1.1" 302 -
0:0:0:0:0:0:0:1 - - [01/Oct/2020:19:24:57 -0700] "GET /loginFailed HTTP/1.1" 302 -
0:0:0:0:0:0:0:1 - - [01/Oct/2020:19:24:57 -0700] "GET /login HTTP/1.1" 200 1655
0:0:0:0:0:0:0:1 - - [01/Oct/2020:19:25:24 -0700] "GET /login HTTP/1.1" 200 1655
0:0:0:0:0:0:0:1 - - [01/Oct/2020:19:25:24 -0700] "GET /login HTTP/1.1" 200 1655
0:0:0:0:0:0:0:1 - - [01/Oct/2020:19:25:26 -0700] "GET /signup HTTP/1.1" 200 4862
0:0:0:0:0:0:0:1 - - [01/Oct/2020:19:25:26 -0700] "GET /js/pwstrength.js HTTP/1.1" 200 -
0:0:0:0:0:0:0:1 - - [01/Oct/2020:19:25:26 -0700] "GET /js/jquery-1.7.2.js HTTP/1.1" 200 293292
0:0:0:0:0:0:0:1 - - [01/Oct/2020:19:25:39 -0700] "POST /signup HTTP/1.1" 302 -
0:0:0:0:0:0:0:1 - - [01/Oct/2020:19:25:39 -0700] "GET /login HTTP/1.1" 200 1655
0:0:0:0:0:0:0:1 - - [01/Oct/2020:19:25:42 -0700] "GET /registrationConfirm?token=340b257b-00ae-490f-92ab-d386372aa035 HTTP/1.1" 302 -
0:0:0:0:0:0:0:1 - - [01/Oct/2020:19:25:42 -0700] "GET /login HTTP/1.1" 200 1655
0:0:0:0:0:0:0:1 - - [01/Oct/2020:19:25:46 -0700] "POST /doLogin HTTP/1.1" 302 -
0:0:0:0:0:0:0:1 - - [01/Oct/2020:19:25:46 -0700] "GET /loginSuccessful HTTP/1.1" 200 288
0:0:0:0:0:0:0:1 - - [01/Oct/2020:19:25:48 -0700] "GET /login HTTP/1.1" 200 1655
0:0:0:0:0:0:0:1 - - [01/Oct/2020:19:25:51 -0700] "POST /doLogin HTTP/1.1" 302 -
0:0:0:0:0:0:0:1 - - [01/Oct/2020:19:25:51 -0700] "GET /loginFailed HTTP/1.1" 302 -
0:0:0:0:0:0:0:1 - - [01/Oct/2020:19:25:51 -0700] "GET /login HTTP/1.1" 200 1655
0:0:0:0:0:0:0:1 - - [01/Oct/2020:19:25:55 -0700] "GET /forgetPassword HTTP/1.1" 200 1853
0:0:0:0:0:0:0:1 - - [01/Oct/2020:19:25:55 -0700] "GET /js/pwstrength.js HTTP/1.1" 200 -
0:0:0:0:0:0:0:1 - - [01/Oct/2020:19:25:55 -0700] "GET /js/jquery-1.7.2.js HTTP/1.1" 200 293292
0:0:0:0:0:0:0:1 - - [01/Oct/2020:19:26:01 -0700] "POST /changePassword HTTP/1.1" 302 -
0:0:0:0:0:0:0:1 - - [01/Oct/2020:19:26:01 -0700] "GET /login HTTP/1.1" 200 1655
0:0:0:0:0:0:0:1 - - [01/Oct/2020:19:26:05 -0700] "POST /doLogin HTTP/1.1" 302 -
0:0:0:0:0:0:0:1 - - [01/Oct/2020:19:26:05 -0700] "GET /loginFailed HTTP/1.1" 302 -
0:0:0:0:0:0:0:1 - - [01/Oct/2020:19:26:05 -0700] "GET /login HTTP/1.1" 200 1655
0:0:0:0:0:0:0:1 - - [01/Oct/2020:19:26:11 -0700] "POST /doLogin HTTP/1.1" 302 -
0:0:0:0:0:0:0:1 - - [01/Oct/2020:19:26:11 -0700] "GET /loginSuccessful HTTP/1.1" 200 288
0:0:0:0:0:0:0:1 - - [01/Oct/2020:19:26:13 -0700] "GET /login HTTP/1.1" 200 1655
0:0:0:0:0:0:0:1 - - [01/Oct/2020:19:26:18 -0700] "GET /forgetPassword HTTP/1.1" 200 1853
0:0:0:0:0:0:0:1 - - [01/Oct/2020:19:26:18 -0700] "GET /js/pwstrength.js HTTP/1.1" 200 -
0:0:0:0:0:0:0:1 - - [01/Oct/2020:19:26:18 -0700] "GET /js/jquery-1.7.2.js HTTP/1.1" 200 293292
0:0:0:0:0:0:0:1 - - [01/Oct/2020:19:29:21 -0700] "GET /forgetPassword HTTP/1.1" 200 1853
0:0:0:0:0:0:0:1 - - [01/Oct/2020:19:29:21 -0700] "GET /js/pwstrength.js HTTP/1.1" 200 -
0:0:0:0:0:0:0:1 - - [01/Oct/2020:19:29:21 -0700] "GET /js/jquery-1.7.2.js HTTP/1.1" 200 293292
0:0:0:0:0:0:0:1 - - [01/Oct/2020:19:29:29 -0700] "POST /changePassword HTTP/1.1" 500 12894
0:0:0:0:0:0:0:1 - - [01/Oct/2020:19:31:33 -0700] "GET /changePassword HTTP/1.1" 405 9123
0:0:0:0:0:0:0:1 - - [01/Oct/2020:19:31:36 -0700] "GET /login HTTP/1.1" 200 1655
0:0:0:0:0:0:0:1 - - [01/Oct/2020:19:31:36 -0700] "GET /login HTTP/1.1" 200 1655
0:0:0:0:0:0:0:1 - - [01/Oct/2020:19:31:37 -0700] "GET /forgetPassword HTTP/1.1" 200 1853
0:0:0:0:0:0:0:1 - - [01/Oct/2020:19:31:37 -0700] "GET /js/pwstrength.js HTTP/1.1" 200 -
0:0:0:0:0:0:0:1 - - [01/Oct/2020:19:31:37 -0700] "GET /js/jquery-1.7.2.js HTTP/1.1" 200 293292
0:0:0:0:0:0:0:1 - - [01/Oct/2020:19:34:35 -0700] "GET /login HTTP/1.1" 200 1655
0:0:0:0:0:0:0:1 - - [01/Oct/2020:19:34:36 -0700] "GET /login HTTP/1.1" 200 1655
0:0:0:0:0:0:0:1 - - [01/Oct/2020:19:34:37 -0700] "GET /forgetPassword HTTP/1.1" 200 1847
0:0:0:0:0:0:0:1 - - [01/Oct/2020:19:34:37 -0700] "GET /js/pwstrength.js HTTP/1.1" 200 -
0:0:0:0:0:0:0:1 - - [01/Oct/2020:19:34:37 -0700] "GET /js/jquery-1.7.2.js HTTP/1.1" 200 293292
0:0:0:0:0:0:0:1 - - [01/Oct/2020:19:34:41 -0700] "POST /changePassword HTTP/1.1" 200 1909
0:0:0:0:0:0:0:1 - - [01/Oct/2020:19:34:41 -0700] "GET /js/pwstrength.js HTTP/1.1" 200 -
0:0:0:0:0:0:0:1 - - [01/Oct/2020:19:34:41 -0700] "GET /js/jquery-1.7.2.js HTTP/1.1" 200 293292
0:0:0:0:0:0:0:1 - - [01/Oct/2020:19:36:09 -0700] "POST /changePassword HTTP/1.1" 200 1909
0:0:0:0:0:0:0:1 - - [01/Oct/2020:19:36:09 -0700] "GET /js/pwstrength.js HTTP/1.1" 200 -
0:0:0:0:0:0:0:1 - - [01/Oct/2020:19:36:09 -0700] "GET /js/jquery-1.7.2.js HTTP/1.1" 200 293292
0:0:0:0:0:0:0:1 - - [01/Oct/2020:19:36:18 -0700] "GET /login HTTP/1.1" 200 1655
0:0:0:0:0:0:0:1 - - [01/Oct/2020:19:36:18 -0700] "GET /login HTTP/1.1" 200 1655
0:0:0:0:0:0:0:1 - - [01/Oct/2020:19:36:23 -0700] "GET /signup HTTP/1.1" 200 4862
0:0:0:0:0:0:0:1 - - [01/Oct/2020:19:36:23 -0700] "GET /js/pwstrength.js HTTP/1.1" 200 -
0:0:0:0:0:0:0:1 - - [01/Oct/2020:19:36:23 -0700] "GET /js/jquery-1.7.2.js HTTP/1.1" 200 293292
0:0:0:0:0:0:0:1 - - [01/Oct/2020:19:36:41 -0700] "POST /signup HTTP/1.1" 302 -
0:0:0:0:0:0:0:1 - - [01/Oct/2020:19:36:41 -0700] "GET /login HTTP/1.1" 200 1655
0:0:0:0:0:0:0:1 - - [01/Oct/2020:19:36:46 -0700] "GET /registrationConfirm?token=ae8d3ebc-1d60-4be0-8d8d-fb8a8a4f0485 HTTP/1.1" 302 -
0:0:0:0:0:0:0:1 - - [01/Oct/2020:19:36:46 -0700] "GET /login HTTP/1.1" 200 1655
0:0:0:0:0:0:0:1 - - [01/Oct/2020:19:36:49 -0700] "GET /forgetPassword HTTP/1.1" 200 1847
0:0:0:0:0:0:0:1 - - [01/Oct/2020:19:36:49 -0700] "GET /js/pwstrength.js HTTP/1.1" 200 -
0:0:0:0:0:0:0:1 - - [01/Oct/2020:19:36:49 -0700] "GET /js/jquery-1.7.2.js HTTP/1.1" 200 293292
0:0:0:0:0:0:0:1 - - [01/Oct/2020:19:36:54 -0700] "POST /changePassword HTTP/1.1" 200 1947
0:0:0:0:0:0:0:1 - - [01/Oct/2020:19:36:55 -0700] "GET /js/pwstrength.js HTTP/1.1" 200 -
0:0:0:0:0:0:0:1 - - [01/Oct/2020:19:36:55 -0700] "GET /js/jquery-1.7.2.js HTTP/1.1" 200 293292
0:0:0:0:0:0:0:1 - - [01/Oct/2020:19:37:08 -0700] "POST /changePassword HTTP/1.1" 200 1947
0:0:0:0:0:0:0:1 - - [01/Oct/2020:19:37:08 -0700] "GET /js/pwstrength.js HTTP/1.1" 200 -
0:0:0:0:0:0:0:1 - - [01/Oct/2020:19:37:08 -0700] "GET /js/jquery-1.7.2.js HTTP/1.1" 200 293292
0:0:0:0:0:0:0:1 - - [01/Oct/2020:19:37:15 -0700] "POST /changePassword HTTP/1.1" 200 1947
0:0:0:0:0:0:0:1 - - [01/Oct/2020:19:37:15 -0700] "GET /js/pwstrength.js HTTP/1.1" 200 -
0:0:0:0:0:0:0:1 - - [01/Oct/2020:19:37:15 -0700] "GET /js/jquery-1.7.2.js HTTP/1.1" 200 293292
0:0:0:0:0:0:0:1 - - [01/Oct/2020:19:40:14 -0700] "GET /login HTTP/1.1" 200 1655
0:0:0:0:0:0:0:1 - - [01/Oct/2020:19:40:15 -0700] "GET /login HTTP/1.1" 200 1655
0:0:0:0:0:0:0:1 - - [01/Oct/2020:19:40:16 -0700] "GET /signup HTTP/1.1" 200 4862
0:0:0:0:0:0:0:1 - - [01/Oct/2020:19:40:16 -0700] "GET /js/pwstrength.js HTTP/1.1" 200 -
0:0:0:0:0:0:0:1 - - [01/Oct/2020:19:40:16 -0700] "GET /js/jquery-1.7.2.js HTTP/1.1" 200 293292
0:0:0:0:0:0:0:1 - - [01/Oct/2020:19:40:35 -0700] "POST /signup HTTP/1.1" 302 -
0:0:0:0:0:0:0:1 - - [01/Oct/2020:19:40:35 -0700] "GET /login HTTP/1.1" 200 1655
0:0:0:0:0:0:0:1 - - [01/Oct/2020:19:40:38 -0700] "GET /registrationConfirm?token=d08f91de-1b0a-4cc3-b984-b80a61f6c95a HTTP/1.1" 302 -
0:0:0:0:0:0:0:1 - - [01/Oct/2020:19:40:38 -0700] "GET /login HTTP/1.1" 200 1655
0:0:0:0:0:0:0:1 - - [01/Oct/2020:19:40:41 -0700] "GET /forgetPassword HTTP/1.1" 200 1847
0:0:0:0:0:0:0:1 - - [01/Oct/2020:19:40:41 -0700] "GET /js/pwstrength.js HTTP/1.1" 200 -
0:0:0:0:0:0:0:1 - - [01/Oct/2020:19:40:41 -0700] "GET /js/jquery-1.7.2.js HTTP/1.1" 200 293292
0:0:0:0:0:0:0:1 - - [01/Oct/2020:19:41:30 -0700] "GET /login HTTP/1.1" 200 1655
0:0:0:0:0:0:0:1 - - [01/Oct/2020:19:41:30 -0700] "GET /login HTTP/1.1" 200 1655
0:0:0:0:0:0:0:1 - - [01/Oct/2020:19:41:35 -0700] "POST /doLogin HTTP/1.1" 302 -
0:0:0:0:0:0:0:1 - - [01/Oct/2020:19:41:35 -0700] "GET /loginSuccessful HTTP/1.1" 200 288
0:0:0:0:0:0:0:1 - - [01/Oct/2020:19:41:36 -0700] "GET /login HTTP/1.1" 200 1655
0:0:0:0:0:0:0:1 - - [01/Oct/2020:19:41:38 -0700] "GET /forgetPassword HTTP/1.1" 200 1885
0:0:0:0:0:0:0:1 - - [01/Oct/2020:19:41:38 -0700] "GET /js/pwstrength.js HTTP/1.1" 200 -
0:0:0:0:0:0:0:1 - - [01/Oct/2020:19:41:38 -0700] "GET /js/jquery-1.7.2.js HTTP/1.1" 200 293292
0:0:0:0:0:0:0:1 - - [01/Oct/2020:19:41:42 -0700] "POST /changePassword HTTP/1.1" 200 1985
0:0:0:0:0:0:0:1 - - [01/Oct/2020:19:41:42 -0700] "GET /js/pwstrength.js HTTP/1.1" 200 -
0:0:0:0:0:0:0:1 - - [01/Oct/2020:19:41:42 -0700] "GET /js/jquery-1.7.2.js HTTP/1.1" 200 293292
0:0:0:0:0:0:0:1 - - [01/Oct/2020:19:42:15 -0700] "POST /changePassword HTTP/1.1" 302 -
0:0:0:0:0:0:0:1 - - [01/Oct/2020:19:42:15 -0700] "GET /login HTTP/1.1" 200 1655
0:0:0:0:0:0:0:1 - - [01/Oct/2020:19:42:22 -0700] "POST /doLogin HTTP/1.1" 302 -
0:0:0:0:0:0:0:1 - - [01/Oct/2020:19:42:22 -0700] "GET /loginFailed HTTP/1.1" 302 -
0:0:0:0:0:0:0:1 - - [01/Oct/2020:19:42:22 -0700] "GET /login HTTP/1.1" 200 1655
0:0:0:0:0:0:0:1 - - [01/Oct/2020:19:42:28 -0700] "POST /doLogin HTTP/1.1" 302 -
0:0:0:0:0:0:0:1 - - [01/Oct/2020:19:42:28 -0700] "GET /loginFailed HTTP/1.1" 302 -
0:0:0:0:0:0:0:1 - - [01/Oct/2020:19:42:28 -0700] "GET /login HTTP/1.1" 200 1655
0:0:0:0:0:0:0:1 - - [01/Oct/2020:19:42:34 -0700] "POST /doLogin HTTP/1.1" 302 -
0:0:0:0:0:0:0:1 - - [01/Oct/2020:19:42:34 -0700] "GET /loginSuccessful HTTP/1.1" 200 288
0:0:0:0:0:0:0:1 - - [01/Oct/2020:19:42:36 -0700] "GET /login HTTP/1.1" 200 1655
0:0:0:0:0:0:0:1 - - [01/Oct/2020:20:04:20 -0700] "GET /login HTTP/1.1" 200 1655
0:0:0:0:0:0:0:1 - - [01/Oct/2020:20:04:22 -0700] "GET /forgetPassword HTTP/1.1" 200 1885
0:0:0:0:0:0:0:1 - - [01/Oct/2020:20:04:22 -0700] "GET /js/jquery-1.7.2.js HTTP/1.1" 200 293292
0:0:0:0:0:0:0:1 - - [01/Oct/2020:20:04:22 -0700] "GET /js/pwstrength.js HTTP/1.1" 200 -
0:0:0:0:0:0:0:1 - - [01/Oct/2020:20:04:27 -0700] "GET /login HTTP/1.1" 200 1655
0:0:0:0:0:0:0:1 - - [01/Oct/2020:20:04:30 -0700] "POST /doLogin HTTP/1.1" 302 -
0:0:0:0:0:0:0:1 - - [01/Oct/2020:20:04:30 -0700] "GET /loginSuccessful HTTP/1.1" 200 288
0:0:0:0:0:0:0:1 - - [01/Oct/2020:20:04:31 -0700] "GET /login HTTP/1.1" 200 1655
0:0:0:0:0:0:0:1 - - [01/Oct/2020:20:04:35 -0700] "GET /forgetPassword HTTP/1.1" 200 1885
0:0:0:0:0:0:0:1 - - [01/Oct/2020:20:04:35 -0700] "GET /js/pwstrength.js HTTP/1.1" 200 -
0:0:0:0:0:0:0:1 - - [01/Oct/2020:20:04:35 -0700] "GET /js/jquery-1.7.2.js HTTP/1.1" 200 293292
0:0:0:0:0:0:0:1 - - [01/Oct/2020:20:04:42 -0700] "POST /changePassword HTTP/1.1" 302 -
0:0:0:0:0:0:0:1 - - [01/Oct/2020:20:04:42 -0700] "GET /login HTTP/1.1" 200 1655
0:0:0:0:0:0:0:1 - - [01/Oct/2020:20:13:07 -0700] "GET /login HTTP/1.1" 200 1655
0:0:0:0:0:0:0:1 - - [01/Oct/2020:20:13:12 -0700] "GET /forgetPassword HTTP/1.1" 200 1885
0:0:0:0:0:0:0:1 - - [01/Oct/2020:20:13:12 -0700] "GET /js/pwstrength.js HTTP/1.1" 200 -
0:0:0:0:0:0:0:1 - - [01/Oct/2020:20:13:12 -0700] "GET /js/jquery-1.7.2.js HTTP/1.1" 200 293292
0:0:0:0:0:0:0:1 - - [01/Oct/2020:20:14:22 -0700] "GET /login HTTP/1.1" 200 1655
0:0:0:0:0:0:0:1 - - [01/Oct/2020:20:14:22 -0700] "GET /login HTTP/1.1" 200 1655
0:0:0:0:0:0:0:1 - - [01/Oct/2020:20:14:26 -0700] "GET /signup HTTP/1.1" 200 4862
0:0:0:0:0:0:0:1 - - [01/Oct/2020:20:14:26 -0700] "GET /js/pwstrength.js HTTP/1.1" 200 -
0:0:0:0:0:0:0:1 - - [01/Oct/2020:20:14:26 -0700] "GET /js/jquery-1.7.2.js HTTP/1.1" 200 293292
0:0:0:0:0:0:0:1 - - [01/Oct/2020:20:14:39 -0700] "POST /signup HTTP/1.1" 302 -
0:0:0:0:0:0:0:1 - - [01/Oct/2020:20:14:39 -0700] "GET /login HTTP/1.1" 200 1655
0:0:0:0:0:0:0:1 - - [01/Oct/2020:20:14:51 -0700] "GET /registrationConfirm?token=dd7f9577-5135-4575-bf22-b46a2f5ab4e5 HTTP/1.1" 302 -
0:0:0:0:0:0:0:1 - - [01/Oct/2020:20:14:51 -0700] "GET /login HTTP/1.1" 200 1655
0:0:0:0:0:0:0:1 - - [01/Oct/2020:20:14:53 -0700] "GET /forgetPassword HTTP/1.1" 200 1885
0:0:0:0:0:0:0:1 - - [01/Oct/2020:20:14:53 -0700] "GET /js/pwstrength.js HTTP/1.1" 200 -
0:0:0:0:0:0:0:1 - - [01/Oct/2020:20:14:53 -0700] "GET /js/jquery-1.7.2.js HTTP/1.1" 200 293292
0:0:0:0:0:0:0:1 - - [01/Oct/2020:20:14:57 -0700] "GET /login HTTP/1.1" 200 1655
0:0:0:0:0:0:0:1 - - [01/Oct/2020:20:15:01 -0700] "POST /doLogin HTTP/1.1" 302 -
0:0:0:0:0:0:0:1 - - [01/Oct/2020:20:15:01 -0700] "GET /loginSuccessful HTTP/1.1" 200 288
0:0:0:0:0:0:0:1 - - [01/Oct/2020:20:15:02 -0700] "GET /login HTTP/1.1" 200 1655
0:0:0:0:0:0:0:1 - - [01/Oct/2020:20:15:04 -0700] "GET /forgetPassword HTTP/1.1" 200 1885
0:0:0:0:0:0:0:1 - - [01/Oct/2020:20:15:04 -0700] "GET /js/pwstrength.js HTTP/1.1" 200 -
0:0:0:0:0:0:0:1 - - [01/Oct/2020:20:15:04 -0700] "GET /js/jquery-1.7.2.js HTTP/1.1" 200 293292
0:0:0:0:0:0:0:1 - - [01/Oct/2020:20:15:14 -0700] "POST /changePassword HTTP/1.1" 302 -
0:0:0:0:0:0:0:1 - - [01/Oct/2020:20:15:14 -0700] "GET /login HTTP/1.1" 200 1655
0:0:0:0:0:0:0:1 - - [01/Oct/2020:20:15:37 -0700] "POST /doLogin HTTP/1.1" 302 -
0:0:0:0:0:0:0:1 - - [01/Oct/2020:20:15:37 -0700] "GET /loginFailed HTTP/1.1" 302 -
0:0:0:0:0:0:0:1 - - [01/Oct/2020:20:15:37 -0700] "GET /login HTTP/1.1" 200 1655
0:0:0:0:0:0:0:1 - - [01/Oct/2020:20:15:41 -0700] "POST /doLogin HTTP/1.1" 302 -
0:0:0:0:0:0:0:1 - - [01/Oct/2020:20:15:41 -0700] "GET /loginFailed HTTP/1.1" 302 -
0:0:0:0:0:0:0:1 - - [01/Oct/2020:20:15:41 -0700] "GET /login HTTP/1.1" 200 1655
0:0:0:0:0:0:0:1 - - [01/Oct/2020:20:55:36 -0700] "GET /login HTTP/1.1" 200 1655
0:0:0:0:0:0:0:1 - - [01/Oct/2020:20:55:37 -0700] "GET /login HTTP/1.1" 200 1655
0:0:0:0:0:0:0:1 - - [01/Oct/2020:20:56:37 -0700] "GET /login HTTP/1.1" 200 1655
0:0:0:0:0:0:0:1 - - [01/Oct/2020:20:56:39 -0700] "GET /signup HTTP/1.1" 200 4862
0:0:0:0:0:0:0:1 - - [01/Oct/2020:20:56:39 -0700] "GET /js/pwstrength.js HTTP/1.1" 200 -
0:0:0:0:0:0:0:1 - - [01/Oct/2020:20:56:39 -0700] "GET /js/jquery-1.7.2.js HTTP/1.1" 200 293292
0:0:0:0:0:0:0:1 - - [01/Oct/2020:20:56:50 -0700] "POST /signup HTTP/1.1" 302 -
0:0:0:0:0:0:0:1 - - [01/Oct/2020:20:56:50 -0700] "GET /login HTTP/1.1" 200 1655
0:0:0:0:0:0:0:1 - - [01/Oct/2020:20:56:55 -0700] "GET /registrationConfirm?token=40cdd551-a58f-4411-8b4f-02b492ab3012 HTTP/1.1" 302 -
0:0:0:0:0:0:0:1 - - [01/Oct/2020:20:56:55 -0700] "GET /login HTTP/1.1" 200 1655
0:0:0:0:0:0:0:1 - - [01/Oct/2020:20:56:57 -0700] "GET /forgetPassword HTTP/1.1" 200 1885
0:0:0:0:0:0:0:1 - - [01/Oct/2020:20:56:57 -0700] "GET /js/pwstrength.js HTTP/1.1" 200 -
0:0:0:0:0:0:0:1 - - [01/Oct/2020:20:56:57 -0700] "GET /js/jquery-1.7.2.js HTTP/1.1" 200 293292
0:0:0:0:0:0:0:1 - - [01/Oct/2020:20:57:04 -0700] "POST /changePassword HTTP/1.1" 302 -
0:0:0:0:0:0:0:1 - - [01/Oct/2020:20:57:04 -0700] "GET /login HTTP/1.1" 200 1655
0:0:0:0:0:0:0:1 - - [01/Oct/2020:20:57:19 -0700] "GET /registrationConfirm?token=e0120c69-e15f-4056-8042-73d728cc64b3 HTTP/1.1" 302 -
0:0:0:0:0:0:0:1 - - [01/Oct/2020:20:57:19 -0700] "GET /login HTTP/1.1" 200 1655
0:0:0:0:0:0:0:1 - - [01/Oct/2020:21:27:45 -0700] "GET /login HTTP/1.1" 200 1655
0:0:0:0:0:0:0:1 - - [01/Oct/2020:21:27:45 -0700] "GET /login HTTP/1.1" 200 1655
0:0:0:0:0:0:0:1 - - [01/Oct/2020:21:28:37 -0700] "GET /signup HTTP/1.1" 200 4862
0:0:0:0:0:0:0:1 - - [01/Oct/2020:21:28:37 -0700] "GET /js/pwstrength.js HTTP/1.1" 200 -
0:0:0:0:0:0:0:1 - - [01/Oct/2020:21:28:37 -0700] "GET /js/jquery-1.7.2.js HTTP/1.1" 200 293292
0:0:0:0:0:0:0:1 - - [01/Oct/2020:21:28:50 -0700] "POST /signup HTTP/1.1" 302 -
0:0:0:0:0:0:0:1 - - [01/Oct/2020:21:28:50 -0700] "GET /login HTTP/1.1" 200 1655
0:0:0:0:0:0:0:1 - - [01/Oct/2020:21:28:58 -0700] "GET /registrationConfirm?token=716d15db-d802-499d-ac4a-b06110ebe17f HTTP/1.1" 302 -
0:0:0:0:0:0:0:1 - - [01/Oct/2020:21:28:58 -0700] "GET /login HTTP/1.1" 200 1655
0:0:0:0:0:0:0:1 - - [01/Oct/2020:21:29:23 -0700] "GET /registrationConfirm?token=716d15db-d802-499d-ac4a-b06110ebe17f HTTP/1.1" 302 -
0:0:0:0:0:0:0:1 - - [01/Oct/2020:21:29:23 -0700] "GET /login HTTP/1.1" 200 1655
0:0:0:0:0:0:0:1 - - [01/Oct/2020:21:30:09 -0700] "GET /registrationConfirm?token=716d15db-d802-499d-ac4a-b06110ebe17f HTTP/1.1" 302 -
0:0:0:0:0:0:0:1 - - [01/Oct/2020:21:30:09 -0700] "GET /login HTTP/1.1" 200 1655
0:0:0:0:0:0:0:1 - - [01/Oct/2020:21:30:32 -0700] "POST /doLogin HTTP/1.1" 302 -
0:0:0:0:0:0:0:1 - - [01/Oct/2020:21:30:32 -0700] "GET /loginFailed HTTP/1.1" 302 -
0:0:0:0:0:0:0:1 - - [01/Oct/2020:21:30:32 -0700] "GET /login HTTP/1.1" 200 1655
0:0:0:0:0:0:0:1 - - [01/Oct/2020:21:31:19 -0700] "GET /login HTTP/1.1" 200 1655
0:0:0:0:0:0:0:1 - - [01/Oct/2020:21:31:20 -0700] "GET /signup HTTP/1.1" 200 4862
0:0:0:0:0:0:0:1 - - [01/Oct/2020:21:31:20 -0700] "GET /js/pwstrength.js HTTP/1.1" 200 -
0:0:0:0:0:0:0:1 - - [01/Oct/2020:21:31:20 -0700] "GET /js/jquery-1.7.2.js HTTP/1.1" 200 293292
0:0:0:0:0:0:0:1 - - [01/Oct/2020:21:31:49 -0700] "POST /signup HTTP/1.1" 302 -
0:0:0:0:0:0:0:1 - - [01/Oct/2020:21:31:49 -0700] "GET /login HTTP/1.1" 200 1655
0:0:0:0:0:0:0:1 - - [01/Oct/2020:21:32:05 -0700] "GET /registrationConfirm?token=c3b75ad9-8eb8-4954-9f6d-3774a91e71e8 HTTP/1.1" 302 -
0:0:0:0:0:0:0:1 - - [01/Oct/2020:21:32:05 -0700] "GET /login HTTP/1.1" 200 1655
0:0:0:0:0:0:0:1 - - [01/Oct/2020:21:33:07 -0700] "GET /login HTTP/1.1" 200 1655
0:0:0:0:0:0:0:1 - - [01/Oct/2020:21:33:09 -0700] "GET /signup HTTP/1.1" 200 4862
0:0:0:0:0:0:0:1 - - [01/Oct/2020:21:33:09 -0700] "GET /js/pwstrength.js HTTP/1.1" 200 -
0:0:0:0:0:0:0:1 - - [01/Oct/2020:21:33:09 -0700] "GET /js/jquery-1.7.2.js HTTP/1.1" 200 293292
0:0:0:0:0:0:0:1 - - [01/Oct/2020:21:33:30 -0700] "POST /signup HTTP/1.1" 302 -
0:0:0:0:0:0:0:1 - - [01/Oct/2020:21:33:30 -0700] "GET /login HTTP/1.1" 200 1655
0:0:0:0:0:0:0:1 - - [01/Oct/2020:21:33:38 -0700] "GET /registrationConfirm?token=f17b0cf4-514e-45d5-9500-e99b2d0cb5f1 HTTP/1.1" 302 -
0:0:0:0:0:0:0:1 - - [01/Oct/2020:21:33:38 -0700] "GET /login HTTP/1.1" 200 1655
0:0:0:0:0:0:0:1 - - [01/Oct/2020:21:33:42 -0700] "POST /doLogin HTTP/1.1" 302 -
0:0:0:0:0:0:0:1 - - [01/Oct/2020:21:33:42 -0700] "GET /loginFailed HTTP/1.1" 302 -
0:0:0:0:0:0:0:1 - - [01/Oct/2020:21:33:42 -0700] "GET /login HTTP/1.1" 200 1655
192.168.1.200 - - [01/Oct/2020:21:38:18 -0700] "GET / HTTP/1.1" 302 -
192.168.1.200 - - [01/Oct/2020:21:38:18 -0700] "GET /login HTTP/1.1" 200 1655
192.168.1.200 - - [01/Oct/2020:21:38:41 -0700] "GET /HNAP1/ HTTP/1.1" 302 -
192.168.1.200 - - [01/Oct/2020:21:40:10 -0700] "GET / HTTP/1.1" 302 -
192.168.1.200 - - [01/Oct/2020:21:40:10 -0700] "GET /login HTTP/1.1" 200 1655
192.168.1.200 - - [01/Oct/2020:21:40:14 -0700] "GET /HNAP1/ HTTP/1.1" 302 -
