0:0:0:0:0:0:0:1 - - [10/Oct/2020:04:34:04 -0700] "GET /login HTTP/1.1" 200 1655
0:0:0:0:0:0:0:1 - - [10/Oct/2020:04:34:04 -0700] "GET /login HTTP/1.1" 200 1655
0:0:0:0:0:0:0:1 - - [10/Oct/2020:15:25:10 -0700] "GET /login HTTP/1.1" 200 1655
0:0:0:0:0:0:0:1 - - [10/Oct/2020:15:25:10 -0700] "GET /login HTTP/1.1" 200 1655
0:0:0:0:0:0:0:1 - - [10/Oct/2020:15:25:12 -0700] "GET /signup HTTP/1.1" 200 4862
0:0:0:0:0:0:0:1 - - [10/Oct/2020:15:25:12 -0700] "GET /js/pwstrength.js HTTP/1.1" 200 -
0:0:0:0:0:0:0:1 - - [10/Oct/2020:15:25:12 -0700] "GET /js/jquery-1.7.2.js HTTP/1.1" 200 293292
0:0:0:0:0:0:0:1 - - [10/Oct/2020:15:25:24 -0700] "POST /signup HTTP/1.1" 302 -
0:0:0:0:0:0:0:1 - - [10/Oct/2020:15:25:24 -0700] "GET /login HTTP/1.1" 200 1738
0:0:0:0:0:0:0:1 - - [10/Oct/2020:15:25:30 -0700] "GET /registrationConfirm?token=df9efdfc-2959-436f-9a7e-4c1b0e84f299 HTTP/1.1" 302 -
0:0:0:0:0:0:0:1 - - [10/Oct/2020:15:25:30 -0700] "GET /login HTTP/1.1" 200 1728
0:0:0:0:0:0:0:1 - - [10/Oct/2020:15:26:10 -0700] "GET /signup HTTP/1.1" 200 4862
0:0:0:0:0:0:0:1 - - [10/Oct/2020:15:26:10 -0700] "GET /js/pwstrength.js HTTP/1.1" 200 -
0:0:0:0:0:0:0:1 - - [10/Oct/2020:15:26:10 -0700] "GET /js/jquery-1.7.2.js HTTP/1.1" 200 293292
0:0:0:0:0:0:0:1 - - [10/Oct/2020:15:33:32 -0700] "GET /login HTTP/1.1" 200 1655
0:0:0:0:0:0:0:1 - - [10/Oct/2020:15:33:32 -0700] "GET /login HTTP/1.1" 200 1655
0:0:0:0:0:0:0:1 - - [10/Oct/2020:15:33:33 -0700] "GET /signup HTTP/1.1" 200 4862
0:0:0:0:0:0:0:1 - - [10/Oct/2020:15:33:33 -0700] "GET /js/pwstrength.js HTTP/1.1" 200 -
0:0:0:0:0:0:0:1 - - [10/Oct/2020:15:33:33 -0700] "GET /js/jquery-1.7.2.js HTTP/1.1" 200 293292
0:0:0:0:0:0:0:1 - - [10/Oct/2020:15:34:37 -0700] "POST /signup HTTP/1.1" 302 -
0:0:0:0:0:0:0:1 - - [10/Oct/2020:15:34:37 -0700] "GET /login HTTP/1.1" 200 1738
0:0:0:0:0:0:0:1 - - [10/Oct/2020:15:34:42 -0700] "GET /registrationConfirm?token=cfdc01b9-5281-4dcc-9755-724a8c04ac2a HTTP/1.1" 302 -
0:0:0:0:0:0:0:1 - - [10/Oct/2020:15:34:42 -0700] "GET /login HTTP/1.1" 200 1728
0:0:0:0:0:0:0:1 - - [10/Oct/2020:22:35:37 -0700] "GET /login HTTP/1.1" 200 1655
0:0:0:0:0:0:0:1 - - [10/Oct/2020:22:35:37 -0700] "GET /login HTTP/1.1" 200 1655
0:0:0:0:0:0:0:1 - - [10/Oct/2020:22:35:39 -0700] "GET /signup HTTP/1.1" 200 4862
0:0:0:0:0:0:0:1 - - [10/Oct/2020:22:35:39 -0700] "GET /js/pwstrength.js HTTP/1.1" 200 -
0:0:0:0:0:0:0:1 - - [10/Oct/2020:22:35:39 -0700] "GET /js/jquery-1.7.2.js HTTP/1.1" 200 293292
0:0:0:0:0:0:0:1 - - [10/Oct/2020:22:35:47 -0700] "POST /signup HTTP/1.1" 500 16966
0:0:0:0:0:0:0:1 - - [10/Oct/2020:22:36:16 -0700] "GET /login HTTP/1.1" 200 1655
0:0:0:0:0:0:0:1 - - [10/Oct/2020:22:36:16 -0700] "GET /login HTTP/1.1" 200 1655
0:0:0:0:0:0:0:1 - - [10/Oct/2020:22:36:18 -0700] "GET /signup HTTP/1.1" 200 4862
0:0:0:0:0:0:0:1 - - [10/Oct/2020:22:36:18 -0700] "GET /js/pwstrength.js HTTP/1.1" 200 -
0:0:0:0:0:0:0:1 - - [10/Oct/2020:22:36:18 -0700] "GET /js/jquery-1.7.2.js HTTP/1.1" 200 293292
0:0:0:0:0:0:0:1 - - [10/Oct/2020:22:36:32 -0700] "POST /signup HTTP/1.1" 302 -
0:0:0:0:0:0:0:1 - - [10/Oct/2020:22:36:32 -0700] "GET /login HTTP/1.1" 200 1738
0:0:0:0:0:0:0:1 - - [10/Oct/2020:22:36:39 -0700] "GET /registrationConfirm?token=ba0bd20d-8033-4c47-a759-2409831eb2ed HTTP/1.1" 302 -
0:0:0:0:0:0:0:1 - - [10/Oct/2020:22:36:39 -0700] "GET /login HTTP/1.1" 200 1728
0:0:0:0:0:0:0:1 - - [10/Oct/2020:22:36:42 -0700] "GET /signup HTTP/1.1" 200 4862
0:0:0:0:0:0:0:1 - - [10/Oct/2020:22:36:42 -0700] "GET /js/pwstrength.js HTTP/1.1" 200 -
0:0:0:0:0:0:0:1 - - [10/Oct/2020:22:36:42 -0700] "GET /js/jquery-1.7.2.js HTTP/1.1" 200 293292
0:0:0:0:0:0:0:1 - - [10/Oct/2020:22:37:01 -0700] "POST /signup HTTP/1.1" 302 -
0:0:0:0:0:0:0:1 - - [10/Oct/2020:22:37:01 -0700] "GET /login HTTP/1.1" 200 1738
0:0:0:0:0:0:0:1 - - [10/Oct/2020:22:37:43 -0700] "GET /registrationConfirm?token=a7cb936a-b213-4e66-b077-dea5ac9a69c4 HTTP/1.1" 302 -
0:0:0:0:0:0:0:1 - - [10/Oct/2020:22:37:43 -0700] "GET /login HTTP/1.1" 200 1728
