0:0:0:0:0:0:0:1 - - [05/Nov/2020:22:56:47 -0800] "GET /login HTTP/1.1" 200 1657
0:0:0:0:0:0:0:1 - - [05/Nov/2020:22:56:47 -0800] "GET /login HTTP/1.1" 200 1657
0:0:0:0:0:0:0:1 - - [05/Nov/2020:22:56:48 -0800] "GET /favicon.ico HTTP/1.1" 302 -
0:0:0:0:0:0:0:1 - - [05/Nov/2020:22:56:48 -0800] "GET /login HTTP/1.1" 200 1657
0:0:0:0:0:0:0:1 - - [05/Nov/2020:22:56:51 -0800] "GET /signup HTTP/1.1" 200 4862
0:0:0:0:0:0:0:1 - - [05/Nov/2020:22:56:51 -0800] "GET /js/pwstrength.js HTTP/1.1" 200 -
0:0:0:0:0:0:0:1 - - [05/Nov/2020:22:56:51 -0800] "GET /js/jquery-1.7.2.js HTTP/1.1" 200 293292
0:0:0:0:0:0:0:1 - - [05/Nov/2020:22:56:51 -0800] "GET /favicon.ico HTTP/1.1" 302 -
0:0:0:0:0:0:0:1 - - [05/Nov/2020:22:56:51 -0800] "GET /login HTTP/1.1" 200 1657
0:0:0:0:0:0:0:1 - - [05/Nov/2020:22:56:57 -0800] "GET /signup HTTP/1.1" 200 4862
0:0:0:0:0:0:0:1 - - [05/Nov/2020:22:56:57 -0800] "GET /js/pwstrength.js HTTP/1.1" 200 -
0:0:0:0:0:0:0:1 - - [05/Nov/2020:22:56:57 -0800] "GET /js/jquery-1.7.2.js HTTP/1.1" 200 293292
0:0:0:0:0:0:0:1 - - [05/Nov/2020:22:56:57 -0800] "GET /favicon.ico HTTP/1.1" 302 -
0:0:0:0:0:0:0:1 - - [05/Nov/2020:22:56:57 -0800] "GET /login HTTP/1.1" 200 1657
0:0:0:0:0:0:0:1 - - [05/Nov/2020:22:57:11 -0800] "POST /signup HTTP/1.1" 200 5100
0:0:0:0:0:0:0:1 - - [05/Nov/2020:22:57:11 -0800] "GET /js/pwstrength.js HTTP/1.1" 200 -
0:0:0:0:0:0:0:1 - - [05/Nov/2020:22:57:11 -0800] "GET /js/jquery-1.7.2.js HTTP/1.1" 200 293292
0:0:0:0:0:0:0:1 - - [05/Nov/2020:22:57:11 -0800] "GET /favicon.ico HTTP/1.1" 302 -
0:0:0:0:0:0:0:1 - - [05/Nov/2020:22:57:11 -0800] "GET /login HTTP/1.1" 200 1657
0:0:0:0:0:0:0:1 - - [05/Nov/2020:22:57:18 -0800] "POST /signup HTTP/1.1" 200 5014
0:0:0:0:0:0:0:1 - - [05/Nov/2020:22:57:19 -0800] "GET /js/pwstrength.js HTTP/1.1" 200 -
0:0:0:0:0:0:0:1 - - [05/Nov/2020:22:57:19 -0800] "GET /js/jquery-1.7.2.js HTTP/1.1" 200 293292
0:0:0:0:0:0:0:1 - - [05/Nov/2020:22:57:19 -0800] "GET /favicon.ico HTTP/1.1" 302 -
0:0:0:0:0:0:0:1 - - [05/Nov/2020:22:57:19 -0800] "GET /login HTTP/1.1" 200 1657
0:0:0:0:0:0:0:1 - - [05/Nov/2020:22:57:31 -0800] "POST /signup HTTP/1.1" 302 -
0:0:0:0:0:0:0:1 - - [05/Nov/2020:22:57:31 -0800] "GET /login HTTP/1.1" 200 1740
0:0:0:0:0:0:0:1 - - [05/Nov/2020:22:57:31 -0800] "GET /favicon.ico HTTP/1.1" 302 -
0:0:0:0:0:0:0:1 - - [05/Nov/2020:22:57:31 -0800] "GET /login HTTP/1.1" 200 1657
0:0:0:0:0:0:0:1 - - [05/Nov/2020:22:57:40 -0800] "GET /registrationConfirm?token=60a108c1-84fd-4171-9b9c-b6ac455cb9c3 HTTP/1.1" 302 -
0:0:0:0:0:0:0:1 - - [05/Nov/2020:22:57:40 -0800] "GET /login HTTP/1.1" 200 1730
0:0:0:0:0:0:0:1 - - [05/Nov/2020:22:57:40 -0800] "GET /favicon.ico HTTP/1.1" 302 -
0:0:0:0:0:0:0:1 - - [05/Nov/2020:22:57:40 -0800] "GET /login HTTP/1.1" 200 1657
0:0:0:0:0:0:0:1 - - [05/Nov/2020:22:57:44 -0800] "POST /doLogin HTTP/1.1" 302 -
0:0:0:0:0:0:0:1 - - [05/Nov/2020:22:57:44 -0800] "GET /loginSuccessful HTTP/1.1" 200 650
0:0:0:0:0:0:0:1 - - [05/Nov/2020:22:57:45 -0800] "GET /favicon.ico HTTP/1.1" 200 1150
