0:0:0:0:0:0:0:1 - - [29/Oct/2020:00:06:57 -0700] "GET /searchCourses HTTP/1.1" 200 858
0:0:0:0:0:0:0:1 - - [29/Oct/2020:00:07:00 -0700] "GET /searchCoursesByArea?title=Computer_Science HTTP/1.1" 400 9493
0:0:0:0:0:0:0:1 - - [29/Oct/2020:00:15:28 -0700] "GET /searchCoursesByArea?title=Computer_Science HTTP/1.1" 400 9493
0:0:0:0:0:0:0:1 - - [29/Oct/2020:00:29:31 -0700] "GET /login HTTP/1.1" 200 1657
0:0:0:0:0:0:0:1 - - [29/Oct/2020:00:29:32 -0700] "GET /login HTTP/1.1" 200 1657
0:0:0:0:0:0:0:1 - - [29/Oct/2020:00:29:36 -0700] "POST /doLogin HTTP/1.1" 302 -
0:0:0:0:0:0:0:1 - - [29/Oct/2020:00:29:36 -0700] "GET /loginSuccessful HTTP/1.1" 200 650
0:0:0:0:0:0:0:1 - - [29/Oct/2020:00:29:37 -0700] "GET /searchCourses HTTP/1.1" 200 858
0:0:0:0:0:0:0:1 - - [29/Oct/2020:00:29:38 -0700] "GET /searchCoursesByArea?title=Computer_Science HTTP/1.1" 400 9493
0:0:0:0:0:0:0:1 - - [29/Oct/2020:00:34:07 -0700] "GET /searchCoursesByArea?title=Computer_Science HTTP/1.1" 400 9493
0:0:0:0:0:0:0:1 - - [29/Oct/2020:00:34:08 -0700] "GET /searchCoursesByArea?title=Computer_Science HTTP/1.1" 400 9493
0:0:0:0:0:0:0:1 - - [29/Oct/2020:00:34:23 -0700] "GET /login HTTP/1.1" 200 1657
0:0:0:0:0:0:0:1 - - [29/Oct/2020:00:34:26 -0700] "POST /doLogin HTTP/1.1" 302 -
0:0:0:0:0:0:0:1 - - [29/Oct/2020:00:34:26 -0700] "GET /loginSuccessful HTTP/1.1" 200 650
0:0:0:0:0:0:0:1 - - [29/Oct/2020:00:34:27 -0700] "GET /searchCourses HTTP/1.1" 200 857
0:0:0:0:0:0:0:1 - - [29/Oct/2020:00:34:28 -0700] "GET /searchCoursesByArea?area=Computer_Science HTTP/1.1" 200 16
0:0:0:0:0:0:0:1 - - [29/Oct/2020:00:35:02 -0700] "GET /searchCoursesByArea?area=Computer_Science HTTP/1.1" 200 2199
0:0:0:0:0:0:0:1 - - [29/Oct/2020:00:35:57 -0700] "POST /registerForClassess HTTP/1.1" 302 -
0:0:0:0:0:0:0:1 - - [29/Oct/2020:00:35:57 -0700] "GET /loginSuccessful HTTP/1.1" 200 650
0:0:0:0:0:0:0:1 - - [29/Oct/2020:00:36:11 -0700] "GET /searchCourses HTTP/1.1" 200 857
0:0:0:0:0:0:0:1 - - [29/Oct/2020:00:36:16 -0700] "GET /searchCoursesByArea?area=Computer_Science HTTP/1.1" 200 2199
0:0:0:0:0:0:0:1 - - [29/Oct/2020:00:42:07 -0700] "GET /searchCourses HTTP/1.1" 200 857
0:0:0:0:0:0:0:1 - - [29/Oct/2020:00:42:10 -0700] "GET /loginSuccessful HTTP/1.1" 200 650
0:0:0:0:0:0:0:1 - - [29/Oct/2020:00:42:11 -0700] "GET /dropClasses HTTP/1.1" 200 1526
0:0:0:0:0:0:0:1 - - [29/Oct/2020:00:42:19 -0700] "POST /dropClasses HTTP/1.1" 302 -
0:0:0:0:0:0:0:1 - - [29/Oct/2020:00:42:19 -0700] "GET /loginSuccessful HTTP/1.1" 200 650
0:0:0:0:0:0:0:1 - - [29/Oct/2020:00:42:24 -0700] "GET /searchCourses HTTP/1.1" 200 857
0:0:0:0:0:0:0:1 - - [29/Oct/2020:00:42:31 -0700] "GET /searchCoursesByArea?area=Computer_Science HTTP/1.1" 200 2199
0:0:0:0:0:0:0:1 - - [29/Oct/2020:00:42:39 -0700] "POST /registerForClassess HTTP/1.1" 302 -
0:0:0:0:0:0:0:1 - - [29/Oct/2020:00:42:39 -0700] "GET /loginSuccessful HTTP/1.1" 200 650
0:0:0:0:0:0:0:1 - - [29/Oct/2020:00:42:40 -0700] "GET /searchCourses HTTP/1.1" 200 857
0:0:0:0:0:0:0:1 - - [29/Oct/2020:00:42:42 -0700] "GET /searchCoursesByTitle?title=COMSC_75 HTTP/1.1" 200 1423
0:0:0:0:0:0:0:1 - - [29/Oct/2020:00:42:46 -0700] "GET /searchCourses HTTP/1.1" 200 857
0:0:0:0:0:0:0:1 - - [29/Oct/2020:00:42:49 -0700] "GET /searchCoursesByTitle?title=COMSC_76 HTTP/1.1" 200 1817
0:0:0:0:0:0:0:1 - - [29/Oct/2020:00:42:52 -0700] "POST /registerForClassess HTTP/1.1" 302 -
0:0:0:0:0:0:0:1 - - [29/Oct/2020:00:42:52 -0700] "GET /searchCourses HTTP/1.1" 200 953
0:0:0:0:0:0:0:1 - - [29/Oct/2020:03:57:14 -0700] "GET /searchCourses HTTP/1.1" 302 -
0:0:0:0:0:0:0:1 - - [29/Oct/2020:03:57:14 -0700] "GET /login HTTP/1.1" 200 1657
0:0:0:0:0:0:0:1 - - [29/Oct/2020:04:44:39 -0700] "GET /login HTTP/1.1" 200 1657
0:0:0:0:0:0:0:1 - - [29/Oct/2020:04:44:42 -0700] "POST /doLogin HTTP/1.1" 302 -
0:0:0:0:0:0:0:1 - - [29/Oct/2020:04:44:42 -0700] "GET /loginSuccessful HTTP/1.1" 200 650
0:0:0:0:0:0:0:1 - - [29/Oct/2020:04:44:46 -0700] "GET /searchCourses HTTP/1.1" 200 857
0:0:0:0:0:0:0:1 - - [29/Oct/2020:04:44:48 -0700] "GET /searchCoursesByArea?area=Computer_Science HTTP/1.1" 200 2199
0:0:0:0:0:0:0:1 - - [29/Oct/2020:04:45:07 -0700] "POST /registerForClassess HTTP/1.1" 302 -
0:0:0:0:0:0:0:1 - - [29/Oct/2020:04:45:07 -0700] "GET /loginSuccessful HTTP/1.1" 200 650
0:0:0:0:0:0:0:1 - - [29/Oct/2020:04:45:08 -0700] "GET /searchCourses HTTP/1.1" 200 857
0:0:0:0:0:0:0:1 - - [29/Oct/2020:04:45:10 -0700] "GET /searchCoursesByArea?area=Computer_Science HTTP/1.1" 200 2199
0:0:0:0:0:0:0:1 - - [29/Oct/2020:04:45:13 -0700] "POST /registerForClassess HTTP/1.1" 302 -
0:0:0:0:0:0:0:1 - - [29/Oct/2020:04:45:13 -0700] "GET /searchCourses HTTP/1.1" 200 953
0:0:0:0:0:0:0:1 - - [29/Oct/2020:04:45:15 -0700] "GET /searchCoursesByArea?area=Computer_Science HTTP/1.1" 200 2199
0:0:0:0:0:0:0:1 - - [29/Oct/2020:04:45:51 -0700] "POST /registerForClassess HTTP/1.1" 302 -
0:0:0:0:0:0:0:1 - - [29/Oct/2020:04:45:51 -0700] "GET /loginSuccessful HTTP/1.1" 200 650
0:0:0:0:0:0:0:1 - - [29/Oct/2020:04:48:11 -0700] "GET /loginSuccessful HTTP/1.1" 200 650
0:0:0:0:0:0:0:1 - - [29/Oct/2020:04:48:12 -0700] "GET /searchCourses HTTP/1.1" 200 857
0:0:0:0:0:0:0:1 - - [29/Oct/2020:04:48:14 -0700] "GET /searchCoursesByArea?area=Computer_Science HTTP/1.1" 200 2199
0:0:0:0:0:0:0:1 - - [29/Oct/2020:04:48:17 -0700] "POST /registerForClassess HTTP/1.1" 302 -
0:0:0:0:0:0:0:1 - - [29/Oct/2020:04:48:17 -0700] "GET /loginSuccessful HTTP/1.1" 200 650
0:0:0:0:0:0:0:1 - - [29/Oct/2020:04:48:18 -0700] "GET /searchCourses HTTP/1.1" 200 857
0:0:0:0:0:0:0:1 - - [29/Oct/2020:04:48:21 -0700] "GET /searchCoursesByArea?area=Computer_Science HTTP/1.1" 200 2199
0:0:0:0:0:0:0:1 - - [29/Oct/2020:04:48:24 -0700] "POST /registerForClassess HTTP/1.1" 302 -
0:0:0:0:0:0:0:1 - - [29/Oct/2020:04:48:24 -0700] "GET /loginSuccessful HTTP/1.1" 200 650
0:0:0:0:0:0:0:1 - - [29/Oct/2020:04:52:56 -0700] "GET /loginSuccessful HTTP/1.1" 200 650
0:0:0:0:0:0:0:1 - - [29/Oct/2020:04:52:58 -0700] "GET /searchCourses HTTP/1.1" 200 857
0:0:0:0:0:0:0:1 - - [29/Oct/2020:04:52:59 -0700] "GET /searchCoursesByArea?area=Computer_Science HTTP/1.1" 200 2199
0:0:0:0:0:0:0:1 - - [29/Oct/2020:04:53:02 -0700] "POST /registerForClassess HTTP/1.1" 302 -
0:0:0:0:0:0:0:1 - - [29/Oct/2020:04:53:02 -0700] "GET /loginSuccessful HTTP/1.1" 200 650
0:0:0:0:0:0:0:1 - - [29/Oct/2020:04:53:03 -0700] "GET /searchCourses HTTP/1.1" 200 857
0:0:0:0:0:0:0:1 - - [29/Oct/2020:04:53:06 -0700] "GET /searchCoursesByArea?area=Computer_Science HTTP/1.1" 200 2199
0:0:0:0:0:0:0:1 - - [29/Oct/2020:04:53:09 -0700] "POST /registerForClassess HTTP/1.1" 302 -
0:0:0:0:0:0:0:1 - - [29/Oct/2020:04:53:09 -0700] "GET /loginSuccessful HTTP/1.1" 200 650
0:0:0:0:0:0:0:1 - - [29/Oct/2020:04:54:22 -0700] "GET /loginSuccessful HTTP/1.1" 200 650
0:0:0:0:0:0:0:1 - - [29/Oct/2020:04:54:23 -0700] "GET /searchCourses HTTP/1.1" 200 857
0:0:0:0:0:0:0:1 - - [29/Oct/2020:04:54:25 -0700] "GET /searchCoursesByArea?area=Computer_Science HTTP/1.1" 200 2199
0:0:0:0:0:0:0:1 - - [29/Oct/2020:04:54:28 -0700] "POST /registerForClassess HTTP/1.1" 302 -
0:0:0:0:0:0:0:1 - - [29/Oct/2020:04:54:28 -0700] "GET /loginSuccessful HTTP/1.1" 200 650
0:0:0:0:0:0:0:1 - - [29/Oct/2020:04:54:39 -0700] "GET /searchCourses HTTP/1.1" 200 857
0:0:0:0:0:0:0:1 - - [29/Oct/2020:04:54:40 -0700] "GET /searchCoursesByArea?area=Computer_Science HTTP/1.1" 200 2199
0:0:0:0:0:0:0:1 - - [29/Oct/2020:04:54:44 -0700] "POST /registerForClassess HTTP/1.1" 302 -
0:0:0:0:0:0:0:1 - - [29/Oct/2020:04:54:44 -0700] "GET /loginSuccessful HTTP/1.1" 200 650
0:0:0:0:0:0:0:1 - - [29/Oct/2020:04:58:21 -0700] "GET /loginSuccessful HTTP/1.1" 200 650
0:0:0:0:0:0:0:1 - - [29/Oct/2020:04:58:23 -0700] "GET /searchCourses HTTP/1.1" 200 857
0:0:0:0:0:0:0:1 - - [29/Oct/2020:04:58:24 -0700] "GET /searchCoursesByArea?area=Computer_Science HTTP/1.1" 200 2199
0:0:0:0:0:0:0:1 - - [29/Oct/2020:04:58:26 -0700] "POST /registerForClassess HTTP/1.1" 302 -
0:0:0:0:0:0:0:1 - - [29/Oct/2020:04:58:26 -0700] "GET /loginSuccessful HTTP/1.1" 200 650
0:0:0:0:0:0:0:1 - - [29/Oct/2020:04:58:29 -0700] "GET /searchCourses HTTP/1.1" 200 857
0:0:0:0:0:0:0:1 - - [29/Oct/2020:04:58:30 -0700] "GET /searchCoursesByArea?area=Computer_Science HTTP/1.1" 200 2199
0:0:0:0:0:0:0:1 - - [29/Oct/2020:04:58:33 -0700] "POST /registerForClassess HTTP/1.1" 302 -
0:0:0:0:0:0:0:1 - - [29/Oct/2020:04:58:33 -0700] "GET /searchCourses HTTP/1.1" 200 953
0:0:0:0:0:0:0:1 - - [29/Oct/2020:04:59:00 -0700] "GET /searchCoursesByArea?area=Computer_Science HTTP/1.1" 200 2199
0:0:0:0:0:0:0:1 - - [29/Oct/2020:04:59:05 -0700] "POST /registerForClassess HTTP/1.1" 302 -
0:0:0:0:0:0:0:1 - - [29/Oct/2020:04:59:05 -0700] "GET /loginSuccessful HTTP/1.1" 200 650
0:0:0:0:0:0:0:1 - - [29/Oct/2020:07:21:49 -0700] "GET /loginSuccessful HTTP/1.1" 302 -
0:0:0:0:0:0:0:1 - - [29/Oct/2020:07:21:49 -0700] "GET /login HTTP/1.1" 200 1657
0:0:0:0:0:0:0:1 - - [29/Oct/2020:07:21:53 -0700] "POST /doLogin HTTP/1.1" 302 -
0:0:0:0:0:0:0:1 - - [29/Oct/2020:07:21:53 -0700] "GET /loginSuccessful HTTP/1.1" 200 650
0:0:0:0:0:0:0:1 - - [29/Oct/2020:07:21:54 -0700] "GET /searchCourses HTTP/1.1" 200 857
0:0:0:0:0:0:0:1 - - [29/Oct/2020:07:21:56 -0700] "GET /searchCoursesByArea?area=Computer_Science HTTP/1.1" 200 2199
0:0:0:0:0:0:0:1 - - [29/Oct/2020:07:22:16 -0700] "POST /registerForClassess HTTP/1.1" 302 -
0:0:0:0:0:0:0:1 - - [29/Oct/2020:07:22:16 -0700] "GET /loginSuccessful HTTP/1.1" 200 650
0:0:0:0:0:0:0:1 - - [29/Oct/2020:07:22:18 -0700] "GET /searchCourses HTTP/1.1" 200 857
0:0:0:0:0:0:0:1 - - [29/Oct/2020:07:22:20 -0700] "GET /searchCoursesByArea?area=Computer_Science HTTP/1.1" 200 2199
0:0:0:0:0:0:0:1 - - [29/Oct/2020:07:22:29 -0700] "POST /registerForClassess HTTP/1.1" 500 9543
0:0:0:0:0:0:0:1 - - [29/Oct/2020:07:24:48 -0700] "GET /registerForClassess HTTP/1.1" 405 9123
0:0:0:0:0:0:0:1 - - [29/Oct/2020:07:24:50 -0700] "GET /login HTTP/1.1" 200 1657
0:0:0:0:0:0:0:1 - - [29/Oct/2020:07:24:51 -0700] "GET /login HTTP/1.1" 200 1657
0:0:0:0:0:0:0:1 - - [29/Oct/2020:07:24:54 -0700] "POST /doLogin HTTP/1.1" 302 -
0:0:0:0:0:0:0:1 - - [29/Oct/2020:07:24:54 -0700] "GET /loginSuccessful HTTP/1.1" 200 650
0:0:0:0:0:0:0:1 - - [29/Oct/2020:07:24:55 -0700] "GET /searchCourses HTTP/1.1" 200 857
0:0:0:0:0:0:0:1 - - [29/Oct/2020:07:24:58 -0700] "GET /searchCoursesByArea?area=Computer_Science HTTP/1.1" 200 2199
0:0:0:0:0:0:0:1 - - [29/Oct/2020:07:25:00 -0700] "POST /registerForClassess HTTP/1.1" 302 -
0:0:0:0:0:0:0:1 - - [29/Oct/2020:07:25:00 -0700] "GET /loginSuccessful HTTP/1.1" 200 650
0:0:0:0:0:0:0:1 - - [29/Oct/2020:07:25:02 -0700] "GET /searchCourses HTTP/1.1" 200 857
0:0:0:0:0:0:0:1 - - [29/Oct/2020:07:25:03 -0700] "GET /searchCoursesByArea?area=Computer_Science HTTP/1.1" 200 2199
0:0:0:0:0:0:0:1 - - [29/Oct/2020:07:25:06 -0700] "POST /registerForClassess HTTP/1.1" 302 -
0:0:0:0:0:0:0:1 - - [29/Oct/2020:07:25:06 -0700] "GET /searchCourses HTTP/1.1" 200 953
0:0:0:0:0:0:0:1 - - [29/Oct/2020:07:25:07 -0700] "GET /searchCoursesByArea?area=Computer_Science HTTP/1.1" 200 2199
0:0:0:0:0:0:0:1 - - [29/Oct/2020:07:25:27 -0700] "GET /searchCourses HTTP/1.1" 200 857
0:0:0:0:0:0:0:1 - - [29/Oct/2020:07:25:29 -0700] "GET /searchCourses HTTP/1.1" 200 857
0:0:0:0:0:0:0:1 - - [29/Oct/2020:07:25:30 -0700] "GET /searchCoursesByArea?area=Computer_Science HTTP/1.1" 200 2199
0:0:0:0:0:0:0:1 - - [29/Oct/2020:07:25:35 -0700] "POST /registerForClassess HTTP/1.1" 302 -
0:0:0:0:0:0:0:1 - - [29/Oct/2020:07:25:35 -0700] "GET /loginSuccessful HTTP/1.1" 200 650
0:0:0:0:0:0:0:1 - - [29/Oct/2020:07:58:25 -0700] "GET /loginSuccessful HTTP/1.1" 302 -
0:0:0:0:0:0:0:1 - - [29/Oct/2020:07:58:25 -0700] "GET /login HTTP/1.1" 200 1657
0:0:0:0:0:0:0:1 - - [29/Oct/2020:07:58:29 -0700] "POST /doLogin HTTP/1.1" 302 -
0:0:0:0:0:0:0:1 - - [29/Oct/2020:07:58:29 -0700] "GET /loginSuccessful HTTP/1.1" 200 650
0:0:0:0:0:0:0:1 - - [29/Oct/2020:07:58:30 -0700] "GET /searchCourses HTTP/1.1" 200 857
0:0:0:0:0:0:0:1 - - [29/Oct/2020:07:58:33 -0700] "GET /searchCoursesByArea?area=Computer_Science HTTP/1.1" 200 2199
0:0:0:0:0:0:0:1 - - [29/Oct/2020:07:58:34 -0700] "POST /registerForClassess HTTP/1.1" 302 -
0:0:0:0:0:0:0:1 - - [29/Oct/2020:07:58:34 -0700] "GET /loginSuccessful HTTP/1.1" 200 650
0:0:0:0:0:0:0:1 - - [29/Oct/2020:08:02:16 -0700] "GET /loginSuccessful HTTP/1.1" 200 650
0:0:0:0:0:0:0:1 - - [29/Oct/2020:08:02:18 -0700] "GET /searchCourses HTTP/1.1" 200 857
0:0:0:0:0:0:0:1 - - [29/Oct/2020:08:02:19 -0700] "GET /searchCoursesByArea?area=Computer_Science HTTP/1.1" 200 2199
0:0:0:0:0:0:0:1 - - [29/Oct/2020:08:02:21 -0700] "POST /registerForClassess HTTP/1.1" 302 -
0:0:0:0:0:0:0:1 - - [29/Oct/2020:08:02:21 -0700] "GET /searchCourses HTTP/1.1" 200 925
0:0:0:0:0:0:0:1 - - [29/Oct/2020:08:02:26 -0700] "GET /searchCoursesByArea?area=Computer_Science HTTP/1.1" 200 2199
0:0:0:0:0:0:0:1 - - [29/Oct/2020:08:05:20 -0700] "POST /registerForClassess HTTP/1.1" 302 -
0:0:0:0:0:0:0:1 - - [29/Oct/2020:08:05:20 -0700] "GET /searchCourses HTTP/1.1" 200 925
0:0:0:0:0:0:0:1 - - [29/Oct/2020:08:05:34 -0700] "GET /searchCoursesByArea?area=Computer_Science HTTP/1.1" 200 2199
0:0:0:0:0:0:0:1 - - [29/Oct/2020:08:18:06 -0700] "POST /registerForClassess HTTP/1.1" 500 9883
0:0:0:0:0:0:0:1 - - [29/Oct/2020:08:24:57 -0700] "GET /login HTTP/1.1" 200 1657
0:0:0:0:0:0:0:1 - - [29/Oct/2020:08:24:57 -0700] "GET /login HTTP/1.1" 200 1657
0:0:0:0:0:0:0:1 - - [29/Oct/2020:08:25:30 -0700] "POST /doLogin HTTP/1.1" 302 -
0:0:0:0:0:0:0:1 - - [29/Oct/2020:08:25:30 -0700] "GET /loginSuccessful HTTP/1.1" 200 650
0:0:0:0:0:0:0:1 - - [29/Oct/2020:08:25:32 -0700] "GET /searchCourses HTTP/1.1" 200 857
0:0:0:0:0:0:0:1 - - [29/Oct/2020:08:25:33 -0700] "GET /searchCoursesByArea?area=Computer_Science HTTP/1.1" 200 2199
0:0:0:0:0:0:0:1 - - [29/Oct/2020:08:25:35 -0700] "POST /registerForClassess HTTP/1.1" 500 9883
0:0:0:0:0:0:0:1 - - [29/Oct/2020:08:26:59 -0700] "GET /login HTTP/1.1" 200 1657
0:0:0:0:0:0:0:1 - - [29/Oct/2020:08:27:03 -0700] "POST /doLogin HTTP/1.1" 302 -
0:0:0:0:0:0:0:1 - - [29/Oct/2020:08:27:03 -0700] "GET /loginSuccessful HTTP/1.1" 200 650
0:0:0:0:0:0:0:1 - - [29/Oct/2020:08:27:04 -0700] "GET /searchCourses HTTP/1.1" 200 857
0:0:0:0:0:0:0:1 - - [29/Oct/2020:08:27:05 -0700] "GET /searchCoursesByArea?area=Computer_Science HTTP/1.1" 200 2199
0:0:0:0:0:0:0:1 - - [29/Oct/2020:08:27:08 -0700] "POST /registerForClassess HTTP/1.1" 500 9883
0:0:0:0:0:0:0:1 - - [29/Oct/2020:09:29:12 -0700] "GET /login HTTP/1.1" 200 1657
0:0:0:0:0:0:0:1 - - [29/Oct/2020:09:29:12 -0700] "GET /login HTTP/1.1" 200 1657
0:0:0:0:0:0:0:1 - - [29/Oct/2020:09:29:16 -0700] "POST /doLogin HTTP/1.1" 302 -
0:0:0:0:0:0:0:1 - - [29/Oct/2020:09:29:16 -0700] "GET /loginSuccessful HTTP/1.1" 200 650
0:0:0:0:0:0:0:1 - - [29/Oct/2020:09:29:17 -0700] "GET /searchCourses HTTP/1.1" 200 857
0:0:0:0:0:0:0:1 - - [29/Oct/2020:09:29:19 -0700] "GET /searchCoursesByArea?area=Computer_Science HTTP/1.1" 200 2199
0:0:0:0:0:0:0:1 - - [29/Oct/2020:09:29:25 -0700] "POST /registerForClassess HTTP/1.1" 302 -
0:0:0:0:0:0:0:1 - - [29/Oct/2020:09:29:25 -0700] "GET /searchCourses HTTP/1.1" 200 925
0:0:0:0:0:0:0:1 - - [29/Oct/2020:09:29:27 -0700] "GET /searchCoursesByArea?area=Computer_Science HTTP/1.1" 200 2199
0:0:0:0:0:0:0:1 - - [29/Oct/2020:09:29:30 -0700] "POST /registerForClassess HTTP/1.1" 302 -
0:0:0:0:0:0:0:1 - - [29/Oct/2020:09:29:30 -0700] "GET /searchCourses HTTP/1.1" 200 953
0:0:0:0:0:0:0:1 - - [29/Oct/2020:09:32:21 -0700] "GET /login HTTP/1.1" 200 1657
0:0:0:0:0:0:0:1 - - [29/Oct/2020:09:32:24 -0700] "POST /doLogin HTTP/1.1" 302 -
0:0:0:0:0:0:0:1 - - [29/Oct/2020:09:32:24 -0700] "GET /loginSuccessful HTTP/1.1" 200 650
0:0:0:0:0:0:0:1 - - [29/Oct/2020:09:32:25 -0700] "GET /searchCourses HTTP/1.1" 200 857
0:0:0:0:0:0:0:1 - - [29/Oct/2020:09:32:26 -0700] "GET /searchCoursesByArea?area=Computer_Science HTTP/1.1" 200 2199
0:0:0:0:0:0:0:1 - - [29/Oct/2020:09:32:28 -0700] "POST /registerForClassess HTTP/1.1" 302 -
0:0:0:0:0:0:0:1 - - [29/Oct/2020:09:32:28 -0700] "GET /searchCourses HTTP/1.1" 200 925
0:0:0:0:0:0:0:1 - - [29/Oct/2020:09:36:01 -0700] "GET /searchCourses HTTP/1.1" 200 857
0:0:0:0:0:0:0:1 - - [29/Oct/2020:09:36:02 -0700] "GET /searchCoursesByArea?area=Computer_Science HTTP/1.1" 200 2199
0:0:0:0:0:0:0:1 - - [29/Oct/2020:09:36:08 -0700] "POST /registerForClassess HTTP/1.1" 302 -
0:0:0:0:0:0:0:1 - - [29/Oct/2020:09:36:08 -0700] "GET /searchCourses HTTP/1.1" 200 953
0:0:0:0:0:0:0:1 - - [29/Oct/2020:09:37:12 -0700] "GET /searchCoursesByArea?area=Computer_Science HTTP/1.1" 200 2199
0:0:0:0:0:0:0:1 - - [29/Oct/2020:09:39:57 -0700] "GET /searchCoursesByArea?area=Computer_Science HTTP/1.1" 200 2199
0:0:0:0:0:0:0:1 - - [29/Oct/2020:09:40:02 -0700] "POST /registerForClassess HTTP/1.1" 302 -
0:0:0:0:0:0:0:1 - - [29/Oct/2020:09:40:02 -0700] "GET /searchCourses HTTP/1.1" 200 953
0:0:0:0:0:0:0:1 - - [29/Oct/2020:16:40:09 -0700] "GET /searchCoursesByArea?area=Computer_Science HTTP/1.1" 302 -
0:0:0:0:0:0:0:1 - - [29/Oct/2020:16:40:09 -0700] "GET /login HTTP/1.1" 200 1657
0:0:0:0:0:0:0:1 - - [29/Oct/2020:16:45:13 -0700] "POST /doLogin HTTP/1.1" 302 -
0:0:0:0:0:0:0:1 - - [29/Oct/2020:16:45:13 -0700] "GET /loginSuccessful HTTP/1.1" 200 650
0:0:0:0:0:0:0:1 - - [29/Oct/2020:16:45:15 -0700] "GET /searchCourses HTTP/1.1" 200 857
0:0:0:0:0:0:0:1 - - [29/Oct/2020:16:45:16 -0700] "GET /searchCoursesByArea?area=Computer_Science HTTP/1.1" 200 2199
0:0:0:0:0:0:0:1 - - [29/Oct/2020:16:45:19 -0700] "POST /registerForClassess HTTP/1.1" 302 -
0:0:0:0:0:0:0:1 - - [29/Oct/2020:16:45:19 -0700] "GET /searchCourses HTTP/1.1" 200 953
0:0:0:0:0:0:0:1 - - [29/Oct/2020:16:48:13 -0700] "GET /searchCourses HTTP/1.1" 200 857
0:0:0:0:0:0:0:1 - - [29/Oct/2020:16:48:14 -0700] "GET /searchCoursesByArea?area=Computer_Science HTTP/1.1" 200 2199
0:0:0:0:0:0:0:1 - - [29/Oct/2020:16:48:16 -0700] "POST /registerForClassess HTTP/1.1" 302 -
0:0:0:0:0:0:0:1 - - [29/Oct/2020:16:48:16 -0700] "GET /searchCourses HTTP/1.1" 200 953
0:0:0:0:0:0:0:1 - - [29/Oct/2020:16:49:02 -0700] "GET /searchCourses HTTP/1.1" 200 857
0:0:0:0:0:0:0:1 - - [29/Oct/2020:16:49:03 -0700] "GET /searchCoursesByArea?area=Computer_Science HTTP/1.1" 200 2199
0:0:0:0:0:0:0:1 - - [29/Oct/2020:16:49:06 -0700] "POST /registerForClassess HTTP/1.1" 302 -
0:0:0:0:0:0:0:1 - - [29/Oct/2020:16:49:06 -0700] "GET /searchCourses HTTP/1.1" 200 953
0:0:0:0:0:0:0:1 - - [29/Oct/2020:16:49:26 -0700] "GET /searchCourses HTTP/1.1" 200 857
0:0:0:0:0:0:0:1 - - [29/Oct/2020:16:49:27 -0700] "GET /searchCoursesByArea?area=Computer_Science HTTP/1.1" 200 2199
0:0:0:0:0:0:0:1 - - [29/Oct/2020:16:49:29 -0700] "POST /registerForClassess HTTP/1.1" 302 -
0:0:0:0:0:0:0:1 - - [29/Oct/2020:16:49:29 -0700] "GET /searchCourses HTTP/1.1" 200 953
0:0:0:0:0:0:0:1 - - [29/Oct/2020:16:55:05 -0700] "GET /searchCourses HTTP/1.1" 200 857
0:0:0:0:0:0:0:1 - - [29/Oct/2020:16:55:06 -0700] "GET /searchCoursesByArea?area=Computer_Science HTTP/1.1" 200 2199
0:0:0:0:0:0:0:1 - - [29/Oct/2020:16:55:07 -0700] "POST /registerForClassess HTTP/1.1" 500 9548
0:0:0:0:0:0:0:1 - - [29/Oct/2020:16:55:41 -0700] "GET /login HTTP/1.1" 200 1657
0:0:0:0:0:0:0:1 - - [29/Oct/2020:16:55:42 -0700] "GET /login HTTP/1.1" 200 1657
0:0:0:0:0:0:0:1 - - [29/Oct/2020:16:55:45 -0700] "POST /doLogin HTTP/1.1" 302 -
0:0:0:0:0:0:0:1 - - [29/Oct/2020:16:55:45 -0700] "GET /loginSuccessful HTTP/1.1" 200 650
0:0:0:0:0:0:0:1 - - [29/Oct/2020:16:55:46 -0700] "GET /searchCourses HTTP/1.1" 200 857
0:0:0:0:0:0:0:1 - - [29/Oct/2020:16:55:47 -0700] "GET /searchCoursesByArea?area=Computer_Science HTTP/1.1" 200 2199
0:0:0:0:0:0:0:1 - - [29/Oct/2020:16:55:48 -0700] "POST /registerForClassess HTTP/1.1" 302 -
0:0:0:0:0:0:0:1 - - [29/Oct/2020:16:55:48 -0700] "GET /loginSuccessful HTTP/1.1" 200 650
0:0:0:0:0:0:0:1 - - [29/Oct/2020:16:56:07 -0700] "GET /loginSuccessful HTTP/1.1" 200 650
0:0:0:0:0:0:0:1 - - [29/Oct/2020:16:56:08 -0700] "GET /searchCourses HTTP/1.1" 200 857
0:0:0:0:0:0:0:1 - - [29/Oct/2020:16:56:08 -0700] "GET /searchCoursesByArea?area=Computer_Science HTTP/1.1" 200 2199
0:0:0:0:0:0:0:1 - - [29/Oct/2020:16:56:12 -0700] "POST /registerForClassess HTTP/1.1" 302 -
0:0:0:0:0:0:0:1 - - [29/Oct/2020:16:56:12 -0700] "GET /searchCourses HTTP/1.1" 200 925
0:0:0:0:0:0:0:1 - - [29/Oct/2020:16:56:55 -0700] "GET /searchCourses HTTP/1.1" 200 857
0:0:0:0:0:0:0:1 - - [29/Oct/2020:16:56:56 -0700] "GET /searchCoursesByArea?area=Computer_Science HTTP/1.1" 200 2199
0:0:0:0:0:0:0:1 - - [29/Oct/2020:17:19:39 -0700] "GET /searchCoursesByArea?area=Computer_Science HTTP/1.1" 200 2199
0:0:0:0:0:0:0:1 - - [29/Oct/2020:17:19:45 -0700] "POST /registerForClassess HTTP/1.1" 302 -
0:0:0:0:0:0:0:1 - - [29/Oct/2020:17:19:45 -0700] "GET /loginSuccessful HTTP/1.1" 200 650
0:0:0:0:0:0:0:1 - - [29/Oct/2020:17:19:47 -0700] "GET /searchCourses HTTP/1.1" 200 857
0:0:0:0:0:0:0:1 - - [29/Oct/2020:17:19:48 -0700] "GET /searchCoursesByArea?area=Computer_Science HTTP/1.1" 200 2199
0:0:0:0:0:0:0:1 - - [29/Oct/2020:17:19:51 -0700] "POST /registerForClassess HTTP/1.1" 302 -
0:0:0:0:0:0:0:1 - - [29/Oct/2020:17:19:51 -0700] "GET /searchCourses HTTP/1.1" 200 953
0:0:0:0:0:0:0:1 - - [29/Oct/2020:17:41:33 -0700] "GET /login HTTP/1.1" 200 1657
0:0:0:0:0:0:0:1 - - [29/Oct/2020:17:41:34 -0700] "GET /login HTTP/1.1" 200 1657
0:0:0:0:0:0:0:1 - - [29/Oct/2020:17:41:40 -0700] "POST /doLogin HTTP/1.1" 302 -
0:0:0:0:0:0:0:1 - - [29/Oct/2020:17:41:40 -0700] "GET /loginSuccessful HTTP/1.1" 200 650
0:0:0:0:0:0:0:1 - - [29/Oct/2020:17:41:42 -0700] "GET /searchCourses HTTP/1.1" 200 857
0:0:0:0:0:0:0:1 - - [29/Oct/2020:17:41:43 -0700] "GET /searchCoursesByArea?area=Computer_Science HTTP/1.1" 200 2199
0:0:0:0:0:0:0:1 - - [29/Oct/2020:17:41:46 -0700] "POST /registerForClassess HTTP/1.1" 302 -
0:0:0:0:0:0:0:1 - - [29/Oct/2020:17:41:46 -0700] "GET /loginSuccessful HTTP/1.1" 200 650
0:0:0:0:0:0:0:1 - - [29/Oct/2020:17:41:49 -0700] "GET /getAllRequiredBooks HTTP/1.1" 302 -
0:0:0:0:0:0:0:1 - - [29/Oct/2020:17:41:49 -0700] "GET /loginSuccessful HTTP/1.1" 200 719
0:0:0:0:0:0:0:1 - - [29/Oct/2020:17:47:18 -0700] "GET /loginSuccessful HTTP/1.1" 200 650
0:0:0:0:0:0:0:1 - - [29/Oct/2020:17:47:26 -0700] "GET /searchCourses HTTP/1.1" 200 857
0:0:0:0:0:0:0:1 - - [29/Oct/2020:17:47:29 -0700] "GET /searchCoursesByArea?area=Computer_Science HTTP/1.1" 200 2199
0:0:0:0:0:0:0:1 - - [29/Oct/2020:17:48:08 -0700] "POST /registerForClassess HTTP/1.1" 302 -
0:0:0:0:0:0:0:1 - - [29/Oct/2020:17:48:08 -0700] "GET /loginSuccessful HTTP/1.1" 200 650
0:0:0:0:0:0:0:1 - - [29/Oct/2020:17:48:09 -0700] "GET /dropClasses HTTP/1.1" 200 1526
0:0:0:0:0:0:0:1 - - [29/Oct/2020:17:48:11 -0700] "GET /loginSuccessful HTTP/1.1" 200 650
0:0:0:0:0:0:0:1 - - [29/Oct/2020:17:48:12 -0700] "GET /getAllRequiredBooks HTTP/1.1" 200 1919
0:0:0:0:0:0:0:1 - - [29/Oct/2020:17:48:16 -0700] "GET /loginSuccessful HTTP/1.1" 200 650
0:0:0:0:0:0:0:1 - - [29/Oct/2020:17:55:12 -0700] "GET /getAllRequiredBooks HTTP/1.1" 200 1919
0:0:0:0:0:0:0:1 - - [29/Oct/2020:17:55:13 -0700] "GET /moreDetails?bookItem=1 HTTP/1.1" 200 2299
0:0:0:0:0:0:0:1 - - [29/Oct/2020:17:55:15 -0700] "GET /getAllRequiredBooks HTTP/1.1" 200 1919
0:0:0:0:0:0:0:1 - - [29/Oct/2020:17:55:15 -0700] "GET /loginSuccessful HTTP/1.1" 200 650
0:0:0:0:0:0:0:1 - - [29/Oct/2020:17:57:47 -0700] "GET /loginSuccessful HTTP/1.1" 200 650
0:0:0:0:0:0:0:1 - - [29/Oct/2020:17:57:48 -0700] "GET /searchCourses HTTP/1.1" 200 857
0:0:0:0:0:0:0:1 - - [29/Oct/2020:17:57:49 -0700] "GET /searchCoursesByTitle?title=COMSC_75 HTTP/1.1" 200 1421
0:0:0:0:0:0:0:1 - - [29/Oct/2020:17:57:59 -0700] "GET /login HTTP/1.1" 200 1657
0:0:0:0:0:0:0:1 - - [29/Oct/2020:17:58:02 -0700] "POST /doLogin HTTP/1.1" 302 -
0:0:0:0:0:0:0:1 - - [29/Oct/2020:17:58:02 -0700] "GET /loginSuccessful HTTP/1.1" 200 650
0:0:0:0:0:0:0:1 - - [29/Oct/2020:17:58:03 -0700] "GET /searchCourses HTTP/1.1" 200 857
0:0:0:0:0:0:0:1 - - [29/Oct/2020:17:58:04 -0700] "GET /searchCoursesByArea?area=Computer_Science HTTP/1.1" 200 2197
0:0:0:0:0:0:0:1 - - [29/Oct/2020:17:58:05 -0700] "GET /searchCourses HTTP/1.1" 200 857
0:0:0:0:0:0:0:1 - - [29/Oct/2020:17:58:32 -0700] "GET /searchCourses HTTP/1.1" 200 857
0:0:0:0:0:0:0:1 - - [29/Oct/2020:17:59:34 -0700] "GET /searchCoursesByTitle?title=COMSC_75 HTTP/1.1" 500 13599
0:0:0:0:0:0:0:1 - - [29/Oct/2020:17:59:36 -0700] "GET /searchCourses HTTP/1.1" 200 857
0:0:0:0:0:0:0:1 - - [29/Oct/2020:17:59:37 -0700] "GET /searchCoursesByArea?area=Computer_Science HTTP/1.1" 500 13599
0:0:0:0:0:0:0:1 - - [29/Oct/2020:18:02:24 -0700] "GET /searchCoursesByArea?area=Computer_Science HTTP/1.1" 200 2579
0:0:0:0:0:0:0:1 - - [29/Oct/2020:18:31:52 -0700] "POST /registerForClassess HTTP/1.1" 302 -
0:0:0:0:0:0:0:1 - - [29/Oct/2020:18:31:52 -0700] "GET /loginSuccessful HTTP/1.1" 200 650
0:0:0:0:0:0:0:1 - - [29/Oct/2020:18:32:15 -0700] "GET /loginSuccessful HTTP/1.1" 200 650
0:0:0:0:0:0:0:1 - - [29/Oct/2020:18:32:16 -0700] "GET /searchCourses HTTP/1.1" 200 857
0:0:0:0:0:0:0:1 - - [29/Oct/2020:18:32:17 -0700] "GET /searchCoursesByArea?area=Computer_Science HTTP/1.1" 200 2579
0:0:0:0:0:0:0:1 - - [29/Oct/2020:18:32:29 -0700] "POST /registerForClassess HTTP/1.1" 302 -
0:0:0:0:0:0:0:1 - - [29/Oct/2020:18:32:29 -0700] "GET /searchCourses HTTP/1.1" 200 925
0:0:0:0:0:0:0:1 - - [29/Oct/2020:18:39:07 -0700] "GET /searchCourses HTTP/1.1" 200 857
0:0:0:0:0:0:0:1 - - [29/Oct/2020:18:39:08 -0700] "GET /searchCoursesByArea?area=Computer_Science HTTP/1.1" 200 2579
0:0:0:0:0:0:0:1 - - [29/Oct/2020:18:39:14 -0700] "POST /registerForClassess HTTP/1.1" 302 -
0:0:0:0:0:0:0:1 - - [29/Oct/2020:18:39:14 -0700] "GET /loginSuccessful HTTP/1.1" 200 650
0:0:0:0:0:0:0:1 - - [29/Oct/2020:18:39:17 -0700] "GET /searchCourses HTTP/1.1" 200 857
0:0:0:0:0:0:0:1 - - [29/Oct/2020:18:39:18 -0700] "GET /searchCoursesByArea?area=Computer_Science HTTP/1.1" 200 2579
0:0:0:0:0:0:0:1 - - [29/Oct/2020:18:39:19 -0700] "POST /registerForClassess HTTP/1.1" 302 -
0:0:0:0:0:0:0:1 - - [29/Oct/2020:18:39:19 -0700] "GET /searchCourses HTTP/1.1" 200 953
0:0:0:0:0:0:0:1 - - [29/Oct/2020:18:39:21 -0700] "GET /searchCoursesByArea?area=Computer_Science HTTP/1.1" 200 2579
0:0:0:0:0:0:0:1 - - [29/Oct/2020:18:39:24 -0700] "POST /registerForClassess HTTP/1.1" 500 9543
0:0:0:0:0:0:0:1 - - [29/Oct/2020:18:41:53 -0700] "GET /login HTTP/1.1" 200 1657
0:0:0:0:0:0:0:1 - - [29/Oct/2020:18:41:53 -0700] "GET /login HTTP/1.1" 200 1657
0:0:0:0:0:0:0:1 - - [29/Oct/2020:18:41:57 -0700] "POST /doLogin HTTP/1.1" 302 -
0:0:0:0:0:0:0:1 - - [29/Oct/2020:18:41:57 -0700] "GET /loginSuccessful HTTP/1.1" 200 650
0:0:0:0:0:0:0:1 - - [29/Oct/2020:18:41:57 -0700] "GET /searchCourses HTTP/1.1" 200 857
0:0:0:0:0:0:0:1 - - [29/Oct/2020:18:41:58 -0700] "GET /searchCoursesByArea?area=Computer_Science HTTP/1.1" 200 2579
0:0:0:0:0:0:0:1 - - [29/Oct/2020:18:42:06 -0700] "POST /registerForClassess HTTP/1.1" 302 -
0:0:0:0:0:0:0:1 - - [29/Oct/2020:18:42:06 -0700] "GET /loginSuccessful HTTP/1.1" 200 650
0:0:0:0:0:0:0:1 - - [29/Oct/2020:18:42:07 -0700] "GET /searchCourses HTTP/1.1" 200 857
0:0:0:0:0:0:0:1 - - [29/Oct/2020:18:42:08 -0700] "GET /searchCoursesByArea?area=Computer_Science HTTP/1.1" 200 2579
0:0:0:0:0:0:0:1 - - [29/Oct/2020:18:42:10 -0700] "POST /registerForClassess HTTP/1.1" 500 9543
0:0:0:0:0:0:0:1 - - [29/Oct/2020:18:42:36 -0700] "GET /login HTTP/1.1" 200 1657
0:0:0:0:0:0:0:1 - - [29/Oct/2020:18:42:41 -0700] "POST /doLogin HTTP/1.1" 302 -
0:0:0:0:0:0:0:1 - - [29/Oct/2020:18:42:41 -0700] "GET /loginSuccessful HTTP/1.1" 200 650
0:0:0:0:0:0:0:1 - - [29/Oct/2020:18:42:42 -0700] "GET /searchCourses HTTP/1.1" 200 857
0:0:0:0:0:0:0:1 - - [29/Oct/2020:18:42:42 -0700] "GET /searchCoursesByArea?area=Computer_Science HTTP/1.1" 200 2579
0:0:0:0:0:0:0:1 - - [29/Oct/2020:18:42:44 -0700] "POST /registerForClassess HTTP/1.1" 302 -
0:0:0:0:0:0:0:1 - - [29/Oct/2020:18:42:44 -0700] "GET /loginSuccessful HTTP/1.1" 200 650
0:0:0:0:0:0:0:1 - - [29/Oct/2020:18:42:46 -0700] "GET /searchCourses HTTP/1.1" 200 857
0:0:0:0:0:0:0:1 - - [29/Oct/2020:18:42:46 -0700] "GET /searchCoursesByArea?area=Computer_Science HTTP/1.1" 200 2579
0:0:0:0:0:0:0:1 - - [29/Oct/2020:18:42:48 -0700] "POST /registerForClassess HTTP/1.1" 302 -
0:0:0:0:0:0:0:1 - - [29/Oct/2020:18:42:48 -0700] "GET /loginSuccessful HTTP/1.1" 200 650
0:0:0:0:0:0:0:1 - - [29/Oct/2020:18:43:11 -0700] "GET /searchCourses HTTP/1.1" 200 857
0:0:0:0:0:0:0:1 - - [29/Oct/2020:18:43:11 -0700] "GET /searchCoursesByArea?area=Computer_Science HTTP/1.1" 200 2579
0:0:0:0:0:0:0:1 - - [29/Oct/2020:18:52:22 -0700] "GET /searchCoursesByArea?area=Computer_Science HTTP/1.1" 200 2579
0:0:0:0:0:0:0:1 - - [29/Oct/2020:18:52:26 -0700] "POST /registerForClassess HTTP/1.1" 302 -
0:0:0:0:0:0:0:1 - - [29/Oct/2020:18:52:26 -0700] "GET /loginSuccessful HTTP/1.1" 200 650
0:0:0:0:0:0:0:1 - - [29/Oct/2020:18:52:27 -0700] "GET /searchCourses HTTP/1.1" 200 857
0:0:0:0:0:0:0:1 - - [29/Oct/2020:18:52:28 -0700] "GET /searchCoursesByArea?area=Computer_Science HTTP/1.1" 200 2579
0:0:0:0:0:0:0:1 - - [29/Oct/2020:18:52:29 -0700] "POST /registerForClassess HTTP/1.1" 302 -
0:0:0:0:0:0:0:1 - - [29/Oct/2020:18:52:29 -0700] "GET /searchCourses HTTP/1.1" 200 953
0:0:0:0:0:0:0:1 - - [29/Oct/2020:19:19:05 -0700] "GET /login HTTP/1.1" 200 1657
0:0:0:0:0:0:0:1 - - [29/Oct/2020:19:19:05 -0700] "GET /login HTTP/1.1" 200 1657
0:0:0:0:0:0:0:1 - - [29/Oct/2020:19:19:09 -0700] "POST /doLogin HTTP/1.1" 302 -
0:0:0:0:0:0:0:1 - - [29/Oct/2020:19:19:09 -0700] "GET /loginSuccessful HTTP/1.1" 200 650
0:0:0:0:0:0:0:1 - - [29/Oct/2020:19:19:10 -0700] "GET /searchCourses HTTP/1.1" 200 857
0:0:0:0:0:0:0:1 - - [29/Oct/2020:19:19:11 -0700] "GET /searchCoursesByArea?area=Computer_Science HTTP/1.1" 200 2579
0:0:0:0:0:0:0:1 - - [29/Oct/2020:19:19:16 -0700] "POST /registerForClassess HTTP/1.1" 302 -
0:0:0:0:0:0:0:1 - - [29/Oct/2020:19:19:16 -0700] "GET /loginSuccessful HTTP/1.1" 200 650
0:0:0:0:0:0:0:1 - - [29/Oct/2020:19:19:17 -0700] "GET /searchCourses HTTP/1.1" 200 857
0:0:0:0:0:0:0:1 - - [29/Oct/2020:19:19:18 -0700] "GET /searchCoursesByArea?area=Computer_Science HTTP/1.1" 200 2579
0:0:0:0:0:0:0:1 - - [29/Oct/2020:19:19:21 -0700] "POST /registerForClassess HTTP/1.1" 302 -
0:0:0:0:0:0:0:1 - - [29/Oct/2020:19:19:21 -0700] "GET /searchCourses HTTP/1.1" 200 953
0:0:0:0:0:0:0:1 - - [29/Oct/2020:19:19:25 -0700] "GET /searchCoursesByArea?area=Computer_Science HTTP/1.1" 200 2579
0:0:0:0:0:0:0:1 - - [29/Oct/2020:19:19:32 -0700] "POST /registerForClassess HTTP/1.1" 302 -
0:0:0:0:0:0:0:1 - - [29/Oct/2020:19:19:32 -0700] "GET /loginSuccessful HTTP/1.1" 200 650
0:0:0:0:0:0:0:1 - - [29/Oct/2020:19:22:10 -0700] "GET /loginSuccessful HTTP/1.1" 200 650
0:0:0:0:0:0:0:1 - - [29/Oct/2020:19:22:11 -0700] "GET /searchCourses HTTP/1.1" 200 857
0:0:0:0:0:0:0:1 - - [29/Oct/2020:19:22:13 -0700] "GET /searchCoursesByArea?area=Computer_Science HTTP/1.1" 200 2579
0:0:0:0:0:0:0:1 - - [29/Oct/2020:19:22:19 -0700] "POST /registerForClassess HTTP/1.1" 302 -
0:0:0:0:0:0:0:1 - - [29/Oct/2020:19:22:19 -0700] "GET /loginSuccessful HTTP/1.1" 200 650
0:0:0:0:0:0:0:1 - - [29/Oct/2020:19:22:50 -0700] "GET /loginSuccessful HTTP/1.1" 200 650
0:0:0:0:0:0:0:1 - - [29/Oct/2020:19:22:52 -0700] "GET /searchCourses HTTP/1.1" 200 857
0:0:0:0:0:0:0:1 - - [29/Oct/2020:19:22:53 -0700] "GET /searchCoursesByArea?area=Computer_Science HTTP/1.1" 200 2579
0:0:0:0:0:0:0:1 - - [29/Oct/2020:19:23:03 -0700] "POST /registerForClassess HTTP/1.1" 302 -
0:0:0:0:0:0:0:1 - - [29/Oct/2020:19:23:03 -0700] "GET /loginSuccessful HTTP/1.1" 200 650
0:0:0:0:0:0:0:1 - - [29/Oct/2020:19:23:40 -0700] "GET /loginSuccessful HTTP/1.1" 200 650
0:0:0:0:0:0:0:1 - - [29/Oct/2020:19:23:41 -0700] "GET /searchCourses HTTP/1.1" 200 857
0:0:0:0:0:0:0:1 - - [29/Oct/2020:19:23:42 -0700] "GET /searchCoursesByArea?area=Computer_Science HTTP/1.1" 200 2579
0:0:0:0:0:0:0:1 - - [29/Oct/2020:19:23:44 -0700] "POST /registerForClassess HTTP/1.1" 302 -
0:0:0:0:0:0:0:1 - - [29/Oct/2020:19:23:44 -0700] "GET /loginSuccessful HTTP/1.1" 200 650
0:0:0:0:0:0:0:1 - - [29/Oct/2020:19:23:45 -0700] "GET /searchCourses HTTP/1.1" 200 857
0:0:0:0:0:0:0:1 - - [29/Oct/2020:19:23:46 -0700] "GET /searchCoursesByArea?area=Computer_Science HTTP/1.1" 200 2579
0:0:0:0:0:0:0:1 - - [29/Oct/2020:19:23:48 -0700] "POST /registerForClassess HTTP/1.1" 302 -
0:0:0:0:0:0:0:1 - - [29/Oct/2020:19:23:48 -0700] "GET /searchCourses HTTP/1.1" 200 953
0:0:0:0:0:0:0:1 - - [29/Oct/2020:19:23:49 -0700] "GET /searchCoursesByArea?area=Computer_Science HTTP/1.1" 200 2579
0:0:0:0:0:0:0:1 - - [29/Oct/2020:19:23:50 -0700] "GET /searchCourses HTTP/1.1" 200 857
0:0:0:0:0:0:0:1 - - [29/Oct/2020:19:23:51 -0700] "GET /searchCoursesByArea?area=Computer_Science HTTP/1.1" 200 2579
0:0:0:0:0:0:0:1 - - [29/Oct/2020:19:23:55 -0700] "POST /registerForClassess HTTP/1.1" 302 -
0:0:0:0:0:0:0:1 - - [29/Oct/2020:19:23:55 -0700] "GET /searchCourses HTTP/1.1" 200 953
0:0:0:0:0:0:0:1 - - [29/Oct/2020:19:24:00 -0700] "GET /searchCoursesByArea?area=Computer_Science HTTP/1.1" 200 2579
0:0:0:0:0:0:0:1 - - [29/Oct/2020:19:24:20 -0700] "POST /registerForClassess HTTP/1.1" 302 -
0:0:0:0:0:0:0:1 - - [29/Oct/2020:19:24:20 -0700] "GET /searchCourses HTTP/1.1" 200 925
0:0:0:0:0:0:0:1 - - [29/Oct/2020:19:24:22 -0700] "GET /searchCoursesByArea?area=Computer_Science HTTP/1.1" 200 2579
0:0:0:0:0:0:0:1 - - [29/Oct/2020:19:24:27 -0700] "POST /registerForClassess HTTP/1.1" 302 -
0:0:0:0:0:0:0:1 - - [29/Oct/2020:19:24:27 -0700] "GET /searchCourses HTTP/1.1" 200 925
0:0:0:0:0:0:0:1 - - [29/Oct/2020:19:24:28 -0700] "GET /searchCoursesByArea?area=Computer_Science HTTP/1.1" 200 2579
0:0:0:0:0:0:0:1 - - [29/Oct/2020:19:24:39 -0700] "POST /registerForClassess HTTP/1.1" 302 -
0:0:0:0:0:0:0:1 - - [29/Oct/2020:19:24:39 -0700] "GET /searchCourses HTTP/1.1" 200 953
0:0:0:0:0:0:0:1 - - [29/Oct/2020:19:25:01 -0700] "GET /searchCourses HTTP/1.1" 200 857
0:0:0:0:0:0:0:1 - - [29/Oct/2020:19:25:02 -0700] "GET /searchCoursesByArea?area=Computer_Science HTTP/1.1" 200 2579
0:0:0:0:0:0:0:1 - - [29/Oct/2020:19:25:08 -0700] "POST /registerForClassess HTTP/1.1" 302 -
0:0:0:0:0:0:0:1 - - [29/Oct/2020:19:25:08 -0700] "GET /loginSuccessful HTTP/1.1" 200 650
0:0:0:0:0:0:0:1 - - [29/Oct/2020:19:25:25 -0700] "GET /loginSuccessful HTTP/1.1" 200 650
0:0:0:0:0:0:0:1 - - [29/Oct/2020:19:25:26 -0700] "GET /searchCourses HTTP/1.1" 200 857
0:0:0:0:0:0:0:1 - - [29/Oct/2020:19:25:27 -0700] "GET /searchCoursesByArea?area=Computer_Science HTTP/1.1" 200 2579
0:0:0:0:0:0:0:1 - - [29/Oct/2020:19:25:35 -0700] "POST /registerForClassess HTTP/1.1" 302 -
0:0:0:0:0:0:0:1 - - [29/Oct/2020:19:25:35 -0700] "GET /searchCourses HTTP/1.1" 200 925
0:0:0:0:0:0:0:1 - - [29/Oct/2020:19:25:43 -0700] "GET /searchCoursesByArea?area=Computer_Science HTTP/1.1" 200 2579
0:0:0:0:0:0:0:1 - - [29/Oct/2020:19:25:46 -0700] "POST /registerForClassess HTTP/1.1" 302 -
0:0:0:0:0:0:0:1 - - [29/Oct/2020:19:25:46 -0700] "GET /searchCourses HTTP/1.1" 200 925
0:0:0:0:0:0:0:1 - - [29/Oct/2020:19:25:54 -0700] "GET /searchCoursesByArea?area=Computer_Science HTTP/1.1" 200 2579
0:0:0:0:0:0:0:1 - - [29/Oct/2020:19:26:14 -0700] "POST /registerForClassess HTTP/1.1" 302 -
0:0:0:0:0:0:0:1 - - [29/Oct/2020:19:26:14 -0700] "GET /loginSuccessful HTTP/1.1" 200 650
0:0:0:0:0:0:0:1 - - [29/Oct/2020:19:26:25 -0700] "GET /searchCourses HTTP/1.1" 200 857
0:0:0:0:0:0:0:1 - - [29/Oct/2020:19:26:27 -0700] "GET /searchCoursesByArea?area=Computer_Science HTTP/1.1" 200 2579
0:0:0:0:0:0:0:1 - - [29/Oct/2020:19:26:34 -0700] "POST /registerForClassess HTTP/1.1" 302 -
0:0:0:0:0:0:0:1 - - [29/Oct/2020:19:26:34 -0700] "GET /searchCourses HTTP/1.1" 200 953
0:0:0:0:0:0:0:1 - - [29/Oct/2020:19:26:48 -0700] "GET /searchCoursesByArea?area=Computer_Science HTTP/1.1" 200 2579
0:0:0:0:0:0:0:1 - - [29/Oct/2020:19:26:59 -0700] "POST /registerForClassess HTTP/1.1" 302 -
0:0:0:0:0:0:0:1 - - [29/Oct/2020:19:26:59 -0700] "GET /searchCourses HTTP/1.1" 200 953
0:0:0:0:0:0:0:1 - - [29/Oct/2020:19:27:01 -0700] "GET /searchCoursesByArea?area=Computer_Science HTTP/1.1" 200 2579
0:0:0:0:0:0:0:1 - - [29/Oct/2020:19:30:42 -0700] "GET /searchCoursesByArea?area=Computer_Science HTTP/1.1" 200 2579
0:0:0:0:0:0:0:1 - - [29/Oct/2020:19:30:59 -0700] "POST /registerForClassess HTTP/1.1" 302 -
0:0:0:0:0:0:0:1 - - [29/Oct/2020:19:30:59 -0700] "GET /loginSuccessful HTTP/1.1" 200 650
0:0:0:0:0:0:0:1 - - [29/Oct/2020:19:31:00 -0700] "GET /searchCourses HTTP/1.1" 200 857
0:0:0:0:0:0:0:1 - - [29/Oct/2020:19:31:01 -0700] "GET /searchCoursesByArea?area=Computer_Science HTTP/1.1" 200 2579
0:0:0:0:0:0:0:1 - - [29/Oct/2020:19:31:53 -0700] "POST /registerForClassess HTTP/1.1" 302 -
0:0:0:0:0:0:0:1 - - [29/Oct/2020:19:31:53 -0700] "GET /searchCourses HTTP/1.1" 200 953
0:0:0:0:0:0:0:1 - - [29/Oct/2020:19:32:43 -0700] "GET /searchCourses HTTP/1.1" 200 857
0:0:0:0:0:0:0:1 - - [29/Oct/2020:19:32:44 -0700] "GET /searchCoursesByArea?area=Computer_Science HTTP/1.1" 200 2579
0:0:0:0:0:0:0:1 - - [29/Oct/2020:19:32:50 -0700] "POST /registerForClassess HTTP/1.1" 302 -
0:0:0:0:0:0:0:1 - - [29/Oct/2020:19:32:50 -0700] "GET /loginSuccessful HTTP/1.1" 200 650
0:0:0:0:0:0:0:1 - - [29/Oct/2020:19:32:53 -0700] "GET /searchCourses HTTP/1.1" 200 857
0:0:0:0:0:0:0:1 - - [29/Oct/2020:19:32:53 -0700] "GET /searchCoursesByArea?area=Computer_Science HTTP/1.1" 200 2579
0:0:0:0:0:0:0:1 - - [29/Oct/2020:19:33:01 -0700] "POST /registerForClassess HTTP/1.1" 302 -
0:0:0:0:0:0:0:1 - - [29/Oct/2020:19:33:01 -0700] "GET /searchCourses HTTP/1.1" 200 953
0:0:0:0:0:0:0:1 - - [29/Oct/2020:19:40:21 -0700] "GET /searchCourses HTTP/1.1" 200 857
0:0:0:0:0:0:0:1 - - [29/Oct/2020:19:40:22 -0700] "GET /searchCoursesByArea?area=Computer_Science HTTP/1.1" 200 2579
0:0:0:0:0:0:0:1 - - [29/Oct/2020:19:40:28 -0700] "POST /registerForClassess HTTP/1.1" 302 -
0:0:0:0:0:0:0:1 - - [29/Oct/2020:19:40:28 -0700] "GET /searchCourses HTTP/1.1" 200 925
0:0:0:0:0:0:0:1 - - [29/Oct/2020:19:40:33 -0700] "GET /searchCoursesByArea?area=Computer_Science HTTP/1.1" 200 2579
0:0:0:0:0:0:0:1 - - [29/Oct/2020:19:40:38 -0700] "POST /registerForClassess HTTP/1.1" 302 -
0:0:0:0:0:0:0:1 - - [29/Oct/2020:19:40:38 -0700] "GET /searchCourses HTTP/1.1" 200 925
0:0:0:0:0:0:0:1 - - [29/Oct/2020:19:40:40 -0700] "GET /searchCoursesByArea?area=Computer_Science HTTP/1.1" 200 2579
0:0:0:0:0:0:0:1 - - [29/Oct/2020:19:40:44 -0700] "POST /registerForClassess HTTP/1.1" 302 -
0:0:0:0:0:0:0:1 - - [29/Oct/2020:19:40:44 -0700] "GET /searchCourses HTTP/1.1" 200 925
0:0:0:0:0:0:0:1 - - [29/Oct/2020:19:40:46 -0700] "GET /searchCoursesByArea?area=Computer_Science HTTP/1.1" 200 2579
0:0:0:0:0:0:0:1 - - [29/Oct/2020:19:40:51 -0700] "POST /registerForClassess HTTP/1.1" 302 -
0:0:0:0:0:0:0:1 - - [29/Oct/2020:19:40:51 -0700] "GET /loginSuccessful HTTP/1.1" 200 650
0:0:0:0:0:0:0:1 - - [29/Oct/2020:19:40:53 -0700] "GET /searchCourses HTTP/1.1" 200 857
0:0:0:0:0:0:0:1 - - [29/Oct/2020:19:40:55 -0700] "GET /searchCoursesByArea?area=Computer_Science HTTP/1.1" 200 2579
0:0:0:0:0:0:0:1 - - [29/Oct/2020:19:41:24 -0700] "POST /registerForClassess HTTP/1.1" 302 -
0:0:0:0:0:0:0:1 - - [29/Oct/2020:19:41:24 -0700] "GET /searchCourses HTTP/1.1" 200 925
0:0:0:0:0:0:0:1 - - [29/Oct/2020:19:41:27 -0700] "GET /searchCoursesByArea?area=Computer_Science HTTP/1.1" 200 2579
0:0:0:0:0:0:0:1 - - [29/Oct/2020:19:44:46 -0700] "GET /searchCoursesByArea?area=Computer_Science HTTP/1.1" 200 2579
0:0:0:0:0:0:0:1 - - [29/Oct/2020:19:44:52 -0700] "POST /registerForClassess HTTP/1.1" 302 -
0:0:0:0:0:0:0:1 - - [29/Oct/2020:19:44:52 -0700] "GET /loginSuccessful HTTP/1.1" 200 650
0:0:0:0:0:0:0:1 - - [29/Oct/2020:19:44:53 -0700] "GET /searchCourses HTTP/1.1" 200 857
0:0:0:0:0:0:0:1 - - [29/Oct/2020:19:44:54 -0700] "GET /searchCoursesByArea?area=Computer_Science HTTP/1.1" 200 2579
0:0:0:0:0:0:0:1 - - [29/Oct/2020:19:47:39 -0700] "GET /searchCoursesByArea?area=Computer_Science HTTP/1.1" 200 2579
0:0:0:0:0:0:0:1 - - [29/Oct/2020:19:48:09 -0700] "POST /registerForClassess HTTP/1.1" 302 -
0:0:0:0:0:0:0:1 - - [29/Oct/2020:19:48:09 -0700] "GET /searchCourses HTTP/1.1" 200 953
0:0:0:0:0:0:0:1 - - [29/Oct/2020:19:50:32 -0700] "GET /searchCoursesByArea?area=Computer_Science HTTP/1.1" 200 2579
0:0:0:0:0:0:0:1 - - [29/Oct/2020:19:50:38 -0700] "POST /registerForClassess HTTP/1.1" 302 -
0:0:0:0:0:0:0:1 - - [29/Oct/2020:19:50:38 -0700] "GET /searchCourses HTTP/1.1" 200 953
0:0:0:0:0:0:0:1 - - [29/Oct/2020:19:57:54 -0700] "GET /searchCourses HTTP/1.1" 200 857
0:0:0:0:0:0:0:1 - - [29/Oct/2020:19:57:55 -0700] "GET /searchCoursesByArea?area=Computer_Science HTTP/1.1" 200 2579
0:0:0:0:0:0:0:1 - - [29/Oct/2020:19:58:11 -0700] "POST /registerForClassess HTTP/1.1" 302 -
0:0:0:0:0:0:0:1 - - [29/Oct/2020:19:58:11 -0700] "GET /loginSuccessful HTTP/1.1" 200 650
0:0:0:0:0:0:0:1 - - [29/Oct/2020:19:58:13 -0700] "GET /searchCourses HTTP/1.1" 200 857
0:0:0:0:0:0:0:1 - - [29/Oct/2020:19:58:14 -0700] "GET /searchCoursesByArea?area=Computer_Science HTTP/1.1" 200 2579
0:0:0:0:0:0:0:1 - - [29/Oct/2020:19:58:17 -0700] "POST /registerForClassess HTTP/1.1" 302 -
0:0:0:0:0:0:0:1 - - [29/Oct/2020:19:58:17 -0700] "GET /searchCourses HTTP/1.1" 200 953
0:0:0:0:0:0:0:1 - - [29/Oct/2020:20:18:34 -0700] "GET /searchCourses HTTP/1.1" 200 857
0:0:0:0:0:0:0:1 - - [29/Oct/2020:20:18:35 -0700] "GET /searchCoursesByArea?area=Computer_Science HTTP/1.1" 200 2579
0:0:0:0:0:0:0:1 - - [29/Oct/2020:20:18:37 -0700] "POST /registerForClassess HTTP/1.1" 302 -
0:0:0:0:0:0:0:1 - - [29/Oct/2020:20:18:37 -0700] "GET /loginSuccessful HTTP/1.1" 200 650
0:0:0:0:0:0:0:1 - - [29/Oct/2020:20:18:38 -0700] "GET /searchCourses HTTP/1.1" 200 857
0:0:0:0:0:0:0:1 - - [29/Oct/2020:20:18:40 -0700] "GET /searchCoursesByArea?area=Computer_Science HTTP/1.1" 200 2579
0:0:0:0:0:0:0:1 - - [29/Oct/2020:20:18:44 -0700] "POST /registerForClassess HTTP/1.1" 302 -
0:0:0:0:0:0:0:1 - - [29/Oct/2020:20:18:44 -0700] "GET /searchCourses HTTP/1.1" 200 953
0:0:0:0:0:0:0:1 - - [29/Oct/2020:20:23:13 -0700] "GET /searchCourses HTTP/1.1" 200 857
0:0:0:0:0:0:0:1 - - [29/Oct/2020:20:23:14 -0700] "GET /searchCoursesByArea?area=Computer_Science HTTP/1.1" 200 2579
0:0:0:0:0:0:0:1 - - [29/Oct/2020:20:23:15 -0700] "POST /registerForClassess HTTP/1.1" 302 -
0:0:0:0:0:0:0:1 - - [29/Oct/2020:20:23:15 -0700] "GET /loginSuccessful HTTP/1.1" 200 650
0:0:0:0:0:0:0:1 - - [29/Oct/2020:20:23:16 -0700] "GET /searchCourses HTTP/1.1" 200 857
0:0:0:0:0:0:0:1 - - [29/Oct/2020:20:23:18 -0700] "GET /searchCoursesByArea?area=Computer_Science HTTP/1.1" 200 2579
0:0:0:0:0:0:0:1 - - [29/Oct/2020:20:23:20 -0700] "POST /registerForClassess HTTP/1.1" 302 -
0:0:0:0:0:0:0:1 - - [29/Oct/2020:20:23:20 -0700] "GET /searchCourses HTTP/1.1" 200 953
0:0:0:0:0:0:0:1 - - [29/Oct/2020:20:23:23 -0700] "GET /searchCoursesByArea?area=Computer_Science HTTP/1.1" 200 2579
0:0:0:0:0:0:0:1 - - [29/Oct/2020:20:23:26 -0700] "POST /registerForClassess HTTP/1.1" 302 -
0:0:0:0:0:0:0:1 - - [29/Oct/2020:20:23:26 -0700] "GET /searchCourses HTTP/1.1" 200 925
0:0:0:0:0:0:0:1 - - [29/Oct/2020:20:23:28 -0700] "GET /searchCoursesByArea?area=Computer_Science HTTP/1.1" 200 2579
0:0:0:0:0:0:0:1 - - [29/Oct/2020:20:23:34 -0700] "POST /registerForClassess HTTP/1.1" 302 -
0:0:0:0:0:0:0:1 - - [29/Oct/2020:20:23:34 -0700] "GET /searchCourses HTTP/1.1" 200 925
0:0:0:0:0:0:0:1 - - [29/Oct/2020:20:23:35 -0700] "GET /searchCoursesByArea?area=Computer_Science HTTP/1.1" 200 2579
0:0:0:0:0:0:0:1 - - [29/Oct/2020:20:24:19 -0700] "POST /registerForClassess HTTP/1.1" 302 -
0:0:0:0:0:0:0:1 - - [29/Oct/2020:20:24:20 -0700] "GET /loginSuccessful HTTP/1.1" 200 650
0:0:0:0:0:0:0:1 - - [29/Oct/2020:20:24:39 -0700] "GET /searchCourses HTTP/1.1" 200 857
0:0:0:0:0:0:0:1 - - [29/Oct/2020:20:24:40 -0700] "GET /searchCoursesByArea?area=Computer_Science HTTP/1.1" 200 2579
0:0:0:0:0:0:0:1 - - [29/Oct/2020:20:24:44 -0700] "POST /registerForClassess HTTP/1.1" 302 -
0:0:0:0:0:0:0:1 - - [29/Oct/2020:20:24:44 -0700] "GET /loginSuccessful HTTP/1.1" 200 650
0:0:0:0:0:0:0:1 - - [29/Oct/2020:20:24:45 -0700] "GET /searchCourses HTTP/1.1" 200 857
0:0:0:0:0:0:0:1 - - [29/Oct/2020:20:24:46 -0700] "GET /searchCoursesByArea?area=Computer_Science HTTP/1.1" 200 2579
0:0:0:0:0:0:0:1 - - [29/Oct/2020:20:24:48 -0700] "POST /registerForClassess HTTP/1.1" 302 -
0:0:0:0:0:0:0:1 - - [29/Oct/2020:20:24:48 -0700] "GET /loginSuccessful HTTP/1.1" 200 650
0:0:0:0:0:0:0:1 - - [29/Oct/2020:20:26:33 -0700] "GET /loginSuccessful HTTP/1.1" 200 650
0:0:0:0:0:0:0:1 - - [29/Oct/2020:20:26:35 -0700] "GET /searchCourses HTTP/1.1" 200 857
0:0:0:0:0:0:0:1 - - [29/Oct/2020:20:26:46 -0700] "GET /searchCoursesByArea?area=Computer_Science HTTP/1.1" 200 2579
0:0:0:0:0:0:0:1 - - [29/Oct/2020:20:26:48 -0700] "POST /registerForClassess HTTP/1.1" 302 -
0:0:0:0:0:0:0:1 - - [29/Oct/2020:20:26:48 -0700] "GET /loginSuccessful HTTP/1.1" 200 650
0:0:0:0:0:0:0:1 - - [29/Oct/2020:20:26:49 -0700] "GET /searchCourses HTTP/1.1" 200 857
0:0:0:0:0:0:0:1 - - [29/Oct/2020:20:26:50 -0700] "GET /searchCoursesByArea?area=Computer_Science HTTP/1.1" 200 2579
0:0:0:0:0:0:0:1 - - [29/Oct/2020:20:26:52 -0700] "POST /registerForClassess HTTP/1.1" 302 -
0:0:0:0:0:0:0:1 - - [29/Oct/2020:20:26:52 -0700] "GET /searchCourses HTTP/1.1" 200 953
0:0:0:0:0:0:0:1 - - [29/Oct/2020:20:26:54 -0700] "GET /searchCoursesByArea?area=Computer_Science HTTP/1.1" 200 2579
0:0:0:0:0:0:0:1 - - [29/Oct/2020:20:26:58 -0700] "POST /registerForClassess HTTP/1.1" 302 -
0:0:0:0:0:0:0:1 - - [29/Oct/2020:20:26:58 -0700] "GET /searchCourses HTTP/1.1" 200 953
0:0:0:0:0:0:0:1 - - [29/Oct/2020:20:27:30 -0700] "GET /searchCourses HTTP/1.1" 200 857
0:0:0:0:0:0:0:1 - - [29/Oct/2020:20:27:31 -0700] "GET /searchCoursesByArea?area=Computer_Science HTTP/1.1" 200 2579
0:0:0:0:0:0:0:1 - - [29/Oct/2020:20:27:33 -0700] "POST /registerForClassess HTTP/1.1" 302 -
0:0:0:0:0:0:0:1 - - [29/Oct/2020:20:27:33 -0700] "GET /loginSuccessful HTTP/1.1" 200 650
0:0:0:0:0:0:0:1 - - [29/Oct/2020:20:27:34 -0700] "GET /searchCourses HTTP/1.1" 200 857
0:0:0:0:0:0:0:1 - - [29/Oct/2020:20:27:36 -0700] "GET /searchCoursesByArea?area=Computer_Science HTTP/1.1" 200 2579
0:0:0:0:0:0:0:1 - - [29/Oct/2020:20:27:39 -0700] "POST /registerForClassess HTTP/1.1" 302 -
0:0:0:0:0:0:0:1 - - [29/Oct/2020:20:27:39 -0700] "GET /searchCourses HTTP/1.1" 200 953
0:0:0:0:0:0:0:1 - - [29/Oct/2020:20:28:01 -0700] "GET /searchCourses HTTP/1.1" 200 857
0:0:0:0:0:0:0:1 - - [29/Oct/2020:20:28:01 -0700] "GET /searchCoursesByArea?area=Computer_Science HTTP/1.1" 200 2579
0:0:0:0:0:0:0:1 - - [29/Oct/2020:20:28:03 -0700] "POST /registerForClassess HTTP/1.1" 302 -
0:0:0:0:0:0:0:1 - - [29/Oct/2020:20:28:03 -0700] "GET /loginSuccessful HTTP/1.1" 200 650
0:0:0:0:0:0:0:1 - - [29/Oct/2020:20:28:04 -0700] "GET /searchCourses HTTP/1.1" 200 857
0:0:0:0:0:0:0:1 - - [29/Oct/2020:20:28:05 -0700] "GET /searchCoursesByArea?area=Computer_Science HTTP/1.1" 200 2579
0:0:0:0:0:0:0:1 - - [29/Oct/2020:20:28:07 -0700] "POST /registerForClassess HTTP/1.1" 302 -
0:0:0:0:0:0:0:1 - - [29/Oct/2020:20:28:07 -0700] "GET /searchCourses HTTP/1.1" 200 953
0:0:0:0:0:0:0:1 - - [29/Oct/2020:20:34:19 -0700] "GET /searchCourses HTTP/1.1" 200 857
0:0:0:0:0:0:0:1 - - [29/Oct/2020:20:34:20 -0700] "GET /searchCoursesByArea?area=Computer_Science HTTP/1.1" 200 2579
0:0:0:0:0:0:0:1 - - [29/Oct/2020:20:34:26 -0700] "POST /registerForClassess HTTP/1.1" 302 -
0:0:0:0:0:0:0:1 - - [29/Oct/2020:20:34:26 -0700] "GET /loginSuccessful HTTP/1.1" 200 650
0:0:0:0:0:0:0:1 - - [29/Oct/2020:20:34:26 -0700] "GET /searchCourses HTTP/1.1" 200 857
0:0:0:0:0:0:0:1 - - [29/Oct/2020:20:34:27 -0700] "GET /searchCoursesByArea?area=Computer_Science HTTP/1.1" 200 2579
0:0:0:0:0:0:0:1 - - [29/Oct/2020:20:34:29 -0700] "POST /registerForClassess HTTP/1.1" 302 -
0:0:0:0:0:0:0:1 - - [29/Oct/2020:20:34:29 -0700] "GET /searchCourses HTTP/1.1" 200 953
0:0:0:0:0:0:0:1 - - [29/Oct/2020:20:34:43 -0700] "GET /searchCoursesByArea?area=Computer_Science HTTP/1.1" 200 2579
0:0:0:0:0:0:0:1 - - [29/Oct/2020:20:34:55 -0700] "POST /registerForClassess HTTP/1.1" 302 -
0:0:0:0:0:0:0:1 - - [29/Oct/2020:20:34:55 -0700] "GET /searchCourses HTTP/1.1" 200 953
0:0:0:0:0:0:0:1 - - [29/Oct/2020:20:34:58 -0700] "GET /searchCoursesByArea?area=Computer_Science HTTP/1.1" 200 2579
0:0:0:0:0:0:0:1 - - [29/Oct/2020:20:35:37 -0700] "POST /registerForClassess HTTP/1.1" 302 -
0:0:0:0:0:0:0:1 - - [29/Oct/2020:20:35:37 -0700] "GET /loginSuccessful HTTP/1.1" 200 650
0:0:0:0:0:0:0:1 - - [29/Oct/2020:20:35:38 -0700] "GET /searchCourses HTTP/1.1" 200 857
0:0:0:0:0:0:0:1 - - [29/Oct/2020:20:35:40 -0700] "GET /searchCoursesByArea?area=Computer_Science HTTP/1.1" 200 2579
0:0:0:0:0:0:0:1 - - [29/Oct/2020:20:36:08 -0700] "POST /registerForClassess HTTP/1.1" 302 -
0:0:0:0:0:0:0:1 - - [29/Oct/2020:20:36:08 -0700] "GET /searchCourses HTTP/1.1" 200 953
0:0:0:0:0:0:0:1 - - [29/Oct/2020:20:36:12 -0700] "GET /searchCoursesByArea?area=Computer_Science HTTP/1.1" 200 2579
0:0:0:0:0:0:0:1 - - [29/Oct/2020:20:36:16 -0700] "POST /registerForClassess HTTP/1.1" 302 -
0:0:0:0:0:0:0:1 - - [29/Oct/2020:20:36:16 -0700] "GET /searchCourses HTTP/1.1" 200 953
0:0:0:0:0:0:0:1 - - [29/Oct/2020:20:36:20 -0700] "GET /searchCoursesByArea?area=Computer_Science HTTP/1.1" 200 2579
0:0:0:0:0:0:0:1 - - [29/Oct/2020:20:37:06 -0700] "POST /registerForClassess HTTP/1.1" 302 -
0:0:0:0:0:0:0:1 - - [29/Oct/2020:20:37:06 -0700] "GET /searchCourses HTTP/1.1" 200 953
0:0:0:0:0:0:0:1 - - [29/Oct/2020:20:39:17 -0700] "GET /searchCourses HTTP/1.1" 200 857
0:0:0:0:0:0:0:1 - - [29/Oct/2020:20:39:18 -0700] "GET /searchCoursesByArea?area=Computer_Science HTTP/1.1" 200 2579
0:0:0:0:0:0:0:1 - - [29/Oct/2020:20:39:20 -0700] "POST /registerForClassess HTTP/1.1" 302 -
0:0:0:0:0:0:0:1 - - [29/Oct/2020:20:39:20 -0700] "GET /loginSuccessful HTTP/1.1" 200 650
0:0:0:0:0:0:0:1 - - [29/Oct/2020:20:39:22 -0700] "GET /searchCourses HTTP/1.1" 200 857
0:0:0:0:0:0:0:1 - - [29/Oct/2020:20:39:23 -0700] "GET /searchCoursesByArea?area=Computer_Science HTTP/1.1" 200 2579
0:0:0:0:0:0:0:1 - - [29/Oct/2020:20:39:26 -0700] "POST /registerForClassess HTTP/1.1" 302 -
0:0:0:0:0:0:0:1 - - [29/Oct/2020:20:39:26 -0700] "GET /searchCourses HTTP/1.1" 200 953
0:0:0:0:0:0:0:1 - - [29/Oct/2020:20:39:29 -0700] "GET /searchCoursesByArea?area=Computer_Science HTTP/1.1" 200 2579
0:0:0:0:0:0:0:1 - - [29/Oct/2020:20:39:35 -0700] "POST /registerForClassess HTTP/1.1" 302 -
0:0:0:0:0:0:0:1 - - [29/Oct/2020:20:39:35 -0700] "GET /searchCourses HTTP/1.1" 200 953
0:0:0:0:0:0:0:1 - - [29/Oct/2020:20:39:40 -0700] "GET /searchCoursesByArea?area=Computer_Science HTTP/1.1" 200 2579
0:0:0:0:0:0:0:1 - - [29/Oct/2020:20:40:00 -0700] "GET /searchCoursesByArea?area=Computer_Science HTTP/1.1" 200 2579
0:0:0:0:0:0:0:1 - - [29/Oct/2020:20:40:05 -0700] "GET /login HTTP/1.1" 200 1657
0:0:0:0:0:0:0:1 - - [29/Oct/2020:20:40:06 -0700] "GET /login HTTP/1.1" 200 1657
0:0:0:0:0:0:0:1 - - [29/Oct/2020:20:40:09 -0700] "POST /doLogin HTTP/1.1" 302 -
0:0:0:0:0:0:0:1 - - [29/Oct/2020:20:40:09 -0700] "GET /loginSuccessful HTTP/1.1" 200 650
0:0:0:0:0:0:0:1 - - [29/Oct/2020:20:40:11 -0700] "GET /searchCourses HTTP/1.1" 200 857
0:0:0:0:0:0:0:1 - - [29/Oct/2020:20:40:42 -0700] "GET /searchCoursesByArea?area=Computer_Science HTTP/1.1" 200 2579
0:0:0:0:0:0:0:1 - - [29/Oct/2020:20:40:48 -0700] "POST /registerForClassess HTTP/1.1" 302 -
0:0:0:0:0:0:0:1 - - [29/Oct/2020:20:40:48 -0700] "GET /searchCourses HTTP/1.1" 200 953
0:0:0:0:0:0:0:1 - - [29/Oct/2020:20:43:15 -0700] "GET /searchCourses HTTP/1.1" 200 857
0:0:0:0:0:0:0:1 - - [29/Oct/2020:20:43:16 -0700] "GET /searchCoursesByArea?area=Computer_Science HTTP/1.1" 200 2579
0:0:0:0:0:0:0:1 - - [29/Oct/2020:20:43:18 -0700] "POST /registerForClassess HTTP/1.1" 302 -
0:0:0:0:0:0:0:1 - - [29/Oct/2020:20:43:18 -0700] "GET /loginSuccessful HTTP/1.1" 200 650
0:0:0:0:0:0:0:1 - - [29/Oct/2020:20:43:20 -0700] "GET /searchCourses HTTP/1.1" 200 857
0:0:0:0:0:0:0:1 - - [29/Oct/2020:20:43:21 -0700] "GET /searchCoursesByArea?area=Computer_Science HTTP/1.1" 200 2579
0:0:0:0:0:0:0:1 - - [29/Oct/2020:20:43:23 -0700] "POST /registerForClassess HTTP/1.1" 302 -
0:0:0:0:0:0:0:1 - - [29/Oct/2020:20:43:23 -0700] "GET /searchCourses HTTP/1.1" 200 953
0:0:0:0:0:0:0:1 - - [29/Oct/2020:20:43:27 -0700] "GET /searchCoursesByArea?area=Computer_Science HTTP/1.1" 200 2579
0:0:0:0:0:0:0:1 - - [29/Oct/2020:20:43:29 -0700] "POST /registerForClassess HTTP/1.1" 302 -
0:0:0:0:0:0:0:1 - - [29/Oct/2020:20:43:29 -0700] "GET /searchCourses HTTP/1.1" 200 953
0:0:0:0:0:0:0:1 - - [29/Oct/2020:20:44:17 -0700] "GET /searchCoursesByArea?area=Computer_Science HTTP/1.1" 200 2579
0:0:0:0:0:0:0:1 - - [29/Oct/2020:20:44:32 -0700] "POST /registerForClassess HTTP/1.1" 302 -
0:0:0:0:0:0:0:1 - - [29/Oct/2020:20:44:32 -0700] "GET /searchCourses HTTP/1.1" 200 953
0:0:0:0:0:0:0:1 - - [29/Oct/2020:20:44:36 -0700] "GET /searchCoursesByArea?area=Computer_Science HTTP/1.1" 200 2579
0:0:0:0:0:0:0:1 - - [29/Oct/2020:20:44:39 -0700] "POST /registerForClassess HTTP/1.1" 302 -
0:0:0:0:0:0:0:1 - - [29/Oct/2020:20:44:39 -0700] "GET /searchCourses HTTP/1.1" 200 953
0:0:0:0:0:0:0:1 - - [29/Oct/2020:20:48:44 -0700] "GET /searchCourses HTTP/1.1" 200 857
0:0:0:0:0:0:0:1 - - [29/Oct/2020:20:48:45 -0700] "GET /searchCoursesByArea?area=Computer_Science HTTP/1.1" 200 2579
0:0:0:0:0:0:0:1 - - [29/Oct/2020:20:48:47 -0700] "POST /registerForClassess HTTP/1.1" 302 -
0:0:0:0:0:0:0:1 - - [29/Oct/2020:20:48:47 -0700] "GET /loginSuccessful HTTP/1.1" 200 650
0:0:0:0:0:0:0:1 - - [29/Oct/2020:20:48:48 -0700] "GET /searchCourses HTTP/1.1" 200 857
0:0:0:0:0:0:0:1 - - [29/Oct/2020:20:48:49 -0700] "GET /searchCoursesByArea?area=Computer_Science HTTP/1.1" 200 2579
0:0:0:0:0:0:0:1 - - [29/Oct/2020:20:48:53 -0700] "POST /registerForClassess HTTP/1.1" 302 -
0:0:0:0:0:0:0:1 - - [29/Oct/2020:20:48:53 -0700] "GET /searchCourses HTTP/1.1" 200 953
0:0:0:0:0:0:0:1 - - [29/Oct/2020:20:49:16 -0700] "GET /searchCoursesByArea?area=Computer_Science HTTP/1.1" 200 2579
0:0:0:0:0:0:0:1 - - [29/Oct/2020:20:49:19 -0700] "POST /registerForClassess HTTP/1.1" 302 -
0:0:0:0:0:0:0:1 - - [29/Oct/2020:20:49:19 -0700] "GET /searchCourses HTTP/1.1" 200 953
0:0:0:0:0:0:0:1 - - [29/Oct/2020:20:49:47 -0700] "GET /searchCourses HTTP/1.1" 200 857
0:0:0:0:0:0:0:1 - - [29/Oct/2020:20:49:49 -0700] "GET /searchCoursesByArea?area=Computer_Science HTTP/1.1" 200 2579
0:0:0:0:0:0:0:1 - - [29/Oct/2020:20:49:51 -0700] "POST /registerForClassess HTTP/1.1" 302 -
0:0:0:0:0:0:0:1 - - [29/Oct/2020:20:49:51 -0700] "GET /searchCourses HTTP/1.1" 200 953
0:0:0:0:0:0:0:1 - - [29/Oct/2020:21:05:55 -0700] "GET /searchCourses HTTP/1.1" 200 857
0:0:0:0:0:0:0:1 - - [29/Oct/2020:21:11:16 -0700] "GET /login HTTP/1.1" 200 1657
0:0:0:0:0:0:0:1 - - [29/Oct/2020:21:11:18 -0700] "GET /signup HTTP/1.1" 200 4862
0:0:0:0:0:0:0:1 - - [29/Oct/2020:21:11:18 -0700] "GET /js/pwstrength.js HTTP/1.1" 200 -
0:0:0:0:0:0:0:1 - - [29/Oct/2020:21:11:18 -0700] "GET /js/jquery-1.7.2.js HTTP/1.1" 200 293292
0:0:0:0:0:0:0:1 - - [29/Oct/2020:21:11:32 -0700] "POST /signup HTTP/1.1" 302 -
0:0:0:0:0:0:0:1 - - [29/Oct/2020:21:11:32 -0700] "GET /login HTTP/1.1" 200 1740
0:0:0:0:0:0:0:1 - - [29/Oct/2020:21:11:39 -0700] "GET /signup HTTP/1.1" 200 4862
0:0:0:0:0:0:0:1 - - [29/Oct/2020:21:11:39 -0700] "GET /js/pwstrength.js HTTP/1.1" 200 -
0:0:0:0:0:0:0:1 - - [29/Oct/2020:21:11:39 -0700] "GET /js/jquery-1.7.2.js HTTP/1.1" 200 293292
0:0:0:0:0:0:0:1 - - [29/Oct/2020:21:11:49 -0700] "GET /registrationConfirm?token=168f5bec-2be5-4268-b0a1-1db21b4314bc HTTP/1.1" 302 -
0:0:0:0:0:0:0:1 - - [29/Oct/2020:21:11:49 -0700] "GET /login HTTP/1.1" 200 1730
0:0:0:0:0:0:0:1 - - [29/Oct/2020:21:11:52 -0700] "POST /signup HTTP/1.1" 302 -
0:0:0:0:0:0:0:1 - - [29/Oct/2020:21:11:52 -0700] "GET /login HTTP/1.1" 200 1740
0:0:0:0:0:0:0:1 - - [29/Oct/2020:21:11:59 -0700] "GET /registrationConfirm?token=312774b3-6d19-4ba6-a3a7-3d9bcf16511c HTTP/1.1" 302 -
0:0:0:0:0:0:0:1 - - [29/Oct/2020:21:11:59 -0700] "GET /login HTTP/1.1" 200 1730
0:0:0:0:0:0:0:1 - - [29/Oct/2020:21:12:03 -0700] "GET /login HTTP/1.1" 200 1657
0:0:0:0:0:0:0:1 - - [29/Oct/2020:21:12:06 -0700] "POST /doLogin HTTP/1.1" 302 -
0:0:0:0:0:0:0:1 - - [29/Oct/2020:21:12:06 -0700] "GET /loginSuccessful HTTP/1.1" 200 650
0:0:0:0:0:0:0:1 - - [29/Oct/2020:21:12:08 -0700] "GET /searchCourses HTTP/1.1" 200 857
0:0:0:0:0:0:0:1 - - [29/Oct/2020:21:12:09 -0700] "GET /searchCoursesByArea?area=Computer_Science HTTP/1.1" 200 2579
0:0:0:0:0:0:0:1 - - [29/Oct/2020:21:12:10 -0700] "POST /registerForClassess HTTP/1.1" 302 -
0:0:0:0:0:0:0:1 - - [29/Oct/2020:21:12:10 -0700] "GET /loginSuccessful HTTP/1.1" 200 650
0:0:0:0:0:0:0:1 - - [29/Oct/2020:21:12:23 -0700] "GET /searchCourses HTTP/1.1" 200 857
0:0:0:0:0:0:0:1 - - [29/Oct/2020:21:12:24 -0700] "GET /searchCoursesByArea?area=Computer_Science HTTP/1.1" 200 2579
0:0:0:0:0:0:0:1 - - [29/Oct/2020:21:12:26 -0700] "POST /registerForClassess HTTP/1.1" 302 -
0:0:0:0:0:0:0:1 - - [29/Oct/2020:21:12:26 -0700] "GET /searchCourses HTTP/1.1" 200 953
0:0:0:0:0:0:0:1 - - [29/Oct/2020:21:18:41 -0700] "GET /searchCourses HTTP/1.1" 200 857
0:0:0:0:0:0:0:1 - - [29/Oct/2020:21:18:42 -0700] "GET /searchCoursesByArea?area=Computer_Science HTTP/1.1" 200 2579
0:0:0:0:0:0:0:1 - - [29/Oct/2020:21:18:44 -0700] "POST /registerForClassess HTTP/1.1" 302 -
0:0:0:0:0:0:0:1 - - [29/Oct/2020:21:18:44 -0700] "GET /loginSuccessful HTTP/1.1" 200 650
0:0:0:0:0:0:0:1 - - [29/Oct/2020:21:18:54 -0700] "GET /searchCourses HTTP/1.1" 200 857
0:0:0:0:0:0:0:1 - - [29/Oct/2020:21:18:56 -0700] "GET /searchCoursesByArea?area=Computer_Science HTTP/1.1" 200 2579
0:0:0:0:0:0:0:1 - - [29/Oct/2020:21:18:57 -0700] "POST /registerForClassess HTTP/1.1" 302 -
0:0:0:0:0:0:0:1 - - [29/Oct/2020:21:18:57 -0700] "GET /searchCourses HTTP/1.1" 200 953
0:0:0:0:0:0:0:1 - - [29/Oct/2020:21:19:03 -0700] "GET /searchCoursesByArea?area=Computer_Science HTTP/1.1" 200 2579
0:0:0:0:0:0:0:1 - - [29/Oct/2020:21:19:12 -0700] "POST /registerForClassess HTTP/1.1" 302 -
0:0:0:0:0:0:0:1 - - [29/Oct/2020:21:19:12 -0700] "GET /searchCourses HTTP/1.1" 200 953
0:0:0:0:0:0:0:1 - - [29/Oct/2020:21:19:14 -0700] "GET /searchCoursesByArea?area=Computer_Science HTTP/1.1" 200 2579
0:0:0:0:0:0:0:1 - - [29/Oct/2020:21:19:19 -0700] "POST /registerForClassess HTTP/1.1" 302 -
0:0:0:0:0:0:0:1 - - [29/Oct/2020:21:19:19 -0700] "GET /searchCourses HTTP/1.1" 200 925
0:0:0:0:0:0:0:1 - - [29/Oct/2020:21:19:21 -0700] "GET /searchCoursesByArea?area=Computer_Science HTTP/1.1" 200 2579
0:0:0:0:0:0:0:1 - - [29/Oct/2020:21:19:23 -0700] "POST /registerForClassess HTTP/1.1" 302 -
0:0:0:0:0:0:0:1 - - [29/Oct/2020:21:19:23 -0700] "GET /searchCourses HTTP/1.1" 200 953
0:0:0:0:0:0:0:1 - - [29/Oct/2020:21:19:25 -0700] "GET /searchCoursesByArea?area=Computer_Science HTTP/1.1" 200 2579
0:0:0:0:0:0:0:1 - - [29/Oct/2020:21:19:27 -0700] "POST /registerForClassess HTTP/1.1" 302 -
0:0:0:0:0:0:0:1 - - [29/Oct/2020:21:19:27 -0700] "GET /searchCourses HTTP/1.1" 200 953
0:0:0:0:0:0:0:1 - - [29/Oct/2020:21:19:46 -0700] "GET /searchCourses HTTP/1.1" 200 857
0:0:0:0:0:0:0:1 - - [29/Oct/2020:21:19:48 -0700] "GET /searchCoursesByArea?area=Computer_Science HTTP/1.1" 200 2579
0:0:0:0:0:0:0:1 - - [29/Oct/2020:21:19:54 -0700] "POST /registerForClassess HTTP/1.1" 302 -
0:0:0:0:0:0:0:1 - - [29/Oct/2020:21:19:54 -0700] "GET /searchCourses HTTP/1.1" 200 953
0:0:0:0:0:0:0:1 - - [29/Oct/2020:21:58:24 -0700] "GET /searchCourses HTTP/1.1" 302 -
0:0:0:0:0:0:0:1 - - [29/Oct/2020:21:58:24 -0700] "GET /login HTTP/1.1" 200 1657
0:0:0:0:0:0:0:1 - - [29/Oct/2020:21:58:28 -0700] "POST /doLogin HTTP/1.1" 302 -
0:0:0:0:0:0:0:1 - - [29/Oct/2020:21:58:28 -0700] "GET /loginSuccessful HTTP/1.1" 200 650
0:0:0:0:0:0:0:1 - - [29/Oct/2020:21:58:29 -0700] "GET /searchCourses HTTP/1.1" 200 857
0:0:0:0:0:0:0:1 - - [29/Oct/2020:21:58:31 -0700] "GET /searchCoursesByArea?area=Computer_Science HTTP/1.1" 200 2579
0:0:0:0:0:0:0:1 - - [29/Oct/2020:21:58:36 -0700] "POST /registerForClassess HTTP/1.1" 302 -
0:0:0:0:0:0:0:1 - - [29/Oct/2020:21:58:36 -0700] "GET /loginSuccessful HTTP/1.1" 200 650
0:0:0:0:0:0:0:1 - - [29/Oct/2020:21:58:37 -0700] "GET /searchCourses HTTP/1.1" 200 857
0:0:0:0:0:0:0:1 - - [29/Oct/2020:21:58:38 -0700] "GET /searchCoursesByArea?area=Computer_Science HTTP/1.1" 200 2579
0:0:0:0:0:0:0:1 - - [29/Oct/2020:21:58:41 -0700] "POST /registerForClassess HTTP/1.1" 302 -
0:0:0:0:0:0:0:1 - - [29/Oct/2020:21:58:41 -0700] "GET /searchCourses HTTP/1.1" 200 953
0:0:0:0:0:0:0:1 - - [29/Oct/2020:21:58:47 -0700] "GET /searchCoursesByArea?area=Computer_Science HTTP/1.1" 200 2579
0:0:0:0:0:0:0:1 - - [29/Oct/2020:21:58:51 -0700] "POST /registerForClassess HTTP/1.1" 302 -
0:0:0:0:0:0:0:1 - - [29/Oct/2020:21:58:51 -0700] "GET /searchCourses HTTP/1.1" 200 953
