0:0:0:0:0:0:0:1 - - [19/Oct/2020:00:01:08 -0700] "GET /login HTTP/1.1" 200 1657
0:0:0:0:0:0:0:1 - - [19/Oct/2020:00:01:36 -0700] "GET /login HTTP/1.1" 200 1657
0:0:0:0:0:0:0:1 - - [19/Oct/2020:00:01:41 -0700] "POST /doLogin HTTP/1.1" 302 -
0:0:0:0:0:0:0:1 - - [19/Oct/2020:00:01:41 -0700] "GET /loginSuccessful HTTP/1.1" 200 597
0:0:0:0:0:0:0:1 - - [19/Oct/2020:00:01:42 -0700] "GET /searchCourses HTTP/1.1" 200 547
0:0:0:0:0:0:0:1 - - [19/Oct/2020:00:01:43 -0700] "GET /searchCoursesByTitle?title=COMSC-75 HTTP/1.1" 200 1621
0:0:0:0:0:0:0:1 - - [19/Oct/2020:00:01:44 -0700] "GET /registerForClassess?regIdClasses=10101 HTTP/1.1" 500 14913
0:0:0:0:0:0:0:1 - - [19/Oct/2020:00:55:40 -0700] "GET /login HTTP/1.1" 200 1657
0:0:0:0:0:0:0:1 - - [19/Oct/2020:00:55:40 -0700] "GET /login HTTP/1.1" 200 1657
0:0:0:0:0:0:0:1 - - [19/Oct/2020:00:55:43 -0700] "POST /doLogin HTTP/1.1" 302 -
0:0:0:0:0:0:0:1 - - [19/Oct/2020:00:55:43 -0700] "GET /loginSuccessful HTTP/1.1" 200 597
0:0:0:0:0:0:0:1 - - [19/Oct/2020:00:55:44 -0700] "GET /searchCourses HTTP/1.1" 200 547
0:0:0:0:0:0:0:1 - - [19/Oct/2020:00:55:45 -0700] "GET /searchCoursesByTitle?title=COMSC-75 HTTP/1.1" 200 1621
0:0:0:0:0:0:0:1 - - [19/Oct/2020:00:55:46 -0700] "GET /registerForClassess?regIdClasses=10101 HTTP/1.1" 302 -
0:0:0:0:0:0:0:1 - - [19/Oct/2020:00:55:46 -0700] "GET /loginSuccessful HTTP/1.1" 200 597
0:0:0:0:0:0:0:1 - - [19/Oct/2020:00:56:34 -0700] "GET /login HTTP/1.1" 200 1657
0:0:0:0:0:0:0:1 - - [19/Oct/2020:00:56:37 -0700] "POST /doLogin HTTP/1.1" 302 -
0:0:0:0:0:0:0:1 - - [19/Oct/2020:00:56:37 -0700] "GET /loginSuccessful HTTP/1.1" 200 597
0:0:0:0:0:0:0:1 - - [19/Oct/2020:00:56:38 -0700] "GET /searchCourses HTTP/1.1" 200 547
0:0:0:0:0:0:0:1 - - [19/Oct/2020:00:56:39 -0700] "GET /searchCoursesByTitle?title=COMSC-75 HTTP/1.1" 200 1621
0:0:0:0:0:0:0:1 - - [19/Oct/2020:00:56:42 -0700] "GET /registerForClassess?regIdClasses=10101 HTTP/1.1" 500 14913
0:0:0:0:0:0:0:1 - - [19/Oct/2020:00:57:03 -0700] "GET /login HTTP/1.1" 200 1657
0:0:0:0:0:0:0:1 - - [19/Oct/2020:00:57:06 -0700] "POST /doLogin HTTP/1.1" 302 -
0:0:0:0:0:0:0:1 - - [19/Oct/2020:00:57:06 -0700] "GET /loginSuccessful HTTP/1.1" 200 597
0:0:0:0:0:0:0:1 - - [19/Oct/2020:00:57:07 -0700] "GET /searchCourses HTTP/1.1" 200 547
0:0:0:0:0:0:0:1 - - [19/Oct/2020:00:57:08 -0700] "GET /searchCoursesByTitle?title=COMSC-75 HTTP/1.1" 200 1621
0:0:0:0:0:0:0:1 - - [19/Oct/2020:00:57:10 -0700] "GET /registerForClassess?regIdClasses=10101&regIdClasses=10102 HTTP/1.1" 302 -
0:0:0:0:0:0:0:1 - - [19/Oct/2020:00:57:10 -0700] "GET /loginSuccessful HTTP/1.1" 200 597
0:0:0:0:0:0:0:1 - - [19/Oct/2020:01:51:30 -0700] "GET /login HTTP/1.1" 200 1657
0:0:0:0:0:0:0:1 - - [19/Oct/2020:01:51:31 -0700] "GET /login HTTP/1.1" 200 1657
0:0:0:0:0:0:0:1 - - [19/Oct/2020:01:51:34 -0700] "POST /doLogin HTTP/1.1" 302 -
0:0:0:0:0:0:0:1 - - [19/Oct/2020:01:51:34 -0700] "GET /loginSuccessful HTTP/1.1" 200 597
0:0:0:0:0:0:0:1 - - [19/Oct/2020:01:51:35 -0700] "GET /searchCourses HTTP/1.1" 200 547
0:0:0:0:0:0:0:1 - - [19/Oct/2020:01:51:36 -0700] "GET /searchCoursesByTitle?title=COMSC-75 HTTP/1.1" 200 1621
0:0:0:0:0:0:0:1 - - [19/Oct/2020:01:51:37 -0700] "GET /registerForClassess?regIdClasses=10101 HTTP/1.1" 302 -
0:0:0:0:0:0:0:1 - - [19/Oct/2020:01:51:37 -0700] "GET /loginSuccessful HTTP/1.1" 200 597
0:0:0:0:0:0:0:1 - - [19/Oct/2020:02:01:08 -0700] "GET /searchCourses HTTP/1.1" 200 547
0:0:0:0:0:0:0:1 - - [19/Oct/2020:02:01:09 -0700] "GET /searchCoursesByTitle?title=COMSC-75 HTTP/1.1" 200 1621
0:0:0:0:0:0:0:1 - - [19/Oct/2020:02:01:11 -0700] "GET /registerForClassess?regIdClasses=10101 HTTP/1.1" 302 -
0:0:0:0:0:0:0:1 - - [19/Oct/2020:02:01:11 -0700] "GET /loginSuccessful HTTP/1.1" 200 597
0:0:0:0:0:0:0:1 - - [19/Oct/2020:02:01:19 -0700] "GET /searchCourses HTTP/1.1" 200 547
0:0:0:0:0:0:0:1 - - [19/Oct/2020:02:01:20 -0700] "GET /searchCoursesByTitle?title=COMSC-75 HTTP/1.1" 200 1621
0:0:0:0:0:0:0:1 - - [19/Oct/2020:02:01:22 -0700] "GET /registerForClassess?regIdClasses=10101 HTTP/1.1" 302 -
0:0:0:0:0:0:0:1 - - [19/Oct/2020:02:01:22 -0700] "GET /loginSuccessful HTTP/1.1" 200 597
0:0:0:0:0:0:0:1 - - [19/Oct/2020:02:01:35 -0700] "GET /getAllRequiredBooks HTTP/1.1" 500 15595
0:0:0:0:0:0:0:1 - - [19/Oct/2020:02:03:05 -0700] "GET /loginSuccessful HTTP/1.1" 200 597
0:0:0:0:0:0:0:1 - - [19/Oct/2020:02:03:06 -0700] "GET /loginSuccessful HTTP/1.1" 200 597
0:0:0:0:0:0:0:1 - - [19/Oct/2020:02:03:07 -0700] "GET /searchCourses HTTP/1.1" 200 547
0:0:0:0:0:0:0:1 - - [19/Oct/2020:02:03:08 -0700] "GET /searchCoursesByTitle?title=COMSC-75 HTTP/1.1" 200 1621
0:0:0:0:0:0:0:1 - - [19/Oct/2020:02:03:09 -0700] "GET /registerForClassess?regIdClasses=10101 HTTP/1.1" 302 -
0:0:0:0:0:0:0:1 - - [19/Oct/2020:02:03:09 -0700] "GET /loginSuccessful HTTP/1.1" 200 597
0:0:0:0:0:0:0:1 - - [19/Oct/2020:02:03:17 -0700] "GET /getAllRequiredBooks HTTP/1.1" 200 1446
0:0:0:0:0:0:0:1 - - [19/Oct/2020:02:04:54 -0700] "GET /loginSuccessful HTTP/1.1" 200 597
0:0:0:0:0:0:0:1 - - [19/Oct/2020:02:04:55 -0700] "GET /loginSuccessful HTTP/1.1" 200 597
0:0:0:0:0:0:0:1 - - [19/Oct/2020:02:04:57 -0700] "GET /searchBook HTTP/1.1" 200 678
0:0:0:0:0:0:0:1 - - [19/Oct/2020:02:04:59 -0700] "GET /searchBookByTitleOrAuthor?argument=Java HTTP/1.1" 200 1873
0:0:0:0:0:0:0:1 - - [19/Oct/2020:02:05:48 -0700] "GET /login HTTP/1.1" 200 1657
0:0:0:0:0:0:0:1 - - [19/Oct/2020:02:05:48 -0700] "GET /login HTTP/1.1" 200 1657
0:0:0:0:0:0:0:1 - - [19/Oct/2020:02:05:51 -0700] "POST /doLogin HTTP/1.1" 302 -
0:0:0:0:0:0:0:1 - - [19/Oct/2020:02:05:51 -0700] "GET /loginSuccessful HTTP/1.1" 200 597
0:0:0:0:0:0:0:1 - - [19/Oct/2020:02:05:52 -0700] "GET /searchBook HTTP/1.1" 200 678
0:0:0:0:0:0:0:1 - - [19/Oct/2020:02:05:53 -0700] "GET /searchBookByTitleOrAuthor?argument=Java HTTP/1.1" 200 1446
0:0:0:0:0:0:0:1 - - [19/Oct/2020:02:05:55 -0700] "GET /searchBook HTTP/1.1" 200 678
0:0:0:0:0:0:0:1 - - [19/Oct/2020:02:06:45 -0700] "GET /login HTTP/1.1" 200 1657
0:0:0:0:0:0:0:1 - - [19/Oct/2020:02:06:49 -0700] "POST /doLogin HTTP/1.1" 302 -
0:0:0:0:0:0:0:1 - - [19/Oct/2020:02:06:49 -0700] "GET /loginSuccessful HTTP/1.1" 200 597
0:0:0:0:0:0:0:1 - - [19/Oct/2020:02:06:50 -0700] "GET /searchBook HTTP/1.1" 200 678
0:0:0:0:0:0:0:1 - - [19/Oct/2020:02:06:52 -0700] "GET /searchBookByTitleOrAuthor?argument=Java HTTP/1.1" 200 1446
0:0:0:0:0:0:0:1 - - [19/Oct/2020:02:06:55 -0700] "GET /searchBook HTTP/1.1" 200 678
0:0:0:0:0:0:0:1 - - [19/Oct/2020:02:07:17 -0700] "GET /searchBook HTTP/1.1" 200 678
0:0:0:0:0:0:0:1 - - [19/Oct/2020:02:07:18 -0700] "GET /searchBookByTitleOrAuthor?argument=Java HTTP/1.1" 200 1446
0:0:0:0:0:0:0:1 - - [19/Oct/2020:02:07:20 -0700] "GET /searchBook HTTP/1.1" 200 678
0:0:0:0:0:0:0:1 - - [19/Oct/2020:02:07:20 -0700] "GET /loginSuccessful HTTP/1.1" 200 597
0:0:0:0:0:0:0:1 - - [19/Oct/2020:02:07:21 -0700] "GET /getAllRequiredBooks HTTP/1.1" 302 -
0:0:0:0:0:0:0:1 - - [19/Oct/2020:02:07:21 -0700] "GET /loginSuccessful HTTP/1.1" 200 597
0:0:0:0:0:0:0:1 - - [19/Oct/2020:02:20:36 -0700] "GET /loginSuccessful HTTP/1.1" 200 688
0:0:0:0:0:0:0:1 - - [19/Oct/2020:02:45:25 -0700] "GET /login HTTP/1.1" 200 1657
0:0:0:0:0:0:0:1 - - [19/Oct/2020:02:45:25 -0700] "GET /login HTTP/1.1" 200 1657
0:0:0:0:0:0:0:1 - - [19/Oct/2020:02:45:28 -0700] "POST /doLogin HTTP/1.1" 302 -
0:0:0:0:0:0:0:1 - - [19/Oct/2020:02:45:28 -0700] "GET /loginSuccessful HTTP/1.1" 200 689
0:0:0:0:0:0:0:1 - - [19/Oct/2020:02:45:30 -0700] "GET /dropClasses HTTP/1.1" 404 306
0:0:0:0:0:0:0:1 - - [19/Oct/2020:02:46:46 -0700] "GET /login HTTP/1.1" 200 1657
0:0:0:0:0:0:0:1 - - [19/Oct/2020:02:46:49 -0700] "POST /doLogin HTTP/1.1" 302 -
0:0:0:0:0:0:0:1 - - [19/Oct/2020:02:46:49 -0700] "GET /loginSuccessful HTTP/1.1" 200 689
0:0:0:0:0:0:0:1 - - [19/Oct/2020:02:46:50 -0700] "GET /dropClasses HTTP/1.1" 200 882
0:0:0:0:0:0:0:1 - - [19/Oct/2020:02:47:03 -0700] "GET /dropClasses HTTP/1.1" 200 878
0:0:0:0:0:0:0:1 - - [19/Oct/2020:02:49:59 -0700] "GET /loginSuccessful HTTP/1.1" 200 689
0:0:0:0:0:0:0:1 - - [19/Oct/2020:02:50:17 -0700] "GET /searchCourses HTTP/1.1" 200 547
0:0:0:0:0:0:0:1 - - [19/Oct/2020:02:50:19 -0700] "GET /searchCoursesByTitle?title=COMSC-75 HTTP/1.1" 200 1621
0:0:0:0:0:0:0:1 - - [19/Oct/2020:02:50:22 -0700] "GET /registerForClassess?regIdClasses=10101&regIdClasses=10102 HTTP/1.1" 302 -
0:0:0:0:0:0:0:1 - - [19/Oct/2020:02:50:22 -0700] "GET /loginSuccessful HTTP/1.1" 200 689
0:0:0:0:0:0:0:1 - - [19/Oct/2020:02:50:23 -0700] "GET /dropClasses HTTP/1.1" 200 1524
0:0:0:0:0:0:0:1 - - [19/Oct/2020:02:53:38 -0700] "GET /login HTTP/1.1" 200 1657
0:0:0:0:0:0:0:1 - - [19/Oct/2020:02:53:39 -0700] "GET /login HTTP/1.1" 200 1657
0:0:0:0:0:0:0:1 - - [19/Oct/2020:02:53:42 -0700] "POST /doLogin HTTP/1.1" 302 -
0:0:0:0:0:0:0:1 - - [19/Oct/2020:02:53:42 -0700] "GET /loginSuccessful HTTP/1.1" 200 689
0:0:0:0:0:0:0:1 - - [19/Oct/2020:02:53:44 -0700] "GET /searchCourses HTTP/1.1" 200 547
0:0:0:0:0:0:0:1 - - [19/Oct/2020:02:53:45 -0700] "GET /searchCoursesByTitle?title=COMSC-75 HTTP/1.1" 200 1621
0:0:0:0:0:0:0:1 - - [19/Oct/2020:02:53:47 -0700] "GET /registerForClassess?regIdClasses=10101&regIdClasses=10102 HTTP/1.1" 302 -
0:0:0:0:0:0:0:1 - - [19/Oct/2020:02:53:47 -0700] "GET /loginSuccessful HTTP/1.1" 200 689
0:0:0:0:0:0:0:1 - - [19/Oct/2020:02:53:48 -0700] "GET /dropClasses HTTP/1.1" 200 1524
0:0:0:0:0:0:0:1 - - [19/Oct/2020:02:54:40 -0700] "GET /loginSuccessful HTTP/1.1" 200 689
0:0:0:0:0:0:0:1 - - [19/Oct/2020:03:27:35 -0700] "GET /loginSuccessful HTTP/1.1" 302 -
0:0:0:0:0:0:0:1 - - [19/Oct/2020:03:27:35 -0700] "GET /login HTTP/1.1" 200 1657
0:0:0:0:0:0:0:1 - - [19/Oct/2020:03:27:39 -0700] "POST /doLogin HTTP/1.1" 302 -
0:0:0:0:0:0:0:1 - - [19/Oct/2020:03:27:39 -0700] "GET /loginSuccessful HTTP/1.1" 200 689
0:0:0:0:0:0:0:1 - - [19/Oct/2020:03:27:41 -0700] "GET /searchCourses HTTP/1.1" 200 547
0:0:0:0:0:0:0:1 - - [19/Oct/2020:03:27:42 -0700] "GET /searchCoursesByTitle?title=COMSC-75 HTTP/1.1" 200 1621
0:0:0:0:0:0:0:1 - - [19/Oct/2020:03:27:45 -0700] "GET /registerForClassess?regIdClasses=10101&regIdClasses=10102 HTTP/1.1" 302 -
0:0:0:0:0:0:0:1 - - [19/Oct/2020:03:27:45 -0700] "GET /loginSuccessful HTTP/1.1" 200 689
0:0:0:0:0:0:0:1 - - [19/Oct/2020:03:27:47 -0700] "GET /dropClasses HTTP/1.1" 200 1599
0:0:0:0:0:0:0:1 - - [19/Oct/2020:03:31:14 -0700] "GET /login HTTP/1.1" 200 1657
0:0:0:0:0:0:0:1 - - [19/Oct/2020:03:31:14 -0700] "GET /login HTTP/1.1" 200 1657
0:0:0:0:0:0:0:1 - - [19/Oct/2020:03:31:18 -0700] "POST /doLogin HTTP/1.1" 302 -
0:0:0:0:0:0:0:1 - - [19/Oct/2020:03:31:18 -0700] "GET /loginSuccessful HTTP/1.1" 200 689
0:0:0:0:0:0:0:1 - - [19/Oct/2020:03:31:19 -0700] "GET /dropClasses HTTP/1.1" 200 879
0:0:0:0:0:0:0:1 - - [19/Oct/2020:03:31:21 -0700] "GET /loginSuccessful HTTP/1.1" 200 689
0:0:0:0:0:0:0:1 - - [19/Oct/2020:03:31:22 -0700] "GET /searchCourses HTTP/1.1" 200 547
0:0:0:0:0:0:0:1 - - [19/Oct/2020:03:31:23 -0700] "GET /searchCoursesByTitle?title=COMSC-75 HTTP/1.1" 200 1621
0:0:0:0:0:0:0:1 - - [19/Oct/2020:03:31:25 -0700] "GET /registerForClassess?regIdClasses=10101&regIdClasses=10102 HTTP/1.1" 302 -
0:0:0:0:0:0:0:1 - - [19/Oct/2020:03:31:25 -0700] "GET /loginSuccessful HTTP/1.1" 200 689
0:0:0:0:0:0:0:1 - - [19/Oct/2020:03:31:26 -0700] "GET /dropClasses HTTP/1.1" 200 1599
0:0:0:0:0:0:0:1 - - [19/Oct/2020:03:31:29 -0700] "POST /dropClassess HTTP/1.1" 404 306
0:0:0:0:0:0:0:1 - - [19/Oct/2020:03:32:17 -0700] "GET /login HTTP/1.1" 200 1657
0:0:0:0:0:0:0:1 - - [19/Oct/2020:03:32:20 -0700] "POST /doLogin HTTP/1.1" 302 -
0:0:0:0:0:0:0:1 - - [19/Oct/2020:03:32:20 -0700] "GET /loginSuccessful HTTP/1.1" 200 689
0:0:0:0:0:0:0:1 - - [19/Oct/2020:03:32:21 -0700] "GET /searchCourses HTTP/1.1" 200 547
0:0:0:0:0:0:0:1 - - [19/Oct/2020:03:32:22 -0700] "GET /searchCoursesByTitle?title=COMSC-75 HTTP/1.1" 200 1621
0:0:0:0:0:0:0:1 - - [19/Oct/2020:03:32:24 -0700] "GET /registerForClassess?regIdClasses=10101&regIdClasses=10102 HTTP/1.1" 302 -
0:0:0:0:0:0:0:1 - - [19/Oct/2020:03:32:24 -0700] "GET /loginSuccessful HTTP/1.1" 200 689
0:0:0:0:0:0:0:1 - - [19/Oct/2020:03:32:25 -0700] "GET /dropClasses HTTP/1.1" 200 1596
0:0:0:0:0:0:0:1 - - [19/Oct/2020:03:32:27 -0700] "POST /dropClasses HTTP/1.1" 500 10897
0:0:0:0:0:0:0:1 - - [19/Oct/2020:03:36:00 -0700] "GET /login HTTP/1.1" 200 1657
0:0:0:0:0:0:0:1 - - [19/Oct/2020:03:36:03 -0700] "POST /doLogin HTTP/1.1" 302 -
0:0:0:0:0:0:0:1 - - [19/Oct/2020:03:36:03 -0700] "GET /loginSuccessful HTTP/1.1" 200 689
0:0:0:0:0:0:0:1 - - [19/Oct/2020:03:36:03 -0700] "GET /searchCourses HTTP/1.1" 200 547
0:0:0:0:0:0:0:1 - - [19/Oct/2020:03:36:04 -0700] "GET /searchCoursesByTitle?title=COMSC-75 HTTP/1.1" 200 1621
0:0:0:0:0:0:0:1 - - [19/Oct/2020:03:36:06 -0700] "GET /registerForClassess?regIdClasses=10101&regIdClasses=10102 HTTP/1.1" 302 -
0:0:0:0:0:0:0:1 - - [19/Oct/2020:03:36:06 -0700] "GET /loginSuccessful HTTP/1.1" 200 689
0:0:0:0:0:0:0:1 - - [19/Oct/2020:03:36:07 -0700] "GET /dropClasses HTTP/1.1" 200 1597
0:0:0:0:0:0:0:1 - - [19/Oct/2020:03:36:09 -0700] "POST /dropClasses HTTP/1.1" 200 878
0:0:0:0:0:0:0:1 - - [19/Oct/2020:13:36:59 -0700] "GET /login HTTP/1.1" 200 1657
0:0:0:0:0:0:0:1 - - [19/Oct/2020:13:36:59 -0700] "GET /login HTTP/1.1" 200 1657
0:0:0:0:0:0:0:1 - - [19/Oct/2020:13:37:03 -0700] "POST /doLogin HTTP/1.1" 302 -
0:0:0:0:0:0:0:1 - - [19/Oct/2020:13:37:03 -0700] "GET /loginSuccessful HTTP/1.1" 200 689
0:0:0:0:0:0:0:1 - - [19/Oct/2020:13:37:04 -0700] "GET /searchCourses HTTP/1.1" 200 547
0:0:0:0:0:0:0:1 - - [19/Oct/2020:13:37:05 -0700] "GET /searchCoursesByTitle?title=COMSC-75 HTTP/1.1" 200 1621
0:0:0:0:0:0:0:1 - - [19/Oct/2020:13:37:07 -0700] "GET /registerForClassess?regIdClasses=10101&regIdClasses=10102 HTTP/1.1" 302 -
0:0:0:0:0:0:0:1 - - [19/Oct/2020:13:37:07 -0700] "GET /loginSuccessful HTTP/1.1" 200 689
0:0:0:0:0:0:0:1 - - [19/Oct/2020:13:37:08 -0700] "GET /dropClasses HTTP/1.1" 200 1494
0:0:0:0:0:0:0:1 - - [19/Oct/2020:13:37:10 -0700] "POST /dropClasses HTTP/1.1" 400 12589
0:0:0:0:0:0:0:1 - - [19/Oct/2020:13:38:37 -0700] "GET /login HTTP/1.1" 200 1657
0:0:0:0:0:0:0:1 - - [19/Oct/2020:13:38:39 -0700] "POST /doLogin HTTP/1.1" 302 -
0:0:0:0:0:0:0:1 - - [19/Oct/2020:13:38:39 -0700] "GET /loginSuccessful HTTP/1.1" 200 689
0:0:0:0:0:0:0:1 - - [19/Oct/2020:13:38:41 -0700] "GET /searchCourses HTTP/1.1" 200 547
0:0:0:0:0:0:0:1 - - [19/Oct/2020:13:38:42 -0700] "GET /searchCoursesByTitle?title=COMSC-75 HTTP/1.1" 200 1621
0:0:0:0:0:0:0:1 - - [19/Oct/2020:13:38:44 -0700] "GET /registerForClassess?regIdClasses=10101&regIdClasses=10102 HTTP/1.1" 302 -
0:0:0:0:0:0:0:1 - - [19/Oct/2020:13:38:44 -0700] "GET /loginSuccessful HTTP/1.1" 200 689
0:0:0:0:0:0:0:1 - - [19/Oct/2020:13:38:45 -0700] "GET /dropClasses HTTP/1.1" 200 1494
0:0:0:0:0:0:0:1 - - [19/Oct/2020:13:38:47 -0700] "POST /dropClasses HTTP/1.1" 200 878
0:0:0:0:0:0:0:1 - - [19/Oct/2020:13:58:42 -0700] "GET /login HTTP/1.1" 200 1657
0:0:0:0:0:0:0:1 - - [19/Oct/2020:13:58:42 -0700] "GET /login HTTP/1.1" 200 1657
0:0:0:0:0:0:0:1 - - [19/Oct/2020:13:58:45 -0700] "POST /doLogin HTTP/1.1" 302 -
0:0:0:0:0:0:0:1 - - [19/Oct/2020:13:58:45 -0700] "GET /loginSuccessful HTTP/1.1" 200 689
0:0:0:0:0:0:0:1 - - [19/Oct/2020:13:58:46 -0700] "GET /searchCourses HTTP/1.1" 200 547
0:0:0:0:0:0:0:1 - - [19/Oct/2020:13:58:47 -0700] "GET /searchCoursesByTitle?title=COMSC-75 HTTP/1.1" 200 1621
0:0:0:0:0:0:0:1 - - [19/Oct/2020:13:58:49 -0700] "GET /registerForClassess?regIdClasses=10101&regIdClasses=10102 HTTP/1.1" 302 -
0:0:0:0:0:0:0:1 - - [19/Oct/2020:13:58:49 -0700] "GET /loginSuccessful HTTP/1.1" 200 689
0:0:0:0:0:0:0:1 - - [19/Oct/2020:13:58:50 -0700] "GET /dropClasses HTTP/1.1" 200 1524
0:0:0:0:0:0:0:1 - - [19/Oct/2020:13:58:51 -0700] "POST /dropClasses HTTP/1.1" 200 878
0:0:0:0:0:0:0:1 - - [19/Oct/2020:14:04:36 -0700] "GET /login HTTP/1.1" 200 1657
0:0:0:0:0:0:0:1 - - [19/Oct/2020:14:04:36 -0700] "GET /login HTTP/1.1" 200 1657
0:0:0:0:0:0:0:1 - - [19/Oct/2020:14:04:40 -0700] "POST /doLogin HTTP/1.1" 302 -
0:0:0:0:0:0:0:1 - - [19/Oct/2020:14:04:40 -0700] "GET /loginSuccessful HTTP/1.1" 200 689
0:0:0:0:0:0:0:1 - - [19/Oct/2020:14:04:41 -0700] "GET /searchCourses HTTP/1.1" 200 547
0:0:0:0:0:0:0:1 - - [19/Oct/2020:14:04:42 -0700] "GET /searchCoursesByTitle?title=COMSC-75 HTTP/1.1" 200 1621
0:0:0:0:0:0:0:1 - - [19/Oct/2020:14:04:44 -0700] "GET /registerForClassess?regIdClasses=10101&regIdClasses=10102 HTTP/1.1" 302 -
0:0:0:0:0:0:0:1 - - [19/Oct/2020:14:04:44 -0700] "GET /loginSuccessful HTTP/1.1" 200 689
0:0:0:0:0:0:0:1 - - [19/Oct/2020:14:04:45 -0700] "GET /dropClasses HTTP/1.1" 200 1524
0:0:0:0:0:0:0:1 - - [19/Oct/2020:14:04:47 -0700] "POST /dropClasses HTTP/1.1" 200 878
0:0:0:0:0:0:0:1 - - [19/Oct/2020:14:09:04 -0700] "GET /login HTTP/1.1" 200 1657
0:0:0:0:0:0:0:1 - - [19/Oct/2020:14:09:07 -0700] "POST /doLogin HTTP/1.1" 302 -
0:0:0:0:0:0:0:1 - - [19/Oct/2020:14:09:08 -0700] "GET /loginSuccessful HTTP/1.1" 200 689
0:0:0:0:0:0:0:1 - - [19/Oct/2020:14:09:09 -0700] "GET /searchCourses HTTP/1.1" 200 547
0:0:0:0:0:0:0:1 - - [19/Oct/2020:14:09:10 -0700] "GET /searchCoursesByTitle?title=COMSC-75 HTTP/1.1" 200 1621
0:0:0:0:0:0:0:1 - - [19/Oct/2020:14:09:11 -0700] "GET /registerForClassess?regIdClasses=10101&regIdClasses=10102 HTTP/1.1" 302 -
0:0:0:0:0:0:0:1 - - [19/Oct/2020:14:09:11 -0700] "GET /loginSuccessful HTTP/1.1" 200 689
0:0:0:0:0:0:0:1 - - [19/Oct/2020:14:09:13 -0700] "GET /dropClasses HTTP/1.1" 200 1524
0:0:0:0:0:0:0:1 - - [19/Oct/2020:14:09:15 -0700] "POST /dropClasses HTTP/1.1" 200 878
0:0:0:0:0:0:0:1 - - [19/Oct/2020:14:09:53 -0700] "GET /login HTTP/1.1" 200 1657
0:0:0:0:0:0:0:1 - - [19/Oct/2020:14:09:54 -0700] "GET /login HTTP/1.1" 200 1657
0:0:0:0:0:0:0:1 - - [19/Oct/2020:14:09:57 -0700] "POST /doLogin HTTP/1.1" 302 -
0:0:0:0:0:0:0:1 - - [19/Oct/2020:14:09:57 -0700] "GET /loginSuccessful HTTP/1.1" 200 689
0:0:0:0:0:0:0:1 - - [19/Oct/2020:14:15:11 -0700] "GET /login HTTP/1.1" 200 1657
0:0:0:0:0:0:0:1 - - [19/Oct/2020:14:15:11 -0700] "GET /login HTTP/1.1" 200 1657
0:0:0:0:0:0:0:1 - - [19/Oct/2020:14:15:14 -0700] "POST /doLogin HTTP/1.1" 302 -
0:0:0:0:0:0:0:1 - - [19/Oct/2020:14:15:14 -0700] "GET /loginSuccessful HTTP/1.1" 200 689
0:0:0:0:0:0:0:1 - - [19/Oct/2020:14:15:15 -0700] "GET /searchCourses HTTP/1.1" 200 547
0:0:0:0:0:0:0:1 - - [19/Oct/2020:14:15:16 -0700] "GET /searchCoursesByTitle?title=COMSC-75 HTTP/1.1" 200 1621
0:0:0:0:0:0:0:1 - - [19/Oct/2020:14:15:18 -0700] "GET /registerForClassess?regIdClasses=10101&regIdClasses=10102 HTTP/1.1" 302 -
0:0:0:0:0:0:0:1 - - [19/Oct/2020:14:15:18 -0700] "GET /loginSuccessful HTTP/1.1" 200 689
0:0:0:0:0:0:0:1 - - [19/Oct/2020:14:15:20 -0700] "GET /dropClasses HTTP/1.1" 200 1524
0:0:0:0:0:0:0:1 - - [19/Oct/2020:14:15:22 -0700] "GET /loginSuccessful HTTP/1.1" 200 689
0:0:0:0:0:0:0:1 - - [19/Oct/2020:14:15:24 -0700] "GET /dropClasses HTTP/1.1" 200 1524
0:0:0:0:0:0:0:1 - - [19/Oct/2020:14:15:27 -0700] "POST /dropClasses HTTP/1.1" 200 878
0:0:0:0:0:0:0:1 - - [19/Oct/2020:14:17:03 -0700] "GET /login HTTP/1.1" 200 1657
0:0:0:0:0:0:0:1 - - [19/Oct/2020:14:17:54 -0700] "GET /login HTTP/1.1" 200 1657
0:0:0:0:0:0:0:1 - - [19/Oct/2020:14:17:57 -0700] "POST /doLogin HTTP/1.1" 302 -
0:0:0:0:0:0:0:1 - - [19/Oct/2020:14:17:57 -0700] "GET /loginSuccessful HTTP/1.1" 200 689
0:0:0:0:0:0:0:1 - - [19/Oct/2020:14:17:58 -0700] "GET /searchCourses HTTP/1.1" 200 547
0:0:0:0:0:0:0:1 - - [19/Oct/2020:14:17:59 -0700] "GET /searchCoursesByTitle?title=COMSC-75 HTTP/1.1" 200 1621
0:0:0:0:0:0:0:1 - - [19/Oct/2020:14:18:01 -0700] "GET /registerForClassess?regIdClasses=10101&regIdClasses=10102 HTTP/1.1" 302 -
0:0:0:0:0:0:0:1 - - [19/Oct/2020:14:18:01 -0700] "GET /loginSuccessful HTTP/1.1" 200 689
0:0:0:0:0:0:0:1 - - [19/Oct/2020:14:18:02 -0700] "GET /dropClasses HTTP/1.1" 200 1524
0:0:0:0:0:0:0:1 - - [19/Oct/2020:14:18:03 -0700] "POST /dropClasses HTTP/1.1" 302 -
0:0:0:0:0:0:0:1 - - [19/Oct/2020:14:18:03 -0700] "GET /loginSuccessful HTTP/1.1" 200 689
0:0:0:0:0:0:0:1 - - [19/Oct/2020:14:18:37 -0700] "GET /dropClasses HTTP/1.1" 200 1524
0:0:0:0:0:0:0:1 - - [19/Oct/2020:14:18:41 -0700] "GET /loginSuccessful HTTP/1.1" 200 689
0:0:0:0:0:0:0:1 - - [19/Oct/2020:14:19:19 -0700] "GET /login HTTP/1.1" 200 1657
0:0:0:0:0:0:0:1 - - [19/Oct/2020:14:19:22 -0700] "POST /doLogin HTTP/1.1" 302 -
0:0:0:0:0:0:0:1 - - [19/Oct/2020:14:19:22 -0700] "GET /loginSuccessful HTTP/1.1" 200 689
0:0:0:0:0:0:0:1 - - [19/Oct/2020:14:19:23 -0700] "GET /searchCourses HTTP/1.1" 200 547
0:0:0:0:0:0:0:1 - - [19/Oct/2020:14:19:24 -0700] "GET /searchCoursesByTitle?title=COMSC-75 HTTP/1.1" 200 1621
0:0:0:0:0:0:0:1 - - [19/Oct/2020:14:19:27 -0700] "GET /registerForClassess?regIdClasses=10101&regIdClasses=10102 HTTP/1.1" 302 -
0:0:0:0:0:0:0:1 - - [19/Oct/2020:14:19:27 -0700] "GET /loginSuccessful HTTP/1.1" 200 689
0:0:0:0:0:0:0:1 - - [19/Oct/2020:14:19:28 -0700] "GET /dropClasses HTTP/1.1" 200 1524
0:0:0:0:0:0:0:1 - - [19/Oct/2020:14:19:29 -0700] "POST /dropClasses HTTP/1.1" 302 -
0:0:0:0:0:0:0:1 - - [19/Oct/2020:14:19:29 -0700] "GET /loginSuccessful HTTP/1.1" 200 689
0:0:0:0:0:0:0:1 - - [19/Oct/2020:14:25:14 -0700] "GET /login HTTP/1.1" 200 1657
0:0:0:0:0:0:0:1 - - [19/Oct/2020:14:25:14 -0700] "GET /login HTTP/1.1" 200 1657
0:0:0:0:0:0:0:1 - - [19/Oct/2020:14:25:17 -0700] "POST /doLogin HTTP/1.1" 302 -
0:0:0:0:0:0:0:1 - - [19/Oct/2020:14:25:17 -0700] "GET /loginSuccessful HTTP/1.1" 200 689
0:0:0:0:0:0:0:1 - - [19/Oct/2020:14:25:18 -0700] "GET /searchCourses HTTP/1.1" 200 547
0:0:0:0:0:0:0:1 - - [19/Oct/2020:14:25:19 -0700] "GET /searchCoursesByTitle?title=COMSC-75 HTTP/1.1" 200 1621
0:0:0:0:0:0:0:1 - - [19/Oct/2020:14:25:33 -0700] "GET /registerForClassess?regIdClasses=10101&regIdClasses=10102 HTTP/1.1" 302 -
0:0:0:0:0:0:0:1 - - [19/Oct/2020:14:25:33 -0700] "GET /loginSuccessful HTTP/1.1" 200 689
0:0:0:0:0:0:0:1 - - [19/Oct/2020:14:25:34 -0700] "GET /dropClasses HTTP/1.1" 200 1524
0:0:0:0:0:0:0:1 - - [19/Oct/2020:14:25:41 -0700] "POST /dropClasses HTTP/1.1" 302 -
0:0:0:0:0:0:0:1 - - [19/Oct/2020:14:25:41 -0700] "GET /loginSuccessful HTTP/1.1" 200 689
0:0:0:0:0:0:0:1 - - [19/Oct/2020:14:25:41 -0700] "GET /dropClasses HTTP/1.1" 200 1192
0:0:0:0:0:0:0:1 - - [19/Oct/2020:14:25:44 -0700] "GET /loginSuccessful HTTP/1.1" 200 689
0:0:0:0:0:0:0:1 - - [19/Oct/2020:14:28:12 -0700] "GET /searchBook HTTP/1.1" 200 678
0:0:0:0:0:0:0:1 - - [19/Oct/2020:14:28:13 -0700] "GET /loginSuccessful HTTP/1.1" 200 689
0:0:0:0:0:0:0:1 - - [19/Oct/2020:14:28:14 -0700] "GET /searchCourses HTTP/1.1" 200 547
0:0:0:0:0:0:0:1 - - [19/Oct/2020:14:28:15 -0700] "GET /loginSuccessful HTTP/1.1" 200 689
0:0:0:0:0:0:0:1 - - [19/Oct/2020:14:28:19 -0700] "GET /getAllRequiredBooks HTTP/1.1" 200 1446
0:0:0:0:0:0:0:1 - - [19/Oct/2020:14:28:21 -0700] "GET /loginSuccessful HTTP/1.1" 200 689
0:0:0:0:0:0:0:1 - - [19/Oct/2020:14:34:00 -0700] "GET /getAllRequiredBooks HTTP/1.1" 200 1446
0:0:0:0:0:0:0:1 - - [19/Oct/2020:14:34:04 -0700] "GET /loginSuccessful HTTP/1.1" 200 689
0:0:0:0:0:0:0:1 - - [19/Oct/2020:14:34:05 -0700] "GET /dropClasses HTTP/1.1" 200 1192
0:0:0:0:0:0:0:1 - - [19/Oct/2020:14:34:07 -0700] "GET /loginSuccessful HTTP/1.1" 200 689
0:0:0:0:0:0:0:1 - - [19/Oct/2020:14:37:50 -0700] "GET /login HTTP/1.1" 200 1657
0:0:0:0:0:0:0:1 - - [19/Oct/2020:14:37:51 -0700] "GET /login HTTP/1.1" 200 1657
0:0:0:0:0:0:0:1 - - [19/Oct/2020:14:37:54 -0700] "POST /doLogin HTTP/1.1" 302 -
0:0:0:0:0:0:0:1 - - [19/Oct/2020:14:37:54 -0700] "GET /loginSuccessful HTTP/1.1" 200 689
0:0:0:0:0:0:0:1 - - [19/Oct/2020:14:37:56 -0700] "GET /searchCourses HTTP/1.1" 200 547
0:0:0:0:0:0:0:1 - - [19/Oct/2020:14:37:58 -0700] "GET /searchCoursesByTitle?title=COMSC-75 HTTP/1.1" 200 1621
0:0:0:0:0:0:0:1 - - [19/Oct/2020:14:38:04 -0700] "GET /registerForClassess?regIdClasses=10101&regIdClasses=10102 HTTP/1.1" 302 -
0:0:0:0:0:0:0:1 - - [19/Oct/2020:14:38:04 -0700] "GET /loginSuccessful HTTP/1.1" 200 689
0:0:0:0:0:0:0:1 - - [19/Oct/2020:14:38:06 -0700] "GET /dropClasses HTTP/1.1" 200 1524
0:0:0:0:0:0:0:1 - - [19/Oct/2020:14:38:08 -0700] "GET /loginSuccessful HTTP/1.1" 200 689
0:0:0:0:0:0:0:1 - - [19/Oct/2020:14:38:08 -0700] "GET /getAllRequiredBooks HTTP/1.1" 200 1446
0:0:0:0:0:0:0:1 - - [19/Oct/2020:14:38:10 -0700] "GET /loginSuccessful HTTP/1.1" 200 689
0:0:0:0:0:0:0:1 - - [19/Oct/2020:14:38:11 -0700] "GET /dropClasses HTTP/1.1" 200 1524
0:0:0:0:0:0:0:1 - - [19/Oct/2020:14:38:15 -0700] "POST /dropClasses HTTP/1.1" 302 -
0:0:0:0:0:0:0:1 - - [19/Oct/2020:14:38:15 -0700] "GET /loginSuccessful HTTP/1.1" 200 689
0:0:0:0:0:0:0:1 - - [19/Oct/2020:14:38:16 -0700] "GET /getAllRequiredBooks HTTP/1.1" 302 -
0:0:0:0:0:0:0:1 - - [19/Oct/2020:14:38:16 -0700] "GET /loginSuccessful HTTP/1.1" 200 689
0:0:0:0:0:0:0:1 - - [19/Oct/2020:14:38:17 -0700] "GET /getAllRequiredBooks HTTP/1.1" 302 -
0:0:0:0:0:0:0:1 - - [19/Oct/2020:14:38:17 -0700] "GET /loginSuccessful HTTP/1.1" 200 689
0:0:0:0:0:0:0:1 - - [19/Oct/2020:14:39:20 -0700] "GET /loginSuccessful HTTP/1.1" 200 689
0:0:0:0:0:0:0:1 - - [19/Oct/2020:14:39:21 -0700] "GET /loginSuccessful HTTP/1.1" 200 689
0:0:0:0:0:0:0:1 - - [19/Oct/2020:14:39:39 -0700] "GET /searchBook HTTP/1.1" 200 678
0:0:0:0:0:0:0:1 - - [19/Oct/2020:14:39:40 -0700] "GET /searchBookByTitleOrAuthor?argument=segsg HTTP/1.1" 302 -
0:0:0:0:0:0:0:1 - - [19/Oct/2020:14:39:40 -0700] "GET /loginSuccessful HTTP/1.1" 200 689
0:0:0:0:0:0:0:1 - - [19/Oct/2020:14:39:42 -0700] "GET /searchBook HTTP/1.1" 200 678
0:0:0:0:0:0:0:1 - - [19/Oct/2020:14:39:44 -0700] "GET /searchBookByTitleOrAuthor?argument=dthdh HTTP/1.1" 302 -
0:0:0:0:0:0:0:1 - - [19/Oct/2020:14:39:44 -0700] "GET /loginSuccessful HTTP/1.1" 200 689
0:0:0:0:0:0:0:1 - - [19/Oct/2020:14:41:24 -0700] "GET /login HTTP/1.1" 200 1657
0:0:0:0:0:0:0:1 - - [19/Oct/2020:14:41:27 -0700] "POST /doLogin HTTP/1.1" 302 -
0:0:0:0:0:0:0:1 - - [19/Oct/2020:14:41:27 -0700] "GET /loginSuccessful HTTP/1.1" 200 689
0:0:0:0:0:0:0:1 - - [19/Oct/2020:14:41:29 -0700] "GET /searchCourses HTTP/1.1" 200 547
0:0:0:0:0:0:0:1 - - [19/Oct/2020:14:41:30 -0700] "GET /loginSuccessful HTTP/1.1" 200 689
0:0:0:0:0:0:0:1 - - [19/Oct/2020:14:41:32 -0700] "GET /searchBook HTTP/1.1" 200 678
0:0:0:0:0:0:0:1 - - [19/Oct/2020:14:41:34 -0700] "GET /searchBookByTitleOrAuthor?argument=aevav HTTP/1.1" 302 -
0:0:0:0:0:0:0:1 - - [19/Oct/2020:14:41:34 -0700] "GET /searchBookByTitleOrAuthor HTTP/1.1" 400 9501
0:0:0:0:0:0:0:1 - - [19/Oct/2020:14:41:52 -0700] "GET /login HTTP/1.1" 200 1657
0:0:0:0:0:0:0:1 - - [19/Oct/2020:14:41:55 -0700] "POST /doLogin HTTP/1.1" 302 -
0:0:0:0:0:0:0:1 - - [19/Oct/2020:14:41:55 -0700] "GET /loginSuccessful HTTP/1.1" 200 689
0:0:0:0:0:0:0:1 - - [19/Oct/2020:14:41:56 -0700] "GET /searchBook HTTP/1.1" 200 678
0:0:0:0:0:0:0:1 - - [19/Oct/2020:14:41:57 -0700] "GET /searchBookByTitleOrAuthor?argument=aeaevae HTTP/1.1" 302 -
0:0:0:0:0:0:0:1 - - [19/Oct/2020:14:41:58 -0700] "GET /searchBook HTTP/1.1" 200 760
0:0:0:0:0:0:0:1 - - [19/Oct/2020:14:42:25 -0700] "GET /searchBookByTitleOrAuthor?argument=Java HTTP/1.1" 200 1446
0:0:0:0:0:0:0:1 - - [19/Oct/2020:14:42:29 -0700] "GET /searchBook HTTP/1.1" 200 678
0:0:0:0:0:0:0:1 - - [19/Oct/2020:14:42:29 -0700] "GET /searchBook HTTP/1.1" 200 678
0:0:0:0:0:0:0:1 - - [19/Oct/2020:14:42:30 -0700] "GET /loginSuccessful HTTP/1.1" 200 689
0:0:0:0:0:0:0:1 - - [19/Oct/2020:14:49:23 -0700] "GET /login HTTP/1.1" 200 1657
0:0:0:0:0:0:0:1 - - [19/Oct/2020:14:49:24 -0700] "GET /login HTTP/1.1" 200 1657
0:0:0:0:0:0:0:1 - - [19/Oct/2020:14:49:27 -0700] "POST /doLogin HTTP/1.1" 302 -
0:0:0:0:0:0:0:1 - - [19/Oct/2020:14:49:27 -0700] "GET /loginSuccessful HTTP/1.1" 200 689
0:0:0:0:0:0:0:1 - - [19/Oct/2020:14:49:28 -0700] "GET /searchBook HTTP/1.1" 200 678
0:0:0:0:0:0:0:1 - - [19/Oct/2020:14:49:33 -0700] "GET /searchBookByTitleOrAuthor?argument=Java HTTP/1.1" 200 1446
0:0:0:0:0:0:0:1 - - [19/Oct/2020:14:49:39 -0700] "GET /searchBook HTTP/1.1" 200 678
0:0:0:0:0:0:0:1 - - [19/Oct/2020:14:49:41 -0700] "GET /loginSuccessful HTTP/1.1" 200 689
0:0:0:0:0:0:0:1 - - [19/Oct/2020:14:49:42 -0700] "GET /searchBook HTTP/1.1" 200 678
0:0:0:0:0:0:0:1 - - [19/Oct/2020:14:49:43 -0700] "GET /searchBookByTitleOrAuthor?argument=Java HTTP/1.1" 200 1446
0:0:0:0:0:0:0:1 - - [19/Oct/2020:14:49:52 -0700] "GET /searchBookByTitleOrAuthor?argument=Java HTTP/1.1" 200 1446
0:0:0:0:0:0:0:1 - - [19/Oct/2020:14:50:06 -0700] "GET /searchBook HTTP/1.1" 200 678
0:0:0:0:0:0:0:1 - - [19/Oct/2020:14:50:08 -0700] "GET /searchBookByTitleOrAuthor?argument=Java HTTP/1.1" 200 1446
0:0:0:0:0:0:0:1 - - [19/Oct/2020:14:50:12 -0700] "GET /searchBook HTTP/1.1" 200 678
0:0:0:0:0:0:0:1 - - [19/Oct/2020:14:50:13 -0700] "GET /loginSuccessful HTTP/1.1" 200 689
0:0:0:0:0:0:0:1 - - [19/Oct/2020:14:50:15 -0700] "GET /searchBook HTTP/1.1" 200 678
0:0:0:0:0:0:0:1 - - [19/Oct/2020:14:50:17 -0700] "GET /searchBookByTitleOrAuthor?argument=Java HTTP/1.1" 200 1446
0:0:0:0:0:0:0:1 - - [19/Oct/2020:14:50:36 -0700] "GET /login HTTP/1.1" 200 1657
0:0:0:0:0:0:0:1 - - [19/Oct/2020:14:50:40 -0700] "POST /doLogin HTTP/1.1" 302 -
0:0:0:0:0:0:0:1 - - [19/Oct/2020:14:50:40 -0700] "GET /loginSuccessful HTTP/1.1" 200 689
0:0:0:0:0:0:0:1 - - [19/Oct/2020:14:50:41 -0700] "GET /searchBook HTTP/1.1" 200 678
0:0:0:0:0:0:0:1 - - [19/Oct/2020:14:50:42 -0700] "GET /searchBookByTitleOrAuthor?argument=Java HTTP/1.1" 200 1446
0:0:0:0:0:0:0:1 - - [19/Oct/2020:14:50:46 -0700] "GET /searchBook HTTP/1.1" 200 678
0:0:0:0:0:0:0:1 - - [19/Oct/2020:14:50:47 -0700] "GET /searchBookByTitleOrAuthor?argument=Java HTTP/1.1" 200 1446
0:0:0:0:0:0:0:1 - - [19/Oct/2020:14:50:56 -0700] "GET /searchBook HTTP/1.1" 200 678
0:0:0:0:0:0:0:1 - - [19/Oct/2020:14:50:57 -0700] "GET /searchBookByTitleOrAuthor?argument=Java HTTP/1.1" 200 1446
0:0:0:0:0:0:0:1 - - [19/Oct/2020:17:35:14 -0700] "GET /searchBook HTTP/1.1" 302 -
0:0:0:0:0:0:0:1 - - [19/Oct/2020:17:35:14 -0700] "GET /login HTTP/1.1" 200 1657
0:0:0:0:0:0:0:1 - - [19/Oct/2020:17:35:19 -0700] "POST /doLogin HTTP/1.1" 302 -
0:0:0:0:0:0:0:1 - - [19/Oct/2020:17:35:19 -0700] "GET /loginSuccessful HTTP/1.1" 200 689
0:0:0:0:0:0:0:1 - - [19/Oct/2020:17:35:32 -0700] "GET /getAllRequiredBooks HTTP/1.1" 302 -
0:0:0:0:0:0:0:1 - - [19/Oct/2020:17:35:32 -0700] "GET /loginSuccessful HTTP/1.1" 200 689
0:0:0:0:0:0:0:1 - - [19/Oct/2020:17:35:32 -0700] "GET /getAllRequiredBooks HTTP/1.1" 302 -
0:0:0:0:0:0:0:1 - - [19/Oct/2020:17:35:32 -0700] "GET /loginSuccessful HTTP/1.1" 200 689
0:0:0:0:0:0:0:1 - - [19/Oct/2020:17:35:32 -0700] "GET /getAllRequiredBooks HTTP/1.1" 302 -
0:0:0:0:0:0:0:1 - - [19/Oct/2020:17:35:32 -0700] "GET /loginSuccessful HTTP/1.1" 200 689
0:0:0:0:0:0:0:1 - - [19/Oct/2020:17:39:09 -0700] "GET /searchBook HTTP/1.1" 200 678
0:0:0:0:0:0:0:1 - - [19/Oct/2020:17:39:12 -0700] "GET /searchBookByTitleOrAuthor?argument=w HTTP/1.1" 302 -
0:0:0:0:0:0:0:1 - - [19/Oct/2020:17:39:12 -0700] "GET /searchBook HTTP/1.1" 200 760
0:0:0:0:0:0:0:1 - - [19/Oct/2020:17:39:15 -0700] "GET /searchBookByTitleOrAuthor?argument=w HTTP/1.1" 302 -
0:0:0:0:0:0:0:1 - - [19/Oct/2020:17:39:15 -0700] "GET /searchBook HTTP/1.1" 200 760
0:0:0:0:0:0:0:1 - - [19/Oct/2020:17:47:38 -0700] "GET /login HTTP/1.1" 200 1657
0:0:0:0:0:0:0:1 - - [19/Oct/2020:17:47:39 -0700] "GET /login HTTP/1.1" 200 1657
0:0:0:0:0:0:0:1 - - [19/Oct/2020:17:47:56 -0700] "POST /doLogin HTTP/1.1" 302 -
0:0:0:0:0:0:0:1 - - [19/Oct/2020:17:47:56 -0700] "GET /loginSuccessful HTTP/1.1" 200 650
0:0:0:0:0:0:0:1 - - [19/Oct/2020:17:47:57 -0700] "GET /getAllRequiredBooks HTTP/1.1" 302 -
0:0:0:0:0:0:0:1 - - [19/Oct/2020:17:47:57 -0700] "GET /loginSuccessful HTTP/1.1" 200 650
0:0:0:0:0:0:0:1 - - [19/Oct/2020:17:47:58 -0700] "GET /getAllRequiredBooks HTTP/1.1" 302 -
0:0:0:0:0:0:0:1 - - [19/Oct/2020:17:47:58 -0700] "GET /loginSuccessful HTTP/1.1" 200 650
0:0:0:0:0:0:0:1 - - [19/Oct/2020:17:47:58 -0700] "GET /getAllRequiredBooks HTTP/1.1" 302 -
0:0:0:0:0:0:0:1 - - [19/Oct/2020:17:47:58 -0700] "GET /loginSuccessful HTTP/1.1" 200 650
0:0:0:0:0:0:0:1 - - [19/Oct/2020:17:47:58 -0700] "GET /getAllRequiredBooks HTTP/1.1" 302 -
0:0:0:0:0:0:0:1 - - [19/Oct/2020:17:47:58 -0700] "GET /loginSuccessful HTTP/1.1" 200 650
0:0:0:0:0:0:0:1 - - [19/Oct/2020:17:47:59 -0700] "GET /getAllRequiredBooks HTTP/1.1" 302 -
0:0:0:0:0:0:0:1 - - [19/Oct/2020:17:47:59 -0700] "GET /loginSuccessful HTTP/1.1" 200 650
0:0:0:0:0:0:0:1 - - [19/Oct/2020:17:47:59 -0700] "GET /getAllRequiredBooks HTTP/1.1" 302 -
0:0:0:0:0:0:0:1 - - [19/Oct/2020:17:47:59 -0700] "GET /loginSuccessful HTTP/1.1" 200 650
0:0:0:0:0:0:0:1 - - [19/Oct/2020:17:47:59 -0700] "GET /getAllRequiredBooks HTTP/1.1" 302 -
0:0:0:0:0:0:0:1 - - [19/Oct/2020:17:47:59 -0700] "GET /loginSuccessful HTTP/1.1" 200 650
0:0:0:0:0:0:0:1 - - [19/Oct/2020:17:47:59 -0700] "GET /getAllRequiredBooks HTTP/1.1" 302 -
0:0:0:0:0:0:0:1 - - [19/Oct/2020:17:47:59 -0700] "GET /loginSuccessful HTTP/1.1" 200 650
0:0:0:0:0:0:0:1 - - [19/Oct/2020:17:48:27 -0700] "GET /login HTTP/1.1" 200 1657
0:0:0:0:0:0:0:1 - - [19/Oct/2020:17:48:29 -0700] "POST /doLogin HTTP/1.1" 302 -
0:0:0:0:0:0:0:1 - - [19/Oct/2020:17:48:29 -0700] "GET /loginSuccessful HTTP/1.1" 200 652
0:0:0:0:0:0:0:1 - - [19/Oct/2020:17:48:30 -0700] "GET /getAllRequiredBooks HTTP/1.1" 302 -
0:0:0:0:0:0:0:1 - - [19/Oct/2020:17:48:30 -0700] "GET /loginSuccessful HTTP/1.1" 200 652
0:0:0:0:0:0:0:1 - - [19/Oct/2020:17:48:30 -0700] "GET /getAllRequiredBooks HTTP/1.1" 302 -
0:0:0:0:0:0:0:1 - - [19/Oct/2020:17:48:30 -0700] "GET /loginSuccessful HTTP/1.1" 200 652
0:0:0:0:0:0:0:1 - - [19/Oct/2020:17:48:31 -0700] "GET /getAllRequiredBooks HTTP/1.1" 302 -
0:0:0:0:0:0:0:1 - - [19/Oct/2020:17:48:31 -0700] "GET /loginSuccessful HTTP/1.1" 200 652
0:0:0:0:0:0:0:1 - - [19/Oct/2020:17:48:31 -0700] "GET /getAllRequiredBooks HTTP/1.1" 302 -
0:0:0:0:0:0:0:1 - - [19/Oct/2020:17:48:31 -0700] "GET /loginSuccessful HTTP/1.1" 200 652
0:0:0:0:0:0:0:1 - - [19/Oct/2020:17:54:49 -0700] "GET /login HTTP/1.1" 200 1657
0:0:0:0:0:0:0:1 - - [19/Oct/2020:17:54:49 -0700] "GET /login HTTP/1.1" 200 1657
0:0:0:0:0:0:0:1 - - [19/Oct/2020:17:54:53 -0700] "POST /doLogin HTTP/1.1" 302 -
0:0:0:0:0:0:0:1 - - [19/Oct/2020:17:54:53 -0700] "GET /loginSuccessful HTTP/1.1" 200 650
0:0:0:0:0:0:0:1 - - [19/Oct/2020:17:54:54 -0700] "GET /getAllRequiredBooks HTTP/1.1" 302 -
0:0:0:0:0:0:0:1 - - [19/Oct/2020:17:54:54 -0700] "GET /loginSuccessful HTTP/1.1" 200 650
0:0:0:0:0:0:0:1 - - [19/Oct/2020:17:56:21 -0700] "GET /login HTTP/1.1" 200 1657
0:0:0:0:0:0:0:1 - - [19/Oct/2020:17:56:27 -0700] "POST /doLogin HTTP/1.1" 302 -
0:0:0:0:0:0:0:1 - - [19/Oct/2020:17:56:27 -0700] "GET /loginSuccessful HTTP/1.1" 200 650
0:0:0:0:0:0:0:1 - - [19/Oct/2020:17:56:29 -0700] "GET /getAllRequiredBooks HTTP/1.1" 200 678
0:0:0:0:0:0:0:1 - - [19/Oct/2020:17:56:35 -0700] "GET /loginSuccessful HTTP/1.1" 200 650
0:0:0:0:0:0:0:1 - - [19/Oct/2020:18:14:58 -0700] "GET /login HTTP/1.1" 200 1657
0:0:0:0:0:0:0:1 - - [19/Oct/2020:18:14:58 -0700] "GET /login HTTP/1.1" 200 1657
0:0:0:0:0:0:0:1 - - [19/Oct/2020:18:15:01 -0700] "POST /doLogin HTTP/1.1" 302 -
0:0:0:0:0:0:0:1 - - [19/Oct/2020:18:15:01 -0700] "GET /loginSuccessful HTTP/1.1" 200 650
0:0:0:0:0:0:0:1 - - [19/Oct/2020:18:15:03 -0700] "GET /getAllRequiredBooks HTTP/1.1" 200 650
0:0:0:0:0:0:0:1 - - [19/Oct/2020:18:15:04 -0700] "GET /getAllRequiredBooks HTTP/1.1" 200 650
0:0:0:0:0:0:0:1 - - [19/Oct/2020:18:15:04 -0700] "GET /getAllRequiredBooks HTTP/1.1" 200 650
0:0:0:0:0:0:0:1 - - [19/Oct/2020:18:15:04 -0700] "GET /getAllRequiredBooks HTTP/1.1" 200 650
0:0:0:0:0:0:0:1 - - [19/Oct/2020:18:15:04 -0700] "GET /getAllRequiredBooks HTTP/1.1" 200 650
0:0:0:0:0:0:0:1 - - [19/Oct/2020:18:15:05 -0700] "GET /getAllRequiredBooks HTTP/1.1" 200 650
0:0:0:0:0:0:0:1 - - [19/Oct/2020:18:15:05 -0700] "GET /getAllRequiredBooks HTTP/1.1" 200 650
0:0:0:0:0:0:0:1 - - [19/Oct/2020:18:15:05 -0700] "GET /getAllRequiredBooks HTTP/1.1" 200 650
0:0:0:0:0:0:0:1 - - [19/Oct/2020:18:15:05 -0700] "GET /getAllRequiredBooks HTTP/1.1" 200 650
0:0:0:0:0:0:0:1 - - [19/Oct/2020:18:15:05 -0700] "GET /getAllRequiredBooks HTTP/1.1" 200 650
0:0:0:0:0:0:0:1 - - [19/Oct/2020:18:15:06 -0700] "GET /getAllRequiredBooks HTTP/1.1" 200 650
0:0:0:0:0:0:0:1 - - [19/Oct/2020:18:15:06 -0700] "GET /getAllRequiredBooks HTTP/1.1" 200 650
0:0:0:0:0:0:0:1 - - [19/Oct/2020:18:15:44 -0700] "GET /login HTTP/1.1" 200 1657
0:0:0:0:0:0:0:1 - - [19/Oct/2020:18:15:47 -0700] "POST /doLogin HTTP/1.1" 302 -
0:0:0:0:0:0:0:1 - - [19/Oct/2020:18:15:47 -0700] "GET /loginSuccessful HTTP/1.1" 200 650
0:0:0:0:0:0:0:1 - - [19/Oct/2020:18:15:51 -0700] "GET /getAllRequiredBooks HTTP/1.1" 302 -
0:0:0:0:0:0:0:1 - - [19/Oct/2020:18:15:51 -0700] "GET /getAllRequiredBooks HTTP/1.1" 302 -
0:0:0:0:0:0:0:1 - - [19/Oct/2020:18:15:51 -0700] "GET /getAllRequiredBooks HTTP/1.1" 302 -
0:0:0:0:0:0:0:1 - - [19/Oct/2020:18:15:51 -0700] "GET /getAllRequiredBooks HTTP/1.1" 302 -
0:0:0:0:0:0:0:1 - - [19/Oct/2020:18:15:51 -0700] "GET /getAllRequiredBooks HTTP/1.1" 302 -
0:0:0:0:0:0:0:1 - - [19/Oct/2020:18:15:51 -0700] "GET /getAllRequiredBooks HTTP/1.1" 302 -
0:0:0:0:0:0:0:1 - - [19/Oct/2020:18:15:51 -0700] "GET /getAllRequiredBooks HTTP/1.1" 302 -
0:0:0:0:0:0:0:1 - - [19/Oct/2020:18:15:51 -0700] "GET /getAllRequiredBooks HTTP/1.1" 302 -
0:0:0:0:0:0:0:1 - - [19/Oct/2020:18:15:51 -0700] "GET /getAllRequiredBooks HTTP/1.1" 302 -
0:0:0:0:0:0:0:1 - - [19/Oct/2020:18:15:51 -0700] "GET /getAllRequiredBooks HTTP/1.1" 302 -
0:0:0:0:0:0:0:1 - - [19/Oct/2020:18:15:51 -0700] "GET /getAllRequiredBooks HTTP/1.1" 302 -
0:0:0:0:0:0:0:1 - - [19/Oct/2020:18:15:51 -0700] "GET /getAllRequiredBooks HTTP/1.1" 302 -
0:0:0:0:0:0:0:1 - - [19/Oct/2020:18:15:51 -0700] "GET /getAllRequiredBooks HTTP/1.1" 302 -
0:0:0:0:0:0:0:1 - - [19/Oct/2020:18:15:51 -0700] "GET /getAllRequiredBooks HTTP/1.1" 302 -
0:0:0:0:0:0:0:1 - - [19/Oct/2020:18:15:51 -0700] "GET /getAllRequiredBooks HTTP/1.1" 302 -
0:0:0:0:0:0:0:1 - - [19/Oct/2020:18:15:51 -0700] "GET /getAllRequiredBooks HTTP/1.1" 302 -
0:0:0:0:0:0:0:1 - - [19/Oct/2020:18:15:51 -0700] "GET /getAllRequiredBooks HTTP/1.1" 302 -
0:0:0:0:0:0:0:1 - - [19/Oct/2020:18:15:51 -0700] "GET /getAllRequiredBooks HTTP/1.1" 302 -
0:0:0:0:0:0:0:1 - - [19/Oct/2020:18:15:51 -0700] "GET /getAllRequiredBooks HTTP/1.1" 302 -
0:0:0:0:0:0:0:1 - - [19/Oct/2020:18:15:51 -0700] "GET /getAllRequiredBooks HTTP/1.1" 302 -
0:0:0:0:0:0:0:1 - - [19/Oct/2020:18:15:52 -0700] "GET /getAllRequiredBooks HTTP/1.1" 302 -
0:0:0:0:0:0:0:1 - - [19/Oct/2020:18:15:52 -0700] "GET /getAllRequiredBooks HTTP/1.1" 302 -
0:0:0:0:0:0:0:1 - - [19/Oct/2020:18:15:52 -0700] "GET /getAllRequiredBooks HTTP/1.1" 302 -
0:0:0:0:0:0:0:1 - - [19/Oct/2020:18:15:52 -0700] "GET /getAllRequiredBooks HTTP/1.1" 302 -
0:0:0:0:0:0:0:1 - - [19/Oct/2020:18:15:52 -0700] "GET /getAllRequiredBooks HTTP/1.1" 302 -
0:0:0:0:0:0:0:1 - - [19/Oct/2020:18:15:52 -0700] "GET /getAllRequiredBooks HTTP/1.1" 302 -
0:0:0:0:0:0:0:1 - - [19/Oct/2020:18:15:52 -0700] "GET /getAllRequiredBooks HTTP/1.1" 302 -
0:0:0:0:0:0:0:1 - - [19/Oct/2020:18:15:52 -0700] "GET /getAllRequiredBooks HTTP/1.1" 302 -
0:0:0:0:0:0:0:1 - - [19/Oct/2020:18:15:52 -0700] "GET /getAllRequiredBooks HTTP/1.1" 302 -
0:0:0:0:0:0:0:1 - - [19/Oct/2020:18:15:52 -0700] "GET /getAllRequiredBooks HTTP/1.1" 302 -
0:0:0:0:0:0:0:1 - - [19/Oct/2020:18:15:52 -0700] "GET /getAllRequiredBooks HTTP/1.1" 302 -
0:0:0:0:0:0:0:1 - - [19/Oct/2020:18:15:52 -0700] "GET /getAllRequiredBooks HTTP/1.1" 302 -
0:0:0:0:0:0:0:1 - - [19/Oct/2020:18:15:52 -0700] "GET /getAllRequiredBooks HTTP/1.1" 302 -
0:0:0:0:0:0:0:1 - - [19/Oct/2020:18:15:52 -0700] "GET /getAllRequiredBooks HTTP/1.1" 302 -
0:0:0:0:0:0:0:1 - - [19/Oct/2020:18:15:52 -0700] "GET /getAllRequiredBooks HTTP/1.1" 302 -
0:0:0:0:0:0:0:1 - - [19/Oct/2020:18:15:52 -0700] "GET /getAllRequiredBooks HTTP/1.1" 302 -
0:0:0:0:0:0:0:1 - - [19/Oct/2020:18:15:52 -0700] "GET /getAllRequiredBooks HTTP/1.1" 302 -
0:0:0:0:0:0:0:1 - - [19/Oct/2020:18:15:52 -0700] "GET /getAllRequiredBooks HTTP/1.1" 302 -
0:0:0:0:0:0:0:1 - - [19/Oct/2020:18:15:52 -0700] "GET /getAllRequiredBooks HTTP/1.1" 302 -
0:0:0:0:0:0:0:1 - - [19/Oct/2020:18:15:52 -0700] "GET /getAllRequiredBooks HTTP/1.1" 302 -
0:0:0:0:0:0:0:1 - - [19/Oct/2020:18:15:53 -0700] "GET /loginSuccessful HTTP/1.1" 200 650
0:0:0:0:0:0:0:1 - - [19/Oct/2020:18:15:53 -0700] "GET /favicon.ico HTTP/1.1" 200 1150
0:0:0:0:0:0:0:1 - - [19/Oct/2020:18:15:53 -0700] "GET /getAllRequiredBooks HTTP/1.1" 302 -
0:0:0:0:0:0:0:1 - - [19/Oct/2020:18:15:53 -0700] "GET /getAllRequiredBooks HTTP/1.1" 302 -
0:0:0:0:0:0:0:1 - - [19/Oct/2020:18:15:53 -0700] "GET /getAllRequiredBooks HTTP/1.1" 302 -
0:0:0:0:0:0:0:1 - - [19/Oct/2020:18:15:53 -0700] "GET /getAllRequiredBooks HTTP/1.1" 302 -
0:0:0:0:0:0:0:1 - - [19/Oct/2020:18:15:53 -0700] "GET /getAllRequiredBooks HTTP/1.1" 302 -
0:0:0:0:0:0:0:1 - - [19/Oct/2020:18:15:53 -0700] "GET /getAllRequiredBooks HTTP/1.1" 302 -
0:0:0:0:0:0:0:1 - - [19/Oct/2020:18:15:53 -0700] "GET /getAllRequiredBooks HTTP/1.1" 302 -
0:0:0:0:0:0:0:1 - - [19/Oct/2020:18:15:53 -0700] "GET /getAllRequiredBooks HTTP/1.1" 302 -
0:0:0:0:0:0:0:1 - - [19/Oct/2020:18:15:53 -0700] "GET /getAllRequiredBooks HTTP/1.1" 302 -
0:0:0:0:0:0:0:1 - - [19/Oct/2020:18:15:53 -0700] "GET /getAllRequiredBooks HTTP/1.1" 302 -
0:0:0:0:0:0:0:1 - - [19/Oct/2020:18:15:53 -0700] "GET /getAllRequiredBooks HTTP/1.1" 302 -
0:0:0:0:0:0:0:1 - - [19/Oct/2020:18:15:53 -0700] "GET /getAllRequiredBooks HTTP/1.1" 302 -
0:0:0:0:0:0:0:1 - - [19/Oct/2020:18:15:53 -0700] "GET /getAllRequiredBooks HTTP/1.1" 302 -
0:0:0:0:0:0:0:1 - - [19/Oct/2020:18:15:53 -0700] "GET /getAllRequiredBooks HTTP/1.1" 302 -
0:0:0:0:0:0:0:1 - - [19/Oct/2020:18:15:53 -0700] "GET /getAllRequiredBooks HTTP/1.1" 302 -
0:0:0:0:0:0:0:1 - - [19/Oct/2020:18:15:53 -0700] "GET /getAllRequiredBooks HTTP/1.1" 302 -
0:0:0:0:0:0:0:1 - - [19/Oct/2020:18:15:53 -0700] "GET /getAllRequiredBooks HTTP/1.1" 302 -
0:0:0:0:0:0:0:1 - - [19/Oct/2020:18:15:53 -0700] "GET /getAllRequiredBooks HTTP/1.1" 302 -
0:0:0:0:0:0:0:1 - - [19/Oct/2020:18:15:53 -0700] "GET /getAllRequiredBooks HTTP/1.1" 302 -
0:0:0:0:0:0:0:1 - - [19/Oct/2020:18:15:54 -0700] "GET /getAllRequiredBooks HTTP/1.1" 302 -
0:0:0:0:0:0:0:1 - - [19/Oct/2020:18:15:54 -0700] "GET /loginSuccessful HTTP/1.1" 200 650
0:0:0:0:0:0:0:1 - - [19/Oct/2020:18:20:46 -0700] "GET /login HTTP/1.1" 200 1657
0:0:0:0:0:0:0:1 - - [19/Oct/2020:18:20:46 -0700] "GET /login HTTP/1.1" 200 1657
0:0:0:0:0:0:0:1 - - [19/Oct/2020:18:20:49 -0700] "POST /doLogin HTTP/1.1" 302 -
0:0:0:0:0:0:0:1 - - [19/Oct/2020:18:20:49 -0700] "GET /loginSuccessful HTTP/1.1" 200 650
0:0:0:0:0:0:0:1 - - [19/Oct/2020:18:20:50 -0700] "GET /getAllRequiredBooks HTTP/1.1" 302 -
0:0:0:0:0:0:0:1 - - [19/Oct/2020:18:20:50 -0700] "GET /abc HTTP/1.1" 200 732
0:0:0:0:0:0:0:1 - - [19/Oct/2020:18:22:35 -0700] "GET /login HTTP/1.1" 200 1657
0:0:0:0:0:0:0:1 - - [19/Oct/2020:18:22:38 -0700] "POST /doLogin HTTP/1.1" 302 -
0:0:0:0:0:0:0:1 - - [19/Oct/2020:18:22:38 -0700] "GET /loginSuccessful HTTP/1.1" 200 650
0:0:0:0:0:0:0:1 - - [19/Oct/2020:18:22:39 -0700] "GET /getAllRequiredBooks HTTP/1.1" 302 -
0:0:0:0:0:0:0:1 - - [19/Oct/2020:18:22:39 -0700] "GET /loginSuccessful HTTP/1.1" 200 726
0:0:0:0:0:0:0:1 - - [19/Oct/2020:18:22:54 -0700] "GET /login HTTP/1.1" 200 1657
0:0:0:0:0:0:0:1 - - [19/Oct/2020:18:22:57 -0700] "POST /doLogin HTTP/1.1" 302 -
0:0:0:0:0:0:0:1 - - [19/Oct/2020:18:22:57 -0700] "GET /loginSuccessful HTTP/1.1" 200 650
0:0:0:0:0:0:0:1 - - [19/Oct/2020:18:22:58 -0700] "GET /getAllRequiredBooks HTTP/1.1" 302 -
0:0:0:0:0:0:0:1 - - [19/Oct/2020:18:22:58 -0700] "GET /loginSuccessful HTTP/1.1" 200 726
0:0:0:0:0:0:0:1 - - [19/Oct/2020:18:23:14 -0700] "GET /loginSuccessful HTTP/1.1" 200 650
0:0:0:0:0:0:0:1 - - [19/Oct/2020:18:23:15 -0700] "GET /getAllRequiredBooks HTTP/1.1" 302 -
0:0:0:0:0:0:0:1 - - [19/Oct/2020:18:23:15 -0700] "GET /loginSuccessful HTTP/1.1" 200 719
0:0:0:0:0:0:0:1 - - [19/Oct/2020:18:23:32 -0700] "GET /searchBook HTTP/1.1" 200 678
0:0:0:0:0:0:0:1 - - [19/Oct/2020:18:23:35 -0700] "GET /searchBookByTitleOrAuthor?argument=vs HTTP/1.1" 302 -
0:0:0:0:0:0:0:1 - - [19/Oct/2020:18:23:35 -0700] "GET /searchBook HTTP/1.1" 200 760
0:0:0:0:0:0:0:1 - - [19/Oct/2020:18:23:39 -0700] "GET /searchBook HTTP/1.1" 200 678
0:0:0:0:0:0:0:1 - - [19/Oct/2020:18:23:44 -0700] "GET /loginSuccessful HTTP/1.1" 200 650
0:0:0:0:0:0:0:1 - - [19/Oct/2020:18:23:45 -0700] "GET /getAllRequiredBooks HTTP/1.1" 302 -
0:0:0:0:0:0:0:1 - - [19/Oct/2020:18:23:45 -0700] "GET /loginSuccessful HTTP/1.1" 200 719
0:0:0:0:0:0:0:1 - - [19/Oct/2020:19:28:34 -0700] "GET /login HTTP/1.1" 200 1657
0:0:0:0:0:0:0:1 - - [19/Oct/2020:19:28:34 -0700] "GET /login HTTP/1.1" 200 1657
0:0:0:0:0:0:0:1 - - [19/Oct/2020:19:28:38 -0700] "POST /doLogin HTTP/1.1" 302 -
0:0:0:0:0:0:0:1 - - [19/Oct/2020:19:28:38 -0700] "GET /loginSuccessful HTTP/1.1" 200 650
0:0:0:0:0:0:0:1 - - [19/Oct/2020:19:36:20 -0700] "GET /searchCourses HTTP/1.1" 200 547
0:0:0:0:0:0:0:1 - - [19/Oct/2020:19:36:23 -0700] "GET /searchCoursesByTitle?title=COMSC-75 HTTP/1.1" 200 1621
0:0:0:0:0:0:0:1 - - [19/Oct/2020:19:36:25 -0700] "GET /searchCourses HTTP/1.1" 200 547
0:0:0:0:0:0:0:1 - - [19/Oct/2020:20:11:50 -0700] "GET /searchCoursesByTitle?title=COMSC-76 HTTP/1.1" 302 -
0:0:0:0:0:0:0:1 - - [19/Oct/2020:20:11:50 -0700] "GET /login HTTP/1.1" 200 1657
0:0:0:0:0:0:0:1 - - [19/Oct/2020:20:11:57 -0700] "POST /doLogin HTTP/1.1" 302 -
0:0:0:0:0:0:0:1 - - [19/Oct/2020:20:11:57 -0700] "GET /loginSuccessful HTTP/1.1" 200 650
0:0:0:0:0:0:0:1 - - [19/Oct/2020:20:14:58 -0700] "GET /getAllRequiredBooks HTTP/1.1" 302 -
0:0:0:0:0:0:0:1 - - [19/Oct/2020:20:14:58 -0700] "GET /loginSuccessful HTTP/1.1" 200 719
