0:0:0:0:0:0:0:1 - - [15/Dec/2020:13:23:48 -0800] "GET /login HTTP/1.1" 200 2343
0:0:0:0:0:0:0:1 - - [15/Dec/2020:13:23:48 -0800] "GET /js/action.js HTTP/1.1" 200 -
0:0:0:0:0:0:0:1 - - [15/Dec/2020:13:23:49 -0800] "GET /css/main.css HTTP/1.1" 302 -
0:0:0:0:0:0:0:1 - - [15/Dec/2020:13:23:49 -0800] "GET /login HTTP/1.1" 200 2343
0:0:0:0:0:0:0:1 - - [15/Dec/2020:13:23:49 -0800] "GET /favicon.ico HTTP/1.1" 302 -
0:0:0:0:0:0:0:1 - - [15/Dec/2020:13:23:50 -0800] "GET /login HTTP/1.1" 200 2343
0:0:0:0:0:0:0:1 - - [15/Dec/2020:13:26:11 -0800] "GET /login HTTP/1.1" 200 2343
0:0:0:0:0:0:0:1 - - [15/Dec/2020:13:26:11 -0800] "GET /css/main.css HTTP/1.1" 302 -
0:0:0:0:0:0:0:1 - - [15/Dec/2020:13:26:11 -0800] "GET /js/action.js HTTP/1.1" 200 -
0:0:0:0:0:0:0:1 - - [15/Dec/2020:13:26:11 -0800] "GET /login HTTP/1.1" 200 2343
0:0:0:0:0:0:0:1 - - [15/Dec/2020:13:26:11 -0800] "GET /favicon.ico HTTP/1.1" 302 -
0:0:0:0:0:0:0:1 - - [15/Dec/2020:13:26:11 -0800] "GET /login HTTP/1.1" 200 2343
0:0:0:0:0:0:0:1 - - [15/Dec/2020:13:26:13 -0800] "GET /login HTTP/1.1" 200 2343
0:0:0:0:0:0:0:1 - - [15/Dec/2020:13:26:13 -0800] "GET /css/main.css HTTP/1.1" 302 -
0:0:0:0:0:0:0:1 - - [15/Dec/2020:13:26:13 -0800] "GET /js/action.js HTTP/1.1" 200 -
0:0:0:0:0:0:0:1 - - [15/Dec/2020:13:26:13 -0800] "GET /login HTTP/1.1" 200 2343
0:0:0:0:0:0:0:1 - - [15/Dec/2020:13:26:13 -0800] "GET /favicon.ico HTTP/1.1" 302 -
0:0:0:0:0:0:0:1 - - [15/Dec/2020:13:26:13 -0800] "GET /login HTTP/1.1" 200 2343
0:0:0:0:0:0:0:1 - - [15/Dec/2020:13:26:22 -0800] "GET /login HTTP/1.1" 200 2339
0:0:0:0:0:0:0:1 - - [15/Dec/2020:13:26:22 -0800] "GET /css/main.css HTTP/1.1" 302 -
0:0:0:0:0:0:0:1 - - [15/Dec/2020:13:26:22 -0800] "GET /js/action.js HTTP/1.1" 200 -
0:0:0:0:0:0:0:1 - - [15/Dec/2020:13:26:22 -0800] "GET /login HTTP/1.1" 200 2339
0:0:0:0:0:0:0:1 - - [15/Dec/2020:13:26:27 -0800] "GET /favicon.ico HTTP/1.1" 302 -
0:0:0:0:0:0:0:1 - - [15/Dec/2020:13:26:27 -0800] "GET /login HTTP/1.1" 200 2339
0:0:0:0:0:0:0:1 - - [15/Dec/2020:13:27:48 -0800] "GET /login HTTP/1.1" 200 5934
0:0:0:0:0:0:0:1 - - [15/Dec/2020:13:27:48 -0800] "GET /css/main.css HTTP/1.1" 302 -
0:0:0:0:0:0:0:1 - - [15/Dec/2020:13:27:48 -0800] "GET /js/action.js HTTP/1.1" 200 -
0:0:0:0:0:0:0:1 - - [15/Dec/2020:13:27:48 -0800] "GET /login HTTP/1.1" 200 5934
0:0:0:0:0:0:0:1 - - [15/Dec/2020:13:27:54 -0800] "GET /favicon.ico HTTP/1.1" 302 -
0:0:0:0:0:0:0:1 - - [15/Dec/2020:13:27:54 -0800] "GET /login HTTP/1.1" 200 5934
0:0:0:0:0:0:0:1 - - [15/Dec/2020:13:28:25 -0800] "GET /login HTTP/1.1" 200 5943
0:0:0:0:0:0:0:1 - - [15/Dec/2020:13:28:25 -0800] "GET /css/main.css HTTP/1.1" 302 -
0:0:0:0:0:0:0:1 - - [15/Dec/2020:13:28:25 -0800] "GET /js/action.js HTTP/1.1" 200 -
0:0:0:0:0:0:0:1 - - [15/Dec/2020:13:28:25 -0800] "GET /login HTTP/1.1" 200 5943
0:0:0:0:0:0:0:1 - - [15/Dec/2020:13:28:26 -0800] "GET /favicon.ico HTTP/1.1" 302 -
0:0:0:0:0:0:0:1 - - [15/Dec/2020:13:28:26 -0800] "GET /login HTTP/1.1" 200 5943
0:0:0:0:0:0:0:1 - - [15/Dec/2020:13:31:20 -0800] "GET /login HTTP/1.1" 200 5990
0:0:0:0:0:0:0:1 - - [15/Dec/2020:13:31:20 -0800] "GET /css/main.css HTTP/1.1" 302 -
0:0:0:0:0:0:0:1 - - [15/Dec/2020:13:31:20 -0800] "GET /js/action.js HTTP/1.1" 200 -
0:0:0:0:0:0:0:1 - - [15/Dec/2020:13:31:20 -0800] "GET /login HTTP/1.1" 200 5990
0:0:0:0:0:0:0:1 - - [15/Dec/2020:13:31:20 -0800] "GET /favicon.ico HTTP/1.1" 302 -
0:0:0:0:0:0:0:1 - - [15/Dec/2020:13:31:20 -0800] "GET /login HTTP/1.1" 200 5990
0:0:0:0:0:0:0:1 - - [15/Dec/2020:13:32:39 -0800] "GET /login HTTP/1.1" 200 5998
0:0:0:0:0:0:0:1 - - [15/Dec/2020:13:32:39 -0800] "GET /css/main.css HTTP/1.1" 302 -
0:0:0:0:0:0:0:1 - - [15/Dec/2020:13:32:39 -0800] "GET /js/action.js HTTP/1.1" 200 -
0:0:0:0:0:0:0:1 - - [15/Dec/2020:13:32:39 -0800] "GET /login HTTP/1.1" 200 5998
0:0:0:0:0:0:0:1 - - [15/Dec/2020:13:32:39 -0800] "GET /favicon.ico HTTP/1.1" 302 -
0:0:0:0:0:0:0:1 - - [15/Dec/2020:13:32:39 -0800] "GET /login HTTP/1.1" 200 5998
0:0:0:0:0:0:0:1 - - [15/Dec/2020:13:39:44 -0800] "GET /login HTTP/1.1" 200 5944
0:0:0:0:0:0:0:1 - - [15/Dec/2020:13:39:44 -0800] "GET /css/main.css HTTP/1.1" 302 -
0:0:0:0:0:0:0:1 - - [15/Dec/2020:13:39:44 -0800] "GET /js/action.js HTTP/1.1" 200 -
0:0:0:0:0:0:0:1 - - [15/Dec/2020:13:39:44 -0800] "GET /login HTTP/1.1" 200 5944
0:0:0:0:0:0:0:1 - - [15/Dec/2020:13:39:44 -0800] "GET /favicon.ico HTTP/1.1" 302 -
0:0:0:0:0:0:0:1 - - [15/Dec/2020:13:39:44 -0800] "GET /login HTTP/1.1" 200 5944
0:0:0:0:0:0:0:1 - - [15/Dec/2020:13:40:11 -0800] "GET /login HTTP/1.1" 200 2351
0:0:0:0:0:0:0:1 - - [15/Dec/2020:13:40:11 -0800] "GET /css/main.css HTTP/1.1" 302 -
0:0:0:0:0:0:0:1 - - [15/Dec/2020:13:40:11 -0800] "GET /js/action.js HTTP/1.1" 200 -
0:0:0:0:0:0:0:1 - - [15/Dec/2020:13:40:11 -0800] "GET /login HTTP/1.1" 200 2351
0:0:0:0:0:0:0:1 - - [15/Dec/2020:13:40:11 -0800] "GET /favicon.ico HTTP/1.1" 302 -
0:0:0:0:0:0:0:1 - - [15/Dec/2020:13:40:11 -0800] "GET /login HTTP/1.1" 200 2351
0:0:0:0:0:0:0:1 - - [15/Dec/2020:13:40:25 -0800] "GET /login HTTP/1.1" 200 2343
0:0:0:0:0:0:0:1 - - [15/Dec/2020:13:40:25 -0800] "GET /css/main.css HTTP/1.1" 302 -
0:0:0:0:0:0:0:1 - - [15/Dec/2020:13:40:25 -0800] "GET /js/action.js HTTP/1.1" 200 -
0:0:0:0:0:0:0:1 - - [15/Dec/2020:13:40:25 -0800] "GET /login HTTP/1.1" 200 2343
0:0:0:0:0:0:0:1 - - [15/Dec/2020:13:40:25 -0800] "GET /favicon.ico HTTP/1.1" 302 -
0:0:0:0:0:0:0:1 - - [15/Dec/2020:13:40:25 -0800] "GET /login HTTP/1.1" 200 2343
0:0:0:0:0:0:0:1 - - [15/Dec/2020:13:40:41 -0800] "GET /login HTTP/1.1" 200 6049
0:0:0:0:0:0:0:1 - - [15/Dec/2020:13:40:41 -0800] "GET /css/main.css HTTP/1.1" 302 -
0:0:0:0:0:0:0:1 - - [15/Dec/2020:13:40:41 -0800] "GET /js/action.js HTTP/1.1" 200 -
0:0:0:0:0:0:0:1 - - [15/Dec/2020:13:40:41 -0800] "GET /login HTTP/1.1" 200 6049
0:0:0:0:0:0:0:1 - - [15/Dec/2020:13:40:41 -0800] "GET /favicon.ico HTTP/1.1" 302 -
0:0:0:0:0:0:0:1 - - [15/Dec/2020:13:40:41 -0800] "GET /login HTTP/1.1" 200 6049
0:0:0:0:0:0:0:1 - - [15/Dec/2020:13:44:50 -0800] "GET /login HTTP/1.1" 200 6112
0:0:0:0:0:0:0:1 - - [15/Dec/2020:13:44:50 -0800] "GET /css/main.css HTTP/1.1" 302 -
0:0:0:0:0:0:0:1 - - [15/Dec/2020:13:44:50 -0800] "GET /js/action.js HTTP/1.1" 200 -
0:0:0:0:0:0:0:1 - - [15/Dec/2020:13:44:50 -0800] "GET /login HTTP/1.1" 200 6112
0:0:0:0:0:0:0:1 - - [15/Dec/2020:13:44:50 -0800] "GET /favicon.ico HTTP/1.1" 302 -
0:0:0:0:0:0:0:1 - - [15/Dec/2020:13:44:50 -0800] "GET /login HTTP/1.1" 200 6112
0:0:0:0:0:0:0:1 - - [15/Dec/2020:13:44:53 -0800] "GET /signup HTTP/1.1" 200 5306
0:0:0:0:0:0:0:1 - - [15/Dec/2020:13:44:53 -0800] "GET /css/main.css HTTP/1.1" 302 -
0:0:0:0:0:0:0:1 - - [15/Dec/2020:13:44:53 -0800] "GET /js/action.js HTTP/1.1" 200 -
0:0:0:0:0:0:0:1 - - [15/Dec/2020:13:44:53 -0800] "GET /login HTTP/1.1" 200 6112
0:0:0:0:0:0:0:1 - - [15/Dec/2020:13:44:54 -0800] "GET /favicon.ico HTTP/1.1" 302 -
0:0:0:0:0:0:0:1 - - [15/Dec/2020:13:44:54 -0800] "GET /login HTTP/1.1" 200 6112
0:0:0:0:0:0:0:1 - - [15/Dec/2020:13:44:55 -0800] "GET /login HTTP/1.1" 200 6112
0:0:0:0:0:0:0:1 - - [15/Dec/2020:13:44:55 -0800] "GET /css/main.css HTTP/1.1" 302 -
0:0:0:0:0:0:0:1 - - [15/Dec/2020:13:44:55 -0800] "GET /login HTTP/1.1" 200 6112
0:0:0:0:0:0:0:1 - - [15/Dec/2020:13:44:55 -0800] "GET /favicon.ico HTTP/1.1" 302 -
0:0:0:0:0:0:0:1 - - [15/Dec/2020:13:44:55 -0800] "GET /login HTTP/1.1" 200 6112
0:0:0:0:0:0:0:1 - - [15/Dec/2020:13:44:57 -0800] "GET /forgetPassword HTTP/1.1" 200 2825
0:0:0:0:0:0:0:1 - - [15/Dec/2020:13:44:57 -0800] "GET /js/pwstrength.js HTTP/1.1" 200 -
0:0:0:0:0:0:0:1 - - [15/Dec/2020:13:44:57 -0800] "GET /css/main.css HTTP/1.1" 302 -
0:0:0:0:0:0:0:1 - - [15/Dec/2020:13:44:57 -0800] "GET /js/action.js HTTP/1.1" 200 -
0:0:0:0:0:0:0:1 - - [15/Dec/2020:13:44:57 -0800] "GET /js/jquery-1.7.2.js HTTP/1.1" 200 293292
0:0:0:0:0:0:0:1 - - [15/Dec/2020:13:44:57 -0800] "GET /login HTTP/1.1" 200 6112
0:0:0:0:0:0:0:1 - - [15/Dec/2020:13:44:58 -0800] "GET /favicon.ico HTTP/1.1" 302 -
0:0:0:0:0:0:0:1 - - [15/Dec/2020:13:44:58 -0800] "GET /login HTTP/1.1" 200 6112
0:0:0:0:0:0:0:1 - - [15/Dec/2020:13:44:59 -0800] "GET /login HTTP/1.1" 200 6112
0:0:0:0:0:0:0:1 - - [15/Dec/2020:13:44:59 -0800] "GET /css/main.css HTTP/1.1" 302 -
0:0:0:0:0:0:0:1 - - [15/Dec/2020:13:44:59 -0800] "GET /login HTTP/1.1" 200 6112
0:0:0:0:0:0:0:1 - - [15/Dec/2020:13:44:59 -0800] "GET /favicon.ico HTTP/1.1" 302 -
0:0:0:0:0:0:0:1 - - [15/Dec/2020:13:44:59 -0800] "GET /login HTTP/1.1" 200 6112
0:0:0:0:0:0:0:1 - - [15/Dec/2020:13:45:07 -0800] "GET /forgetPassword HTTP/1.1" 200 2825
0:0:0:0:0:0:0:1 - - [15/Dec/2020:13:45:07 -0800] "GET /css/main.css HTTP/1.1" 302 -
0:0:0:0:0:0:0:1 - - [15/Dec/2020:13:45:07 -0800] "GET /js/pwstrength.js HTTP/1.1" 200 -
0:0:0:0:0:0:0:1 - - [15/Dec/2020:13:45:07 -0800] "GET /js/action.js HTTP/1.1" 200 -
0:0:0:0:0:0:0:1 - - [15/Dec/2020:13:45:07 -0800] "GET /js/jquery-1.7.2.js HTTP/1.1" 200 293292
0:0:0:0:0:0:0:1 - - [15/Dec/2020:13:45:07 -0800] "GET /login HTTP/1.1" 200 6112
0:0:0:0:0:0:0:1 - - [15/Dec/2020:13:45:07 -0800] "GET /favicon.ico HTTP/1.1" 302 -
0:0:0:0:0:0:0:1 - - [15/Dec/2020:13:45:07 -0800] "GET /login HTTP/1.1" 200 6112
0:0:0:0:0:0:0:1 - - [15/Dec/2020:13:45:09 -0800] "GET /login HTTP/1.1" 200 6112
0:0:0:0:0:0:0:1 - - [15/Dec/2020:13:45:09 -0800] "GET /css/main.css HTTP/1.1" 302 -
0:0:0:0:0:0:0:1 - - [15/Dec/2020:13:45:09 -0800] "GET /login HTTP/1.1" 200 6112
0:0:0:0:0:0:0:1 - - [15/Dec/2020:13:45:09 -0800] "GET /favicon.ico HTTP/1.1" 302 -
0:0:0:0:0:0:0:1 - - [15/Dec/2020:13:45:09 -0800] "GET /login HTTP/1.1" 200 6112
0:0:0:0:0:0:0:1 - - [15/Dec/2020:13:45:10 -0800] "GET /login?username=&password= HTTP/1.1" 302 -
0:0:0:0:0:0:0:1 - - [15/Dec/2020:13:45:10 -0800] "GET /login HTTP/1.1" 200 6112
0:0:0:0:0:0:0:1 - - [15/Dec/2020:13:45:10 -0800] "GET /css/main.css HTTP/1.1" 302 -
0:0:0:0:0:0:0:1 - - [15/Dec/2020:13:45:10 -0800] "GET /js/action.js HTTP/1.1" 200 -
0:0:0:0:0:0:0:1 - - [15/Dec/2020:13:45:10 -0800] "GET /login HTTP/1.1" 200 6112
0:0:0:0:0:0:0:1 - - [15/Dec/2020:13:45:10 -0800] "GET /favicon.ico HTTP/1.1" 302 -
0:0:0:0:0:0:0:1 - - [15/Dec/2020:13:45:10 -0800] "GET /login HTTP/1.1" 200 6112
0:0:0:0:0:0:0:1 - - [15/Dec/2020:13:45:18 -0800] "GET /login?username=bonguyens2001%40gmail.com&password=thuy HTTP/1.1" 302 -
0:0:0:0:0:0:0:1 - - [15/Dec/2020:13:45:18 -0800] "GET /login HTTP/1.1" 200 6112
0:0:0:0:0:0:0:1 - - [15/Dec/2020:13:45:18 -0800] "GET /css/main.css HTTP/1.1" 302 -
0:0:0:0:0:0:0:1 - - [15/Dec/2020:13:45:18 -0800] "GET /js/action.js HTTP/1.1" 200 -
0:0:0:0:0:0:0:1 - - [15/Dec/2020:13:45:18 -0800] "GET /login HTTP/1.1" 200 6112
0:0:0:0:0:0:0:1 - - [15/Dec/2020:13:45:18 -0800] "GET /favicon.ico HTTP/1.1" 302 -
0:0:0:0:0:0:0:1 - - [15/Dec/2020:13:45:18 -0800] "GET /login HTTP/1.1" 200 6112
0:0:0:0:0:0:0:1 - - [15/Dec/2020:13:45:40 -0800] "GET /login HTTP/1.1" 200 6112
0:0:0:0:0:0:0:1 - - [15/Dec/2020:13:45:40 -0800] "GET /css/main.css HTTP/1.1" 302 -
0:0:0:0:0:0:0:1 - - [15/Dec/2020:13:45:40 -0800] "GET /js/action.js HTTP/1.1" 200 -
0:0:0:0:0:0:0:1 - - [15/Dec/2020:13:45:40 -0800] "GET /login HTTP/1.1" 200 6112
0:0:0:0:0:0:0:1 - - [15/Dec/2020:13:45:40 -0800] "GET /favicon.ico HTTP/1.1" 302 -
0:0:0:0:0:0:0:1 - - [15/Dec/2020:13:45:40 -0800] "GET /login HTTP/1.1" 200 6112
0:0:0:0:0:0:0:1 - - [15/Dec/2020:13:45:43 -0800] "GET /login?username=bonguyens2001%40gmail.com&password=bo HTTP/1.1" 302 -
0:0:0:0:0:0:0:1 - - [15/Dec/2020:13:45:43 -0800] "GET /login HTTP/1.1" 200 6112
0:0:0:0:0:0:0:1 - - [15/Dec/2020:13:45:43 -0800] "GET /css/main.css HTTP/1.1" 302 -
0:0:0:0:0:0:0:1 - - [15/Dec/2020:13:45:43 -0800] "GET /js/action.js HTTP/1.1" 200 -
0:0:0:0:0:0:0:1 - - [15/Dec/2020:13:45:43 -0800] "GET /login HTTP/1.1" 200 6112
0:0:0:0:0:0:0:1 - - [15/Dec/2020:13:45:43 -0800] "GET /favicon.ico HTTP/1.1" 302 -
0:0:0:0:0:0:0:1 - - [15/Dec/2020:13:45:43 -0800] "GET /login HTTP/1.1" 200 6112
0:0:0:0:0:0:0:1 - - [15/Dec/2020:13:45:50 -0800] "GET /signup HTTP/1.1" 200 5306
0:0:0:0:0:0:0:1 - - [15/Dec/2020:13:45:50 -0800] "GET /css/main.css HTTP/1.1" 302 -
0:0:0:0:0:0:0:1 - - [15/Dec/2020:13:45:50 -0800] "GET /js/action.js HTTP/1.1" 200 -
0:0:0:0:0:0:0:1 - - [15/Dec/2020:13:45:50 -0800] "GET /login HTTP/1.1" 200 6112
0:0:0:0:0:0:0:1 - - [15/Dec/2020:13:45:50 -0800] "GET /favicon.ico HTTP/1.1" 302 -
0:0:0:0:0:0:0:1 - - [15/Dec/2020:13:45:50 -0800] "GET /login HTTP/1.1" 200 6112
0:0:0:0:0:0:0:1 - - [15/Dec/2020:13:46:03 -0800] "POST /signup HTTP/1.1" 200 5483
0:0:0:0:0:0:0:1 - - [15/Dec/2020:13:46:04 -0800] "GET /css/main.css HTTP/1.1" 302 -
0:0:0:0:0:0:0:1 - - [15/Dec/2020:13:46:04 -0800] "GET /js/action.js HTTP/1.1" 200 -
0:0:0:0:0:0:0:1 - - [15/Dec/2020:13:46:04 -0800] "GET /login HTTP/1.1" 200 6112
0:0:0:0:0:0:0:1 - - [15/Dec/2020:13:46:04 -0800] "GET /favicon.ico HTTP/1.1" 302 -
0:0:0:0:0:0:0:1 - - [15/Dec/2020:13:46:04 -0800] "GET /login HTTP/1.1" 200 6112
0:0:0:0:0:0:0:1 - - [15/Dec/2020:13:46:13 -0800] "GET /signup HTTP/1.1" 200 5306
0:0:0:0:0:0:0:1 - - [15/Dec/2020:13:46:13 -0800] "GET /css/main.css HTTP/1.1" 302 -
0:0:0:0:0:0:0:1 - - [15/Dec/2020:13:46:13 -0800] "GET /login HTTP/1.1" 200 6112
0:0:0:0:0:0:0:1 - - [15/Dec/2020:13:46:13 -0800] "GET /favicon.ico HTTP/1.1" 302 -
0:0:0:0:0:0:0:1 - - [15/Dec/2020:13:46:13 -0800] "GET /login HTTP/1.1" 200 6112
0:0:0:0:0:0:0:1 - - [15/Dec/2020:13:46:15 -0800] "GET /login HTTP/1.1" 200 6112
0:0:0:0:0:0:0:1 - - [15/Dec/2020:13:46:15 -0800] "GET /css/main.css HTTP/1.1" 302 -
0:0:0:0:0:0:0:1 - - [15/Dec/2020:13:46:15 -0800] "GET /login HTTP/1.1" 200 6112
0:0:0:0:0:0:0:1 - - [15/Dec/2020:13:46:15 -0800] "GET /favicon.ico HTTP/1.1" 302 -
0:0:0:0:0:0:0:1 - - [15/Dec/2020:13:46:15 -0800] "GET /login HTTP/1.1" 200 6112
0:0:0:0:0:0:0:1 - - [15/Dec/2020:13:46:18 -0800] "GET /login?username=bonguyens2001%40gmail.com&password=thuy HTTP/1.1" 302 -
0:0:0:0:0:0:0:1 - - [15/Dec/2020:13:46:19 -0800] "GET /login HTTP/1.1" 200 6112
0:0:0:0:0:0:0:1 - - [15/Dec/2020:13:46:19 -0800] "GET /css/main.css HTTP/1.1" 302 -
0:0:0:0:0:0:0:1 - - [15/Dec/2020:13:46:19 -0800] "GET /js/action.js HTTP/1.1" 200 -
0:0:0:0:0:0:0:1 - - [15/Dec/2020:13:46:19 -0800] "GET /login HTTP/1.1" 200 6112
0:0:0:0:0:0:0:1 - - [15/Dec/2020:13:46:19 -0800] "GET /favicon.ico HTTP/1.1" 302 -
0:0:0:0:0:0:0:1 - - [15/Dec/2020:13:46:19 -0800] "GET /login HTTP/1.1" 200 6112
0:0:0:0:0:0:0:1 - - [15/Dec/2020:13:46:22 -0800] "GET /login?username=bonguyens2001%40gmail.com&password=bo HTTP/1.1" 302 -
0:0:0:0:0:0:0:1 - - [15/Dec/2020:13:46:22 -0800] "GET /login HTTP/1.1" 200 6112
0:0:0:0:0:0:0:1 - - [15/Dec/2020:13:46:22 -0800] "GET /css/main.css HTTP/1.1" 302 -
0:0:0:0:0:0:0:1 - - [15/Dec/2020:13:46:22 -0800] "GET /js/action.js HTTP/1.1" 200 -
0:0:0:0:0:0:0:1 - - [15/Dec/2020:13:46:22 -0800] "GET /login HTTP/1.1" 200 6112
0:0:0:0:0:0:0:1 - - [15/Dec/2020:13:46:22 -0800] "GET /favicon.ico HTTP/1.1" 302 -
0:0:0:0:0:0:0:1 - - [15/Dec/2020:13:46:22 -0800] "GET /login HTTP/1.1" 200 6112
0:0:0:0:0:0:0:1 - - [15/Dec/2020:13:46:26 -0800] "GET /login?username=bonguyens2001%40gmail.com&password=anh HTTP/1.1" 302 -
0:0:0:0:0:0:0:1 - - [15/Dec/2020:13:46:26 -0800] "GET /login HTTP/1.1" 200 6112
0:0:0:0:0:0:0:1 - - [15/Dec/2020:13:46:26 -0800] "GET /css/main.css HTTP/1.1" 302 -
0:0:0:0:0:0:0:1 - - [15/Dec/2020:13:46:26 -0800] "GET /js/action.js HTTP/1.1" 200 -
0:0:0:0:0:0:0:1 - - [15/Dec/2020:13:46:26 -0800] "GET /login HTTP/1.1" 200 6112
0:0:0:0:0:0:0:1 - - [15/Dec/2020:13:46:26 -0800] "GET /favicon.ico HTTP/1.1" 302 -
0:0:0:0:0:0:0:1 - - [15/Dec/2020:13:46:26 -0800] "GET /login HTTP/1.1" 200 6112
0:0:0:0:0:0:0:1 - - [15/Dec/2020:13:46:36 -0800] "GET /signup HTTP/1.1" 200 5306
0:0:0:0:0:0:0:1 - - [15/Dec/2020:13:46:36 -0800] "GET /css/main.css HTTP/1.1" 302 -
0:0:0:0:0:0:0:1 - - [15/Dec/2020:13:46:36 -0800] "GET /js/action.js HTTP/1.1" 200 -
0:0:0:0:0:0:0:1 - - [15/Dec/2020:13:46:36 -0800] "GET /login HTTP/1.1" 200 6112
0:0:0:0:0:0:0:1 - - [15/Dec/2020:13:46:36 -0800] "GET /favicon.ico HTTP/1.1" 302 -
0:0:0:0:0:0:0:1 - - [15/Dec/2020:13:46:36 -0800] "GET /login HTTP/1.1" 200 6112
0:0:0:0:0:0:0:1 - - [15/Dec/2020:13:46:37 -0800] "GET /login HTTP/1.1" 200 6112
0:0:0:0:0:0:0:1 - - [15/Dec/2020:13:46:38 -0800] "GET /css/main.css HTTP/1.1" 302 -
0:0:0:0:0:0:0:1 - - [15/Dec/2020:13:46:38 -0800] "GET /login HTTP/1.1" 200 6112
0:0:0:0:0:0:0:1 - - [15/Dec/2020:13:46:38 -0800] "GET /favicon.ico HTTP/1.1" 302 -
0:0:0:0:0:0:0:1 - - [15/Dec/2020:13:46:38 -0800] "GET /login HTTP/1.1" 200 6112
0:0:0:0:0:0:0:1 - - [15/Dec/2020:13:49:58 -0800] "GET /login HTTP/1.1" 200 6144
0:0:0:0:0:0:0:1 - - [15/Dec/2020:13:49:58 -0800] "GET /css/main.css HTTP/1.1" 302 -
0:0:0:0:0:0:0:1 - - [15/Dec/2020:13:49:58 -0800] "GET /js/action.js HTTP/1.1" 200 -
0:0:0:0:0:0:0:1 - - [15/Dec/2020:13:49:58 -0800] "GET /login HTTP/1.1" 200 6144
0:0:0:0:0:0:0:1 - - [15/Dec/2020:13:49:58 -0800] "GET /favicon.ico HTTP/1.1" 302 -
0:0:0:0:0:0:0:1 - - [15/Dec/2020:13:49:58 -0800] "GET /login HTTP/1.1" 200 6144
0:0:0:0:0:0:0:1 - - [15/Dec/2020:13:50:04 -0800] "POST /doLogin HTTP/1.1" 302 -
0:0:0:0:0:0:0:1 - - [15/Dec/2020:13:50:04 -0800] "GET /loginSuccessful HTTP/1.1" 200 869
0:0:0:0:0:0:0:1 - - [15/Dec/2020:13:50:04 -0800] "GET /css/main.css HTTP/1.1" 200 6770
0:0:0:0:0:0:0:1 - - [15/Dec/2020:13:50:04 -0800] "GET /js/action.js HTTP/1.1" 200 -
0:0:0:0:0:0:0:1 - - [15/Dec/2020:13:50:05 -0800] "GET /favicon.ico HTTP/1.1" 200 1150
0:0:0:0:0:0:0:1 - - [15/Dec/2020:13:50:07 -0800] "GET /login HTTP/1.1" 200 6144
0:0:0:0:0:0:0:1 - - [15/Dec/2020:13:50:07 -0800] "GET /css/main.css HTTP/1.1" 200 6770
0:0:0:0:0:0:0:1 - - [15/Dec/2020:13:51:06 -0800] "POST /doLogin HTTP/1.1" 302 -
0:0:0:0:0:0:0:1 - - [15/Dec/2020:13:51:06 -0800] "GET /loginSuccessful HTTP/1.1" 200 869
0:0:0:0:0:0:0:1 - - [15/Dec/2020:13:51:06 -0800] "GET /js/action.js HTTP/1.1" 200 -
0:0:0:0:0:0:0:1 - - [15/Dec/2020:13:51:06 -0800] "GET /css/main.css HTTP/1.1" 200 6770
0:0:0:0:0:0:0:1 - - [15/Dec/2020:13:51:07 -0800] "GET /login HTTP/1.1" 200 6144
0:0:0:0:0:0:0:1 - - [15/Dec/2020:13:51:10 -0800] "POST /doLogin HTTP/1.1" 302 -
0:0:0:0:0:0:0:1 - - [15/Dec/2020:13:51:10 -0800] "GET /loginFailed HTTP/1.1" 302 -
0:0:0:0:0:0:0:1 - - [15/Dec/2020:13:51:10 -0800] "GET /login HTTP/1.1" 200 6213
0:0:0:0:0:0:0:1 - - [15/Dec/2020:13:51:10 -0800] "GET /css/main.css HTTP/1.1" 302 -
0:0:0:0:0:0:0:1 - - [15/Dec/2020:13:51:10 -0800] "GET /js/action.js HTTP/1.1" 200 -
0:0:0:0:0:0:0:1 - - [15/Dec/2020:13:51:10 -0800] "GET /login HTTP/1.1" 200 6144
0:0:0:0:0:0:0:1 - - [15/Dec/2020:13:51:25 -0800] "GET /login HTTP/1.1" 200 5960
0:0:0:0:0:0:0:1 - - [15/Dec/2020:13:51:25 -0800] "GET /css/main.css HTTP/1.1" 302 -
0:0:0:0:0:0:0:1 - - [15/Dec/2020:13:51:25 -0800] "GET /js/action.js HTTP/1.1" 200 -
0:0:0:0:0:0:0:1 - - [15/Dec/2020:13:51:25 -0800] "GET /login HTTP/1.1" 200 5960
0:0:0:0:0:0:0:1 - - [15/Dec/2020:13:51:29 -0800] "POST /doLogin HTTP/1.1" 302 -
0:0:0:0:0:0:0:1 - - [15/Dec/2020:13:51:29 -0800] "GET /loginFailed HTTP/1.1" 302 -
0:0:0:0:0:0:0:1 - - [15/Dec/2020:13:51:29 -0800] "GET /login HTTP/1.1" 200 6029
0:0:0:0:0:0:0:1 - - [15/Dec/2020:13:51:29 -0800] "GET /css/main.css HTTP/1.1" 302 -
0:0:0:0:0:0:0:1 - - [15/Dec/2020:13:51:29 -0800] "GET /js/action.js HTTP/1.1" 200 -
0:0:0:0:0:0:0:1 - - [15/Dec/2020:13:51:29 -0800] "GET /login HTTP/1.1" 200 5960
0:0:0:0:0:0:0:1 - - [15/Dec/2020:13:52:01 -0800] "GET /login HTTP/1.1" 200 5961
0:0:0:0:0:0:0:1 - - [15/Dec/2020:13:52:01 -0800] "GET /css/main.css HTTP/1.1" 302 -
0:0:0:0:0:0:0:1 - - [15/Dec/2020:13:52:01 -0800] "GET /js/action.js HTTP/1.1" 200 -
0:0:0:0:0:0:0:1 - - [15/Dec/2020:13:52:01 -0800] "GET /login HTTP/1.1" 200 5961
0:0:0:0:0:0:0:1 - - [15/Dec/2020:13:52:03 -0800] "POST /doLogin HTTP/1.1" 302 -
0:0:0:0:0:0:0:1 - - [15/Dec/2020:13:52:03 -0800] "GET /loginFailed HTTP/1.1" 302 -
0:0:0:0:0:0:0:1 - - [15/Dec/2020:13:52:03 -0800] "GET /login HTTP/1.1" 200 6030
0:0:0:0:0:0:0:1 - - [15/Dec/2020:13:52:03 -0800] "GET /css/main.css HTTP/1.1" 302 -
0:0:0:0:0:0:0:1 - - [15/Dec/2020:13:52:03 -0800] "GET /js/action.js HTTP/1.1" 200 -
0:0:0:0:0:0:0:1 - - [15/Dec/2020:13:52:03 -0800] "GET /login HTTP/1.1" 200 5961
0:0:0:0:0:0:0:1 - - [15/Dec/2020:13:53:23 -0800] "POST /doLogin HTTP/1.1" 302 -
0:0:0:0:0:0:0:1 - - [15/Dec/2020:13:53:23 -0800] "GET /loginSuccessful HTTP/1.1" 200 869
0:0:0:0:0:0:0:1 - - [15/Dec/2020:13:53:23 -0800] "GET /js/action.js HTTP/1.1" 200 -
0:0:0:0:0:0:0:1 - - [15/Dec/2020:13:53:23 -0800] "GET /css/main.css HTTP/1.1" 200 6770
0:0:0:0:0:0:0:1 - - [15/Dec/2020:13:53:29 -0800] "GET /login HTTP/1.1" 200 5961
0:0:0:0:0:0:0:1 - - [15/Dec/2020:13:53:44 -0800] "GET /loginSuccessful HTTP/1.1" 200 869
0:0:0:0:0:0:0:1 - - [15/Dec/2020:13:53:44 -0800] "GET /css/main.css HTTP/1.1" 200 6770
0:0:0:0:0:0:0:1 - - [15/Dec/2020:13:53:48 -0800] "GET /loginSuccessful HTTP/1.1" 200 869
0:0:0:0:0:0:0:1 - - [15/Dec/2020:13:53:48 -0800] "GET /css/main.css HTTP/1.1" 200 6770
0:0:0:0:0:0:0:1 - - [15/Dec/2020:13:53:48 -0800] "GET /js/action.js HTTP/1.1" 200 -
0:0:0:0:0:0:0:1 - - [15/Dec/2020:13:54:10 -0800] "GET /loginSuccessful HTTP/1.1" 302 -
0:0:0:0:0:0:0:1 - - [15/Dec/2020:13:54:10 -0800] "GET /login HTTP/1.1" 200 5961
0:0:0:0:0:0:0:1 - - [15/Dec/2020:13:54:10 -0800] "GET /css/main.css HTTP/1.1" 302 -
0:0:0:0:0:0:0:1 - - [15/Dec/2020:13:54:10 -0800] "GET /js/action.js HTTP/1.1" 200 -
0:0:0:0:0:0:0:1 - - [15/Dec/2020:13:54:10 -0800] "GET /login HTTP/1.1" 200 5961
0:0:0:0:0:0:0:1 - - [15/Dec/2020:13:54:17 -0800] "POST /doLogin HTTP/1.1" 302 -
0:0:0:0:0:0:0:1 - - [15/Dec/2020:13:54:17 -0800] "GET /loginSuccessful HTTP/1.1" 200 869
0:0:0:0:0:0:0:1 - - [15/Dec/2020:13:54:17 -0800] "GET /css/main.css HTTP/1.1" 200 6770
0:0:0:0:0:0:0:1 - - [15/Dec/2020:13:54:17 -0800] "GET /js/action.js HTTP/1.1" 200 -
0:0:0:0:0:0:0:1 - - [15/Dec/2020:13:54:23 -0800] "GET /loginSuccessful HTTP/1.1" 200 869
0:0:0:0:0:0:0:1 - - [15/Dec/2020:13:54:23 -0800] "GET /js/action.js HTTP/1.1" 200 -
0:0:0:0:0:0:0:1 - - [15/Dec/2020:13:54:23 -0800] "GET /css/main.css HTTP/1.1" 200 6770
0:0:0:0:0:0:0:1 - - [15/Dec/2020:13:54:57 -0800] "GET /loginSuccessful HTTP/1.1" 200 869
0:0:0:0:0:0:0:1 - - [15/Dec/2020:13:54:57 -0800] "GET /css/main.css HTTP/1.1" 200 6770
0:0:0:0:0:0:0:1 - - [15/Dec/2020:13:54:57 -0800] "GET /js/action.js HTTP/1.1" 200 -
0:0:0:0:0:0:0:1 - - [15/Dec/2020:13:55:05 -0800] "GET /login HTTP/1.1" 200 5961
0:0:0:0:0:0:0:1 - - [15/Dec/2020:13:55:06 -0800] "GET /css/main.css HTTP/1.1" 200 6770
0:0:0:0:0:0:0:1 - - [15/Dec/2020:13:55:06 -0800] "GET /js/action.js HTTP/1.1" 200 -
0:0:0:0:0:0:0:1 - - [15/Dec/2020:13:55:07 -0800] "GET /loginSuccessful HTTP/1.1" 200 869
0:0:0:0:0:0:0:1 - - [15/Dec/2020:13:55:07 -0800] "GET /css/main.css HTTP/1.1" 200 6770
0:0:0:0:0:0:0:1 - - [15/Dec/2020:13:55:07 -0800] "GET /js/action.js HTTP/1.1" 200 -
0:0:0:0:0:0:0:1 - - [15/Dec/2020:13:55:11 -0800] "GET /login HTTP/1.1" 200 5961
0:0:0:0:0:0:0:1 - - [15/Dec/2020:14:15:41 -0800] "POST /doLogin HTTP/1.1" 302 -
0:0:0:0:0:0:0:1 - - [15/Dec/2020:14:15:41 -0800] "GET /loginSuccessful HTTP/1.1" 200 940
0:0:0:0:0:0:0:1 - - [15/Dec/2020:14:15:41 -0800] "GET /css/main.css HTTP/1.1" 200 6770
0:0:0:0:0:0:0:1 - - [15/Dec/2020:14:15:41 -0800] "GET /js/action.js HTTP/1.1" 200 -
0:0:0:0:0:0:0:1 - - [15/Dec/2020:14:16:04 -0800] "GET /login HTTP/1.1" 200 5961
0:0:0:0:0:0:0:1 - - [15/Dec/2020:14:16:05 -0800] "GET /css/main.css HTTP/1.1" 200 6770
0:0:0:0:0:0:0:1 - - [15/Dec/2020:14:16:05 -0800] "GET /js/action.js HTTP/1.1" 200 -
0:0:0:0:0:0:0:1 - - [15/Dec/2020:14:16:08 -0800] "POST /doLogin HTTP/1.1" 302 -
0:0:0:0:0:0:0:1 - - [15/Dec/2020:14:16:08 -0800] "GET /loginSuccessful HTTP/1.1" 200 940
0:0:0:0:0:0:0:1 - - [15/Dec/2020:14:16:08 -0800] "GET /css/main.css HTTP/1.1" 200 6770
0:0:0:0:0:0:0:1 - - [15/Dec/2020:14:16:08 -0800] "GET /js/action.js HTTP/1.1" 200 -
0:0:0:0:0:0:0:1 - - [15/Dec/2020:14:16:09 -0800] "GET /doLogout? HTTP/1.1" 302 -
0:0:0:0:0:0:0:1 - - [15/Dec/2020:14:16:09 -0800] "GET /loginSuccessful HTTP/1.1" 200 940
0:0:0:0:0:0:0:1 - - [15/Dec/2020:14:16:09 -0800] "GET /js/action.js HTTP/1.1" 200 -
0:0:0:0:0:0:0:1 - - [15/Dec/2020:14:16:09 -0800] "GET /css/main.css HTTP/1.1" 302 -
0:0:0:0:0:0:0:1 - - [15/Dec/2020:14:16:09 -0800] "GET /login HTTP/1.1" 200 5961
0:0:0:0:0:0:0:1 - - [15/Dec/2020:14:16:12 -0800] "GET /doLogout? HTTP/1.1" 302 -
0:0:0:0:0:0:0:1 - - [15/Dec/2020:14:16:12 -0800] "GET /loginSuccessful HTTP/1.1" 200 940
0:0:0:0:0:0:0:1 - - [15/Dec/2020:14:16:12 -0800] "GET /css/main.css HTTP/1.1" 302 -
0:0:0:0:0:0:0:1 - - [15/Dec/2020:14:16:12 -0800] "GET /js/action.js HTTP/1.1" 200 -
0:0:0:0:0:0:0:1 - - [15/Dec/2020:14:16:12 -0800] "GET /login HTTP/1.1" 200 5961
0:0:0:0:0:0:0:1 - - [15/Dec/2020:14:16:13 -0800] "GET /doLogout? HTTP/1.1" 302 -
0:0:0:0:0:0:0:1 - - [15/Dec/2020:14:16:13 -0800] "GET /loginSuccessful HTTP/1.1" 200 940
0:0:0:0:0:0:0:1 - - [15/Dec/2020:14:16:13 -0800] "GET /css/main.css HTTP/1.1" 302 -
0:0:0:0:0:0:0:1 - - [15/Dec/2020:14:16:13 -0800] "GET /js/action.js HTTP/1.1" 200 -
0:0:0:0:0:0:0:1 - - [15/Dec/2020:14:16:13 -0800] "GET /login HTTP/1.1" 200 5961
0:0:0:0:0:0:0:1 - - [15/Dec/2020:14:16:51 -0800] "GET /login HTTP/1.1" 200 5961
127.0.0.1 - - [15/Dec/2020:14:16:52 -0800] "GET /js/action.js HTTP/1.1" 200 -
0:0:0:0:0:0:0:1 - - [15/Dec/2020:14:16:52 -0800] "GET /css/main.css HTTP/1.1" 302 -
0:0:0:0:0:0:0:1 - - [15/Dec/2020:14:16:52 -0800] "GET /login HTTP/1.1" 200 5961
0:0:0:0:0:0:0:1 - - [15/Dec/2020:14:16:59 -0800] "GET /login HTTP/1.1" 200 5961
0:0:0:0:0:0:0:1 - - [15/Dec/2020:14:16:59 -0800] "GET /css/main.css HTTP/1.1" 302 -
127.0.0.1 - - [15/Dec/2020:14:16:59 -0800] "GET /js/action.js HTTP/1.1" 200 -
0:0:0:0:0:0:0:1 - - [15/Dec/2020:14:16:59 -0800] "GET /login HTTP/1.1" 200 5961
0:0:0:0:0:0:0:1 - - [15/Dec/2020:14:17:02 -0800] "POST /doLogin HTTP/1.1" 302 -
0:0:0:0:0:0:0:1 - - [15/Dec/2020:14:17:02 -0800] "GET /loginSuccessful HTTP/1.1" 200 940
0:0:0:0:0:0:0:1 - - [15/Dec/2020:14:17:02 -0800] "GET /css/main.css HTTP/1.1" 200 6770
127.0.0.1 - - [15/Dec/2020:14:17:02 -0800] "GET /js/action.js HTTP/1.1" 200 -
0:0:0:0:0:0:0:1 - - [15/Dec/2020:14:17:05 -0800] "GET /loginSuccessful HTTP/1.1" 200 940
0:0:0:0:0:0:0:1 - - [15/Dec/2020:14:17:06 -0800] "GET /css/main.css HTTP/1.1" 200 6770
127.0.0.1 - - [15/Dec/2020:14:17:06 -0800] "GET /js/action.js HTTP/1.1" 200 -
0:0:0:0:0:0:0:1 - - [15/Dec/2020:14:17:09 -0800] "GET /loginSuccessful HTTP/1.1" 302 -
0:0:0:0:0:0:0:1 - - [15/Dec/2020:14:17:09 -0800] "GET /login HTTP/1.1" 200 5961
0:0:0:0:0:0:0:1 - - [15/Dec/2020:14:17:09 -0800] "GET /css/main.css HTTP/1.1" 302 -
0:0:0:0:0:0:0:1 - - [15/Dec/2020:14:17:09 -0800] "GET /js/action.js HTTP/1.1" 200 -
0:0:0:0:0:0:0:1 - - [15/Dec/2020:14:17:09 -0800] "GET /login HTTP/1.1" 200 5961
0:0:0:0:0:0:0:1 - - [15/Dec/2020:14:17:13 -0800] "POST /doLogin HTTP/1.1" 302 -
0:0:0:0:0:0:0:1 - - [15/Dec/2020:14:17:13 -0800] "GET /loginSuccessful HTTP/1.1" 200 940
0:0:0:0:0:0:0:1 - - [15/Dec/2020:14:17:14 -0800] "GET /js/action.js HTTP/1.1" 200 -
0:0:0:0:0:0:0:1 - - [15/Dec/2020:14:17:14 -0800] "GET /css/main.css HTTP/1.1" 200 6770
0:0:0:0:0:0:0:1 - - [15/Dec/2020:14:17:15 -0800] "GET /doLogout? HTTP/1.1" 302 -
0:0:0:0:0:0:0:1 - - [15/Dec/2020:14:17:15 -0800] "GET /login HTTP/1.1" 200 5961
0:0:0:0:0:0:0:1 - - [15/Dec/2020:14:17:15 -0800] "GET /css/main.css HTTP/1.1" 302 -
0:0:0:0:0:0:0:1 - - [15/Dec/2020:14:17:15 -0800] "GET /js/action.js HTTP/1.1" 200 -
0:0:0:0:0:0:0:1 - - [15/Dec/2020:14:17:15 -0800] "GET /login HTTP/1.1" 200 5961
0:0:0:0:0:0:0:1 - - [15/Dec/2020:14:17:21 -0800] "GET /loginSuccessful HTTP/1.1" 302 -
0:0:0:0:0:0:0:1 - - [15/Dec/2020:14:17:21 -0800] "GET /login HTTP/1.1" 200 5961
0:0:0:0:0:0:0:1 - - [15/Dec/2020:14:17:21 -0800] "GET /css/main.css HTTP/1.1" 302 -
0:0:0:0:0:0:0:1 - - [15/Dec/2020:14:17:21 -0800] "GET /js/action.js HTTP/1.1" 200 -
0:0:0:0:0:0:0:1 - - [15/Dec/2020:14:17:21 -0800] "GET /login HTTP/1.1" 200 5961
0:0:0:0:0:0:0:1 - - [15/Dec/2020:14:17:23 -0800] "GET /loginSuccessful HTTP/1.1" 302 -
0:0:0:0:0:0:0:1 - - [15/Dec/2020:14:17:23 -0800] "GET /login HTTP/1.1" 200 5961
0:0:0:0:0:0:0:1 - - [15/Dec/2020:14:17:23 -0800] "GET /css/main.css HTTP/1.1" 302 -
0:0:0:0:0:0:0:1 - - [15/Dec/2020:14:17:23 -0800] "GET /js/action.js HTTP/1.1" 200 -
0:0:0:0:0:0:0:1 - - [15/Dec/2020:14:17:23 -0800] "GET /login HTTP/1.1" 200 5961
0:0:0:0:0:0:0:1 - - [15/Dec/2020:14:17:27 -0800] "GET /loginSuccessful HTTP/1.1" 302 -
0:0:0:0:0:0:0:1 - - [15/Dec/2020:14:17:27 -0800] "GET /login HTTP/1.1" 200 5961
0:0:0:0:0:0:0:1 - - [15/Dec/2020:14:17:27 -0800] "GET /css/main.css HTTP/1.1" 302 -
0:0:0:0:0:0:0:1 - - [15/Dec/2020:14:17:27 -0800] "GET /js/action.js HTTP/1.1" 200 -
0:0:0:0:0:0:0:1 - - [15/Dec/2020:14:17:27 -0800] "GET /login HTTP/1.1" 200 5961
0:0:0:0:0:0:0:1 - - [15/Dec/2020:14:20:16 -0800] "GET /signup HTTP/1.1" 200 5306
0:0:0:0:0:0:0:1 - - [15/Dec/2020:14:20:16 -0800] "GET /css/main.css HTTP/1.1" 302 -
0:0:0:0:0:0:0:1 - - [15/Dec/2020:14:20:16 -0800] "GET /js/action.js HTTP/1.1" 200 -
0:0:0:0:0:0:0:1 - - [15/Dec/2020:14:20:16 -0800] "GET /login HTTP/1.1" 200 5961
0:0:0:0:0:0:0:1 - - [15/Dec/2020:14:20:18 -0800] "GET /login HTTP/1.1" 200 5961
0:0:0:0:0:0:0:1 - - [15/Dec/2020:14:20:18 -0800] "GET /css/main.css HTTP/1.1" 302 -
0:0:0:0:0:0:0:1 - - [15/Dec/2020:14:20:18 -0800] "GET /login HTTP/1.1" 200 5961
0:0:0:0:0:0:0:1 - - [15/Dec/2020:14:20:21 -0800] "POST /doLogin HTTP/1.1" 302 -
0:0:0:0:0:0:0:1 - - [15/Dec/2020:14:20:21 -0800] "GET /loginFailed HTTP/1.1" 302 -
0:0:0:0:0:0:0:1 - - [15/Dec/2020:14:20:21 -0800] "GET /login HTTP/1.1" 200 6030
0:0:0:0:0:0:0:1 - - [15/Dec/2020:14:20:21 -0800] "GET /css/main.css HTTP/1.1" 302 -
0:0:0:0:0:0:0:1 - - [15/Dec/2020:14:20:21 -0800] "GET /js/action.js HTTP/1.1" 200 -
0:0:0:0:0:0:0:1 - - [15/Dec/2020:14:20:21 -0800] "GET /login HTTP/1.1" 200 5961
0:0:0:0:0:0:0:1 - - [15/Dec/2020:14:20:23 -0800] "GET /forgetPassword HTTP/1.1" 200 2825
0:0:0:0:0:0:0:1 - - [15/Dec/2020:14:20:23 -0800] "GET /css/main.css HTTP/1.1" 302 -
0:0:0:0:0:0:0:1 - - [15/Dec/2020:14:20:23 -0800] "GET /js/pwstrength.js HTTP/1.1" 200 -
0:0:0:0:0:0:0:1 - - [15/Dec/2020:14:20:23 -0800] "GET /js/jquery-1.7.2.js HTTP/1.1" 200 293292
0:0:0:0:0:0:0:1 - - [15/Dec/2020:14:20:23 -0800] "GET /js/action.js HTTP/1.1" 200 -
0:0:0:0:0:0:0:1 - - [15/Dec/2020:14:20:23 -0800] "GET /login HTTP/1.1" 200 5961
0:0:0:0:0:0:0:1 - - [15/Dec/2020:14:20:23 -0800] "GET /css/main.css HTTP/1.1" 302 -
0:0:0:0:0:0:0:1 - - [15/Dec/2020:14:20:23 -0800] "GET /login HTTP/1.1" 200 5961
0:0:0:0:0:0:0:1 - - [15/Dec/2020:14:20:25 -0800] "GET /login HTTP/1.1" 200 5961
0:0:0:0:0:0:0:1 - - [15/Dec/2020:14:20:26 -0800] "GET /css/main.css HTTP/1.1" 302 -
0:0:0:0:0:0:0:1 - - [15/Dec/2020:14:20:26 -0800] "GET /login HTTP/1.1" 200 5961
0:0:0:0:0:0:0:1 - - [15/Dec/2020:14:20:30 -0800] "GET /forgetPassword HTTP/1.1" 200 2825
0:0:0:0:0:0:0:1 - - [15/Dec/2020:14:20:31 -0800] "GET /css/main.css HTTP/1.1" 302 -
0:0:0:0:0:0:0:1 - - [15/Dec/2020:14:20:31 -0800] "GET /js/pwstrength.js HTTP/1.1" 200 -
0:0:0:0:0:0:0:1 - - [15/Dec/2020:14:20:31 -0800] "GET /js/action.js HTTP/1.1" 200 -
0:0:0:0:0:0:0:1 - - [15/Dec/2020:14:20:31 -0800] "GET /js/jquery-1.7.2.js HTTP/1.1" 200 293292
0:0:0:0:0:0:0:1 - - [15/Dec/2020:14:20:31 -0800] "GET /login HTTP/1.1" 200 5961
0:0:0:0:0:0:0:1 - - [15/Dec/2020:14:20:31 -0800] "GET /css/main.css HTTP/1.1" 302 -
0:0:0:0:0:0:0:1 - - [15/Dec/2020:14:20:31 -0800] "GET /login HTTP/1.1" 200 5961
0:0:0:0:0:0:0:1 - - [15/Dec/2020:14:20:32 -0800] "GET /login HTTP/1.1" 200 5961
0:0:0:0:0:0:0:1 - - [15/Dec/2020:14:20:32 -0800] "GET /css/main.css HTTP/1.1" 302 -
0:0:0:0:0:0:0:1 - - [15/Dec/2020:14:20:32 -0800] "GET /login HTTP/1.1" 200 5961
0:0:0:0:0:0:0:1 - - [15/Dec/2020:14:45:41 -0800] "GET /login HTTP/1.1" 200 5961
0:0:0:0:0:0:0:1 - - [15/Dec/2020:14:45:41 -0800] "GET /css/main.css HTTP/1.1" 302 -
0:0:0:0:0:0:0:1 - - [15/Dec/2020:14:45:41 -0800] "GET /js/action.js HTTP/1.1" 200 -
0:0:0:0:0:0:0:1 - - [15/Dec/2020:14:45:41 -0800] "GET /login HTTP/1.1" 200 5961
0:0:0:0:0:0:0:1 - - [15/Dec/2020:14:45:59 -0800] "GET /login HTTP/1.1" 200 5961
0:0:0:0:0:0:0:1 - - [15/Dec/2020:14:45:59 -0800] "GET /css/main.css HTTP/1.1" 302 -
0:0:0:0:0:0:0:1 - - [15/Dec/2020:14:45:59 -0800] "GET /js/action.js HTTP/1.1" 200 -
0:0:0:0:0:0:0:1 - - [15/Dec/2020:14:45:59 -0800] "GET /login HTTP/1.1" 200 5961
0:0:0:0:0:0:0:1 - - [15/Dec/2020:14:46:06 -0800] "GET /login HTTP/1.1" 200 5961
0:0:0:0:0:0:0:1 - - [15/Dec/2020:14:46:06 -0800] "GET /css/main.css HTTP/1.1" 302 -
0:0:0:0:0:0:0:1 - - [15/Dec/2020:14:46:06 -0800] "GET /js/action.js HTTP/1.1" 200 -
0:0:0:0:0:0:0:1 - - [15/Dec/2020:14:46:06 -0800] "GET /login HTTP/1.1" 200 5961
0:0:0:0:0:0:0:1 - - [15/Dec/2020:14:46:28 -0800] "GET /login HTTP/1.1" 200 5961
0:0:0:0:0:0:0:1 - - [15/Dec/2020:14:46:28 -0800] "GET /css/main.css HTTP/1.1" 302 -
0:0:0:0:0:0:0:1 - - [15/Dec/2020:14:46:28 -0800] "GET /js/action.js HTTP/1.1" 200 -
0:0:0:0:0:0:0:1 - - [15/Dec/2020:14:46:28 -0800] "GET /login HTTP/1.1" 200 5961
0:0:0:0:0:0:0:1 - - [15/Dec/2020:14:46:39 -0800] "GET /login HTTP/1.1" 200 5961
0:0:0:0:0:0:0:1 - - [15/Dec/2020:14:46:39 -0800] "GET /css/main.css HTTP/1.1" 302 -
0:0:0:0:0:0:0:1 - - [15/Dec/2020:14:46:39 -0800] "GET /js/action.js HTTP/1.1" 200 -
0:0:0:0:0:0:0:1 - - [15/Dec/2020:14:46:39 -0800] "GET /login HTTP/1.1" 200 5961
0:0:0:0:0:0:0:1 - - [15/Dec/2020:14:46:50 -0800] "GET /login HTTP/1.1" 200 5961
0:0:0:0:0:0:0:1 - - [15/Dec/2020:14:46:50 -0800] "GET /css/main.css HTTP/1.1" 302 -
0:0:0:0:0:0:0:1 - - [15/Dec/2020:14:46:50 -0800] "GET /js/action.js HTTP/1.1" 200 -
0:0:0:0:0:0:0:1 - - [15/Dec/2020:14:46:50 -0800] "GET /login HTTP/1.1" 200 5961
0:0:0:0:0:0:0:1 - - [15/Dec/2020:14:46:53 -0800] "GET /login HTTP/1.1" 200 5961
0:0:0:0:0:0:0:1 - - [15/Dec/2020:14:46:53 -0800] "GET /css/main.css HTTP/1.1" 302 -
0:0:0:0:0:0:0:1 - - [15/Dec/2020:14:46:53 -0800] "GET /js/action.js HTTP/1.1" 200 -
0:0:0:0:0:0:0:1 - - [15/Dec/2020:14:46:53 -0800] "GET /login HTTP/1.1" 200 5961
0:0:0:0:0:0:0:1 - - [15/Dec/2020:14:47:07 -0800] "GET /login HTTP/1.1" 200 5961
0:0:0:0:0:0:0:1 - - [15/Dec/2020:14:47:07 -0800] "GET /css/main.css HTTP/1.1" 302 -
0:0:0:0:0:0:0:1 - - [15/Dec/2020:14:47:07 -0800] "GET /js/action.js HTTP/1.1" 200 -
0:0:0:0:0:0:0:1 - - [15/Dec/2020:14:47:07 -0800] "GET /login HTTP/1.1" 200 5961
0:0:0:0:0:0:0:1 - - [15/Dec/2020:14:47:16 -0800] "GET /login HTTP/1.1" 200 5961
0:0:0:0:0:0:0:1 - - [15/Dec/2020:14:47:16 -0800] "GET /css/main.css HTTP/1.1" 302 -
0:0:0:0:0:0:0:1 - - [15/Dec/2020:14:47:16 -0800] "GET /js/action.js HTTP/1.1" 200 -
0:0:0:0:0:0:0:1 - - [15/Dec/2020:14:47:16 -0800] "GET /login HTTP/1.1" 200 5961
0:0:0:0:0:0:0:1 - - [15/Dec/2020:14:48:12 -0800] "POST /doLogin HTTP/1.1" 302 -
0:0:0:0:0:0:0:1 - - [15/Dec/2020:14:48:12 -0800] "GET /loginSuccessful HTTP/1.1" 200 940
0:0:0:0:0:0:0:1 - - [15/Dec/2020:14:48:12 -0800] "GET /js/action.js HTTP/1.1" 200 -
0:0:0:0:0:0:0:1 - - [15/Dec/2020:14:48:12 -0800] "GET /css/main.css HTTP/1.1" 200 6770
0:0:0:0:0:0:0:1 - - [15/Dec/2020:14:48:14 -0800] "GET /searchCourses HTTP/1.1" 200 1001
0:0:0:0:0:0:0:1 - - [15/Dec/2020:14:48:14 -0800] "GET /css/main.css HTTP/1.1" 200 6770
0:0:0:0:0:0:0:1 - - [15/Dec/2020:14:48:14 -0800] "GET /js/action.js HTTP/1.1" 200 -
0:0:0:0:0:0:0:1 - - [15/Dec/2020:14:48:27 -0800] "GET /searchCoursesBySubject?subject=Computer_Science HTTP/1.1" 200 3627
0:0:0:0:0:0:0:1 - - [15/Dec/2020:14:48:27 -0800] "GET /js/action.js HTTP/1.1" 200 -
0:0:0:0:0:0:0:1 - - [15/Dec/2020:14:48:27 -0800] "GET /css/main.css HTTP/1.1" 200 6770
0:0:0:0:0:0:0:1 - - [15/Dec/2020:14:48:35 -0800] "GET /searchCourses HTTP/1.1" 200 1001
0:0:0:0:0:0:0:1 - - [15/Dec/2020:14:48:35 -0800] "GET /css/main.css HTTP/1.1" 200 6770
0:0:0:0:0:0:0:1 - - [15/Dec/2020:14:48:37 -0800] "GET /searchCoursesBySubject?subject=Computer_Science HTTP/1.1" 200 3627
0:0:0:0:0:0:0:1 - - [15/Dec/2020:14:48:37 -0800] "GET /css/main.css HTTP/1.1" 200 6770
0:0:0:0:0:0:0:1 - - [15/Dec/2020:14:48:37 -0800] "GET /js/action.js HTTP/1.1" 200 -
0:0:0:0:0:0:0:1 - - [15/Dec/2020:14:48:41 -0800] "GET /searchCourses HTTP/1.1" 200 1001
0:0:0:0:0:0:0:1 - - [15/Dec/2020:14:48:44 -0800] "GET /loginSuccessful HTTP/1.1" 200 940
0:0:0:0:0:0:0:1 - - [15/Dec/2020:14:48:44 -0800] "GET /login HTTP/1.1" 200 5961
0:0:0:0:0:0:0:1 - - [15/Dec/2020:14:58:14 -0800] "POST /doLogin HTTP/1.1" 302 -
0:0:0:0:0:0:0:1 - - [15/Dec/2020:14:58:14 -0800] "GET /loginSuccessful HTTP/1.1" 200 940
0:0:0:0:0:0:0:1 - - [15/Dec/2020:14:58:14 -0800] "GET /css/main.css HTTP/1.1" 200 6770
0:0:0:0:0:0:0:1 - - [15/Dec/2020:14:58:14 -0800] "GET /js/action.js HTTP/1.1" 200 -
0:0:0:0:0:0:0:1 - - [15/Dec/2020:14:58:18 -0800] "GET /login HTTP/1.1" 200 5961
0:0:0:0:0:0:0:1 - - [15/Dec/2020:15:21:03 -0800] "POST /doLogin HTTP/1.1" 302 -
0:0:0:0:0:0:0:1 - - [15/Dec/2020:15:21:03 -0800] "GET /loginSuccessful HTTP/1.1" 200 940
0:0:0:0:0:0:0:1 - - [15/Dec/2020:15:21:03 -0800] "GET /css/main.css HTTP/1.1" 200 6770
0:0:0:0:0:0:0:1 - - [15/Dec/2020:15:21:03 -0800] "GET /js/action.js HTTP/1.1" 200 -
0:0:0:0:0:0:0:1 - - [15/Dec/2020:15:21:09 -0800] "GET /doLogout? HTTP/1.1" 302 -
0:0:0:0:0:0:0:1 - - [15/Dec/2020:15:21:09 -0800] "GET /login HTTP/1.1" 200 5961
0:0:0:0:0:0:0:1 - - [15/Dec/2020:15:21:09 -0800] "GET /css/main.css HTTP/1.1" 302 -
0:0:0:0:0:0:0:1 - - [15/Dec/2020:15:21:09 -0800] "GET /js/action.js HTTP/1.1" 200 -
0:0:0:0:0:0:0:1 - - [15/Dec/2020:15:21:09 -0800] "GET /login HTTP/1.1" 200 5961
0:0:0:0:0:0:0:1 - - [15/Dec/2020:15:21:14 -0800] "GET /signIn HTTP/1.1" 302 -
0:0:0:0:0:0:0:1 - - [15/Dec/2020:15:21:16 -0800] "GET /loginSuccessful HTTP/1.1" 302 -
0:0:0:0:0:0:0:1 - - [15/Dec/2020:15:21:16 -0800] "GET /login HTTP/1.1" 200 5961
0:0:0:0:0:0:0:1 - - [15/Dec/2020:15:21:17 -0800] "GET /css/main.css HTTP/1.1" 302 -
0:0:0:0:0:0:0:1 - - [15/Dec/2020:15:21:17 -0800] "GET /login HTTP/1.1" 200 5961
0:0:0:0:0:0:0:1 - - [15/Dec/2020:15:21:20 -0800] "POST /doLogin HTTP/1.1" 302 -
0:0:0:0:0:0:0:1 - - [15/Dec/2020:15:21:20 -0800] "GET /loginSuccessful HTTP/1.1" 200 940
0:0:0:0:0:0:0:1 - - [15/Dec/2020:15:21:20 -0800] "GET /js/action.js HTTP/1.1" 200 -
0:0:0:0:0:0:0:1 - - [15/Dec/2020:15:21:20 -0800] "GET /css/main.css HTTP/1.1" 200 6770
0:0:0:0:0:0:0:1 - - [15/Dec/2020:15:21:22 -0800] "GET /doLogout? HTTP/1.1" 302 -
0:0:0:0:0:0:0:1 - - [15/Dec/2020:15:21:22 -0800] "GET /login HTTP/1.1" 200 5961
0:0:0:0:0:0:0:1 - - [15/Dec/2020:15:21:22 -0800] "GET /css/main.css HTTP/1.1" 302 -
0:0:0:0:0:0:0:1 - - [15/Dec/2020:15:21:22 -0800] "GET /js/action.js HTTP/1.1" 200 -
0:0:0:0:0:0:0:1 - - [15/Dec/2020:15:21:22 -0800] "GET /login HTTP/1.1" 200 5961
0:0:0:0:0:0:0:1 - - [15/Dec/2020:15:21:23 -0800] "GET /loginSuccessful HTTP/1.1" 302 -
0:0:0:0:0:0:0:1 - - [15/Dec/2020:15:21:23 -0800] "GET /login HTTP/1.1" 200 5961
0:0:0:0:0:0:0:1 - - [15/Dec/2020:15:21:23 -0800] "GET /css/main.css HTTP/1.1" 302 -
0:0:0:0:0:0:0:1 - - [15/Dec/2020:15:21:23 -0800] "GET /js/action.js HTTP/1.1" 200 -
0:0:0:0:0:0:0:1 - - [15/Dec/2020:15:21:23 -0800] "GET /login HTTP/1.1" 200 5961
0:0:0:0:0:0:0:1 - - [15/Dec/2020:15:21:24 -0800] "GET /loginSuccessful HTTP/1.1" 302 -
0:0:0:0:0:0:0:1 - - [15/Dec/2020:15:21:24 -0800] "GET /login HTTP/1.1" 200 5961
0:0:0:0:0:0:0:1 - - [15/Dec/2020:15:21:24 -0800] "GET /css/main.css HTTP/1.1" 302 -
0:0:0:0:0:0:0:1 - - [15/Dec/2020:15:21:24 -0800] "GET /js/action.js HTTP/1.1" 200 -
0:0:0:0:0:0:0:1 - - [15/Dec/2020:15:21:24 -0800] "GET /login HTTP/1.1" 200 5961
0:0:0:0:0:0:0:1 - - [15/Dec/2020:15:24:46 -0800] "POST /doLogin HTTP/1.1" 302 -
0:0:0:0:0:0:0:1 - - [15/Dec/2020:15:24:46 -0800] "GET /loginSuccessful HTTP/1.1" 200 940
0:0:0:0:0:0:0:1 - - [15/Dec/2020:15:24:46 -0800] "GET /js/action.js HTTP/1.1" 200 -
0:0:0:0:0:0:0:1 - - [15/Dec/2020:15:24:46 -0800] "GET /css/main.css HTTP/1.1" 200 6770
0:0:0:0:0:0:0:1 - - [15/Dec/2020:15:24:48 -0800] "GET /searchBook HTTP/1.1" 200 678
0:0:0:0:0:0:0:1 - - [15/Dec/2020:15:24:50 -0800] "GET /loginSuccessful HTTP/1.1" 200 940
0:0:0:0:0:0:0:1 - - [15/Dec/2020:15:24:54 -0800] "GET /searchCourses HTTP/1.1" 200 1001
0:0:0:0:0:0:0:1 - - [15/Dec/2020:15:24:54 -0800] "GET /css/main.css HTTP/1.1" 200 6770
0:0:0:0:0:0:0:1 - - [15/Dec/2020:15:24:54 -0800] "GET /js/action.js HTTP/1.1" 200 -
0:0:0:0:0:0:0:1 - - [15/Dec/2020:15:27:48 -0800] "GET /searchCoursesBySubject?subject=Computer_Science HTTP/1.1" 200 3627
0:0:0:0:0:0:0:1 - - [15/Dec/2020:15:27:48 -0800] "GET /js/action.js HTTP/1.1" 200 -
0:0:0:0:0:0:0:1 - - [15/Dec/2020:15:27:48 -0800] "GET /css/main.css HTTP/1.1" 200 6770
0:0:0:0:0:0:0:1 - - [15/Dec/2020:15:29:25 -0800] "GET /searchCourses HTTP/1.1" 200 1001
0:0:0:0:0:0:0:1 - - [15/Dec/2020:15:29:25 -0800] "GET /css/main.css HTTP/1.1" 200 6770
0:0:0:0:0:0:0:1 - - [15/Dec/2020:15:29:26 -0800] "GET /loginSuccessful HTTP/1.1" 200 940
0:0:0:0:0:0:0:1 - - [15/Dec/2020:15:29:27 -0800] "GET /login HTTP/1.1" 200 5962
0:0:0:0:0:0:0:1 - - [15/Dec/2020:15:29:30 -0800] "POST /doLogin HTTP/1.1" 302 -
0:0:0:0:0:0:0:1 - - [15/Dec/2020:15:29:30 -0800] "GET /loginSuccessful HTTP/1.1" 200 940
0:0:0:0:0:0:0:1 - - [15/Dec/2020:15:29:30 -0800] "GET /js/action.js HTTP/1.1" 200 -
0:0:0:0:0:0:0:1 - - [15/Dec/2020:15:29:30 -0800] "GET /css/main.css HTTP/1.1" 200 6770
0:0:0:0:0:0:0:1 - - [15/Dec/2020:20:42:31 -0800] "GET /login HTTP/1.1" 200 5962
0:0:0:0:0:0:0:1 - - [15/Dec/2020:20:42:31 -0800] "GET /css/main.css HTTP/1.1" 302 -
0:0:0:0:0:0:0:1 - - [15/Dec/2020:20:42:31 -0800] "GET /js/action.js HTTP/1.1" 200 -
0:0:0:0:0:0:0:1 - - [15/Dec/2020:20:42:31 -0800] "GET /login HTTP/1.1" 200 5962
0:0:0:0:0:0:0:1 - - [15/Dec/2020:20:42:51 -0800] "GET /login HTTP/1.1" 200 5962
0:0:0:0:0:0:0:1 - - [15/Dec/2020:20:42:51 -0800] "GET /css/main.css HTTP/1.1" 302 -
0:0:0:0:0:0:0:1 - - [15/Dec/2020:20:42:51 -0800] "GET /js/action.js HTTP/1.1" 200 -
0:0:0:0:0:0:0:1 - - [15/Dec/2020:20:42:51 -0800] "GET /login HTTP/1.1" 200 5962
0:0:0:0:0:0:0:1 - - [15/Dec/2020:21:57:43 -0800] "GET /login HTTP/1.1" 200 5962
0:0:0:0:0:0:0:1 - - [15/Dec/2020:21:57:43 -0800] "GET /js/action.js HTTP/1.1" 200 -
0:0:0:0:0:0:0:1 - - [15/Dec/2020:21:57:43 -0800] "GET /css/main.css HTTP/1.1" 302 -
0:0:0:0:0:0:0:1 - - [15/Dec/2020:21:57:43 -0800] "GET /login HTTP/1.1" 200 5962
