0:0:0:0:0:0:0:1 - - [17/Oct/2020:14:51:35 -0700] "GET /login HTTP/1.1" 200 1657
0:0:0:0:0:0:0:1 - - [17/Oct/2020:14:51:35 -0700] "GET /login HTTP/1.1" 200 1657
0:0:0:0:0:0:0:1 - - [17/Oct/2020:14:51:59 -0700] "POST /doLogin HTTP/1.1" 302 -
0:0:0:0:0:0:0:1 - - [17/Oct/2020:14:51:59 -0700] "GET /loginSuccessful HTTP/1.1" 200 842
0:0:0:0:0:0:0:1 - - [17/Oct/2020:14:52:02 -0700] "GET /getBookByCourses HTTP/1.1" 302 -
0:0:0:0:0:0:0:1 - - [17/Oct/2020:14:52:02 -0700] "GET /loginSuccessful HTTP/1.1" 200 842
0:0:0:0:0:0:0:1 - - [17/Oct/2020:14:52:05 -0700] "GET /searchCourses HTTP/1.1" 200 547
0:0:0:0:0:0:0:1 - - [17/Oct/2020:14:52:06 -0700] "GET /searchCoursesByTitle?title=COMSC-75 HTTP/1.1" 200 1622
0:0:0:0:0:0:0:1 - - [17/Oct/2020:14:52:09 -0700] "GET /registerForClassess?regIdClasses=10101&regIdClasses=10102 HTTP/1.1" 302 -
0:0:0:0:0:0:0:1 - - [17/Oct/2020:14:52:09 -0700] "GET /loginSuccessful HTTP/1.1" 200 842
0:0:0:0:0:0:0:1 - - [17/Oct/2020:14:52:10 -0700] "GET /getBookByCourses HTTP/1.1" 200 1021
0:0:0:0:0:0:0:1 - - [17/Oct/2020:14:52:23 -0700] "GET /loginSuccessful HTTP/1.1" 200 842
0:0:0:0:0:0:0:1 - - [17/Oct/2020:14:54:15 -0700] "GET /login HTTP/1.1" 200 1657
0:0:0:0:0:0:0:1 - - [17/Oct/2020:14:54:16 -0700] "POST /doLogin HTTP/1.1" 302 -
0:0:0:0:0:0:0:1 - - [17/Oct/2020:14:54:16 -0700] "GET /loginSuccessful HTTP/1.1" 200 845
0:0:0:0:0:0:0:1 - - [17/Oct/2020:14:54:17 -0700] "GET /getAllRequiredBooks HTTP/1.1" 404 306
0:0:0:0:0:0:0:1 - - [17/Oct/2020:14:54:42 -0700] "GET /login HTTP/1.1" 200 1657
0:0:0:0:0:0:0:1 - - [17/Oct/2020:14:54:43 -0700] "POST /doLogin HTTP/1.1" 302 -
0:0:0:0:0:0:0:1 - - [17/Oct/2020:14:54:43 -0700] "GET /loginSuccessful HTTP/1.1" 200 845
0:0:0:0:0:0:0:1 - - [17/Oct/2020:14:54:44 -0700] "GET /getAllRequiredBooks HTTP/1.1" 404 306
0:0:0:0:0:0:0:1 - - [17/Oct/2020:14:55:39 -0700] "GET /login HTTP/1.1" 200 1657
0:0:0:0:0:0:0:1 - - [17/Oct/2020:14:55:41 -0700] "POST /doLogin HTTP/1.1" 302 -
0:0:0:0:0:0:0:1 - - [17/Oct/2020:14:55:41 -0700] "GET /loginSuccessful HTTP/1.1" 200 845
0:0:0:0:0:0:0:1 - - [17/Oct/2020:14:55:47 -0700] "GET /getAllRequiredBooks HTTP/1.1" 302 -
0:0:0:0:0:0:0:1 - - [17/Oct/2020:14:55:47 -0700] "GET /loginSuccessful HTTP/1.1" 200 845
0:0:0:0:0:0:0:1 - - [17/Oct/2020:14:55:50 -0700] "GET /login HTTP/1.1" 200 1657
0:0:0:0:0:0:0:1 - - [17/Oct/2020:14:55:51 -0700] "POST /doLogin HTTP/1.1" 302 -
0:0:0:0:0:0:0:1 - - [17/Oct/2020:14:55:51 -0700] "GET /loginSuccessful HTTP/1.1" 200 845
0:0:0:0:0:0:0:1 - - [17/Oct/2020:14:55:53 -0700] "GET /getAllRequiredBooks HTTP/1.1" 302 -
0:0:0:0:0:0:0:1 - - [17/Oct/2020:14:55:53 -0700] "GET /loginSuccessful HTTP/1.1" 200 845
0:0:0:0:0:0:0:1 - - [17/Oct/2020:14:55:53 -0700] "GET /getAllRequiredBooks HTTP/1.1" 302 -
0:0:0:0:0:0:0:1 - - [17/Oct/2020:14:55:53 -0700] "GET /loginSuccessful HTTP/1.1" 200 845
0:0:0:0:0:0:0:1 - - [17/Oct/2020:14:56:10 -0700] "GET /searchCourses HTTP/1.1" 200 547
0:0:0:0:0:0:0:1 - - [17/Oct/2020:14:56:11 -0700] "GET /searchCoursesByTitle?title=COMSC-75 HTTP/1.1" 200 1622
0:0:0:0:0:0:0:1 - - [17/Oct/2020:14:56:14 -0700] "GET /registerForClassess?regIdClasses=10101 HTTP/1.1" 302 -
0:0:0:0:0:0:0:1 - - [17/Oct/2020:14:56:14 -0700] "GET /loginSuccessful HTTP/1.1" 200 845
0:0:0:0:0:0:0:1 - - [17/Oct/2020:14:56:15 -0700] "GET /getAllRequiredBooks HTTP/1.1" 200 1021
0:0:0:0:0:0:0:1 - - [17/Oct/2020:14:56:17 -0700] "GET /loginSuccessful HTTP/1.1" 200 845
0:0:0:0:0:0:0:1 - - [17/Oct/2020:14:56:32 -0700] "GET /login HTTP/1.1" 200 1657
0:0:0:0:0:0:0:1 - - [17/Oct/2020:14:56:34 -0700] "POST /doLogin HTTP/1.1" 302 -
0:0:0:0:0:0:0:1 - - [17/Oct/2020:14:56:34 -0700] "GET /loginSuccessful HTTP/1.1" 200 845
0:0:0:0:0:0:0:1 - - [17/Oct/2020:14:56:35 -0700] "GET /getAllRequiredBooks HTTP/1.1" 200 1021
0:0:0:0:0:0:0:1 - - [17/Oct/2020:15:20:05 -0700] "GET /login HTTP/1.1" 200 1657
0:0:0:0:0:0:0:1 - - [17/Oct/2020:15:20:06 -0700] "GET /login HTTP/1.1" 200 1657
0:0:0:0:0:0:0:1 - - [17/Oct/2020:15:20:07 -0700] "POST /doLogin HTTP/1.1" 302 -
0:0:0:0:0:0:0:1 - - [17/Oct/2020:15:20:07 -0700] "GET /loginSuccessful HTTP/1.1" 200 845
0:0:0:0:0:0:0:1 - - [17/Oct/2020:15:20:10 -0700] "GET /searchCourses HTTP/1.1" 200 547
0:0:0:0:0:0:0:1 - - [17/Oct/2020:15:20:11 -0700] "GET /searchCoursesByTitle?title=COMSC-75 HTTP/1.1" 200 1622
0:0:0:0:0:0:0:1 - - [17/Oct/2020:15:20:16 -0700] "GET /searchCourses HTTP/1.1" 200 547
0:0:0:0:0:0:0:1 - - [17/Oct/2020:15:20:18 -0700] "GET /loginSuccessful HTTP/1.1" 200 845
0:0:0:0:0:0:0:1 - - [17/Oct/2020:15:20:19 -0700] "GET /searchBook HTTP/1.1" 200 657
0:0:0:0:0:0:0:1 - - [17/Oct/2020:15:20:25 -0700] "GET /searchBookByField?field=Java HTTP/1.1" 500 13690
0:0:0:0:0:0:0:1 - - [17/Oct/2020:15:21:57 -0700] "GET /searchBookByField?field=Java HTTP/1.1" 500 13690
0:0:0:0:0:0:0:1 - - [17/Oct/2020:15:22:03 -0700] "GET /login HTTP/1.1" 200 1657
0:0:0:0:0:0:0:1 - - [17/Oct/2020:15:22:04 -0700] "POST /doLogin HTTP/1.1" 302 -
0:0:0:0:0:0:0:1 - - [17/Oct/2020:15:22:04 -0700] "GET /loginSuccessful HTTP/1.1" 200 845
0:0:0:0:0:0:0:1 - - [17/Oct/2020:15:22:07 -0700] "GET /searchBook HTTP/1.1" 200 657
0:0:0:0:0:0:0:1 - - [17/Oct/2020:15:22:09 -0700] "GET /searchBookByField?field=Java HTTP/1.1" 500 13690
0:0:0:0:0:0:0:1 - - [17/Oct/2020:15:22:47 -0700] "GET /searchBookByField?field=Java HTTP/1.1" 500 13673
0:0:0:0:0:0:0:1 - - [17/Oct/2020:15:22:52 -0700] "GET /login HTTP/1.1" 200 1657
0:0:0:0:0:0:0:1 - - [17/Oct/2020:15:22:54 -0700] "POST /doLogin HTTP/1.1" 302 -
0:0:0:0:0:0:0:1 - - [17/Oct/2020:15:22:54 -0700] "GET /loginSuccessful HTTP/1.1" 200 845
0:0:0:0:0:0:0:1 - - [17/Oct/2020:15:22:55 -0700] "GET /searchBook HTTP/1.1" 200 657
0:0:0:0:0:0:0:1 - - [17/Oct/2020:15:23:00 -0700] "GET /searchBookByField?field=Java HTTP/1.1" 500 13673
0:0:0:0:0:0:0:1 - - [17/Oct/2020:15:25:16 -0700] "GET /searchBookByField?field=Java HTTP/1.1" 200 1051
0:0:0:0:0:0:0:1 - - [17/Oct/2020:15:26:43 -0700] "GET /searchBookByField?field=Java HTTP/1.1" 500 13673
0:0:0:0:0:0:0:1 - - [17/Oct/2020:15:27:04 -0700] "GET /searchBookByField?field=Java HTTP/1.1" 200 1084
0:0:0:0:0:0:0:1 - - [17/Oct/2020:15:27:49 -0700] "GET /searchBookByField?field=Java HTTP/1.1" 500 13697
0:0:0:0:0:0:0:1 - - [17/Oct/2020:15:28:20 -0700] "GET /searchBookByField?field=Java HTTP/1.1" 500 13706
0:0:0:0:0:0:0:1 - - [17/Oct/2020:15:29:48 -0700] "GET /login HTTP/1.1" 200 1657
0:0:0:0:0:0:0:1 - - [17/Oct/2020:15:29:48 -0700] "GET /login HTTP/1.1" 200 1657
0:0:0:0:0:0:0:1 - - [17/Oct/2020:15:29:50 -0700] "POST /doLogin HTTP/1.1" 302 -
0:0:0:0:0:0:0:1 - - [17/Oct/2020:15:29:50 -0700] "GET /loginSuccessful HTTP/1.1" 200 845
0:0:0:0:0:0:0:1 - - [17/Oct/2020:15:29:52 -0700] "GET /searchCourses HTTP/1.1" 200 547
0:0:0:0:0:0:0:1 - - [17/Oct/2020:15:29:53 -0700] "GET /loginSuccessful HTTP/1.1" 200 845
0:0:0:0:0:0:0:1 - - [17/Oct/2020:15:29:54 -0700] "GET /searchBook HTTP/1.1" 200 657
0:0:0:0:0:0:0:1 - - [17/Oct/2020:15:29:57 -0700] "GET /searchBookByField?field=Java HTTP/1.1" 500 13706
0:0:0:0:0:0:0:1 - - [17/Oct/2020:15:40:02 -0700] "GET /login HTTP/1.1" 200 1657
0:0:0:0:0:0:0:1 - - [17/Oct/2020:15:40:02 -0700] "GET /login HTTP/1.1" 200 1657
0:0:0:0:0:0:0:1 - - [17/Oct/2020:15:40:04 -0700] "POST /doLogin HTTP/1.1" 302 -
0:0:0:0:0:0:0:1 - - [17/Oct/2020:15:40:04 -0700] "GET /loginSuccessful HTTP/1.1" 200 845
0:0:0:0:0:0:0:1 - - [17/Oct/2020:15:40:06 -0700] "GET /searchBook HTTP/1.1" 200 657
0:0:0:0:0:0:0:1 - - [17/Oct/2020:15:40:10 -0700] "GET /searchBookByField?field=Java+ HTTP/1.1" 500 9998
0:0:0:0:0:0:0:1 - - [17/Oct/2020:15:40:29 -0700] "GET /searchBookByField?field=Java HTTP/1.1" 500 9998
0:0:0:0:0:0:0:1 - - [17/Oct/2020:15:40:35 -0700] "GET /login HTTP/1.1" 200 1657
0:0:0:0:0:0:0:1 - - [17/Oct/2020:15:40:37 -0700] "POST /doLogin HTTP/1.1" 302 -
0:0:0:0:0:0:0:1 - - [17/Oct/2020:15:40:37 -0700] "GET /loginSuccessful HTTP/1.1" 200 845
0:0:0:0:0:0:0:1 - - [17/Oct/2020:15:40:38 -0700] "GET /searchBook HTTP/1.1" 200 657
0:0:0:0:0:0:0:1 - - [17/Oct/2020:15:40:39 -0700] "GET /searchBookByField?field= HTTP/1.1" 500 9998
0:0:0:0:0:0:0:1 - - [17/Oct/2020:15:42:29 -0700] "GET /login HTTP/1.1" 200 1657
0:0:0:0:0:0:0:1 - - [17/Oct/2020:15:42:31 -0700] "POST /doLogin HTTP/1.1" 302 -
0:0:0:0:0:0:0:1 - - [17/Oct/2020:15:42:31 -0700] "GET /loginSuccessful HTTP/1.1" 200 845
0:0:0:0:0:0:0:1 - - [17/Oct/2020:15:42:32 -0700] "GET /searchBook HTTP/1.1" 200 657
0:0:0:0:0:0:0:1 - - [17/Oct/2020:15:42:35 -0700] "GET /searchBookByField?field=Java HTTP/1.1" 200 1062
0:0:0:0:0:0:0:1 - - [17/Oct/2020:15:43:05 -0700] "GET /searchBookByField?field=Java HTTP/1.1" 200 1062
0:0:0:0:0:0:0:1 - - [17/Oct/2020:16:11:17 -0700] "GET /login HTTP/1.1" 200 1657
0:0:0:0:0:0:0:1 - - [17/Oct/2020:16:11:17 -0700] "GET /login HTTP/1.1" 200 1657
0:0:0:0:0:0:0:1 - - [17/Oct/2020:16:11:19 -0700] "POST /doLogin HTTP/1.1" 302 -
0:0:0:0:0:0:0:1 - - [17/Oct/2020:16:11:19 -0700] "GET /loginSuccessful HTTP/1.1" 200 845
0:0:0:0:0:0:0:1 - - [17/Oct/2020:16:11:20 -0700] "GET /searchBook HTTP/1.1" 200 657
0:0:0:0:0:0:0:1 - - [17/Oct/2020:16:11:22 -0700] "GET /searchBookByField?field=Java HTTP/1.1" 200 1130
0:0:0:0:0:0:0:1 - - [17/Oct/2020:16:20:03 -0700] "GET /searchBookByField?field=Java HTTP/1.1" 200 1136
0:0:0:0:0:0:0:1 - - [17/Oct/2020:16:20:04 -0700] "GET /searchBookByField?field=Java HTTP/1.1" 200 1136
0:0:0:0:0:0:0:1 - - [17/Oct/2020:16:20:55 -0700] "GET /searchBookByField?field=Java HTTP/1.1" 500 9992
0:0:0:0:0:0:0:1 - - [17/Oct/2020:16:23:42 -0700] "GET /searchBookByField?field=Java HTTP/1.1" 200 1135
0:0:0:0:0:0:0:1 - - [17/Oct/2020:16:27:25 -0700] "GET /searchBookByField?field=Java HTTP/1.1" 200 1180
0:0:0:0:0:0:0:1 - - [17/Oct/2020:16:27:28 -0700] "GET /searchBookByField?field=Java HTTP/1.1" 200 1180
0:0:0:0:0:0:0:1 - - [17/Oct/2020:16:29:24 -0700] "GET /searchBookByField?field=Java HTTP/1.1" 200 1135
0:0:0:0:0:0:0:1 - - [17/Oct/2020:16:29:34 -0700] "GET /login HTTP/1.1" 200 1657
0:0:0:0:0:0:0:1 - - [17/Oct/2020:16:29:35 -0700] "GET /login HTTP/1.1" 200 1657
0:0:0:0:0:0:0:1 - - [17/Oct/2020:16:29:36 -0700] "POST /doLogin HTTP/1.1" 302 -
0:0:0:0:0:0:0:1 - - [17/Oct/2020:16:29:36 -0700] "GET /loginSuccessful HTTP/1.1" 200 845
0:0:0:0:0:0:0:1 - - [17/Oct/2020:16:29:38 -0700] "GET /searchBook HTTP/1.1" 200 657
0:0:0:0:0:0:0:1 - - [17/Oct/2020:16:29:40 -0700] "GET /searchBookByField?field=Java HTTP/1.1" 200 1135
0:0:0:0:0:0:0:1 - - [17/Oct/2020:16:31:12 -0700] "GET /searchBookByField?field=Java HTTP/1.1" 200 1135
0:0:0:0:0:0:0:1 - - [17/Oct/2020:16:37:46 -0700] "GET /searchBookByField?field=Java HTTP/1.1" 200 1530
0:0:0:0:0:0:0:1 - - [17/Oct/2020:16:40:40 -0700] "GET /searchBookByField?field=Java HTTP/1.1" 200 1258
0:0:0:0:0:0:0:1 - - [17/Oct/2020:16:41:03 -0700] "GET /searchBookByField?field=Java HTTP/1.1" 500 12597
0:0:0:0:0:0:0:1 - - [17/Oct/2020:16:46:56 -0700] "GET /searchBookByField?field=Java HTTP/1.1" 500 11596
0:0:0:0:0:0:0:1 - - [17/Oct/2020:16:47:01 -0700] "GET /login HTTP/1.1" 200 1657
0:0:0:0:0:0:0:1 - - [17/Oct/2020:16:47:01 -0700] "GET /login HTTP/1.1" 200 1657
0:0:0:0:0:0:0:1 - - [17/Oct/2020:16:47:03 -0700] "POST /doLogin HTTP/1.1" 302 -
0:0:0:0:0:0:0:1 - - [17/Oct/2020:16:47:03 -0700] "GET /loginSuccessful HTTP/1.1" 200 845
0:0:0:0:0:0:0:1 - - [17/Oct/2020:16:47:04 -0700] "GET /searchBook HTTP/1.1" 200 657
0:0:0:0:0:0:0:1 - - [17/Oct/2020:16:47:06 -0700] "GET /searchBookByField?field=Java HTTP/1.1" 500 11596
0:0:0:0:0:0:0:1 - - [17/Oct/2020:16:48:47 -0700] "GET /searchBookByField?field=Java HTTP/1.1" 200 1146
0:0:0:0:0:0:0:1 - - [17/Oct/2020:16:49:26 -0700] "GET /s HTTP/1.1" 404 306
0:0:0:0:0:0:0:1 - - [17/Oct/2020:16:49:29 -0700] "GET /login HTTP/1.1" 200 1657
0:0:0:0:0:0:0:1 - - [17/Oct/2020:16:49:30 -0700] "POST /doLogin HTTP/1.1" 302 -
0:0:0:0:0:0:0:1 - - [17/Oct/2020:16:49:30 -0700] "GET /loginSuccessful HTTP/1.1" 200 845
0:0:0:0:0:0:0:1 - - [17/Oct/2020:16:49:31 -0700] "GET /searchBook HTTP/1.1" 200 657
0:0:0:0:0:0:0:1 - - [17/Oct/2020:16:49:33 -0700] "GET /searchBookByField?field=Java HTTP/1.1" 200 1080
0:0:0:0:0:0:0:1 - - [17/Oct/2020:16:52:26 -0700] "GET /searchBookByField?field=Java HTTP/1.1" 200 1204
0:0:0:0:0:0:0:1 - - [17/Oct/2020:16:52:51 -0700] "GET /searchBookByField?field=Java HTTP/1.1" 200 1602
0:0:0:0:0:0:0:1 - - [17/Oct/2020:16:55:32 -0700] "GET /searchBook HTTP/1.1" 200 657
0:0:0:0:0:0:0:1 - - [17/Oct/2020:16:55:34 -0700] "GET /searchBookByField?field=Java+1 HTTP/1.1" 200 1175
0:0:0:0:0:0:0:1 - - [17/Oct/2020:16:55:35 -0700] "GET /searchBook HTTP/1.1" 200 657
0:0:0:0:0:0:0:1 - - [17/Oct/2020:16:55:38 -0700] "GET /searchBookByField?field=Java+2 HTTP/1.1" 200 1061
0:0:0:0:0:0:0:1 - - [17/Oct/2020:16:55:42 -0700] "GET /searchBook HTTP/1.1" 200 657
0:0:0:0:0:0:0:1 - - [17/Oct/2020:17:00:41 -0700] "GET /searchBookByField?field=Java+1 HTTP/1.1" 200 1175
0:0:0:0:0:0:0:1 - - [17/Oct/2020:22:47:37 -0700] "GET /login HTTP/1.1" 200 1657
0:0:0:0:0:0:0:1 - - [17/Oct/2020:22:47:38 -0700] "GET /login HTTP/1.1" 200 1657
0:0:0:0:0:0:0:1 - - [17/Oct/2020:22:47:43 -0700] "POST /doLogin HTTP/1.1" 302 -
0:0:0:0:0:0:0:1 - - [17/Oct/2020:22:47:43 -0700] "GET /loginSuccessful HTTP/1.1" 200 845
0:0:0:0:0:0:0:1 - - [17/Oct/2020:22:47:45 -0700] "GET /searchBook HTTP/1.1" 200 657
0:0:0:0:0:0:0:1 - - [17/Oct/2020:22:47:49 -0700] "GET /searchBookByField?field=Java HTTP/1.1" 500 13740
0:0:0:0:0:0:0:1 - - [17/Oct/2020:22:50:00 -0700] "GET /login HTTP/1.1" 200 1657
0:0:0:0:0:0:0:1 - - [17/Oct/2020:22:50:03 -0700] "POST /doLogin HTTP/1.1" 302 -
0:0:0:0:0:0:0:1 - - [17/Oct/2020:22:50:03 -0700] "GET /loginSuccessful HTTP/1.1" 200 845
0:0:0:0:0:0:0:1 - - [17/Oct/2020:22:50:04 -0700] "GET /searchBook HTTP/1.1" 200 657
0:0:0:0:0:0:0:1 - - [17/Oct/2020:22:50:07 -0700] "GET /searchBookByField?field=Java HTTP/1.1" 200 1488
0:0:0:0:0:0:0:1 - - [17/Oct/2020:22:52:51 -0700] "GET /login HTTP/1.1" 200 1657
0:0:0:0:0:0:0:1 - - [17/Oct/2020:22:52:52 -0700] "GET /login HTTP/1.1" 200 1657
0:0:0:0:0:0:0:1 - - [17/Oct/2020:22:52:54 -0700] "POST /doLogin HTTP/1.1" 302 -
0:0:0:0:0:0:0:1 - - [17/Oct/2020:22:52:54 -0700] "GET /loginSuccessful HTTP/1.1" 200 845
0:0:0:0:0:0:0:1 - - [17/Oct/2020:22:52:56 -0700] "GET /searchBook HTTP/1.1" 200 657
0:0:0:0:0:0:0:1 - - [17/Oct/2020:22:52:58 -0700] "GET /searchBookByField?field=Java HTTP/1.1" 500 14596
0:0:0:0:0:0:0:1 - - [17/Oct/2020:22:56:11 -0700] "GET /login HTTP/1.1" 200 1657
0:0:0:0:0:0:0:1 - - [17/Oct/2020:22:56:13 -0700] "POST /doLogin HTTP/1.1" 302 -
0:0:0:0:0:0:0:1 - - [17/Oct/2020:22:56:13 -0700] "GET /loginSuccessful HTTP/1.1" 200 845
0:0:0:0:0:0:0:1 - - [17/Oct/2020:22:56:14 -0700] "GET /searchBook HTTP/1.1" 200 657
0:0:0:0:0:0:0:1 - - [17/Oct/2020:22:56:16 -0700] "GET /searchBookByField?field=Java HTTP/1.1" 500 14596
0:0:0:0:0:0:0:1 - - [17/Oct/2020:22:59:04 -0700] "GET /searchBookByField?field=Java HTTP/1.1" 500 14596
0:0:0:0:0:0:0:1 - - [17/Oct/2020:23:03:36 -0700] "GET /searchBookByField?field=Java HTTP/1.1" 200 1488
0:0:0:0:0:0:0:1 - - [17/Oct/2020:23:09:23 -0700] "GET /searchBookByField?field=Java HTTP/1.1" 200 1488
0:0:0:0:0:0:0:1 - - [17/Oct/2020:23:09:25 -0700] "GET /searchBookByField?field=Java HTTP/1.1" 200 1488
0:0:0:0:0:0:0:1 - - [17/Oct/2020:23:09:26 -0700] "GET /searchBookByField?field=Java HTTP/1.1" 200 1488
0:0:0:0:0:0:0:1 - - [17/Oct/2020:23:10:16 -0700] "GET /searchBookByField?field=Java HTTP/1.1" 500 10254
0:0:0:0:0:0:0:1 - - [17/Oct/2020:23:10:18 -0700] "GET /searchBookByField?field=Java HTTP/1.1" 500 10254
0:0:0:0:0:0:0:1 - - [17/Oct/2020:23:15:27 -0700] "GET /searchBookByField?field=Java HTTP/1.1" 500 9691
0:0:0:0:0:0:0:1 - - [17/Oct/2020:23:15:54 -0700] "GET /searchBookByField?field=Java HTTP/1.1" 200 1488
0:0:0:0:0:0:0:1 - - [17/Oct/2020:23:19:37 -0700] "GET /searchBookByField?field=Java HTTP/1.1" 200 753
0:0:0:0:0:0:0:1 - - [17/Oct/2020:23:19:38 -0700] "GET /searchBookByField?field=Java HTTP/1.1" 200 753
0:0:0:0:0:0:0:1 - - [17/Oct/2020:23:20:04 -0700] "GET /searchBookByField?field=Java HTTP/1.1" 200 1488
0:0:0:0:0:0:0:1 - - [17/Oct/2020:23:21:04 -0700] "GET /searchBookByField?field=Java HTTP/1.1" 200 1446
0:0:0:0:0:0:0:1 - - [17/Oct/2020:23:22:20 -0700] "GET /searchBookByField?field=Java HTTP/1.1" 200 1446
0:0:0:0:0:0:0:1 - - [17/Oct/2020:23:24:04 -0700] "GET /searchBookByField?field=Java HTTP/1.1" 404 306
0:0:0:0:0:0:0:1 - - [17/Oct/2020:23:24:09 -0700] "GET /login HTTP/1.1" 200 1657
0:0:0:0:0:0:0:1 - - [17/Oct/2020:23:24:09 -0700] "GET /login HTTP/1.1" 200 1657
0:0:0:0:0:0:0:1 - - [17/Oct/2020:23:24:11 -0700] "POST /doLogin HTTP/1.1" 302 -
0:0:0:0:0:0:0:1 - - [17/Oct/2020:23:24:11 -0700] "GET /loginSuccessful HTTP/1.1" 200 845
0:0:0:0:0:0:0:1 - - [17/Oct/2020:23:24:12 -0700] "GET /searchBook HTTP/1.1" 200 665
0:0:0:0:0:0:0:1 - - [17/Oct/2020:23:24:14 -0700] "GET /searchBookByTitleOrAuthor?field=Java HTTP/1.1" 200 1446
0:0:0:0:0:0:0:1 - - [17/Oct/2020:23:25:40 -0700] "GET /login HTTP/1.1" 200 1657
0:0:0:0:0:0:0:1 - - [17/Oct/2020:23:25:42 -0700] "POST /doLogin HTTP/1.1" 302 -
0:0:0:0:0:0:0:1 - - [17/Oct/2020:23:25:42 -0700] "GET /loginSuccessful HTTP/1.1" 200 845
0:0:0:0:0:0:0:1 - - [17/Oct/2020:23:25:44 -0700] "GET /searchBook HTTP/1.1" 200 669
0:0:0:0:0:0:0:1 - - [17/Oct/2020:23:25:48 -0700] "GET /searchBookByTitleOrAuthor?argument+=Java HTTP/1.1" 400 9501
0:0:0:0:0:0:0:1 - - [17/Oct/2020:23:25:59 -0700] "GET /searchBookByTitleOrAuthor?argument=Java HTTP/1.1" 200 1446
0:0:0:0:0:0:0:1 - - [17/Oct/2020:23:26:26 -0700] "GET /login HTTP/1.1" 200 1657
0:0:0:0:0:0:0:1 - - [17/Oct/2020:23:26:31 -0700] "POST /doLogin HTTP/1.1" 302 -
0:0:0:0:0:0:0:1 - - [17/Oct/2020:23:26:31 -0700] "GET /loginSuccessful HTTP/1.1" 200 845
0:0:0:0:0:0:0:1 - - [17/Oct/2020:23:26:32 -0700] "GET /searchBook HTTP/1.1" 200 669
0:0:0:0:0:0:0:1 - - [17/Oct/2020:23:26:34 -0700] "GET /searchBookByTitleOrAuthor?argument+=Java HTTP/1.1" 400 9501
0:0:0:0:0:0:0:1 - - [17/Oct/2020:23:27:12 -0700] "GET /login HTTP/1.1" 200 1657
0:0:0:0:0:0:0:1 - - [17/Oct/2020:23:27:14 -0700] "POST /doLogin HTTP/1.1" 302 -
0:0:0:0:0:0:0:1 - - [17/Oct/2020:23:27:14 -0700] "GET /loginSuccessful HTTP/1.1" 200 845
0:0:0:0:0:0:0:1 - - [17/Oct/2020:23:27:15 -0700] "GET /searchBook HTTP/1.1" 200 668
0:0:0:0:0:0:0:1 - - [17/Oct/2020:23:27:19 -0700] "GET /searchBookByTitleOrAuthor?argument=Java HTTP/1.1" 200 1446
0:0:0:0:0:0:0:1 - - [17/Oct/2020:23:28:57 -0700] "GET /searchBook HTTP/1.1" 200 668
0:0:0:0:0:0:0:1 - - [17/Oct/2020:23:28:59 -0700] "GET /loginSuccessful HTTP/1.1" 200 845
0:0:0:0:0:0:0:1 - - [17/Oct/2020:23:29:32 -0700] "GET /loginSuccessful HTTP/1.1" 200 850
0:0:0:0:0:0:0:1 - - [17/Oct/2020:23:29:34 -0700] "GET /searchCourses HTTP/1.1" 200 547
0:0:0:0:0:0:0:1 - - [17/Oct/2020:23:29:37 -0700] "GET /loginSuccessful HTTP/1.1" 200 850
0:0:0:0:0:0:0:1 - - [17/Oct/2020:23:31:19 -0700] "GET /searchBook HTTP/1.1" 200 668
0:0:0:0:0:0:0:1 - - [17/Oct/2020:23:31:26 -0700] "GET /searchBookByTitleOrAuthor?argument=Java HTTP/1.1" 200 1446
0:0:0:0:0:0:0:1 - - [17/Oct/2020:23:32:45 -0700] "GET /login HTTP/1.1" 200 1657
0:0:0:0:0:0:0:1 - - [17/Oct/2020:23:32:45 -0700] "GET /login HTTP/1.1" 200 1657
0:0:0:0:0:0:0:1 - - [17/Oct/2020:23:32:47 -0700] "POST /doLogin HTTP/1.1" 302 -
0:0:0:0:0:0:0:1 - - [17/Oct/2020:23:32:47 -0700] "GET /loginSuccessful HTTP/1.1" 200 754
0:0:0:0:0:0:0:1 - - [17/Oct/2020:23:33:08 -0700] "GET /searchBook HTTP/1.1" 200 668
0:0:0:0:0:0:0:1 - - [17/Oct/2020:23:33:18 -0700] "GET /searchBookByTitleOrAuthor?argument=Java HTTP/1.1" 200 1446
0:0:0:0:0:0:0:1 - - [17/Oct/2020:23:33:20 -0700] "GET /searchBook HTTP/1.1" 200 668
0:0:0:0:0:0:0:1 - - [17/Oct/2020:23:33:25 -0700] "GET /searchBookByTitleOrAuthor?argument=Java HTTP/1.1" 200 1446
0:0:0:0:0:0:0:1 - - [17/Oct/2020:23:33:50 -0700] "GET /searchBook HTTP/1.1" 200 668
0:0:0:0:0:0:0:1 - - [17/Oct/2020:23:33:52 -0700] "GET /loginSuccessful HTTP/1.1" 200 754
0:0:0:0:0:0:0:1 - - [17/Oct/2020:23:33:53 -0700] "GET /searchCourses HTTP/1.1" 200 547
0:0:0:0:0:0:0:1 - - [17/Oct/2020:23:33:57 -0700] "GET /searchCoursesByTitle?title=COMSC-75 HTTP/1.1" 200 1621
0:0:0:0:0:0:0:1 - - [17/Oct/2020:23:34:11 -0700] "GET /searchCourses HTTP/1.1" 200 547
0:0:0:0:0:0:0:1 - - [17/Oct/2020:23:34:15 -0700] "GET /loginSuccessful HTTP/1.1" 200 754
0:0:0:0:0:0:0:1 - - [17/Oct/2020:23:34:21 -0700] "GET /searchCourses HTTP/1.1" 200 547
0:0:0:0:0:0:0:1 - - [17/Oct/2020:23:34:22 -0700] "GET /searchCoursesByTitle?title=COMSC-75 HTTP/1.1" 200 1621
0:0:0:0:0:0:0:1 - - [17/Oct/2020:23:34:37 -0700] "GET /searchCourses HTTP/1.1" 200 547
0:0:0:0:0:0:0:1 - - [17/Oct/2020:23:34:39 -0700] "GET /loginSuccessful HTTP/1.1" 200 754
0:0:0:0:0:0:0:1 - - [17/Oct/2020:23:34:41 -0700] "GET /searchBook HTTP/1.1" 200 668
0:0:0:0:0:0:0:1 - - [17/Oct/2020:23:35:01 -0700] "GET /searchBookByTitleOrAuthor?argument=Java HTTP/1.1" 200 1446
0:0:0:0:0:0:0:1 - - [17/Oct/2020:23:35:06 -0700] "GET /searchBook HTTP/1.1" 200 668
0:0:0:0:0:0:0:1 - - [17/Oct/2020:23:35:06 -0700] "GET /loginSuccessful HTTP/1.1" 200 754
0:0:0:0:0:0:0:1 - - [17/Oct/2020:23:35:07 -0700] "GET /searchCourses HTTP/1.1" 200 547
0:0:0:0:0:0:0:1 - - [17/Oct/2020:23:35:09 -0700] "GET /searchCoursesByTitle?title=COMSC-75 HTTP/1.1" 200 1621
0:0:0:0:0:0:0:1 - - [17/Oct/2020:23:35:15 -0700] "GET /searchCourses HTTP/1.1" 200 547
0:0:0:0:0:0:0:1 - - [17/Oct/2020:23:35:16 -0700] "GET /loginSuccessful HTTP/1.1" 200 754
0:0:0:0:0:0:0:1 - - [17/Oct/2020:23:35:17 -0700] "GET /getAllRequiredBooks HTTP/1.1" 302 -
0:0:0:0:0:0:0:1 - - [17/Oct/2020:23:35:17 -0700] "GET /loginSuccessful HTTP/1.1" 200 754
0:0:0:0:0:0:0:1 - - [17/Oct/2020:23:35:19 -0700] "GET /getAllRequiredBooks HTTP/1.1" 302 -
0:0:0:0:0:0:0:1 - - [17/Oct/2020:23:35:19 -0700] "GET /loginSuccessful HTTP/1.1" 200 754
0:0:0:0:0:0:0:1 - - [17/Oct/2020:23:35:21 -0700] "GET /searchCourses HTTP/1.1" 200 547
0:0:0:0:0:0:0:1 - - [17/Oct/2020:23:35:23 -0700] "GET /searchCoursesByTitle?title=COMSC-75 HTTP/1.1" 200 1621
0:0:0:0:0:0:0:1 - - [17/Oct/2020:23:35:27 -0700] "GET /registerForClassess?regIdClasses=10101&regIdClasses=10102 HTTP/1.1" 302 -
0:0:0:0:0:0:0:1 - - [17/Oct/2020:23:35:27 -0700] "GET /loginSuccessful HTTP/1.1" 200 754
0:0:0:0:0:0:0:1 - - [17/Oct/2020:23:35:28 -0700] "GET /getAllRequiredBooks HTTP/1.1" 200 1446
0:0:0:0:0:0:0:1 - - [17/Oct/2020:23:35:37 -0700] "GET /loginSuccessful HTTP/1.1" 200 754
0:0:0:0:0:0:0:1 - - [17/Oct/2020:23:35:39 -0700] "GET /searchCourses HTTP/1.1" 200 547
0:0:0:0:0:0:0:1 - - [17/Oct/2020:23:35:40 -0700] "GET /searchCoursesByTitle?title=COMSC-75 HTTP/1.1" 200 1621
0:0:0:0:0:0:0:1 - - [17/Oct/2020:23:39:53 -0700] "GET /searchCourses HTTP/1.1" 200 547
0:0:0:0:0:0:0:1 - - [17/Oct/2020:23:39:54 -0700] "GET /loginSuccessful HTTP/1.1" 200 754
0:0:0:0:0:0:0:1 - - [17/Oct/2020:23:39:56 -0700] "GET /getAllRequiredBooks HTTP/1.1" 200 1446
0:0:0:0:0:0:0:1 - - [17/Oct/2020:23:40:17 -0700] "GET /loginSuccessful HTTP/1.1" 200 754
0:0:0:0:0:0:0:1 - - [17/Oct/2020:23:40:18 -0700] "GET /searchCourses HTTP/1.1" 200 547
0:0:0:0:0:0:0:1 - - [17/Oct/2020:23:40:23 -0700] "GET /searchCoursesByTitle?title=COMSC-76 HTTP/1.1" 302 -
0:0:0:0:0:0:0:1 - - [17/Oct/2020:23:40:23 -0700] "GET /searchCourses HTTP/1.1" 200 547
0:0:0:0:0:0:0:1 - - [17/Oct/2020:23:40:28 -0700] "GET /searchCoursesByTitle?title=COMSC-75 HTTP/1.1" 200 1621
0:0:0:0:0:0:0:1 - - [17/Oct/2020:23:53:01 -0700] "GET /login HTTP/1.1" 200 1657
0:0:0:0:0:0:0:1 - - [17/Oct/2020:23:53:01 -0700] "GET /login HTTP/1.1" 200 1657
0:0:0:0:0:0:0:1 - - [17/Oct/2020:23:53:03 -0700] "POST /doLogin HTTP/1.1" 302 -
0:0:0:0:0:0:0:1 - - [17/Oct/2020:23:53:03 -0700] "GET /loginSuccessful HTTP/1.1" 200 754
0:0:0:0:0:0:0:1 - - [17/Oct/2020:23:53:04 -0700] "GET /searchBook HTTP/1.1" 200 668
0:0:0:0:0:0:0:1 - - [17/Oct/2020:23:53:06 -0700] "GET /searchBookByTitleOrAuthor?argument=Java HTTP/1.1" 200 1446
0:0:0:0:0:0:0:1 - - [17/Oct/2020:23:53:10 -0700] "GET /searchBook HTTP/1.1" 200 668
0:0:0:0:0:0:0:1 - - [17/Oct/2020:23:53:35 -0700] "GET /searchBook HTTP/1.1" 200 678
0:0:0:0:0:0:0:1 - - [17/Oct/2020:23:53:44 -0700] "GET /searchBookByTitleOrAuthor?argument=Java HTTP/1.1" 200 1446
0:0:0:0:0:0:0:1 - - [17/Oct/2020:23:55:09 -0700] "GET /searchBook HTTP/1.1" 200 678
0:0:0:0:0:0:0:1 - - [17/Oct/2020:23:55:11 -0700] "GET /loginSuccessful HTTP/1.1" 200 754
0:0:0:0:0:0:0:1 - - [17/Oct/2020:23:56:12 -0700] "GET /loginSuccessful HTTP/1.1" 200 759
0:0:0:0:0:0:0:1 - - [17/Oct/2020:23:56:15 -0700] "GET /loginSuccessful HTTP/1.1" 200 759
0:0:0:0:0:0:0:1 - - [17/Oct/2020:23:56:23 -0700] "GET /loginSuccessful HTTP/1.1" 200 754
0:0:0:0:0:0:0:1 - - [17/Oct/2020:23:56:24 -0700] "GET /loginSuccessful HTTP/1.1" 200 754
0:0:0:0:0:0:0:1 - - [17/Oct/2020:23:56:32 -0700] "GET /loginSuccessful HTTP/1.1" 200 749
0:0:0:0:0:0:0:1 - - [17/Oct/2020:23:56:39 -0700] "GET /login HTTP/1.1" 200 1657
0:0:0:0:0:0:0:1 - - [17/Oct/2020:23:56:41 -0700] "POST /doLogin HTTP/1.1" 302 -
0:0:0:0:0:0:0:1 - - [17/Oct/2020:23:56:41 -0700] "GET /loginSuccessful HTTP/1.1" 200 749
0:0:0:0:0:0:0:1 - - [17/Oct/2020:23:57:09 -0700] "GET /loginSuccessful HTTP/1.1" 200 735
0:0:0:0:0:0:0:1 - - [17/Oct/2020:23:57:11 -0700] "GET /loginSuccessful HTTP/1.1" 200 735
0:0:0:0:0:0:0:1 - - [17/Oct/2020:23:57:51 -0700] "GET /loginSuccessful HTTP/1.1" 200 729
0:0:0:0:0:0:0:1 - - [17/Oct/2020:23:58:00 -0700] "GET /loginSuccessful HTTP/1.1" 200 743
0:0:0:0:0:0:0:1 - - [17/Oct/2020:23:58:09 -0700] "GET /loginSuccessful HTTP/1.1" 200 734
0:0:0:0:0:0:0:1 - - [17/Oct/2020:23:58:11 -0700] "GET /loginSuccessful HTTP/1.1" 200 734
0:0:0:0:0:0:0:1 - - [17/Oct/2020:23:59:02 -0700] "GET /loginSuccessful HTTP/1.1" 200 692
