192.168.1.200 - - [25/Oct/2020:02:10:09 -0700] "GET / HTTP/1.1" 302 -
192.168.1.200 - - [25/Oct/2020:02:10:09 -0700] "GET /login HTTP/1.1" 200 1657
0:0:0:0:0:0:0:1 - - [25/Oct/2020:02:15:08 -0700] "GET /login HTTP/1.1" 200 1657
0:0:0:0:0:0:0:1 - - [25/Oct/2020:02:15:08 -0700] "GET /login HTTP/1.1" 200 1657
0:0:0:0:0:0:0:1 - - [25/Oct/2020:02:15:35 -0700] "GET /forgetPassword HTTP/1.1" 200 1885
0:0:0:0:0:0:0:1 - - [25/Oct/2020:02:15:35 -0700] "GET /js/pwstrength.js HTTP/1.1" 200 -
0:0:0:0:0:0:0:1 - - [25/Oct/2020:02:15:35 -0700] "GET /js/jquery-1.7.2.js HTTP/1.1" 200 293292
0:0:0:0:0:0:0:1 - - [25/Oct/2020:02:15:53 -0700] "GET /login HTTP/1.1" 200 1657
0:0:0:0:0:0:0:1 - - [25/Oct/2020:02:15:55 -0700] "GET /signup HTTP/1.1" 200 4862
0:0:0:0:0:0:0:1 - - [25/Oct/2020:02:15:55 -0700] "GET /js/pwstrength.js HTTP/1.1" 200 -
0:0:0:0:0:0:0:1 - - [25/Oct/2020:02:15:55 -0700] "GET /js/jquery-1.7.2.js HTTP/1.1" 200 293292
0:0:0:0:0:0:0:1 - - [25/Oct/2020:02:16:25 -0700] "POST /signup HTTP/1.1" 302 -
0:0:0:0:0:0:0:1 - - [25/Oct/2020:02:16:25 -0700] "GET /login HTTP/1.1" 200 1740
0:0:0:0:0:0:0:1 - - [25/Oct/2020:17:34:17 -0700] "GET /login HTTP/1.1" 200 1657
0:0:0:0:0:0:0:1 - - [25/Oct/2020:17:34:19 -0700] "GET /login HTTP/1.1" 200 1657
0:0:0:0:0:0:0:1 - - [25/Oct/2020:17:34:24 -0700] "POST /doLogin HTTP/1.1" 302 -
0:0:0:0:0:0:0:1 - - [25/Oct/2020:17:34:24 -0700] "GET /loginFailed HTTP/1.1" 302 -
0:0:0:0:0:0:0:1 - - [25/Oct/2020:17:34:24 -0700] "GET /login HTTP/1.1" 200 1657
0:0:0:0:0:0:0:1 - - [25/Oct/2020:17:34:25 -0700] "GET /signup HTTP/1.1" 200 4862
0:0:0:0:0:0:0:1 - - [25/Oct/2020:17:34:25 -0700] "GET /js/pwstrength.js HTTP/1.1" 200 -
0:0:0:0:0:0:0:1 - - [25/Oct/2020:17:34:25 -0700] "GET /js/jquery-1.7.2.js HTTP/1.1" 200 293292
0:0:0:0:0:0:0:1 - - [25/Oct/2020:17:34:38 -0700] "POST /signup HTTP/1.1" 302 -
0:0:0:0:0:0:0:1 - - [25/Oct/2020:17:34:38 -0700] "GET /login HTTP/1.1" 200 1740
0:0:0:0:0:0:0:1 - - [25/Oct/2020:17:35:48 -0700] "GET /registrationConfirm?token=a9d33fd1-3f98-44a3-a369-dad760a8ea9c HTTP/1.1" 302 -
0:0:0:0:0:0:0:1 - - [25/Oct/2020:17:35:48 -0700] "GET /login HTTP/1.1" 200 1730
0:0:0:0:0:0:0:1 - - [25/Oct/2020:17:35:53 -0700] "POST /doLogin HTTP/1.1" 302 -
0:0:0:0:0:0:0:1 - - [25/Oct/2020:17:35:53 -0700] "GET /loginSuccessful HTTP/1.1" 200 650
0:0:0:0:0:0:0:1 - - [25/Oct/2020:17:35:54 -0700] "GET /searchBook HTTP/1.1" 200 678
0:0:0:0:0:0:0:1 - - [25/Oct/2020:17:35:56 -0700] "GET /searchBookByTitleOrAuthor?argument=Java HTTP/1.1" 500 13697
0:0:0:0:0:0:0:1 - - [25/Oct/2020:17:37:21 -0700] "GET /searchBookByTitleOrAuthor?argument=Java HTTP/1.1" 200 1929
0:0:0:0:0:0:0:1 - - [25/Oct/2020:17:37:23 -0700] "GET /moreDetails?bookItem=1 HTTP/1.1" 500 13996
0:0:0:0:0:0:0:1 - - [25/Oct/2020:17:37:41 -0700] "GET /moreDetails?bookItem=1 HTTP/1.1" 200 1170
0:0:0:0:0:0:0:1 - - [25/Oct/2020:18:06:31 -0700] "GET /login HTTP/1.1" 200 1657
0:0:0:0:0:0:0:1 - - [25/Oct/2020:18:06:31 -0700] "GET /login HTTP/1.1" 200 1657
0:0:0:0:0:0:0:1 - - [25/Oct/2020:18:06:34 -0700] "POST /doLogin HTTP/1.1" 302 -
0:0:0:0:0:0:0:1 - - [25/Oct/2020:18:06:34 -0700] "GET /loginSuccessful HTTP/1.1" 200 650
0:0:0:0:0:0:0:1 - - [25/Oct/2020:18:06:36 -0700] "GET /searchBook HTTP/1.1" 200 678
0:0:0:0:0:0:0:1 - - [25/Oct/2020:18:06:38 -0700] "GET /searchBookByTitleOrAuthor?argument=Java HTTP/1.1" 200 1919
0:0:0:0:0:0:0:1 - - [25/Oct/2020:18:06:40 -0700] "GET /moreDetails?bookItem=1 HTTP/1.1" 200 2159
0:0:0:0:0:0:0:1 - - [25/Oct/2020:18:07:30 -0700] "GET /moreDetails?bookItem=1 HTTP/1.1" 200 2297
0:0:0:0:0:0:0:1 - - [25/Oct/2020:18:27:27 -0700] "GET /moreDetails?bookItem=1 HTTP/1.1" 200 2291
0:0:0:0:0:0:0:1 - - [25/Oct/2020:18:27:47 -0700] "GET /moreDetails?bookItem=1 HTTP/1.1" 200 2297
0:0:0:0:0:0:0:1 - - [25/Oct/2020:18:29:14 -0700] "GET /moreDetails?bookItem=1 HTTP/1.1" 200 2297
0:0:0:0:0:0:0:1 - - [25/Oct/2020:18:29:18 -0700] "POST /buyBook HTTP/1.1" 200 4
0:0:0:0:0:0:0:1 - - [25/Oct/2020:18:31:12 -0700] "GET /moreDetails?bookItem=1 HTTP/1.1" 200 2297
0:0:0:0:0:0:0:1 - - [25/Oct/2020:18:31:13 -0700] "GET /moreDetails?bookItem=1 HTTP/1.1" 200 2297
0:0:0:0:0:0:0:1 - - [25/Oct/2020:18:31:22 -0700] "POST /buyBook HTTP/1.1" 200 1
0:0:0:0:0:0:0:1 - - [25/Oct/2020:19:21:14 -0700] "GET /login HTTP/1.1" 200 1657
0:0:0:0:0:0:0:1 - - [25/Oct/2020:19:21:14 -0700] "GET /login HTTP/1.1" 200 1657
0:0:0:0:0:0:0:1 - - [25/Oct/2020:19:21:17 -0700] "POST /doLogin HTTP/1.1" 302 -
0:0:0:0:0:0:0:1 - - [25/Oct/2020:19:21:17 -0700] "GET /loginSuccessful HTTP/1.1" 200 650
0:0:0:0:0:0:0:1 - - [25/Oct/2020:19:21:18 -0700] "GET /searchBook HTTP/1.1" 200 678
0:0:0:0:0:0:0:1 - - [25/Oct/2020:19:21:20 -0700] "GET /searchBookByTitleOrAuthor?argument=Java HTTP/1.1" 200 1919
0:0:0:0:0:0:0:1 - - [25/Oct/2020:19:21:22 -0700] "GET /moreDetails?bookItem=1 HTTP/1.1" 200 2297
0:0:0:0:0:0:0:1 - - [25/Oct/2020:19:21:31 -0700] "POST /buyBook HTTP/1.1" 200 1
0:0:0:0:0:0:0:1 - - [25/Oct/2020:19:29:04 -0700] "GET /login HTTP/1.1" 200 1657
0:0:0:0:0:0:0:1 - - [25/Oct/2020:19:29:04 -0700] "GET /login HTTP/1.1" 200 1657
0:0:0:0:0:0:0:1 - - [25/Oct/2020:19:29:07 -0700] "POST /doLogin HTTP/1.1" 302 -
0:0:0:0:0:0:0:1 - - [25/Oct/2020:19:29:07 -0700] "GET /loginSuccessful HTTP/1.1" 200 650
0:0:0:0:0:0:0:1 - - [25/Oct/2020:19:29:09 -0700] "GET /searchBook HTTP/1.1" 200 678
0:0:0:0:0:0:0:1 - - [25/Oct/2020:19:29:11 -0700] "GET /searchBookByTitleOrAuthor?argument=Java HTTP/1.1" 200 1919
0:0:0:0:0:0:0:1 - - [25/Oct/2020:19:29:13 -0700] "GET /moreDetails?bookItem=1 HTTP/1.1" 200 2297
0:0:0:0:0:0:0:1 - - [25/Oct/2020:19:29:23 -0700] "POST /buyBook HTTP/1.1" 200 13
0:0:0:0:0:0:0:1 - - [25/Oct/2020:19:29:32 -0700] "GET /moreDetails?bookItem=1 HTTP/1.1" 200 2297
0:0:0:0:0:0:0:1 - - [25/Oct/2020:19:29:54 -0700] "GET /moreDetails?bookItem=1 HTTP/1.1" 200 2299
0:0:0:0:0:0:0:1 - - [25/Oct/2020:19:30:01 -0700] "POST /buyBook HTTP/1.1" 200 13
0:0:0:0:0:0:0:1 - - [25/Oct/2020:19:44:22 -0700] "GET /login HTTP/1.1" 200 1657
0:0:0:0:0:0:0:1 - - [25/Oct/2020:19:44:23 -0700] "GET /login HTTP/1.1" 200 1657
0:0:0:0:0:0:0:1 - - [25/Oct/2020:19:44:26 -0700] "POST /doLogin HTTP/1.1" 302 -
0:0:0:0:0:0:0:1 - - [25/Oct/2020:19:44:26 -0700] "GET /loginSuccessful HTTP/1.1" 200 650
0:0:0:0:0:0:0:1 - - [25/Oct/2020:19:44:28 -0700] "GET /searchBook HTTP/1.1" 200 678
0:0:0:0:0:0:0:1 - - [25/Oct/2020:19:44:30 -0700] "GET /searchBookByTitleOrAuthor?argument=Java HTTP/1.1" 200 1919
0:0:0:0:0:0:0:1 - - [25/Oct/2020:19:44:35 -0700] "GET /moreDetails?bookItem=1 HTTP/1.1" 200 2297
0:0:0:0:0:0:0:1 - - [25/Oct/2020:19:54:16 -0700] "POST /buyBook HTTP/1.1" 500 9973
0:0:0:0:0:0:0:1 - - [25/Oct/2020:19:54:18 -0700] "GET /moreDetails?bookItem=1 HTTP/1.1" 200 2297
0:0:0:0:0:0:0:1 - - [25/Oct/2020:21:16:16 -0700] "GET /moreDetails?bookItem=1 HTTP/1.1" 302 -
0:0:0:0:0:0:0:1 - - [25/Oct/2020:21:16:16 -0700] "GET /login HTTP/1.1" 200 1657
0:0:0:0:0:0:0:1 - - [25/Oct/2020:21:16:20 -0700] "POST /doLogin HTTP/1.1" 302 -
0:0:0:0:0:0:0:1 - - [25/Oct/2020:21:16:20 -0700] "GET /loginSuccessful HTTP/1.1" 200 650
0:0:0:0:0:0:0:1 - - [25/Oct/2020:21:16:20 -0700] "GET /searchBook HTTP/1.1" 200 678
0:0:0:0:0:0:0:1 - - [25/Oct/2020:21:16:22 -0700] "GET /searchBookByTitleOrAuthor?argument=Java HTTP/1.1" 200 1919
0:0:0:0:0:0:0:1 - - [25/Oct/2020:21:16:23 -0700] "GET /moreDetails?bookItem=1 HTTP/1.1" 200 2297
0:0:0:0:0:0:0:1 - - [25/Oct/2020:21:16:28 -0700] "POST /buyBook HTTP/1.1" 200 13
0:0:0:0:0:0:0:1 - - [25/Oct/2020:21:19:49 -0700] "GET /moreDetails?bookItem=1 HTTP/1.1" 200 2297
0:0:0:0:0:0:0:1 - - [25/Oct/2020:21:19:51 -0700] "GET /moreDetails?bookItem=1 HTTP/1.1" 200 2297
0:0:0:0:0:0:0:1 - - [25/Oct/2020:21:20:00 -0700] "POST /buyBook HTTP/1.1" 200 13
0:0:0:0:0:0:0:1 - - [25/Oct/2020:21:22:58 -0700] "GET /moreDetails?bookItem=1 HTTP/1.1" 200 2337
0:0:0:0:0:0:0:1 - - [25/Oct/2020:21:22:59 -0700] "GET /moreDetails?bookItem=1 HTTP/1.1" 200 2337
0:0:0:0:0:0:0:1 - - [25/Oct/2020:21:23:10 -0700] "POST /buyBook HTTP/1.1" 200 13
0:0:0:0:0:0:0:1 - - [25/Oct/2020:21:23:12 -0700] "GET /moreDetails?bookItem=1 HTTP/1.1" 200 2337
0:0:0:0:0:0:0:1 - - [25/Oct/2020:21:23:16 -0700] "POST /buyBook HTTP/1.1" 200 13
0:0:0:0:0:0:0:1 - - [25/Oct/2020:21:23:17 -0700] "GET /moreDetails?bookItem=1 HTTP/1.1" 200 2337
0:0:0:0:0:0:0:1 - - [25/Oct/2020:21:34:51 -0700] "GET /moreDetails?bookItem=1 HTTP/1.1" 200 2297
0:0:0:0:0:0:0:1 - - [25/Oct/2020:21:45:16 -0700] "GET /moreDetails?bookItem=1 HTTP/1.1" 200 2337
0:0:0:0:0:0:0:1 - - [25/Oct/2020:21:45:25 -0700] "POST /buyBook HTTP/1.1" 200 13
0:0:0:0:0:0:0:1 - - [25/Oct/2020:21:45:27 -0700] "GET /moreDetails?bookItem=1 HTTP/1.1" 200 2337
0:0:0:0:0:0:0:1 - - [25/Oct/2020:21:46:18 -0700] "GET /moreDetails?bookItem=1 HTTP/1.1" 200 2297
0:0:0:0:0:0:0:1 - - [25/Oct/2020:21:49:14 -0700] "GET /moreDetails?bookItem=1 HTTP/1.1" 200 2329
0:0:0:0:0:0:0:1 - - [25/Oct/2020:22:10:36 -0700] "GET /moreDetails?bookItem=1 HTTP/1.1" 200 2299
0:0:0:0:0:0:0:1 - - [25/Oct/2020:22:10:41 -0700] "POST /buyBook HTTP/1.1" 200 -
0:0:0:0:0:0:0:1 - - [25/Oct/2020:22:12:35 -0700] "GET /buyBook HTTP/1.1" 405 9123
0:0:0:0:0:0:0:1 - - [25/Oct/2020:22:12:37 -0700] "GET /moreDetails?bookItem=1 HTTP/1.1" 200 2211
0:0:0:0:0:0:0:1 - - [25/Oct/2020:22:12:39 -0700] "GET /moreDetails?bookItem=1 HTTP/1.1" 200 2211
0:0:0:0:0:0:0:1 - - [25/Oct/2020:22:12:43 -0700] "POST /buyBook HTTP/1.1" 200 -
0:0:0:0:0:0:0:1 - - [25/Oct/2020:22:17:36 -0700] "GET /moreDetails?bookItem=1 HTTP/1.1" 200 2211
0:0:0:0:0:0:0:1 - - [25/Oct/2020:22:17:36 -0700] "GET /moreDetails?bookItem=1 HTTP/1.1" 200 2211
0:0:0:0:0:0:0:1 - - [25/Oct/2020:22:17:42 -0700] "POST /buyBook HTTP/1.1" 500 9973
0:0:0:0:0:0:0:1 - - [25/Oct/2020:22:28:12 -0700] "GET /login HTTP/1.1" 200 1657
0:0:0:0:0:0:0:1 - - [25/Oct/2020:22:28:12 -0700] "GET /login HTTP/1.1" 200 1657
0:0:0:0:0:0:0:1 - - [25/Oct/2020:22:28:15 -0700] "POST /doLogin HTTP/1.1" 302 -
0:0:0:0:0:0:0:1 - - [25/Oct/2020:22:28:15 -0700] "GET /loginSuccessful HTTP/1.1" 200 650
0:0:0:0:0:0:0:1 - - [25/Oct/2020:22:28:16 -0700] "GET /searchBook HTTP/1.1" 200 678
0:0:0:0:0:0:0:1 - - [25/Oct/2020:22:28:17 -0700] "GET /searchBookByTitleOrAuthor?argument=Java HTTP/1.1" 200 1919
0:0:0:0:0:0:0:1 - - [25/Oct/2020:22:28:18 -0700] "GET /moreDetails?bookItem=1 HTTP/1.1" 200 2285
0:0:0:0:0:0:0:1 - - [25/Oct/2020:22:28:22 -0700] "POST /buyBook HTTP/1.1" 200 3
0:0:0:0:0:0:0:1 - - [25/Oct/2020:22:28:30 -0700] "GET /moreDetails?bookItem=1 HTTP/1.1" 200 2285
0:0:0:0:0:0:0:1 - - [25/Oct/2020:22:30:15 -0700] "GET /moreDetails?bookItem=1 HTTP/1.1" 500 11905
0:0:0:0:0:0:0:1 - - [25/Oct/2020:22:30:49 -0700] "GET /moreDetails?bookItem=1 HTTP/1.1" 200 2299
0:0:0:0:0:0:0:1 - - [25/Oct/2020:22:30:54 -0700] "POST /buyBook HTTP/1.1" 500 9973
0:0:0:0:0:0:0:1 - - [25/Oct/2020:22:31:50 -0700] "GET /moreDetails?bookItem=1 HTTP/1.1" 200 2299
0:0:0:0:0:0:0:1 - - [25/Oct/2020:22:31:51 -0700] "GET /moreDetails?bookItem=1 HTTP/1.1" 200 2299
0:0:0:0:0:0:0:1 - - [25/Oct/2020:22:31:55 -0700] "POST /buyBook HTTP/1.1" 500 9973
0:0:0:0:0:0:0:1 - - [25/Oct/2020:22:33:27 -0700] "GET /moreDetails?bookItem=1 HTTP/1.1" 200 2299
0:0:0:0:0:0:0:1 - - [25/Oct/2020:22:33:28 -0700] "GET /moreDetails?bookItem=1 HTTP/1.1" 200 2299
0:0:0:0:0:0:0:1 - - [25/Oct/2020:22:33:33 -0700] "POST /buyBook HTTP/1.1" 500 9973
0:0:0:0:0:0:0:1 - - [25/Oct/2020:22:34:13 -0700] "GET /moreDetails?bookItem=1 HTTP/1.1" 200 2299
0:0:0:0:0:0:0:1 - - [25/Oct/2020:22:34:15 -0700] "GET /moreDetails?bookItem=1 HTTP/1.1" 200 2299
0:0:0:0:0:0:0:1 - - [25/Oct/2020:22:34:18 -0700] "POST /buyBook HTTP/1.1" 500 9973
0:0:0:0:0:0:0:1 - - [25/Oct/2020:22:34:56 -0700] "GET /login HTTP/1.1" 200 1657
0:0:0:0:0:0:0:1 - - [25/Oct/2020:22:34:56 -0700] "GET /login HTTP/1.1" 200 1657
0:0:0:0:0:0:0:1 - - [25/Oct/2020:22:34:59 -0700] "POST /doLogin HTTP/1.1" 302 -
0:0:0:0:0:0:0:1 - - [25/Oct/2020:22:34:59 -0700] "GET /loginSuccessful HTTP/1.1" 200 650
0:0:0:0:0:0:0:1 - - [25/Oct/2020:22:34:59 -0700] "GET /searchBook HTTP/1.1" 200 678
0:0:0:0:0:0:0:1 - - [25/Oct/2020:22:35:01 -0700] "GET /searchBookByTitleOrAuthor?argument=Java HTTP/1.1" 200 1919
0:0:0:0:0:0:0:1 - - [25/Oct/2020:22:35:02 -0700] "GET /moreDetails?bookItem=1 HTTP/1.1" 200 2299
0:0:0:0:0:0:0:1 - - [25/Oct/2020:22:35:06 -0700] "POST /buyBook HTTP/1.1" 500 9973
0:0:0:0:0:0:0:1 - - [25/Oct/2020:22:35:37 -0700] "GET /moreDetails?bookItem=1 HTTP/1.1" 200 2299
0:0:0:0:0:0:0:1 - - [25/Oct/2020:22:35:38 -0700] "GET /moreDetails?bookItem=1 HTTP/1.1" 200 2299
0:0:0:0:0:0:0:1 - - [25/Oct/2020:22:35:41 -0700] "POST /buyBook HTTP/1.1" 500 9974
0:0:0:0:0:0:0:1 - - [25/Oct/2020:22:38:07 -0700] "GET /login HTTP/1.1" 200 1657
0:0:0:0:0:0:0:1 - - [25/Oct/2020:22:38:10 -0700] "POST /doLogin HTTP/1.1" 302 -
0:0:0:0:0:0:0:1 - - [25/Oct/2020:22:38:10 -0700] "GET /loginSuccessful HTTP/1.1" 200 650
0:0:0:0:0:0:0:1 - - [25/Oct/2020:22:38:11 -0700] "GET /searchBook HTTP/1.1" 200 678
0:0:0:0:0:0:0:1 - - [25/Oct/2020:22:38:13 -0700] "GET /searchBookByTitleOrAuthor?argument=Java HTTP/1.1" 200 1919
0:0:0:0:0:0:0:1 - - [25/Oct/2020:22:38:14 -0700] "GET /moreDetails?bookItem=1 HTTP/1.1" 200 2299
0:0:0:0:0:0:0:1 - - [25/Oct/2020:22:38:16 -0700] "POST /buyBook HTTP/1.1" 500 9974
0:0:0:0:0:0:0:1 - - [25/Oct/2020:22:38:54 -0700] "GET /moreDetails?bookItem=1 HTTP/1.1" 200 2299
0:0:0:0:0:0:0:1 - - [25/Oct/2020:22:38:54 -0700] "GET /moreDetails?bookItem=1 HTTP/1.1" 200 2299
0:0:0:0:0:0:0:1 - - [25/Oct/2020:22:38:56 -0700] "POST /buyBook HTTP/1.1" 200 1
0:0:0:0:0:0:0:1 - - [25/Oct/2020:23:15:42 -0700] "GET /moreDetails?bookItem=1 HTTP/1.1" 302 -
0:0:0:0:0:0:0:1 - - [25/Oct/2020:23:15:42 -0700] "GET /login HTTP/1.1" 200 1657
0:0:0:0:0:0:0:1 - - [25/Oct/2020:23:15:47 -0700] "POST /doLogin HTTP/1.1" 302 -
0:0:0:0:0:0:0:1 - - [25/Oct/2020:23:15:47 -0700] "GET /loginSuccessful HTTP/1.1" 200 650
0:0:0:0:0:0:0:1 - - [25/Oct/2020:23:15:48 -0700] "GET /searchBook HTTP/1.1" 200 678
0:0:0:0:0:0:0:1 - - [25/Oct/2020:23:15:51 -0700] "GET /searchBookByTitleOrAuthor?argument=Java HTTP/1.1" 200 1919
0:0:0:0:0:0:0:1 - - [25/Oct/2020:23:15:54 -0700] "GET /moreDetails?bookItem=1 HTTP/1.1" 200 2299
0:0:0:0:0:0:0:1 - - [25/Oct/2020:23:38:52 -0700] "GET /login HTTP/1.1" 200 1657
0:0:0:0:0:0:0:1 - - [25/Oct/2020:23:38:53 -0700] "GET /login HTTP/1.1" 200 1657
0:0:0:0:0:0:0:1 - - [25/Oct/2020:23:39:30 -0700] "POST /doLogin HTTP/1.1" 302 -
0:0:0:0:0:0:0:1 - - [25/Oct/2020:23:39:30 -0700] "GET /loginSuccessful HTTP/1.1" 200 650
0:0:0:0:0:0:0:1 - - [25/Oct/2020:23:41:20 -0700] "GET /login HTTP/1.1" 200 1657
0:0:0:0:0:0:0:1 - - [25/Oct/2020:23:42:00 -0700] "POST /doLogin HTTP/1.1" 302 -
0:0:0:0:0:0:0:1 - - [25/Oct/2020:23:42:00 -0700] "GET /loginSuccessful HTTP/1.1" 200 650
0:0:0:0:0:0:0:1 - - [25/Oct/2020:23:42:47 -0700] "GET /login HTTP/1.1" 200 1657
0:0:0:0:0:0:0:1 - - [25/Oct/2020:23:43:03 -0700] "GET /loginSuccessful HTTP/1.1" 200 650
0:0:0:0:0:0:0:1 - - [25/Oct/2020:23:43:30 -0700] "POST /doLogin HTTP/1.1" 302 -
0:0:0:0:0:0:0:1 - - [25/Oct/2020:23:43:30 -0700] "GET /loginSuccessful HTTP/1.1" 200 650
0:0:0:0:0:0:0:1 - - [25/Oct/2020:23:44:03 -0700] "POST /doLogin HTTP/1.1" 302 -
0:0:0:0:0:0:0:1 - - [25/Oct/2020:23:44:03 -0700] "GET /loginFailed HTTP/1.1" 302 -
0:0:0:0:0:0:0:1 - - [25/Oct/2020:23:44:03 -0700] "GET /login HTTP/1.1" 200 1657
0:0:0:0:0:0:0:1 - - [25/Oct/2020:23:44:36 -0700] "GET /signup HTTP/1.1" 200 4862
0:0:0:0:0:0:0:1 - - [25/Oct/2020:23:44:36 -0700] "GET /js/pwstrength.js HTTP/1.1" 200 -
0:0:0:0:0:0:0:1 - - [25/Oct/2020:23:44:36 -0700] "GET /js/jquery-1.7.2.js HTTP/1.1" 200 293292
0:0:0:0:0:0:0:1 - - [25/Oct/2020:23:45:18 -0700] "POST /signup HTTP/1.1" 302 -
0:0:0:0:0:0:0:1 - - [25/Oct/2020:23:45:18 -0700] "GET /login HTTP/1.1" 200 1740
