0:0:0:0:0:0:0:1 - - [21/Sep/2020:00:19:37 -0700] "GET / HTTP/1.1" 302 -
0:0:0:0:0:0:0:1 - - [21/Sep/2020:00:19:37 -0700] "GET / HTTP/1.1" 302 -
0:0:0:0:0:0:0:1 - - [21/Sep/2020:00:19:37 -0700] "GET /login HTTP/1.1" 200 1343
0:0:0:0:0:0:0:1 - - [21/Sep/2020:00:19:37 -0700] "GET /login HTTP/1.1" 200 1343
0:0:0:0:0:0:0:1 - - [21/Sep/2020:00:19:39 -0700] "GET /signup HTTP/1.1" 200 2534
0:0:0:0:0:0:0:1 - - [21/Sep/2020:00:19:39 -0700] "GET /js/pwstrength.js HTTP/1.1" 200 10303
0:0:0:0:0:0:0:1 - - [21/Sep/2020:00:19:39 -0700] "GET /js/jquery-1.7.2.js HTTP/1.1" 200 274484
0:0:0:0:0:0:0:1 - - [21/Sep/2020:00:19:48 -0700] "POST /user/register HTTP/1.1" 302 -
0:0:0:0:0:0:0:1 - - [21/Sep/2020:00:19:48 -0700] "GET /login HTTP/1.1" 200 1429
0:0:0:0:0:0:0:1 - - [21/Sep/2020:00:20:19 -0700] "GET / HTTP/1.1" 302 -
0:0:0:0:0:0:0:1 - - [21/Sep/2020:00:20:19 -0700] "GET /login HTTP/1.1" 200 1343
0:0:0:0:0:0:0:1 - - [21/Sep/2020:00:20:20 -0700] "GET / HTTP/1.1" 302 -
0:0:0:0:0:0:0:1 - - [21/Sep/2020:00:20:20 -0700] "GET /login HTTP/1.1" 200 1343
0:0:0:0:0:0:0:1 - - [21/Sep/2020:00:20:21 -0700] "GET /signup HTTP/1.1" 200 2534
0:0:0:0:0:0:0:1 - - [21/Sep/2020:00:20:21 -0700] "GET /js/pwstrength.js HTTP/1.1" 200 10303
0:0:0:0:0:0:0:1 - - [21/Sep/2020:00:20:21 -0700] "GET /js/jquery-1.7.2.js HTTP/1.1" 200 274484
0:0:0:0:0:0:0:1 - - [21/Sep/2020:00:20:30 -0700] "POST /user/register HTTP/1.1" 500 15289
0:0:0:0:0:0:0:1 - - [21/Sep/2020:00:52:29 -0700] "GET / HTTP/1.1" 302 -
0:0:0:0:0:0:0:1 - - [21/Sep/2020:00:52:29 -0700] "GET / HTTP/1.1" 302 -
0:0:0:0:0:0:0:1 - - [21/Sep/2020:00:52:30 -0700] "GET /login HTTP/1.1" 200 1343
0:0:0:0:0:0:0:1 - - [21/Sep/2020:00:52:30 -0700] "GET /login HTTP/1.1" 200 1343
0:0:0:0:0:0:0:1 - - [21/Sep/2020:00:52:31 -0700] "GET /signup HTTP/1.1" 200 2534
0:0:0:0:0:0:0:1 - - [21/Sep/2020:00:52:31 -0700] "GET /js/pwstrength.js HTTP/1.1" 200 10303
0:0:0:0:0:0:0:1 - - [21/Sep/2020:00:52:31 -0700] "GET /js/jquery-1.7.2.js HTTP/1.1" 200 274484
0:0:0:0:0:0:0:1 - - [21/Sep/2020:00:52:40 -0700] "POST /user/register HTTP/1.1" 500 15289
0:0:0:0:0:0:0:1 - - [21/Sep/2020:01:06:16 -0700] "GET / HTTP/1.1" 302 -
0:0:0:0:0:0:0:1 - - [21/Sep/2020:01:06:16 -0700] "GET / HTTP/1.1" 302 -
0:0:0:0:0:0:0:1 - - [21/Sep/2020:01:06:16 -0700] "GET /login HTTP/1.1" 200 1343
0:0:0:0:0:0:0:1 - - [21/Sep/2020:01:06:16 -0700] "GET /login HTTP/1.1" 200 1343
0:0:0:0:0:0:0:1 - - [21/Sep/2020:01:06:18 -0700] "GET /signup HTTP/1.1" 200 2534
0:0:0:0:0:0:0:1 - - [21/Sep/2020:01:06:18 -0700] "GET /js/pwstrength.js HTTP/1.1" 200 10303
0:0:0:0:0:0:0:1 - - [21/Sep/2020:01:06:18 -0700] "GET /js/jquery-1.7.2.js HTTP/1.1" 200 274484
0:0:0:0:0:0:0:1 - - [21/Sep/2020:01:06:37 -0700] "POST /user/register HTTP/1.1" 500 15289
0:0:0:0:0:0:0:1 - - [21/Sep/2020:01:18:04 -0700] "GET / HTTP/1.1" 302 -
0:0:0:0:0:0:0:1 - - [21/Sep/2020:01:18:04 -0700] "GET / HTTP/1.1" 302 -
0:0:0:0:0:0:0:1 - - [21/Sep/2020:01:18:04 -0700] "GET /login HTTP/1.1" 200 1343
0:0:0:0:0:0:0:1 - - [21/Sep/2020:01:18:04 -0700] "GET /login HTTP/1.1" 200 1343
0:0:0:0:0:0:0:1 - - [21/Sep/2020:01:18:07 -0700] "GET /signup HTTP/1.1" 200 2534
0:0:0:0:0:0:0:1 - - [21/Sep/2020:01:18:07 -0700] "GET /js/pwstrength.js HTTP/1.1" 200 10303
0:0:0:0:0:0:0:1 - - [21/Sep/2020:01:18:07 -0700] "GET /js/jquery-1.7.2.js HTTP/1.1" 200 274484
0:0:0:0:0:0:0:1 - - [21/Sep/2020:01:18:26 -0700] "POST /user/register HTTP/1.1" 500 15289
