0:0:0:0:0:0:0:1 - - [07/Dec/2020:11:42:11 -0800] "GET /login HTTP/1.1" 200 2343
0:0:0:0:0:0:0:1 - - [07/Dec/2020:11:42:11 -0800] "GET /js/action.js HTTP/1.1" 200 -
0:0:0:0:0:0:0:1 - - [07/Dec/2020:11:42:12 -0800] "GET /css/main.css HTTP/1.1" 302 -
0:0:0:0:0:0:0:1 - - [07/Dec/2020:11:42:12 -0800] "GET /login HTTP/1.1" 200 2343
0:0:0:0:0:0:0:1 - - [07/Dec/2020:11:42:25 -0800] "GET /signup HTTP/1.1" 200 5306
0:0:0:0:0:0:0:1 - - [07/Dec/2020:11:42:25 -0800] "GET /css/main.css HTTP/1.1" 302 -
0:0:0:0:0:0:0:1 - - [07/Dec/2020:11:42:25 -0800] "GET /js/action.js HTTP/1.1" 200 -
0:0:0:0:0:0:0:1 - - [07/Dec/2020:11:42:25 -0800] "GET /login HTTP/1.1" 200 2343
0:0:0:0:0:0:0:1 - - [07/Dec/2020:11:42:26 -0800] "GET /login HTTP/1.1" 200 2343
0:0:0:0:0:0:0:1 - - [07/Dec/2020:11:42:26 -0800] "GET /css/main.css HTTP/1.1" 302 -
0:0:0:0:0:0:0:1 - - [07/Dec/2020:11:42:26 -0800] "GET /login HTTP/1.1" 200 2343
0:0:0:0:0:0:0:1 - - [07/Dec/2020:11:42:28 -0800] "GET /forgetPassword HTTP/1.1" 200 2783
0:0:0:0:0:0:0:1 - - [07/Dec/2020:11:42:28 -0800] "GET /css/main.css HTTP/1.1" 302 -
0:0:0:0:0:0:0:1 - - [07/Dec/2020:11:42:28 -0800] "GET /js/pwstrength.js HTTP/1.1" 200 -
0:0:0:0:0:0:0:1 - - [07/Dec/2020:11:42:28 -0800] "GET /js/action.js HTTP/1.1" 200 -
0:0:0:0:0:0:0:1 - - [07/Dec/2020:11:42:28 -0800] "GET /js/jquery-1.7.2.js HTTP/1.1" 200 293292
0:0:0:0:0:0:0:1 - - [07/Dec/2020:11:42:28 -0800] "GET /login HTTP/1.1" 200 2343
0:0:0:0:0:0:0:1 - - [07/Dec/2020:11:42:33 -0800] "GET /login HTTP/1.1" 200 2343
0:0:0:0:0:0:0:1 - - [07/Dec/2020:11:42:33 -0800] "GET /css/main.css HTTP/1.1" 302 -
0:0:0:0:0:0:0:1 - - [07/Dec/2020:11:42:33 -0800] "GET /login HTTP/1.1" 200 2343
0:0:0:0:0:0:0:1 - - [07/Dec/2020:11:42:41 -0800] "POST /doLogin HTTP/1.1" 302 -
0:0:0:0:0:0:0:1 - - [07/Dec/2020:11:42:41 -0800] "GET /loginFailed HTTP/1.1" 302 -
0:0:0:0:0:0:0:1 - - [07/Dec/2020:11:42:41 -0800] "GET /login HTTP/1.1" 200 2412
0:0:0:0:0:0:0:1 - - [07/Dec/2020:11:42:41 -0800] "GET /css/main.css HTTP/1.1" 302 -
0:0:0:0:0:0:0:1 - - [07/Dec/2020:11:42:41 -0800] "GET /js/action.js HTTP/1.1" 200 -
0:0:0:0:0:0:0:1 - - [07/Dec/2020:11:42:41 -0800] "GET /login HTTP/1.1" 200 2343
0:0:0:0:0:0:0:1 - - [07/Dec/2020:11:42:48 -0800] "POST /doLogin HTTP/1.1" 302 -
0:0:0:0:0:0:0:1 - - [07/Dec/2020:11:42:48 -0800] "GET /loginSuccessful HTTP/1.1" 200 860
0:0:0:0:0:0:0:1 - - [07/Dec/2020:11:42:49 -0800] "GET /css/main.css HTTP/1.1" 200 2499
0:0:0:0:0:0:0:1 - - [07/Dec/2020:11:42:49 -0800] "GET /js/action.js HTTP/1.1" 200 -
0:0:0:0:0:0:0:1 - - [07/Dec/2020:11:42:52 -0800] "GET /login HTTP/1.1" 200 2343
0:0:0:0:0:0:0:1 - - [07/Dec/2020:11:42:52 -0800] "GET /css/main.css HTTP/1.1" 200 2499
0:0:0:0:0:0:0:1 - - [07/Dec/2020:11:42:56 -0800] "GET /signup HTTP/1.1" 200 5306
0:0:0:0:0:0:0:1 - - [07/Dec/2020:11:42:56 -0800] "GET /js/action.js HTTP/1.1" 200 -
0:0:0:0:0:0:0:1 - - [07/Dec/2020:11:42:56 -0800] "GET /css/main.css HTTP/1.1" 200 2499
0:0:0:0:0:0:0:1 - - [07/Dec/2020:11:42:58 -0800] "GET /login HTTP/1.1" 200 2343
0:0:0:0:0:0:0:1 - - [07/Dec/2020:11:43:04 -0800] "GET /forgetPassword HTTP/1.1" 200 2783
0:0:0:0:0:0:0:1 - - [07/Dec/2020:11:43:04 -0800] "GET /js/pwstrength.js HTTP/1.1" 200 -
0:0:0:0:0:0:0:1 - - [07/Dec/2020:11:43:04 -0800] "GET /js/jquery-1.7.2.js HTTP/1.1" 200 293292
0:0:0:0:0:0:0:1 - - [07/Dec/2020:11:43:04 -0800] "GET /css/main.css HTTP/1.1" 200 2499
0:0:0:0:0:0:0:1 - - [07/Dec/2020:11:43:04 -0800] "GET /js/action.js HTTP/1.1" 200 -
0:0:0:0:0:0:0:1 - - [07/Dec/2020:11:43:43 -0800] "GET /login HTTP/1.1" 200 2343
0:0:0:0:0:0:0:1 - - [07/Dec/2020:11:43:44 -0800] "GET /css/main.css HTTP/1.1" 200 2499
0:0:0:0:0:0:0:1 - - [07/Dec/2020:11:46:17 -0800] "GET /login HTTP/1.1" 200 2343
0:0:0:0:0:0:0:1 - - [07/Dec/2020:11:46:17 -0800] "GET /css/main.css HTTP/1.1" 200 2499
0:0:0:0:0:0:0:1 - - [07/Dec/2020:11:46:17 -0800] "GET /js/action.js HTTP/1.1" 200 -
0:0:0:0:0:0:0:1 - - [07/Dec/2020:11:46:25 -0800] "POST /doLogin HTTP/1.1" 302 -
0:0:0:0:0:0:0:1 - - [07/Dec/2020:11:46:25 -0800] "GET /loginSuccessful HTTP/1.1" 200 860
0:0:0:0:0:0:0:1 - - [07/Dec/2020:11:46:25 -0800] "GET /css/main.css HTTP/1.1" 200 2499
0:0:0:0:0:0:0:1 - - [07/Dec/2020:11:46:25 -0800] "GET /js/action.js HTTP/1.1" 200 -
0:0:0:0:0:0:0:1 - - [07/Dec/2020:11:55:35 -0800] "GET /login HTTP/1.1" 200 2343
0:0:0:0:0:0:0:1 - - [07/Dec/2020:11:55:39 -0800] "POST /doLogin HTTP/1.1" 302 -
0:0:0:0:0:0:0:1 - - [07/Dec/2020:11:55:39 -0800] "GET /loginFailed HTTP/1.1" 302 -
0:0:0:0:0:0:0:1 - - [07/Dec/2020:11:55:39 -0800] "GET /login HTTP/1.1" 200 2412
0:0:0:0:0:0:0:1 - - [07/Dec/2020:11:55:39 -0800] "GET /css/main.css HTTP/1.1" 302 -
0:0:0:0:0:0:0:1 - - [07/Dec/2020:11:55:39 -0800] "GET /js/action.js HTTP/1.1" 200 -
0:0:0:0:0:0:0:1 - - [07/Dec/2020:11:55:39 -0800] "GET /login HTTP/1.1" 200 2343
0:0:0:0:0:0:0:1 - - [07/Dec/2020:11:57:27 -0800] "GET /loginSuccessful HTTP/1.1" 302 -
0:0:0:0:0:0:0:1 - - [07/Dec/2020:11:57:27 -0800] "GET /login HTTP/1.1" 200 2343
0:0:0:0:0:0:0:1 - - [07/Dec/2020:11:57:27 -0800] "GET /css/main.css HTTP/1.1" 302 -
0:0:0:0:0:0:0:1 - - [07/Dec/2020:11:57:27 -0800] "GET /js/action.js HTTP/1.1" 200 -
0:0:0:0:0:0:0:1 - - [07/Dec/2020:11:57:27 -0800] "GET /login HTTP/1.1" 200 2343
0:0:0:0:0:0:0:1 - - [07/Dec/2020:11:57:39 -0800] "POST /doLogin HTTP/1.1" 302 -
0:0:0:0:0:0:0:1 - - [07/Dec/2020:11:57:39 -0800] "GET /loginSuccessful HTTP/1.1" 200 860
0:0:0:0:0:0:0:1 - - [07/Dec/2020:11:57:39 -0800] "GET /css/main.css HTTP/1.1" 200 2499
0:0:0:0:0:0:0:1 - - [07/Dec/2020:11:57:39 -0800] "GET /js/action.js HTTP/1.1" 200 -
0:0:0:0:0:0:0:1 - - [07/Dec/2020:11:57:40 -0800] "GET /login HTTP/1.1" 200 2343
0:0:0:0:0:0:0:1 - - [07/Dec/2020:11:57:43 -0800] "GET /loginSuccessful HTTP/1.1" 200 860
0:0:0:0:0:0:0:1 - - [07/Dec/2020:11:57:43 -0800] "GET /css/main.css HTTP/1.1" 200 2499
0:0:0:0:0:0:0:1 - - [07/Dec/2020:11:57:43 -0800] "GET /js/action.js HTTP/1.1" 200 -
0:0:0:0:0:0:0:1 - - [07/Dec/2020:11:58:11 -0800] "GET /login HTTP/1.1" 200 2343
0:0:0:0:0:0:0:1 - - [07/Dec/2020:11:58:11 -0800] "GET /css/main.css HTTP/1.1" 200 2499
0:0:0:0:0:0:0:1 - - [07/Dec/2020:11:58:40 -0800] "GET /login HTTP/1.1" 200 2343
0:0:0:0:0:0:0:1 - - [07/Dec/2020:11:58:40 -0800] "GET /css/main.css HTTP/1.1" 200 2499
0:0:0:0:0:0:0:1 - - [07/Dec/2020:11:58:40 -0800] "GET /js/action.js HTTP/1.1" 200 -
0:0:0:0:0:0:0:1 - - [07/Dec/2020:11:58:41 -0800] "GET /favicon.ico HTTP/1.1" 200 1150
0:0:0:0:0:0:0:1 - - [07/Dec/2020:11:58:45 -0800] "GET /loginSuccessful HTTP/1.1" 200 860
0:0:0:0:0:0:0:1 - - [07/Dec/2020:11:58:45 -0800] "GET /js/action.js HTTP/1.1" 200 -
0:0:0:0:0:0:0:1 - - [07/Dec/2020:11:58:45 -0800] "GET /css/main.css HTTP/1.1" 200 2499
0:0:0:0:0:0:0:1 - - [07/Dec/2020:11:58:50 -0800] "GET /login HTTP/1.1" 200 2343
0:0:0:0:0:0:0:1 - - [07/Dec/2020:11:58:50 -0800] "GET /css/main.css HTTP/1.1" 200 2499
0:0:0:0:0:0:0:1 - - [07/Dec/2020:11:59:19 -0800] "GET /login HTTP/1.1" 200 2343
0:0:0:0:0:0:0:1 - - [07/Dec/2020:11:59:19 -0800] "GET /css/main.css HTTP/1.1" 200 2499
0:0:0:0:0:0:0:1 - - [07/Dec/2020:11:59:19 -0800] "GET /js/action.js HTTP/1.1" 200 -
0:0:0:0:0:0:0:1 - - [07/Dec/2020:11:59:25 -0800] "POST /doLogin HTTP/1.1" 302 -
0:0:0:0:0:0:0:1 - - [07/Dec/2020:11:59:26 -0800] "GET /loginSuccessful HTTP/1.1" 200 860
0:0:0:0:0:0:0:1 - - [07/Dec/2020:11:59:26 -0800] "GET /css/main.css HTTP/1.1" 200 2499
0:0:0:0:0:0:0:1 - - [07/Dec/2020:11:59:26 -0800] "GET /js/action.js HTTP/1.1" 200 -
0:0:0:0:0:0:0:1 - - [07/Dec/2020:11:59:27 -0800] "GET /login HTTP/1.1" 200 2343
0:0:0:0:0:0:0:1 - - [07/Dec/2020:11:59:27 -0800] "GET /css/main.css HTTP/1.1" 200 2499
0:0:0:0:0:0:0:1 - - [07/Dec/2020:11:59:53 -0800] "GET /loginSuccessful HTTP/1.1" 200 860
0:0:0:0:0:0:0:1 - - [07/Dec/2020:11:59:53 -0800] "GET /js/action.js HTTP/1.1" 200 -
0:0:0:0:0:0:0:1 - - [07/Dec/2020:11:59:53 -0800] "GET /css/main.css HTTP/1.1" 200 2499
0:0:0:0:0:0:0:1 - - [07/Dec/2020:11:59:53 -0800] "GET /loginSuccessful HTTP/1.1" 200 860
0:0:0:0:0:0:0:1 - - [07/Dec/2020:11:59:53 -0800] "GET /js/action.js HTTP/1.1" 200 -
0:0:0:0:0:0:0:1 - - [07/Dec/2020:11:59:53 -0800] "GET /css/main.css HTTP/1.1" 200 2499
0:0:0:0:0:0:0:1 - - [07/Dec/2020:12:00:16 -0800] "GET /login HTTP/1.1" 200 2343
0:0:0:0:0:0:0:1 - - [07/Dec/2020:12:00:16 -0800] "GET /css/main.css HTTP/1.1" 200 2499
0:0:0:0:0:0:0:1 - - [07/Dec/2020:12:00:19 -0800] "GET /loginSuccessful HTTP/1.1" 200 860
0:0:0:0:0:0:0:1 - - [07/Dec/2020:12:00:19 -0800] "GET /css/main.css HTTP/1.1" 200 2499
0:0:0:0:0:0:0:1 - - [07/Dec/2020:12:00:19 -0800] "GET /js/action.js HTTP/1.1" 200 -
0:0:0:0:0:0:0:1 - - [07/Dec/2020:12:00:30 -0800] "GET /login HTTP/1.1" 200 2343
0:0:0:0:0:0:0:1 - - [07/Dec/2020:12:00:30 -0800] "GET /css/main.css HTTP/1.1" 200 2499
0:0:0:0:0:0:0:1 - - [07/Dec/2020:12:00:30 -0800] "GET /js/action.js HTTP/1.1" 200 -
0:0:0:0:0:0:0:1 - - [07/Dec/2020:12:00:34 -0800] "GET /loginSuccessful HTTP/1.1" 200 860
0:0:0:0:0:0:0:1 - - [07/Dec/2020:12:00:34 -0800] "GET /js/action.js HTTP/1.1" 200 -
0:0:0:0:0:0:0:1 - - [07/Dec/2020:12:00:34 -0800] "GET /css/main.css HTTP/1.1" 200 2499
0:0:0:0:0:0:0:1 - - [07/Dec/2020:12:01:05 -0800] "GET /loginSuccessful HTTP/1.1" 200 860
0:0:0:0:0:0:0:1 - - [07/Dec/2020:12:01:05 -0800] "GET /js/action.js HTTP/1.1" 200 -
0:0:0:0:0:0:0:1 - - [07/Dec/2020:12:01:05 -0800] "GET /css/main.css HTTP/1.1" 200 2499
0:0:0:0:0:0:0:1 - - [07/Dec/2020:12:01:22 -0800] "GET /loginSuccessful HTTP/1.1" 200 860
0:0:0:0:0:0:0:1 - - [07/Dec/2020:12:01:22 -0800] "GET /css/main.css HTTP/1.1" 200 2499
0:0:0:0:0:0:0:1 - - [07/Dec/2020:12:01:22 -0800] "GET /js/action.js HTTP/1.1" 200 -
0:0:0:0:0:0:0:1 - - [07/Dec/2020:12:01:28 -0800] "GET /login HTTP/1.1" 200 2343
0:0:0:0:0:0:0:1 - - [07/Dec/2020:12:01:28 -0800] "GET /js/action.js HTTP/1.1" 200 -
0:0:0:0:0:0:0:1 - - [07/Dec/2020:12:01:28 -0800] "GET /css/main.css HTTP/1.1" 302 -
0:0:0:0:0:0:0:1 - - [07/Dec/2020:12:01:28 -0800] "GET /login HTTP/1.1" 200 2343
0:0:0:0:0:0:0:1 - - [07/Dec/2020:12:01:30 -0800] "GET /loginSuccessful HTTP/1.1" 302 -
0:0:0:0:0:0:0:1 - - [07/Dec/2020:12:01:30 -0800] "GET /login HTTP/1.1" 200 2343
0:0:0:0:0:0:0:1 - - [07/Dec/2020:12:01:30 -0800] "GET /css/main.css HTTP/1.1" 302 -
0:0:0:0:0:0:0:1 - - [07/Dec/2020:12:01:30 -0800] "GET /js/action.js HTTP/1.1" 200 -
0:0:0:0:0:0:0:1 - - [07/Dec/2020:12:01:30 -0800] "GET /login HTTP/1.1" 200 2343
0:0:0:0:0:0:0:1 - - [07/Dec/2020:12:01:55 -0800] "GET /loginSuccessful HTTP/1.1" 302 -
0:0:0:0:0:0:0:1 - - [07/Dec/2020:12:01:55 -0800] "GET /login HTTP/1.1" 200 2343
0:0:0:0:0:0:0:1 - - [07/Dec/2020:12:01:55 -0800] "GET /css/main.css HTTP/1.1" 302 -
0:0:0:0:0:0:0:1 - - [07/Dec/2020:12:01:55 -0800] "GET /js/action.js HTTP/1.1" 200 -
0:0:0:0:0:0:0:1 - - [07/Dec/2020:12:01:55 -0800] "GET /login HTTP/1.1" 200 2343
0:0:0:0:0:0:0:1 - - [07/Dec/2020:12:02:00 -0800] "POST /doLogin HTTP/1.1" 302 -
0:0:0:0:0:0:0:1 - - [07/Dec/2020:12:02:00 -0800] "GET /loginSuccessful HTTP/1.1" 200 860
0:0:0:0:0:0:0:1 - - [07/Dec/2020:12:02:00 -0800] "GET /js/action.js HTTP/1.1" 200 -
0:0:0:0:0:0:0:1 - - [07/Dec/2020:12:02:00 -0800] "GET /css/main.css HTTP/1.1" 200 2499
0:0:0:0:0:0:0:1 - - [07/Dec/2020:12:02:06 -0800] "GET /login HTTP/1.1" 200 2343
0:0:0:0:0:0:0:1 - - [07/Dec/2020:12:02:06 -0800] "GET /css/main.css HTTP/1.1" 200 2499
0:0:0:0:0:0:0:1 - - [07/Dec/2020:19:14:08 -0800] "GET /login HTTP/1.1" 200 2343
0:0:0:0:0:0:0:1 - - [07/Dec/2020:19:14:09 -0800] "GET /css/main.css HTTP/1.1" 302 -
0:0:0:0:0:0:0:1 - - [07/Dec/2020:19:14:09 -0800] "GET /js/action.js HTTP/1.1" 200 -
0:0:0:0:0:0:0:1 - - [07/Dec/2020:19:14:09 -0800] "GET /login HTTP/1.1" 200 2343
0:0:0:0:0:0:0:1 - - [07/Dec/2020:19:20:42 -0800] "POST /doLogin HTTP/1.1" 302 -
0:0:0:0:0:0:0:1 - - [07/Dec/2020:19:20:42 -0800] "GET /loginSuccessful HTTP/1.1" 200 860
0:0:0:0:0:0:0:1 - - [07/Dec/2020:19:20:42 -0800] "GET /js/action.js HTTP/1.1" 200 -
0:0:0:0:0:0:0:1 - - [07/Dec/2020:19:20:42 -0800] "GET /css/main.css HTTP/1.1" 200 2499
0:0:0:0:0:0:0:1 - - [07/Dec/2020:19:20:45 -0800] "GET /login HTTP/1.1" 200 2343
0:0:0:0:0:0:0:1 - - [07/Dec/2020:19:20:47 -0800] "GET /signup HTTP/1.1" 200 5306
0:0:0:0:0:0:0:1 - - [07/Dec/2020:19:20:47 -0800] "GET /js/action.js HTTP/1.1" 200 -
0:0:0:0:0:0:0:1 - - [07/Dec/2020:19:20:47 -0800] "GET /css/main.css HTTP/1.1" 200 2499
0:0:0:0:0:0:0:1 - - [07/Dec/2020:19:20:48 -0800] "GET /login HTTP/1.1" 200 2343
0:0:0:0:0:0:0:1 - - [07/Dec/2020:19:20:48 -0800] "GET /css/main.css HTTP/1.1" 200 2499
0:0:0:0:0:0:0:1 - - [07/Dec/2020:19:24:23 -0800] "GET /signup HTTP/1.1" 200 5306
0:0:0:0:0:0:0:1 - - [07/Dec/2020:19:24:23 -0800] "GET /css/main.css HTTP/1.1" 200 2499
0:0:0:0:0:0:0:1 - - [07/Dec/2020:19:24:23 -0800] "GET /js/action.js HTTP/1.1" 200 -
0:0:0:0:0:0:0:1 - - [07/Dec/2020:19:24:33 -0800] "GET /login HTTP/1.1" 200 2343
0:0:0:0:0:0:0:1 - - [07/Dec/2020:19:24:33 -0800] "GET /css/main.css HTTP/1.1" 200 2499
0:0:0:0:0:0:0:1 - - [07/Dec/2020:19:24:38 -0800] "GET /forgetPassword HTTP/1.1" 200 2783
0:0:0:0:0:0:0:1 - - [07/Dec/2020:19:24:38 -0800] "GET /js/pwstrength.js HTTP/1.1" 200 -
0:0:0:0:0:0:0:1 - - [07/Dec/2020:19:24:38 -0800] "GET /css/main.css HTTP/1.1" 200 2499
0:0:0:0:0:0:0:1 - - [07/Dec/2020:19:24:38 -0800] "GET /js/action.js HTTP/1.1" 200 -
0:0:0:0:0:0:0:1 - - [07/Dec/2020:19:24:38 -0800] "GET /js/jquery-1.7.2.js HTTP/1.1" 200 293292
0:0:0:0:0:0:0:1 - - [07/Dec/2020:19:24:44 -0800] "GET /login HTTP/1.1" 200 2343
0:0:0:0:0:0:0:1 - - [07/Dec/2020:19:24:44 -0800] "GET /css/main.css HTTP/1.1" 200 2499
0:0:0:0:0:0:0:1 - - [07/Dec/2020:19:24:51 -0800] "POST /doLogin HTTP/1.1" 302 -
0:0:0:0:0:0:0:1 - - [07/Dec/2020:19:24:51 -0800] "GET /loginSuccessful HTTP/1.1" 200 860
0:0:0:0:0:0:0:1 - - [07/Dec/2020:19:24:51 -0800] "GET /js/action.js HTTP/1.1" 200 -
0:0:0:0:0:0:0:1 - - [07/Dec/2020:19:24:51 -0800] "GET /css/main.css HTTP/1.1" 200 2499
0:0:0:0:0:0:0:1 - - [07/Dec/2020:19:24:56 -0800] "GET /searchBook HTTP/1.1" 200 678
0:0:0:0:0:0:0:1 - - [07/Dec/2020:19:25:07 -0800] "GET /searchBookByTitleOrAuthor?argument=Java HTTP/1.1" 200 1919
0:0:0:0:0:0:0:1 - - [07/Dec/2020:19:25:18 -0800] "GET /moreDetails?bookItem=1 HTTP/1.1" 200 2299
0:0:0:0:0:0:0:1 - - [07/Dec/2020:19:25:25 -0800] "GET /searchBookByTitleOrAuthor?argument=Java HTTP/1.1" 200 1919
0:0:0:0:0:0:0:1 - - [07/Dec/2020:19:25:26 -0800] "GET /searchBook HTTP/1.1" 200 678
0:0:0:0:0:0:0:1 - - [07/Dec/2020:19:25:27 -0800] "GET /loginSuccessful HTTP/1.1" 200 860
0:0:0:0:0:0:0:1 - - [07/Dec/2020:19:25:27 -0800] "GET /css/main.css HTTP/1.1" 200 2499
0:0:0:0:0:0:0:1 - - [07/Dec/2020:19:25:27 -0800] "GET /js/action.js HTTP/1.1" 200 -
0:0:0:0:0:0:0:1 - - [07/Dec/2020:19:25:29 -0800] "GET /searchCourses HTTP/1.1" 200 863
0:0:0:0:0:0:0:1 - - [07/Dec/2020:19:25:33 -0800] "GET /searchCoursesBySubject?subject=Computer_Science HTTP/1.1" 200 3099
0:0:0:0:0:0:0:1 - - [07/Dec/2020:19:26:08 -0800] "POST /registerForClassess HTTP/1.1" 302 -
0:0:0:0:0:0:0:1 - - [07/Dec/2020:19:26:08 -0800] "GET /searchCourses HTTP/1.1" 200 931
0:0:0:0:0:0:0:1 - - [07/Dec/2020:19:26:18 -0800] "GET /searchCoursesBySubject?subject=Computer_Science HTTP/1.1" 200 3099
0:0:0:0:0:0:0:1 - - [07/Dec/2020:19:26:19 -0800] "GET /searchCourses HTTP/1.1" 200 863
0:0:0:0:0:0:0:1 - - [07/Dec/2020:19:26:21 -0800] "GET /loginSuccessful HTTP/1.1" 200 860
0:0:0:0:0:0:0:1 - - [07/Dec/2020:19:26:21 -0800] "GET /css/main.css HTTP/1.1" 200 2499
0:0:0:0:0:0:0:1 - - [07/Dec/2020:19:26:21 -0800] "GET /js/action.js HTTP/1.1" 200 -
0:0:0:0:0:0:0:1 - - [07/Dec/2020:19:26:24 -0800] "GET /searchCourses HTTP/1.1" 200 863
0:0:0:0:0:0:0:1 - - [07/Dec/2020:19:26:27 -0800] "GET /searchCoursesByTitle?title=COMSC_75 HTTP/1.1" 200 1933
0:0:0:0:0:0:0:1 - - [07/Dec/2020:19:26:43 -0800] "POST /registerForClassess HTTP/1.1" 302 -
0:0:0:0:0:0:0:1 - - [07/Dec/2020:19:26:43 -0800] "GET /searchCourses HTTP/1.1" 200 913
0:0:0:0:0:0:0:1 - - [07/Dec/2020:19:26:46 -0800] "GET /searchCoursesByTitle?title=COMSC_75 HTTP/1.1" 200 1933
0:0:0:0:0:0:0:1 - - [07/Dec/2020:19:26:48 -0800] "GET /searchCourses HTTP/1.1" 200 863
0:0:0:0:0:0:0:1 - - [07/Dec/2020:19:26:50 -0800] "GET /loginSuccessful HTTP/1.1" 200 860
0:0:0:0:0:0:0:1 - - [07/Dec/2020:19:26:50 -0800] "GET /css/main.css HTTP/1.1" 200 2499
0:0:0:0:0:0:0:1 - - [07/Dec/2020:19:26:50 -0800] "GET /js/action.js HTTP/1.1" 200 -
0:0:0:0:0:0:0:1 - - [07/Dec/2020:19:26:52 -0800] "GET /dropClasses HTTP/1.1" 200 1194
0:0:0:0:0:0:0:1 - - [07/Dec/2020:19:26:57 -0800] "GET /loginSuccessful HTTP/1.1" 200 860
0:0:0:0:0:0:0:1 - - [07/Dec/2020:19:26:57 -0800] "GET /css/main.css HTTP/1.1" 200 2499
0:0:0:0:0:0:0:1 - - [07/Dec/2020:19:26:57 -0800] "GET /js/action.js HTTP/1.1" 200 -
0:0:0:0:0:0:0:1 - - [07/Dec/2020:19:26:59 -0800] "GET /getAllRequiredBooks HTTP/1.1" 302 -
0:0:0:0:0:0:0:1 - - [07/Dec/2020:19:26:59 -0800] "GET /loginSuccessful HTTP/1.1" 200 929
0:0:0:0:0:0:0:1 - - [07/Dec/2020:19:26:59 -0800] "GET /css/main.css HTTP/1.1" 200 2499
0:0:0:0:0:0:0:1 - - [07/Dec/2020:19:26:59 -0800] "GET /js/action.js HTTP/1.1" 200 -
0:0:0:0:0:0:0:1 - - [07/Dec/2020:19:27:10 -0800] "GET /searchCourses HTTP/1.1" 200 863
0:0:0:0:0:0:0:1 - - [07/Dec/2020:19:27:12 -0800] "GET /searchCoursesBySubject?subject=Computer_Science HTTP/1.1" 200 3099
0:0:0:0:0:0:0:1 - - [07/Dec/2020:19:27:18 -0800] "POST /registerForClassess HTTP/1.1" 302 -
0:0:0:0:0:0:0:1 - - [07/Dec/2020:19:27:18 -0800] "GET /searchCourses HTTP/1.1" 200 913
0:0:0:0:0:0:0:1 - - [07/Dec/2020:19:27:20 -0800] "GET /searchCoursesBySubject?subject=Computer_Science HTTP/1.1" 200 3099
0:0:0:0:0:0:0:1 - - [07/Dec/2020:19:27:20 -0800] "GET /searchCourses HTTP/1.1" 200 863
0:0:0:0:0:0:0:1 - - [07/Dec/2020:19:27:21 -0800] "GET /loginSuccessful HTTP/1.1" 200 860
0:0:0:0:0:0:0:1 - - [07/Dec/2020:19:27:21 -0800] "GET /js/action.js HTTP/1.1" 200 -
0:0:0:0:0:0:0:1 - - [07/Dec/2020:19:27:21 -0800] "GET /css/main.css HTTP/1.1" 200 2499
0:0:0:0:0:0:0:1 - - [07/Dec/2020:19:27:23 -0800] "GET /getAllRequiredBooks HTTP/1.1" 200 1919
0:0:0:0:0:0:0:1 - - [07/Dec/2020:19:27:28 -0800] "GET /loginSuccessful HTTP/1.1" 200 860
0:0:0:0:0:0:0:1 - - [07/Dec/2020:19:27:28 -0800] "GET /css/main.css HTTP/1.1" 200 2499
0:0:0:0:0:0:0:1 - - [07/Dec/2020:19:27:28 -0800] "GET /js/action.js HTTP/1.1" 200 -
0:0:0:0:0:0:0:1 - - [07/Dec/2020:19:35:08 -0800] "GET /loginSuccessful HTTP/1.1" 200 860
0:0:0:0:0:0:0:1 - - [07/Dec/2020:19:35:08 -0800] "GET /css/main.css HTTP/1.1" 200 2499
0:0:0:0:0:0:0:1 - - [07/Dec/2020:19:35:10 -0800] "GET /login HTTP/1.1" 200 2343
0:0:0:0:0:0:0:1 - - [07/Dec/2020:19:43:46 -0800] "GET /login HTTP/1.1" 200 2343
0:0:0:0:0:0:0:1 - - [07/Dec/2020:19:43:46 -0800] "GET /js/action.js HTTP/1.1" 200 -
0:0:0:0:0:0:0:1 - - [07/Dec/2020:19:43:46 -0800] "GET /css/main.css HTTP/1.1" 200 2499
0:0:0:0:0:0:0:1 - - [07/Dec/2020:19:43:49 -0800] "POST /doLogin HTTP/1.1" 302 -
0:0:0:0:0:0:0:1 - - [07/Dec/2020:19:43:49 -0800] "GET /loginSuccessful HTTP/1.1" 200 860
0:0:0:0:0:0:0:1 - - [07/Dec/2020:19:43:49 -0800] "GET /css/main.css HTTP/1.1" 200 2499
0:0:0:0:0:0:0:1 - - [07/Dec/2020:19:43:49 -0800] "GET /js/action.js HTTP/1.1" 200 -
0:0:0:0:0:0:0:1 - - [07/Dec/2020:19:43:52 -0800] "GET /searchBook HTTP/1.1" 200 678
0:0:0:0:0:0:0:1 - - [07/Dec/2020:19:43:55 -0800] "GET /searchBookByTitleOrAuthor?argument=Java HTTP/1.1" 200 1919
0:0:0:0:0:0:0:1 - - [07/Dec/2020:19:43:57 -0800] "GET /moreDetails?bookItem=1 HTTP/1.1" 200 2336
0:0:0:0:0:0:0:1 - - [07/Dec/2020:19:44:51 -0800] "GET /moreDetails?bookItem=1 HTTP/1.1" 200 2353
0:0:0:0:0:0:0:1 - - [07/Dec/2020:19:45:50 -0800] "GET /moreDetails?bookItem=1 HTTP/1.1" 200 2424
0:0:0:0:0:0:0:1 - - [07/Dec/2020:19:45:50 -0800] "GET /css/main.css HTTP/1.1" 200 2499
0:0:0:0:0:0:0:1 - - [07/Dec/2020:19:45:50 -0800] "GET /js/action.js HTTP/1.1" 200 -
0:0:0:0:0:0:0:1 - - [07/Dec/2020:19:46:32 -0800] "GET /moreDetails?bookItem=1 HTTP/1.1" 200 2424
0:0:0:0:0:0:0:1 - - [07/Dec/2020:19:46:32 -0800] "GET /js/action.js HTTP/1.1" 200 -
0:0:0:0:0:0:0:1 - - [07/Dec/2020:19:46:32 -0800] "GET /css/main.css HTTP/1.1" 200 2526
0:0:0:0:0:0:0:1 - - [07/Dec/2020:19:47:33 -0800] "GET /moreDetails?bookItem=1 HTTP/1.1" 200 2628
0:0:0:0:0:0:0:1 - - [07/Dec/2020:19:47:33 -0800] "GET /css/main.css HTTP/1.1" 200 2526
0:0:0:0:0:0:0:1 - - [07/Dec/2020:19:47:33 -0800] "GET /js/action.js HTTP/1.1" 200 -
0:0:0:0:0:0:0:1 - - [07/Dec/2020:19:47:43 -0800] "GET /moreDetails?bookItem=1 HTTP/1.1" 200 2644
0:0:0:0:0:0:0:1 - - [07/Dec/2020:19:47:44 -0800] "GET /css/main.css HTTP/1.1" 200 2526
0:0:0:0:0:0:0:1 - - [07/Dec/2020:19:47:44 -0800] "GET /js/action.js HTTP/1.1" 200 -
0:0:0:0:0:0:0:1 - - [07/Dec/2020:19:49:07 -0800] "GET /moreDetails?bookItem=1 HTTP/1.1" 200 2648
0:0:0:0:0:0:0:1 - - [07/Dec/2020:19:49:07 -0800] "GET /css/main.css HTTP/1.1" 200 2538
0:0:0:0:0:0:0:1 - - [07/Dec/2020:19:49:07 -0800] "GET /js/action.js HTTP/1.1" 200 -
0:0:0:0:0:0:0:1 - - [07/Dec/2020:19:50:24 -0800] "GET /moreDetails?bookItem=1 HTTP/1.1" 200 2649
0:0:0:0:0:0:0:1 - - [07/Dec/2020:19:50:24 -0800] "GET /js/action.js HTTP/1.1" 200 -
0:0:0:0:0:0:0:1 - - [07/Dec/2020:19:50:24 -0800] "GET /css/main.css HTTP/1.1" 200 2538
0:0:0:0:0:0:0:1 - - [07/Dec/2020:19:50:48 -0800] "GET /moreDetails?bookItem=1 HTTP/1.1" 200 2640
0:0:0:0:0:0:0:1 - - [07/Dec/2020:19:50:48 -0800] "GET /css/main.css HTTP/1.1" 200 2538
0:0:0:0:0:0:0:1 - - [07/Dec/2020:19:50:48 -0800] "GET /js/action.js HTTP/1.1" 200 -
0:0:0:0:0:0:0:1 - - [07/Dec/2020:19:51:06 -0800] "GET /searchBookByTitleOrAuthor?argument=Java HTTP/1.1" 200 1919
0:0:0:0:0:0:0:1 - - [07/Dec/2020:19:52:56 -0800] "GET /searchBookByTitleOrAuthor?argument=Java HTTP/1.1" 200 1919
0:0:0:0:0:0:0:1 - - [07/Dec/2020:19:53:09 -0800] "GET /searchBook HTTP/1.1" 200 678
0:0:0:0:0:0:0:1 - - [07/Dec/2020:19:53:10 -0800] "GET /loginSuccessful HTTP/1.1" 200 860
0:0:0:0:0:0:0:1 - - [07/Dec/2020:19:53:10 -0800] "GET /css/main.css HTTP/1.1" 200 2538
0:0:0:0:0:0:0:1 - - [07/Dec/2020:19:53:10 -0800] "GET /js/action.js HTTP/1.1" 200 -
0:0:0:0:0:0:0:1 - - [07/Dec/2020:19:53:11 -0800] "GET /login HTTP/1.1" 200 2343
0:0:0:0:0:0:0:1 - - [07/Dec/2020:19:53:15 -0800] "POST /doLogin HTTP/1.1" 302 -
0:0:0:0:0:0:0:1 - - [07/Dec/2020:19:53:15 -0800] "GET /loginSuccessful HTTP/1.1" 200 860
0:0:0:0:0:0:0:1 - - [07/Dec/2020:19:53:15 -0800] "GET /css/main.css HTTP/1.1" 200 2538
0:0:0:0:0:0:0:1 - - [07/Dec/2020:19:53:15 -0800] "GET /js/action.js HTTP/1.1" 200 -
0:0:0:0:0:0:0:1 - - [07/Dec/2020:19:53:17 -0800] "GET /searchCourses HTTP/1.1" 200 1218
0:0:0:0:0:0:0:1 - - [07/Dec/2020:19:53:17 -0800] "GET /js/action.js HTTP/1.1" 200 -
0:0:0:0:0:0:0:1 - - [07/Dec/2020:19:53:17 -0800] "GET /css/main.css HTTP/1.1" 200 2538
0:0:0:0:0:0:0:1 - - [07/Dec/2020:19:53:20 -0800] "GET /searchCoursesBySubject?subject=Computer_Science HTTP/1.1" 200 3179
0:0:0:0:0:0:0:1 - - [07/Dec/2020:19:53:47 -0800] "GET /searchCoursesBySubject?subject=Computer_Science HTTP/1.1" 200 3535
0:0:0:0:0:0:0:1 - - [07/Dec/2020:19:53:47 -0800] "GET /js/action.js HTTP/1.1" 200 -
0:0:0:0:0:0:0:1 - - [07/Dec/2020:19:53:47 -0800] "GET /css/main.css HTTP/1.1" 200 2538
0:0:0:0:0:0:0:1 - - [07/Dec/2020:19:55:33 -0800] "GET /searchCourses HTTP/1.1" 200 1218
0:0:0:0:0:0:0:1 - - [07/Dec/2020:19:55:33 -0800] "GET /css/main.css HTTP/1.1" 200 2538
0:0:0:0:0:0:0:1 - - [07/Dec/2020:19:55:35 -0800] "GET /loginSuccessful HTTP/1.1" 200 860
0:0:0:0:0:0:0:1 - - [07/Dec/2020:19:55:37 -0800] "GET /dropClasses HTTP/1.1" 200 1526
0:0:0:0:0:0:0:1 - - [07/Dec/2020:19:56:57 -0800] "GET /dropClasses HTTP/1.1" 200 1963
0:0:0:0:0:0:0:1 - - [07/Dec/2020:19:56:57 -0800] "GET /css/main.css HTTP/1.1" 200 2538
0:0:0:0:0:0:0:1 - - [07/Dec/2020:19:56:57 -0800] "GET /js/action.js HTTP/1.1" 200 -
0:0:0:0:0:0:0:1 - - [07/Dec/2020:20:04:43 -0800] "GET /dropClasses HTTP/1.1" 200 1963
0:0:0:0:0:0:0:1 - - [07/Dec/2020:20:04:43 -0800] "GET /css/main.css HTTP/1.1" 200 2589
0:0:0:0:0:0:0:1 - - [07/Dec/2020:20:04:43 -0800] "GET /js/action.js HTTP/1.1" 200 -
0:0:0:0:0:0:0:1 - - [07/Dec/2020:20:04:47 -0800] "GET /loginSuccessful HTTP/1.1" 200 860
0:0:0:0:0:0:0:1 - - [07/Dec/2020:20:04:48 -0800] "GET /login HTTP/1.1" 200 2343
0:0:0:0:0:0:0:1 - - [07/Dec/2020:20:04:51 -0800] "POST /doLogin HTTP/1.1" 302 -
0:0:0:0:0:0:0:1 - - [07/Dec/2020:20:04:51 -0800] "GET /loginSuccessful HTTP/1.1" 200 860
0:0:0:0:0:0:0:1 - - [07/Dec/2020:20:04:51 -0800] "GET /js/action.js HTTP/1.1" 200 -
0:0:0:0:0:0:0:1 - - [07/Dec/2020:20:04:51 -0800] "GET /css/main.css HTTP/1.1" 200 2589
0:0:0:0:0:0:0:1 - - [07/Dec/2020:20:04:54 -0800] "GET /searchCourses HTTP/1.1" 200 1218
0:0:0:0:0:0:0:1 - - [07/Dec/2020:20:04:54 -0800] "GET /css/main.css HTTP/1.1" 200 2589
0:0:0:0:0:0:0:1 - - [07/Dec/2020:20:04:54 -0800] "GET /js/action.js HTTP/1.1" 200 -
0:0:0:0:0:0:0:1 - - [07/Dec/2020:20:04:55 -0800] "GET /searchCoursesBySubject?subject=Computer_Science HTTP/1.1" 200 3555
0:0:0:0:0:0:0:1 - - [07/Dec/2020:20:04:55 -0800] "GET /css/main.css HTTP/1.1" 200 2589
0:0:0:0:0:0:0:1 - - [07/Dec/2020:20:04:55 -0800] "GET /js/action.js HTTP/1.1" 200 -
0:0:0:0:0:0:0:1 - - [07/Dec/2020:20:06:01 -0800] "GET /searchCoursesBySubject?subject=Computer_Science HTTP/1.1" 200 3555
0:0:0:0:0:0:0:1 - - [07/Dec/2020:20:06:01 -0800] "GET /js/action.js HTTP/1.1" 200 -
0:0:0:0:0:0:0:1 - - [07/Dec/2020:20:06:01 -0800] "GET /css/main.css HTTP/1.1" 200 2601
0:0:0:0:0:0:0:1 - - [07/Dec/2020:20:06:16 -0800] "GET /searchCoursesBySubject?subject=Computer_Science HTTP/1.1" 200 3555
0:0:0:0:0:0:0:1 - - [07/Dec/2020:20:06:16 -0800] "GET /js/action.js HTTP/1.1" 200 -
0:0:0:0:0:0:0:1 - - [07/Dec/2020:20:06:16 -0800] "GET /css/main.css HTTP/1.1" 200 2601
0:0:0:0:0:0:0:1 - - [07/Dec/2020:20:06:45 -0800] "GET /searchCoursesBySubject?subject=Computer_Science HTTP/1.1" 200 3575
0:0:0:0:0:0:0:1 - - [07/Dec/2020:20:06:45 -0800] "GET /css/main.css HTTP/1.1" 200 2601
0:0:0:0:0:0:0:1 - - [07/Dec/2020:20:06:45 -0800] "GET /js/action.js HTTP/1.1" 200 -
0:0:0:0:0:0:0:1 - - [07/Dec/2020:20:07:19 -0800] "GET /searchCourses HTTP/1.1" 200 1218
0:0:0:0:0:0:0:1 - - [07/Dec/2020:20:07:19 -0800] "GET /css/main.css HTTP/1.1" 200 2601
0:0:0:0:0:0:0:1 - - [07/Dec/2020:20:07:20 -0800] "GET /loginSuccessful HTTP/1.1" 200 860
0:0:0:0:0:0:0:1 - - [07/Dec/2020:20:07:41 -0800] "GET /loginSuccessful HTTP/1.1" 200 860
0:0:0:0:0:0:0:1 - - [07/Dec/2020:20:07:41 -0800] "GET /css/main.css HTTP/1.1" 200 2601
0:0:0:0:0:0:0:1 - - [07/Dec/2020:20:07:41 -0800] "GET /js/action.js HTTP/1.1" 200 -
0:0:0:0:0:0:0:1 - - [07/Dec/2020:20:07:42 -0800] "GET /searchCourses HTTP/1.1" 200 1218
0:0:0:0:0:0:0:1 - - [07/Dec/2020:20:07:42 -0800] "GET /js/action.js HTTP/1.1" 200 -
0:0:0:0:0:0:0:1 - - [07/Dec/2020:20:07:42 -0800] "GET /css/main.css HTTP/1.1" 200 2601
0:0:0:0:0:0:0:1 - - [07/Dec/2020:20:07:43 -0800] "GET /searchCoursesBySubject?subject=Computer_Science HTTP/1.1" 200 3596
0:0:0:0:0:0:0:1 - - [07/Dec/2020:20:07:43 -0800] "GET /css/main.css HTTP/1.1" 200 2601
0:0:0:0:0:0:0:1 - - [07/Dec/2020:20:07:43 -0800] "GET /js/action.js HTTP/1.1" 200 -
0:0:0:0:0:0:0:1 - - [07/Dec/2020:20:08:56 -0800] "GET /searchCoursesBySubject?subject=Computer_Science HTTP/1.1" 200 3596
0:0:0:0:0:0:0:1 - - [07/Dec/2020:20:08:56 -0800] "GET /css/main.css HTTP/1.1" 200 2886
0:0:0:0:0:0:0:1 - - [07/Dec/2020:20:08:56 -0800] "GET /js/action.js HTTP/1.1" 200 -
0:0:0:0:0:0:0:1 - - [07/Dec/2020:20:09:20 -0800] "GET /searchCoursesBySubject?subject=Computer_Science HTTP/1.1" 200 3603
0:0:0:0:0:0:0:1 - - [07/Dec/2020:20:09:20 -0800] "GET /css/main.css HTTP/1.1" 200 2886
0:0:0:0:0:0:0:1 - - [07/Dec/2020:20:09:20 -0800] "GET /js/action.js HTTP/1.1" 200 -
0:0:0:0:0:0:0:1 - - [07/Dec/2020:20:09:50 -0800] "GET /searchCoursesBySubject?subject=Computer_Science HTTP/1.1" 200 3603
0:0:0:0:0:0:0:1 - - [07/Dec/2020:20:09:50 -0800] "GET /js/action.js HTTP/1.1" 200 -
0:0:0:0:0:0:0:1 - - [07/Dec/2020:20:09:50 -0800] "GET /css/main.css HTTP/1.1" 200 2869
0:0:0:0:0:0:0:1 - - [07/Dec/2020:20:10:02 -0800] "GET /searchCourses HTTP/1.1" 200 1218
0:0:0:0:0:0:0:1 - - [07/Dec/2020:20:10:03 -0800] "GET /css/main.css HTTP/1.1" 200 2869
0:0:0:0:0:0:0:1 - - [07/Dec/2020:20:10:03 -0800] "GET /loginSuccessful HTTP/1.1" 200 860
0:0:0:0:0:0:0:1 - - [07/Dec/2020:20:10:06 -0800] "GET /dropClasses HTTP/1.1" 200 1963
0:0:0:0:0:0:0:1 - - [07/Dec/2020:20:10:06 -0800] "GET /css/main.css HTTP/1.1" 200 2869
0:0:0:0:0:0:0:1 - - [07/Dec/2020:20:10:06 -0800] "GET /js/action.js HTTP/1.1" 200 -
0:0:0:0:0:0:0:1 - - [07/Dec/2020:20:10:24 -0800] "GET /dropClasses HTTP/1.1" 200 1990
0:0:0:0:0:0:0:1 - - [07/Dec/2020:20:10:24 -0800] "GET /css/main.css HTTP/1.1" 200 2869
0:0:0:0:0:0:0:1 - - [07/Dec/2020:20:10:24 -0800] "GET /js/action.js HTTP/1.1" 200 -
0:0:0:0:0:0:0:1 - - [07/Dec/2020:20:10:43 -0800] "GET /dropClasses HTTP/1.1" 200 2010
0:0:0:0:0:0:0:1 - - [07/Dec/2020:20:10:43 -0800] "GET /css/main.css HTTP/1.1" 200 2869
0:0:0:0:0:0:0:1 - - [07/Dec/2020:20:10:43 -0800] "GET /js/action.js HTTP/1.1" 200 -
0:0:0:0:0:0:0:1 - - [07/Dec/2020:20:11:21 -0800] "GET /loginSuccessful HTTP/1.1" 200 860
0:0:0:0:0:0:0:1 - - [07/Dec/2020:20:11:21 -0800] "GET /css/main.css HTTP/1.1" 200 2869
0:0:0:0:0:0:0:1 - - [07/Dec/2020:20:11:23 -0800] "GET /searchBook HTTP/1.1" 200 678
0:0:0:0:0:0:0:1 - - [07/Dec/2020:20:11:25 -0800] "GET /loginSuccessful HTTP/1.1" 200 860
0:0:0:0:0:0:0:1 - - [07/Dec/2020:20:11:27 -0800] "GET /getAllRequiredBooks HTTP/1.1" 200 1919
0:0:0:0:0:0:0:1 - - [07/Dec/2020:20:13:15 -0800] "GET /getAllRequiredBooks HTTP/1.1" 200 2036
0:0:0:0:0:0:0:1 - - [07/Dec/2020:20:13:44 -0800] "GET /getAllRequiredBooks HTTP/1.1" 200 2309
0:0:0:0:0:0:0:1 - - [07/Dec/2020:20:13:44 -0800] "GET /css/main.css HTTP/1.1" 200 2869
0:0:0:0:0:0:0:1 - - [07/Dec/2020:20:13:44 -0800] "GET /js/action.js HTTP/1.1" 200 -
0:0:0:0:0:0:0:1 - - [07/Dec/2020:20:14:29 -0800] "GET /loginSuccessful HTTP/1.1" 200 860
0:0:0:0:0:0:0:1 - - [07/Dec/2020:20:14:29 -0800] "GET /css/main.css HTTP/1.1" 200 2869
0:0:0:0:0:0:0:1 - - [07/Dec/2020:20:14:36 -0800] "GET /login HTTP/1.1" 200 2343
0:0:0:0:0:0:0:1 - - [07/Dec/2020:20:15:36 -0800] "POST /doLogin HTTP/1.1" 302 -
0:0:0:0:0:0:0:1 - - [07/Dec/2020:20:15:36 -0800] "GET /loginSuccessful HTTP/1.1" 200 860
0:0:0:0:0:0:0:1 - - [07/Dec/2020:20:15:36 -0800] "GET /css/main.css HTTP/1.1" 200 2869
0:0:0:0:0:0:0:1 - - [07/Dec/2020:20:15:36 -0800] "GET /js/action.js HTTP/1.1" 200 -
0:0:0:0:0:0:0:1 - - [07/Dec/2020:20:15:39 -0800] "GET /searchCourses HTTP/1.1" 200 1218
0:0:0:0:0:0:0:1 - - [07/Dec/2020:20:15:39 -0800] "GET /css/main.css HTTP/1.1" 200 2869
0:0:0:0:0:0:0:1 - - [07/Dec/2020:20:15:39 -0800] "GET /js/action.js HTTP/1.1" 200 -
0:0:0:0:0:0:0:1 - - [07/Dec/2020:20:16:38 -0800] "GET /searchCourses HTTP/1.1" 200 1218
0:0:0:0:0:0:0:1 - - [07/Dec/2020:20:16:38 -0800] "GET /js/action.js HTTP/1.1" 200 -
0:0:0:0:0:0:0:1 - - [07/Dec/2020:20:16:38 -0800] "GET /css/main.css HTTP/1.1" 200 2869
0:0:0:0:0:0:0:1 - - [07/Dec/2020:20:16:40 -0800] "GET /loginSuccessful HTTP/1.1" 200 860
0:0:0:0:0:0:0:1 - - [07/Dec/2020:20:16:44 -0800] "GET /searchBook HTTP/1.1" 200 678
0:0:0:0:0:0:0:1 - - [07/Dec/2020:20:16:45 -0800] "GET /loginSuccessful HTTP/1.1" 200 860
0:0:0:0:0:0:0:1 - - [07/Dec/2020:20:16:47 -0800] "GET /searchCourses HTTP/1.1" 200 1218
0:0:0:0:0:0:0:1 - - [07/Dec/2020:20:16:47 -0800] "GET /css/main.css HTTP/1.1" 200 2869
0:0:0:0:0:0:0:1 - - [07/Dec/2020:20:16:47 -0800] "GET /js/action.js HTTP/1.1" 200 -
0:0:0:0:0:0:0:1 - - [07/Dec/2020:20:16:53 -0800] "GET /loginSuccessful HTTP/1.1" 200 860
0:0:0:0:0:0:0:1 - - [07/Dec/2020:20:16:58 -0800] "GET /searchCourses HTTP/1.1" 200 1218
0:0:0:0:0:0:0:1 - - [07/Dec/2020:20:16:58 -0800] "GET /js/action.js HTTP/1.1" 200 -
0:0:0:0:0:0:0:1 - - [07/Dec/2020:20:16:58 -0800] "GET /css/main.css HTTP/1.1" 200 2869
0:0:0:0:0:0:0:1 - - [07/Dec/2020:20:17:15 -0800] "GET /searchCourses HTTP/1.1" 200 947
0:0:0:0:0:0:0:1 - - [07/Dec/2020:20:17:36 -0800] "GET /searchCourses HTTP/1.1" 200 1218
0:0:0:0:0:0:0:1 - - [07/Dec/2020:20:17:36 -0800] "GET /js/action.js HTTP/1.1" 200 -
0:0:0:0:0:0:0:1 - - [07/Dec/2020:20:17:36 -0800] "GET /css/main.css HTTP/1.1" 200 2869
0:0:0:0:0:0:0:1 - - [07/Dec/2020:20:17:47 -0800] "GET /searchCourses HTTP/1.1" 200 1000
0:0:0:0:0:0:0:1 - - [07/Dec/2020:20:17:47 -0800] "GET /css/main.css HTTP/1.1" 200 2869
0:0:0:0:0:0:0:1 - - [07/Dec/2020:20:17:47 -0800] "GET /js/action.js HTTP/1.1" 200 -
0:0:0:0:0:0:0:1 - - [07/Dec/2020:20:18:13 -0800] "GET /searchCourses HTTP/1.1" 200 1085
0:0:0:0:0:0:0:1 - - [07/Dec/2020:20:18:13 -0800] "GET /css/main.css HTTP/1.1" 200 2869
0:0:0:0:0:0:0:1 - - [07/Dec/2020:20:18:13 -0800] "GET /js/action.js HTTP/1.1" 200 -
0:0:0:0:0:0:0:1 - - [07/Dec/2020:20:18:18 -0800] "GET /searchCourses HTTP/1.1" 200 1085
0:0:0:0:0:0:0:1 - - [07/Dec/2020:20:18:18 -0800] "GET /js/action.js HTTP/1.1" 200 -
0:0:0:0:0:0:0:1 - - [07/Dec/2020:20:18:18 -0800] "GET /css/main.css HTTP/1.1" 200 2869
0:0:0:0:0:0:0:1 - - [07/Dec/2020:20:18:19 -0800] "GET /loginSuccessful HTTP/1.1" 200 860
0:0:0:0:0:0:0:1 - - [07/Dec/2020:20:18:19 -0800] "GET /login HTTP/1.1" 200 2343
0:0:0:0:0:0:0:1 - - [07/Dec/2020:20:18:20 -0800] "GET /loginSuccessful HTTP/1.1" 200 860
0:0:0:0:0:0:0:1 - - [07/Dec/2020:20:18:35 -0800] "GET /searchBook HTTP/1.1" 200 678
0:0:0:0:0:0:0:1 - - [07/Dec/2020:20:19:18 -0800] "GET /loginSuccessful HTTP/1.1" 200 860
0:0:0:0:0:0:0:1 - - [07/Dec/2020:20:19:18 -0800] "GET /css/main.css HTTP/1.1" 200 2869
0:0:0:0:0:0:0:1 - - [07/Dec/2020:20:19:18 -0800] "GET /js/action.js HTTP/1.1" 200 -
0:0:0:0:0:0:0:1 - - [07/Dec/2020:20:19:20 -0800] "GET /loginSuccessful HTTP/1.1" 200 860
0:0:0:0:0:0:0:1 - - [07/Dec/2020:20:19:20 -0800] "GET /js/action.js HTTP/1.1" 200 -
0:0:0:0:0:0:0:1 - - [07/Dec/2020:20:19:20 -0800] "GET /css/main.css HTTP/1.1" 200 2869
0:0:0:0:0:0:0:1 - - [07/Dec/2020:20:19:24 -0800] "GET /searchCourses HTTP/1.1" 200 1001
0:0:0:0:0:0:0:1 - - [07/Dec/2020:20:19:24 -0800] "GET /js/action.js HTTP/1.1" 200 -
0:0:0:0:0:0:0:1 - - [07/Dec/2020:20:19:24 -0800] "GET /css/main.css HTTP/1.1" 200 2869
0:0:0:0:0:0:0:1 - - [07/Dec/2020:20:19:26 -0800] "GET /loginSuccessful HTTP/1.1" 200 860
0:0:0:0:0:0:0:1 - - [07/Dec/2020:20:19:26 -0800] "GET /css/main.css HTTP/1.1" 200 2869
0:0:0:0:0:0:0:1 - - [07/Dec/2020:20:20:07 -0800] "GET /dropClasses HTTP/1.1" 200 2010
0:0:0:0:0:0:0:1 - - [07/Dec/2020:20:20:07 -0800] "GET /css/main.css HTTP/1.1" 200 2869
0:0:0:0:0:0:0:1 - - [07/Dec/2020:20:20:07 -0800] "GET /js/action.js HTTP/1.1" 200 -
0:0:0:0:0:0:0:1 - - [07/Dec/2020:20:20:09 -0800] "GET /loginSuccessful HTTP/1.1" 200 860
0:0:0:0:0:0:0:1 - - [07/Dec/2020:20:20:12 -0800] "GET /getAllRequiredBooks HTTP/1.1" 200 2309
0:0:0:0:0:0:0:1 - - [07/Dec/2020:20:20:12 -0800] "GET /js/action.js HTTP/1.1" 200 -
0:0:0:0:0:0:0:1 - - [07/Dec/2020:20:20:12 -0800] "GET /css/main.css HTTP/1.1" 200 2869
0:0:0:0:0:0:0:1 - - [07/Dec/2020:20:20:29 -0800] "GET /loginSuccessful HTTP/1.1" 200 860
0:0:0:0:0:0:0:1 - - [07/Dec/2020:20:20:29 -0800] "GET /css/main.css HTTP/1.1" 200 2869
0:0:0:0:0:0:0:1 - - [07/Dec/2020:20:20:53 -0800] "GET /dropClasses HTTP/1.1" 200 2010
0:0:0:0:0:0:0:1 - - [07/Dec/2020:20:20:53 -0800] "GET /js/action.js HTTP/1.1" 200 -
0:0:0:0:0:0:0:1 - - [07/Dec/2020:20:20:53 -0800] "GET /css/main.css HTTP/1.1" 200 2869
0:0:0:0:0:0:0:1 - - [07/Dec/2020:20:20:56 -0800] "GET /loginSuccessful HTTP/1.1" 200 860
0:0:0:0:0:0:0:1 - - [07/Dec/2020:20:20:58 -0800] "GET /searchCourses HTTP/1.1" 200 1001
0:0:0:0:0:0:0:1 - - [07/Dec/2020:20:20:58 -0800] "GET /css/main.css HTTP/1.1" 200 2869
0:0:0:0:0:0:0:1 - - [07/Dec/2020:20:20:58 -0800] "GET /js/action.js HTTP/1.1" 200 -
0:0:0:0:0:0:0:1 - - [07/Dec/2020:20:20:59 -0800] "GET /searchCoursesBySubject?subject=Computer_Science HTTP/1.1" 200 3603
0:0:0:0:0:0:0:1 - - [07/Dec/2020:20:20:59 -0800] "GET /css/main.css HTTP/1.1" 200 2869
0:0:0:0:0:0:0:1 - - [07/Dec/2020:20:20:59 -0800] "GET /js/action.js HTTP/1.1" 200 -
0:0:0:0:0:0:0:1 - - [07/Dec/2020:20:33:28 -0800] "GET /searchCoursesBySubject?subject=Computer_Science HTTP/1.1" 200 3603
0:0:0:0:0:0:0:1 - - [07/Dec/2020:20:33:28 -0800] "GET /css/main.css HTTP/1.1" 200 2869
0:0:0:0:0:0:0:1 - - [07/Dec/2020:20:33:28 -0800] "GET /js/action.js HTTP/1.1" 200 -
0:0:0:0:0:0:0:1 - - [07/Dec/2020:20:33:29 -0800] "GET /searchCoursesBySubject?subject=Computer_Science HTTP/1.1" 200 3603
0:0:0:0:0:0:0:1 - - [07/Dec/2020:20:33:29 -0800] "GET /css/main.css HTTP/1.1" 200 2869
0:0:0:0:0:0:0:1 - - [07/Dec/2020:20:33:29 -0800] "GET /js/action.js HTTP/1.1" 200 -
0:0:0:0:0:0:0:1 - - [07/Dec/2020:20:41:53 -0800] "GET /searchCoursesBySubject?subject=Computer_Science HTTP/1.1" 200 3630
0:0:0:0:0:0:0:1 - - [07/Dec/2020:20:41:53 -0800] "GET /js/action.js HTTP/1.1" 200 -
0:0:0:0:0:0:0:1 - - [07/Dec/2020:20:41:53 -0800] "GET /css/main.css HTTP/1.1" 200 2869
0:0:0:0:0:0:0:1 - - [07/Dec/2020:20:42:17 -0800] "GET /searchCoursesBySubject?subject=Computer_Science HTTP/1.1" 200 3626
0:0:0:0:0:0:0:1 - - [07/Dec/2020:20:42:17 -0800] "GET /js/action.js HTTP/1.1" 200 -
0:0:0:0:0:0:0:1 - - [07/Dec/2020:20:42:17 -0800] "GET /css/main.css HTTP/1.1" 200 2869
0:0:0:0:0:0:0:1 - - [07/Dec/2020:20:48:27 -0800] "GET /loginSuccessful HTTP/1.1" 200 860
0:0:0:0:0:0:0:1 - - [07/Dec/2020:20:48:27 -0800] "GET /js/action.js HTTP/1.1" 200 -
0:0:0:0:0:0:0:1 - - [07/Dec/2020:20:48:27 -0800] "GET /css/main.css HTTP/1.1" 200 2869
0:0:0:0:0:0:0:1 - - [07/Dec/2020:20:48:56 -0800] "GET /loginSuccessful HTTP/1.1" 200 877
0:0:0:0:0:0:0:1 - - [07/Dec/2020:20:48:56 -0800] "GET /js/action.js HTTP/1.1" 200 -
0:0:0:0:0:0:0:1 - - [07/Dec/2020:20:48:56 -0800] "GET /css/main.css HTTP/1.1" 200 2869
0:0:0:0:0:0:0:1 - - [07/Dec/2020:20:49:10 -0800] "GET /loginSuccessful HTTP/1.1" 200 868
0:0:0:0:0:0:0:1 - - [07/Dec/2020:20:49:10 -0800] "GET /css/main.css HTTP/1.1" 200 2869
0:0:0:0:0:0:0:1 - - [07/Dec/2020:20:49:10 -0800] "GET /js/action.js HTTP/1.1" 200 -
0:0:0:0:0:0:0:1 - - [07/Dec/2020:20:49:31 -0800] "GET /loginSuccessful HTTP/1.1" 200 869
0:0:0:0:0:0:0:1 - - [07/Dec/2020:20:49:31 -0800] "GET /js/action.js HTTP/1.1" 200 -
0:0:0:0:0:0:0:1 - - [07/Dec/2020:20:49:31 -0800] "GET /css/main.css HTTP/1.1" 200 2869
0:0:0:0:0:0:0:1 - - [07/Dec/2020:20:50:10 -0800] "GET /dropClasses HTTP/1.1" 200 2010
0:0:0:0:0:0:0:1 - - [07/Dec/2020:20:50:10 -0800] "GET /js/action.js HTTP/1.1" 200 -
0:0:0:0:0:0:0:1 - - [07/Dec/2020:20:50:10 -0800] "GET /css/main.css HTTP/1.1" 200 2869
0:0:0:0:0:0:0:1 - - [07/Dec/2020:20:50:16 -0800] "GET /loginSuccessful HTTP/1.1" 200 869
0:0:0:0:0:0:0:1 - - [07/Dec/2020:20:50:18 -0800] "GET /dropClasses HTTP/1.1" 200 2010
0:0:0:0:0:0:0:1 - - [07/Dec/2020:20:50:18 -0800] "GET /css/main.css HTTP/1.1" 200 2869
0:0:0:0:0:0:0:1 - - [07/Dec/2020:20:50:18 -0800] "GET /js/action.js HTTP/1.1" 200 -
0:0:0:0:0:0:0:1 - - [07/Dec/2020:20:50:21 -0800] "GET /loginSuccessful HTTP/1.1" 200 869
0:0:0:0:0:0:0:1 - - [07/Dec/2020:20:50:21 -0800] "GET /css/main.css HTTP/1.1" 200 2869
0:0:0:0:0:0:0:1 - - [07/Dec/2020:20:55:42 -0800] "GET /searchBook HTTP/1.1" 200 678
0:0:0:0:0:0:0:1 - - [07/Dec/2020:20:55:47 -0800] "GET /searchBookByTitleOrAuthor?argument=Java HTTP/1.1" 200 2309
0:0:0:0:0:0:0:1 - - [07/Dec/2020:20:55:47 -0800] "GET /js/action.js HTTP/1.1" 200 -
0:0:0:0:0:0:0:1 - - [07/Dec/2020:20:55:47 -0800] "GET /css/main.css HTTP/1.1" 200 2869
0:0:0:0:0:0:0:1 - - [07/Dec/2020:20:55:49 -0800] "GET /moreDetails?bookItem=1 HTTP/1.1" 200 2640
0:0:0:0:0:0:0:1 - - [07/Dec/2020:20:55:49 -0800] "GET /js/action.js HTTP/1.1" 200 -
0:0:0:0:0:0:0:1 - - [07/Dec/2020:20:55:49 -0800] "GET /css/main.css HTTP/1.1" 200 2869
0:0:0:0:0:0:0:1 - - [07/Dec/2020:20:56:37 -0800] "GET /moreDetails?bookItem=1 HTTP/1.1" 200 2668
0:0:0:0:0:0:0:1 - - [07/Dec/2020:20:56:37 -0800] "GET /css/main.css HTTP/1.1" 200 2869
0:0:0:0:0:0:0:1 - - [07/Dec/2020:20:56:37 -0800] "GET /js/action.js HTTP/1.1" 200 -
0:0:0:0:0:0:0:1 - - [07/Dec/2020:20:57:39 -0800] "GET /searchBookByTitleOrAuthor?argument=Java HTTP/1.1" 200 2309
0:0:0:0:0:0:0:1 - - [07/Dec/2020:20:57:39 -0800] "GET /css/main.css HTTP/1.1" 200 2869
0:0:0:0:0:0:0:1 - - [07/Dec/2020:20:57:41 -0800] "GET /searchBook HTTP/1.1" 200 678
0:0:0:0:0:0:0:1 - - [07/Dec/2020:20:57:42 -0800] "GET /loginSuccessful HTTP/1.1" 200 869
0:0:0:0:0:0:0:1 - - [07/Dec/2020:20:57:45 -0800] "GET /searchBook HTTP/1.1" 200 678
0:0:0:0:0:0:0:1 - - [07/Dec/2020:20:58:52 -0800] "GET /loginSuccessful HTTP/1.1" 200 869
0:0:0:0:0:0:0:1 - - [07/Dec/2020:20:58:52 -0800] "GET /js/action.js HTTP/1.1" 200 -
0:0:0:0:0:0:0:1 - - [07/Dec/2020:20:58:52 -0800] "GET /css/main.css HTTP/1.1" 200 2869
0:0:0:0:0:0:0:1 - - [07/Dec/2020:20:58:58 -0800] "GET /getAllRequiredBooks HTTP/1.1" 200 2309
0:0:0:0:0:0:0:1 - - [07/Dec/2020:20:58:58 -0800] "GET /js/action.js HTTP/1.1" 200 -
0:0:0:0:0:0:0:1 - - [07/Dec/2020:20:58:58 -0800] "GET /css/main.css HTTP/1.1" 200 2869
0:0:0:0:0:0:0:1 - - [07/Dec/2020:20:59:18 -0800] "GET /moreDetails?bookItem=1 HTTP/1.1" 200 2668
0:0:0:0:0:0:0:1 - - [07/Dec/2020:20:59:18 -0800] "GET /css/main.css HTTP/1.1" 200 2869
0:0:0:0:0:0:0:1 - - [07/Dec/2020:20:59:18 -0800] "GET /js/action.js HTTP/1.1" 200 -
0:0:0:0:0:0:0:1 - - [07/Dec/2020:21:00:52 -0800] "GET /moreDetails?bookItem=1 HTTP/1.1" 200 2358
0:0:0:0:0:0:0:1 - - [07/Dec/2020:21:00:52 -0800] "GET /css/main.css HTTP/1.1" 200 2869
0:0:0:0:0:0:0:1 - - [07/Dec/2020:21:00:52 -0800] "GET /js/action.js HTTP/1.1" 200 -
0:0:0:0:0:0:0:1 - - [07/Dec/2020:21:01:11 -0800] "GET /moreDetails?bookItem=1 HTTP/1.1" 200 2414
0:0:0:0:0:0:0:1 - - [07/Dec/2020:21:01:11 -0800] "GET /js/action.js HTTP/1.1" 200 -
0:0:0:0:0:0:0:1 - - [07/Dec/2020:21:01:11 -0800] "GET /css/main.css HTTP/1.1" 200 2869
0:0:0:0:0:0:0:1 - - [07/Dec/2020:21:01:46 -0800] "GET /getAllRequiredBooks HTTP/1.1" 200 2309
0:0:0:0:0:0:0:1 - - [07/Dec/2020:21:01:46 -0800] "GET /css/main.css HTTP/1.1" 200 2869
0:0:0:0:0:0:0:1 - - [07/Dec/2020:21:02:06 -0800] "GET /loginSuccessful HTTP/1.1" 200 869
0:0:0:0:0:0:0:1 - - [07/Dec/2020:21:02:06 -0800] "GET /css/main.css HTTP/1.1" 200 2869
0:0:0:0:0:0:0:1 - - [07/Dec/2020:21:02:09 -0800] "GET /searchBook HTTP/1.1" 200 678
0:0:0:0:0:0:0:1 - - [07/Dec/2020:21:02:10 -0800] "GET /searchBookByTitleOrAuthor?argument= HTTP/1.1" 200 2309
0:0:0:0:0:0:0:1 - - [07/Dec/2020:21:02:10 -0800] "GET /js/action.js HTTP/1.1" 200 -
0:0:0:0:0:0:0:1 - - [07/Dec/2020:21:02:10 -0800] "GET /css/main.css HTTP/1.1" 200 2869
0:0:0:0:0:0:0:1 - - [07/Dec/2020:21:02:13 -0800] "GET /searchBook HTTP/1.1" 200 678
0:0:0:0:0:0:0:1 - - [07/Dec/2020:21:03:33 -0800] "GET /loginSuccessful HTTP/1.1" 200 869
0:0:0:0:0:0:0:1 - - [07/Dec/2020:21:03:33 -0800] "GET /css/main.css HTTP/1.1" 200 2869
0:0:0:0:0:0:0:1 - - [07/Dec/2020:21:03:33 -0800] "GET /js/action.js HTTP/1.1" 200 -
0:0:0:0:0:0:0:1 - - [07/Dec/2020:21:03:37 -0800] "GET /dropClasses HTTP/1.1" 200 2010
0:0:0:0:0:0:0:1 - - [07/Dec/2020:21:03:37 -0800] "GET /css/main.css HTTP/1.1" 200 2869
0:0:0:0:0:0:0:1 - - [07/Dec/2020:21:03:37 -0800] "GET /js/action.js HTTP/1.1" 200 -
0:0:0:0:0:0:0:1 - - [07/Dec/2020:21:04:27 -0800] "POST /dropClasses HTTP/1.1" 302 -
0:0:0:0:0:0:0:1 - - [07/Dec/2020:21:04:27 -0800] "GET /loginSuccessful HTTP/1.1" 200 869
0:0:0:0:0:0:0:1 - - [07/Dec/2020:21:04:27 -0800] "GET /js/action.js HTTP/1.1" 200 -
0:0:0:0:0:0:0:1 - - [07/Dec/2020:21:04:27 -0800] "GET /css/main.css HTTP/1.1" 200 2869
0:0:0:0:0:0:0:1 - - [07/Dec/2020:21:04:40 -0800] "GET /dropClasses HTTP/1.1" 200 1678
0:0:0:0:0:0:0:1 - - [07/Dec/2020:21:04:40 -0800] "GET /js/action.js HTTP/1.1" 200 -
0:0:0:0:0:0:0:1 - - [07/Dec/2020:21:04:40 -0800] "GET /css/main.css HTTP/1.1" 200 2869
0:0:0:0:0:0:0:1 - - [07/Dec/2020:21:04:41 -0800] "GET /loginSuccessful HTTP/1.1" 200 869
0:0:0:0:0:0:0:1 - - [07/Dec/2020:21:04:45 -0800] "GET /searchCourses HTTP/1.1" 200 1001
0:0:0:0:0:0:0:1 - - [07/Dec/2020:21:04:45 -0800] "GET /css/main.css HTTP/1.1" 200 2869
0:0:0:0:0:0:0:1 - - [07/Dec/2020:21:04:45 -0800] "GET /js/action.js HTTP/1.1" 200 -
0:0:0:0:0:0:0:1 - - [07/Dec/2020:21:04:46 -0800] "GET /searchCoursesBySubject?subject=Computer_Science HTTP/1.1" 200 3626
0:0:0:0:0:0:0:1 - - [07/Dec/2020:21:04:46 -0800] "GET /js/action.js HTTP/1.1" 200 -
0:0:0:0:0:0:0:1 - - [07/Dec/2020:21:04:46 -0800] "GET /css/main.css HTTP/1.1" 200 2869
0:0:0:0:0:0:0:1 - - [07/Dec/2020:21:05:51 -0800] "GET /searchCourses HTTP/1.1" 200 1001
0:0:0:0:0:0:0:1 - - [07/Dec/2020:21:05:51 -0800] "GET /css/main.css HTTP/1.1" 200 2869
0:0:0:0:0:0:0:1 - - [07/Dec/2020:21:05:53 -0800] "GET /loginSuccessful HTTP/1.1" 200 869
0:0:0:0:0:0:0:1 - - [07/Dec/2020:21:05:54 -0800] "GET /dropClasses HTTP/1.1" 200 1678
0:0:0:0:0:0:0:1 - - [07/Dec/2020:21:05:55 -0800] "GET /js/action.js HTTP/1.1" 200 -
0:0:0:0:0:0:0:1 - - [07/Dec/2020:21:05:55 -0800] "GET /css/main.css HTTP/1.1" 200 2869
0:0:0:0:0:0:0:1 - - [07/Dec/2020:21:05:57 -0800] "POST /dropClasses HTTP/1.1" 302 -
0:0:0:0:0:0:0:1 - - [07/Dec/2020:21:05:57 -0800] "GET /loginSuccessful HTTP/1.1" 200 869
0:0:0:0:0:0:0:1 - - [07/Dec/2020:21:05:57 -0800] "GET /css/main.css HTTP/1.1" 200 2869
0:0:0:0:0:0:0:1 - - [07/Dec/2020:21:05:57 -0800] "GET /js/action.js HTTP/1.1" 200 -
0:0:0:0:0:0:0:1 - - [07/Dec/2020:21:05:58 -0800] "GET /searchCourses HTTP/1.1" 200 1001
0:0:0:0:0:0:0:1 - - [07/Dec/2020:21:05:58 -0800] "GET /css/main.css HTTP/1.1" 200 2869
0:0:0:0:0:0:0:1 - - [07/Dec/2020:21:05:58 -0800] "GET /js/action.js HTTP/1.1" 200 -
0:0:0:0:0:0:0:1 - - [07/Dec/2020:21:06:00 -0800] "GET /searchCoursesBySubject?subject=Computer_Science HTTP/1.1" 200 3626
0:0:0:0:0:0:0:1 - - [07/Dec/2020:21:06:00 -0800] "GET /js/action.js HTTP/1.1" 200 -
0:0:0:0:0:0:0:1 - - [07/Dec/2020:21:06:00 -0800] "GET /css/main.css HTTP/1.1" 200 2869
0:0:0:0:0:0:0:1 - - [07/Dec/2020:21:06:16 -0800] "POST /registerForClassess HTTP/1.1" 302 -
0:0:0:0:0:0:0:1 - - [07/Dec/2020:21:06:16 -0800] "GET /searchCourses HTTP/1.1" 200 1062
0:0:0:0:0:0:0:1 - - [07/Dec/2020:21:06:16 -0800] "GET /js/action.js HTTP/1.1" 200 -
0:0:0:0:0:0:0:1 - - [07/Dec/2020:21:06:16 -0800] "GET /css/main.css HTTP/1.1" 200 2869
0:0:0:0:0:0:0:1 - - [07/Dec/2020:21:06:25 -0800] "GET /searchCoursesBySubject?subject=Computer_Science HTTP/1.1" 200 3626
0:0:0:0:0:0:0:1 - - [07/Dec/2020:21:06:25 -0800] "GET /css/main.css HTTP/1.1" 200 2869
0:0:0:0:0:0:0:1 - - [07/Dec/2020:21:07:11 -0800] "POST /registerForClassess HTTP/1.1" 302 -
0:0:0:0:0:0:0:1 - - [07/Dec/2020:21:07:11 -0800] "GET /searchCourses HTTP/1.1" 200 1090
0:0:0:0:0:0:0:1 - - [07/Dec/2020:21:07:11 -0800] "GET /css/main.css HTTP/1.1" 200 2869
0:0:0:0:0:0:0:1 - - [07/Dec/2020:21:07:11 -0800] "GET /js/action.js HTTP/1.1" 200 -
0:0:0:0:0:0:0:1 - - [07/Dec/2020:21:09:44 -0800] "GET /login HTTP/1.1" 200 2343
0:0:0:0:0:0:0:1 - - [07/Dec/2020:21:09:44 -0800] "GET /css/main.css HTTP/1.1" 200 2869
0:0:0:0:0:0:0:1 - - [07/Dec/2020:21:09:44 -0800] "GET /js/action.js HTTP/1.1" 200 -
0:0:0:0:0:0:0:1 - - [07/Dec/2020:21:15:07 -0800] "GET /forgetPassword HTTP/1.1" 200 2783
0:0:0:0:0:0:0:1 - - [07/Dec/2020:21:15:07 -0800] "GET /js/pwstrength.js HTTP/1.1" 200 -
0:0:0:0:0:0:0:1 - - [07/Dec/2020:21:15:07 -0800] "GET /js/action.js HTTP/1.1" 200 -
0:0:0:0:0:0:0:1 - - [07/Dec/2020:21:15:07 -0800] "GET /css/main.css HTTP/1.1" 200 2869
0:0:0:0:0:0:0:1 - - [07/Dec/2020:21:15:07 -0800] "GET /js/jquery-1.7.2.js HTTP/1.1" 200 293292
0:0:0:0:0:0:0:1 - - [07/Dec/2020:21:15:16 -0800] "GET /login HTTP/1.1" 200 2343
0:0:0:0:0:0:0:1 - - [07/Dec/2020:21:15:16 -0800] "GET /css/main.css HTTP/1.1" 200 2869
0:0:0:0:0:0:0:1 - - [07/Dec/2020:21:16:19 -0800] "GET /forgetPassword HTTP/1.1" 200 2783
0:0:0:0:0:0:0:1 - - [07/Dec/2020:21:16:19 -0800] "GET /js/pwstrength.js HTTP/1.1" 200 -
0:0:0:0:0:0:0:1 - - [07/Dec/2020:21:16:19 -0800] "GET /js/action.js HTTP/1.1" 200 -
0:0:0:0:0:0:0:1 - - [07/Dec/2020:21:16:19 -0800] "GET /css/main.css HTTP/1.1" 200 2869
0:0:0:0:0:0:0:1 - - [07/Dec/2020:21:16:19 -0800] "GET /js/jquery-1.7.2.js HTTP/1.1" 200 293292
0:0:0:0:0:0:0:1 - - [07/Dec/2020:21:16:32 -0800] "GET /login HTTP/1.1" 200 2343
0:0:0:0:0:0:0:1 - - [07/Dec/2020:21:16:32 -0800] "GET /css/main.css HTTP/1.1" 200 2869
0:0:0:0:0:0:0:1 - - [07/Dec/2020:21:18:09 -0800] "GET /signup HTTP/1.1" 200 5306
0:0:0:0:0:0:0:1 - - [07/Dec/2020:21:18:09 -0800] "GET /js/action.js HTTP/1.1" 200 -
0:0:0:0:0:0:0:1 - - [07/Dec/2020:21:18:09 -0800] "GET /css/main.css HTTP/1.1" 200 2869
0:0:0:0:0:0:0:1 - - [07/Dec/2020:21:19:46 -0800] "GET /login HTTP/1.1" 200 2343
0:0:0:0:0:0:0:1 - - [07/Dec/2020:21:19:46 -0800] "GET /css/main.css HTTP/1.1" 200 2869
0:0:0:0:0:0:0:1 - - [07/Dec/2020:21:32:25 -0800] "GET /signup HTTP/1.1" 200 5306
0:0:0:0:0:0:0:1 - - [07/Dec/2020:21:32:25 -0800] "GET /js/action.js HTTP/1.1" 200 -
0:0:0:0:0:0:0:1 - - [07/Dec/2020:21:32:25 -0800] "GET /css/main.css HTTP/1.1" 200 2869
0:0:0:0:0:0:0:1 - - [07/Dec/2020:21:32:43 -0800] "POST /signup HTTP/1.1" 302 -
0:0:0:0:0:0:0:1 - - [07/Dec/2020:21:32:43 -0800] "GET /login HTTP/1.1" 200 2426
0:0:0:0:0:0:0:1 - - [07/Dec/2020:21:32:43 -0800] "GET /css/main.css HTTP/1.1" 200 2869
0:0:0:0:0:0:0:1 - - [07/Dec/2020:21:32:43 -0800] "GET /js/action.js HTTP/1.1" 200 -
0:0:0:0:0:0:0:1 - - [07/Dec/2020:21:33:02 -0800] "GET /registrationConfirm?token=9e695447-c663-4780-a2df-c67d22427c61 HTTP/1.1" 302 -
0:0:0:0:0:0:0:1 - - [07/Dec/2020:21:33:02 -0800] "GET /login HTTP/1.1" 200 2416
0:0:0:0:0:0:0:1 - - [07/Dec/2020:21:33:02 -0800] "GET /css/main.css HTTP/1.1" 200 2869
0:0:0:0:0:0:0:1 - - [07/Dec/2020:21:33:02 -0800] "GET /js/action.js HTTP/1.1" 200 -
0:0:0:0:0:0:0:1 - - [07/Dec/2020:21:33:06 -0800] "POST /doLogin HTTP/1.1" 302 -
0:0:0:0:0:0:0:1 - - [07/Dec/2020:21:33:06 -0800] "GET /null HTTP/1.1" 404 306
0:0:0:0:0:0:0:1 - - [07/Dec/2020:21:33:12 -0800] "GET /login HTTP/1.1" 200 2343
0:0:0:0:0:0:0:1 - - [07/Dec/2020:21:33:12 -0800] "GET /js/action.js HTTP/1.1" 200 -
0:0:0:0:0:0:0:1 - - [07/Dec/2020:21:33:12 -0800] "GET /css/main.css HTTP/1.1" 200 2869
0:0:0:0:0:0:0:1 - - [07/Dec/2020:21:44:08 -0800] "GET /login HTTP/1.1" 200 2343
0:0:0:0:0:0:0:1 - - [07/Dec/2020:21:44:08 -0800] "GET /css/main.css HTTP/1.1" 302 -
0:0:0:0:0:0:0:1 - - [07/Dec/2020:21:44:08 -0800] "GET /js/action.js HTTP/1.1" 200 -
0:0:0:0:0:0:0:1 - - [07/Dec/2020:21:44:08 -0800] "GET /login HTTP/1.1" 200 2343
0:0:0:0:0:0:0:1 - - [07/Dec/2020:21:46:01 -0800] "GET /login HTTP/1.1" 200 2343
0:0:0:0:0:0:0:1 - - [07/Dec/2020:21:46:01 -0800] "GET /css/main.css HTTP/1.1" 302 -
0:0:0:0:0:0:0:1 - - [07/Dec/2020:21:46:01 -0800] "GET /js/action.js HTTP/1.1" 200 -
0:0:0:0:0:0:0:1 - - [07/Dec/2020:21:46:01 -0800] "GET /login HTTP/1.1" 200 2343
0:0:0:0:0:0:0:1 - - [07/Dec/2020:21:46:03 -0800] "GET /forgetPassword HTTP/1.1" 200 2825
0:0:0:0:0:0:0:1 - - [07/Dec/2020:21:46:03 -0800] "GET /css/main.css HTTP/1.1" 302 -
0:0:0:0:0:0:0:1 - - [07/Dec/2020:21:46:03 -0800] "GET /js/pwstrength.js HTTP/1.1" 200 -
0:0:0:0:0:0:0:1 - - [07/Dec/2020:21:46:03 -0800] "GET /js/action.js HTTP/1.1" 200 -
0:0:0:0:0:0:0:1 - - [07/Dec/2020:21:46:03 -0800] "GET /js/jquery-1.7.2.js HTTP/1.1" 200 293292
0:0:0:0:0:0:0:1 - - [07/Dec/2020:21:46:03 -0800] "GET /login HTTP/1.1" 200 2343
0:0:0:0:0:0:0:1 - - [07/Dec/2020:21:47:57 -0800] "GET /forgetPassword HTTP/1.1" 200 2825
0:0:0:0:0:0:0:1 - - [07/Dec/2020:21:47:57 -0800] "GET /css/main.css HTTP/1.1" 302 -
0:0:0:0:0:0:0:1 - - [07/Dec/2020:21:47:57 -0800] "GET /js/pwstrength.js HTTP/1.1" 200 -
0:0:0:0:0:0:0:1 - - [07/Dec/2020:21:47:57 -0800] "GET /js/action.js HTTP/1.1" 200 -
0:0:0:0:0:0:0:1 - - [07/Dec/2020:21:47:57 -0800] "GET /js/jquery-1.7.2.js HTTP/1.1" 200 293292
0:0:0:0:0:0:0:1 - - [07/Dec/2020:21:47:57 -0800] "GET /login HTTP/1.1" 200 2343
0:0:0:0:0:0:0:1 - - [07/Dec/2020:21:48:10 -0800] "GET /login HTTP/1.1" 200 2343
0:0:0:0:0:0:0:1 - - [07/Dec/2020:21:48:10 -0800] "GET /css/main.css HTTP/1.1" 302 -
0:0:0:0:0:0:0:1 - - [07/Dec/2020:21:48:10 -0800] "GET /login HTTP/1.1" 200 2343
0:0:0:0:0:0:0:1 - - [07/Dec/2020:21:48:12 -0800] "GET /signup HTTP/1.1" 200 5306
0:0:0:0:0:0:0:1 - - [07/Dec/2020:21:48:12 -0800] "GET /css/main.css HTTP/1.1" 302 -
0:0:0:0:0:0:0:1 - - [07/Dec/2020:21:48:12 -0800] "GET /js/action.js HTTP/1.1" 200 -
0:0:0:0:0:0:0:1 - - [07/Dec/2020:21:48:12 -0800] "GET /login HTTP/1.1" 200 2343
0:0:0:0:0:0:0:1 - - [07/Dec/2020:21:48:14 -0800] "GET /login HTTP/1.1" 200 2343
0:0:0:0:0:0:0:1 - - [07/Dec/2020:21:48:15 -0800] "GET /css/main.css HTTP/1.1" 302 -
0:0:0:0:0:0:0:1 - - [07/Dec/2020:21:48:15 -0800] "GET /login HTTP/1.1" 200 2343
0:0:0:0:0:0:0:1 - - [07/Dec/2020:21:49:14 -0800] "GET /login HTTP/1.1" 200 2343
0:0:0:0:0:0:0:1 - - [07/Dec/2020:21:49:14 -0800] "GET /css/main.css HTTP/1.1" 302 -
0:0:0:0:0:0:0:1 - - [07/Dec/2020:21:49:14 -0800] "GET /js/action.js HTTP/1.1" 200 -
0:0:0:0:0:0:0:1 - - [07/Dec/2020:21:49:14 -0800] "GET /login HTTP/1.1" 200 2343
0:0:0:0:0:0:0:1 - - [07/Dec/2020:21:49:18 -0800] "GET /forgetPassword HTTP/1.1" 200 2825
0:0:0:0:0:0:0:1 - - [07/Dec/2020:21:49:18 -0800] "GET /css/main.css HTTP/1.1" 302 -
0:0:0:0:0:0:0:1 - - [07/Dec/2020:21:49:18 -0800] "GET /js/pwstrength.js HTTP/1.1" 200 -
0:0:0:0:0:0:0:1 - - [07/Dec/2020:21:49:18 -0800] "GET /js/action.js HTTP/1.1" 200 -
0:0:0:0:0:0:0:1 - - [07/Dec/2020:21:49:18 -0800] "GET /js/jquery-1.7.2.js HTTP/1.1" 200 293292
0:0:0:0:0:0:0:1 - - [07/Dec/2020:21:49:18 -0800] "GET /login HTTP/1.1" 200 2343
0:0:0:0:0:0:0:1 - - [07/Dec/2020:21:49:21 -0800] "GET /login HTTP/1.1" 200 2343
0:0:0:0:0:0:0:1 - - [07/Dec/2020:21:49:21 -0800] "GET /css/main.css HTTP/1.1" 302 -
0:0:0:0:0:0:0:1 - - [07/Dec/2020:21:49:21 -0800] "GET /login HTTP/1.1" 200 2343
0:0:0:0:0:0:0:1 - - [07/Dec/2020:21:49:26 -0800] "GET /signup HTTP/1.1" 200 5306
0:0:0:0:0:0:0:1 - - [07/Dec/2020:21:49:26 -0800] "GET /css/main.css HTTP/1.1" 302 -
0:0:0:0:0:0:0:1 - - [07/Dec/2020:21:49:26 -0800] "GET /js/action.js HTTP/1.1" 200 -
0:0:0:0:0:0:0:1 - - [07/Dec/2020:21:49:26 -0800] "GET /login HTTP/1.1" 200 2343
0:0:0:0:0:0:0:1 - - [07/Dec/2020:21:49:46 -0800] "POST /signup HTTP/1.1" 302 -
0:0:0:0:0:0:0:1 - - [07/Dec/2020:21:49:46 -0800] "GET /login HTTP/1.1" 200 2426
0:0:0:0:0:0:0:1 - - [07/Dec/2020:21:49:46 -0800] "GET /css/main.css HTTP/1.1" 302 -
0:0:0:0:0:0:0:1 - - [07/Dec/2020:21:49:46 -0800] "GET /js/action.js HTTP/1.1" 200 -
0:0:0:0:0:0:0:1 - - [07/Dec/2020:21:49:46 -0800] "GET /login HTTP/1.1" 200 2343
0:0:0:0:0:0:0:1 - - [07/Dec/2020:21:49:54 -0800] "GET /registrationConfirm?token=25229d6f-946f-40b8-b699-146f177b3681 HTTP/1.1" 302 -
0:0:0:0:0:0:0:1 - - [07/Dec/2020:21:49:54 -0800] "GET /login HTTP/1.1" 200 2416
0:0:0:0:0:0:0:1 - - [07/Dec/2020:21:49:54 -0800] "GET /css/main.css HTTP/1.1" 302 -
0:0:0:0:0:0:0:1 - - [07/Dec/2020:21:49:54 -0800] "GET /js/action.js HTTP/1.1" 200 -
0:0:0:0:0:0:0:1 - - [07/Dec/2020:21:49:54 -0800] "GET /login HTTP/1.1" 200 2343
0:0:0:0:0:0:0:1 - - [07/Dec/2020:21:50:02 -0800] "POST /doLogin HTTP/1.1" 302 -
0:0:0:0:0:0:0:1 - - [07/Dec/2020:21:50:02 -0800] "GET /loginSuccessful HTTP/1.1" 200 869
0:0:0:0:0:0:0:1 - - [07/Dec/2020:21:50:02 -0800] "GET /css/main.css HTTP/1.1" 200 2869
0:0:0:0:0:0:0:1 - - [07/Dec/2020:21:50:02 -0800] "GET /js/action.js HTTP/1.1" 200 -
0:0:0:0:0:0:0:1 - - [07/Dec/2020:22:08:24 -0800] "GET /login HTTP/1.1" 200 2343
0:0:0:0:0:0:0:1 - - [07/Dec/2020:22:08:25 -0800] "GET /css/main.css HTTP/1.1" 200 2869
0:0:0:0:0:0:0:1 - - [07/Dec/2020:22:08:33 -0800] "POST /doLogin HTTP/1.1" 302 -
0:0:0:0:0:0:0:1 - - [07/Dec/2020:22:08:34 -0800] "GET /loginSuccessful HTTP/1.1" 200 869
0:0:0:0:0:0:0:1 - - [07/Dec/2020:22:08:34 -0800] "GET /css/main.css HTTP/1.1" 200 2869
0:0:0:0:0:0:0:1 - - [07/Dec/2020:22:08:34 -0800] "GET /js/action.js HTTP/1.1" 200 -
0:0:0:0:0:0:0:1 - - [07/Dec/2020:22:08:36 -0800] "GET /searchCourses HTTP/1.1" 200 1001
0:0:0:0:0:0:0:1 - - [07/Dec/2020:22:08:37 -0800] "GET /css/main.css HTTP/1.1" 200 2869
0:0:0:0:0:0:0:1 - - [07/Dec/2020:22:08:37 -0800] "GET /js/action.js HTTP/1.1" 200 -
0:0:0:0:0:0:0:1 - - [07/Dec/2020:22:08:38 -0800] "GET /searchCoursesBySubject?subject=Computer_Science HTTP/1.1" 200 3626
0:0:0:0:0:0:0:1 - - [07/Dec/2020:22:08:38 -0800] "GET /css/main.css HTTP/1.1" 200 2869
0:0:0:0:0:0:0:1 - - [07/Dec/2020:22:08:38 -0800] "GET /js/action.js HTTP/1.1" 200 -
0:0:0:0:0:0:0:1 - - [07/Dec/2020:22:08:42 -0800] "GET /searchCourses HTTP/1.1" 200 1001
0:0:0:0:0:0:0:1 - - [07/Dec/2020:22:08:43 -0800] "GET /loginSuccessful HTTP/1.1" 200 869
0:0:0:0:0:0:0:1 - - [07/Dec/2020:22:35:02 -0800] "GET /login HTTP/1.1" 200 2343
0:0:0:0:0:0:0:1 - - [07/Dec/2020:22:35:02 -0800] "GET /js/action.js HTTP/1.1" 200 -
0:0:0:0:0:0:0:1 - - [07/Dec/2020:22:35:02 -0800] "GET /css/main.css HTTP/1.1" 200 2869
