0:0:0:0:0:0:0:1 - - [17/Dec/2020:10:55:21 -0800] "GET /loginSuccessful HTTP/1.1" 302 -
0:0:0:0:0:0:0:1 - - [17/Dec/2020:10:55:21 -0800] "GET /login HTTP/1.1" 200 5962
0:0:0:0:0:0:0:1 - - [17/Dec/2020:10:55:21 -0800] "GET /css/main.css HTTP/1.1" 302 -
0:0:0:0:0:0:0:1 - - [17/Dec/2020:10:55:21 -0800] "GET /js/action.js HTTP/1.1" 200 -
0:0:0:0:0:0:0:1 - - [17/Dec/2020:10:55:21 -0800] "GET /login HTTP/1.1" 200 5962
0:0:0:0:0:0:0:1 - - [17/Dec/2020:10:55:22 -0800] "GET /login HTTP/1.1" 200 5962
0:0:0:0:0:0:0:1 - - [17/Dec/2020:10:55:22 -0800] "GET /css/main.css HTTP/1.1" 302 -
0:0:0:0:0:0:0:1 - - [17/Dec/2020:10:55:22 -0800] "GET /js/action.js HTTP/1.1" 200 -
0:0:0:0:0:0:0:1 - - [17/Dec/2020:10:55:22 -0800] "GET /login HTTP/1.1" 200 5962
0:0:0:0:0:0:0:1 - - [17/Dec/2020:10:55:26 -0800] "POST /doLogin HTTP/1.1" 302 -
0:0:0:0:0:0:0:1 - - [17/Dec/2020:10:55:26 -0800] "GET /loginSuccessful HTTP/1.1" 200 7276
0:0:0:0:0:0:0:1 - - [17/Dec/2020:10:57:28 -0800] "GET /loginSuccessful HTTP/1.1" 200 7373
0:0:0:0:0:0:0:1 - - [17/Dec/2020:10:58:06 -0800] "GET /loginSuccessful HTTP/1.1" 200 7295
0:0:0:0:0:0:0:1 - - [17/Dec/2020:10:58:53 -0800] "GET /loginSuccessful HTTP/1.1" 200 7316
0:0:0:0:0:0:0:1 - - [17/Dec/2020:10:58:55 -0800] "GET /doLogout? HTTP/1.1" 302 -
0:0:0:0:0:0:0:1 - - [17/Dec/2020:10:58:55 -0800] "GET /login HTTP/1.1" 200 5962
0:0:0:0:0:0:0:1 - - [17/Dec/2020:10:58:55 -0800] "GET /css/main.css HTTP/1.1" 302 -
0:0:0:0:0:0:0:1 - - [17/Dec/2020:10:58:55 -0800] "GET /js/action.js HTTP/1.1" 200 -
0:0:0:0:0:0:0:1 - - [17/Dec/2020:10:58:55 -0800] "GET /login HTTP/1.1" 200 5962
0:0:0:0:0:0:0:1 - - [17/Dec/2020:10:59:00 -0800] "POST /doLogin HTTP/1.1" 302 -
0:0:0:0:0:0:0:1 - - [17/Dec/2020:10:59:00 -0800] "GET /loginSuccessful HTTP/1.1" 200 7316
0:0:0:0:0:0:0:1 - - [17/Dec/2020:10:59:02 -0800] "GET /doLogout? HTTP/1.1" 302 -
0:0:0:0:0:0:0:1 - - [17/Dec/2020:10:59:02 -0800] "GET /login HTTP/1.1" 200 5962
0:0:0:0:0:0:0:1 - - [17/Dec/2020:10:59:02 -0800] "GET /css/main.css HTTP/1.1" 302 -
0:0:0:0:0:0:0:1 - - [17/Dec/2020:10:59:02 -0800] "GET /js/action.js HTTP/1.1" 200 -
0:0:0:0:0:0:0:1 - - [17/Dec/2020:10:59:02 -0800] "GET /login HTTP/1.1" 200 5962
0:0:0:0:0:0:0:1 - - [17/Dec/2020:10:59:06 -0800] "GET /signIn HTTP/1.1" 302 -
0:0:0:0:0:0:0:1 - - [17/Dec/2020:10:59:11 -0800] "GET /loginSuccessful HTTP/1.1" 302 -
0:0:0:0:0:0:0:1 - - [17/Dec/2020:10:59:11 -0800] "GET /login HTTP/1.1" 200 5962
0:0:0:0:0:0:0:1 - - [17/Dec/2020:10:59:11 -0800] "GET /css/main.css HTTP/1.1" 302 -
0:0:0:0:0:0:0:1 - - [17/Dec/2020:10:59:11 -0800] "GET /js/action.js HTTP/1.1" 200 -
0:0:0:0:0:0:0:1 - - [17/Dec/2020:10:59:11 -0800] "GET /login HTTP/1.1" 200 5962
0:0:0:0:0:0:0:1 - - [17/Dec/2020:10:59:14 -0800] "POST /doLogin HTTP/1.1" 302 -
0:0:0:0:0:0:0:1 - - [17/Dec/2020:10:59:14 -0800] "GET /loginSuccessful HTTP/1.1" 200 7316
0:0:0:0:0:0:0:1 - - [17/Dec/2020:10:59:15 -0800] "GET /loginSuccessful HTTP/1.1" 200 7316
0:0:0:0:0:0:0:1 - - [17/Dec/2020:10:59:19 -0800] "GET /doLogout? HTTP/1.1" 302 -
0:0:0:0:0:0:0:1 - - [17/Dec/2020:10:59:19 -0800] "GET /login HTTP/1.1" 200 5962
0:0:0:0:0:0:0:1 - - [17/Dec/2020:10:59:19 -0800] "GET /css/main.css HTTP/1.1" 302 -
0:0:0:0:0:0:0:1 - - [17/Dec/2020:10:59:19 -0800] "GET /js/action.js HTTP/1.1" 200 -
0:0:0:0:0:0:0:1 - - [17/Dec/2020:10:59:19 -0800] "GET /login HTTP/1.1" 200 5962
0:0:0:0:0:0:0:1 - - [17/Dec/2020:10:59:20 -0800] "GET /loginSuccessful HTTP/1.1" 302 -
0:0:0:0:0:0:0:1 - - [17/Dec/2020:10:59:20 -0800] "GET /login HTTP/1.1" 200 5962
0:0:0:0:0:0:0:1 - - [17/Dec/2020:10:59:20 -0800] "GET /css/main.css HTTP/1.1" 302 -
0:0:0:0:0:0:0:1 - - [17/Dec/2020:10:59:20 -0800] "GET /js/action.js HTTP/1.1" 200 -
0:0:0:0:0:0:0:1 - - [17/Dec/2020:10:59:20 -0800] "GET /login HTTP/1.1" 200 5962
0:0:0:0:0:0:0:1 - - [17/Dec/2020:10:59:50 -0800] "POST /doLogin HTTP/1.1" 302 -
0:0:0:0:0:0:0:1 - - [17/Dec/2020:10:59:50 -0800] "GET /loginSuccessful HTTP/1.1" 200 7316
0:0:0:0:0:0:0:1 - - [17/Dec/2020:10:59:54 -0800] "GET /loginSuccessful HTTP/1.1" 200 7316
0:0:0:0:0:0:0:1 - - [17/Dec/2020:10:59:57 -0800] "GET /loginSuccessful HTTP/1.1" 200 7316
0:0:0:0:0:0:0:1 - - [17/Dec/2020:11:01:56 -0800] "GET /loginSuccessful HTTP/1.1" 200 7316
0:0:0:0:0:0:0:1 - - [17/Dec/2020:11:02:28 -0800] "GET /loginSuccessful HTTP/1.1" 200 7316
0:0:0:0:0:0:0:1 - - [17/Dec/2020:11:02:42 -0800] "GET /loginSuccessful HTTP/1.1" 200 7316
0:0:0:0:0:0:0:1 - - [17/Dec/2020:11:10:48 -0800] "GET /loginSuccessful HTTP/1.1" 200 7358
0:0:0:0:0:0:0:1 - - [17/Dec/2020:11:10:51 -0800] "GET /loginSuccessful HTTP/1.1" 200 7358
0:0:0:0:0:0:0:1 - - [17/Dec/2020:11:25:36 -0800] "GET /loginSuccessful HTTP/1.1" 200 7358
0:0:0:0:0:0:0:1 - - [17/Dec/2020:11:26:01 -0800] "GET /loginSuccessful HTTP/1.1" 200 7357
0:0:0:0:0:0:0:1 - - [17/Dec/2020:11:28:03 -0800] "GET /loginSuccessful HTTP/1.1" 200 7337
0:0:0:0:0:0:0:1 - - [17/Dec/2020:11:34:34 -0800] "GET /loginSuccessful HTTP/1.1" 200 7337
0:0:0:0:0:0:0:1 - - [17/Dec/2020:11:35:48 -0800] "GET /doLogout? HTTP/1.1" 302 -
0:0:0:0:0:0:0:1 - - [17/Dec/2020:11:35:48 -0800] "GET /login HTTP/1.1" 200 5962
0:0:0:0:0:0:0:1 - - [17/Dec/2020:11:35:48 -0800] "GET /css/main.css HTTP/1.1" 302 -
0:0:0:0:0:0:0:1 - - [17/Dec/2020:11:35:48 -0800] "GET /js/action.js HTTP/1.1" 200 -
0:0:0:0:0:0:0:1 - - [17/Dec/2020:11:35:48 -0800] "GET /login HTTP/1.1" 200 5962
0:0:0:0:0:0:0:1 - - [17/Dec/2020:11:36:44 -0800] "POST /doLogin HTTP/1.1" 302 -
0:0:0:0:0:0:0:1 - - [17/Dec/2020:11:36:44 -0800] "GET /loginSuccessful HTTP/1.1" 200 7337
0:0:0:0:0:0:0:1 - - [17/Dec/2020:11:36:56 -0800] "GET /login HTTP/1.1" 200 5962
0:0:0:0:0:0:0:1 - - [17/Dec/2020:11:36:56 -0800] "GET /js/action.js HTTP/1.1" 200 -
0:0:0:0:0:0:0:1 - - [17/Dec/2020:11:36:56 -0800] "GET /css/main.css HTTP/1.1" 200 2929
0:0:0:0:0:0:0:1 - - [17/Dec/2020:11:38:57 -0800] "POST /doLogin HTTP/1.1" 302 -
0:0:0:0:0:0:0:1 - - [17/Dec/2020:11:38:57 -0800] "GET /loginSuccessful HTTP/1.1" 200 7337
0:0:0:0:0:0:0:1 - - [17/Dec/2020:11:41:47 -0800] "GET /loginSuccessful HTTP/1.1" 200 7335
0:0:0:0:0:0:0:1 - - [17/Dec/2020:12:18:16 -0800] "GET /loginSuccessful HTTP/1.1" 302 -
0:0:0:0:0:0:0:1 - - [17/Dec/2020:12:18:16 -0800] "GET /login HTTP/1.1" 200 5962
0:0:0:0:0:0:0:1 - - [17/Dec/2020:12:18:16 -0800] "GET /css/main.css HTTP/1.1" 302 -
0:0:0:0:0:0:0:1 - - [17/Dec/2020:12:18:16 -0800] "GET /js/action.js HTTP/1.1" 200 -
0:0:0:0:0:0:0:1 - - [17/Dec/2020:12:18:16 -0800] "GET /login HTTP/1.1" 200 5962
0:0:0:0:0:0:0:1 - - [17/Dec/2020:12:18:19 -0800] "POST /doLogin HTTP/1.1" 302 -
0:0:0:0:0:0:0:1 - - [17/Dec/2020:12:18:19 -0800] "GET /loginSuccessful HTTP/1.1" 200 7333
0:0:0:0:0:0:0:1 - - [17/Dec/2020:12:18:22 -0800] "GET /doLogout? HTTP/1.1" 302 -
0:0:0:0:0:0:0:1 - - [17/Dec/2020:12:18:22 -0800] "GET /login HTTP/1.1" 200 5962
0:0:0:0:0:0:0:1 - - [17/Dec/2020:12:18:22 -0800] "GET /css/main.css HTTP/1.1" 302 -
0:0:0:0:0:0:0:1 - - [17/Dec/2020:12:18:22 -0800] "GET /js/action.js HTTP/1.1" 200 -
0:0:0:0:0:0:0:1 - - [17/Dec/2020:12:18:22 -0800] "GET /login HTTP/1.1" 200 5962
192.168.1.200 - - [17/Dec/2020:12:45:27 -0800] "GET / HTTP/1.1" 302 -
192.168.1.200 - - [17/Dec/2020:12:45:27 -0800] "GET /login HTTP/1.1" 200 5962
0:0:0:0:0:0:0:1 - - [17/Dec/2020:13:08:25 -0800] "GET /login HTTP/1.1" 200 5962
0:0:0:0:0:0:0:1 - - [17/Dec/2020:13:08:25 -0800] "GET /css/main.css HTTP/1.1" 302 -
0:0:0:0:0:0:0:1 - - [17/Dec/2020:13:08:25 -0800] "GET /js/action.js HTTP/1.1" 200 -
0:0:0:0:0:0:0:1 - - [17/Dec/2020:13:08:25 -0800] "GET /login HTTP/1.1" 200 5962
0:0:0:0:0:0:0:1 - - [17/Dec/2020:13:08:28 -0800] "POST /doLogin HTTP/1.1" 302 -
0:0:0:0:0:0:0:1 - - [17/Dec/2020:13:08:29 -0800] "GET /loginSuccessful HTTP/1.1" 200 7333
0:0:0:0:0:0:0:1 - - [17/Dec/2020:13:08:30 -0800] "GET /doLogout? HTTP/1.1" 302 -
0:0:0:0:0:0:0:1 - - [17/Dec/2020:13:08:30 -0800] "GET /login HTTP/1.1" 200 5962
0:0:0:0:0:0:0:1 - - [17/Dec/2020:13:08:30 -0800] "GET /css/main.css HTTP/1.1" 302 -
0:0:0:0:0:0:0:1 - - [17/Dec/2020:13:08:30 -0800] "GET /js/action.js HTTP/1.1" 200 -
0:0:0:0:0:0:0:1 - - [17/Dec/2020:13:08:30 -0800] "GET /login HTTP/1.1" 200 5962
0:0:0:0:0:0:0:1 - - [17/Dec/2020:13:36:57 -0800] "POST /doLogin HTTP/1.1" 302 -
0:0:0:0:0:0:0:1 - - [17/Dec/2020:13:36:57 -0800] "GET /loginSuccessful HTTP/1.1" 200 7333
0:0:0:0:0:0:0:1 - - [17/Dec/2020:17:33:07 -0800] "GET /loginSuccessful HTTP/1.1" 302 -
0:0:0:0:0:0:0:1 - - [17/Dec/2020:17:33:07 -0800] "GET /login HTTP/1.1" 200 5962
0:0:0:0:0:0:0:1 - - [17/Dec/2020:17:33:08 -0800] "GET /css/main.css HTTP/1.1" 302 -
0:0:0:0:0:0:0:1 - - [17/Dec/2020:17:33:08 -0800] "GET /js/action.js HTTP/1.1" 200 -
0:0:0:0:0:0:0:1 - - [17/Dec/2020:17:33:08 -0800] "GET /login HTTP/1.1" 200 5962
0:0:0:0:0:0:0:1 - - [17/Dec/2020:17:33:13 -0800] "POST /doLogin HTTP/1.1" 302 -
0:0:0:0:0:0:0:1 - - [17/Dec/2020:17:33:13 -0800] "GET /loginSuccessful HTTP/1.1" 200 7333
0:0:0:0:0:0:0:1 - - [17/Dec/2020:18:08:25 -0800] "GET /doLogout? HTTP/1.1" 302 -
0:0:0:0:0:0:0:1 - - [17/Dec/2020:18:08:25 -0800] "GET /login HTTP/1.1" 200 5962
0:0:0:0:0:0:0:1 - - [17/Dec/2020:18:08:25 -0800] "GET /css/main.css HTTP/1.1" 302 -
0:0:0:0:0:0:0:1 - - [17/Dec/2020:18:08:25 -0800] "GET /js/action.js HTTP/1.1" 200 -
0:0:0:0:0:0:0:1 - - [17/Dec/2020:18:08:25 -0800] "GET /login HTTP/1.1" 200 5962
0:0:0:0:0:0:0:1 - - [17/Dec/2020:18:10:49 -0800] "POST /doLogin HTTP/1.1" 302 -
0:0:0:0:0:0:0:1 - - [17/Dec/2020:18:10:49 -0800] "GET /loginSuccessful HTTP/1.1" 200 7333
0:0:0:0:0:0:0:1 - - [17/Dec/2020:20:01:59 -0800] "GET /loginSuccessful HTTP/1.1" 302 -
0:0:0:0:0:0:0:1 - - [17/Dec/2020:20:02:00 -0800] "GET /login HTTP/1.1" 200 5962
0:0:0:0:0:0:0:1 - - [17/Dec/2020:20:02:00 -0800] "GET /css/main.css HTTP/1.1" 302 -
0:0:0:0:0:0:0:1 - - [17/Dec/2020:20:02:00 -0800] "GET /js/action.js HTTP/1.1" 200 -
0:0:0:0:0:0:0:1 - - [17/Dec/2020:20:02:00 -0800] "GET /login HTTP/1.1" 200 5962
0:0:0:0:0:0:0:1 - - [17/Dec/2020:20:02:03 -0800] "POST /doLogin HTTP/1.1" 302 -
0:0:0:0:0:0:0:1 - - [17/Dec/2020:20:02:03 -0800] "GET /loginSuccessful HTTP/1.1" 200 7333
192.168.1.86 - - [17/Dec/2020:22:22:33 -0800] "GET / HTTP/1.1" 302 -
192.168.1.86 - - [17/Dec/2020:22:22:33 -0800] "GET /login HTTP/1.1" 200 5962
192.168.1.86 - - [17/Dec/2020:22:22:40 -0800] "GET / HTTP/1.1" 302 -
192.168.1.86 - - [17/Dec/2020:22:22:41 -0800] "GET /login HTTP/1.1" 200 5962
