0:0:0:0:0:0:0:1 - - [27/Oct/2020:00:26:46 -0700] "GET /moreDetails?bookItem=1 HTTP/1.1" 302 -
0:0:0:0:0:0:0:1 - - [27/Oct/2020:00:26:46 -0700] "GET /login HTTP/1.1" 200 1657
0:0:0:0:0:0:0:1 - - [27/Oct/2020:00:26:50 -0700] "GET /signup HTTP/1.1" 200 4862
0:0:0:0:0:0:0:1 - - [27/Oct/2020:00:26:50 -0700] "GET /js/pwstrength.js HTTP/1.1" 200 -
0:0:0:0:0:0:0:1 - - [27/Oct/2020:00:26:50 -0700] "GET /js/jquery-1.7.2.js HTTP/1.1" 200 293292
0:0:0:0:0:0:0:1 - - [27/Oct/2020:00:27:00 -0700] "POST /signup HTTP/1.1" 302 -
0:0:0:0:0:0:0:1 - - [27/Oct/2020:00:27:00 -0700] "GET /login HTTP/1.1" 200 1740
0:0:0:0:0:0:0:1 - - [27/Oct/2020:00:27:07 -0700] "GET /registrationConfirm?token=0febc675-b24e-4475-b438-347e90625140 HTTP/1.1" 302 -
0:0:0:0:0:0:0:1 - - [27/Oct/2020:00:27:07 -0700] "GET /login HTTP/1.1" 200 1730
0:0:0:0:0:0:0:1 - - [27/Oct/2020:00:27:11 -0700] "POST /doLogin HTTP/1.1" 302 -
0:0:0:0:0:0:0:1 - - [27/Oct/2020:00:27:11 -0700] "GET /loginSuccessful HTTP/1.1" 200 650
0:0:0:0:0:0:0:1 - - [27/Oct/2020:00:27:13 -0700] "GET /buyBook HTTP/1.1" 200 3
0:0:0:0:0:0:0:1 - - [27/Oct/2020:00:27:14 -0700] "GET /buyBook HTTP/1.1" 200 3
0:0:0:0:0:0:0:1 - - [27/Oct/2020:00:28:54 -0700] "GET /buyBook HTTP/1.1" 200 11
0:0:0:0:0:0:0:1 - - [27/Oct/2020:00:32:52 -0700] "GET /buyBook HTTP/1.1" 200 11
0:0:0:0:0:0:0:1 - - [27/Oct/2020:00:40:13 -0700] "GET /buyBook HTTP/1.1" 200 5
0:0:0:0:0:0:0:1 - - [27/Oct/2020:00:40:15 -0700] "GET /buyBook HTTP/1.1" 200 5
0:0:0:0:0:0:0:1 - - [27/Oct/2020:00:41:18 -0700] "GET /buyBook HTTP/1.1" 302 -
0:0:0:0:0:0:0:1 - - [27/Oct/2020:00:41:18 -0700] "GET /login HTTP/1.1" 200 1657
0:0:0:0:0:0:0:1 - - [27/Oct/2020:00:41:20 -0700] "GET /signup HTTP/1.1" 200 4862
0:0:0:0:0:0:0:1 - - [27/Oct/2020:00:41:20 -0700] "GET /js/pwstrength.js HTTP/1.1" 200 -
0:0:0:0:0:0:0:1 - - [27/Oct/2020:00:41:20 -0700] "GET /js/jquery-1.7.2.js HTTP/1.1" 200 293292
0:0:0:0:0:0:0:1 - - [27/Oct/2020:00:41:28 -0700] "POST /signup HTTP/1.1" 500 16967
0:0:0:0:0:0:0:1 - - [27/Oct/2020:00:41:48 -0700] "GET /signup HTTP/1.1" 200 4862
0:0:0:0:0:0:0:1 - - [27/Oct/2020:00:41:48 -0700] "GET /js/pwstrength.js HTTP/1.1" 200 -
0:0:0:0:0:0:0:1 - - [27/Oct/2020:00:41:48 -0700] "GET /js/jquery-1.7.2.js HTTP/1.1" 200 293292
0:0:0:0:0:0:0:1 - - [27/Oct/2020:00:41:53 -0700] "POST /signup HTTP/1.1" 500 16967
0:0:0:0:0:0:0:1 - - [27/Oct/2020:00:42:40 -0700] "GET /signup HTTP/1.1" 200 4862
0:0:0:0:0:0:0:1 - - [27/Oct/2020:00:42:41 -0700] "GET /js/pwstrength.js HTTP/1.1" 200 -
0:0:0:0:0:0:0:1 - - [27/Oct/2020:00:42:41 -0700] "GET /js/jquery-1.7.2.js HTTP/1.1" 200 293292
0:0:0:0:0:0:0:1 - - [27/Oct/2020:00:42:51 -0700] "POST /signup HTTP/1.1" 302 -
0:0:0:0:0:0:0:1 - - [27/Oct/2020:00:42:51 -0700] "GET /login HTTP/1.1" 200 1740
0:0:0:0:0:0:0:1 - - [27/Oct/2020:00:42:56 -0700] "GET /registrationConfirm?token=867ef936-aad5-41f7-aeea-d31cee8772e0 HTTP/1.1" 302 -
0:0:0:0:0:0:0:1 - - [27/Oct/2020:00:42:56 -0700] "GET /login HTTP/1.1" 200 1730
0:0:0:0:0:0:0:1 - - [27/Oct/2020:00:43:00 -0700] "POST /doLogin HTTP/1.1" 302 -
0:0:0:0:0:0:0:1 - - [27/Oct/2020:00:43:00 -0700] "GET /loginSuccessful HTTP/1.1" 200 650
0:0:0:0:0:0:0:1 - - [27/Oct/2020:00:43:03 -0700] "GET /buyBook HTTP/1.1" 200 5
0:0:0:0:0:0:0:1 - - [27/Oct/2020:00:43:04 -0700] "GET /buyBook HTTP/1.1" 200 5
0:0:0:0:0:0:0:1 - - [27/Oct/2020:14:46:03 -0700] "GET /buyBook HTTP/1.1" 302 -
0:0:0:0:0:0:0:1 - - [27/Oct/2020:14:46:03 -0700] "GET /login HTTP/1.1" 200 1657
0:0:0:0:0:0:0:1 - - [27/Oct/2020:14:46:08 -0700] "POST /doLogin HTTP/1.1" 302 -
0:0:0:0:0:0:0:1 - - [27/Oct/2020:14:46:08 -0700] "GET /loginSuccessful HTTP/1.1" 200 650
0:0:0:0:0:0:0:1 - - [27/Oct/2020:14:46:10 -0700] "GET /buyBook HTTP/1.1" 200 72019
0:0:0:0:0:0:0:1 - - [27/Oct/2020:14:46:10 -0700] "GET /buyBook HTTP/1.1" 200 72020
0:0:0:0:0:0:0:1 - - [27/Oct/2020:14:49:03 -0700] "GET /buyBook HTTP/1.1" 200 72020
0:0:0:0:0:0:0:1 - - [27/Oct/2020:14:54:51 -0700] "GET /buyBook HTTP/1.1" 200 64036
0:0:0:0:0:0:0:1 - - [27/Oct/2020:15:10:41 -0700] "GET /buyBook HTTP/1.1" 200 72020
0:0:0:0:0:0:0:1 - - [27/Oct/2020:15:12:18 -0700] "GET /buyBook HTTP/1.1" 200 72020
0:0:0:0:0:0:0:1 - - [27/Oct/2020:15:13:24 -0700] "GET /buyBook HTTP/1.1" 200 72020
0:0:0:0:0:0:0:1 - - [27/Oct/2020:15:14:22 -0700] "GET /buyBook HTTP/1.1" 200 72020
0:0:0:0:0:0:0:1 - - [27/Oct/2020:16:21:56 -0700] "GET /buyBook HTTP/1.1" 302 -
0:0:0:0:0:0:0:1 - - [27/Oct/2020:16:21:56 -0700] "GET /login HTTP/1.1" 200 1657
0:0:0:0:0:0:0:1 - - [27/Oct/2020:16:22:00 -0700] "POST /doLogin HTTP/1.1" 302 -
0:0:0:0:0:0:0:1 - - [27/Oct/2020:16:22:00 -0700] "GET /loginSuccessful HTTP/1.1" 200 650
0:0:0:0:0:0:0:1 - - [27/Oct/2020:16:22:01 -0700] "GET /buyBook HTTP/1.1" 200 72020
0:0:0:0:0:0:0:1 - - [27/Oct/2020:16:22:01 -0700] "GET /buyBook HTTP/1.1" 200 72020
0:0:0:0:0:0:0:1 - - [27/Oct/2020:16:22:23 -0700] "GET /buyBook HTTP/1.1" 200 72020
0:0:0:0:0:0:0:1 - - [27/Oct/2020:16:25:29 -0700] "GET /loginSuccessful HTTP/1.1" 200 650
0:0:0:0:0:0:0:1 - - [27/Oct/2020:16:25:32 -0700] "GET /loginSuccessful HTTP/1.1" 200 650
0:0:0:0:0:0:0:1 - - [27/Oct/2020:16:25:33 -0700] "GET /searchBook HTTP/1.1" 200 678
0:0:0:0:0:0:0:1 - - [27/Oct/2020:16:25:35 -0700] "GET /searchBookByTitleOrAuthor?argument=Java HTTP/1.1" 200 64024
0:0:0:0:0:0:0:1 - - [27/Oct/2020:16:26:31 -0700] "GET /getBook HTTP/1.1" 200 295
0:0:0:0:0:0:0:1 - - [27/Oct/2020:16:26:32 -0700] "GET /getBook HTTP/1.1" 200 295
0:0:0:0:0:0:0:1 - - [27/Oct/2020:16:29:03 -0700] "GET /getBook HTTP/1.1" 200 64038
0:0:0:0:0:0:0:1 - - [27/Oct/2020:16:30:35 -0700] "GET /getBook HTTP/1.1" 200 295
0:0:0:0:0:0:0:1 - - [27/Oct/2020:16:32:00 -0700] "GET /searchBookByTitleOrAuthor?argument=Java HTTP/1.1" 200 455
0:0:0:0:0:0:0:1 - - [27/Oct/2020:16:32:00 -0700] "GET /searchBook HTTP/1.1" 200 678
0:0:0:0:0:0:0:1 - - [27/Oct/2020:16:32:01 -0700] "GET /loginSuccessful HTTP/1.1" 200 650
0:0:0:0:0:0:0:1 - - [27/Oct/2020:16:32:02 -0700] "GET /loginSuccessful HTTP/1.1" 200 650
0:0:0:0:0:0:0:1 - - [27/Oct/2020:16:32:03 -0700] "GET /searchBook HTTP/1.1" 200 678
0:0:0:0:0:0:0:1 - - [27/Oct/2020:16:32:04 -0700] "GET /searchBookByTitleOrAuthor?argument=Java HTTP/1.1" 200 455
0:0:0:0:0:0:0:1 - - [27/Oct/2020:16:33:47 -0700] "GET /buyBook HTTP/1.1" 200 72020
0:0:0:0:0:0:0:1 - - [27/Oct/2020:16:33:47 -0700] "GET /buyBook HTTP/1.1" 200 72020
0:0:0:0:0:0:0:1 - - [27/Oct/2020:16:34:37 -0700] "GET /buyBook HTTP/1.1" 200 436
0:0:0:0:0:0:0:1 - - [27/Oct/2020:17:32:13 -0700] "GET /buyBook HTTP/1.1" 302 -
0:0:0:0:0:0:0:1 - - [27/Oct/2020:17:32:14 -0700] "GET /login HTTP/1.1" 200 1657
0:0:0:0:0:0:0:1 - - [27/Oct/2020:17:32:17 -0700] "POST /doLogin HTTP/1.1" 302 -
0:0:0:0:0:0:0:1 - - [27/Oct/2020:17:32:17 -0700] "GET /loginSuccessful HTTP/1.1" 200 650
0:0:0:0:0:0:0:1 - - [27/Oct/2020:17:32:19 -0700] "GET /buyBook HTTP/1.1" 200 436
0:0:0:0:0:0:0:1 - - [27/Oct/2020:17:32:20 -0700] "GET /buyBook HTTP/1.1" 200 436
0:0:0:0:0:0:0:1 - - [27/Oct/2020:17:33:43 -0700] "GET /login HTTP/1.1" 200 1657
0:0:0:0:0:0:0:1 - - [27/Oct/2020:17:33:43 -0700] "GET /login HTTP/1.1" 200 1657
0:0:0:0:0:0:0:1 - - [27/Oct/2020:17:33:47 -0700] "POST /doLogin HTTP/1.1" 302 -
0:0:0:0:0:0:0:1 - - [27/Oct/2020:17:33:47 -0700] "GET /loginSuccessful HTTP/1.1" 200 650
0:0:0:0:0:0:0:1 - - [27/Oct/2020:17:33:54 -0700] "GET /buyBook HTTP/1.1" 200 436
0:0:0:0:0:0:0:1 - - [27/Oct/2020:17:34:57 -0700] "GET /buyBook HTTP/1.1" 200 436
0:0:0:0:0:0:0:1 - - [27/Oct/2020:17:36:34 -0700] "GET /buyBook HTTP/1.1" 200 32017
0:0:0:0:0:0:0:1 - - [27/Oct/2020:17:37:54 -0700] "GET /login HTTP/1.1" 200 1657
0:0:0:0:0:0:0:1 - - [27/Oct/2020:17:37:58 -0700] "POST /doLogin HTTP/1.1" 302 -
0:0:0:0:0:0:0:1 - - [27/Oct/2020:17:37:58 -0700] "GET /loginFailed HTTP/1.1" 302 -
0:0:0:0:0:0:0:1 - - [27/Oct/2020:17:37:58 -0700] "GET /login HTTP/1.1" 200 1657
0:0:0:0:0:0:0:1 - - [27/Oct/2020:17:37:59 -0700] "GET /signup HTTP/1.1" 200 4862
0:0:0:0:0:0:0:1 - - [27/Oct/2020:17:37:59 -0700] "GET /js/pwstrength.js HTTP/1.1" 200 -
0:0:0:0:0:0:0:1 - - [27/Oct/2020:17:37:59 -0700] "GET /js/jquery-1.7.2.js HTTP/1.1" 200 293292
0:0:0:0:0:0:0:1 - - [27/Oct/2020:17:38:21 -0700] "POST /signup HTTP/1.1" 302 -
0:0:0:0:0:0:0:1 - - [27/Oct/2020:17:38:21 -0700] "GET /login HTTP/1.1" 200 1740
0:0:0:0:0:0:0:1 - - [27/Oct/2020:17:38:28 -0700] "GET /registrationConfirm?token=1c39ba61-cb36-4051-90a8-9d5112f174a4 HTTP/1.1" 302 -
0:0:0:0:0:0:0:1 - - [27/Oct/2020:17:38:28 -0700] "GET /login HTTP/1.1" 200 1730
0:0:0:0:0:0:0:1 - - [27/Oct/2020:17:38:34 -0700] "POST /doLogin HTTP/1.1" 302 -
0:0:0:0:0:0:0:1 - - [27/Oct/2020:17:38:34 -0700] "GET /loginSuccessful HTTP/1.1" 200 650
0:0:0:0:0:0:0:1 - - [27/Oct/2020:17:38:35 -0700] "GET /searchBook HTTP/1.1" 200 678
0:0:0:0:0:0:0:1 - - [27/Oct/2020:17:38:39 -0700] "GET /buyBook HTTP/1.1" 200 329
0:0:0:0:0:0:0:1 - - [27/Oct/2020:17:38:41 -0700] "GET /buyBook HTTP/1.1" 200 329
0:0:0:0:0:0:0:1 - - [27/Oct/2020:19:07:15 -0700] "GET /buyBook HTTP/1.1" 302 -
0:0:0:0:0:0:0:1 - - [27/Oct/2020:19:07:16 -0700] "GET /login HTTP/1.1" 200 1657
0:0:0:0:0:0:0:1 - - [27/Oct/2020:19:07:19 -0700] "POST /doLogin HTTP/1.1" 302 -
0:0:0:0:0:0:0:1 - - [27/Oct/2020:19:07:19 -0700] "GET /loginSuccessful HTTP/1.1" 200 650
0:0:0:0:0:0:0:1 - - [27/Oct/2020:19:07:21 -0700] "GET /buyBook HTTP/1.1" 200 329
0:0:0:0:0:0:0:1 - - [27/Oct/2020:19:07:21 -0700] "GET /buyBook HTTP/1.1" 200 332
0:0:0:0:0:0:0:1 - - [27/Oct/2020:19:07:42 -0700] "GET /buyBook HTTP/1.1" 500 19328
0:0:0:0:0:0:0:1 - - [27/Oct/2020:19:09:10 -0700] "GET /buyBook HTTP/1.1" 500 15089
0:0:0:0:0:0:0:1 - - [27/Oct/2020:19:13:59 -0700] "GET /buyBook HTTP/1.1" 200 332
0:0:0:0:0:0:0:1 - - [27/Oct/2020:19:32:49 -0700] "GET /buyBook HTTP/1.1" 302 -
0:0:0:0:0:0:0:1 - - [27/Oct/2020:19:32:49 -0700] "GET /login HTTP/1.1" 200 1657
0:0:0:0:0:0:0:1 - - [27/Oct/2020:19:32:50 -0700] "GET /favicon.ico HTTP/1.1" 302 -
0:0:0:0:0:0:0:1 - - [27/Oct/2020:19:32:50 -0700] "GET /login HTTP/1.1" 200 1657
0:0:0:0:0:0:0:1 - - [27/Oct/2020:19:32:55 -0700] "POST /doLogin HTTP/1.1" 302 -
0:0:0:0:0:0:0:1 - - [27/Oct/2020:19:32:55 -0700] "GET /loginFailed HTTP/1.1" 302 -
0:0:0:0:0:0:0:1 - - [27/Oct/2020:19:32:55 -0700] "GET /login HTTP/1.1" 200 1657
0:0:0:0:0:0:0:1 - - [27/Oct/2020:19:32:55 -0700] "GET /favicon.ico HTTP/1.1" 302 -
0:0:0:0:0:0:0:1 - - [27/Oct/2020:19:32:55 -0700] "GET /login HTTP/1.1" 200 1657
0:0:0:0:0:0:0:1 - - [27/Oct/2020:19:32:56 -0700] "GET /signup HTTP/1.1" 200 4862
0:0:0:0:0:0:0:1 - - [27/Oct/2020:19:32:56 -0700] "GET /js/pwstrength.js HTTP/1.1" 200 -
0:0:0:0:0:0:0:1 - - [27/Oct/2020:19:32:56 -0700] "GET /js/jquery-1.7.2.js HTTP/1.1" 200 293292
0:0:0:0:0:0:0:1 - - [27/Oct/2020:19:32:57 -0700] "GET /favicon.ico HTTP/1.1" 302 -
0:0:0:0:0:0:0:1 - - [27/Oct/2020:19:32:57 -0700] "GET /login HTTP/1.1" 200 1657
0:0:0:0:0:0:0:1 - - [27/Oct/2020:19:33:07 -0700] "POST /signup HTTP/1.1" 302 -
0:0:0:0:0:0:0:1 - - [27/Oct/2020:19:33:07 -0700] "GET /login HTTP/1.1" 200 1740
0:0:0:0:0:0:0:1 - - [27/Oct/2020:19:33:07 -0700] "GET /favicon.ico HTTP/1.1" 302 -
0:0:0:0:0:0:0:1 - - [27/Oct/2020:19:33:07 -0700] "GET /login HTTP/1.1" 200 1657
0:0:0:0:0:0:0:1 - - [27/Oct/2020:19:33:29 -0700] "GET /registrationConfirm?token=3442c137-b0f1-436b-85bc-defb2673da63 HTTP/1.1" 302 -
0:0:0:0:0:0:0:1 - - [27/Oct/2020:19:33:29 -0700] "GET /login HTTP/1.1" 200 1730
0:0:0:0:0:0:0:1 - - [27/Oct/2020:19:33:30 -0700] "GET /favicon.ico HTTP/1.1" 302 -
0:0:0:0:0:0:0:1 - - [27/Oct/2020:19:33:30 -0700] "GET /login HTTP/1.1" 200 1657
0:0:0:0:0:0:0:1 - - [27/Oct/2020:19:33:33 -0700] "POST /doLogin HTTP/1.1" 302 -
0:0:0:0:0:0:0:1 - - [27/Oct/2020:19:33:33 -0700] "GET /loginSuccessful HTTP/1.1" 200 650
0:0:0:0:0:0:0:1 - - [27/Oct/2020:19:33:33 -0700] "GET /favicon.ico HTTP/1.1" 200 1150
0:0:0:0:0:0:0:1 - - [27/Oct/2020:19:33:34 -0700] "GET /searchBook HTTP/1.1" 200 678
0:0:0:0:0:0:0:1 - - [27/Oct/2020:19:33:37 -0700] "GET /searchBookByTitleOrAuthor?argument=Java HTTP/1.1" 200 455
0:0:0:0:0:0:0:1 - - [27/Oct/2020:19:33:41 -0700] "GET /buyBook HTTP/1.1" 200 329
0:0:0:0:0:0:0:1 - - [27/Oct/2020:19:33:42 -0700] "GET /buyBook HTTP/1.1" 200 329
0:0:0:0:0:0:0:1 - - [27/Oct/2020:19:37:11 -0700] "GET /searchBookByTitleOrAuthor?argument=Java HTTP/1.1" 200 455
0:0:0:0:0:0:0:1 - - [27/Oct/2020:19:37:12 -0700] "GET /searchBook HTTP/1.1" 200 678
0:0:0:0:0:0:0:1 - - [27/Oct/2020:22:55:32 -0700] "GET /login HTTP/1.1" 200 1657
0:0:0:0:0:0:0:1 - - [27/Oct/2020:22:55:34 -0700] "GET /signup HTTP/1.1" 200 4862
0:0:0:0:0:0:0:1 - - [27/Oct/2020:22:55:34 -0700] "GET /js/pwstrength.js HTTP/1.1" 200 -
0:0:0:0:0:0:0:1 - - [27/Oct/2020:22:55:34 -0700] "GET /js/jquery-1.7.2.js HTTP/1.1" 200 293292
0:0:0:0:0:0:0:1 - - [27/Oct/2020:22:55:49 -0700] "POST /signup HTTP/1.1" 302 -
0:0:0:0:0:0:0:1 - - [27/Oct/2020:22:55:49 -0700] "GET /login HTTP/1.1" 200 1740
0:0:0:0:0:0:0:1 - - [27/Oct/2020:22:55:54 -0700] "GET /registrationConfirm?token=a8e78ed1-6d66-4c0f-8d2b-9a6a2c68fbdc HTTP/1.1" 302 -
0:0:0:0:0:0:0:1 - - [27/Oct/2020:22:55:54 -0700] "GET /login HTTP/1.1" 200 1730
0:0:0:0:0:0:0:1 - - [27/Oct/2020:22:56:02 -0700] "POST /doLogin HTTP/1.1" 302 -
0:0:0:0:0:0:0:1 - - [27/Oct/2020:22:56:02 -0700] "GET /loginSuccessful HTTP/1.1" 200 650
0:0:0:0:0:0:0:1 - - [27/Oct/2020:22:56:08 -0700] "GET /login HTTP/1.1" 200 1657
0:0:0:0:0:0:0:1 - - [27/Oct/2020:22:56:09 -0700] "GET /signup HTTP/1.1" 200 4862
0:0:0:0:0:0:0:1 - - [27/Oct/2020:22:56:09 -0700] "GET /js/jquery-1.7.2.js HTTP/1.1" 200 293292
0:0:0:0:0:0:0:1 - - [27/Oct/2020:22:56:09 -0700] "GET /js/pwstrength.js HTTP/1.1" 200 -
0:0:0:0:0:0:0:1 - - [27/Oct/2020:22:56:22 -0700] "POST /signup HTTP/1.1" 302 -
0:0:0:0:0:0:0:1 - - [27/Oct/2020:22:56:22 -0700] "GET /login HTTP/1.1" 200 1740
0:0:0:0:0:0:0:1 - - [27/Oct/2020:22:56:27 -0700] "GET /registrationConfirm?token=6d4d7002-e134-4de6-8580-cc55cacadf49 HTTP/1.1" 302 -
0:0:0:0:0:0:0:1 - - [27/Oct/2020:22:56:27 -0700] "GET /login HTTP/1.1" 200 1730
0:0:0:0:0:0:0:1 - - [27/Oct/2020:22:56:34 -0700] "GET /registrationConfirm?token=415cd7a2-6476-46b3-bac1-efe5097b9a00 HTTP/1.1" 302 -
0:0:0:0:0:0:0:1 - - [27/Oct/2020:22:56:34 -0700] "GET /login HTTP/1.1" 200 1730
0:0:0:0:0:0:0:1 - - [27/Oct/2020:23:12:07 -0700] "GET /login HTTP/1.1" 200 1657
0:0:0:0:0:0:0:1 - - [27/Oct/2020:23:12:08 -0700] "GET /signup HTTP/1.1" 200 4862
0:0:0:0:0:0:0:1 - - [27/Oct/2020:23:12:08 -0700] "GET /js/pwstrength.js HTTP/1.1" 200 -
0:0:0:0:0:0:0:1 - - [27/Oct/2020:23:12:08 -0700] "GET /js/jquery-1.7.2.js HTTP/1.1" 200 293292
0:0:0:0:0:0:0:1 - - [27/Oct/2020:23:12:32 -0700] "POST /signup HTTP/1.1" 302 -
0:0:0:0:0:0:0:1 - - [27/Oct/2020:23:12:32 -0700] "GET /login HTTP/1.1" 200 1740
0:0:0:0:0:0:0:1 - - [27/Oct/2020:23:12:55 -0700] "GET /signup HTTP/1.1" 200 4862
0:0:0:0:0:0:0:1 - - [27/Oct/2020:23:12:55 -0700] "GET /js/pwstrength.js HTTP/1.1" 200 -
0:0:0:0:0:0:0:1 - - [27/Oct/2020:23:12:55 -0700] "GET /js/jquery-1.7.2.js HTTP/1.1" 200 293292
0:0:0:0:0:0:0:1 - - [27/Oct/2020:23:13:05 -0700] "POST /signup HTTP/1.1" 302 -
0:0:0:0:0:0:0:1 - - [27/Oct/2020:23:13:05 -0700] "GET /login HTTP/1.1" 200 1740
0:0:0:0:0:0:0:1 - - [27/Oct/2020:23:13:07 -0700] "GET /registrationConfirm?token=40f03e61-a6e3-41d4-bb10-4eebe5948693 HTTP/1.1" 302 -
0:0:0:0:0:0:0:1 - - [27/Oct/2020:23:13:07 -0700] "GET /login HTTP/1.1" 200 1730
0:0:0:0:0:0:0:1 - - [27/Oct/2020:23:13:11 -0700] "GET /registrationConfirm?token=e6e0c62a-98d3-4b2f-9814-6cd308b40b8d HTTP/1.1" 302 -
0:0:0:0:0:0:0:1 - - [27/Oct/2020:23:13:11 -0700] "GET /login HTTP/1.1" 200 1730
0:0:0:0:0:0:0:1 - - [27/Oct/2020:23:13:21 -0700] "POST /doLogin HTTP/1.1" 302 -
0:0:0:0:0:0:0:1 - - [27/Oct/2020:23:13:21 -0700] "GET /loginSuccessful HTTP/1.1" 200 650
0:0:0:0:0:0:0:1 - - [27/Oct/2020:23:18:37 -0700] "GET /loginSuccessful HTTP/1.1" 200 650
0:0:0:0:0:0:0:1 - - [27/Oct/2020:23:18:49 -0700] "GET /login HTTP/1.1" 200 1657
0:0:0:0:0:0:0:1 - - [27/Oct/2020:23:18:49 -0700] "GET /login HTTP/1.1" 200 1657
0:0:0:0:0:0:0:1 - - [27/Oct/2020:23:18:53 -0700] "POST /doLogin HTTP/1.1" 302 -
0:0:0:0:0:0:0:1 - - [27/Oct/2020:23:18:53 -0700] "GET /loginFailed HTTP/1.1" 302 -
0:0:0:0:0:0:0:1 - - [27/Oct/2020:23:18:53 -0700] "GET /login HTTP/1.1" 200 1657
0:0:0:0:0:0:0:1 - - [27/Oct/2020:23:18:55 -0700] "GET /signup HTTP/1.1" 200 4862
0:0:0:0:0:0:0:1 - - [27/Oct/2020:23:18:55 -0700] "GET /js/pwstrength.js HTTP/1.1" 200 -
0:0:0:0:0:0:0:1 - - [27/Oct/2020:23:18:55 -0700] "GET /js/jquery-1.7.2.js HTTP/1.1" 200 293292
0:0:0:0:0:0:0:1 - - [27/Oct/2020:23:19:09 -0700] "POST /signup HTTP/1.1" 302 -
0:0:0:0:0:0:0:1 - - [27/Oct/2020:23:19:09 -0700] "GET /login HTTP/1.1" 200 1740
0:0:0:0:0:0:0:1 - - [27/Oct/2020:23:19:14 -0700] "GET /registrationConfirm?token=e233f50d-9b24-4bcf-8148-335fcc9a06a7 HTTP/1.1" 302 -
0:0:0:0:0:0:0:1 - - [27/Oct/2020:23:19:14 -0700] "GET /login HTTP/1.1" 200 1730
0:0:0:0:0:0:0:1 - - [27/Oct/2020:23:19:16 -0700] "GET /signup HTTP/1.1" 200 4862
0:0:0:0:0:0:0:1 - - [27/Oct/2020:23:19:16 -0700] "GET /js/pwstrength.js HTTP/1.1" 200 -
0:0:0:0:0:0:0:1 - - [27/Oct/2020:23:19:16 -0700] "GET /js/jquery-1.7.2.js HTTP/1.1" 200 293292
0:0:0:0:0:0:0:1 - - [27/Oct/2020:23:19:26 -0700] "POST /signup HTTP/1.1" 302 -
0:0:0:0:0:0:0:1 - - [27/Oct/2020:23:19:26 -0700] "GET /login HTTP/1.1" 200 1740
0:0:0:0:0:0:0:1 - - [27/Oct/2020:23:19:31 -0700] "GET /registrationConfirm?token=16108ece-993c-4f58-8ec8-2ff617d7d5ad HTTP/1.1" 302 -
0:0:0:0:0:0:0:1 - - [27/Oct/2020:23:19:31 -0700] "GET /login HTTP/1.1" 200 1730
0:0:0:0:0:0:0:1 - - [27/Oct/2020:23:43:30 -0700] "GET /login HTTP/1.1" 200 1657
0:0:0:0:0:0:0:1 - - [27/Oct/2020:23:43:34 -0700] "POST /doLogin HTTP/1.1" 302 -
0:0:0:0:0:0:0:1 - - [27/Oct/2020:23:43:34 -0700] "GET /loginSuccessful HTTP/1.1" 200 650
0:0:0:0:0:0:0:1 - - [27/Oct/2020:23:43:35 -0700] "GET /searchBook HTTP/1.1" 200 678
0:0:0:0:0:0:0:1 - - [27/Oct/2020:23:43:38 -0700] "GET /searchBookByTitleOrAuthor?argument=Java HTTP/1.1" 200 1919
0:0:0:0:0:0:0:1 - - [27/Oct/2020:23:43:39 -0700] "GET /searchBook HTTP/1.1" 200 678
0:0:0:0:0:0:0:1 - - [27/Oct/2020:23:43:40 -0700] "GET /searchBookByTitleOrAuthor?argument=Java HTTP/1.1" 200 1919
0:0:0:0:0:0:0:1 - - [27/Oct/2020:23:43:40 -0700] "GET /moreDetails?bookItem=1 HTTP/1.1" 200 2299
0:0:0:0:0:0:0:1 - - [27/Oct/2020:23:43:41 -0700] "GET /searchBookByTitleOrAuthor?argument=Java HTTP/1.1" 200 1919
0:0:0:0:0:0:0:1 - - [27/Oct/2020:23:43:44 -0700] "GET /searchBook HTTP/1.1" 200 678
0:0:0:0:0:0:0:1 - - [27/Oct/2020:23:43:48 -0700] "GET /searchBookByTitleOrAuthor?argument=Phan HTTP/1.1" 200 1919
0:0:0:0:0:0:0:1 - - [27/Oct/2020:23:43:49 -0700] "GET /searchBook HTTP/1.1" 200 678
0:0:0:0:0:0:0:1 - - [27/Oct/2020:23:43:54 -0700] "GET /searchBookByTitleOrAuthor?argument=Phu HTTP/1.1" 200 1367
0:0:0:0:0:0:0:1 - - [27/Oct/2020:23:44:02 -0700] "GET /searchBook HTTP/1.1" 200 678
0:0:0:0:0:0:0:1 - - [27/Oct/2020:23:44:08 -0700] "GET /searchBookByTitleOrAuthor?argument=Xu HTTP/1.1" 500 9087
0:0:0:0:0:0:0:1 - - [27/Oct/2020:23:44:15 -0700] "GET /searchBook HTTP/1.1" 200 678
0:0:0:0:0:0:0:1 - - [27/Oct/2020:23:44:19 -0700] "GET /searchBookByTitleOrAuthor?argument=Phu HTTP/1.1" 200 1367
0:0:0:0:0:0:0:1 - - [27/Oct/2020:23:44:20 -0700] "GET /searchBook HTTP/1.1" 200 678
0:0:0:0:0:0:0:1 - - [27/Oct/2020:23:45:18 -0700] "GET /searchBook HTTP/1.1" 200 678
0:0:0:0:0:0:0:1 - - [27/Oct/2020:23:45:20 -0700] "GET /searchBookByTitleOrAuthor?argument=xu HTTP/1.1" 500 9435
0:0:0:0:0:0:0:1 - - [27/Oct/2020:23:46:23 -0700] "GET /login HTTP/1.1" 200 1657
0:0:0:0:0:0:0:1 - - [27/Oct/2020:23:46:26 -0700] "POST /doLogin HTTP/1.1" 302 -
0:0:0:0:0:0:0:1 - - [27/Oct/2020:23:46:26 -0700] "GET /loginSuccessful HTTP/1.1" 200 650
0:0:0:0:0:0:0:1 - - [27/Oct/2020:23:46:27 -0700] "GET /searchBook HTTP/1.1" 200 678
0:0:0:0:0:0:0:1 - - [27/Oct/2020:23:46:30 -0700] "GET /searchBookByTitleOrAuthor?argument=w HTTP/1.1" 302 -
0:0:0:0:0:0:0:1 - - [27/Oct/2020:23:46:30 -0700] "GET /searchBook HTTP/1.1" 200 760
0:0:0:0:0:0:0:1 - - [27/Oct/2020:23:46:33 -0700] "GET /searchBookByTitleOrAuthor?argument=xu HTTP/1.1" 302 -
0:0:0:0:0:0:0:1 - - [27/Oct/2020:23:46:33 -0700] "GET /searchBook HTTP/1.1" 200 760
0:0:0:0:0:0:0:1 - - [27/Oct/2020:23:47:12 -0700] "GET /searchBook HTTP/1.1" 200 678
0:0:0:0:0:0:0:1 - - [27/Oct/2020:23:47:13 -0700] "GET /searchBook HTTP/1.1" 200 678
0:0:0:0:0:0:0:1 - - [27/Oct/2020:23:47:14 -0700] "GET /loginSuccessful HTTP/1.1" 200 650
0:0:0:0:0:0:0:1 - - [27/Oct/2020:23:47:15 -0700] "GET /searchCourses HTTP/1.1" 200 549
0:0:0:0:0:0:0:1 - - [27/Oct/2020:23:47:18 -0700] "GET /searchCoursesByTitle?title=COMSC-75 HTTP/1.1" 302 -
0:0:0:0:0:0:0:1 - - [27/Oct/2020:23:47:18 -0700] "GET /searchCourses HTTP/1.1" 200 634
0:0:0:0:0:0:0:1 - - [27/Oct/2020:23:49:37 -0700] "GET /searchCourses HTTP/1.1" 200 549
0:0:0:0:0:0:0:1 - - [27/Oct/2020:23:49:40 -0700] "GET /searchCoursesByTitle?title=COMSC_75 HTTP/1.1" 500 13697
0:0:0:0:0:0:0:1 - - [27/Oct/2020:23:50:17 -0700] "GET /login HTTP/1.1" 200 1657
0:0:0:0:0:0:0:1 - - [27/Oct/2020:23:50:17 -0700] "GET /login HTTP/1.1" 200 1657
0:0:0:0:0:0:0:1 - - [27/Oct/2020:23:50:20 -0700] "POST /doLogin HTTP/1.1" 302 -
0:0:0:0:0:0:0:1 - - [27/Oct/2020:23:50:20 -0700] "GET /loginSuccessful HTTP/1.1" 200 650
0:0:0:0:0:0:0:1 - - [27/Oct/2020:23:50:27 -0700] "GET /searchCourses HTTP/1.1" 200 549
0:0:0:0:0:0:0:1 - - [27/Oct/2020:23:50:39 -0700] "GET /searchCoursesByTitle?title=COMSC_75 HTTP/1.1" 500 13697
0:0:0:0:0:0:0:1 - - [27/Oct/2020:23:52:28 -0700] "GET /searchCoursesByTitle?title=COMSC_75 HTTP/1.1" 200 1668
0:0:0:0:0:0:0:1 - - [27/Oct/2020:23:52:45 -0700] "POST /registerForClassess HTTP/1.1" 302 -
0:0:0:0:0:0:0:1 - - [27/Oct/2020:23:52:45 -0700] "GET /loginSuccessful HTTP/1.1" 200 650
0:0:0:0:0:0:0:1 - - [27/Oct/2020:23:54:54 -0700] "GET /dropClasses HTTP/1.1" 302 -
0:0:0:0:0:0:0:1 - - [27/Oct/2020:23:54:54 -0700] "GET /loginSuccessful?error=You+have+no+class+to+drop HTTP/1.1" 200 650
0:0:0:0:0:0:0:1 - - [27/Oct/2020:23:54:57 -0700] "GET /dropClasses HTTP/1.1" 302 -
0:0:0:0:0:0:0:1 - - [27/Oct/2020:23:54:57 -0700] "GET /loginSuccessful?error=You+have+no+class+to+drop HTTP/1.1" 200 650
0:0:0:0:0:0:0:1 - - [27/Oct/2020:23:55:01 -0700] "GET /getAllRequiredBooks HTTP/1.1" 302 -
0:0:0:0:0:0:0:1 - - [27/Oct/2020:23:55:01 -0700] "GET /loginSuccessful HTTP/1.1" 200 719
0:0:0:0:0:0:0:1 - - [27/Oct/2020:23:55:17 -0700] "GET /searchCourses HTTP/1.1" 200 549
0:0:0:0:0:0:0:1 - - [27/Oct/2020:23:55:19 -0700] "GET /searchCoursesByTitle?title=COMSC_75 HTTP/1.1" 200 1668
0:0:0:0:0:0:0:1 - - [27/Oct/2020:23:55:21 -0700] "POST /registerForClassess HTTP/1.1" 302 -
0:0:0:0:0:0:0:1 - - [27/Oct/2020:23:55:21 -0700] "GET /loginSuccessful HTTP/1.1" 200 650
0:0:0:0:0:0:0:1 - - [27/Oct/2020:23:55:39 -0700] "GET /login HTTP/1.1" 200 1657
0:0:0:0:0:0:0:1 - - [27/Oct/2020:23:55:39 -0700] "GET /login HTTP/1.1" 200 1657
0:0:0:0:0:0:0:1 - - [27/Oct/2020:23:55:43 -0700] "POST /doLogin HTTP/1.1" 302 -
0:0:0:0:0:0:0:1 - - [27/Oct/2020:23:55:43 -0700] "GET /loginSuccessful HTTP/1.1" 200 650
0:0:0:0:0:0:0:1 - - [27/Oct/2020:23:55:44 -0700] "GET /searchCourses HTTP/1.1" 200 549
0:0:0:0:0:0:0:1 - - [27/Oct/2020:23:55:46 -0700] "GET /searchCoursesByTitle?title=COMSC_75 HTTP/1.1" 200 1668
0:0:0:0:0:0:0:1 - - [27/Oct/2020:23:55:54 -0700] "POST /registerForClassess HTTP/1.1" 302 -
0:0:0:0:0:0:0:1 - - [27/Oct/2020:23:55:54 -0700] "GET /loginSuccessful HTTP/1.1" 200 650
